Author
3      0.474526
10     0.808804
8      8.710684
0     10.566368
1     12.716695
7     13.038098
2     14.329045
5     28.048008
6     39.847634
4     73.909855
9     99.832125
Name: Score, dtype: float64

Results have been saved to 'pagerank_results_balanced.csv'
Combined Results:
                                          Subcategory  \
0                                     Topic Relevance   
1                    Comprehensiveness of Information   
2                             Accuracy of Information   
3                        Innovativeness of Viewpoints   
4       Integration of Interdisciplinary Perspectives   
5                        Clarity of Logical Structure   
6               Reasonableness of Chapter Arrangement   
7              Quality of Introduction and Conclusion   
8              Accuracy and Completeness of Citations   
9              Timeliness and Relevance of References   
10   Avoidance of Plagiarism and Appropriate Citation   
11             Critical Analysis of Existing Research   
12   Proposal of New Research Directions or Questions   
13                Potential Contribution to the Field   
14             Clarity of Research Method Description   
15                    Rationality of Method Selection   
16                           Rigor of Research Design   
17               Inclusion of Latest Research Results   
18            Reflection of Current Research Hotspots   
19                     Fluency of Language Expression   
20    Appropriateness of Professional Terminology Use   
21                          Conciseness of Expression   
22  Practical Application Potential of Research Re...   
23                Feasibility of Proposed Suggestions   
24                             Logic of Argumentation   
25                   Multi-angle Analysis of Problems   
26  Identification and Discussion of Research Limi...   

    ICC (Intraclass Correlation Coefficient) ICC 95% Confidence Interval  \
0                                   0.451542                [0.35, 0.57]   
1                                   0.779200                [0.71, 0.85]   
2                                   0.326918                [0.23, 0.45]   
3                                   0.540239                [0.44, 0.65]   
4                                   0.739848                [0.66, 0.82]   
5                                   0.699830                [0.61, 0.78]   
6                                   0.679486                [0.59, 0.77]   
7                                   0.490912                [0.39, 0.61]   
8                                   0.639879                [0.55, 0.74]   
9                                   0.660752                [0.57, 0.75]   
10                                  0.291259                 [0.2, 0.41]   
11                                  0.644271                [0.55, 0.74]   
12                                  0.463788                [0.36, 0.58]   
13                                  0.640889                [0.55, 0.74]   
14                                  0.603606                [0.51, 0.71]   
15                                  0.590947                 [0.49, 0.7]   
16                                  0.557337                [0.46, 0.67]   
17                                  0.658594                [0.57, 0.75]   
18                                  0.644993                [0.55, 0.74]   
19                                  0.525411                [0.42, 0.64]   
20                                  0.582930                [0.48, 0.69]   
21                                  0.500155                 [0.4, 0.61]   
22                                  0.632474                [0.54, 0.73]   
23                                  0.543499                [0.44, 0.65]   
24                                  0.621985                [0.53, 0.72]   
25                                  0.663533                [0.57, 0.76]   
26                                  0.548812                [0.45, 0.66]   

    Transitivity Consistency Ratio (%)  
0                            76.969697  
1                            78.181818  
2                            85.454545  
3                            73.939394  
4                            78.181818  
5                            75.757576  
6                            76.969697  
7                            73.333333  
8                            81.818182  
9                            78.181818  
10                           83.030303  
11                           75.151515  
12                           76.363636  
13                           75.151515  
14                           76.969697  
15                           75.757576  
16                           76.969697  
17                           78.181818  
18                           80.000000  
19                           74.545455  
20                           74.545455  
21                           71.515152  
22                           77.575758  
23                           76.969697  
24                           79.393939  
25                           76.363636  
26                           75.151515  

Results have been saved to 'reliability_analysis.csv'
Author
10     0.458852
3      0.622656
8      6.931540
1     11.720094
0     12.371502
7     13.528474
2     14.303259
5     29.903774
6     44.285964
4     74.619354
9     99.839499
Name: Score, dtype: float64

Results have been saved to 'pagerank_results_balanced.csv'
Combined Results:
                                          Subcategory  \
0                                     Topic Relevance   
1                    Comprehensiveness of Information   
2                             Accuracy of Information   
3                        Innovativeness of Viewpoints   
4       Integration of Interdisciplinary Perspectives   
5                        Clarity of Logical Structure   
6               Reasonableness of Chapter Arrangement   
7              Quality of Introduction and Conclusion   
8              Accuracy and Completeness of Citations   
9              Timeliness and Relevance of References   
10   Avoidance of Plagiarism and Appropriate Citation   
11             Critical Analysis of Existing Research   
12   Proposal of New Research Directions or Questions   
13                Potential Contribution to the Field   
14             Clarity of Research Method Description   
15                    Rationality of Method Selection   
16                           Rigor of Research Design   
17               Inclusion of Latest Research Results   
18            Reflection of Current Research Hotspots   
19                     Fluency of Language Expression   
20    Appropriateness of Professional Terminology Use   
21                          Conciseness of Expression   
22  Practical Application Potential of Research Re...   
23                Feasibility of Proposed Suggestions   
24                             Logic of Argumentation   
25                   Multi-angle Analysis of Problems   
26  Identification and Discussion of Research Limi...   

    ICC (Intraclass Correlation Coefficient) ICC 95% Confidence Interval  \
0                                   0.451542                [0.35, 0.57]   
1                                   0.779200                [0.71, 0.85]   
2                                   0.326918                [0.23, 0.45]   
3                                   0.540239                [0.44, 0.65]   
4                                   0.739848                [0.66, 0.82]   
5                                   0.699830                [0.61, 0.78]   
6                                   0.679486                [0.59, 0.77]   
7                                   0.490912                [0.39, 0.61]   
8                                   0.639879                [0.55, 0.74]   
9                                   0.660752                [0.57, 0.75]   
10                                  0.291259                 [0.2, 0.41]   
11                                  0.644271                [0.55, 0.74]   
12                                  0.463788                [0.36, 0.58]   
13                                  0.640889                [0.55, 0.74]   
14                                  0.603606                [0.51, 0.71]   
15                                  0.590947                 [0.49, 0.7]   
16                                  0.557337                [0.46, 0.67]   
17                                  0.658594                [0.57, 0.75]   
18                                  0.644993                [0.55, 0.74]   
19                                  0.525411                [0.42, 0.64]   
20                                  0.582930                [0.48, 0.69]   
21                                  0.500155                 [0.4, 0.61]   
22                                  0.632474                [0.54, 0.73]   
23                                  0.543499                [0.44, 0.65]   
24                                  0.621985                [0.53, 0.72]   
25                                  0.663533                [0.57, 0.76]   
26                                  0.548812                [0.45, 0.66]   

    Transitivity Consistency Ratio (%)  
0                            73.611111  
1                            78.181818  
2                            53.846154  
3                            73.939394  
4                            78.181818  
5                            75.757576  
6                            75.949367  
7                            72.151899  
8                            77.941176  
9                            78.181818  
10                           61.111111  
11                           75.151515  
12                           75.000000  
13                           75.151515  
14                           76.969697  
15                           75.757576  
16                           76.969697  
17                           78.181818  
18                           78.846154  
19                           74.545455  
20                           74.545455  
21                           71.515152  
22                           76.282051  
23                           75.641026  
24                           78.205128  
25                           76.363636  
26                           75.151515  

Results have been saved to 'reliability_analysis.csv'
Author
10     0.458852
3      0.622656
8      6.931540
1     11.720094
0     12.371502
7     13.528474
2     14.303259
5     29.903774
6     44.285964
4     74.619354
9     99.839499
Name: Score, dtype: float64

Results have been saved to 'pagerank_results_balanced.csv'
Combined Results:
                                          Subcategory  \
0                                     Topic Relevance   
1                    Comprehensiveness of Information   
2                             Accuracy of Information   
3                        Innovativeness of Viewpoints   
4       Integration of Interdisciplinary Perspectives   
5                        Clarity of Logical Structure   
6               Reasonableness of Chapter Arrangement   
7              Quality of Introduction and Conclusion   
8              Accuracy and Completeness of Citations   
9              Timeliness and Relevance of References   
10   Avoidance of Plagiarism and Appropriate Citation   
11             Critical Analysis of Existing Research   
12   Proposal of New Research Directions or Questions   
13                Potential Contribution to the Field   
14             Clarity of Research Method Description   
15                    Rationality of Method Selection   
16                           Rigor of Research Design   
17               Inclusion of Latest Research Results   
18            Reflection of Current Research Hotspots   
19                     Fluency of Language Expression   
20    Appropriateness of Professional Terminology Use   
21                          Conciseness of Expression   
22  Practical Application Potential of Research Re...   
23                Feasibility of Proposed Suggestions   
24                             Logic of Argumentation   
25                   Multi-angle Analysis of Problems   
26  Identification and Discussion of Research Limi...   

    ICC (Intraclass Correlation Coefficient) ICC 95% Confidence Interval  \
0                                   0.451542                [0.35, 0.57]   
1                                   0.779200                [0.71, 0.85]   
2                                   0.326918                [0.23, 0.45]   
3                                   0.540239                [0.44, 0.65]   
4                                   0.739848                [0.66, 0.82]   
5                                   0.699830                [0.61, 0.78]   
6                                   0.679486                [0.59, 0.77]   
7                                   0.490912                [0.39, 0.61]   
8                                   0.639879                [0.55, 0.74]   
9                                   0.660752                [0.57, 0.75]   
10                                  0.291259                 [0.2, 0.41]   
11                                  0.644271                [0.55, 0.74]   
12                                  0.463788                [0.36, 0.58]   
13                                  0.640889                [0.55, 0.74]   
14                                  0.603606                [0.51, 0.71]   
15                                  0.590947                 [0.49, 0.7]   
16                                  0.557337                [0.46, 0.67]   
17                                  0.658594                [0.57, 0.75]   
18                                  0.644993                [0.55, 0.74]   
19                                  0.525411                [0.42, 0.64]   
20                                  0.582930                [0.48, 0.69]   
21                                  0.500155                 [0.4, 0.61]   
22                                  0.632474                [0.54, 0.73]   
23                                  0.543499                [0.44, 0.65]   
24                                  0.621985                [0.53, 0.72]   
25                                  0.663533                [0.57, 0.76]   
26                                  0.548812                [0.45, 0.66]   

    Transitivity Consistency Ratio (%)  
0                            73.611111  
1                            78.181818  
2                            53.846154  
3                            73.939394  
4                            78.181818  
5                            75.757576  
6                            75.949367  
7                            72.151899  
8                            77.941176  
9                            78.181818  
10                           61.111111  
11                           75.151515  
12                           75.000000  
13                           75.151515  
14                           76.969697  
15                           75.757576  
16                           76.969697  
17                           78.181818  
18                           78.846154  
19                           74.545455  
20                           74.545455  
21                           71.515152  
22                           76.282051  
23                           75.641026  
24                           78.205128  
25                           76.363636  
26                           75.151515  

Results have been saved to 'reliability_analysis.csv'
