Author
7       0.859790
4       1.347537
2       1.675994
8       2.318137
0       3.590421
6       4.611227
5      10.357742
10     26.540374
1      33.102026
3      52.334640
9     100.000000
Name: Score, dtype: float64

Results have been saved to 'pagerank_results_balanced.csv'
Combined Results:
                                          Subcategory  \
0                                     Topic Relevance   
1                    Comprehensiveness of Information   
2                             Accuracy of Information   
3                        Innovativeness of Viewpoints   
4       Integration of Interdisciplinary Perspectives   
5                        Clarity of Logical Structure   
6               Reasonableness of Chapter Arrangement   
7              Quality of Introduction and Conclusion   
8              Accuracy and Completeness of Citations   
9              Timeliness and Relevance of References   
10   Avoidance of Plagiarism and Appropriate Citation   
11             Critical Analysis of Existing Research   
12   Proposal of New Research Directions or Questions   
13                Potential Contribution to the Field   
14             Clarity of Research Method Description   
15                    Rationality of Method Selection   
16                           Rigor of Research Design   
17               Inclusion of Latest Research Results   
18            Reflection of Current Research Hotspots   
19                     Fluency of Language Expression   
20    Appropriateness of Professional Terminology Use   
21                          Conciseness of Expression   
22  Practical Application Potential of Research Re...   
23                Feasibility of Proposed Suggestions   
24                             Logic of Argumentation   
25                   Multi-angle Analysis of Problems   
26  Identification and Discussion of Research Limi...   

    ICC (Intraclass Correlation Coefficient) ICC 95% Confidence Interval  \
0                                   0.517503                [0.42, 0.63]   
1                                   0.838028                [0.78, 0.89]   
2                                   0.357156                [0.26, 0.48]   
3                                   0.736533                [0.66, 0.81]   
4                                   0.829484                [0.77, 0.88]   
5                                   0.777305                 [0.7, 0.84]   
6                                   0.774548                 [0.7, 0.84]   
7                                   0.726097                [0.64, 0.81]   
8                                   0.535619                [0.43, 0.65]   
9                                   0.693857                 [0.6, 0.78]   
10                                  0.301533                [0.21, 0.42]   
11                                  0.722189                 [0.64, 0.8]   
12                                  0.636283                [0.54, 0.73]   
13                                  0.717583                 [0.63, 0.8]   
14                                  0.630218                [0.53, 0.73]   
15                                  0.636969                [0.54, 0.73]   
16                                  0.617711                [0.52, 0.72]   
17                                  0.706394                [0.62, 0.79]   
18                                  0.674195                [0.58, 0.77]   
19                                  0.687865                 [0.6, 0.78]   
20                                  0.599085                  [0.5, 0.7]   
21                                  0.649497                [0.56, 0.74]   
22                                  0.708442                [0.62, 0.79]   
23                                  0.579019                [0.48, 0.69]   
24                                  0.657771                [0.57, 0.75]   
25                                  0.688015                 [0.6, 0.78]   
26                                  0.668792                [0.58, 0.76]   

    Transitivity Consistency Ratio (%)  
0                            92.121212  
1                            70.909091  
2                            89.090909  
3                            72.727273  
4                            72.727273  
5                            72.727273  
6                            72.727273  
7                            75.757576  
8                            83.030303  
9                            69.696970  
10                           90.303030  
11                           72.121212  
12                           72.121212  
13                           72.121212  
14                           70.909091  
15                           70.909091  
16                           70.909091  
17                           69.696970  
18                           69.090909  
19                           72.727273  
20                           71.515152  
21                           72.121212  
22                           73.333333  
23                           75.151515  
24                           69.696970  
25                           69.090909  
26                           69.090909  

Results have been saved to 'reliability_analysis.csv'
Author
10      0.000000
7       6.812689
4       9.508685
8      11.748809
2      12.702501
0      16.191125
6      18.097596
5      33.620817
1      56.616028
3      71.477856
9     100.000000
Name: Score, dtype: float64

Results have been saved to 'pagerank_results_balanced.csv'
Combined Results:
                                          Subcategory  \
0                                     Topic Relevance   
1                    Comprehensiveness of Information   
2                             Accuracy of Information   
3                        Innovativeness of Viewpoints   
4       Integration of Interdisciplinary Perspectives   
5                        Clarity of Logical Structure   
6               Reasonableness of Chapter Arrangement   
7              Quality of Introduction and Conclusion   
8              Accuracy and Completeness of Citations   
9              Timeliness and Relevance of References   
10   Avoidance of Plagiarism and Appropriate Citation   
11             Critical Analysis of Existing Research   
12   Proposal of New Research Directions or Questions   
13                Potential Contribution to the Field   
14             Clarity of Research Method Description   
15                    Rationality of Method Selection   
16                           Rigor of Research Design   
17               Inclusion of Latest Research Results   
18            Reflection of Current Research Hotspots   
19                     Fluency of Language Expression   
20    Appropriateness of Professional Terminology Use   
21                          Conciseness of Expression   
22  Practical Application Potential of Research Re...   
23                Feasibility of Proposed Suggestions   
24                             Logic of Argumentation   
25                   Multi-angle Analysis of Problems   
26  Identification and Discussion of Research Limi...   

    ICC (Intraclass Correlation Coefficient) ICC 95% Confidence Interval  \
0                                   0.516390                [0.41, 0.63]   
1                                   0.862587                [0.81, 0.91]   
2                                   0.448146                [0.35, 0.57]   
3                                   0.784710                [0.71, 0.85]   
4                                   0.847840                 [0.79, 0.9]   
5                                   0.760232                [0.68, 0.83]   
6                                   0.767249                [0.69, 0.84]   
7                                   0.716226                 [0.63, 0.8]   
8                                   0.603343                [0.51, 0.71]   
9                                   0.790874                [0.72, 0.86]   
10                                  0.304970                [0.21, 0.42]   
11                                  0.767309                [0.69, 0.84]   
12                                  0.713717                 [0.63, 0.8]   
13                                  0.766187                [0.69, 0.84]   
14                                  0.717966                 [0.63, 0.8]   
15                                  0.726755                [0.64, 0.81]   
16                                  0.697530                [0.61, 0.78]   
17                                  0.790837                [0.72, 0.86]   
18                                  0.770430                [0.69, 0.84]   
19                                  0.669330                [0.58, 0.76]   
20                                  0.626066                [0.53, 0.72]   
21                                  0.645424                [0.55, 0.74]   
22                                  0.747973                [0.67, 0.82]   
23                                  0.720118                 [0.64, 0.8]   
24                                  0.742542                [0.66, 0.82]   
25                                  0.758140                [0.68, 0.83]   
26                                  0.726234                [0.64, 0.81]   

    Transitivity Consistency Ratio (%)  
0                            92.121212  
1                            71.515152  
2                            89.090909  
3                            74.545455  
4                            72.121212  
5                            76.363636  
6                            73.939394  
7                            76.363636  
8                            84.242424  
9                            71.515152  
10                           90.909091  
11                           74.545455  
12                           73.939394  
13                           73.939394  
14                           73.939394  
15                           73.939394  
16                           73.939394  
17                           71.515152  
18                           70.909091  
19                           73.939394  
20                           72.121212  
21                           73.939394  
22                           74.545455  
23                           74.545455  
24                           73.939394  
25                           71.515152  
26                           71.515152  

Results have been saved to 'reliability_analysis.csv'
Author
10      0.000000
7       6.812689
4       9.508685
8      11.748809
2      12.702501
0      16.191125
6      18.097596
5      33.620817
1      56.616028
3      71.477856
9     100.000000
Name: Score, dtype: float64

Results have been saved to 'pagerank_results_balanced.csv'
Combined Results:
                                          Subcategory  \
0                                     Topic Relevance   
1                    Comprehensiveness of Information   
2                             Accuracy of Information   
3                        Innovativeness of Viewpoints   
4       Integration of Interdisciplinary Perspectives   
5                        Clarity of Logical Structure   
6               Reasonableness of Chapter Arrangement   
7              Quality of Introduction and Conclusion   
8              Accuracy and Completeness of Citations   
9              Timeliness and Relevance of References   
10   Avoidance of Plagiarism and Appropriate Citation   
11             Critical Analysis of Existing Research   
12   Proposal of New Research Directions or Questions   
13                Potential Contribution to the Field   
14             Clarity of Research Method Description   
15                    Rationality of Method Selection   
16                           Rigor of Research Design   
17               Inclusion of Latest Research Results   
18            Reflection of Current Research Hotspots   
19                     Fluency of Language Expression   
20    Appropriateness of Professional Terminology Use   
21                          Conciseness of Expression   
22  Practical Application Potential of Research Re...   
23                Feasibility of Proposed Suggestions   
24                             Logic of Argumentation   
25                   Multi-angle Analysis of Problems   
26  Identification and Discussion of Research Limi...   

    ICC (Intraclass Correlation Coefficient) ICC 95% Confidence Interval  \
0                                   0.516390                [0.41, 0.63]   
1                                   0.862587                [0.81, 0.91]   
2                                   0.448146                [0.35, 0.57]   
3                                   0.784710                [0.71, 0.85]   
4                                   0.847840                 [0.79, 0.9]   
5                                   0.760232                [0.68, 0.83]   
6                                   0.767249                [0.69, 0.84]   
7                                   0.716226                 [0.63, 0.8]   
8                                   0.603343                [0.51, 0.71]   
9                                   0.790874                [0.72, 0.86]   
10                                  0.304970                [0.21, 0.42]   
11                                  0.767309                [0.69, 0.84]   
12                                  0.713717                 [0.63, 0.8]   
13                                  0.766187                [0.69, 0.84]   
14                                  0.717966                 [0.63, 0.8]   
15                                  0.726755                [0.64, 0.81]   
16                                  0.697530                [0.61, 0.78]   
17                                  0.790837                [0.72, 0.86]   
18                                  0.770430                [0.69, 0.84]   
19                                  0.669330                [0.58, 0.76]   
20                                  0.626066                [0.53, 0.72]   
21                                  0.645424                [0.55, 0.74]   
22                                  0.747973                [0.67, 0.82]   
23                                  0.720118                 [0.64, 0.8]   
24                                  0.742542                [0.66, 0.82]   
25                                  0.758140                [0.68, 0.83]   
26                                  0.726234                [0.64, 0.81]   

    Transitivity Consistency Ratio (%)  
0                            92.121212  
1                            71.515152  
2                            89.090909  
3                            74.545455  
4                            72.121212  
5                            76.363636  
6                            73.939394  
7                            76.363636  
8                            84.242424  
9                            71.515152  
10                           90.909091  
11                           74.545455  
12                           73.939394  
13                           73.939394  
14                           73.939394  
15                           73.939394  
16                           73.939394  
17                           71.515152  
18                           70.909091  
19                           73.939394  
20                           72.121212  
21                           73.939394  
22                           74.545455  
23                           74.545455  
24                           73.939394  
25                           71.515152  
26                           71.515152  

Results have been saved to 'reliability_analysis.csv'
Author
10      0.000000
7       7.127100
4       8.797457
8      11.633381
2      14.393596
0      16.845224
6      16.905561
5      40.251272
1      61.854155
3      72.056995
9     100.000000
Name: Score, dtype: float64

Results have been saved to 'pagerank_results_balanced.csv'
Combined Results:
                                          Subcategory  \
0                                     Topic Relevance   
1                    Comprehensiveness of Information   
2                             Accuracy of Information   
3                        Innovativeness of Viewpoints   
4       Integration of Interdisciplinary Perspectives   
5                        Clarity of Logical Structure   
6               Reasonableness of Chapter Arrangement   
7              Quality of Introduction and Conclusion   
8              Accuracy and Completeness of Citations   
9              Timeliness and Relevance of References   
10   Avoidance of Plagiarism and Appropriate Citation   
11             Critical Analysis of Existing Research   
12   Proposal of New Research Directions or Questions   
13                Potential Contribution to the Field   
14             Clarity of Research Method Description   
15                    Rationality of Method Selection   
16                           Rigor of Research Design   
17               Inclusion of Latest Research Results   
18            Reflection of Current Research Hotspots   
19                     Fluency of Language Expression   
20    Appropriateness of Professional Terminology Use   
21                          Conciseness of Expression   
22  Practical Application Potential of Research Re...   
23                Feasibility of Proposed Suggestions   
24                             Logic of Argumentation   
25                   Multi-angle Analysis of Problems   
26  Identification and Discussion of Research Limi...   

    ICC (Intraclass Correlation Coefficient) ICC 95% Confidence Interval  \
0                                   0.516390                [0.41, 0.63]   
1                                   0.862587                [0.81, 0.91]   
2                                   0.448146                [0.35, 0.57]   
3                                   0.784710                [0.71, 0.85]   
4                                   0.847840                 [0.79, 0.9]   
5                                   0.760232                [0.68, 0.83]   
6                                   0.767249                [0.69, 0.84]   
7                                   0.716226                 [0.63, 0.8]   
8                                   0.603343                [0.51, 0.71]   
9                                   0.790874                [0.72, 0.86]   
10                                  0.304970                [0.21, 0.42]   
11                                  0.767309                [0.69, 0.84]   
12                                  0.713717                 [0.63, 0.8]   
13                                  0.766187                [0.69, 0.84]   
14                                  0.717966                 [0.63, 0.8]   
15                                  0.726755                [0.64, 0.81]   
16                                  0.697530                [0.61, 0.78]   
17                                  0.790837                [0.72, 0.86]   
18                                  0.770430                [0.69, 0.84]   
19                                  0.669330                [0.58, 0.76]   
20                                  0.626066                [0.53, 0.72]   
21                                  0.645424                [0.55, 0.74]   
22                                  0.747973                [0.67, 0.82]   
23                                  0.720118                 [0.64, 0.8]   
24                                  0.742542                [0.66, 0.82]   
25                                  0.758140                [0.68, 0.83]   
26                                  0.726234                [0.64, 0.81]   

    Transitivity Consistency Ratio (%)  
0                            50.000000  
1                            71.515152  
2                            47.058824  
3                            74.545455  
4                            72.121212  
5                            75.159236  
6                            73.939394  
7                            75.000000  
8                            58.064516  
9                            71.515152  
10                           34.782609  
11                           74.545455  
12                           73.939394  
13                           73.939394  
14                           73.939394  
15                           73.939394  
16                           73.939394  
17                           71.515152  
18                           70.909091  
19                           73.939394  
20                           72.121212  
21                           73.939394  
22                           74.545455  
23                           74.545455  
24                           73.939394  
25                           70.625000  
26                           70.625000  

Results have been saved to 'reliability_analysis.csv'
Author
10      0.000000
7       7.127100
4       8.797457
8      11.633381
2      14.393596
0      16.845224
6      16.905561
5      40.251272
1      61.854155
3      72.056995
9     100.000000
Name: Score, dtype: float64

Results have been saved to 'pagerank_results_balanced.csv'
Combined Results:
                                          Subcategory  \
0                                     Topic Relevance   
1                    Comprehensiveness of Information   
2                             Accuracy of Information   
3                        Innovativeness of Viewpoints   
4       Integration of Interdisciplinary Perspectives   
5                        Clarity of Logical Structure   
6               Reasonableness of Chapter Arrangement   
7              Quality of Introduction and Conclusion   
8              Accuracy and Completeness of Citations   
9              Timeliness and Relevance of References   
10   Avoidance of Plagiarism and Appropriate Citation   
11             Critical Analysis of Existing Research   
12   Proposal of New Research Directions or Questions   
13                Potential Contribution to the Field   
14             Clarity of Research Method Description   
15                    Rationality of Method Selection   
16                           Rigor of Research Design   
17               Inclusion of Latest Research Results   
18            Reflection of Current Research Hotspots   
19                     Fluency of Language Expression   
20    Appropriateness of Professional Terminology Use   
21                          Conciseness of Expression   
22  Practical Application Potential of Research Re...   
23                Feasibility of Proposed Suggestions   
24                             Logic of Argumentation   
25                   Multi-angle Analysis of Problems   
26  Identification and Discussion of Research Limi...   

    ICC (Intraclass Correlation Coefficient) ICC 95% Confidence Interval  \
0                                   0.516390                [0.41, 0.63]   
1                                   0.862587                [0.81, 0.91]   
2                                   0.448146                [0.35, 0.57]   
3                                   0.784710                [0.71, 0.85]   
4                                   0.847840                 [0.79, 0.9]   
5                                   0.760232                [0.68, 0.83]   
6                                   0.767249                [0.69, 0.84]   
7                                   0.716226                 [0.63, 0.8]   
8                                   0.603343                [0.51, 0.71]   
9                                   0.790874                [0.72, 0.86]   
10                                  0.304970                [0.21, 0.42]   
11                                  0.767309                [0.69, 0.84]   
12                                  0.713717                 [0.63, 0.8]   
13                                  0.766187                [0.69, 0.84]   
14                                  0.717966                 [0.63, 0.8]   
15                                  0.726755                [0.64, 0.81]   
16                                  0.697530                [0.61, 0.78]   
17                                  0.790837                [0.72, 0.86]   
18                                  0.770430                [0.69, 0.84]   
19                                  0.669330                [0.58, 0.76]   
20                                  0.626066                [0.53, 0.72]   
21                                  0.645424                [0.55, 0.74]   
22                                  0.747973                [0.67, 0.82]   
23                                  0.720118                 [0.64, 0.8]   
24                                  0.742542                [0.66, 0.82]   
25                                  0.758140                [0.68, 0.83]   
26                                  0.726234                [0.64, 0.81]   

    Transitivity Consistency Ratio (%)  
0                            50.000000  
1                            71.515152  
2                            47.058824  
3                            74.545455  
4                            72.121212  
5                            75.159236  
6                            73.939394  
7                            75.000000  
8                            58.064516  
9                            71.515152  
10                           34.782609  
11                           74.545455  
12                           73.939394  
13                           73.939394  
14                           73.939394  
15                           73.939394  
16                           73.939394  
17                           71.515152  
18                           70.909091  
19                           73.939394  
20                           72.121212  
21                           73.939394  
22                           74.545455  
23                           74.545455  
24                           73.939394  
25                           70.625000  
26                           70.625000  

Results have been saved to 'reliability_analysis.csv'
