Author
10      0.000000
4      27.708568
7      29.202812
6      51.729444
2      68.082752
3      76.427323
1      78.241430
5      86.046324
8      86.085267
0      92.642606
9     100.000000
Name: Score, dtype: float64

Results have been saved to 'pagerank_results_balanced.csv'
Combined Results:
                                          Subcategory  \
0                                     Topic Relevance   
1                    Comprehensiveness of Information   
2                             Accuracy of Information   
3                        Innovativeness of Viewpoints   
4       Integration of Interdisciplinary Perspectives   
5                        Clarity of Logical Structure   
6               Reasonableness of Chapter Arrangement   
7              Quality of Introduction and Conclusion   
8              Accuracy and Completeness of Citations   
9              Timeliness and Relevance of References   
10   Avoidance of Plagiarism and Appropriate Citation   
11             Critical Analysis of Existing Research   
12   Proposal of New Research Directions or Questions   
13                Potential Contribution to the Field   
14             Clarity of Research Method Description   
15                    Rationality of Method Selection   
16                           Rigor of Research Design   
17               Inclusion of Latest Research Results   
18            Reflection of Current Research Hotspots   
19                     Fluency of Language Expression   
20    Appropriateness of Professional Terminology Use   
21                          Conciseness of Expression   
22  Practical Application Potential of Research Re...   
23                Feasibility of Proposed Suggestions   
24                             Logic of Argumentation   
25                   Multi-angle Analysis of Problems   
26  Identification and Discussion of Research Limi...   

    ICC (Intraclass Correlation Coefficient) ICC 95% Confidence Interval  \
0                                   0.498871                 [0.4, 0.61]   
1                                   0.834787                [0.77, 0.89]   
2                                   0.459860                [0.36, 0.58]   
3                                   0.824823                [0.76, 0.88]   
4                                   0.845041                [0.79, 0.89]   
5                                   0.760944                [0.68, 0.83]   
6                                   0.774430                 [0.7, 0.84]   
7                                   0.691427                 [0.6, 0.78]   
8                                   0.625623                [0.53, 0.72]   
9                                   0.727060                [0.64, 0.81]   
10                                  0.222667                [0.14, 0.33]   
11                                  0.813533                [0.74, 0.87]   
12                                  0.812739                [0.75, 0.87]   
13                                  0.817003                [0.75, 0.88]   
14                                  0.617305                [0.52, 0.72]   
15                                  0.625284                [0.53, 0.72]   
16                                  0.623386                [0.53, 0.72]   
17                                  0.746988                [0.67, 0.82]   
18                                  0.822296                [0.76, 0.88]   
19                                  0.636526                [0.54, 0.74]   
20                                  0.585478                [0.48, 0.69]   
21                                  0.614521                [0.52, 0.72]   
22                                  0.802221                [0.73, 0.86]   
23                                  0.643761                [0.55, 0.74]   
24                                  0.749169                [0.67, 0.83]   
25                                  0.790024                [0.72, 0.85]   
26                                  0.693673                [0.61, 0.78]   

    Transitivity Consistency Ratio (%)  
0                            88.484848  
1                            86.060606  
2                            87.878788  
3                            85.454545  
4                            84.848485  
5                            84.848485  
6                            86.666667  
7                            84.848485  
8                            83.636364  
9                            86.060606  
10                           87.878788  
11                           86.060606  
12                           86.666667  
13                           86.060606  
14                           86.666667  
15                           86.666667  
16                           86.666667  
17                           86.060606  
18                           86.060606  
19                           84.848485  
20                           86.666667  
21                           86.666667  
22                           86.666667  
23                           86.666667  
24                           84.848485  
25                           86.060606  
26                           86.060606  

Results have been saved to 'reliability_analysis.csv'
Author
10      0.000000
4      27.708568
7      29.202812
6      51.729444
2      68.082752
3      76.427323
1      78.241430
5      86.046324
8      86.085267
0      92.642606
9     100.000000
Name: Score, dtype: float64

Results have been saved to 'pagerank_results_balanced.csv'
Combined Results:
                                          Subcategory  \
0                                     Topic Relevance   
1                    Comprehensiveness of Information   
2                             Accuracy of Information   
3                        Innovativeness of Viewpoints   
4       Integration of Interdisciplinary Perspectives   
5                        Clarity of Logical Structure   
6               Reasonableness of Chapter Arrangement   
7              Quality of Introduction and Conclusion   
8              Accuracy and Completeness of Citations   
9              Timeliness and Relevance of References   
10   Avoidance of Plagiarism and Appropriate Citation   
11             Critical Analysis of Existing Research   
12   Proposal of New Research Directions or Questions   
13                Potential Contribution to the Field   
14             Clarity of Research Method Description   
15                    Rationality of Method Selection   
16                           Rigor of Research Design   
17               Inclusion of Latest Research Results   
18            Reflection of Current Research Hotspots   
19                     Fluency of Language Expression   
20    Appropriateness of Professional Terminology Use   
21                          Conciseness of Expression   
22  Practical Application Potential of Research Re...   
23                Feasibility of Proposed Suggestions   
24                             Logic of Argumentation   
25                   Multi-angle Analysis of Problems   
26  Identification and Discussion of Research Limi...   

    ICC (Intraclass Correlation Coefficient) ICC 95% Confidence Interval  \
0                                   0.498871                 [0.4, 0.61]   
1                                   0.834787                [0.77, 0.89]   
2                                   0.459860                [0.36, 0.58]   
3                                   0.824823                [0.76, 0.88]   
4                                   0.845041                [0.79, 0.89]   
5                                   0.760944                [0.68, 0.83]   
6                                   0.774430                 [0.7, 0.84]   
7                                   0.691427                 [0.6, 0.78]   
8                                   0.625623                [0.53, 0.72]   
9                                   0.727060                [0.64, 0.81]   
10                                  0.222667                [0.14, 0.33]   
11                                  0.813533                [0.74, 0.87]   
12                                  0.812739                [0.75, 0.87]   
13                                  0.817003                [0.75, 0.88]   
14                                  0.617305                [0.52, 0.72]   
15                                  0.625284                [0.53, 0.72]   
16                                  0.623386                [0.53, 0.72]   
17                                  0.746988                [0.67, 0.82]   
18                                  0.822296                [0.76, 0.88]   
19                                  0.636526                [0.54, 0.74]   
20                                  0.585478                [0.48, 0.69]   
21                                  0.614521                [0.52, 0.72]   
22                                  0.802221                [0.73, 0.86]   
23                                  0.643761                [0.55, 0.74]   
24                                  0.749169                [0.67, 0.83]   
25                                  0.790024                [0.72, 0.85]   
26                                  0.693673                [0.61, 0.78]   

    Transitivity Consistency Ratio (%)  
0                            88.484848  
1                            86.060606  
2                            87.878788  
3                            85.454545  
4                            84.848485  
5                            84.848485  
6                            86.666667  
7                            84.848485  
8                            83.636364  
9                            86.060606  
10                           87.878788  
11                           86.060606  
12                           86.666667  
13                           86.060606  
14                           86.666667  
15                           86.666667  
16                           86.666667  
17                           86.060606  
18                           86.060606  
19                           84.848485  
20                           86.666667  
21                           86.666667  
22                           86.666667  
23                           86.666667  
24                           84.848485  
25                           86.060606  
26                           86.060606  

Results have been saved to 'reliability_analysis.csv'
Author
10      0.000000
4      27.040526
7      28.966890
6      51.383270
2      65.378230
3      76.031197
1      78.991697
8      86.320374
5      86.338712
0      92.900648
9     100.000000
Name: Score, dtype: float64

Results have been saved to 'pagerank_results_balanced.csv'
Combined Results:
                                          Subcategory  \
0                                     Topic Relevance   
1                    Comprehensiveness of Information   
2                             Accuracy of Information   
3                        Innovativeness of Viewpoints   
4       Integration of Interdisciplinary Perspectives   
5                        Clarity of Logical Structure   
6               Reasonableness of Chapter Arrangement   
7              Quality of Introduction and Conclusion   
8              Accuracy and Completeness of Citations   
9              Timeliness and Relevance of References   
10   Avoidance of Plagiarism and Appropriate Citation   
11             Critical Analysis of Existing Research   
12   Proposal of New Research Directions or Questions   
13                Potential Contribution to the Field   
14             Clarity of Research Method Description   
15                    Rationality of Method Selection   
16                           Rigor of Research Design   
17               Inclusion of Latest Research Results   
18            Reflection of Current Research Hotspots   
19                     Fluency of Language Expression   
20    Appropriateness of Professional Terminology Use   
21                          Conciseness of Expression   
22  Practical Application Potential of Research Re...   
23                Feasibility of Proposed Suggestions   
24                             Logic of Argumentation   
25                   Multi-angle Analysis of Problems   
26  Identification and Discussion of Research Limi...   

    ICC (Intraclass Correlation Coefficient) ICC 95% Confidence Interval  \
0                                   0.498871                 [0.4, 0.61]   
1                                   0.834787                [0.77, 0.89]   
2                                   0.459860                [0.36, 0.58]   
3                                   0.824823                [0.76, 0.88]   
4                                   0.845041                [0.79, 0.89]   
5                                   0.760944                [0.68, 0.83]   
6                                   0.774430                 [0.7, 0.84]   
7                                   0.691427                 [0.6, 0.78]   
8                                   0.625623                [0.53, 0.72]   
9                                   0.727060                [0.64, 0.81]   
10                                  0.222667                [0.14, 0.33]   
11                                  0.813533                [0.74, 0.87]   
12                                  0.812739                [0.75, 0.87]   
13                                  0.817003                [0.75, 0.88]   
14                                  0.617305                [0.52, 0.72]   
15                                  0.625284                [0.53, 0.72]   
16                                  0.623386                [0.53, 0.72]   
17                                  0.746988                [0.67, 0.82]   
18                                  0.822296                [0.76, 0.88]   
19                                  0.636526                [0.54, 0.74]   
20                                  0.585478                [0.48, 0.69]   
21                                  0.614521                [0.52, 0.72]   
22                                  0.802221                [0.73, 0.86]   
23                                  0.643761                [0.55, 0.74]   
24                                  0.749169                [0.67, 0.83]   
25                                  0.790024                [0.72, 0.85]   
26                                  0.693673                [0.61, 0.78]   

    Transitivity Consistency Ratio (%)  
0                            52.500000  
1                            86.060606  
2                            44.444444  
3                            85.454545  
4                            84.076433  
5                            84.848485  
6                            86.666667  
7                            84.848485  
8                            53.448276  
9                            86.060606  
10                           39.393939  
11                           86.060606  
12                           86.666667  
13                           86.060606  
14                           86.666667  
15                           86.666667  
16                           86.666667  
17                           86.060606  
18                           86.060606  
19                           84.848485  
20                           86.666667  
21                           86.666667  
22                           86.666667  
23                           86.666667  
24                           84.848485  
25                           86.060606  
26                           86.060606  

Results have been saved to 'reliability_analysis.csv'
Author
10      0.000000
4      27.040526
7      28.966890
6      51.383270
2      65.378230
3      76.031197
1      78.991697
8      86.320374
5      86.338712
0      92.900648
9     100.000000
Name: Score, dtype: float64

Results have been saved to 'pagerank_results_balanced.csv'
Combined Results:
                                          Subcategory  \
0                                     Topic Relevance   
1                    Comprehensiveness of Information   
2                             Accuracy of Information   
3                        Innovativeness of Viewpoints   
4       Integration of Interdisciplinary Perspectives   
5                        Clarity of Logical Structure   
6               Reasonableness of Chapter Arrangement   
7              Quality of Introduction and Conclusion   
8              Accuracy and Completeness of Citations   
9              Timeliness and Relevance of References   
10   Avoidance of Plagiarism and Appropriate Citation   
11             Critical Analysis of Existing Research   
12   Proposal of New Research Directions or Questions   
13                Potential Contribution to the Field   
14             Clarity of Research Method Description   
15                    Rationality of Method Selection   
16                           Rigor of Research Design   
17               Inclusion of Latest Research Results   
18            Reflection of Current Research Hotspots   
19                     Fluency of Language Expression   
20    Appropriateness of Professional Terminology Use   
21                          Conciseness of Expression   
22  Practical Application Potential of Research Re...   
23                Feasibility of Proposed Suggestions   
24                             Logic of Argumentation   
25                   Multi-angle Analysis of Problems   
26  Identification and Discussion of Research Limi...   

    ICC (Intraclass Correlation Coefficient) ICC 95% Confidence Interval  \
0                                   0.498871                 [0.4, 0.61]   
1                                   0.834787                [0.77, 0.89]   
2                                   0.459860                [0.36, 0.58]   
3                                   0.824823                [0.76, 0.88]   
4                                   0.845041                [0.79, 0.89]   
5                                   0.760944                [0.68, 0.83]   
6                                   0.774430                 [0.7, 0.84]   
7                                   0.691427                 [0.6, 0.78]   
8                                   0.625623                [0.53, 0.72]   
9                                   0.727060                [0.64, 0.81]   
10                                  0.222667                [0.14, 0.33]   
11                                  0.813533                [0.74, 0.87]   
12                                  0.812739                [0.75, 0.87]   
13                                  0.817003                [0.75, 0.88]   
14                                  0.617305                [0.52, 0.72]   
15                                  0.625284                [0.53, 0.72]   
16                                  0.623386                [0.53, 0.72]   
17                                  0.746988                [0.67, 0.82]   
18                                  0.822296                [0.76, 0.88]   
19                                  0.636526                [0.54, 0.74]   
20                                  0.585478                [0.48, 0.69]   
21                                  0.614521                [0.52, 0.72]   
22                                  0.802221                [0.73, 0.86]   
23                                  0.643761                [0.55, 0.74]   
24                                  0.749169                [0.67, 0.83]   
25                                  0.790024                [0.72, 0.85]   
26                                  0.693673                [0.61, 0.78]   

    Transitivity Consistency Ratio (%)  
0                            52.500000  
1                            86.060606  
2                            44.444444  
3                            85.454545  
4                            84.076433  
5                            84.848485  
6                            86.666667  
7                            84.848485  
8                            53.448276  
9                            86.060606  
10                           39.393939  
11                           86.060606  
12                           86.666667  
13                           86.060606  
14                           86.666667  
15                           86.666667  
16                           86.666667  
17                           86.060606  
18                           86.060606  
19                           84.848485  
20                           86.666667  
21                           86.666667  
22                           86.666667  
23                           86.666667  
24                           84.848485  
25                           86.060606  
26                           86.060606  

Results have been saved to 'reliability_analysis.csv'
