Author
3       3.269529
10      3.290367
1       8.463496
4      13.780671
2      16.014265
8      22.888282
6      26.468630
5      41.481353
0      43.573851
7      49.903552
9     100.000000
Name: Score, dtype: float64

Results have been saved to 'pagerank_results_balanced.csv'
Combined Results:
                                          Subcategory  \
0                                     Topic Relevance   
1                    Comprehensiveness of Information   
2                             Accuracy of Information   
3                        Innovativeness of Viewpoints   
4       Integration of Interdisciplinary Perspectives   
5                        Clarity of Logical Structure   
6               Reasonableness of Chapter Arrangement   
7              Quality of Introduction and Conclusion   
8              Accuracy and Completeness of Citations   
9              Timeliness and Relevance of References   
10   Avoidance of Plagiarism and Appropriate Citation   
11             Critical Analysis of Existing Research   
12   Proposal of New Research Directions or Questions   
13                Potential Contribution to the Field   
14             Clarity of Research Method Description   
15                    Rationality of Method Selection   
16                           Rigor of Research Design   
17               Inclusion of Latest Research Results   
18            Reflection of Current Research Hotspots   
19                     Fluency of Language Expression   
20    Appropriateness of Professional Terminology Use   
21                          Conciseness of Expression   
22  Practical Application Potential of Research Re...   
23                Feasibility of Proposed Suggestions   
24                             Logic of Argumentation   
25                   Multi-angle Analysis of Problems   
26  Identification and Discussion of Research Limi...   

    ICC (Intraclass Correlation Coefficient) ICC 95% Confidence Interval  \
0                                   0.596082                  [0.5, 0.7]   
1                                   0.707112                  [0.6, 0.8]   
2                                   0.516308                [0.41, 0.63]   
3                                   0.617857                [0.52, 0.72]   
4                                   0.704555                [0.62, 0.79]   
5                                   0.517595                [0.42, 0.63]   
6                                   0.520119                [0.42, 0.63]   
7                                   0.408051                [0.31, 0.53]   
8                                   0.714177                 [0.63, 0.8]   
9                                   0.646575                [0.55, 0.74]   
10                                  0.382305                 [0.28, 0.5]   
11                                  0.635360                [0.53, 0.74]   
12                                  0.572801                [0.47, 0.68]   
13                                  0.636454                [0.53, 0.74]   
14                                  0.595371                 [0.49, 0.7]   
15                                  0.592997                 [0.49, 0.7]   
16                                  0.589278                 [0.48, 0.7]   
17                                  0.666795                [0.57, 0.76]   
18                                  0.654757                [0.56, 0.75]   
19                                  0.408361                [0.31, 0.53]   
20                                  0.426488                [0.31, 0.55]   
21                                  0.415410                [0.31, 0.54]   
22                                  0.628674                [0.53, 0.73]   
23                                  0.447328                [0.35, 0.57]   
24                                  0.502744                 [0.4, 0.62]   
25                                  0.650868                [0.55, 0.75]   
26                                  0.593483                 [0.49, 0.7]   

    Transitivity Consistency Ratio (%)  
0                            86.666667  
1                            88.484848  
2                            86.666667  
3                            86.060606  
4                            84.848485  
5                            81.212121  
6                            81.212121  
7                            79.393939  
8                            86.666667  
9                            84.242424  
10                           88.484848  
11                           86.060606  
12                           86.060606  
13                           86.060606  
14                           87.878788  
15                           86.060606  
16                           87.272727  
17                           84.242424  
18                           84.242424  
19                           80.606061  
20                           89.090909  
21                           80.606061  
22                           86.060606  
23                           87.272727  
24                           77.575758  
25                           86.060606  
26                           86.060606  

Results have been saved to 'reliability_analysis.csv'
Author
10      0.135714
3      11.952965
1      23.627628
4      32.578964
2      35.247071
8      44.929984
6      48.513568
5      64.080742
0      64.692578
7      71.131334
9     100.000000
Name: Score, dtype: float64

Results have been saved to 'pagerank_results_balanced.csv'
Combined Results:
                                          Subcategory  \
0                                     Topic Relevance   
1                    Comprehensiveness of Information   
2                             Accuracy of Information   
3                        Innovativeness of Viewpoints   
4       Integration of Interdisciplinary Perspectives   
5                        Clarity of Logical Structure   
6               Reasonableness of Chapter Arrangement   
7              Quality of Introduction and Conclusion   
8              Accuracy and Completeness of Citations   
9              Timeliness and Relevance of References   
10   Avoidance of Plagiarism and Appropriate Citation   
11             Critical Analysis of Existing Research   
12   Proposal of New Research Directions or Questions   
13                Potential Contribution to the Field   
14             Clarity of Research Method Description   
15                    Rationality of Method Selection   
16                           Rigor of Research Design   
17               Inclusion of Latest Research Results   
18            Reflection of Current Research Hotspots   
19                     Fluency of Language Expression   
20    Appropriateness of Professional Terminology Use   
21                          Conciseness of Expression   
22  Practical Application Potential of Research Re...   
23                Feasibility of Proposed Suggestions   
24                             Logic of Argumentation   
25                   Multi-angle Analysis of Problems   
26  Identification and Discussion of Research Limi...   

    ICC (Intraclass Correlation Coefficient) ICC 95% Confidence Interval  \
0                                   0.628906                [0.53, 0.73]   
1                                   0.748114                [0.62, 0.84]   
2                                   0.570881                [0.47, 0.68]   
3                                   0.679420                [0.57, 0.78]   
4                                   0.745964                [0.66, 0.82]   
5                                   0.639946                [0.53, 0.75]   
6                                   0.657106                [0.55, 0.76]   
7                                   0.563597                [0.46, 0.67]   
8                                   0.642856                [0.55, 0.74]   
9                                   0.614168                [0.51, 0.72]   
10                                  0.341882                [0.25, 0.46]   
11                                  0.673545                [0.56, 0.78]   
12                                  0.609465                [0.51, 0.71]   
13                                  0.674449                [0.57, 0.77]   
14                                  0.613280                 [0.5, 0.72]   
15                                  0.609284                 [0.5, 0.72]   
16                                  0.598048                [0.49, 0.71]   
17                                  0.637790                [0.54, 0.74]   
18                                  0.676586                [0.58, 0.77]   
19                                  0.448074                [0.34, 0.57]   
20                                  0.452354                [0.34, 0.58]   
21                                  0.409469                [0.31, 0.53]   
22                                  0.671249                [0.57, 0.77]   
23                                  0.485465                 [0.38, 0.6]   
24                                  0.632248                [0.53, 0.73]   
25                                  0.683407                [0.59, 0.77]   
26                                  0.595110                 [0.49, 0.7]   

    Transitivity Consistency Ratio (%)  
0                            86.666667  
1                            88.484848  
2                            86.666667  
3                            86.060606  
4                            84.848485  
5                            87.878788  
6                            89.696970  
7                            86.666667  
8                            86.666667  
9                            86.060606  
10                           87.272727  
11                           86.060606  
12                           86.060606  
13                           86.060606  
14                           90.303030  
15                           88.484848  
16                           89.696970  
17                           86.060606  
18                           86.060606  
19                           89.696970  
20                           89.090909  
21                           86.666667  
22                           86.060606  
23                           87.272727  
24                           86.060606  
25                           86.060606  
26                           86.060606  

Results have been saved to 'reliability_analysis.csv'
Author
10      0.135714
3      11.952965
1      23.627628
4      32.578964
2      35.247071
8      44.929984
6      48.513568
5      64.080742
0      64.692578
7      71.131334
9     100.000000
Name: Score, dtype: float64

Results have been saved to 'pagerank_results_balanced.csv'
Combined Results:
                                          Subcategory  \
0                                     Topic Relevance   
1                    Comprehensiveness of Information   
2                             Accuracy of Information   
3                        Innovativeness of Viewpoints   
4       Integration of Interdisciplinary Perspectives   
5                        Clarity of Logical Structure   
6               Reasonableness of Chapter Arrangement   
7              Quality of Introduction and Conclusion   
8              Accuracy and Completeness of Citations   
9              Timeliness and Relevance of References   
10   Avoidance of Plagiarism and Appropriate Citation   
11             Critical Analysis of Existing Research   
12   Proposal of New Research Directions or Questions   
13                Potential Contribution to the Field   
14             Clarity of Research Method Description   
15                    Rationality of Method Selection   
16                           Rigor of Research Design   
17               Inclusion of Latest Research Results   
18            Reflection of Current Research Hotspots   
19                     Fluency of Language Expression   
20    Appropriateness of Professional Terminology Use   
21                          Conciseness of Expression   
22  Practical Application Potential of Research Re...   
23                Feasibility of Proposed Suggestions   
24                             Logic of Argumentation   
25                   Multi-angle Analysis of Problems   
26  Identification and Discussion of Research Limi...   

    ICC (Intraclass Correlation Coefficient) ICC 95% Confidence Interval  \
0                                   0.628906                [0.53, 0.73]   
1                                   0.748114                [0.62, 0.84]   
2                                   0.570881                [0.47, 0.68]   
3                                   0.679420                [0.57, 0.78]   
4                                   0.745964                [0.66, 0.82]   
5                                   0.639946                [0.53, 0.75]   
6                                   0.657106                [0.55, 0.76]   
7                                   0.563597                [0.46, 0.67]   
8                                   0.642856                [0.55, 0.74]   
9                                   0.614168                [0.51, 0.72]   
10                                  0.341882                [0.25, 0.46]   
11                                  0.673545                [0.56, 0.78]   
12                                  0.609465                [0.51, 0.71]   
13                                  0.674449                [0.57, 0.77]   
14                                  0.613280                 [0.5, 0.72]   
15                                  0.609284                 [0.5, 0.72]   
16                                  0.598048                [0.49, 0.71]   
17                                  0.637790                [0.54, 0.74]   
18                                  0.676586                [0.58, 0.77]   
19                                  0.448074                [0.34, 0.57]   
20                                  0.452354                [0.34, 0.58]   
21                                  0.409469                [0.31, 0.53]   
22                                  0.671249                [0.57, 0.77]   
23                                  0.485465                 [0.38, 0.6]   
24                                  0.632248                [0.53, 0.73]   
25                                  0.683407                [0.59, 0.77]   
26                                  0.595110                 [0.49, 0.7]   

    Transitivity Consistency Ratio (%)  
0                            86.666667  
1                            88.484848  
2                            86.666667  
3                            86.060606  
4                            84.848485  
5                            87.878788  
6                            89.696970  
7                            86.666667  
8                            86.666667  
9                            86.060606  
10                           87.272727  
11                           86.060606  
12                           86.060606  
13                           86.060606  
14                           90.303030  
15                           88.484848  
16                           89.696970  
17                           86.060606  
18                           86.060606  
19                           89.696970  
20                           89.090909  
21                           86.666667  
22                           86.060606  
23                           87.272727  
24                           86.060606  
25                           86.060606  
26                           86.060606  

Results have been saved to 'reliability_analysis.csv'
Author
10      0.279545
3       9.685857
1      18.934749
4      28.776247
2      30.563677
8      39.217780
6      43.253782
5      63.344242
0      63.592164
7      68.816619
9     100.000000
Name: Score, dtype: float64

Results have been saved to 'pagerank_results_balanced.csv'
Combined Results:
                                          Subcategory  \
0                                     Topic Relevance   
1                    Comprehensiveness of Information   
2                             Accuracy of Information   
3                        Innovativeness of Viewpoints   
4       Integration of Interdisciplinary Perspectives   
5                        Clarity of Logical Structure   
6               Reasonableness of Chapter Arrangement   
7              Quality of Introduction and Conclusion   
8              Accuracy and Completeness of Citations   
9              Timeliness and Relevance of References   
10   Avoidance of Plagiarism and Appropriate Citation   
11             Critical Analysis of Existing Research   
12   Proposal of New Research Directions or Questions   
13                Potential Contribution to the Field   
14             Clarity of Research Method Description   
15                    Rationality of Method Selection   
16                           Rigor of Research Design   
17               Inclusion of Latest Research Results   
18            Reflection of Current Research Hotspots   
19                     Fluency of Language Expression   
20    Appropriateness of Professional Terminology Use   
21                          Conciseness of Expression   
22  Practical Application Potential of Research Re...   
23                Feasibility of Proposed Suggestions   
24                             Logic of Argumentation   
25                   Multi-angle Analysis of Problems   
26  Identification and Discussion of Research Limi...   

    ICC (Intraclass Correlation Coefficient) ICC 95% Confidence Interval  \
0                                   0.628906                [0.53, 0.73]   
1                                   0.748114                [0.62, 0.84]   
2                                   0.570881                [0.47, 0.68]   
3                                   0.679420                [0.57, 0.78]   
4                                   0.745964                [0.66, 0.82]   
5                                   0.639946                [0.53, 0.75]   
6                                   0.657106                [0.55, 0.76]   
7                                   0.563597                [0.46, 0.67]   
8                                   0.642856                [0.55, 0.74]   
9                                   0.614168                [0.51, 0.72]   
10                                  0.341882                [0.25, 0.46]   
11                                  0.673545                [0.56, 0.78]   
12                                  0.609465                [0.51, 0.71]   
13                                  0.674449                [0.57, 0.77]   
14                                  0.613280                 [0.5, 0.72]   
15                                  0.609284                 [0.5, 0.72]   
16                                  0.598048                [0.49, 0.71]   
17                                  0.637790                [0.54, 0.74]   
18                                  0.676586                [0.58, 0.77]   
19                                  0.448074                [0.34, 0.57]   
20                                  0.452354                [0.34, 0.58]   
21                                  0.409469                [0.31, 0.53]   
22                                  0.671249                [0.57, 0.77]   
23                                  0.485465                 [0.38, 0.6]   
24                                  0.632248                [0.53, 0.73]   
25                                  0.683407                [0.59, 0.77]   
26                                  0.595110                 [0.49, 0.7]   

    Transitivity Consistency Ratio (%)  
0                            24.137931  
1                            88.484848  
2                            24.137931  
3                            86.060606  
4                            80.000000  
5                            87.878788  
6                            89.696970  
7                            86.666667  
8                            29.032258  
9                            86.060606  
10                           25.000000  
11                           86.060606  
12                           86.060606  
13                           86.060606  
14                           89.743590  
15                           88.484848  
16                           89.696970  
17                           86.060606  
18                           86.060606  
19                           89.696970  
20                           88.000000  
21                           86.666667  
22                           86.060606  
23                           87.272727  
24                           86.060606  
25                           86.060606  
26                           86.060606  

Results have been saved to 'reliability_analysis.csv'
Author
10      0.279545
3       9.685857
1      18.934749
4      28.776247
2      30.563677
8      39.217780
6      43.253782
5      63.344242
0      63.592164
7      68.816619
9     100.000000
Name: Score, dtype: float64

Results have been saved to 'pagerank_results_balanced.csv'
Combined Results:
                                          Subcategory  \
0                                     Topic Relevance   
1                    Comprehensiveness of Information   
2                             Accuracy of Information   
3                        Innovativeness of Viewpoints   
4       Integration of Interdisciplinary Perspectives   
5                        Clarity of Logical Structure   
6               Reasonableness of Chapter Arrangement   
7              Quality of Introduction and Conclusion   
8              Accuracy and Completeness of Citations   
9              Timeliness and Relevance of References   
10   Avoidance of Plagiarism and Appropriate Citation   
11             Critical Analysis of Existing Research   
12   Proposal of New Research Directions or Questions   
13                Potential Contribution to the Field   
14             Clarity of Research Method Description   
15                    Rationality of Method Selection   
16                           Rigor of Research Design   
17               Inclusion of Latest Research Results   
18            Reflection of Current Research Hotspots   
19                     Fluency of Language Expression   
20    Appropriateness of Professional Terminology Use   
21                          Conciseness of Expression   
22  Practical Application Potential of Research Re...   
23                Feasibility of Proposed Suggestions   
24                             Logic of Argumentation   
25                   Multi-angle Analysis of Problems   
26  Identification and Discussion of Research Limi...   

    ICC (Intraclass Correlation Coefficient) ICC 95% Confidence Interval  \
0                                   0.628906                [0.53, 0.73]   
1                                   0.748114                [0.62, 0.84]   
2                                   0.570881                [0.47, 0.68]   
3                                   0.679420                [0.57, 0.78]   
4                                   0.745964                [0.66, 0.82]   
5                                   0.639946                [0.53, 0.75]   
6                                   0.657106                [0.55, 0.76]   
7                                   0.563597                [0.46, 0.67]   
8                                   0.642856                [0.55, 0.74]   
9                                   0.614168                [0.51, 0.72]   
10                                  0.341882                [0.25, 0.46]   
11                                  0.673545                [0.56, 0.78]   
12                                  0.609465                [0.51, 0.71]   
13                                  0.674449                [0.57, 0.77]   
14                                  0.613280                 [0.5, 0.72]   
15                                  0.609284                 [0.5, 0.72]   
16                                  0.598048                [0.49, 0.71]   
17                                  0.637790                [0.54, 0.74]   
18                                  0.676586                [0.58, 0.77]   
19                                  0.448074                [0.34, 0.57]   
20                                  0.452354                [0.34, 0.58]   
21                                  0.409469                [0.31, 0.53]   
22                                  0.671249                [0.57, 0.77]   
23                                  0.485465                 [0.38, 0.6]   
24                                  0.632248                [0.53, 0.73]   
25                                  0.683407                [0.59, 0.77]   
26                                  0.595110                 [0.49, 0.7]   

    Transitivity Consistency Ratio (%)  
0                            24.137931  
1                            88.484848  
2                            24.137931  
3                            86.060606  
4                            80.000000  
5                            87.878788  
6                            89.696970  
7                            86.666667  
8                            29.032258  
9                            86.060606  
10                           25.000000  
11                           86.060606  
12                           86.060606  
13                           86.060606  
14                           89.743590  
15                           88.484848  
16                           89.696970  
17                           86.060606  
18                           86.060606  
19                           89.696970  
20                           88.000000  
21                           86.666667  
22                           86.060606  
23                           87.272727  
24                           86.060606  
25                           86.060606  
26                           86.060606  

Results have been saved to 'reliability_analysis.csv'
