Author
10     0.000000
1     24.745351
6     32.018774
5     32.607473
0     40.483995
8     41.013681
3     45.564852
4     47.700943
7     58.047704
2     63.154339
9     99.962326
Name: Score, dtype: float64

Results have been saved to 'pagerank_results_balanced.csv'
Combined Results:
                                          Subcategory  \
0                                     Topic Relevance   
1                    Comprehensiveness of Information   
2                             Accuracy of Information   
3                        Innovativeness of Viewpoints   
4       Integration of Interdisciplinary Perspectives   
5                        Clarity of Logical Structure   
6               Reasonableness of Chapter Arrangement   
7              Quality of Introduction and Conclusion   
8              Accuracy and Completeness of Citations   
9              Timeliness and Relevance of References   
10   Avoidance of Plagiarism and Appropriate Citation   
11             Critical Analysis of Existing Research   
12   Proposal of New Research Directions or Questions   
13                Potential Contribution to the Field   
14             Clarity of Research Method Description   
15                    Rationality of Method Selection   
16                           Rigor of Research Design   
17               Inclusion of Latest Research Results   
18            Reflection of Current Research Hotspots   
19                     Fluency of Language Expression   
20    Appropriateness of Professional Terminology Use   
21                          Conciseness of Expression   
22  Practical Application Potential of Research Re...   
23                Feasibility of Proposed Suggestions   
24                             Logic of Argumentation   
25                   Multi-angle Analysis of Problems   
26  Identification and Discussion of Research Limi...   

    ICC (Intraclass Correlation Coefficient) ICC 95% Confidence Interval  \
0                                   0.475602                [0.37, 0.59]   
1                                   0.843610                [0.79, 0.89]   
2                                   0.425019                [0.32, 0.54]   
3                                   0.794991                [0.73, 0.86]   
4                                   0.869187                [0.82, 0.91]   
5                                   0.841346                [0.78, 0.89]   
6                                   0.842138                [0.79, 0.89]   
7                                   0.730671                [0.65, 0.81]   
8                                   0.594840                  [0.5, 0.7]   
9                                   0.639477                [0.54, 0.74]   
10                                  0.259604                [0.17, 0.37]   
11                                  0.796294                [0.73, 0.86]   
12                                  0.673567                [0.58, 0.76]   
13                                  0.779567                [0.71, 0.85]   
14                                  0.709657                [0.62, 0.79]   
15                                  0.717338                 [0.63, 0.8]   
16                                  0.701753                [0.61, 0.79]   
17                                  0.657577                [0.56, 0.75]   
18                                  0.780926                [0.71, 0.85]   
19                                  0.654176                [0.56, 0.75]   
20                                  0.682574                [0.59, 0.77]   
21                                  0.574615                [0.47, 0.68]   
22                                  0.783337                [0.71, 0.85]   
23                                  0.654983                [0.56, 0.75]   
24                                  0.743699                [0.66, 0.82]   
25                                  0.792577                [0.72, 0.86]   
26                                  0.686009                 [0.6, 0.77]   

    Transitivity Consistency Ratio (%)  
0                            92.727273  
1                            75.757576  
2                            92.727273  
3                            76.363636  
4                            73.333333  
5                            83.030303  
6                            75.757576  
7                            75.757576  
8                            87.272727  
9                            75.757576  
10                           89.090909  
11                           78.181818  
12                           75.757576  
13                           76.363636  
14                           77.575758  
15                           73.333333  
16                           75.757576  
17                           75.757576  
18                           76.363636  
19                           81.212121  
20                           85.454545  
21                           75.151515  
22                           76.363636  
23                           75.151515  
24                           75.757576  
25                           75.757576  
26                           73.333333  

Results have been saved to 'reliability_analysis.csv'
Author
10     0.000000
1     24.745351
6     32.018774
5     32.607473
0     40.483995
8     41.013681
3     45.564852
4     47.700943
7     58.047704
2     63.154339
9     99.962326
Name: Score, dtype: float64

Results have been saved to 'pagerank_results_balanced.csv'
Combined Results:
                                          Subcategory  \
0                                     Topic Relevance   
1                    Comprehensiveness of Information   
2                             Accuracy of Information   
3                        Innovativeness of Viewpoints   
4       Integration of Interdisciplinary Perspectives   
5                        Clarity of Logical Structure   
6               Reasonableness of Chapter Arrangement   
7              Quality of Introduction and Conclusion   
8              Accuracy and Completeness of Citations   
9              Timeliness and Relevance of References   
10   Avoidance of Plagiarism and Appropriate Citation   
11             Critical Analysis of Existing Research   
12   Proposal of New Research Directions or Questions   
13                Potential Contribution to the Field   
14             Clarity of Research Method Description   
15                    Rationality of Method Selection   
16                           Rigor of Research Design   
17               Inclusion of Latest Research Results   
18            Reflection of Current Research Hotspots   
19                     Fluency of Language Expression   
20    Appropriateness of Professional Terminology Use   
21                          Conciseness of Expression   
22  Practical Application Potential of Research Re...   
23                Feasibility of Proposed Suggestions   
24                             Logic of Argumentation   
25                   Multi-angle Analysis of Problems   
26  Identification and Discussion of Research Limi...   

    ICC (Intraclass Correlation Coefficient) ICC 95% Confidence Interval  \
0                                   0.475602                [0.37, 0.59]   
1                                   0.843610                [0.79, 0.89]   
2                                   0.425019                [0.32, 0.54]   
3                                   0.794991                [0.73, 0.86]   
4                                   0.869187                [0.82, 0.91]   
5                                   0.841346                [0.78, 0.89]   
6                                   0.842138                [0.79, 0.89]   
7                                   0.730671                [0.65, 0.81]   
8                                   0.594840                  [0.5, 0.7]   
9                                   0.639477                [0.54, 0.74]   
10                                  0.259604                [0.17, 0.37]   
11                                  0.796294                [0.73, 0.86]   
12                                  0.673567                [0.58, 0.76]   
13                                  0.779567                [0.71, 0.85]   
14                                  0.709657                [0.62, 0.79]   
15                                  0.717338                 [0.63, 0.8]   
16                                  0.701753                [0.61, 0.79]   
17                                  0.657577                [0.56, 0.75]   
18                                  0.780926                [0.71, 0.85]   
19                                  0.654176                [0.56, 0.75]   
20                                  0.682574                [0.59, 0.77]   
21                                  0.574615                [0.47, 0.68]   
22                                  0.783337                [0.71, 0.85]   
23                                  0.654983                [0.56, 0.75]   
24                                  0.743699                [0.66, 0.82]   
25                                  0.792577                [0.72, 0.86]   
26                                  0.686009                 [0.6, 0.77]   

    Transitivity Consistency Ratio (%)  
0                            92.727273  
1                            75.757576  
2                            92.727273  
3                            76.363636  
4                            73.333333  
5                            83.030303  
6                            75.757576  
7                            75.757576  
8                            87.272727  
9                            75.757576  
10                           89.090909  
11                           78.181818  
12                           75.757576  
13                           76.363636  
14                           77.575758  
15                           73.333333  
16                           75.757576  
17                           75.757576  
18                           76.363636  
19                           81.212121  
20                           85.454545  
21                           75.151515  
22                           76.363636  
23                           75.151515  
24                           75.757576  
25                           75.757576  
26                           73.333333  

Results have been saved to 'reliability_analysis.csv'
Author
10     0.000000
1     25.714026
6     29.675870
5     31.630440
0     40.093160
8     41.136810
3     44.128462
4     51.035209
7     57.628773
2     66.029189
9     99.947597
Name: Score, dtype: float64

Results have been saved to 'pagerank_results_balanced.csv'
Combined Results:
                                          Subcategory  \
0                                     Topic Relevance   
1                    Comprehensiveness of Information   
2                             Accuracy of Information   
3                        Innovativeness of Viewpoints   
4       Integration of Interdisciplinary Perspectives   
5                        Clarity of Logical Structure   
6               Reasonableness of Chapter Arrangement   
7              Quality of Introduction and Conclusion   
8              Accuracy and Completeness of Citations   
9              Timeliness and Relevance of References   
10   Avoidance of Plagiarism and Appropriate Citation   
11             Critical Analysis of Existing Research   
12   Proposal of New Research Directions or Questions   
13                Potential Contribution to the Field   
14             Clarity of Research Method Description   
15                    Rationality of Method Selection   
16                           Rigor of Research Design   
17               Inclusion of Latest Research Results   
18            Reflection of Current Research Hotspots   
19                     Fluency of Language Expression   
20    Appropriateness of Professional Terminology Use   
21                          Conciseness of Expression   
22  Practical Application Potential of Research Re...   
23                Feasibility of Proposed Suggestions   
24                             Logic of Argumentation   
25                   Multi-angle Analysis of Problems   
26  Identification and Discussion of Research Limi...   

    ICC (Intraclass Correlation Coefficient) ICC 95% Confidence Interval  \
0                                   0.475602                [0.37, 0.59]   
1                                   0.843610                [0.79, 0.89]   
2                                   0.425019                [0.32, 0.54]   
3                                   0.794991                [0.73, 0.86]   
4                                   0.869187                [0.82, 0.91]   
5                                   0.841346                [0.78, 0.89]   
6                                   0.842138                [0.79, 0.89]   
7                                   0.730671                [0.65, 0.81]   
8                                   0.594840                  [0.5, 0.7]   
9                                   0.639477                [0.54, 0.74]   
10                                  0.259604                [0.17, 0.37]   
11                                  0.796294                [0.73, 0.86]   
12                                  0.673567                [0.58, 0.76]   
13                                  0.779567                [0.71, 0.85]   
14                                  0.709657                [0.62, 0.79]   
15                                  0.717338                 [0.63, 0.8]   
16                                  0.701753                [0.61, 0.79]   
17                                  0.657577                [0.56, 0.75]   
18                                  0.780926                [0.71, 0.85]   
19                                  0.654176                [0.56, 0.75]   
20                                  0.682574                [0.59, 0.77]   
21                                  0.574615                [0.47, 0.68]   
22                                  0.783337                [0.71, 0.85]   
23                                  0.654983                [0.56, 0.75]   
24                                  0.743699                [0.66, 0.82]   
25                                  0.792577                [0.72, 0.86]   
26                                  0.686009                 [0.6, 0.77]   

    Transitivity Consistency Ratio (%)  
0                            20.000000  
1                            75.757576  
2                            20.000000  
3                            76.363636  
4                            70.068027  
5                            56.250000  
6                            75.757576  
7                            75.757576  
8                            38.235294  
9                            65.217391  
10                           21.739130  
11                           78.181818  
12                           75.757576  
13                           76.363636  
14                           64.077670  
15                           66.917293  
16                           65.217391  
17                           65.217391  
18                           75.159236  
19                           53.030303  
20                           48.936170  
21                           75.151515  
22                           76.363636  
23                           73.202614  
24                           68.992248  
25                           75.757576  
26                           70.860927  

Results have been saved to 'reliability_analysis.csv'
Author
10     0.000000
1     25.714026
6     29.675870
5     31.630440
0     40.093160
8     41.136810
3     44.128462
4     51.035209
7     57.628773
2     66.029189
9     99.947597
Name: Score, dtype: float64

Results have been saved to 'pagerank_results_balanced.csv'
Combined Results:
                                          Subcategory  \
0                                     Topic Relevance   
1                    Comprehensiveness of Information   
2                             Accuracy of Information   
3                        Innovativeness of Viewpoints   
4       Integration of Interdisciplinary Perspectives   
5                        Clarity of Logical Structure   
6               Reasonableness of Chapter Arrangement   
7              Quality of Introduction and Conclusion   
8              Accuracy and Completeness of Citations   
9              Timeliness and Relevance of References   
10   Avoidance of Plagiarism and Appropriate Citation   
11             Critical Analysis of Existing Research   
12   Proposal of New Research Directions or Questions   
13                Potential Contribution to the Field   
14             Clarity of Research Method Description   
15                    Rationality of Method Selection   
16                           Rigor of Research Design   
17               Inclusion of Latest Research Results   
18            Reflection of Current Research Hotspots   
19                     Fluency of Language Expression   
20    Appropriateness of Professional Terminology Use   
21                          Conciseness of Expression   
22  Practical Application Potential of Research Re...   
23                Feasibility of Proposed Suggestions   
24                             Logic of Argumentation   
25                   Multi-angle Analysis of Problems   
26  Identification and Discussion of Research Limi...   

    ICC (Intraclass Correlation Coefficient) ICC 95% Confidence Interval  \
0                                   0.475602                [0.37, 0.59]   
1                                   0.843610                [0.79, 0.89]   
2                                   0.425019                [0.32, 0.54]   
3                                   0.794991                [0.73, 0.86]   
4                                   0.869187                [0.82, 0.91]   
5                                   0.841346                [0.78, 0.89]   
6                                   0.842138                [0.79, 0.89]   
7                                   0.730671                [0.65, 0.81]   
8                                   0.594840                  [0.5, 0.7]   
9                                   0.639477                [0.54, 0.74]   
10                                  0.259604                [0.17, 0.37]   
11                                  0.796294                [0.73, 0.86]   
12                                  0.673567                [0.58, 0.76]   
13                                  0.779567                [0.71, 0.85]   
14                                  0.709657                [0.62, 0.79]   
15                                  0.717338                 [0.63, 0.8]   
16                                  0.701753                [0.61, 0.79]   
17                                  0.657577                [0.56, 0.75]   
18                                  0.780926                [0.71, 0.85]   
19                                  0.654176                [0.56, 0.75]   
20                                  0.682574                [0.59, 0.77]   
21                                  0.574615                [0.47, 0.68]   
22                                  0.783337                [0.71, 0.85]   
23                                  0.654983                [0.56, 0.75]   
24                                  0.743699                [0.66, 0.82]   
25                                  0.792577                [0.72, 0.86]   
26                                  0.686009                 [0.6, 0.77]   

    Transitivity Consistency Ratio (%)  
0                            20.000000  
1                            75.757576  
2                            20.000000  
3                            76.363636  
4                            70.068027  
5                            56.250000  
6                            75.757576  
7                            75.757576  
8                            38.235294  
9                            65.217391  
10                           21.739130  
11                           78.181818  
12                           75.757576  
13                           76.363636  
14                           64.077670  
15                           66.917293  
16                           65.217391  
17                           65.217391  
18                           75.159236  
19                           53.030303  
20                           48.936170  
21                           75.151515  
22                           76.363636  
23                           73.202614  
24                           68.992248  
25                           75.757576  
26                           70.860927  

Results have been saved to 'reliability_analysis.csv'
