Author
10     0.884531
8      7.742535
2      8.074525
0     11.440574
5     13.179364
1     24.903351
7     35.916088
4     66.146966
6     89.482953
3     91.141331
9     98.281475
Name: Score, dtype: float64

Results have been saved to 'pagerank_results_balanced.csv'
Combined Results:
                                          Subcategory  \
0                                     Topic Relevance   
1                    Comprehensiveness of Information   
2                             Accuracy of Information   
3                        Innovativeness of Viewpoints   
4       Integration of Interdisciplinary Perspectives   
5                        Clarity of Logical Structure   
6               Reasonableness of Chapter Arrangement   
7              Quality of Introduction and Conclusion   
8              Accuracy and Completeness of Citations   
9              Timeliness and Relevance of References   
10   Avoidance of Plagiarism and Appropriate Citation   
11             Critical Analysis of Existing Research   
12   Proposal of New Research Directions or Questions   
13                Potential Contribution to the Field   
14             Clarity of Research Method Description   
15                    Rationality of Method Selection   
16                           Rigor of Research Design   
17               Inclusion of Latest Research Results   
18            Reflection of Current Research Hotspots   
19                     Fluency of Language Expression   
20    Appropriateness of Professional Terminology Use   
21                          Conciseness of Expression   
22  Practical Application Potential of Research Re...   
23                Feasibility of Proposed Suggestions   
24                             Logic of Argumentation   
25                   Multi-angle Analysis of Problems   
26  Identification and Discussion of Research Limi...   

    ICC (Intraclass Correlation Coefficient) ICC 95% Confidence Interval  \
0                                   0.524465                [0.42, 0.64]   
1                                   0.718394                 [0.63, 0.8]   
2                                   0.416947                [0.32, 0.54]   
3                                   0.551179                [0.45, 0.66]   
4                                   0.669034                [0.58, 0.76]   
5                                   0.668173                [0.58, 0.76]   
6                                   0.643256                [0.55, 0.74]   
7                                   0.596095                  [0.5, 0.7]   
8                                   0.544202                [0.44, 0.65]   
9                                   0.613826                [0.52, 0.71]   
10                                  0.263845                [0.18, 0.38]   
11                                  0.549258                [0.45, 0.66]   
12                                  0.487282                 [0.39, 0.6]   
13                                  0.568512                [0.47, 0.68]   
14                                  0.596172                  [0.5, 0.7]   
15                                  0.599087                  [0.5, 0.7]   
16                                  0.597398                  [0.5, 0.7]   
17                                  0.613952                [0.52, 0.71]   
18                                  0.608748                [0.51, 0.71]   
19                                  0.595914                  [0.5, 0.7]   
20                                  0.600089                  [0.5, 0.7]   
21                                  0.582381                [0.48, 0.69]   
22                                  0.595677                  [0.5, 0.7]   
23                                  0.515878                [0.41, 0.63]   
24                                  0.633154                [0.54, 0.73]   
25                                  0.641533                [0.55, 0.74]   
26                                  0.586108                [0.49, 0.69]   

    Transitivity Consistency Ratio (%)  
0                            81.212121  
1                            83.030303  
2                            85.454545  
3                            83.030303  
4                            83.636364  
5                            75.757576  
6                            76.969697  
7                            76.969697  
8                            78.787879  
9                            83.030303  
10                           86.666667  
11                           83.636364  
12                           80.606061  
13                           83.636364  
14                           78.181818  
15                           81.818182  
16                           79.393939  
17                           83.030303  
18                           81.212121  
19                           76.969697  
20                           80.000000  
21                           78.181818  
22                           81.212121  
23                           80.000000  
24                           81.818182  
25                           82.424242  
26                           84.242424  

Results have been saved to 'reliability_analysis.csv'
Author
10     0.349596
8      7.142640
2      8.620937
0     10.338385
5     14.731392
1     24.205853
7     32.698392
4     66.824759
6     90.524143
3     91.321242
9     98.041883
Name: Score, dtype: float64

Results have been saved to 'pagerank_results_balanced.csv'
Combined Results:
                                          Subcategory  \
0                                     Topic Relevance   
1                    Comprehensiveness of Information   
2                             Accuracy of Information   
3                        Innovativeness of Viewpoints   
4       Integration of Interdisciplinary Perspectives   
5                        Clarity of Logical Structure   
6               Reasonableness of Chapter Arrangement   
7              Quality of Introduction and Conclusion   
8              Accuracy and Completeness of Citations   
9              Timeliness and Relevance of References   
10   Avoidance of Plagiarism and Appropriate Citation   
11             Critical Analysis of Existing Research   
12   Proposal of New Research Directions or Questions   
13                Potential Contribution to the Field   
14             Clarity of Research Method Description   
15                    Rationality of Method Selection   
16                           Rigor of Research Design   
17               Inclusion of Latest Research Results   
18            Reflection of Current Research Hotspots   
19                     Fluency of Language Expression   
20    Appropriateness of Professional Terminology Use   
21                          Conciseness of Expression   
22  Practical Application Potential of Research Re...   
23                Feasibility of Proposed Suggestions   
24                             Logic of Argumentation   
25                   Multi-angle Analysis of Problems   
26  Identification and Discussion of Research Limi...   

    ICC (Intraclass Correlation Coefficient) ICC 95% Confidence Interval  \
0                                   0.524465                [0.42, 0.64]   
1                                   0.718394                 [0.63, 0.8]   
2                                   0.416947                [0.32, 0.54]   
3                                   0.551179                [0.45, 0.66]   
4                                   0.669034                [0.58, 0.76]   
5                                   0.668173                [0.58, 0.76]   
6                                   0.643256                [0.55, 0.74]   
7                                   0.596095                  [0.5, 0.7]   
8                                   0.544202                [0.44, 0.65]   
9                                   0.613826                [0.52, 0.71]   
10                                  0.263845                [0.18, 0.38]   
11                                  0.549258                [0.45, 0.66]   
12                                  0.487282                 [0.39, 0.6]   
13                                  0.568512                [0.47, 0.68]   
14                                  0.596172                  [0.5, 0.7]   
15                                  0.599087                  [0.5, 0.7]   
16                                  0.597398                  [0.5, 0.7]   
17                                  0.613952                [0.52, 0.71]   
18                                  0.608748                [0.51, 0.71]   
19                                  0.595914                  [0.5, 0.7]   
20                                  0.600089                  [0.5, 0.7]   
21                                  0.582381                [0.48, 0.69]   
22                                  0.595677                  [0.5, 0.7]   
23                                  0.515878                [0.41, 0.63]   
24                                  0.633154                [0.54, 0.73]   
25                                  0.641533                [0.55, 0.74]   
26                                  0.586108                [0.49, 0.69]   

    Transitivity Consistency Ratio (%)  
0                            80.000000  
1                            83.030303  
2                            66.197183  
3                            83.030303  
4                            82.692308  
5                            75.308642  
6                            76.969697  
7                            75.641026  
8                            74.820144  
9                            83.030303  
10                           69.014085  
11                           83.636364  
12                           80.606061  
13                           83.636364  
14                           78.181818  
15                           81.818182  
16                           79.393939  
17                           83.030303  
18                           81.212121  
19                           76.969697  
20                           80.000000  
21                           78.181818  
22                           80.503145  
23                           80.000000  
24                           81.818182  
25                           81.987578  
26                           83.544304  

Results have been saved to 'reliability_analysis.csv'
Author
10     0.349596
8      7.142640
2      8.620937
0     10.338385
5     14.731392
1     24.205853
7     32.698392
4     66.824759
6     90.524143
3     91.321242
9     98.041883
Name: Score, dtype: float64

Results have been saved to 'pagerank_results_balanced.csv'
Combined Results:
                                          Subcategory  \
0                                     Topic Relevance   
1                    Comprehensiveness of Information   
2                             Accuracy of Information   
3                        Innovativeness of Viewpoints   
4       Integration of Interdisciplinary Perspectives   
5                        Clarity of Logical Structure   
6               Reasonableness of Chapter Arrangement   
7              Quality of Introduction and Conclusion   
8              Accuracy and Completeness of Citations   
9              Timeliness and Relevance of References   
10   Avoidance of Plagiarism and Appropriate Citation   
11             Critical Analysis of Existing Research   
12   Proposal of New Research Directions or Questions   
13                Potential Contribution to the Field   
14             Clarity of Research Method Description   
15                    Rationality of Method Selection   
16                           Rigor of Research Design   
17               Inclusion of Latest Research Results   
18            Reflection of Current Research Hotspots   
19                     Fluency of Language Expression   
20    Appropriateness of Professional Terminology Use   
21                          Conciseness of Expression   
22  Practical Application Potential of Research Re...   
23                Feasibility of Proposed Suggestions   
24                             Logic of Argumentation   
25                   Multi-angle Analysis of Problems   
26  Identification and Discussion of Research Limi...   

    ICC (Intraclass Correlation Coefficient) ICC 95% Confidence Interval  \
0                                   0.524465                [0.42, 0.64]   
1                                   0.718394                 [0.63, 0.8]   
2                                   0.416947                [0.32, 0.54]   
3                                   0.551179                [0.45, 0.66]   
4                                   0.669034                [0.58, 0.76]   
5                                   0.668173                [0.58, 0.76]   
6                                   0.643256                [0.55, 0.74]   
7                                   0.596095                  [0.5, 0.7]   
8                                   0.544202                [0.44, 0.65]   
9                                   0.613826                [0.52, 0.71]   
10                                  0.263845                [0.18, 0.38]   
11                                  0.549258                [0.45, 0.66]   
12                                  0.487282                 [0.39, 0.6]   
13                                  0.568512                [0.47, 0.68]   
14                                  0.596172                  [0.5, 0.7]   
15                                  0.599087                  [0.5, 0.7]   
16                                  0.597398                  [0.5, 0.7]   
17                                  0.613952                [0.52, 0.71]   
18                                  0.608748                [0.51, 0.71]   
19                                  0.595914                  [0.5, 0.7]   
20                                  0.600089                  [0.5, 0.7]   
21                                  0.582381                [0.48, 0.69]   
22                                  0.595677                  [0.5, 0.7]   
23                                  0.515878                [0.41, 0.63]   
24                                  0.633154                [0.54, 0.73]   
25                                  0.641533                [0.55, 0.74]   
26                                  0.586108                [0.49, 0.69]   

    Transitivity Consistency Ratio (%)  
0                            80.000000  
1                            83.030303  
2                            66.197183  
3                            83.030303  
4                            82.692308  
5                            75.308642  
6                            76.969697  
7                            75.641026  
8                            74.820144  
9                            83.030303  
10                           69.014085  
11                           83.636364  
12                           80.606061  
13                           83.636364  
14                           78.181818  
15                           81.818182  
16                           79.393939  
17                           83.030303  
18                           81.212121  
19                           76.969697  
20                           80.000000  
21                           78.181818  
22                           80.503145  
23                           80.000000  
24                           81.818182  
25                           81.987578  
26                           83.544304  

Results have been saved to 'reliability_analysis.csv'
