Author
10      1.537856
4       3.771988
2       4.973192
7       6.456386
5       9.017018
1       9.360511
8      16.343966
3      33.300500
6      38.455420
0      51.999373
9     100.000000
Name: Score, dtype: float64

Results have been saved to 'pagerank_results_balanced.csv'
Combined Results:
                                          Subcategory  \
0                                     Topic Relevance   
1                    Comprehensiveness of Information   
2                             Accuracy of Information   
3                        Innovativeness of Viewpoints   
4       Integration of Interdisciplinary Perspectives   
5                        Clarity of Logical Structure   
6               Reasonableness of Chapter Arrangement   
7              Quality of Introduction and Conclusion   
8              Accuracy and Completeness of Citations   
9              Timeliness and Relevance of References   
10   Avoidance of Plagiarism and Appropriate Citation   
11             Critical Analysis of Existing Research   
12   Proposal of New Research Directions or Questions   
13                Potential Contribution to the Field   
14             Clarity of Research Method Description   
15                    Rationality of Method Selection   
16                           Rigor of Research Design   
17               Inclusion of Latest Research Results   
18            Reflection of Current Research Hotspots   
19                     Fluency of Language Expression   
20    Appropriateness of Professional Terminology Use   
21                          Conciseness of Expression   
22  Practical Application Potential of Research Re...   
23                Feasibility of Proposed Suggestions   
24                             Logic of Argumentation   
25                   Multi-angle Analysis of Problems   
26  Identification and Discussion of Research Limi...   

    ICC (Intraclass Correlation Coefficient) ICC 95% Confidence Interval  \
0                                   0.502508                 [0.4, 0.62]   
1                                   0.788662                [0.72, 0.85]   
2                                   0.167336                 [0.1, 0.27]   
3                                   0.742367                [0.66, 0.82]   
4                                   0.723983                 [0.64, 0.8]   
5                                   0.630306                [0.53, 0.73]   
6                                   0.656824                [0.56, 0.75]   
7                                   0.628117                [0.53, 0.73]   
8                                   0.491766                [0.39, 0.61]   
9                                   0.660768                [0.57, 0.75]   
10                                  0.157669                [0.09, 0.26]   
11                                  0.721639                 [0.64, 0.8]   
12                                  0.547122                [0.45, 0.66]   
13                                  0.706368                [0.62, 0.79]   
14                                  0.617495                [0.52, 0.72]   
15                                  0.638924                [0.54, 0.74]   
16                                  0.636951                [0.54, 0.73]   
17                                  0.652294                [0.56, 0.75]   
18                                  0.702497                [0.62, 0.79]   
19                                  0.538974                [0.44, 0.65]   
20                                  0.559820                [0.46, 0.67]   
21                                  0.533604                [0.43, 0.65]   
22                                  0.616254                [0.52, 0.72]   
23                                  0.563194                [0.46, 0.67]   
24                                  0.653683                [0.56, 0.75]   
25                                  0.685687                 [0.6, 0.77]   
26                                  0.649867                [0.56, 0.74]   

    Transitivity Consistency Ratio (%)  
0                            84.242424  
1                            78.787879  
2                            88.484848  
3                            78.787879  
4                            76.363636  
5                            76.969697  
6                            74.545455  
7                            76.969697  
8                            84.242424  
9                            78.181818  
10                           89.090909  
11                           78.787879  
12                           78.181818  
13                           78.787879  
14                           78.787879  
15                           78.181818  
16                           78.787879  
17                           78.181818  
18                           77.575758  
19                           76.969697  
20                           78.181818  
21                           76.363636  
22                           78.181818  
23                           78.181818  
24                           76.363636  
25                           76.363636  
26                           78.181818  

Results have been saved to 'reliability_analysis.csv'
Author
10      1.531461
4       3.633420
2       4.175674
7       5.989545
1       8.450675
5       9.066742
8      17.456412
3      33.379421
6      43.680193
0      52.847384
9     100.000000
Name: Score, dtype: float64

Results have been saved to 'pagerank_results_balanced.csv'
Combined Results:
                                          Subcategory  \
0                                     Topic Relevance   
1                    Comprehensiveness of Information   
2                             Accuracy of Information   
3                        Innovativeness of Viewpoints   
4       Integration of Interdisciplinary Perspectives   
5                        Clarity of Logical Structure   
6               Reasonableness of Chapter Arrangement   
7              Quality of Introduction and Conclusion   
8              Accuracy and Completeness of Citations   
9              Timeliness and Relevance of References   
10   Avoidance of Plagiarism and Appropriate Citation   
11             Critical Analysis of Existing Research   
12   Proposal of New Research Directions or Questions   
13                Potential Contribution to the Field   
14             Clarity of Research Method Description   
15                    Rationality of Method Selection   
16                           Rigor of Research Design   
17               Inclusion of Latest Research Results   
18            Reflection of Current Research Hotspots   
19                     Fluency of Language Expression   
20    Appropriateness of Professional Terminology Use   
21                          Conciseness of Expression   
22  Practical Application Potential of Research Re...   
23                Feasibility of Proposed Suggestions   
24                             Logic of Argumentation   
25                   Multi-angle Analysis of Problems   
26  Identification and Discussion of Research Limi...   

    ICC (Intraclass Correlation Coefficient) ICC 95% Confidence Interval  \
0                                   0.502508                 [0.4, 0.62]   
1                                   0.788662                [0.72, 0.85]   
2                                   0.167336                 [0.1, 0.27]   
3                                   0.742367                [0.66, 0.82]   
4                                   0.723983                 [0.64, 0.8]   
5                                   0.630306                [0.53, 0.73]   
6                                   0.656824                [0.56, 0.75]   
7                                   0.628117                [0.53, 0.73]   
8                                   0.491766                [0.39, 0.61]   
9                                   0.660768                [0.57, 0.75]   
10                                  0.157669                [0.09, 0.26]   
11                                  0.721639                 [0.64, 0.8]   
12                                  0.547122                [0.45, 0.66]   
13                                  0.706368                [0.62, 0.79]   
14                                  0.617495                [0.52, 0.72]   
15                                  0.638924                [0.54, 0.74]   
16                                  0.636951                [0.54, 0.73]   
17                                  0.652294                [0.56, 0.75]   
18                                  0.702497                [0.62, 0.79]   
19                                  0.538974                [0.44, 0.65]   
20                                  0.559820                [0.46, 0.67]   
21                                  0.533604                [0.43, 0.65]   
22                                  0.616254                [0.52, 0.72]   
23                                  0.563194                [0.46, 0.67]   
24                                  0.653683                [0.56, 0.75]   
25                                  0.685687                 [0.6, 0.77]   
26                                  0.649867                [0.56, 0.74]   

    Transitivity Consistency Ratio (%)  
0                            59.375000  
1                            78.787879  
2                            36.666667  
3                            78.787879  
4                            76.363636  
5                            76.969697  
6                            74.545455  
7                            76.969697  
8                            67.901235  
9                            78.181818  
10                           51.351351  
11                           78.787879  
12                           78.181818  
13                           78.787879  
14                           78.787879  
15                           78.181818  
16                           78.787879  
17                           78.181818  
18                           76.282051  
19                           76.969697  
20                           78.181818  
21                           76.363636  
22                           78.181818  
23                           78.181818  
24                           76.363636  
25                           76.363636  
26                           78.181818  

Results have been saved to 'reliability_analysis.csv'
Author
10      1.531461
4       3.633420
2       4.175674
7       5.989545
1       8.450675
5       9.066742
8      17.456412
3      33.379421
6      43.680193
0      52.847384
9     100.000000
Name: Score, dtype: float64

Results have been saved to 'pagerank_results_balanced.csv'
Combined Results:
                                          Subcategory  \
0                                     Topic Relevance   
1                    Comprehensiveness of Information   
2                             Accuracy of Information   
3                        Innovativeness of Viewpoints   
4       Integration of Interdisciplinary Perspectives   
5                        Clarity of Logical Structure   
6               Reasonableness of Chapter Arrangement   
7              Quality of Introduction and Conclusion   
8              Accuracy and Completeness of Citations   
9              Timeliness and Relevance of References   
10   Avoidance of Plagiarism and Appropriate Citation   
11             Critical Analysis of Existing Research   
12   Proposal of New Research Directions or Questions   
13                Potential Contribution to the Field   
14             Clarity of Research Method Description   
15                    Rationality of Method Selection   
16                           Rigor of Research Design   
17               Inclusion of Latest Research Results   
18            Reflection of Current Research Hotspots   
19                     Fluency of Language Expression   
20    Appropriateness of Professional Terminology Use   
21                          Conciseness of Expression   
22  Practical Application Potential of Research Re...   
23                Feasibility of Proposed Suggestions   
24                             Logic of Argumentation   
25                   Multi-angle Analysis of Problems   
26  Identification and Discussion of Research Limi...   

    ICC (Intraclass Correlation Coefficient) ICC 95% Confidence Interval  \
0                                   0.502508                 [0.4, 0.62]   
1                                   0.788662                [0.72, 0.85]   
2                                   0.167336                 [0.1, 0.27]   
3                                   0.742367                [0.66, 0.82]   
4                                   0.723983                 [0.64, 0.8]   
5                                   0.630306                [0.53, 0.73]   
6                                   0.656824                [0.56, 0.75]   
7                                   0.628117                [0.53, 0.73]   
8                                   0.491766                [0.39, 0.61]   
9                                   0.660768                [0.57, 0.75]   
10                                  0.157669                [0.09, 0.26]   
11                                  0.721639                 [0.64, 0.8]   
12                                  0.547122                [0.45, 0.66]   
13                                  0.706368                [0.62, 0.79]   
14                                  0.617495                [0.52, 0.72]   
15                                  0.638924                [0.54, 0.74]   
16                                  0.636951                [0.54, 0.73]   
17                                  0.652294                [0.56, 0.75]   
18                                  0.702497                [0.62, 0.79]   
19                                  0.538974                [0.44, 0.65]   
20                                  0.559820                [0.46, 0.67]   
21                                  0.533604                [0.43, 0.65]   
22                                  0.616254                [0.52, 0.72]   
23                                  0.563194                [0.46, 0.67]   
24                                  0.653683                [0.56, 0.75]   
25                                  0.685687                 [0.6, 0.77]   
26                                  0.649867                [0.56, 0.74]   

    Transitivity Consistency Ratio (%)  
0                            59.375000  
1                            78.787879  
2                            36.666667  
3                            78.787879  
4                            76.363636  
5                            76.969697  
6                            74.545455  
7                            76.969697  
8                            67.901235  
9                            78.181818  
10                           51.351351  
11                           78.787879  
12                           78.181818  
13                           78.787879  
14                           78.787879  
15                           78.181818  
16                           78.787879  
17                           78.181818  
18                           76.282051  
19                           76.969697  
20                           78.181818  
21                           76.363636  
22                           78.181818  
23                           78.181818  
24                           76.363636  
25                           76.363636  
26                           78.181818  

Results have been saved to 'reliability_analysis.csv'
