Author
3      0.171496
4      3.273691
0      5.093000
8      6.154690
5      6.631905
6      8.066574
2     10.805373
1     15.219643
7     19.881198
9     29.218072
10    95.161846
Name: Score, dtype: float64

Results have been saved to 'pagerank_results_balanced.csv'
Combined Results:
                                          Subcategory  \
0                                     Topic Relevance   
1                    Comprehensiveness of Information   
2                             Accuracy of Information   
3                        Innovativeness of Viewpoints   
4       Integration of Interdisciplinary Perspectives   
5                        Clarity of Logical Structure   
6               Reasonableness of Chapter Arrangement   
7              Quality of Introduction and Conclusion   
8              Accuracy and Completeness of Citations   
9              Timeliness and Relevance of References   
10   Avoidance of Plagiarism and Appropriate Citation   
11             Critical Analysis of Existing Research   
12   Proposal of New Research Directions or Questions   
13                Potential Contribution to the Field   
14             Clarity of Research Method Description   
15                    Rationality of Method Selection   
16                           Rigor of Research Design   
17               Inclusion of Latest Research Results   
18            Reflection of Current Research Hotspots   
19                     Fluency of Language Expression   
20    Appropriateness of Professional Terminology Use   
21                          Conciseness of Expression   
22  Practical Application Potential of Research Re...   
23                Feasibility of Proposed Suggestions   
24                             Logic of Argumentation   
25                   Multi-angle Analysis of Problems   
26  Identification and Discussion of Research Limi...   

    ICC (Intraclass Correlation Coefficient) ICC 95% Confidence Interval  \
0                                   0.342975                [0.25, 0.46]   
1                                   0.882022                [0.82, 0.93]   
2                                   0.213370                [0.14, 0.32]   
3                                   0.732137                [0.63, 0.82]   
4                                   0.886955                [0.84, 0.92]   
5                                   0.711697                [0.59, 0.81]   
6                                   0.804164                [0.73, 0.87]   
7                                   0.670129                [0.57, 0.76]   
8                                   0.102398                [0.05, 0.19]   
9                                   0.269109                [0.18, 0.38]   
10                                  0.041682                [-0.0, 0.11]   
11                                  0.686975                [0.57, 0.79]   
12                                  0.630825                [0.52, 0.73]   
13                                  0.686908                [0.57, 0.79]   
14                                  0.739694                [0.64, 0.82]   
15                                  0.746641                [0.66, 0.83]   
16                                  0.712606                 [0.61, 0.8]   
17                                  0.282411                 [0.19, 0.4]   
18                                  0.792124                [0.71, 0.86]   
19                                  0.588557                 [0.49, 0.7]   
20                                  0.624145                [0.52, 0.73]   
21                                  0.575234                [0.47, 0.68]   
22                                  0.664445                [0.55, 0.77]   
23                                  0.645492                [0.54, 0.75]   
24                                  0.653929                [0.53, 0.76]   
25                                  0.792225                [0.71, 0.86]   
26                                  0.692241                [0.58, 0.79]   

    Transitivity Consistency Ratio (%)  
0                           100.000000  
1                            75.151515  
2                            98.181818  
3                            72.727273  
4                            75.757576  
5                            72.727273  
6                            76.363636  
7                            73.939394  
8                            78.787879  
9                            82.424242  
10                          100.000000  
11                           72.121212  
12                           73.333333  
13                           72.121212  
14                           76.969697  
15                           77.575758  
16                           77.575758  
17                           81.212121  
18                           76.969697  
19                           79.393939  
20                           85.454545  
21                           77.575758  
22                           73.333333  
23                           73.333333  
24                           73.939394  
25                           76.363636  
26                           73.939394  

Results have been saved to 'reliability_analysis.csv'
