Author
6      0.488021
1      0.908474
4      2.084018
3      7.283836
0     19.049129
8     24.943990
7     26.201761
10    31.644853
5     81.882941
2     86.373016
9     99.694259
Name: Score, dtype: float64

Results have been saved to 'pagerank_results_balanced.csv'
Combined Results:
                                          Subcategory  \
0                                     Topic Relevance   
1                    Comprehensiveness of Information   
2                             Accuracy of Information   
3                        Innovativeness of Viewpoints   
4       Integration of Interdisciplinary Perspectives   
5                        Clarity of Logical Structure   
6               Reasonableness of Chapter Arrangement   
7              Quality of Introduction and Conclusion   
8              Accuracy and Completeness of Citations   
9              Timeliness and Relevance of References   
10   Avoidance of Plagiarism and Appropriate Citation   
11             Critical Analysis of Existing Research   
12   Proposal of New Research Directions or Questions   
13                Potential Contribution to the Field   
14             Clarity of Research Method Description   
15                    Rationality of Method Selection   
16                           Rigor of Research Design   
17               Inclusion of Latest Research Results   
18            Reflection of Current Research Hotspots   
19                     Fluency of Language Expression   
20    Appropriateness of Professional Terminology Use   
21                          Conciseness of Expression   
22  Practical Application Potential of Research Re...   
23                Feasibility of Proposed Suggestions   
24                             Logic of Argumentation   
25                   Multi-angle Analysis of Problems   
26  Identification and Discussion of Research Limi...   

    ICC (Intraclass Correlation Coefficient) ICC 95% Confidence Interval  \
0                                   0.442526                [0.34, 0.56]   
1                                   0.791572                [0.72, 0.86]   
2                                   0.478608                 [0.38, 0.6]   
3                                   0.506972                 [0.4, 0.62]   
4                                   0.724737                 [0.64, 0.8]   
5                                   0.547388                [0.44, 0.66]   
6                                   0.552297                [0.45, 0.66]   
7                                   0.498730                [0.39, 0.62]   
8                                   0.542791                [0.44, 0.65]   
9                                   0.661066                [0.57, 0.75]   
10                                  0.320079                [0.23, 0.44]   
11                                  0.586922                [0.48, 0.69]   
12                                  0.422612                [0.32, 0.54]   
13                                  0.564891                [0.46, 0.67]   
14                                  0.568583                [0.46, 0.68]   
15                                  0.566056                [0.46, 0.68]   
16                                  0.555013                [0.44, 0.67]   
17                                  0.673065                [0.58, 0.76]   
18                                  0.652548                [0.56, 0.75]   
19                                  0.422380                [0.31, 0.55]   
20                                  0.448822                [0.34, 0.57]   
21                                  0.364807                [0.26, 0.49]   
22                                  0.514237                [0.41, 0.63]   
23                                  0.416209                [0.32, 0.54]   
24                                  0.515591                [0.41, 0.63]   
25                                  0.637975                [0.54, 0.74]   
26                                  0.565215                [0.46, 0.67]   

    Transitivity Consistency Ratio (%)  
0                            90.909091  
1                            75.757576  
2                            87.878788  
3                            87.878788  
4                            73.939394  
5                            72.727273  
6                            73.333333  
7                            70.303030  
8                            77.575758  
9                            80.000000  
10                           90.909091  
11                           82.424242  
12                           87.878788  
13                           81.212121  
14                           76.969697  
15                           76.363636  
16                           76.363636  
17                           78.181818  
18                           75.757576  
19                           72.727273  
20                           73.333333  
21                           72.727273  
22                           83.030303  
23                           80.000000  
24                           72.727273  
25                           73.939394  
26                           73.939394  

Results have been saved to 'reliability_analysis.csv'
Author
10     0.000000
6     11.671348
1     11.898539
4     13.982388
3     32.869501
0     50.205814
8     54.749388
7     56.395292
5     92.224424
2     94.366836
9     99.785289
Name: Score, dtype: float64

Results have been saved to 'pagerank_results_balanced.csv'
Combined Results:
                                          Subcategory  \
0                                     Topic Relevance   
1                    Comprehensiveness of Information   
2                             Accuracy of Information   
3                        Innovativeness of Viewpoints   
4       Integration of Interdisciplinary Perspectives   
5                        Clarity of Logical Structure   
6               Reasonableness of Chapter Arrangement   
7              Quality of Introduction and Conclusion   
8              Accuracy and Completeness of Citations   
9              Timeliness and Relevance of References   
10   Avoidance of Plagiarism and Appropriate Citation   
11             Critical Analysis of Existing Research   
12   Proposal of New Research Directions or Questions   
13                Potential Contribution to the Field   
14             Clarity of Research Method Description   
15                    Rationality of Method Selection   
16                           Rigor of Research Design   
17               Inclusion of Latest Research Results   
18            Reflection of Current Research Hotspots   
19                     Fluency of Language Expression   
20    Appropriateness of Professional Terminology Use   
21                          Conciseness of Expression   
22  Practical Application Potential of Research Re...   
23                Feasibility of Proposed Suggestions   
24                             Logic of Argumentation   
25                   Multi-angle Analysis of Problems   
26  Identification and Discussion of Research Limi...   

    ICC (Intraclass Correlation Coefficient) ICC 95% Confidence Interval  \
0                                   0.491331                [0.39, 0.61]   
1                                   0.806447                [0.74, 0.87]   
2                                   0.566610                [0.47, 0.67]   
3                                   0.592801                 [0.49, 0.7]   
4                                   0.733369                [0.65, 0.81]   
5                                   0.565709                [0.46, 0.68]   
6                                   0.561225                [0.46, 0.67]   
7                                   0.520401                [0.41, 0.64]   
8                                   0.599520                  [0.5, 0.7]   
9                                   0.680190                [0.59, 0.77]   
10                                  0.437208                [0.34, 0.56]   
11                                  0.655061                [0.56, 0.75]   
12                                  0.518893                [0.42, 0.63]   
13                                  0.646481                [0.55, 0.74]   
14                                  0.572569                [0.47, 0.68]   
15                                  0.564632                [0.46, 0.68]   
16                                  0.553173                [0.44, 0.67]   
17                                  0.702644                [0.62, 0.79]   
18                                  0.718216                 [0.63, 0.8]   
19                                  0.435521                [0.33, 0.56]   
20                                  0.476509                 [0.37, 0.6]   
21                                  0.398003                 [0.3, 0.52]   
22                                  0.599081                  [0.5, 0.7]   
23                                  0.487535                 [0.38, 0.6]   
24                                  0.561531                [0.45, 0.68]   
25                                  0.655771                [0.56, 0.75]   
26                                  0.586298                [0.48, 0.69]   

    Transitivity Consistency Ratio (%)  
0                            91.515152  
1                            83.030303  
2                            88.484848  
3                            85.454545  
4                            80.000000  
5                            78.787879  
6                            80.000000  
7                            76.969697  
8                            81.212121  
9                            81.818182  
10                           90.909091  
11                           81.818182  
12                           86.060606  
13                           80.606061  
14                           84.848485  
15                           83.636364  
16                           83.636364  
17                           81.212121  
18                           77.575758  
19                           78.787879  
20                           80.000000  
21                           79.393939  
22                           80.606061  
23                           77.575758  
24                           78.787879  
25                           80.000000  
26                           81.212121  

Results have been saved to 'reliability_analysis.csv'
Author
10     0.000000
6     11.671348
1     11.898539
4     13.982388
3     32.869501
0     50.205814
8     54.749388
7     56.395292
5     92.224424
2     94.366836
9     99.785289
Name: Score, dtype: float64

Results have been saved to 'pagerank_results_balanced.csv'
Combined Results:
                                          Subcategory  \
0                                     Topic Relevance   
1                    Comprehensiveness of Information   
2                             Accuracy of Information   
3                        Innovativeness of Viewpoints   
4       Integration of Interdisciplinary Perspectives   
5                        Clarity of Logical Structure   
6               Reasonableness of Chapter Arrangement   
7              Quality of Introduction and Conclusion   
8              Accuracy and Completeness of Citations   
9              Timeliness and Relevance of References   
10   Avoidance of Plagiarism and Appropriate Citation   
11             Critical Analysis of Existing Research   
12   Proposal of New Research Directions or Questions   
13                Potential Contribution to the Field   
14             Clarity of Research Method Description   
15                    Rationality of Method Selection   
16                           Rigor of Research Design   
17               Inclusion of Latest Research Results   
18            Reflection of Current Research Hotspots   
19                     Fluency of Language Expression   
20    Appropriateness of Professional Terminology Use   
21                          Conciseness of Expression   
22  Practical Application Potential of Research Re...   
23                Feasibility of Proposed Suggestions   
24                             Logic of Argumentation   
25                   Multi-angle Analysis of Problems   
26  Identification and Discussion of Research Limi...   

    ICC (Intraclass Correlation Coefficient) ICC 95% Confidence Interval  \
0                                   0.491331                [0.39, 0.61]   
1                                   0.806447                [0.74, 0.87]   
2                                   0.566610                [0.47, 0.67]   
3                                   0.592801                 [0.49, 0.7]   
4                                   0.733369                [0.65, 0.81]   
5                                   0.565709                [0.46, 0.68]   
6                                   0.561225                [0.46, 0.67]   
7                                   0.520401                [0.41, 0.64]   
8                                   0.599520                  [0.5, 0.7]   
9                                   0.680190                [0.59, 0.77]   
10                                  0.437208                [0.34, 0.56]   
11                                  0.655061                [0.56, 0.75]   
12                                  0.518893                [0.42, 0.63]   
13                                  0.646481                [0.55, 0.74]   
14                                  0.572569                [0.47, 0.68]   
15                                  0.564632                [0.46, 0.68]   
16                                  0.553173                [0.44, 0.67]   
17                                  0.702644                [0.62, 0.79]   
18                                  0.718216                 [0.63, 0.8]   
19                                  0.435521                [0.33, 0.56]   
20                                  0.476509                 [0.37, 0.6]   
21                                  0.398003                 [0.3, 0.52]   
22                                  0.599081                  [0.5, 0.7]   
23                                  0.487535                 [0.38, 0.6]   
24                                  0.561531                [0.45, 0.68]   
25                                  0.655771                [0.56, 0.75]   
26                                  0.586298                [0.48, 0.69]   

    Transitivity Consistency Ratio (%)  
0                            91.515152  
1                            83.030303  
2                            88.484848  
3                            85.454545  
4                            80.000000  
5                            78.787879  
6                            80.000000  
7                            76.969697  
8                            81.212121  
9                            81.818182  
10                           90.909091  
11                           81.818182  
12                           86.060606  
13                           80.606061  
14                           84.848485  
15                           83.636364  
16                           83.636364  
17                           81.212121  
18                           77.575758  
19                           78.787879  
20                           80.000000  
21                           79.393939  
22                           80.606061  
23                           77.575758  
24                           78.787879  
25                           80.000000  
26                           81.212121  

Results have been saved to 'reliability_analysis.csv'
Author
10     0.000000
4     12.302612
1     13.279779
6     13.305728
3     32.379324
0     48.502687
8     58.213547
7     58.887473
5     91.565655
2     93.885995
9     99.718417
Name: Score, dtype: float64

Results have been saved to 'pagerank_results_balanced.csv'
Combined Results:
                                          Subcategory  \
0                                     Topic Relevance   
1                    Comprehensiveness of Information   
2                             Accuracy of Information   
3                        Innovativeness of Viewpoints   
4       Integration of Interdisciplinary Perspectives   
5                        Clarity of Logical Structure   
6               Reasonableness of Chapter Arrangement   
7              Quality of Introduction and Conclusion   
8              Accuracy and Completeness of Citations   
9              Timeliness and Relevance of References   
10   Avoidance of Plagiarism and Appropriate Citation   
11             Critical Analysis of Existing Research   
12   Proposal of New Research Directions or Questions   
13                Potential Contribution to the Field   
14             Clarity of Research Method Description   
15                    Rationality of Method Selection   
16                           Rigor of Research Design   
17               Inclusion of Latest Research Results   
18            Reflection of Current Research Hotspots   
19                     Fluency of Language Expression   
20    Appropriateness of Professional Terminology Use   
21                          Conciseness of Expression   
22  Practical Application Potential of Research Re...   
23                Feasibility of Proposed Suggestions   
24                             Logic of Argumentation   
25                   Multi-angle Analysis of Problems   
26  Identification and Discussion of Research Limi...   

    ICC (Intraclass Correlation Coefficient) ICC 95% Confidence Interval  \
0                                   0.491331                [0.39, 0.61]   
1                                   0.806447                [0.74, 0.87]   
2                                   0.566610                [0.47, 0.67]   
3                                   0.592801                 [0.49, 0.7]   
4                                   0.733369                [0.65, 0.81]   
5                                   0.565709                [0.46, 0.68]   
6                                   0.561225                [0.46, 0.67]   
7                                   0.520401                [0.41, 0.64]   
8                                   0.599520                  [0.5, 0.7]   
9                                   0.680190                [0.59, 0.77]   
10                                  0.437208                [0.34, 0.56]   
11                                  0.655061                [0.56, 0.75]   
12                                  0.518893                [0.42, 0.63]   
13                                  0.646481                [0.55, 0.74]   
14                                  0.572569                [0.47, 0.68]   
15                                  0.564632                [0.46, 0.68]   
16                                  0.553173                [0.44, 0.67]   
17                                  0.702644                [0.62, 0.79]   
18                                  0.718216                 [0.63, 0.8]   
19                                  0.435521                [0.33, 0.56]   
20                                  0.476509                 [0.37, 0.6]   
21                                  0.398003                 [0.3, 0.52]   
22                                  0.599081                  [0.5, 0.7]   
23                                  0.487535                 [0.38, 0.6]   
24                                  0.561531                [0.45, 0.68]   
25                                  0.655771                [0.56, 0.75]   
26                                  0.586298                [0.48, 0.69]   

    Transitivity Consistency Ratio (%)  
0                            51.724138  
1                            83.030303  
2                            58.695652  
3                            84.000000  
4                            80.000000  
5                            78.787879  
6                            78.000000  
7                            76.250000  
8                            71.818182  
9                            81.012658  
10                           62.500000  
11                           80.891720  
12                           85.350318  
13                           78.666667  
14                           84.848485  
15                           83.636364  
16                           83.636364  
17                           81.212121  
18                           77.575758  
19                           78.787879  
20                           80.000000  
21                           79.393939  
22                           79.617834  
23                           76.582278  
24                           78.787879  
25                           80.000000  
26                           81.212121  

Results have been saved to 'reliability_analysis.csv'
Author
10     0.000000
4     12.302612
1     13.279779
6     13.305728
3     32.379324
0     48.502687
8     58.213547
7     58.887473
5     91.565655
2     93.885995
9     99.718417
Name: Score, dtype: float64

Results have been saved to 'pagerank_results_balanced.csv'
Combined Results:
                                          Subcategory  \
0                                     Topic Relevance   
1                    Comprehensiveness of Information   
2                             Accuracy of Information   
3                        Innovativeness of Viewpoints   
4       Integration of Interdisciplinary Perspectives   
5                        Clarity of Logical Structure   
6               Reasonableness of Chapter Arrangement   
7              Quality of Introduction and Conclusion   
8              Accuracy and Completeness of Citations   
9              Timeliness and Relevance of References   
10   Avoidance of Plagiarism and Appropriate Citation   
11             Critical Analysis of Existing Research   
12   Proposal of New Research Directions or Questions   
13                Potential Contribution to the Field   
14             Clarity of Research Method Description   
15                    Rationality of Method Selection   
16                           Rigor of Research Design   
17               Inclusion of Latest Research Results   
18            Reflection of Current Research Hotspots   
19                     Fluency of Language Expression   
20    Appropriateness of Professional Terminology Use   
21                          Conciseness of Expression   
22  Practical Application Potential of Research Re...   
23                Feasibility of Proposed Suggestions   
24                             Logic of Argumentation   
25                   Multi-angle Analysis of Problems   
26  Identification and Discussion of Research Limi...   

    ICC (Intraclass Correlation Coefficient) ICC 95% Confidence Interval  \
0                                   0.491331                [0.39, 0.61]   
1                                   0.806447                [0.74, 0.87]   
2                                   0.566610                [0.47, 0.67]   
3                                   0.592801                 [0.49, 0.7]   
4                                   0.733369                [0.65, 0.81]   
5                                   0.565709                [0.46, 0.68]   
6                                   0.561225                [0.46, 0.67]   
7                                   0.520401                [0.41, 0.64]   
8                                   0.599520                  [0.5, 0.7]   
9                                   0.680190                [0.59, 0.77]   
10                                  0.437208                [0.34, 0.56]   
11                                  0.655061                [0.56, 0.75]   
12                                  0.518893                [0.42, 0.63]   
13                                  0.646481                [0.55, 0.74]   
14                                  0.572569                [0.47, 0.68]   
15                                  0.564632                [0.46, 0.68]   
16                                  0.553173                [0.44, 0.67]   
17                                  0.702644                [0.62, 0.79]   
18                                  0.718216                 [0.63, 0.8]   
19                                  0.435521                [0.33, 0.56]   
20                                  0.476509                 [0.37, 0.6]   
21                                  0.398003                 [0.3, 0.52]   
22                                  0.599081                  [0.5, 0.7]   
23                                  0.487535                 [0.38, 0.6]   
24                                  0.561531                [0.45, 0.68]   
25                                  0.655771                [0.56, 0.75]   
26                                  0.586298                [0.48, 0.69]   

    Transitivity Consistency Ratio (%)  
0                            51.724138  
1                            83.030303  
2                            58.695652  
3                            84.000000  
4                            80.000000  
5                            78.787879  
6                            78.000000  
7                            76.250000  
8                            71.818182  
9                            81.012658  
10                           62.500000  
11                           80.891720  
12                           85.350318  
13                           78.666667  
14                           84.848485  
15                           83.636364  
16                           83.636364  
17                           81.212121  
18                           77.575758  
19                           78.787879  
20                           80.000000  
21                           79.393939  
22                           79.617834  
23                           76.582278  
24                           78.787879  
25                           80.000000  
26                           81.212121  

Results have been saved to 'reliability_analysis.csv'
