Author
10     0.000000
8     24.617471
3     41.451194
6     66.892472
4     75.716532
0     76.820131
5     87.794586
7     88.002325
2     91.949240
9     96.419670
1     97.577589
Name: Score, dtype: float64

Results have been saved to 'pagerank_results_balanced.csv'
Combined Results:
                                          Subcategory  \
0                                     Topic Relevance   
1                    Comprehensiveness of Information   
2                             Accuracy of Information   
3                        Innovativeness of Viewpoints   
4       Integration of Interdisciplinary Perspectives   
5                        Clarity of Logical Structure   
6               Reasonableness of Chapter Arrangement   
7              Quality of Introduction and Conclusion   
8              Accuracy and Completeness of Citations   
9              Timeliness and Relevance of References   
10   Avoidance of Plagiarism and Appropriate Citation   
11             Critical Analysis of Existing Research   
12   Proposal of New Research Directions or Questions   
13                Potential Contribution to the Field   
14             Clarity of Research Method Description   
15                    Rationality of Method Selection   
16                           Rigor of Research Design   
17               Inclusion of Latest Research Results   
18            Reflection of Current Research Hotspots   
19                     Fluency of Language Expression   
20    Appropriateness of Professional Terminology Use   
21                          Conciseness of Expression   
22  Practical Application Potential of Research Re...   
23                Feasibility of Proposed Suggestions   
24                             Logic of Argumentation   
25                   Multi-angle Analysis of Problems   
26  Identification and Discussion of Research Limi...   

    ICC (Intraclass Correlation Coefficient) ICC 95% Confidence Interval  \
0                                   0.494119                [0.39, 0.61]   
1                                   0.796715                [0.73, 0.86]   
2                                   0.433138                [0.33, 0.55]   
3                                   0.708526                [0.62, 0.79]   
4                                   0.694186                [0.61, 0.78]   
5                                   0.698756                [0.61, 0.79]   
6                                   0.718717                 [0.63, 0.8]   
7                                   0.593525                 [0.49, 0.7]   
8                                   0.602666                 [0.5, 0.71]   
9                                   0.696213                [0.61, 0.78]   
10                                  0.349441                [0.25, 0.47]   
11                                  0.686515                 [0.6, 0.78]   
12                                  0.657095                [0.56, 0.75]   
13                                  0.699488                [0.61, 0.78]   
14                                  0.647287                [0.55, 0.74]   
15                                  0.657797                [0.56, 0.75]   
16                                  0.666131                [0.57, 0.76]   
17                                  0.696620                [0.61, 0.78]   
18                                  0.685102                 [0.6, 0.77]   
19                                  0.570310                [0.47, 0.68]   
20                                  0.607407                [0.51, 0.71]   
21                                  0.592269                 [0.49, 0.7]   
22                                  0.655708                [0.56, 0.75]   
23                                  0.594739                  [0.5, 0.7]   
24                                  0.662225                [0.57, 0.76]   
25                                  0.688810                 [0.6, 0.78]   
26                                  0.648208                [0.55, 0.74]   

    Transitivity Consistency Ratio (%)  
0                            78.787879  
1                            76.363636  
2                            83.030303  
3                            77.575758  
4                            77.575758  
5                            76.363636  
6                            77.575758  
7                            81.212121  
8                            72.727273  
9                            75.151515  
10                           83.636364  
11                           80.000000  
12                           78.787879  
13                           78.787879  
14                           78.181818  
15                           78.181818  
16                           78.181818  
17                           75.151515  
18                           75.757576  
19                           76.363636  
20                           76.969697  
21                           77.575758  
22                           76.363636  
23                           77.575758  
24                           76.969697  
25                           76.363636  
26                           76.363636  

Results have been saved to 'reliability_analysis.csv'
Author
10     0.000000
8     25.465400
3     39.488063
6     66.177427
4     73.481981
0     74.394111
7     88.256152
5     88.279559
2     92.074687
9     96.190532
1     97.618541
Name: Score, dtype: float64

Results have been saved to 'pagerank_results_balanced.csv'
Combined Results:
                                          Subcategory  \
0                                     Topic Relevance   
1                    Comprehensiveness of Information   
2                             Accuracy of Information   
3                        Innovativeness of Viewpoints   
4       Integration of Interdisciplinary Perspectives   
5                        Clarity of Logical Structure   
6               Reasonableness of Chapter Arrangement   
7              Quality of Introduction and Conclusion   
8              Accuracy and Completeness of Citations   
9              Timeliness and Relevance of References   
10   Avoidance of Plagiarism and Appropriate Citation   
11             Critical Analysis of Existing Research   
12   Proposal of New Research Directions or Questions   
13                Potential Contribution to the Field   
14             Clarity of Research Method Description   
15                    Rationality of Method Selection   
16                           Rigor of Research Design   
17               Inclusion of Latest Research Results   
18            Reflection of Current Research Hotspots   
19                     Fluency of Language Expression   
20    Appropriateness of Professional Terminology Use   
21                          Conciseness of Expression   
22  Practical Application Potential of Research Re...   
23                Feasibility of Proposed Suggestions   
24                             Logic of Argumentation   
25                   Multi-angle Analysis of Problems   
26  Identification and Discussion of Research Limi...   

    ICC (Intraclass Correlation Coefficient) ICC 95% Confidence Interval  \
0                                   0.494119                [0.39, 0.61]   
1                                   0.796715                [0.73, 0.86]   
2                                   0.433138                [0.33, 0.55]   
3                                   0.708526                [0.62, 0.79]   
4                                   0.694186                [0.61, 0.78]   
5                                   0.698756                [0.61, 0.79]   
6                                   0.718717                 [0.63, 0.8]   
7                                   0.593525                 [0.49, 0.7]   
8                                   0.602666                 [0.5, 0.71]   
9                                   0.696213                [0.61, 0.78]   
10                                  0.349441                [0.25, 0.47]   
11                                  0.686515                 [0.6, 0.78]   
12                                  0.657095                [0.56, 0.75]   
13                                  0.699488                [0.61, 0.78]   
14                                  0.647287                [0.55, 0.74]   
15                                  0.657797                [0.56, 0.75]   
16                                  0.666131                [0.57, 0.76]   
17                                  0.696620                [0.61, 0.78]   
18                                  0.685102                 [0.6, 0.77]   
19                                  0.570310                [0.47, 0.68]   
20                                  0.607407                [0.51, 0.71]   
21                                  0.592269                 [0.49, 0.7]   
22                                  0.655708                [0.56, 0.75]   
23                                  0.594739                  [0.5, 0.7]   
24                                  0.662225                [0.57, 0.76]   
25                                  0.688810                 [0.6, 0.78]   
26                                  0.648208                [0.55, 0.74]   

    Transitivity Consistency Ratio (%)  
0                            68.181818  
1                            76.363636  
2                            53.333333  
3                            77.575758  
4                            76.433121  
5                            76.363636  
6                            77.575758  
7                            81.212121  
8                            60.869565  
9                            75.151515  
10                           58.461538  
11                           80.000000  
12                           78.787879  
13                           77.848101  
14                           78.181818  
15                           78.181818  
16                           78.181818  
17                           75.151515  
18                           75.757576  
19                           76.363636  
20                           76.969697  
21                           77.575758  
22                           75.316456  
23                           77.575758  
24                           76.969697  
25                           76.363636  
26                           76.363636  

Results have been saved to 'reliability_analysis.csv'
Author
10     0.000000
8     25.465400
3     39.488063
6     66.177427
4     73.481981
0     74.394111
7     88.256152
5     88.279559
2     92.074687
9     96.190532
1     97.618541
Name: Score, dtype: float64

Results have been saved to 'pagerank_results_balanced.csv'
Combined Results:
                                          Subcategory  \
0                                     Topic Relevance   
1                    Comprehensiveness of Information   
2                             Accuracy of Information   
3                        Innovativeness of Viewpoints   
4       Integration of Interdisciplinary Perspectives   
5                        Clarity of Logical Structure   
6               Reasonableness of Chapter Arrangement   
7              Quality of Introduction and Conclusion   
8              Accuracy and Completeness of Citations   
9              Timeliness and Relevance of References   
10   Avoidance of Plagiarism and Appropriate Citation   
11             Critical Analysis of Existing Research   
12   Proposal of New Research Directions or Questions   
13                Potential Contribution to the Field   
14             Clarity of Research Method Description   
15                    Rationality of Method Selection   
16                           Rigor of Research Design   
17               Inclusion of Latest Research Results   
18            Reflection of Current Research Hotspots   
19                     Fluency of Language Expression   
20    Appropriateness of Professional Terminology Use   
21                          Conciseness of Expression   
22  Practical Application Potential of Research Re...   
23                Feasibility of Proposed Suggestions   
24                             Logic of Argumentation   
25                   Multi-angle Analysis of Problems   
26  Identification and Discussion of Research Limi...   

    ICC (Intraclass Correlation Coefficient) ICC 95% Confidence Interval  \
0                                   0.494119                [0.39, 0.61]   
1                                   0.796715                [0.73, 0.86]   
2                                   0.433138                [0.33, 0.55]   
3                                   0.708526                [0.62, 0.79]   
4                                   0.694186                [0.61, 0.78]   
5                                   0.698756                [0.61, 0.79]   
6                                   0.718717                 [0.63, 0.8]   
7                                   0.593525                 [0.49, 0.7]   
8                                   0.602666                 [0.5, 0.71]   
9                                   0.696213                [0.61, 0.78]   
10                                  0.349441                [0.25, 0.47]   
11                                  0.686515                 [0.6, 0.78]   
12                                  0.657095                [0.56, 0.75]   
13                                  0.699488                [0.61, 0.78]   
14                                  0.647287                [0.55, 0.74]   
15                                  0.657797                [0.56, 0.75]   
16                                  0.666131                [0.57, 0.76]   
17                                  0.696620                [0.61, 0.78]   
18                                  0.685102                 [0.6, 0.77]   
19                                  0.570310                [0.47, 0.68]   
20                                  0.607407                [0.51, 0.71]   
21                                  0.592269                 [0.49, 0.7]   
22                                  0.655708                [0.56, 0.75]   
23                                  0.594739                  [0.5, 0.7]   
24                                  0.662225                [0.57, 0.76]   
25                                  0.688810                 [0.6, 0.78]   
26                                  0.648208                [0.55, 0.74]   

    Transitivity Consistency Ratio (%)  
0                            68.181818  
1                            76.363636  
2                            53.333333  
3                            77.575758  
4                            76.433121  
5                            76.363636  
6                            77.575758  
7                            81.212121  
8                            60.869565  
9                            75.151515  
10                           58.461538  
11                           80.000000  
12                           78.787879  
13                           77.848101  
14                           78.181818  
15                           78.181818  
16                           78.181818  
17                           75.151515  
18                           75.757576  
19                           76.363636  
20                           76.969697  
21                           77.575758  
22                           75.316456  
23                           77.575758  
24                           76.969697  
25                           76.363636  
26                           76.363636  

Results have been saved to 'reliability_analysis.csv'
