Author
10      0.000000
8      14.600584
4      18.349768
6      20.952773
0      21.264086
3      33.957778
5      39.476319
7      72.808385
2      76.986902
1      80.096955
9     100.000000
Name: Score, dtype: float64

Results have been saved to 'pagerank_results_balanced.csv'
Combined Results:
                                          Subcategory  \
0                                     Topic Relevance   
1                    Comprehensiveness of Information   
2                             Accuracy of Information   
3                        Innovativeness of Viewpoints   
4       Integration of Interdisciplinary Perspectives   
5                        Clarity of Logical Structure   
6               Reasonableness of Chapter Arrangement   
7              Quality of Introduction and Conclusion   
8              Accuracy and Completeness of Citations   
9              Timeliness and Relevance of References   
10   Avoidance of Plagiarism and Appropriate Citation   
11             Critical Analysis of Existing Research   
12   Proposal of New Research Directions or Questions   
13                Potential Contribution to the Field   
14             Clarity of Research Method Description   
15                    Rationality of Method Selection   
16                           Rigor of Research Design   
17               Inclusion of Latest Research Results   
18            Reflection of Current Research Hotspots   
19                     Fluency of Language Expression   
20    Appropriateness of Professional Terminology Use   
21                          Conciseness of Expression   
22  Practical Application Potential of Research Re...   
23                Feasibility of Proposed Suggestions   
24                             Logic of Argumentation   
25                   Multi-angle Analysis of Problems   
26  Identification and Discussion of Research Limi...   

    ICC (Intraclass Correlation Coefficient) ICC 95% Confidence Interval  \
0                                   0.379546                 [0.28, 0.5]   
1                                   0.767907                [0.69, 0.84]   
2                                   0.379170                 [0.28, 0.5]   
3                                   0.759367                [0.68, 0.83]   
4                                   0.727178                [0.64, 0.81]   
5                                   0.619528                [0.52, 0.72]   
6                                   0.681182                [0.59, 0.77]   
7                                   0.663751                [0.57, 0.76]   
8                                   0.413647                [0.31, 0.53]   
9                                   0.576591                [0.48, 0.68]   
10                                  0.311724                [0.22, 0.43]   
11                                  0.719698                 [0.64, 0.8]   
12                                  0.693349                [0.61, 0.78]   
13                                  0.725418                [0.64, 0.81]   
14                                  0.593229                 [0.49, 0.7]   
15                                  0.594692                  [0.5, 0.7]   
16                                  0.634223                [0.54, 0.73]   
17                                  0.589866                [0.49, 0.69]   
18                                  0.633199                [0.54, 0.73]   
19                                  0.514763                [0.41, 0.63]   
20                                  0.503108                 [0.4, 0.62]   
21                                  0.451193                [0.35, 0.57]   
22                                  0.625048                [0.53, 0.72]   
23                                  0.652793                [0.56, 0.75]   
24                                  0.651352                [0.56, 0.75]   
25                                  0.650408                [0.56, 0.75]   
26                                  0.652192                [0.56, 0.75]   

    Transitivity Consistency Ratio (%)  
0                            82.424242  
1                            71.515152  
2                            87.878788  
3                            70.303030  
4                            73.939394  
5                            78.181818  
6                            70.909091  
7                            71.515152  
8                            86.666667  
9                            73.333333  
10                           82.424242  
11                           70.909091  
12                           71.515152  
13                           71.515152  
14                           80.000000  
15                           73.939394  
16                           74.545455  
17                           73.333333  
18                           70.909091  
19                           78.181818  
20                           76.363636  
21                           72.121212  
22                           71.515152  
23                           71.515152  
24                           70.909091  
25                           70.909091  
26                           71.515152  

Results have been saved to 'reliability_analysis.csv'
Author
10    47.395221
7     49.844172
0     51.813918
1     53.647736
8     55.581474
2     56.810728
4     59.347105
3     64.683945
9     69.752550
6     76.164099
5     79.173618
Name: Score, dtype: float64

Results have been saved to 'pagerank_results_balanced.csv'
Combined Results:
                                          Subcategory  \
0                                     Topic Relevance   
1                    Comprehensiveness of Information   
2                             Accuracy of Information   
3                        Innovativeness of Viewpoints   
4       Integration of Interdisciplinary Perspectives   
5                        Clarity of Logical Structure   
6               Reasonableness of Chapter Arrangement   
7              Quality of Introduction and Conclusion   
8              Accuracy and Completeness of Citations   
9              Timeliness and Relevance of References   
10   Avoidance of Plagiarism and Appropriate Citation   
11             Critical Analysis of Existing Research   
12   Proposal of New Research Directions or Questions   
13                Potential Contribution to the Field   
14             Clarity of Research Method Description   
15                    Rationality of Method Selection   
16                           Rigor of Research Design   
17               Inclusion of Latest Research Results   
18            Reflection of Current Research Hotspots   
19                     Fluency of Language Expression   
20    Appropriateness of Professional Terminology Use   
21                          Conciseness of Expression   
22  Practical Application Potential of Research Re...   
23                Feasibility of Proposed Suggestions   
24                             Logic of Argumentation   
25                   Multi-angle Analysis of Problems   
26  Identification and Discussion of Research Limi...   

    ICC (Intraclass Correlation Coefficient) ICC 95% Confidence Interval  \
0                                   0.582120                [0.48, 0.69]   
1                                   0.839941                [0.78, 0.89]   
2                                   0.421935                [0.32, 0.54]   
3                                   0.834939                [0.77, 0.89]   
4                                   0.838354                [0.78, 0.89]   
5                                   0.780925                 [0.7, 0.85]   
6                                   0.802933                [0.73, 0.87]   
7                                   0.748004                [0.66, 0.83]   
8                                   0.596495                  [0.5, 0.7]   
9                                   0.622741                [0.53, 0.72]   
10                                  0.319040                [0.23, 0.44]   
11                                  0.766080                [0.69, 0.84]   
12                                  0.732722                [0.65, 0.81]   
13                                  0.750156                [0.67, 0.83]   
14                                  0.614494                [0.52, 0.72]   
15                                  0.639877                [0.54, 0.74]   
16                                  0.615977                [0.52, 0.72]   
17                                  0.633954                [0.54, 0.73]   
18                                  0.662398                [0.57, 0.76]   
19                                  0.679907                [0.59, 0.77]   
20                                  0.662101                [0.57, 0.76]   
21                                  0.632260                [0.54, 0.73]   
22                                  0.720384                 [0.63, 0.8]   
23                                  0.596340                  [0.5, 0.7]   
24                                  0.733955                [0.64, 0.82]   
25                                  0.763836                [0.68, 0.84]   
26                                  0.607705                 [0.5, 0.71]   

    Transitivity Consistency Ratio (%)  
0                            81.818182  
1                            71.515152  
2                            87.272727  
3                            71.515152  
4                            73.939394  
5                            78.787879  
6                            71.515152  
7                            71.515152  
8                            86.060606  
9                            73.939394  
10                           81.818182  
11                           71.515152  
12                           71.515152  
13                           71.515152  
14                           80.000000  
15                           74.545455  
16                           74.545455  
17                           73.939394  
18                           71.515152  
19                           78.787879  
20                           76.363636  
21                           73.333333  
22                           71.515152  
23                           71.515152  
24                           71.515152  
25                           71.515152  
26                           71.515152  

Results have been saved to 'reliability_analysis.csv'
Author
10    47.395221
7     49.844172
0     51.813918
1     53.647736
8     55.581474
2     56.810728
4     59.347105
3     64.683945
9     69.752550
6     76.164099
5     79.173618
Name: Score, dtype: float64

Results have been saved to 'pagerank_results_balanced.csv'
Combined Results:
                                          Subcategory  \
0                                     Topic Relevance   
1                    Comprehensiveness of Information   
2                             Accuracy of Information   
3                        Innovativeness of Viewpoints   
4       Integration of Interdisciplinary Perspectives   
5                        Clarity of Logical Structure   
6               Reasonableness of Chapter Arrangement   
7              Quality of Introduction and Conclusion   
8              Accuracy and Completeness of Citations   
9              Timeliness and Relevance of References   
10   Avoidance of Plagiarism and Appropriate Citation   
11             Critical Analysis of Existing Research   
12   Proposal of New Research Directions or Questions   
13                Potential Contribution to the Field   
14             Clarity of Research Method Description   
15                    Rationality of Method Selection   
16                           Rigor of Research Design   
17               Inclusion of Latest Research Results   
18            Reflection of Current Research Hotspots   
19                     Fluency of Language Expression   
20    Appropriateness of Professional Terminology Use   
21                          Conciseness of Expression   
22  Practical Application Potential of Research Re...   
23                Feasibility of Proposed Suggestions   
24                             Logic of Argumentation   
25                   Multi-angle Analysis of Problems   
26  Identification and Discussion of Research Limi...   

    ICC (Intraclass Correlation Coefficient) ICC 95% Confidence Interval  \
0                                   0.582120                [0.48, 0.69]   
1                                   0.839941                [0.78, 0.89]   
2                                   0.421935                [0.32, 0.54]   
3                                   0.834939                [0.77, 0.89]   
4                                   0.838354                [0.78, 0.89]   
5                                   0.780925                 [0.7, 0.85]   
6                                   0.802933                [0.73, 0.87]   
7                                   0.748004                [0.66, 0.83]   
8                                   0.596495                  [0.5, 0.7]   
9                                   0.622741                [0.53, 0.72]   
10                                  0.319040                [0.23, 0.44]   
11                                  0.766080                [0.69, 0.84]   
12                                  0.732722                [0.65, 0.81]   
13                                  0.750156                [0.67, 0.83]   
14                                  0.614494                [0.52, 0.72]   
15                                  0.639877                [0.54, 0.74]   
16                                  0.615977                [0.52, 0.72]   
17                                  0.633954                [0.54, 0.73]   
18                                  0.662398                [0.57, 0.76]   
19                                  0.679907                [0.59, 0.77]   
20                                  0.662101                [0.57, 0.76]   
21                                  0.632260                [0.54, 0.73]   
22                                  0.720384                 [0.63, 0.8]   
23                                  0.596340                  [0.5, 0.7]   
24                                  0.733955                [0.64, 0.82]   
25                                  0.763836                [0.68, 0.84]   
26                                  0.607705                 [0.5, 0.71]   

    Transitivity Consistency Ratio (%)  
0                            81.818182  
1                            71.515152  
2                            87.272727  
3                            71.515152  
4                            73.939394  
5                            78.787879  
6                            71.515152  
7                            71.515152  
8                            86.060606  
9                            73.939394  
10                           81.818182  
11                           71.515152  
12                           71.515152  
13                           71.515152  
14                           80.000000  
15                           74.545455  
16                           74.545455  
17                           73.939394  
18                           71.515152  
19                           78.787879  
20                           76.363636  
21                           73.333333  
22                           71.515152  
23                           71.515152  
24                           71.515152  
25                           71.515152  
26                           71.515152  

Results have been saved to 'reliability_analysis.csv'
Author
10     0.000000
8     66.320988
4     68.974696
6     74.052440
0     75.489512
3     81.521165
5     86.589748
7     94.734792
2     95.052626
1     95.557190
9     99.990876
Name: Score, dtype: float64

Results have been saved to 'pagerank_results_balanced.csv'
Combined Results:
                                          Subcategory  \
0                                     Topic Relevance   
1                    Comprehensiveness of Information   
2                             Accuracy of Information   
3                        Innovativeness of Viewpoints   
4       Integration of Interdisciplinary Perspectives   
5                        Clarity of Logical Structure   
6               Reasonableness of Chapter Arrangement   
7              Quality of Introduction and Conclusion   
8              Accuracy and Completeness of Citations   
9              Timeliness and Relevance of References   
10   Avoidance of Plagiarism and Appropriate Citation   
11             Critical Analysis of Existing Research   
12   Proposal of New Research Directions or Questions   
13                Potential Contribution to the Field   
14             Clarity of Research Method Description   
15                    Rationality of Method Selection   
16                           Rigor of Research Design   
17               Inclusion of Latest Research Results   
18            Reflection of Current Research Hotspots   
19                     Fluency of Language Expression   
20    Appropriateness of Professional Terminology Use   
21                          Conciseness of Expression   
22  Practical Application Potential of Research Re...   
23                Feasibility of Proposed Suggestions   
24                             Logic of Argumentation   
25                   Multi-angle Analysis of Problems   
26  Identification and Discussion of Research Limi...   

    ICC (Intraclass Correlation Coefficient) ICC 95% Confidence Interval  \
0                                   0.582120                [0.48, 0.69]   
1                                   0.839941                [0.78, 0.89]   
2                                   0.421935                [0.32, 0.54]   
3                                   0.834939                [0.77, 0.89]   
4                                   0.838354                [0.78, 0.89]   
5                                   0.780925                 [0.7, 0.85]   
6                                   0.802933                [0.73, 0.87]   
7                                   0.748004                [0.66, 0.83]   
8                                   0.596495                  [0.5, 0.7]   
9                                   0.622741                [0.53, 0.72]   
10                                  0.319040                [0.23, 0.44]   
11                                  0.766080                [0.69, 0.84]   
12                                  0.732722                [0.65, 0.81]   
13                                  0.750156                [0.67, 0.83]   
14                                  0.614494                [0.52, 0.72]   
15                                  0.639877                [0.54, 0.74]   
16                                  0.615977                [0.52, 0.72]   
17                                  0.633954                [0.54, 0.73]   
18                                  0.662398                [0.57, 0.76]   
19                                  0.679907                [0.59, 0.77]   
20                                  0.662101                [0.57, 0.76]   
21                                  0.632260                [0.54, 0.73]   
22                                  0.720384                 [0.63, 0.8]   
23                                  0.596340                  [0.5, 0.7]   
24                                  0.733955                [0.64, 0.82]   
25                                  0.763836                [0.68, 0.84]   
26                                  0.607705                 [0.5, 0.71]   

    Transitivity Consistency Ratio (%)  
0                            53.846154  
1                            71.515152  
2                            51.162791  
3                            71.515152  
4                            69.503546  
5                            69.026549  
6                            71.515152  
7                            71.515152  
8                            43.902439  
9                            69.503546  
10                           46.428571  
11                           71.515152  
12                           71.515152  
13                           71.515152  
14                           65.979381  
15                           70.212766  
16                           70.212766  
17                           69.503546  
18                           71.515152  
19                           67.592593  
20                           69.531250  
21                           73.333333  
22                           71.515152  
23                           71.515152  
24                           71.515152  
25                           71.515152  
26                           71.515152  

Results have been saved to 'reliability_analysis.csv'
Author
10     0.000000
8     66.320988
4     68.974696
6     74.052440
0     75.489512
3     81.521165
5     86.589748
7     94.734792
2     95.052626
1     95.557190
9     99.990876
Name: Score, dtype: float64

Results have been saved to 'pagerank_results_balanced.csv'
Combined Results:
                                          Subcategory  \
0                                     Topic Relevance   
1                    Comprehensiveness of Information   
2                             Accuracy of Information   
3                        Innovativeness of Viewpoints   
4       Integration of Interdisciplinary Perspectives   
5                        Clarity of Logical Structure   
6               Reasonableness of Chapter Arrangement   
7              Quality of Introduction and Conclusion   
8              Accuracy and Completeness of Citations   
9              Timeliness and Relevance of References   
10   Avoidance of Plagiarism and Appropriate Citation   
11             Critical Analysis of Existing Research   
12   Proposal of New Research Directions or Questions   
13                Potential Contribution to the Field   
14             Clarity of Research Method Description   
15                    Rationality of Method Selection   
16                           Rigor of Research Design   
17               Inclusion of Latest Research Results   
18            Reflection of Current Research Hotspots   
19                     Fluency of Language Expression   
20    Appropriateness of Professional Terminology Use   
21                          Conciseness of Expression   
22  Practical Application Potential of Research Re...   
23                Feasibility of Proposed Suggestions   
24                             Logic of Argumentation   
25                   Multi-angle Analysis of Problems   
26  Identification and Discussion of Research Limi...   

    ICC (Intraclass Correlation Coefficient) ICC 95% Confidence Interval  \
0                                   0.582120                [0.48, 0.69]   
1                                   0.839941                [0.78, 0.89]   
2                                   0.421935                [0.32, 0.54]   
3                                   0.834939                [0.77, 0.89]   
4                                   0.838354                [0.78, 0.89]   
5                                   0.780925                 [0.7, 0.85]   
6                                   0.802933                [0.73, 0.87]   
7                                   0.748004                [0.66, 0.83]   
8                                   0.596495                  [0.5, 0.7]   
9                                   0.622741                [0.53, 0.72]   
10                                  0.319040                [0.23, 0.44]   
11                                  0.766080                [0.69, 0.84]   
12                                  0.732722                [0.65, 0.81]   
13                                  0.750156                [0.67, 0.83]   
14                                  0.614494                [0.52, 0.72]   
15                                  0.639877                [0.54, 0.74]   
16                                  0.615977                [0.52, 0.72]   
17                                  0.633954                [0.54, 0.73]   
18                                  0.662398                [0.57, 0.76]   
19                                  0.679907                [0.59, 0.77]   
20                                  0.662101                [0.57, 0.76]   
21                                  0.632260                [0.54, 0.73]   
22                                  0.720384                 [0.63, 0.8]   
23                                  0.596340                  [0.5, 0.7]   
24                                  0.733955                [0.64, 0.82]   
25                                  0.763836                [0.68, 0.84]   
26                                  0.607705                 [0.5, 0.71]   

    Transitivity Consistency Ratio (%)  
0                            53.846154  
1                            71.515152  
2                            51.162791  
3                            71.515152  
4                            69.503546  
5                            69.026549  
6                            71.515152  
7                            71.515152  
8                            43.902439  
9                            69.503546  
10                           46.428571  
11                           71.515152  
12                           71.515152  
13                           71.515152  
14                           65.979381  
15                           70.212766  
16                           70.212766  
17                           69.503546  
18                           71.515152  
19                           67.592593  
20                           69.531250  
21                           73.333333  
22                           71.515152  
23                           71.515152  
24                           71.515152  
25                           71.515152  
26                           71.515152  

Results have been saved to 'reliability_analysis.csv'
