Author
3      4.732875
2      5.078160
1      5.715432
8      5.831559
7     13.875575
4     38.188899
10    46.798344
0     51.355567
5     60.750770
6     78.748464
9     99.216658
Name: Score, dtype: float64

Results have been saved to 'pagerank_results_balanced.csv'
Combined Results:
                                          Subcategory  \
0                                     Topic Relevance   
1                    Comprehensiveness of Information   
2                             Accuracy of Information   
3                        Innovativeness of Viewpoints   
4       Integration of Interdisciplinary Perspectives   
5                        Clarity of Logical Structure   
6               Reasonableness of Chapter Arrangement   
7              Quality of Introduction and Conclusion   
8              Accuracy and Completeness of Citations   
9              Timeliness and Relevance of References   
10   Avoidance of Plagiarism and Appropriate Citation   
11             Critical Analysis of Existing Research   
12   Proposal of New Research Directions or Questions   
13                Potential Contribution to the Field   
14             Clarity of Research Method Description   
15                    Rationality of Method Selection   
16                           Rigor of Research Design   
17               Inclusion of Latest Research Results   
18            Reflection of Current Research Hotspots   
19                     Fluency of Language Expression   
20    Appropriateness of Professional Terminology Use   
21                          Conciseness of Expression   
22  Practical Application Potential of Research Re...   
23                Feasibility of Proposed Suggestions   
24                             Logic of Argumentation   
25                   Multi-angle Analysis of Problems   
26  Identification and Discussion of Research Limi...   

    ICC (Intraclass Correlation Coefficient) ICC 95% Confidence Interval  \
0                                   0.535474                [0.43, 0.65]   
1                                   0.731265                [0.64, 0.81]   
2                                   0.604466                [0.51, 0.71]   
3                                   0.692045                 [0.6, 0.78]   
4                                   0.693896                 [0.6, 0.78]   
5                                   0.683826                [0.59, 0.77]   
6                                   0.660935                [0.56, 0.76]   
7                                   0.659087                [0.56, 0.76]   
8                                   0.538817                [0.44, 0.65]   
9                                   0.494674                [0.38, 0.62]   
10                                  0.311727                [0.22, 0.43]   
11                                  0.678637                [0.59, 0.77]   
12                                  0.550407                [0.45, 0.66]   
13                                  0.667365                [0.58, 0.76]   
14                                  0.559019                [0.46, 0.67]   
15                                  0.568958                [0.47, 0.68]   
16                                  0.568562                [0.47, 0.68]   
17                                  0.475949                 [0.36, 0.6]   
18                                  0.485015                [0.36, 0.61]   
19                                  0.611216                [0.51, 0.71]   
20                                  0.532511                [0.43, 0.64]   
21                                  0.574715                [0.47, 0.68]   
22                                  0.683462                [0.59, 0.77]   
23                                  0.472850                [0.37, 0.59]   
24                                  0.664186                [0.57, 0.76]   
25                                  0.705959                [0.62, 0.79]   
26                                  0.550039                [0.45, 0.66]   

    Transitivity Consistency Ratio (%)  
0                            92.727273  
1                            78.181818  
2                            91.515152  
3                            80.606061  
4                            76.969697  
5                            75.151515  
6                            76.363636  
7                            77.575758  
8                            88.484848  
9                            80.606061  
10                           95.757576  
11                           84.242424  
12                           79.393939  
13                           82.424242  
14                           74.545455  
15                           78.181818  
16                           78.787879  
17                           81.818182  
18                           84.242424  
19                           77.575758  
20                           76.363636  
21                           81.212121  
22                           82.424242  
23                           83.636364  
24                           79.393939  
25                           80.606061  
26                           80.606061  

Results have been saved to 'reliability_analysis.csv'
Author
10     0.044657
3     13.857827
1     18.619686
8     20.594127
2     22.878872
7     34.759673
4     63.849850
0     70.978103
5     78.677132
6     89.642052
9     99.651590
Name: Score, dtype: float64

Results have been saved to 'pagerank_results_balanced.csv'
Combined Results:
                                          Subcategory  \
0                                     Topic Relevance   
1                    Comprehensiveness of Information   
2                             Accuracy of Information   
3                        Innovativeness of Viewpoints   
4       Integration of Interdisciplinary Perspectives   
5                        Clarity of Logical Structure   
6               Reasonableness of Chapter Arrangement   
7              Quality of Introduction and Conclusion   
8              Accuracy and Completeness of Citations   
9              Timeliness and Relevance of References   
10   Avoidance of Plagiarism and Appropriate Citation   
11             Critical Analysis of Existing Research   
12   Proposal of New Research Directions or Questions   
13                Potential Contribution to the Field   
14             Clarity of Research Method Description   
15                    Rationality of Method Selection   
16                           Rigor of Research Design   
17               Inclusion of Latest Research Results   
18            Reflection of Current Research Hotspots   
19                     Fluency of Language Expression   
20    Appropriateness of Professional Terminology Use   
21                          Conciseness of Expression   
22  Practical Application Potential of Research Re...   
23                Feasibility of Proposed Suggestions   
24                             Logic of Argumentation   
25                   Multi-angle Analysis of Problems   
26  Identification and Discussion of Research Limi...   

    ICC (Intraclass Correlation Coefficient) ICC 95% Confidence Interval  \
0                                   0.567665                [0.47, 0.68]   
1                                   0.770619                [0.68, 0.84]   
2                                   0.610095                [0.51, 0.71]   
3                                   0.763137                [0.69, 0.83]   
4                                   0.730887                [0.64, 0.81]   
5                                   0.645736                [0.54, 0.75]   
6                                   0.628395                [0.53, 0.73]   
7                                   0.630688                [0.53, 0.73]   
8                                   0.593024                 [0.49, 0.7]   
9                                   0.559492                [0.45, 0.67]   
10                                  0.242270                [0.16, 0.35]   
11                                  0.757254                [0.68, 0.83]   
12                                  0.690202                 [0.6, 0.78]   
13                                  0.739240                [0.66, 0.82]   
14                                  0.588881                [0.49, 0.69]   
15                                  0.607627                [0.51, 0.71]   
16                                  0.599410                  [0.5, 0.7]   
17                                  0.559201                [0.45, 0.67]   
18                                  0.610581                 [0.5, 0.72]   
19                                  0.561861                [0.46, 0.67]   
20                                  0.636108                [0.54, 0.73]   
21                                  0.507967                 [0.4, 0.62]   
22                                  0.722489                 [0.64, 0.8]   
23                                  0.457326                [0.36, 0.58]   
24                                  0.676179                [0.58, 0.77]   
25                                  0.724079                [0.64, 0.81]   
26                                  0.526783                [0.43, 0.64]   

    Transitivity Consistency Ratio (%)  
0                            92.121212  
1                            80.000000  
2                            91.515152  
3                            80.000000  
4                            78.181818  
5                            74.545455  
6                            76.969697  
7                            76.969697  
8                            89.696970  
9                            80.000000  
10                           91.515152  
11                           83.636364  
12                           78.787879  
13                           83.636364  
14                           76.363636  
15                           80.000000  
16                           80.000000  
17                           81.818182  
18                           83.030303  
19                           76.969697  
20                           77.575758  
21                           80.000000  
22                           83.636364  
23                           82.424242  
24                           78.787879  
25                           81.212121  
26                           81.212121  

Results have been saved to 'reliability_analysis.csv'
Author
10     0.044657
3     13.857827
1     18.619686
8     20.594127
2     22.878872
7     34.759673
4     63.849850
0     70.978103
5     78.677132
6     89.642052
9     99.651590
Name: Score, dtype: float64

Results have been saved to 'pagerank_results_balanced.csv'
Combined Results:
                                          Subcategory  \
0                                     Topic Relevance   
1                    Comprehensiveness of Information   
2                             Accuracy of Information   
3                        Innovativeness of Viewpoints   
4       Integration of Interdisciplinary Perspectives   
5                        Clarity of Logical Structure   
6               Reasonableness of Chapter Arrangement   
7              Quality of Introduction and Conclusion   
8              Accuracy and Completeness of Citations   
9              Timeliness and Relevance of References   
10   Avoidance of Plagiarism and Appropriate Citation   
11             Critical Analysis of Existing Research   
12   Proposal of New Research Directions or Questions   
13                Potential Contribution to the Field   
14             Clarity of Research Method Description   
15                    Rationality of Method Selection   
16                           Rigor of Research Design   
17               Inclusion of Latest Research Results   
18            Reflection of Current Research Hotspots   
19                     Fluency of Language Expression   
20    Appropriateness of Professional Terminology Use   
21                          Conciseness of Expression   
22  Practical Application Potential of Research Re...   
23                Feasibility of Proposed Suggestions   
24                             Logic of Argumentation   
25                   Multi-angle Analysis of Problems   
26  Identification and Discussion of Research Limi...   

    ICC (Intraclass Correlation Coefficient) ICC 95% Confidence Interval  \
0                                   0.567665                [0.47, 0.68]   
1                                   0.770619                [0.68, 0.84]   
2                                   0.610095                [0.51, 0.71]   
3                                   0.763137                [0.69, 0.83]   
4                                   0.730887                [0.64, 0.81]   
5                                   0.645736                [0.54, 0.75]   
6                                   0.628395                [0.53, 0.73]   
7                                   0.630688                [0.53, 0.73]   
8                                   0.593024                 [0.49, 0.7]   
9                                   0.559492                [0.45, 0.67]   
10                                  0.242270                [0.16, 0.35]   
11                                  0.757254                [0.68, 0.83]   
12                                  0.690202                 [0.6, 0.78]   
13                                  0.739240                [0.66, 0.82]   
14                                  0.588881                [0.49, 0.69]   
15                                  0.607627                [0.51, 0.71]   
16                                  0.599410                  [0.5, 0.7]   
17                                  0.559201                [0.45, 0.67]   
18                                  0.610581                 [0.5, 0.72]   
19                                  0.561861                [0.46, 0.67]   
20                                  0.636108                [0.54, 0.73]   
21                                  0.507967                 [0.4, 0.62]   
22                                  0.722489                 [0.64, 0.8]   
23                                  0.457326                [0.36, 0.58]   
24                                  0.676179                [0.58, 0.77]   
25                                  0.724079                [0.64, 0.81]   
26                                  0.526783                [0.43, 0.64]   

    Transitivity Consistency Ratio (%)  
0                            92.121212  
1                            80.000000  
2                            91.515152  
3                            80.000000  
4                            78.181818  
5                            74.545455  
6                            76.969697  
7                            76.969697  
8                            89.696970  
9                            80.000000  
10                           91.515152  
11                           83.636364  
12                           78.787879  
13                           83.636364  
14                           76.363636  
15                           80.000000  
16                           80.000000  
17                           81.818182  
18                           83.030303  
19                           76.969697  
20                           77.575758  
21                           80.000000  
22                           83.636364  
23                           82.424242  
24                           78.787879  
25                           81.212121  
26                           81.212121  

Results have been saved to 'reliability_analysis.csv'
Author
10     0.074180
3     15.516022
1     21.367355
8     21.466787
2     23.394572
7     36.180060
4     65.377930
0     72.580510
5     80.281580
6     91.792672
9     99.745777
Name: Score, dtype: float64

Results have been saved to 'pagerank_results_balanced.csv'
Combined Results:
                                          Subcategory  \
0                                     Topic Relevance   
1                    Comprehensiveness of Information   
2                             Accuracy of Information   
3                        Innovativeness of Viewpoints   
4       Integration of Interdisciplinary Perspectives   
5                        Clarity of Logical Structure   
6               Reasonableness of Chapter Arrangement   
7              Quality of Introduction and Conclusion   
8              Accuracy and Completeness of Citations   
9              Timeliness and Relevance of References   
10   Avoidance of Plagiarism and Appropriate Citation   
11             Critical Analysis of Existing Research   
12   Proposal of New Research Directions or Questions   
13                Potential Contribution to the Field   
14             Clarity of Research Method Description   
15                    Rationality of Method Selection   
16                           Rigor of Research Design   
17               Inclusion of Latest Research Results   
18            Reflection of Current Research Hotspots   
19                     Fluency of Language Expression   
20    Appropriateness of Professional Terminology Use   
21                          Conciseness of Expression   
22  Practical Application Potential of Research Re...   
23                Feasibility of Proposed Suggestions   
24                             Logic of Argumentation   
25                   Multi-angle Analysis of Problems   
26  Identification and Discussion of Research Limi...   

    ICC (Intraclass Correlation Coefficient) ICC 95% Confidence Interval  \
0                                   0.567665                [0.47, 0.68]   
1                                   0.770619                [0.68, 0.84]   
2                                   0.610095                [0.51, 0.71]   
3                                   0.763137                [0.69, 0.83]   
4                                   0.730887                [0.64, 0.81]   
5                                   0.645736                [0.54, 0.75]   
6                                   0.628395                [0.53, 0.73]   
7                                   0.630688                [0.53, 0.73]   
8                                   0.593024                 [0.49, 0.7]   
9                                   0.559492                [0.45, 0.67]   
10                                  0.242270                [0.16, 0.35]   
11                                  0.757254                [0.68, 0.83]   
12                                  0.690202                 [0.6, 0.78]   
13                                  0.739240                [0.66, 0.82]   
14                                  0.588881                [0.49, 0.69]   
15                                  0.607627                [0.51, 0.71]   
16                                  0.599410                  [0.5, 0.7]   
17                                  0.559201                [0.45, 0.67]   
18                                  0.610581                 [0.5, 0.72]   
19                                  0.561861                [0.46, 0.67]   
20                                  0.636108                [0.54, 0.73]   
21                                  0.507967                 [0.4, 0.62]   
22                                  0.722489                 [0.64, 0.8]   
23                                  0.457326                [0.36, 0.58]   
24                                  0.676179                [0.58, 0.77]   
25                                  0.724079                [0.64, 0.81]   
26                                  0.526783                [0.43, 0.64]   

    Transitivity Consistency Ratio (%)  
0                            48.000000  
1                            80.000000  
2                            33.333333  
3                            78.980892  
4                            78.181818  
5                            72.727273  
6                            76.969697  
7                            76.969697  
8                            48.484848  
9                            80.000000  
10                           33.333333  
11                           83.636364  
12                           77.564103  
13                           83.636364  
14                           75.925926  
15                           80.000000  
16                           80.000000  
17                           81.818182  
18                           83.030303  
19                           76.969697  
20                           74.125874  
21                           80.000000  
22                           83.636364  
23                           82.424242  
24                           78.787879  
25                           81.212121  
26                           81.212121  

Results have been saved to 'reliability_analysis.csv'
Author
10     0.074180
3     15.516022
1     21.367355
8     21.466787
2     23.394572
7     36.180060
4     65.377930
0     72.580510
5     80.281580
6     91.792672
9     99.745777
Name: Score, dtype: float64

Results have been saved to 'pagerank_results_balanced.csv'
Combined Results:
                                          Subcategory  \
0                                     Topic Relevance   
1                    Comprehensiveness of Information   
2                             Accuracy of Information   
3                        Innovativeness of Viewpoints   
4       Integration of Interdisciplinary Perspectives   
5                        Clarity of Logical Structure   
6               Reasonableness of Chapter Arrangement   
7              Quality of Introduction and Conclusion   
8              Accuracy and Completeness of Citations   
9              Timeliness and Relevance of References   
10   Avoidance of Plagiarism and Appropriate Citation   
11             Critical Analysis of Existing Research   
12   Proposal of New Research Directions or Questions   
13                Potential Contribution to the Field   
14             Clarity of Research Method Description   
15                    Rationality of Method Selection   
16                           Rigor of Research Design   
17               Inclusion of Latest Research Results   
18            Reflection of Current Research Hotspots   
19                     Fluency of Language Expression   
20    Appropriateness of Professional Terminology Use   
21                          Conciseness of Expression   
22  Practical Application Potential of Research Re...   
23                Feasibility of Proposed Suggestions   
24                             Logic of Argumentation   
25                   Multi-angle Analysis of Problems   
26  Identification and Discussion of Research Limi...   

    ICC (Intraclass Correlation Coefficient) ICC 95% Confidence Interval  \
0                                   0.567665                [0.47, 0.68]   
1                                   0.770619                [0.68, 0.84]   
2                                   0.610095                [0.51, 0.71]   
3                                   0.763137                [0.69, 0.83]   
4                                   0.730887                [0.64, 0.81]   
5                                   0.645736                [0.54, 0.75]   
6                                   0.628395                [0.53, 0.73]   
7                                   0.630688                [0.53, 0.73]   
8                                   0.593024                 [0.49, 0.7]   
9                                   0.559492                [0.45, 0.67]   
10                                  0.242270                [0.16, 0.35]   
11                                  0.757254                [0.68, 0.83]   
12                                  0.690202                 [0.6, 0.78]   
13                                  0.739240                [0.66, 0.82]   
14                                  0.588881                [0.49, 0.69]   
15                                  0.607627                [0.51, 0.71]   
16                                  0.599410                  [0.5, 0.7]   
17                                  0.559201                [0.45, 0.67]   
18                                  0.610581                 [0.5, 0.72]   
19                                  0.561861                [0.46, 0.67]   
20                                  0.636108                [0.54, 0.73]   
21                                  0.507967                 [0.4, 0.62]   
22                                  0.722489                 [0.64, 0.8]   
23                                  0.457326                [0.36, 0.58]   
24                                  0.676179                [0.58, 0.77]   
25                                  0.724079                [0.64, 0.81]   
26                                  0.526783                [0.43, 0.64]   

    Transitivity Consistency Ratio (%)  
0                            48.000000  
1                            80.000000  
2                            33.333333  
3                            78.980892  
4                            78.181818  
5                            72.727273  
6                            76.969697  
7                            76.969697  
8                            48.484848  
9                            80.000000  
10                           33.333333  
11                           83.636364  
12                           77.564103  
13                           83.636364  
14                           75.925926  
15                           80.000000  
16                           80.000000  
17                           81.818182  
18                           83.030303  
19                           76.969697  
20                           74.125874  
21                           80.000000  
22                           83.636364  
23                           82.424242  
24                           78.787879  
25                           81.212121  
26                           81.212121  

Results have been saved to 'reliability_analysis.csv'
