Author
7       0.362313
10      2.460168
1       2.805091
2      14.368308
3      29.722555
6      39.127229
0      54.603344
8      56.499478
4      56.985731
5      60.992620
9     100.000000
Name: Score, dtype: float64

Results have been saved to 'pagerank_results_balanced.csv'
Combined Results:
                                          Subcategory  \
0                                     Topic Relevance   
1                    Comprehensiveness of Information   
2                             Accuracy of Information   
3                        Innovativeness of Viewpoints   
4       Integration of Interdisciplinary Perspectives   
5                        Clarity of Logical Structure   
6               Reasonableness of Chapter Arrangement   
7              Quality of Introduction and Conclusion   
8              Accuracy and Completeness of Citations   
9              Timeliness and Relevance of References   
10   Avoidance of Plagiarism and Appropriate Citation   
11             Critical Analysis of Existing Research   
12   Proposal of New Research Directions or Questions   
13                Potential Contribution to the Field   
14             Clarity of Research Method Description   
15                    Rationality of Method Selection   
16                           Rigor of Research Design   
17               Inclusion of Latest Research Results   
18            Reflection of Current Research Hotspots   
19                     Fluency of Language Expression   
20    Appropriateness of Professional Terminology Use   
21                          Conciseness of Expression   
22  Practical Application Potential of Research Re...   
23                Feasibility of Proposed Suggestions   
24                             Logic of Argumentation   
25                   Multi-angle Analysis of Problems   
26  Identification and Discussion of Research Limi...   

    ICC (Intraclass Correlation Coefficient) ICC 95% Confidence Interval  \
0                                   0.493873                [0.39, 0.61]   
1                                   0.775437                 [0.7, 0.84]   
2                                   0.309426                [0.22, 0.43]   
3                                   0.614832                [0.52, 0.72]   
4                                   0.743125                [0.66, 0.82]   
5                                   0.707504                [0.62, 0.79]   
6                                   0.689329                 [0.6, 0.78]   
7                                   0.661383                [0.57, 0.75]   
8                                   0.667111                [0.58, 0.76]   
9                                   0.683446                [0.59, 0.77]   
10                                  0.256982                [0.17, 0.37]   
11                                  0.682807                [0.59, 0.77]   
12                                  0.504951                 [0.4, 0.62]   
13                                  0.622862                [0.53, 0.72]   
14                                  0.609484                [0.51, 0.71]   
15                                  0.612674                [0.52, 0.71]   
16                                  0.605743                [0.51, 0.71]   
17                                  0.669330                [0.58, 0.76]   
18                                  0.642403                [0.55, 0.74]   
19                                  0.576119                [0.48, 0.68]   
20                                  0.569261                [0.47, 0.68]   
21                                  0.590146                [0.49, 0.69]   
22                                  0.616365                [0.52, 0.72]   
23                                  0.581907                [0.48, 0.69]   
24                                  0.637133                [0.54, 0.73]   
25                                  0.656663                [0.56, 0.75]   
26                                  0.598695                  [0.5, 0.7]   

    Transitivity Consistency Ratio (%)  
0                            73.939394  
1                            78.181818  
2                            80.000000  
3                            78.181818  
4                            77.575758  
5                            73.333333  
6                            74.545455  
7                            74.545455  
8                            77.575758  
9                            73.333333  
10                           79.393939  
11                           78.787879  
12                           75.757576  
13                           75.757576  
14                           75.757576  
15                           75.757576  
16                           75.757576  
17                           73.333333  
18                           73.939394  
19                           75.757576  
20                           76.969697  
21                           74.545455  
22                           75.757576  
23                           75.151515  
24                           75.151515  
25                           79.393939  
26                           76.363636  

Results have been saved to 'reliability_analysis.csv'
Author
7       0.327671
10      1.898501
1       2.873353
2      13.967194
3      26.548508
6      37.378519
4      54.711696
8      55.721156
0      56.428367
5      64.564614
9     100.000000
Name: Score, dtype: float64

Results have been saved to 'pagerank_results_balanced.csv'
Combined Results:
                                          Subcategory  \
0                                     Topic Relevance   
1                    Comprehensiveness of Information   
2                             Accuracy of Information   
3                        Innovativeness of Viewpoints   
4       Integration of Interdisciplinary Perspectives   
5                        Clarity of Logical Structure   
6               Reasonableness of Chapter Arrangement   
7              Quality of Introduction and Conclusion   
8              Accuracy and Completeness of Citations   
9              Timeliness and Relevance of References   
10   Avoidance of Plagiarism and Appropriate Citation   
11             Critical Analysis of Existing Research   
12   Proposal of New Research Directions or Questions   
13                Potential Contribution to the Field   
14             Clarity of Research Method Description   
15                    Rationality of Method Selection   
16                           Rigor of Research Design   
17               Inclusion of Latest Research Results   
18            Reflection of Current Research Hotspots   
19                     Fluency of Language Expression   
20    Appropriateness of Professional Terminology Use   
21                          Conciseness of Expression   
22  Practical Application Potential of Research Re...   
23                Feasibility of Proposed Suggestions   
24                             Logic of Argumentation   
25                   Multi-angle Analysis of Problems   
26  Identification and Discussion of Research Limi...   

    ICC (Intraclass Correlation Coefficient) ICC 95% Confidence Interval  \
0                                   0.493873                [0.39, 0.61]   
1                                   0.775437                 [0.7, 0.84]   
2                                   0.309426                [0.22, 0.43]   
3                                   0.614832                [0.52, 0.72]   
4                                   0.743125                [0.66, 0.82]   
5                                   0.707504                [0.62, 0.79]   
6                                   0.689329                 [0.6, 0.78]   
7                                   0.661383                [0.57, 0.75]   
8                                   0.667111                [0.58, 0.76]   
9                                   0.683446                [0.59, 0.77]   
10                                  0.256982                [0.17, 0.37]   
11                                  0.682807                [0.59, 0.77]   
12                                  0.504951                 [0.4, 0.62]   
13                                  0.622862                [0.53, 0.72]   
14                                  0.609484                [0.51, 0.71]   
15                                  0.612674                [0.52, 0.71]   
16                                  0.605743                [0.51, 0.71]   
17                                  0.669330                [0.58, 0.76]   
18                                  0.642403                [0.55, 0.74]   
19                                  0.576119                [0.48, 0.68]   
20                                  0.569261                [0.47, 0.68]   
21                                  0.590146                [0.49, 0.69]   
22                                  0.616365                [0.52, 0.72]   
23                                  0.581907                [0.48, 0.69]   
24                                  0.637133                [0.54, 0.73]   
25                                  0.656663                [0.56, 0.75]   
26                                  0.598695                  [0.5, 0.7]   

    Transitivity Consistency Ratio (%)  
0                            64.462810  
1                            76.923077  
2                            50.000000  
3                            78.181818  
4                            77.575758  
5                            73.333333  
6                            74.545455  
7                            74.545455  
8                            69.421488  
9                            73.333333  
10                           49.253731  
11                           78.787879  
12                           74.358974  
13                           75.757576  
14                           74.358974  
15                           74.358974  
16                           74.358974  
17                           73.333333  
18                           73.939394  
19                           74.358974  
20                           75.641026  
21                           74.545455  
22                           75.757576  
23                           75.151515  
24                           75.151515  
25                           79.393939  
26                           76.363636  

Results have been saved to 'reliability_analysis.csv'
Author
7       0.327671
10      1.898501
1       2.873353
2      13.967194
3      26.548508
6      37.378519
4      54.711696
8      55.721156
0      56.428367
5      64.564614
9     100.000000
Name: Score, dtype: float64

Results have been saved to 'pagerank_results_balanced.csv'
Combined Results:
                                          Subcategory  \
0                                     Topic Relevance   
1                    Comprehensiveness of Information   
2                             Accuracy of Information   
3                        Innovativeness of Viewpoints   
4       Integration of Interdisciplinary Perspectives   
5                        Clarity of Logical Structure   
6               Reasonableness of Chapter Arrangement   
7              Quality of Introduction and Conclusion   
8              Accuracy and Completeness of Citations   
9              Timeliness and Relevance of References   
10   Avoidance of Plagiarism and Appropriate Citation   
11             Critical Analysis of Existing Research   
12   Proposal of New Research Directions or Questions   
13                Potential Contribution to the Field   
14             Clarity of Research Method Description   
15                    Rationality of Method Selection   
16                           Rigor of Research Design   
17               Inclusion of Latest Research Results   
18            Reflection of Current Research Hotspots   
19                     Fluency of Language Expression   
20    Appropriateness of Professional Terminology Use   
21                          Conciseness of Expression   
22  Practical Application Potential of Research Re...   
23                Feasibility of Proposed Suggestions   
24                             Logic of Argumentation   
25                   Multi-angle Analysis of Problems   
26  Identification and Discussion of Research Limi...   

    ICC (Intraclass Correlation Coefficient) ICC 95% Confidence Interval  \
0                                   0.493873                [0.39, 0.61]   
1                                   0.775437                 [0.7, 0.84]   
2                                   0.309426                [0.22, 0.43]   
3                                   0.614832                [0.52, 0.72]   
4                                   0.743125                [0.66, 0.82]   
5                                   0.707504                [0.62, 0.79]   
6                                   0.689329                 [0.6, 0.78]   
7                                   0.661383                [0.57, 0.75]   
8                                   0.667111                [0.58, 0.76]   
9                                   0.683446                [0.59, 0.77]   
10                                  0.256982                [0.17, 0.37]   
11                                  0.682807                [0.59, 0.77]   
12                                  0.504951                 [0.4, 0.62]   
13                                  0.622862                [0.53, 0.72]   
14                                  0.609484                [0.51, 0.71]   
15                                  0.612674                [0.52, 0.71]   
16                                  0.605743                [0.51, 0.71]   
17                                  0.669330                [0.58, 0.76]   
18                                  0.642403                [0.55, 0.74]   
19                                  0.576119                [0.48, 0.68]   
20                                  0.569261                [0.47, 0.68]   
21                                  0.590146                [0.49, 0.69]   
22                                  0.616365                [0.52, 0.72]   
23                                  0.581907                [0.48, 0.69]   
24                                  0.637133                [0.54, 0.73]   
25                                  0.656663                [0.56, 0.75]   
26                                  0.598695                  [0.5, 0.7]   

    Transitivity Consistency Ratio (%)  
0                            64.462810  
1                            76.923077  
2                            50.000000  
3                            78.181818  
4                            77.575758  
5                            73.333333  
6                            74.545455  
7                            74.545455  
8                            69.421488  
9                            73.333333  
10                           49.253731  
11                           78.787879  
12                           74.358974  
13                           75.757576  
14                           74.358974  
15                           74.358974  
16                           74.358974  
17                           73.333333  
18                           73.939394  
19                           74.358974  
20                           75.641026  
21                           74.545455  
22                           75.757576  
23                           75.151515  
24                           75.151515  
25                           79.393939  
26                           76.363636  

Results have been saved to 'reliability_analysis.csv'
