Author
6      9.714320
2     31.652085
0     35.268874
1     35.305716
7     35.394026
8     37.436829
4     38.025991
5     48.923856
3     54.403716
9     60.340543
10    63.060292
Name: Score, dtype: float64

Results have been saved to 'pagerank_results_balanced.csv'
Combined Results:
                                          Subcategory  \
0                                     Topic Relevance   
1                    Comprehensiveness of Information   
2                             Accuracy of Information   
3                        Innovativeness of Viewpoints   
4       Integration of Interdisciplinary Perspectives   
5                        Clarity of Logical Structure   
6               Reasonableness of Chapter Arrangement   
7              Quality of Introduction and Conclusion   
8              Accuracy and Completeness of Citations   
9              Timeliness and Relevance of References   
10   Avoidance of Plagiarism and Appropriate Citation   
11             Critical Analysis of Existing Research   
12   Proposal of New Research Directions or Questions   
13                Potential Contribution to the Field   
14             Clarity of Research Method Description   
15                    Rationality of Method Selection   
16                           Rigor of Research Design   
17               Inclusion of Latest Research Results   
18            Reflection of Current Research Hotspots   
19                     Fluency of Language Expression   
20    Appropriateness of Professional Terminology Use   
21                          Conciseness of Expression   
22  Practical Application Potential of Research Re...   
23                Feasibility of Proposed Suggestions   
24                             Logic of Argumentation   
25                   Multi-angle Analysis of Problems   
26  Identification and Discussion of Research Limi...   

    ICC (Intraclass Correlation Coefficient) ICC 95% Confidence Interval  \
0                                   0.525891                [0.42, 0.64]   
1                                   0.763797                [0.66, 0.85]   
2                                   0.346028                [0.25, 0.47]   
3                                   0.225058                [0.14, 0.34]   
4                                   0.698396                [0.61, 0.78]   
5                                   0.556304                [0.44, 0.67]   
6                                   0.660501                [0.56, 0.76]   
7                                   0.420364                [0.31, 0.55]   
8                                   0.347601                [0.25, 0.47]   
9                                   0.134115                [0.07, 0.23]   
10                                  0.159518                [0.09, 0.26]   
11                                  0.234717                [0.15, 0.35]   
12                                  0.517287                [0.41, 0.63]   
13                                  0.293606                 [0.2, 0.41]   
14                                  0.249723                [0.17, 0.36]   
15                                  0.261176                [0.18, 0.37]   
16                                  0.277442                [0.19, 0.39]   
17                                  0.107951                [0.05, 0.19]   
18                                  0.121237                [0.06, 0.21]   
19                                  0.438215                [0.33, 0.56]   
20                                  0.374464                [0.28, 0.49]   
21                                  0.427360                [0.32, 0.55]   
22                                  0.425607                [0.32, 0.54]   
23                                  0.343354                [0.25, 0.46]   
24                                  0.458254                [0.35, 0.58]   
25                                  0.462817                [0.35, 0.58]   
26                                  0.203085                [0.13, 0.31]   

    Transitivity Consistency Ratio (%)  
0                            89.696970  
1                            85.454545  
2                            93.939394  
3                            92.727273  
4                            79.393939  
5                            80.000000  
6                            84.242424  
7                            85.454545  
8                            89.090909  
9                            92.121212  
10                          100.000000  
11                           90.303030  
12                           90.909091  
13                           91.515152  
14                           79.393939  
15                           79.393939  
16                           79.393939  
17                           95.757576  
18                           84.848485  
19                           86.060606  
20                           84.242424  
21                           86.060606  
22                           90.303030  
23                           89.090909  
24                           80.000000  
25                           81.212121  
26                           80.606061  

Results have been saved to 'reliability_analysis.csv'
