Author
1       0.645171
6       1.621307
4       1.793528
2       5.832521
0       8.540769
3      16.553065
10     21.422224
7      34.286545
8      34.849046
5      40.169745
9     100.000000
Name: Score, dtype: float64

Results have been saved to 'pagerank_results_balanced.csv'
Combined Results:
                                          Subcategory  \
0                                     Topic Relevance   
1                    Comprehensiveness of Information   
2                             Accuracy of Information   
3                        Innovativeness of Viewpoints   
4       Integration of Interdisciplinary Perspectives   
5                        Clarity of Logical Structure   
6               Reasonableness of Chapter Arrangement   
7              Quality of Introduction and Conclusion   
8              Accuracy and Completeness of Citations   
9              Timeliness and Relevance of References   
10   Avoidance of Plagiarism and Appropriate Citation   
11             Critical Analysis of Existing Research   
12   Proposal of New Research Directions or Questions   
13                Potential Contribution to the Field   
14             Clarity of Research Method Description   
15                    Rationality of Method Selection   
16                           Rigor of Research Design   
17               Inclusion of Latest Research Results   
18            Reflection of Current Research Hotspots   
19                     Fluency of Language Expression   
20    Appropriateness of Professional Terminology Use   
21                          Conciseness of Expression   
22  Practical Application Potential of Research Re...   
23                Feasibility of Proposed Suggestions   
24                             Logic of Argumentation   
25                   Multi-angle Analysis of Problems   
26  Identification and Discussion of Research Limi...   

    ICC (Intraclass Correlation Coefficient) ICC 95% Confidence Interval  \
0                                   0.643129                [0.55, 0.74]   
1                                   0.747170                [0.67, 0.82]   
2                                   0.559578                [0.46, 0.67]   
3                                   0.669479                [0.58, 0.76]   
4                                   0.759165                [0.68, 0.83]   
5                                   0.744521                [0.66, 0.82]   
6                                   0.732657                [0.65, 0.81]   
7                                   0.659082                [0.57, 0.75]   
8                                   0.579214                [0.48, 0.69]   
9                                   0.585849                [0.48, 0.69]   
10                                  0.272733                [0.19, 0.39]   
11                                  0.662518                [0.57, 0.75]   
12                                  0.584237                [0.48, 0.69]   
13                                  0.641728                [0.55, 0.74]   
14                                  0.600789                  [0.5, 0.7]   
15                                  0.604114                [0.51, 0.71]   
16                                  0.560301                [0.46, 0.67]   
17                                  0.617464                [0.52, 0.72]   
18                                  0.559272                [0.45, 0.67]   
19                                  0.579149                [0.48, 0.69]   
20                                  0.482635                 [0.38, 0.6]   
21                                  0.504455                 [0.4, 0.62]   
22                                  0.626309                [0.53, 0.73]   
23                                  0.523923                [0.42, 0.64]   
24                                  0.619079                [0.52, 0.72]   
25                                  0.609398                [0.51, 0.71]   
26                                  0.561196                [0.46, 0.67]   

    Transitivity Consistency Ratio (%)  
0                            86.666667  
1                            72.121212  
2                            88.484848  
3                            69.696970  
4                            76.969697  
5                            70.303030  
6                            72.121212  
7                            69.696970  
8                            81.212121  
9                            72.121212  
10                           89.090909  
11                           70.909091  
12                           68.484848  
13                           69.696970  
14                           71.515152  
15                           72.121212  
16                           72.727273  
17                           71.515152  
18                           71.515152  
19                           69.696970  
20                           73.939394  
21                           70.909091  
22                           69.696970  
23                           70.303030  
24                           70.909091  
25                           73.939394  
26                           70.909091  

Results have been saved to 'reliability_analysis.csv'
Author
10      0.000000
1      11.897706
6      17.910584
4      19.268031
2      31.129681
0      39.285218
3      51.774923
8      69.689432
7      71.394211
5      73.190868
9     100.000000
Name: Score, dtype: float64

Results have been saved to 'pagerank_results_balanced.csv'
Combined Results:
                                          Subcategory  \
0                                     Topic Relevance   
1                    Comprehensiveness of Information   
2                             Accuracy of Information   
3                        Innovativeness of Viewpoints   
4       Integration of Interdisciplinary Perspectives   
5                        Clarity of Logical Structure   
6               Reasonableness of Chapter Arrangement   
7              Quality of Introduction and Conclusion   
8              Accuracy and Completeness of Citations   
9              Timeliness and Relevance of References   
10   Avoidance of Plagiarism and Appropriate Citation   
11             Critical Analysis of Existing Research   
12   Proposal of New Research Directions or Questions   
13                Potential Contribution to the Field   
14             Clarity of Research Method Description   
15                    Rationality of Method Selection   
16                           Rigor of Research Design   
17               Inclusion of Latest Research Results   
18            Reflection of Current Research Hotspots   
19                     Fluency of Language Expression   
20    Appropriateness of Professional Terminology Use   
21                          Conciseness of Expression   
22  Practical Application Potential of Research Re...   
23                Feasibility of Proposed Suggestions   
24                             Logic of Argumentation   
25                   Multi-angle Analysis of Problems   
26  Identification and Discussion of Research Limi...   

    ICC (Intraclass Correlation Coefficient) ICC 95% Confidence Interval  \
0                                   0.662862                [0.57, 0.76]   
1                                   0.832485                [0.77, 0.89]   
2                                   0.561050                [0.46, 0.67]   
3                                   0.760668                [0.68, 0.83]   
4                                   0.773098                [0.69, 0.84]   
5                                   0.748947                [0.67, 0.82]   
6                                   0.734496                [0.65, 0.81]   
7                                   0.698265                [0.61, 0.78]   
8                                   0.667193                [0.58, 0.76]   
9                                   0.677863                [0.59, 0.77]   
10                                  0.427729                [0.33, 0.55]   
11                                  0.755545                [0.68, 0.83]   
12                                  0.672107                [0.58, 0.76]   
13                                  0.743929                [0.66, 0.82]   
14                                  0.703970                [0.62, 0.79]   
15                                  0.699115                [0.61, 0.78]   
16                                  0.695419                [0.61, 0.78]   
17                                  0.711012                [0.63, 0.79]   
18                                  0.707643                [0.62, 0.79]   
19                                  0.626019                [0.53, 0.73]   
20                                  0.639566                [0.54, 0.74]   
21                                  0.560722                [0.46, 0.67]   
22                                  0.727314                [0.64, 0.81]   
23                                  0.631457                [0.54, 0.73]   
24                                  0.735925                [0.65, 0.81]   
25                                  0.736892                [0.66, 0.81]   
26                                  0.674853                [0.58, 0.76]   

    Transitivity Consistency Ratio (%)  
0                            86.666667  
1                            74.545455  
2                            86.666667  
3                            71.515152  
4                            76.363636  
5                            72.121212  
6                            72.727273  
7                            70.909091  
8                            80.606061  
9                            72.727273  
10                           87.878788  
11                           70.909091  
12                           70.909091  
13                           70.909091  
14                           72.727273  
15                           72.727273  
16                           72.727273  
17                           72.727273  
18                           72.727273  
19                           72.727273  
20                           74.545455  
21                           72.727273  
22                           70.909091  
23                           71.515152  
24                           72.727273  
25                           74.545455  
26                           72.727273  

Results have been saved to 'reliability_analysis.csv'
Author
10      0.000000
1      11.897706
6      17.910584
4      19.268031
2      31.129681
0      39.285218
3      51.774923
8      69.689432
7      71.394211
5      73.190868
9     100.000000
Name: Score, dtype: float64

Results have been saved to 'pagerank_results_balanced.csv'
Combined Results:
                                          Subcategory  \
0                                     Topic Relevance   
1                    Comprehensiveness of Information   
2                             Accuracy of Information   
3                        Innovativeness of Viewpoints   
4       Integration of Interdisciplinary Perspectives   
5                        Clarity of Logical Structure   
6               Reasonableness of Chapter Arrangement   
7              Quality of Introduction and Conclusion   
8              Accuracy and Completeness of Citations   
9              Timeliness and Relevance of References   
10   Avoidance of Plagiarism and Appropriate Citation   
11             Critical Analysis of Existing Research   
12   Proposal of New Research Directions or Questions   
13                Potential Contribution to the Field   
14             Clarity of Research Method Description   
15                    Rationality of Method Selection   
16                           Rigor of Research Design   
17               Inclusion of Latest Research Results   
18            Reflection of Current Research Hotspots   
19                     Fluency of Language Expression   
20    Appropriateness of Professional Terminology Use   
21                          Conciseness of Expression   
22  Practical Application Potential of Research Re...   
23                Feasibility of Proposed Suggestions   
24                             Logic of Argumentation   
25                   Multi-angle Analysis of Problems   
26  Identification and Discussion of Research Limi...   

    ICC (Intraclass Correlation Coefficient) ICC 95% Confidence Interval  \
0                                   0.662862                [0.57, 0.76]   
1                                   0.832485                [0.77, 0.89]   
2                                   0.561050                [0.46, 0.67]   
3                                   0.760668                [0.68, 0.83]   
4                                   0.773098                [0.69, 0.84]   
5                                   0.748947                [0.67, 0.82]   
6                                   0.734496                [0.65, 0.81]   
7                                   0.698265                [0.61, 0.78]   
8                                   0.667193                [0.58, 0.76]   
9                                   0.677863                [0.59, 0.77]   
10                                  0.427729                [0.33, 0.55]   
11                                  0.755545                [0.68, 0.83]   
12                                  0.672107                [0.58, 0.76]   
13                                  0.743929                [0.66, 0.82]   
14                                  0.703970                [0.62, 0.79]   
15                                  0.699115                [0.61, 0.78]   
16                                  0.695419                [0.61, 0.78]   
17                                  0.711012                [0.63, 0.79]   
18                                  0.707643                [0.62, 0.79]   
19                                  0.626019                [0.53, 0.73]   
20                                  0.639566                [0.54, 0.74]   
21                                  0.560722                [0.46, 0.67]   
22                                  0.727314                [0.64, 0.81]   
23                                  0.631457                [0.54, 0.73]   
24                                  0.735925                [0.65, 0.81]   
25                                  0.736892                [0.66, 0.81]   
26                                  0.674853                [0.58, 0.76]   

    Transitivity Consistency Ratio (%)  
0                            86.666667  
1                            74.545455  
2                            86.666667  
3                            71.515152  
4                            76.363636  
5                            72.121212  
6                            72.727273  
7                            70.909091  
8                            80.606061  
9                            72.727273  
10                           87.878788  
11                           70.909091  
12                           70.909091  
13                           70.909091  
14                           72.727273  
15                           72.727273  
16                           72.727273  
17                           72.727273  
18                           72.727273  
19                           72.727273  
20                           74.545455  
21                           72.727273  
22                           70.909091  
23                           71.515152  
24                           72.727273  
25                           74.545455  
26                           72.727273  

Results have been saved to 'reliability_analysis.csv'
Author
10      0.000000
1      11.307664
6      14.556894
4      18.259193
2      28.985089
0      32.482090
3      47.688224
8      70.076009
7      70.334213
5      71.208215
9     100.000000
Name: Score, dtype: float64

Results have been saved to 'pagerank_results_balanced.csv'
Combined Results:
                                          Subcategory  \
0                                     Topic Relevance   
1                    Comprehensiveness of Information   
2                             Accuracy of Information   
3                        Innovativeness of Viewpoints   
4       Integration of Interdisciplinary Perspectives   
5                        Clarity of Logical Structure   
6               Reasonableness of Chapter Arrangement   
7              Quality of Introduction and Conclusion   
8              Accuracy and Completeness of Citations   
9              Timeliness and Relevance of References   
10   Avoidance of Plagiarism and Appropriate Citation   
11             Critical Analysis of Existing Research   
12   Proposal of New Research Directions or Questions   
13                Potential Contribution to the Field   
14             Clarity of Research Method Description   
15                    Rationality of Method Selection   
16                           Rigor of Research Design   
17               Inclusion of Latest Research Results   
18            Reflection of Current Research Hotspots   
19                     Fluency of Language Expression   
20    Appropriateness of Professional Terminology Use   
21                          Conciseness of Expression   
22  Practical Application Potential of Research Re...   
23                Feasibility of Proposed Suggestions   
24                             Logic of Argumentation   
25                   Multi-angle Analysis of Problems   
26  Identification and Discussion of Research Limi...   

    ICC (Intraclass Correlation Coefficient) ICC 95% Confidence Interval  \
0                                   0.662862                [0.57, 0.76]   
1                                   0.832485                [0.77, 0.89]   
2                                   0.561050                [0.46, 0.67]   
3                                   0.760668                [0.68, 0.83]   
4                                   0.773098                [0.69, 0.84]   
5                                   0.748947                [0.67, 0.82]   
6                                   0.734496                [0.65, 0.81]   
7                                   0.698265                [0.61, 0.78]   
8                                   0.667193                [0.58, 0.76]   
9                                   0.677863                [0.59, 0.77]   
10                                  0.427729                [0.33, 0.55]   
11                                  0.755545                [0.68, 0.83]   
12                                  0.672107                [0.58, 0.76]   
13                                  0.743929                [0.66, 0.82]   
14                                  0.703970                [0.62, 0.79]   
15                                  0.699115                [0.61, 0.78]   
16                                  0.695419                [0.61, 0.78]   
17                                  0.711012                [0.63, 0.79]   
18                                  0.707643                [0.62, 0.79]   
19                                  0.626019                [0.53, 0.73]   
20                                  0.639566                [0.54, 0.74]   
21                                  0.560722                [0.46, 0.67]   
22                                  0.727314                [0.64, 0.81]   
23                                  0.631457                [0.54, 0.73]   
24                                  0.735925                [0.65, 0.81]   
25                                  0.736892                [0.66, 0.81]   
26                                  0.674853                [0.58, 0.76]   

    Transitivity Consistency Ratio (%)  
0                            29.032258  
1                            74.545455  
2                            29.032258  
3                            71.515152  
4                            76.363636  
5                            72.121212  
6                            71.698113  
7                            70.909091  
8                            49.206349  
9                            72.727273  
10                           28.571429  
11                           70.909091  
12                           70.909091  
13                           70.909091  
14                           72.727273  
15                           72.727273  
16                           72.727273  
17                           72.727273  
18                           71.337580  
19                           72.727273  
20                           74.545455  
21                           72.727273  
22                           70.909091  
23                           70.440252  
24                           72.727273  
25                           73.584906  
26                           72.727273  

Results have been saved to 'reliability_analysis.csv'
Author
10      0.000000
1      11.307664
6      14.556894
4      18.259193
2      28.985089
0      32.482090
3      47.688224
8      70.076009
7      70.334213
5      71.208215
9     100.000000
Name: Score, dtype: float64

Results have been saved to 'pagerank_results_balanced.csv'
Combined Results:
                                          Subcategory  \
0                                     Topic Relevance   
1                    Comprehensiveness of Information   
2                             Accuracy of Information   
3                        Innovativeness of Viewpoints   
4       Integration of Interdisciplinary Perspectives   
5                        Clarity of Logical Structure   
6               Reasonableness of Chapter Arrangement   
7              Quality of Introduction and Conclusion   
8              Accuracy and Completeness of Citations   
9              Timeliness and Relevance of References   
10   Avoidance of Plagiarism and Appropriate Citation   
11             Critical Analysis of Existing Research   
12   Proposal of New Research Directions or Questions   
13                Potential Contribution to the Field   
14             Clarity of Research Method Description   
15                    Rationality of Method Selection   
16                           Rigor of Research Design   
17               Inclusion of Latest Research Results   
18            Reflection of Current Research Hotspots   
19                     Fluency of Language Expression   
20    Appropriateness of Professional Terminology Use   
21                          Conciseness of Expression   
22  Practical Application Potential of Research Re...   
23                Feasibility of Proposed Suggestions   
24                             Logic of Argumentation   
25                   Multi-angle Analysis of Problems   
26  Identification and Discussion of Research Limi...   

    ICC (Intraclass Correlation Coefficient) ICC 95% Confidence Interval  \
0                                   0.662862                [0.57, 0.76]   
1                                   0.832485                [0.77, 0.89]   
2                                   0.561050                [0.46, 0.67]   
3                                   0.760668                [0.68, 0.83]   
4                                   0.773098                [0.69, 0.84]   
5                                   0.748947                [0.67, 0.82]   
6                                   0.734496                [0.65, 0.81]   
7                                   0.698265                [0.61, 0.78]   
8                                   0.667193                [0.58, 0.76]   
9                                   0.677863                [0.59, 0.77]   
10                                  0.427729                [0.33, 0.55]   
11                                  0.755545                [0.68, 0.83]   
12                                  0.672107                [0.58, 0.76]   
13                                  0.743929                [0.66, 0.82]   
14                                  0.703970                [0.62, 0.79]   
15                                  0.699115                [0.61, 0.78]   
16                                  0.695419                [0.61, 0.78]   
17                                  0.711012                [0.63, 0.79]   
18                                  0.707643                [0.62, 0.79]   
19                                  0.626019                [0.53, 0.73]   
20                                  0.639566                [0.54, 0.74]   
21                                  0.560722                [0.46, 0.67]   
22                                  0.727314                [0.64, 0.81]   
23                                  0.631457                [0.54, 0.73]   
24                                  0.735925                [0.65, 0.81]   
25                                  0.736892                [0.66, 0.81]   
26                                  0.674853                [0.58, 0.76]   

    Transitivity Consistency Ratio (%)  
0                            29.032258  
1                            74.545455  
2                            29.032258  
3                            71.515152  
4                            76.363636  
5                            72.121212  
6                            71.698113  
7                            70.909091  
8                            49.206349  
9                            72.727273  
10                           28.571429  
11                           70.909091  
12                           70.909091  
13                           70.909091  
14                           72.727273  
15                           72.727273  
16                           72.727273  
17                           72.727273  
18                           71.337580  
19                           72.727273  
20                           74.545455  
21                           72.727273  
22                           70.909091  
23                           70.440252  
24                           72.727273  
25                           73.584906  
26                           72.727273  

Results have been saved to 'reliability_analysis.csv'
