Author
1     11.922118
7     14.827961
3     15.416028
4     19.400130
0     22.287688
2     26.524820
10    29.768807
6     40.789750
5     45.408877
8     63.116788
9     92.791391
Name: Score, dtype: float64

Results have been saved to 'pagerank_results_balanced.csv'
Combined Results:
                                          Subcategory  \
0                                     Topic Relevance   
1                    Comprehensiveness of Information   
2                             Accuracy of Information   
3                        Innovativeness of Viewpoints   
4       Integration of Interdisciplinary Perspectives   
5                        Clarity of Logical Structure   
6               Reasonableness of Chapter Arrangement   
7              Quality of Introduction and Conclusion   
8              Accuracy and Completeness of Citations   
9              Timeliness and Relevance of References   
10   Avoidance of Plagiarism and Appropriate Citation   
11             Critical Analysis of Existing Research   
12   Proposal of New Research Directions or Questions   
13                Potential Contribution to the Field   
14             Clarity of Research Method Description   
15                    Rationality of Method Selection   
16                           Rigor of Research Design   
17               Inclusion of Latest Research Results   
18            Reflection of Current Research Hotspots   
19                     Fluency of Language Expression   
20    Appropriateness of Professional Terminology Use   
21                          Conciseness of Expression   
22  Practical Application Potential of Research Re...   
23                Feasibility of Proposed Suggestions   
24                             Logic of Argumentation   
25                   Multi-angle Analysis of Problems   
26  Identification and Discussion of Research Limi...   

    ICC (Intraclass Correlation Coefficient) ICC 95% Confidence Interval  \
0                                   0.625825                [0.53, 0.72]   
1                                   0.816380                [0.75, 0.87]   
2                                   0.472719                [0.37, 0.59]   
3                                   0.475746                [0.37, 0.59]   
4                                   0.797375                [0.73, 0.86]   
5                                   0.701999                [0.61, 0.79]   
6                                   0.690255                 [0.6, 0.78]   
7                                   0.621672                [0.53, 0.72]   
8                                   0.606370                [0.51, 0.71]   
9                                   0.633183                [0.54, 0.73]   
10                                  0.529569                [0.43, 0.64]   
11                                  0.613036                [0.52, 0.71]   
12                                  0.552114                [0.45, 0.66]   
13                                  0.633231                [0.54, 0.73]   
14                                  0.696910                [0.61, 0.78]   
15                                  0.703824                [0.62, 0.79]   
16                                  0.694721                [0.61, 0.78]   
17                                  0.646947                [0.55, 0.74]   
18                                  0.670647                [0.58, 0.76]   
19                                  0.572986                [0.47, 0.68]   
20                                  0.654648                [0.56, 0.75]   
21                                  0.583989                [0.48, 0.69]   
22                                  0.693514                [0.61, 0.78]   
23                                  0.594657                  [0.5, 0.7]   
24                                  0.674280                [0.58, 0.76]   
25                                  0.738480                [0.66, 0.82]   
26                                  0.662912                [0.57, 0.76]   

    Transitivity Consistency Ratio (%)  
0                            85.454545  
1                            78.787879  
2                            87.272727  
3                            80.606061  
4                            77.575758  
5                            84.242424  
6                            84.848485  
7                            84.848485  
8                            86.666667  
9                            80.606061  
10                           87.272727  
11                           74.545455  
12                           81.212121  
13                           75.151515  
14                           78.181818  
15                           79.393939  
16                           80.606061  
17                           81.818182  
18                           80.606061  
19                           84.848485  
20                           79.393939  
21                           87.272727  
22                           80.606061  
23                           80.606061  
24                           80.606061  
25                           80.606061  
26                           80.606061  

Results have been saved to 'reliability_analysis.csv'
Author
1     11.922118
7     14.827961
3     15.416028
4     19.400130
0     22.287688
2     26.524820
10    29.768807
6     40.789750
5     45.408877
8     63.116788
9     92.791391
Name: Score, dtype: float64

Results have been saved to 'pagerank_results_balanced.csv'
Combined Results:
                                          Subcategory  \
0                                     Topic Relevance   
1                    Comprehensiveness of Information   
2                             Accuracy of Information   
3                        Innovativeness of Viewpoints   
4       Integration of Interdisciplinary Perspectives   
5                        Clarity of Logical Structure   
6               Reasonableness of Chapter Arrangement   
7              Quality of Introduction and Conclusion   
8              Accuracy and Completeness of Citations   
9              Timeliness and Relevance of References   
10   Avoidance of Plagiarism and Appropriate Citation   
11             Critical Analysis of Existing Research   
12   Proposal of New Research Directions or Questions   
13                Potential Contribution to the Field   
14             Clarity of Research Method Description   
15                    Rationality of Method Selection   
16                           Rigor of Research Design   
17               Inclusion of Latest Research Results   
18            Reflection of Current Research Hotspots   
19                     Fluency of Language Expression   
20    Appropriateness of Professional Terminology Use   
21                          Conciseness of Expression   
22  Practical Application Potential of Research Re...   
23                Feasibility of Proposed Suggestions   
24                             Logic of Argumentation   
25                   Multi-angle Analysis of Problems   
26  Identification and Discussion of Research Limi...   

    ICC (Intraclass Correlation Coefficient) ICC 95% Confidence Interval  \
0                                   0.625825                [0.53, 0.72]   
1                                   0.816380                [0.75, 0.87]   
2                                   0.472719                [0.37, 0.59]   
3                                   0.475746                [0.37, 0.59]   
4                                   0.797375                [0.73, 0.86]   
5                                   0.701999                [0.61, 0.79]   
6                                   0.690255                 [0.6, 0.78]   
7                                   0.621672                [0.53, 0.72]   
8                                   0.606370                [0.51, 0.71]   
9                                   0.633183                [0.54, 0.73]   
10                                  0.529569                [0.43, 0.64]   
11                                  0.613036                [0.52, 0.71]   
12                                  0.552114                [0.45, 0.66]   
13                                  0.633231                [0.54, 0.73]   
14                                  0.696910                [0.61, 0.78]   
15                                  0.703824                [0.62, 0.79]   
16                                  0.694721                [0.61, 0.78]   
17                                  0.646947                [0.55, 0.74]   
18                                  0.670647                [0.58, 0.76]   
19                                  0.572986                [0.47, 0.68]   
20                                  0.654648                [0.56, 0.75]   
21                                  0.583989                [0.48, 0.69]   
22                                  0.693514                [0.61, 0.78]   
23                                  0.594657                  [0.5, 0.7]   
24                                  0.674280                [0.58, 0.76]   
25                                  0.738480                [0.66, 0.82]   
26                                  0.662912                [0.57, 0.76]   

    Transitivity Consistency Ratio (%)  
0                            85.454545  
1                            78.787879  
2                            87.272727  
3                            80.606061  
4                            77.575758  
5                            84.242424  
6                            84.848485  
7                            84.848485  
8                            86.666667  
9                            80.606061  
10                           87.272727  
11                           74.545455  
12                           81.212121  
13                           75.151515  
14                           78.181818  
15                           79.393939  
16                           80.606061  
17                           81.818182  
18                           80.606061  
19                           84.848485  
20                           79.393939  
21                           87.272727  
22                           80.606061  
23                           80.606061  
24                           80.606061  
25                           80.606061  
26                           80.606061  

Results have been saved to 'reliability_analysis.csv'
Author
10     0.101954
7     12.815341
1     14.820978
3     22.827840
4     26.339040
2     27.909859
0     33.664439
6     62.845395
5     69.758986
8     82.406353
9     99.892673
Name: Score, dtype: float64

Results have been saved to 'pagerank_results_balanced.csv'
Combined Results:
                                          Subcategory  \
0                                     Topic Relevance   
1                    Comprehensiveness of Information   
2                             Accuracy of Information   
3                        Innovativeness of Viewpoints   
4       Integration of Interdisciplinary Perspectives   
5                        Clarity of Logical Structure   
6               Reasonableness of Chapter Arrangement   
7              Quality of Introduction and Conclusion   
8              Accuracy and Completeness of Citations   
9              Timeliness and Relevance of References   
10   Avoidance of Plagiarism and Appropriate Citation   
11             Critical Analysis of Existing Research   
12   Proposal of New Research Directions or Questions   
13                Potential Contribution to the Field   
14             Clarity of Research Method Description   
15                    Rationality of Method Selection   
16                           Rigor of Research Design   
17               Inclusion of Latest Research Results   
18            Reflection of Current Research Hotspots   
19                     Fluency of Language Expression   
20    Appropriateness of Professional Terminology Use   
21                          Conciseness of Expression   
22  Practical Application Potential of Research Re...   
23                Feasibility of Proposed Suggestions   
24                             Logic of Argumentation   
25                   Multi-angle Analysis of Problems   
26  Identification and Discussion of Research Limi...   

    ICC (Intraclass Correlation Coefficient) ICC 95% Confidence Interval  \
0                                   0.625825                [0.53, 0.72]   
1                                   0.816380                [0.75, 0.87]   
2                                   0.472719                [0.37, 0.59]   
3                                   0.475746                [0.37, 0.59]   
4                                   0.797375                [0.73, 0.86]   
5                                   0.701999                [0.61, 0.79]   
6                                   0.690255                 [0.6, 0.78]   
7                                   0.621672                [0.53, 0.72]   
8                                   0.606370                [0.51, 0.71]   
9                                   0.633183                [0.54, 0.73]   
10                                  0.529569                [0.43, 0.64]   
11                                  0.613036                [0.52, 0.71]   
12                                  0.552114                [0.45, 0.66]   
13                                  0.633231                [0.54, 0.73]   
14                                  0.696910                [0.61, 0.78]   
15                                  0.703824                [0.62, 0.79]   
16                                  0.694721                [0.61, 0.78]   
17                                  0.646947                [0.55, 0.74]   
18                                  0.670647                [0.58, 0.76]   
19                                  0.572986                [0.47, 0.68]   
20                                  0.654648                [0.56, 0.75]   
21                                  0.583989                [0.48, 0.69]   
22                                  0.693514                [0.61, 0.78]   
23                                  0.594657                  [0.5, 0.7]   
24                                  0.674280                [0.58, 0.76]   
25                                  0.738480                [0.66, 0.82]   
26                                  0.662912                [0.57, 0.76]   

    Transitivity Consistency Ratio (%)  
0                            14.285714  
1                            78.787879  
2                            25.000000  
3                            80.606061  
4                            77.575758  
5                            83.647799  
6                            84.848485  
7                            84.848485  
8                            26.666667  
9                            80.606061  
10                           19.230769  
11                           73.584906  
12                           80.254777  
13                           75.151515  
14                           77.358491  
15                           79.393939  
16                           79.487179  
17                           80.769231  
18                           80.606061  
19                           84.848485  
20                           79.393939  
21                           87.272727  
22                           80.606061  
23                           80.606061  
24                           80.606061  
25                           80.606061  
26                           80.606061  

Results have been saved to 'reliability_analysis.csv'
Author
10     0.101954
7     12.815341
1     14.820978
3     22.827840
4     26.339040
2     27.909859
0     33.664439
6     62.845395
5     69.758986
8     82.406353
9     99.892673
Name: Score, dtype: float64

Results have been saved to 'pagerank_results_balanced.csv'
Combined Results:
                                          Subcategory  \
0                                     Topic Relevance   
1                    Comprehensiveness of Information   
2                             Accuracy of Information   
3                        Innovativeness of Viewpoints   
4       Integration of Interdisciplinary Perspectives   
5                        Clarity of Logical Structure   
6               Reasonableness of Chapter Arrangement   
7              Quality of Introduction and Conclusion   
8              Accuracy and Completeness of Citations   
9              Timeliness and Relevance of References   
10   Avoidance of Plagiarism and Appropriate Citation   
11             Critical Analysis of Existing Research   
12   Proposal of New Research Directions or Questions   
13                Potential Contribution to the Field   
14             Clarity of Research Method Description   
15                    Rationality of Method Selection   
16                           Rigor of Research Design   
17               Inclusion of Latest Research Results   
18            Reflection of Current Research Hotspots   
19                     Fluency of Language Expression   
20    Appropriateness of Professional Terminology Use   
21                          Conciseness of Expression   
22  Practical Application Potential of Research Re...   
23                Feasibility of Proposed Suggestions   
24                             Logic of Argumentation   
25                   Multi-angle Analysis of Problems   
26  Identification and Discussion of Research Limi...   

    ICC (Intraclass Correlation Coefficient) ICC 95% Confidence Interval  \
0                                   0.625825                [0.53, 0.72]   
1                                   0.816380                [0.75, 0.87]   
2                                   0.472719                [0.37, 0.59]   
3                                   0.475746                [0.37, 0.59]   
4                                   0.797375                [0.73, 0.86]   
5                                   0.701999                [0.61, 0.79]   
6                                   0.690255                 [0.6, 0.78]   
7                                   0.621672                [0.53, 0.72]   
8                                   0.606370                [0.51, 0.71]   
9                                   0.633183                [0.54, 0.73]   
10                                  0.529569                [0.43, 0.64]   
11                                  0.613036                [0.52, 0.71]   
12                                  0.552114                [0.45, 0.66]   
13                                  0.633231                [0.54, 0.73]   
14                                  0.696910                [0.61, 0.78]   
15                                  0.703824                [0.62, 0.79]   
16                                  0.694721                [0.61, 0.78]   
17                                  0.646947                [0.55, 0.74]   
18                                  0.670647                [0.58, 0.76]   
19                                  0.572986                [0.47, 0.68]   
20                                  0.654648                [0.56, 0.75]   
21                                  0.583989                [0.48, 0.69]   
22                                  0.693514                [0.61, 0.78]   
23                                  0.594657                  [0.5, 0.7]   
24                                  0.674280                [0.58, 0.76]   
25                                  0.738480                [0.66, 0.82]   
26                                  0.662912                [0.57, 0.76]   

    Transitivity Consistency Ratio (%)  
0                            14.285714  
1                            78.787879  
2                            25.000000  
3                            80.606061  
4                            77.575758  
5                            83.647799  
6                            84.848485  
7                            84.848485  
8                            26.666667  
9                            80.606061  
10                           19.230769  
11                           73.584906  
12                           80.254777  
13                           75.151515  
14                           77.358491  
15                           79.393939  
16                           79.487179  
17                           80.769231  
18                           80.606061  
19                           84.848485  
20                           79.393939  
21                           87.272727  
22                           80.606061  
23                           80.606061  
24                           80.606061  
25                           80.606061  
26                           80.606061  

Results have been saved to 'reliability_analysis.csv'
