Author
10     0.012856
4      3.565849
2      6.887028
6      7.299210
1     15.464801
5     18.500114
0     29.565863
8     56.335884
3     75.999057
7     89.149588
9     99.985997
Name: Score, dtype: float64

Results have been saved to 'pagerank_results_balanced.csv'
Combined Results:
                                          Subcategory  \
0                                     Topic Relevance   
1                    Comprehensiveness of Information   
2                             Accuracy of Information   
3                        Innovativeness of Viewpoints   
4       Integration of Interdisciplinary Perspectives   
5                        Clarity of Logical Structure   
6               Reasonableness of Chapter Arrangement   
7              Quality of Introduction and Conclusion   
8              Accuracy and Completeness of Citations   
9              Timeliness and Relevance of References   
10   Avoidance of Plagiarism and Appropriate Citation   
11             Critical Analysis of Existing Research   
12   Proposal of New Research Directions or Questions   
13                Potential Contribution to the Field   
14             Clarity of Research Method Description   
15                    Rationality of Method Selection   
16                           Rigor of Research Design   
17               Inclusion of Latest Research Results   
18            Reflection of Current Research Hotspots   
19                     Fluency of Language Expression   
20    Appropriateness of Professional Terminology Use   
21                          Conciseness of Expression   
22  Practical Application Potential of Research Re...   
23                Feasibility of Proposed Suggestions   
24                             Logic of Argumentation   
25                   Multi-angle Analysis of Problems   
26  Identification and Discussion of Research Limi...   

    ICC (Intraclass Correlation Coefficient) ICC 95% Confidence Interval  \
0                                   0.576197                [0.48, 0.68]   
1                                   0.796207                [0.73, 0.86]   
2                                   0.372650                [0.28, 0.49]   
3                                   0.725662                [0.64, 0.81]   
4                                   0.703089                [0.62, 0.79]   
5                                   0.696441                [0.61, 0.78]   
6                                   0.651315                [0.56, 0.75]   
7                                   0.585189                [0.49, 0.69]   
8                                   0.656586                [0.56, 0.75]   
9                                   0.690271                 [0.6, 0.78]   
10                                  0.271626                [0.19, 0.39]   
11                                  0.746693                [0.67, 0.82]   
12                                  0.579019                [0.48, 0.69]   
13                                  0.738976                [0.66, 0.82]   
14                                  0.684084                [0.59, 0.77]   
15                                  0.674733                [0.58, 0.76]   
16                                  0.665383                [0.57, 0.76]   
17                                  0.685883                 [0.6, 0.77]   
18                                  0.651918                [0.56, 0.75]   
19                                  0.569478                [0.47, 0.68]   
20                                  0.607030                [0.51, 0.71]   
21                                  0.575658                [0.48, 0.68]   
22                                  0.682140                [0.59, 0.77]   
23                                  0.623402                [0.53, 0.72]   
24                                  0.646431                [0.55, 0.74]   
25                                  0.661251                [0.57, 0.75]   
26                                  0.615377                [0.52, 0.72]   

    Transitivity Consistency Ratio (%)  
0                            75.757576  
1                            78.181818  
2                            78.181818  
3                            72.727273  
4                            78.181818  
5                            71.515152  
6                            72.727273  
7                            70.909091  
8                            81.212121  
9                            73.333333  
10                           76.969697  
11                           72.727273  
12                           72.727273  
13                           72.727273  
14                           75.151515  
15                           74.545455  
16                           72.121212  
17                           73.333333  
18                           73.333333  
19                           69.696970  
20                           72.727273  
21                           70.303030  
22                           70.303030  
23                           72.121212  
24                           71.515152  
25                           72.121212  
26                           72.121212  

Results have been saved to 'reliability_analysis.csv'
Author
10     0.000437
4      4.120584
6      8.273313
2      8.500534
1     14.318080
5     17.604381
0     32.026652
8     59.514541
3     77.268344
7     89.951871
9     99.986768
Name: Score, dtype: float64

Results have been saved to 'pagerank_results_balanced.csv'
Combined Results:
                                          Subcategory  \
0                                     Topic Relevance   
1                    Comprehensiveness of Information   
2                             Accuracy of Information   
3                        Innovativeness of Viewpoints   
4       Integration of Interdisciplinary Perspectives   
5                        Clarity of Logical Structure   
6               Reasonableness of Chapter Arrangement   
7              Quality of Introduction and Conclusion   
8              Accuracy and Completeness of Citations   
9              Timeliness and Relevance of References   
10   Avoidance of Plagiarism and Appropriate Citation   
11             Critical Analysis of Existing Research   
12   Proposal of New Research Directions or Questions   
13                Potential Contribution to the Field   
14             Clarity of Research Method Description   
15                    Rationality of Method Selection   
16                           Rigor of Research Design   
17               Inclusion of Latest Research Results   
18            Reflection of Current Research Hotspots   
19                     Fluency of Language Expression   
20    Appropriateness of Professional Terminology Use   
21                          Conciseness of Expression   
22  Practical Application Potential of Research Re...   
23                Feasibility of Proposed Suggestions   
24                             Logic of Argumentation   
25                   Multi-angle Analysis of Problems   
26  Identification and Discussion of Research Limi...   

    ICC (Intraclass Correlation Coefficient) ICC 95% Confidence Interval  \
0                                   0.576197                [0.48, 0.68]   
1                                   0.796207                [0.73, 0.86]   
2                                   0.372650                [0.28, 0.49]   
3                                   0.725662                [0.64, 0.81]   
4                                   0.703089                [0.62, 0.79]   
5                                   0.696441                [0.61, 0.78]   
6                                   0.651315                [0.56, 0.75]   
7                                   0.585189                [0.49, 0.69]   
8                                   0.656586                [0.56, 0.75]   
9                                   0.690271                 [0.6, 0.78]   
10                                  0.271626                [0.19, 0.39]   
11                                  0.746693                [0.67, 0.82]   
12                                  0.579019                [0.48, 0.69]   
13                                  0.738976                [0.66, 0.82]   
14                                  0.684084                [0.59, 0.77]   
15                                  0.674733                [0.58, 0.76]   
16                                  0.665383                [0.57, 0.76]   
17                                  0.685883                 [0.6, 0.77]   
18                                  0.651918                [0.56, 0.75]   
19                                  0.569478                [0.47, 0.68]   
20                                  0.607030                [0.51, 0.71]   
21                                  0.575658                [0.48, 0.68]   
22                                  0.682140                [0.59, 0.77]   
23                                  0.623402                [0.53, 0.72]   
24                                  0.646431                [0.55, 0.74]   
25                                  0.661251                [0.57, 0.75]   
26                                  0.615377                [0.52, 0.72]   

    Transitivity Consistency Ratio (%)  
0                            74.522293  
1                            77.070064  
2                            66.037736  
3                            72.727273  
4                            78.181818  
5                            69.871795  
6                            72.727273  
7                            70.909091  
8                            77.372263  
9                            73.333333  
10                           60.824742  
11                           72.727273  
12                           71.698113  
13                           72.727273  
14                           75.151515  
15                           74.545455  
16                           72.121212  
17                           73.333333  
18                           73.333333  
19                           69.696970  
20                           72.727273  
21                           70.303030  
22                           69.182390  
23                           72.121212  
24                           71.515152  
25                           70.886076  
26                           72.121212  

Results have been saved to 'reliability_analysis.csv'
Author
10     0.000437
4      4.120584
6      8.273313
2      8.500534
1     14.318080
5     17.604381
0     32.026652
8     59.514541
3     77.268344
7     89.951871
9     99.986768
Name: Score, dtype: float64

Results have been saved to 'pagerank_results_balanced.csv'
Combined Results:
                                          Subcategory  \
0                                     Topic Relevance   
1                    Comprehensiveness of Information   
2                             Accuracy of Information   
3                        Innovativeness of Viewpoints   
4       Integration of Interdisciplinary Perspectives   
5                        Clarity of Logical Structure   
6               Reasonableness of Chapter Arrangement   
7              Quality of Introduction and Conclusion   
8              Accuracy and Completeness of Citations   
9              Timeliness and Relevance of References   
10   Avoidance of Plagiarism and Appropriate Citation   
11             Critical Analysis of Existing Research   
12   Proposal of New Research Directions or Questions   
13                Potential Contribution to the Field   
14             Clarity of Research Method Description   
15                    Rationality of Method Selection   
16                           Rigor of Research Design   
17               Inclusion of Latest Research Results   
18            Reflection of Current Research Hotspots   
19                     Fluency of Language Expression   
20    Appropriateness of Professional Terminology Use   
21                          Conciseness of Expression   
22  Practical Application Potential of Research Re...   
23                Feasibility of Proposed Suggestions   
24                             Logic of Argumentation   
25                   Multi-angle Analysis of Problems   
26  Identification and Discussion of Research Limi...   

    ICC (Intraclass Correlation Coefficient) ICC 95% Confidence Interval  \
0                                   0.576197                [0.48, 0.68]   
1                                   0.796207                [0.73, 0.86]   
2                                   0.372650                [0.28, 0.49]   
3                                   0.725662                [0.64, 0.81]   
4                                   0.703089                [0.62, 0.79]   
5                                   0.696441                [0.61, 0.78]   
6                                   0.651315                [0.56, 0.75]   
7                                   0.585189                [0.49, 0.69]   
8                                   0.656586                [0.56, 0.75]   
9                                   0.690271                 [0.6, 0.78]   
10                                  0.271626                [0.19, 0.39]   
11                                  0.746693                [0.67, 0.82]   
12                                  0.579019                [0.48, 0.69]   
13                                  0.738976                [0.66, 0.82]   
14                                  0.684084                [0.59, 0.77]   
15                                  0.674733                [0.58, 0.76]   
16                                  0.665383                [0.57, 0.76]   
17                                  0.685883                 [0.6, 0.77]   
18                                  0.651918                [0.56, 0.75]   
19                                  0.569478                [0.47, 0.68]   
20                                  0.607030                [0.51, 0.71]   
21                                  0.575658                [0.48, 0.68]   
22                                  0.682140                [0.59, 0.77]   
23                                  0.623402                [0.53, 0.72]   
24                                  0.646431                [0.55, 0.74]   
25                                  0.661251                [0.57, 0.75]   
26                                  0.615377                [0.52, 0.72]   

    Transitivity Consistency Ratio (%)  
0                            74.522293  
1                            77.070064  
2                            66.037736  
3                            72.727273  
4                            78.181818  
5                            69.871795  
6                            72.727273  
7                            70.909091  
8                            77.372263  
9                            73.333333  
10                           60.824742  
11                           72.727273  
12                           71.698113  
13                           72.727273  
14                           75.151515  
15                           74.545455  
16                           72.121212  
17                           73.333333  
18                           73.333333  
19                           69.696970  
20                           72.727273  
21                           70.303030  
22                           69.182390  
23                           72.121212  
24                           71.515152  
25                           70.886076  
26                           72.121212  

Results have been saved to 'reliability_analysis.csv'
