Author
0       0.111584
3       2.380136
7       2.793622
6       3.857768
1       4.207445
5       4.935798
4       5.958107
10     57.136690
8      71.986826
2      82.542676
9     100.000000
Name: Score, dtype: float64

Results have been saved to 'pagerank_results_balanced.csv'
Combined Results:
                                          Subcategory  \
0                                     Topic Relevance   
1                    Comprehensiveness of Information   
2                             Accuracy of Information   
3                        Innovativeness of Viewpoints   
4       Integration of Interdisciplinary Perspectives   
5                        Clarity of Logical Structure   
6               Reasonableness of Chapter Arrangement   
7              Quality of Introduction and Conclusion   
8              Accuracy and Completeness of Citations   
9              Timeliness and Relevance of References   
10   Avoidance of Plagiarism and Appropriate Citation   
11             Critical Analysis of Existing Research   
12   Proposal of New Research Directions or Questions   
13                Potential Contribution to the Field   
14             Clarity of Research Method Description   
15                    Rationality of Method Selection   
16                           Rigor of Research Design   
17               Inclusion of Latest Research Results   
18            Reflection of Current Research Hotspots   
19                     Fluency of Language Expression   
20    Appropriateness of Professional Terminology Use   
21                          Conciseness of Expression   
22  Practical Application Potential of Research Re...   
23                Feasibility of Proposed Suggestions   
24                             Logic of Argumentation   
25                   Multi-angle Analysis of Problems   
26  Identification and Discussion of Research Limi...   

    ICC (Intraclass Correlation Coefficient) ICC 95% Confidence Interval  \
0                                   0.539610                [0.44, 0.65]   
1                                   0.872123                [0.82, 0.91]   
2                                   0.431915                [0.33, 0.55]   
3                                   0.798285                [0.73, 0.86]   
4                                   0.826436                [0.77, 0.88]   
5                                   0.811870                [0.75, 0.87]   
6                                   0.813428                [0.75, 0.87]   
7                                   0.725763                [0.64, 0.81]   
8                                   0.519883                [0.42, 0.63]   
9                                   0.609031                [0.51, 0.71]   
10                                  0.291339                 [0.2, 0.41]   
11                                  0.809149                [0.74, 0.87]   
12                                  0.686592                 [0.6, 0.77]   
13                                  0.795394                [0.73, 0.86]   
14                                  0.722734                 [0.64, 0.8]   
15                                  0.726639                [0.64, 0.81]   
16                                  0.709784                [0.62, 0.79]   
17                                  0.612881                [0.51, 0.71]   
18                                  0.683750                [0.59, 0.77]   
19                                  0.692370                 [0.6, 0.78]   
20                                  0.698511                [0.61, 0.78]   
21                                  0.659764                [0.57, 0.75]   
22                                  0.779992                [0.71, 0.85]   
23                                  0.658967                [0.57, 0.75]   
24                                  0.744111                [0.66, 0.82]   
25                                  0.796966                [0.73, 0.86]   
26                                  0.671842                [0.58, 0.76]   

    Transitivity Consistency Ratio (%)  
0                            83.636364  
1                            83.030303  
2                            87.878788  
3                            78.787879  
4                            81.818182  
5                            80.606061  
6                            81.212121  
7                            82.424242  
8                            86.060606  
9                            82.424242  
10                           84.848485  
11                           79.393939  
12                           81.212121  
13                           80.000000  
14                           81.818182  
15                           79.393939  
16                           80.606061  
17                           82.424242  
18                           81.212121  
19                           81.212121  
20                           83.030303  
21                           81.212121  
22                           81.212121  
23                           82.424242  
24                           80.606061  
25                           81.212121  
26                           80.000000  

Results have been saved to 'reliability_analysis.csv'
Author
0     17.645598
10    27.787620
1     31.406677
3     33.031225
7     33.221544
6     36.409850
5     39.006741
4     40.332205
2     65.536503
8     83.044328
9     86.626125
Name: Score, dtype: float64

Results have been saved to 'pagerank_results_balanced.csv'
Combined Results:
                                          Subcategory  \
0                                     Topic Relevance   
1                    Comprehensiveness of Information   
2                             Accuracy of Information   
3                        Innovativeness of Viewpoints   
4       Integration of Interdisciplinary Perspectives   
5                        Clarity of Logical Structure   
6               Reasonableness of Chapter Arrangement   
7              Quality of Introduction and Conclusion   
8              Accuracy and Completeness of Citations   
9              Timeliness and Relevance of References   
10   Avoidance of Plagiarism and Appropriate Citation   
11             Critical Analysis of Existing Research   
12   Proposal of New Research Directions or Questions   
13                Potential Contribution to the Field   
14             Clarity of Research Method Description   
15                    Rationality of Method Selection   
16                           Rigor of Research Design   
17               Inclusion of Latest Research Results   
18            Reflection of Current Research Hotspots   
19                     Fluency of Language Expression   
20    Appropriateness of Professional Terminology Use   
21                          Conciseness of Expression   
22  Practical Application Potential of Research Re...   
23                Feasibility of Proposed Suggestions   
24                             Logic of Argumentation   
25                   Multi-angle Analysis of Problems   
26  Identification and Discussion of Research Limi...   

    ICC (Intraclass Correlation Coefficient) ICC 95% Confidence Interval  \
0                                   0.604046                [0.51, 0.71]   
1                                   0.860866                [0.81, 0.91]   
2                                   0.477169                [0.38, 0.59]   
3                                   0.788947                [0.72, 0.85]   
4                                   0.808959                [0.74, 0.87]   
5                                   0.792003                [0.72, 0.86]   
6                                   0.794158                [0.73, 0.86]   
7                                   0.717695                 [0.63, 0.8]   
8                                   0.669366                [0.58, 0.76]   
9                                   0.711838                [0.63, 0.79]   
10                                  0.521192                [0.42, 0.63]   
11                                  0.801370                [0.73, 0.86]   
12                                  0.732925                [0.65, 0.81]   
13                                  0.780768                [0.71, 0.85]   
14                                  0.676846                [0.59, 0.77]   
15                                  0.671484                [0.58, 0.76]   
16                                  0.654543                [0.56, 0.75]   
17                                  0.722752                 [0.64, 0.8]   
18                                  0.724464                 [0.64, 0.8]   
19                                  0.643370                [0.55, 0.74]   
20                                  0.678671                [0.59, 0.77]   
21                                  0.601015                  [0.5, 0.7]   
22                                  0.749216                [0.67, 0.82]   
23                                  0.647266                [0.55, 0.74]   
24                                  0.716721                 [0.63, 0.8]   
25                                  0.753008                [0.68, 0.83]   
26                                  0.633494                [0.54, 0.73]   

    Transitivity Consistency Ratio (%)  
0                            81.212121  
1                            82.424242  
2                            84.848485  
3                            78.181818  
4                            86.060606  
5                            83.030303  
6                            83.636364  
7                            83.636364  
8                            83.636364  
9                            80.000000  
10                           83.636364  
11                           78.787879  
12                           78.181818  
13                           78.181818  
14                           86.666667  
15                           83.030303  
16                           84.242424  
17                           80.000000  
18                           83.030303  
19                           83.636364  
20                           81.212121  
21                           83.636364  
22                           78.181818  
23                           78.181818  
24                           83.030303  
25                           83.030303  
26                           83.030303  

Results have been saved to 'reliability_analysis.csv'
Author
0     17.645598
10    27.787620
1     31.406677
3     33.031225
7     33.221544
6     36.409850
5     39.006741
4     40.332205
2     65.536503
8     83.044328
9     86.626125
Name: Score, dtype: float64

Results have been saved to 'pagerank_results_balanced.csv'
Combined Results:
                                          Subcategory  \
0                                     Topic Relevance   
1                    Comprehensiveness of Information   
2                             Accuracy of Information   
3                        Innovativeness of Viewpoints   
4       Integration of Interdisciplinary Perspectives   
5                        Clarity of Logical Structure   
6               Reasonableness of Chapter Arrangement   
7              Quality of Introduction and Conclusion   
8              Accuracy and Completeness of Citations   
9              Timeliness and Relevance of References   
10   Avoidance of Plagiarism and Appropriate Citation   
11             Critical Analysis of Existing Research   
12   Proposal of New Research Directions or Questions   
13                Potential Contribution to the Field   
14             Clarity of Research Method Description   
15                    Rationality of Method Selection   
16                           Rigor of Research Design   
17               Inclusion of Latest Research Results   
18            Reflection of Current Research Hotspots   
19                     Fluency of Language Expression   
20    Appropriateness of Professional Terminology Use   
21                          Conciseness of Expression   
22  Practical Application Potential of Research Re...   
23                Feasibility of Proposed Suggestions   
24                             Logic of Argumentation   
25                   Multi-angle Analysis of Problems   
26  Identification and Discussion of Research Limi...   

    ICC (Intraclass Correlation Coefficient) ICC 95% Confidence Interval  \
0                                   0.604046                [0.51, 0.71]   
1                                   0.860866                [0.81, 0.91]   
2                                   0.477169                [0.38, 0.59]   
3                                   0.788947                [0.72, 0.85]   
4                                   0.808959                [0.74, 0.87]   
5                                   0.792003                [0.72, 0.86]   
6                                   0.794158                [0.73, 0.86]   
7                                   0.717695                 [0.63, 0.8]   
8                                   0.669366                [0.58, 0.76]   
9                                   0.711838                [0.63, 0.79]   
10                                  0.521192                [0.42, 0.63]   
11                                  0.801370                [0.73, 0.86]   
12                                  0.732925                [0.65, 0.81]   
13                                  0.780768                [0.71, 0.85]   
14                                  0.676846                [0.59, 0.77]   
15                                  0.671484                [0.58, 0.76]   
16                                  0.654543                [0.56, 0.75]   
17                                  0.722752                 [0.64, 0.8]   
18                                  0.724464                 [0.64, 0.8]   
19                                  0.643370                [0.55, 0.74]   
20                                  0.678671                [0.59, 0.77]   
21                                  0.601015                  [0.5, 0.7]   
22                                  0.749216                [0.67, 0.82]   
23                                  0.647266                [0.55, 0.74]   
24                                  0.716721                 [0.63, 0.8]   
25                                  0.753008                [0.68, 0.83]   
26                                  0.633494                [0.54, 0.73]   

    Transitivity Consistency Ratio (%)  
0                            81.212121  
1                            82.424242  
2                            84.848485  
3                            78.181818  
4                            86.060606  
5                            83.030303  
6                            83.636364  
7                            83.636364  
8                            83.636364  
9                            80.000000  
10                           83.636364  
11                           78.787879  
12                           78.181818  
13                           78.181818  
14                           86.666667  
15                           83.030303  
16                           84.242424  
17                           80.000000  
18                           83.030303  
19                           83.636364  
20                           81.212121  
21                           83.636364  
22                           78.181818  
23                           78.181818  
24                           83.030303  
25                           83.030303  
26                           83.030303  

Results have been saved to 'reliability_analysis.csv'
Author
10      0.004294
0      13.294973
3      25.562308
1      30.774776
7      31.934128
6      33.990572
5      45.067734
4      45.842101
8      89.116352
2      93.419129
9     100.000000
Name: Score, dtype: float64

Results have been saved to 'pagerank_results_balanced.csv'
Combined Results:
                                          Subcategory  \
0                                     Topic Relevance   
1                    Comprehensiveness of Information   
2                             Accuracy of Information   
3                        Innovativeness of Viewpoints   
4       Integration of Interdisciplinary Perspectives   
5                        Clarity of Logical Structure   
6               Reasonableness of Chapter Arrangement   
7              Quality of Introduction and Conclusion   
8              Accuracy and Completeness of Citations   
9              Timeliness and Relevance of References   
10   Avoidance of Plagiarism and Appropriate Citation   
11             Critical Analysis of Existing Research   
12   Proposal of New Research Directions or Questions   
13                Potential Contribution to the Field   
14             Clarity of Research Method Description   
15                    Rationality of Method Selection   
16                           Rigor of Research Design   
17               Inclusion of Latest Research Results   
18            Reflection of Current Research Hotspots   
19                     Fluency of Language Expression   
20    Appropriateness of Professional Terminology Use   
21                          Conciseness of Expression   
22  Practical Application Potential of Research Re...   
23                Feasibility of Proposed Suggestions   
24                             Logic of Argumentation   
25                   Multi-angle Analysis of Problems   
26  Identification and Discussion of Research Limi...   

    ICC (Intraclass Correlation Coefficient) ICC 95% Confidence Interval  \
0                                   0.604046                [0.51, 0.71]   
1                                   0.860866                [0.81, 0.91]   
2                                   0.477169                [0.38, 0.59]   
3                                   0.788947                [0.72, 0.85]   
4                                   0.808959                [0.74, 0.87]   
5                                   0.792003                [0.72, 0.86]   
6                                   0.794158                [0.73, 0.86]   
7                                   0.717695                 [0.63, 0.8]   
8                                   0.669366                [0.58, 0.76]   
9                                   0.711838                [0.63, 0.79]   
10                                  0.521192                [0.42, 0.63]   
11                                  0.801370                [0.73, 0.86]   
12                                  0.732925                [0.65, 0.81]   
13                                  0.780768                [0.71, 0.85]   
14                                  0.676846                [0.59, 0.77]   
15                                  0.671484                [0.58, 0.76]   
16                                  0.654543                [0.56, 0.75]   
17                                  0.722752                 [0.64, 0.8]   
18                                  0.724464                 [0.64, 0.8]   
19                                  0.643370                [0.55, 0.74]   
20                                  0.678671                [0.59, 0.77]   
21                                  0.601015                  [0.5, 0.7]   
22                                  0.749216                [0.67, 0.82]   
23                                  0.647266                [0.55, 0.74]   
24                                  0.716721                 [0.63, 0.8]   
25                                  0.753008                [0.68, 0.83]   
26                                  0.633494                [0.54, 0.73]   

    Transitivity Consistency Ratio (%)  
0                            40.384615  
1                            82.424242  
2                            26.470588  
3                            77.358491  
4                            86.060606  
5                            83.030303  
6                            83.636364  
7                            83.636364  
8                            43.750000  
9                            80.000000  
10                           34.146341  
11                           77.987421  
12                           78.181818  
13                           78.181818  
14                           86.666667  
15                           83.030303  
16                           84.242424  
17                           80.000000  
18                           83.030303  
19                           83.636364  
20                           81.212121  
21                           83.636364  
22                           78.181818  
23                           78.181818  
24                           83.030303  
25                           82.165605  
26                           83.030303  

Results have been saved to 'reliability_analysis.csv'
Author
10      0.004294
0      13.294973
3      25.562308
1      30.774776
7      31.934128
6      33.990572
5      45.067734
4      45.842101
8      89.116352
2      93.419129
9     100.000000
Name: Score, dtype: float64

Results have been saved to 'pagerank_results_balanced.csv'
Combined Results:
                                          Subcategory  \
0                                     Topic Relevance   
1                    Comprehensiveness of Information   
2                             Accuracy of Information   
3                        Innovativeness of Viewpoints   
4       Integration of Interdisciplinary Perspectives   
5                        Clarity of Logical Structure   
6               Reasonableness of Chapter Arrangement   
7              Quality of Introduction and Conclusion   
8              Accuracy and Completeness of Citations   
9              Timeliness and Relevance of References   
10   Avoidance of Plagiarism and Appropriate Citation   
11             Critical Analysis of Existing Research   
12   Proposal of New Research Directions or Questions   
13                Potential Contribution to the Field   
14             Clarity of Research Method Description   
15                    Rationality of Method Selection   
16                           Rigor of Research Design   
17               Inclusion of Latest Research Results   
18            Reflection of Current Research Hotspots   
19                     Fluency of Language Expression   
20    Appropriateness of Professional Terminology Use   
21                          Conciseness of Expression   
22  Practical Application Potential of Research Re...   
23                Feasibility of Proposed Suggestions   
24                             Logic of Argumentation   
25                   Multi-angle Analysis of Problems   
26  Identification and Discussion of Research Limi...   

    ICC (Intraclass Correlation Coefficient) ICC 95% Confidence Interval  \
0                                   0.604046                [0.51, 0.71]   
1                                   0.860866                [0.81, 0.91]   
2                                   0.477169                [0.38, 0.59]   
3                                   0.788947                [0.72, 0.85]   
4                                   0.808959                [0.74, 0.87]   
5                                   0.792003                [0.72, 0.86]   
6                                   0.794158                [0.73, 0.86]   
7                                   0.717695                 [0.63, 0.8]   
8                                   0.669366                [0.58, 0.76]   
9                                   0.711838                [0.63, 0.79]   
10                                  0.521192                [0.42, 0.63]   
11                                  0.801370                [0.73, 0.86]   
12                                  0.732925                [0.65, 0.81]   
13                                  0.780768                [0.71, 0.85]   
14                                  0.676846                [0.59, 0.77]   
15                                  0.671484                [0.58, 0.76]   
16                                  0.654543                [0.56, 0.75]   
17                                  0.722752                 [0.64, 0.8]   
18                                  0.724464                 [0.64, 0.8]   
19                                  0.643370                [0.55, 0.74]   
20                                  0.678671                [0.59, 0.77]   
21                                  0.601015                  [0.5, 0.7]   
22                                  0.749216                [0.67, 0.82]   
23                                  0.647266                [0.55, 0.74]   
24                                  0.716721                 [0.63, 0.8]   
25                                  0.753008                [0.68, 0.83]   
26                                  0.633494                [0.54, 0.73]   

    Transitivity Consistency Ratio (%)  
0                            40.384615  
1                            82.424242  
2                            26.470588  
3                            77.358491  
4                            86.060606  
5                            83.030303  
6                            83.636364  
7                            83.636364  
8                            43.750000  
9                            80.000000  
10                           34.146341  
11                           77.987421  
12                           78.181818  
13                           78.181818  
14                           86.666667  
15                           83.030303  
16                           84.242424  
17                           80.000000  
18                           83.030303  
19                           83.636364  
20                           81.212121  
21                           83.636364  
22                           78.181818  
23                           78.181818  
24                           83.030303  
25                           82.165605  
26                           83.030303  

Results have been saved to 'reliability_analysis.csv'
