Author
10     0.000000
3     40.874927
4     61.841288
6     64.358357
8     65.820030
2     74.715030
0     76.005290
5     76.353444
1     88.375859
7     92.082813
9     92.348772
Name: Score, dtype: float64

Results have been saved to 'pagerank_results_balanced.csv'
Combined Results:
                                          Subcategory  \
0                                     Topic Relevance   
1                    Comprehensiveness of Information   
2                             Accuracy of Information   
3                        Innovativeness of Viewpoints   
4       Integration of Interdisciplinary Perspectives   
5                        Clarity of Logical Structure   
6               Reasonableness of Chapter Arrangement   
7              Quality of Introduction and Conclusion   
8              Accuracy and Completeness of Citations   
9              Timeliness and Relevance of References   
10   Avoidance of Plagiarism and Appropriate Citation   
11             Critical Analysis of Existing Research   
12   Proposal of New Research Directions or Questions   
13                Potential Contribution to the Field   
14             Clarity of Research Method Description   
15                    Rationality of Method Selection   
16                           Rigor of Research Design   
17               Inclusion of Latest Research Results   
18            Reflection of Current Research Hotspots   
19                     Fluency of Language Expression   
20    Appropriateness of Professional Terminology Use   
21                          Conciseness of Expression   
22  Practical Application Potential of Research Re...   
23                Feasibility of Proposed Suggestions   
24                             Logic of Argumentation   
25                   Multi-angle Analysis of Problems   
26  Identification and Discussion of Research Limi...   

    ICC (Intraclass Correlation Coefficient) ICC 95% Confidence Interval  \
0                                   0.650962                [0.56, 0.75]   
1                                   0.844677                 [0.79, 0.9]   
2                                   0.542746                [0.44, 0.65]   
3                                   0.614085                [0.51, 0.72]   
4                                   0.803479                [0.74, 0.86]   
5                                   0.583586                [0.48, 0.69]   
6                                   0.696203                [0.61, 0.78]   
7                                   0.565322                [0.46, 0.67]   
8                                   0.554983                [0.45, 0.66]   
9                                   0.636909                [0.54, 0.73]   
10                                  0.147682                [0.08, 0.24]   
11                                  0.594920                 [0.49, 0.7]   
12                                  0.636751                [0.54, 0.73]   
13                                  0.588407                 [0.48, 0.7]   
14                                  0.622527                [0.52, 0.72]   
15                                  0.630714                [0.53, 0.73]   
16                                  0.619754                [0.52, 0.72]   
17                                  0.643121                [0.55, 0.74]   
18                                  0.736551                [0.65, 0.81]   
19                                  0.495564                [0.39, 0.61]   
20                                  0.460666                [0.36, 0.58]   
21                                  0.505983                 [0.4, 0.62]   
22                                  0.562176                [0.45, 0.67]   
23                                  0.525086                [0.42, 0.64]   
24                                  0.558985                [0.45, 0.67]   
25                                  0.721640                 [0.63, 0.8]   
26                                  0.592790                 [0.49, 0.7]   

    Transitivity Consistency Ratio (%)  
0                            99.393939  
1                            76.363636  
2                            95.757576  
3                            76.363636  
4                            81.212121  
5                            77.575758  
6                            76.969697  
7                            79.393939  
8                            81.212121  
9                            79.393939  
10                           95.151515  
11                           76.969697  
12                           81.818182  
13                           76.969697  
14                           81.818182  
15                           76.969697  
16                           76.969697  
17                           78.181818  
18                           78.181818  
19                           80.606061  
20                           81.212121  
21                           82.424242  
22                           76.969697  
23                           81.818182  
24                           77.575758  
25                           75.757576  
26                           76.969697  

Results have been saved to 'reliability_analysis.csv'
Author
10     0.000000
3     40.874927
4     61.841288
6     64.358357
8     65.820030
2     74.715030
0     76.005290
5     76.353444
1     88.375859
7     92.082813
9     92.348772
Name: Score, dtype: float64

Results have been saved to 'pagerank_results_balanced.csv'
Combined Results:
                                          Subcategory  \
0                                     Topic Relevance   
1                    Comprehensiveness of Information   
2                             Accuracy of Information   
3                        Innovativeness of Viewpoints   
4       Integration of Interdisciplinary Perspectives   
5                        Clarity of Logical Structure   
6               Reasonableness of Chapter Arrangement   
7              Quality of Introduction and Conclusion   
8              Accuracy and Completeness of Citations   
9              Timeliness and Relevance of References   
10   Avoidance of Plagiarism and Appropriate Citation   
11             Critical Analysis of Existing Research   
12   Proposal of New Research Directions or Questions   
13                Potential Contribution to the Field   
14             Clarity of Research Method Description   
15                    Rationality of Method Selection   
16                           Rigor of Research Design   
17               Inclusion of Latest Research Results   
18            Reflection of Current Research Hotspots   
19                     Fluency of Language Expression   
20    Appropriateness of Professional Terminology Use   
21                          Conciseness of Expression   
22  Practical Application Potential of Research Re...   
23                Feasibility of Proposed Suggestions   
24                             Logic of Argumentation   
25                   Multi-angle Analysis of Problems   
26  Identification and Discussion of Research Limi...   

    ICC (Intraclass Correlation Coefficient) ICC 95% Confidence Interval  \
0                                   0.650962                [0.56, 0.75]   
1                                   0.844677                 [0.79, 0.9]   
2                                   0.542746                [0.44, 0.65]   
3                                   0.614085                [0.51, 0.72]   
4                                   0.803479                [0.74, 0.86]   
5                                   0.583586                [0.48, 0.69]   
6                                   0.696203                [0.61, 0.78]   
7                                   0.565322                [0.46, 0.67]   
8                                   0.554983                [0.45, 0.66]   
9                                   0.636909                [0.54, 0.73]   
10                                  0.147682                [0.08, 0.24]   
11                                  0.594920                 [0.49, 0.7]   
12                                  0.636751                [0.54, 0.73]   
13                                  0.588407                 [0.48, 0.7]   
14                                  0.622527                [0.52, 0.72]   
15                                  0.630714                [0.53, 0.73]   
16                                  0.619754                [0.52, 0.72]   
17                                  0.643121                [0.55, 0.74]   
18                                  0.736551                [0.65, 0.81]   
19                                  0.495564                [0.39, 0.61]   
20                                  0.460666                [0.36, 0.58]   
21                                  0.505983                 [0.4, 0.62]   
22                                  0.562176                [0.45, 0.67]   
23                                  0.525086                [0.42, 0.64]   
24                                  0.558985                [0.45, 0.67]   
25                                  0.721640                 [0.63, 0.8]   
26                                  0.592790                 [0.49, 0.7]   

    Transitivity Consistency Ratio (%)  
0                            99.393939  
1                            76.363636  
2                            95.757576  
3                            76.363636  
4                            81.212121  
5                            77.575758  
6                            76.969697  
7                            79.393939  
8                            81.212121  
9                            79.393939  
10                           95.151515  
11                           76.969697  
12                           81.818182  
13                           76.969697  
14                           81.818182  
15                           76.969697  
16                           76.969697  
17                           78.181818  
18                           78.181818  
19                           80.606061  
20                           81.212121  
21                           82.424242  
22                           76.969697  
23                           81.818182  
24                           77.575758  
25                           75.757576  
26                           76.969697  

Results have been saved to 'reliability_analysis.csv'
Author
10     0.000000
3     42.862201
4     63.212017
8     65.293145
6     65.784072
2     76.250139
0     76.421058
5     77.746787
9     90.834803
1     91.089551
7     94.751489
Name: Score, dtype: float64

Results have been saved to 'pagerank_results_balanced.csv'
Combined Results:
                                          Subcategory  \
0                                     Topic Relevance   
1                    Comprehensiveness of Information   
2                             Accuracy of Information   
3                        Innovativeness of Viewpoints   
4       Integration of Interdisciplinary Perspectives   
5                        Clarity of Logical Structure   
6               Reasonableness of Chapter Arrangement   
7              Quality of Introduction and Conclusion   
8              Accuracy and Completeness of Citations   
9              Timeliness and Relevance of References   
10   Avoidance of Plagiarism and Appropriate Citation   
11             Critical Analysis of Existing Research   
12   Proposal of New Research Directions or Questions   
13                Potential Contribution to the Field   
14             Clarity of Research Method Description   
15                    Rationality of Method Selection   
16                           Rigor of Research Design   
17               Inclusion of Latest Research Results   
18            Reflection of Current Research Hotspots   
19                     Fluency of Language Expression   
20    Appropriateness of Professional Terminology Use   
21                          Conciseness of Expression   
22  Practical Application Potential of Research Re...   
23                Feasibility of Proposed Suggestions   
24                             Logic of Argumentation   
25                   Multi-angle Analysis of Problems   
26  Identification and Discussion of Research Limi...   

    ICC (Intraclass Correlation Coefficient) ICC 95% Confidence Interval  \
0                                   0.650962                [0.56, 0.75]   
1                                   0.844677                 [0.79, 0.9]   
2                                   0.542746                [0.44, 0.65]   
3                                   0.614085                [0.51, 0.72]   
4                                   0.803479                [0.74, 0.86]   
5                                   0.583586                [0.48, 0.69]   
6                                   0.696203                [0.61, 0.78]   
7                                   0.565322                [0.46, 0.67]   
8                                   0.554983                [0.45, 0.66]   
9                                   0.636909                [0.54, 0.73]   
10                                  0.147682                [0.08, 0.24]   
11                                  0.594920                 [0.49, 0.7]   
12                                  0.636751                [0.54, 0.73]   
13                                  0.588407                 [0.48, 0.7]   
14                                  0.622527                [0.52, 0.72]   
15                                  0.630714                [0.53, 0.73]   
16                                  0.619754                [0.52, 0.72]   
17                                  0.643121                [0.55, 0.74]   
18                                  0.736551                [0.65, 0.81]   
19                                  0.495564                [0.39, 0.61]   
20                                  0.460666                [0.36, 0.58]   
21                                  0.505983                 [0.4, 0.62]   
22                                  0.562176                [0.45, 0.67]   
23                                  0.525086                [0.42, 0.64]   
24                                  0.558985                [0.45, 0.67]   
25                                  0.721640                 [0.63, 0.8]   
26                                  0.592790                 [0.49, 0.7]   

    Transitivity Consistency Ratio (%)  
0                             0.000000  
1                            73.825503  
2                            12.500000  
3                            75.159236  
4                            75.968992  
5                            77.575758  
6                            76.969697  
7                            79.393939  
8                            72.566372  
9                            77.483444  
10                           11.111111  
11                           76.969697  
12                           80.891720  
13                           76.969697  
14                           77.777778  
15                           76.969697  
16                           75.796178  
17                           73.913043  
18                           78.181818  
19                           80.606061  
20                           76.335878  
21                           81.528662  
22                           76.969697  
23                           80.891720  
24                           77.575758  
25                           75.757576  
26                           76.969697  

Results have been saved to 'reliability_analysis.csv'
Author
10     0.000000
3     42.862201
4     63.212017
8     65.293145
6     65.784072
2     76.250139
0     76.421058
5     77.746787
9     90.834803
1     91.089551
7     94.751489
Name: Score, dtype: float64

Results have been saved to 'pagerank_results_balanced.csv'
Combined Results:
                                          Subcategory  \
0                                     Topic Relevance   
1                    Comprehensiveness of Information   
2                             Accuracy of Information   
3                        Innovativeness of Viewpoints   
4       Integration of Interdisciplinary Perspectives   
5                        Clarity of Logical Structure   
6               Reasonableness of Chapter Arrangement   
7              Quality of Introduction and Conclusion   
8              Accuracy and Completeness of Citations   
9              Timeliness and Relevance of References   
10   Avoidance of Plagiarism and Appropriate Citation   
11             Critical Analysis of Existing Research   
12   Proposal of New Research Directions or Questions   
13                Potential Contribution to the Field   
14             Clarity of Research Method Description   
15                    Rationality of Method Selection   
16                           Rigor of Research Design   
17               Inclusion of Latest Research Results   
18            Reflection of Current Research Hotspots   
19                     Fluency of Language Expression   
20    Appropriateness of Professional Terminology Use   
21                          Conciseness of Expression   
22  Practical Application Potential of Research Re...   
23                Feasibility of Proposed Suggestions   
24                             Logic of Argumentation   
25                   Multi-angle Analysis of Problems   
26  Identification and Discussion of Research Limi...   

    ICC (Intraclass Correlation Coefficient) ICC 95% Confidence Interval  \
0                                   0.650962                [0.56, 0.75]   
1                                   0.844677                 [0.79, 0.9]   
2                                   0.542746                [0.44, 0.65]   
3                                   0.614085                [0.51, 0.72]   
4                                   0.803479                [0.74, 0.86]   
5                                   0.583586                [0.48, 0.69]   
6                                   0.696203                [0.61, 0.78]   
7                                   0.565322                [0.46, 0.67]   
8                                   0.554983                [0.45, 0.66]   
9                                   0.636909                [0.54, 0.73]   
10                                  0.147682                [0.08, 0.24]   
11                                  0.594920                 [0.49, 0.7]   
12                                  0.636751                [0.54, 0.73]   
13                                  0.588407                 [0.48, 0.7]   
14                                  0.622527                [0.52, 0.72]   
15                                  0.630714                [0.53, 0.73]   
16                                  0.619754                [0.52, 0.72]   
17                                  0.643121                [0.55, 0.74]   
18                                  0.736551                [0.65, 0.81]   
19                                  0.495564                [0.39, 0.61]   
20                                  0.460666                [0.36, 0.58]   
21                                  0.505983                 [0.4, 0.62]   
22                                  0.562176                [0.45, 0.67]   
23                                  0.525086                [0.42, 0.64]   
24                                  0.558985                [0.45, 0.67]   
25                                  0.721640                 [0.63, 0.8]   
26                                  0.592790                 [0.49, 0.7]   

    Transitivity Consistency Ratio (%)  
0                             0.000000  
1                            73.825503  
2                            12.500000  
3                            75.159236  
4                            75.968992  
5                            77.575758  
6                            76.969697  
7                            79.393939  
8                            72.566372  
9                            77.483444  
10                           11.111111  
11                           76.969697  
12                           80.891720  
13                           76.969697  
14                           77.777778  
15                           76.969697  
16                           75.796178  
17                           73.913043  
18                           78.181818  
19                           80.606061  
20                           76.335878  
21                           81.528662  
22                           76.969697  
23                           80.891720  
24                           77.575758  
25                           75.757576  
26                           76.969697  

Results have been saved to 'reliability_analysis.csv'
