Author
1      2.266862
3      5.661533
0      6.494459
7     10.880430
4     13.610553
2     18.217442
6     20.447581
5     29.009305
10    54.952139
8     61.402897
9     90.777132
Name: Score, dtype: float64

Results have been saved to 'pagerank_results_balanced.csv'
Combined Results:
                                          Subcategory  \
0                                     Topic Relevance   
1                    Comprehensiveness of Information   
2                             Accuracy of Information   
3                        Innovativeness of Viewpoints   
4       Integration of Interdisciplinary Perspectives   
5                        Clarity of Logical Structure   
6               Reasonableness of Chapter Arrangement   
7              Quality of Introduction and Conclusion   
8              Accuracy and Completeness of Citations   
9              Timeliness and Relevance of References   
10   Avoidance of Plagiarism and Appropriate Citation   
11             Critical Analysis of Existing Research   
12   Proposal of New Research Directions or Questions   
13                Potential Contribution to the Field   
14             Clarity of Research Method Description   
15                    Rationality of Method Selection   
16                           Rigor of Research Design   
17               Inclusion of Latest Research Results   
18            Reflection of Current Research Hotspots   
19                     Fluency of Language Expression   
20    Appropriateness of Professional Terminology Use   
21                          Conciseness of Expression   
22  Practical Application Potential of Research Re...   
23                Feasibility of Proposed Suggestions   
24                             Logic of Argumentation   
25                   Multi-angle Analysis of Problems   
26  Identification and Discussion of Research Limi...   

    ICC (Intraclass Correlation Coefficient) ICC 95% Confidence Interval  \
0                                   0.708953                [0.62, 0.79]   
1                                   0.857296                  [0.8, 0.9]   
2                                   0.522492                [0.42, 0.64]   
3                                   0.415594                [0.32, 0.53]   
4                                   0.849513                 [0.79, 0.9]   
5                                   0.782642                [0.71, 0.85]   
6                                   0.749643                [0.67, 0.82]   
7                                   0.721820                 [0.64, 0.8]   
8                                   0.448964                [0.35, 0.57]   
9                                   0.470344                [0.37, 0.59]   
10                                  0.263556                [0.18, 0.38]   
11                                  0.653586                [0.56, 0.75]   
12                                  0.319798                [0.23, 0.44]   
13                                  0.663074                [0.57, 0.76]   
14                                  0.626386                [0.53, 0.73]   
15                                  0.632708                [0.54, 0.73]   
16                                  0.626473                [0.53, 0.73]   
17                                  0.491612                [0.39, 0.61]   
18                                  0.678087                [0.59, 0.77]   
19                                  0.662531                [0.57, 0.75]   
20                                  0.706895                [0.62, 0.79]   
21                                  0.672696                [0.58, 0.76]   
22                                  0.721683                 [0.64, 0.8]   
23                                  0.450531                [0.35, 0.57]   
24                                  0.706076                [0.62, 0.79]   
25                                  0.763269                [0.69, 0.83]   
26                                  0.619281                [0.52, 0.72]   

    Transitivity Consistency Ratio (%)  
0                            87.272727  
1                            74.545455  
2                            86.060606  
3                            85.454545  
4                            76.969697  
5                            79.393939  
6                            79.393939  
7                            79.393939  
8                            87.272727  
9                            81.818182  
10                           87.272727  
11                           76.363636  
12                           85.454545  
13                           79.393939  
14                           77.575758  
15                           76.969697  
16                           76.969697  
17                           81.818182  
18                           79.393939  
19                           79.393939  
20                           76.969697  
21                           81.212121  
22                           79.393939  
23                           83.636364  
24                           79.393939  
25                           79.393939  
26                           79.393939  

Results have been saved to 'reliability_analysis.csv'
