Author
4       0.473536
8       2.265847
1       2.513099
2       3.715462
7       4.202502
0       4.231631
10      5.908568
3      12.456422
6      21.260530
5      35.872345
9     100.000000
Name: Score, dtype: float64

Results have been saved to 'pagerank_results_balanced.csv'
Combined Results:
                                          Subcategory  \
0                                     Topic Relevance   
1                    Comprehensiveness of Information   
2                             Accuracy of Information   
3                        Innovativeness of Viewpoints   
4       Integration of Interdisciplinary Perspectives   
5                        Clarity of Logical Structure   
6               Reasonableness of Chapter Arrangement   
7              Quality of Introduction and Conclusion   
8              Accuracy and Completeness of Citations   
9              Timeliness and Relevance of References   
10   Avoidance of Plagiarism and Appropriate Citation   
11             Critical Analysis of Existing Research   
12   Proposal of New Research Directions or Questions   
13                Potential Contribution to the Field   
14             Clarity of Research Method Description   
15                    Rationality of Method Selection   
16                           Rigor of Research Design   
17               Inclusion of Latest Research Results   
18            Reflection of Current Research Hotspots   
19                     Fluency of Language Expression   
20    Appropriateness of Professional Terminology Use   
21                          Conciseness of Expression   
22  Practical Application Potential of Research Re...   
23                Feasibility of Proposed Suggestions   
24                             Logic of Argumentation   
25                   Multi-angle Analysis of Problems   
26  Identification and Discussion of Research Limi...   

    ICC (Intraclass Correlation Coefficient) ICC 95% Confidence Interval  \
0                                   0.645434                [0.55, 0.74]   
1                                   0.561978                [0.46, 0.67]   
2                                   0.491435                [0.39, 0.61]   
3                                   0.660047                [0.57, 0.75]   
4                                   0.550802                [0.45, 0.66]   
5                                   0.641395                [0.55, 0.74]   
6                                   0.617179                [0.52, 0.72]   
7                                   0.577860                [0.48, 0.68]   
8                                   0.724622                 [0.64, 0.8]   
9                                   0.578699                [0.48, 0.68]   
10                                  0.502291                 [0.4, 0.62]   
11                                  0.602807                 [0.5, 0.71]   
12                                  0.621402                [0.52, 0.72]   
13                                  0.597722                  [0.5, 0.7]   
14                                  0.618829                [0.52, 0.72]   
15                                  0.617564                [0.52, 0.72]   
16                                  0.600103                  [0.5, 0.7]   
17                                  0.589473                [0.49, 0.69]   
18                                  0.569188                [0.47, 0.68]   
19                                  0.522835                [0.42, 0.64]   
20                                  0.511246                [0.41, 0.63]   
21                                  0.498784                 [0.4, 0.61]   
22                                  0.594599                  [0.5, 0.7]   
23                                  0.560747                [0.46, 0.67]   
24                                  0.541497                [0.44, 0.65]   
25                                  0.546891                [0.45, 0.66]   
26                                  0.546997                [0.45, 0.66]   

    Transitivity Consistency Ratio (%)  
0                            87.272727  
1                            73.939394  
2                            87.272727  
3                            81.212121  
4                            71.515152  
5                            76.363636  
6                            74.545455  
7                            76.363636  
8                            87.272727  
9                            74.545455  
10                           87.272727  
11                           80.606061  
12                           78.787879  
13                           80.606061  
14                           74.545455  
15                           74.545455  
16                           74.545455  
17                           75.151515  
18                           75.151515  
19                           76.363636  
20                           73.939394  
21                           76.363636  
22                           76.363636  
23                           76.363636  
24                           73.333333  
25                           73.333333  
26                           73.333333  

Results have been saved to 'reliability_analysis.csv'
Author
10      0.000000
4      21.659148
8      33.952491
1      37.152612
7      41.413136
0      43.026765
2      43.533617
3      60.508464
6      68.923876
5      77.515273
9     100.000000
Name: Score, dtype: float64

Results have been saved to 'pagerank_results_balanced.csv'
Combined Results:
                                          Subcategory  \
0                                     Topic Relevance   
1                    Comprehensiveness of Information   
2                             Accuracy of Information   
3                        Innovativeness of Viewpoints   
4       Integration of Interdisciplinary Perspectives   
5                        Clarity of Logical Structure   
6               Reasonableness of Chapter Arrangement   
7              Quality of Introduction and Conclusion   
8              Accuracy and Completeness of Citations   
9              Timeliness and Relevance of References   
10   Avoidance of Plagiarism and Appropriate Citation   
11             Critical Analysis of Existing Research   
12   Proposal of New Research Directions or Questions   
13                Potential Contribution to the Field   
14             Clarity of Research Method Description   
15                    Rationality of Method Selection   
16                           Rigor of Research Design   
17               Inclusion of Latest Research Results   
18            Reflection of Current Research Hotspots   
19                     Fluency of Language Expression   
20    Appropriateness of Professional Terminology Use   
21                          Conciseness of Expression   
22  Practical Application Potential of Research Re...   
23                Feasibility of Proposed Suggestions   
24                             Logic of Argumentation   
25                   Multi-angle Analysis of Problems   
26  Identification and Discussion of Research Limi...   

    ICC (Intraclass Correlation Coefficient) ICC 95% Confidence Interval  \
0                                   0.860907                 [0.8, 0.91]   
1                                   0.853504                  [0.8, 0.9]   
2                                   0.689086                 [0.6, 0.78]   
3                                   0.787608                [0.71, 0.86]   
4                                   0.832986                [0.77, 0.89]   
5                                   0.816579                [0.75, 0.87]   
6                                   0.812626                [0.75, 0.87]   
7                                   0.782492                [0.71, 0.85]   
8                                   0.715560                 [0.63, 0.8]   
9                                   0.756246                [0.68, 0.83]   
10                                  0.507112                [0.41, 0.62]   
11                                  0.775690                [0.69, 0.85]   
12                                  0.781293                [0.71, 0.85]   
13                                  0.775792                 [0.7, 0.85]   
14                                  0.751403                [0.67, 0.83]   
15                                  0.750171                [0.67, 0.82]   
16                                  0.723296                 [0.64, 0.8]   
17                                  0.765424                [0.69, 0.84]   
18                                  0.738253                [0.66, 0.82]   
19                                  0.655842                [0.56, 0.75]   
20                                  0.646601                [0.55, 0.74]   
21                                  0.647018                [0.55, 0.74]   
22                                  0.767151                [0.69, 0.84]   
23                                  0.707117                [0.62, 0.79]   
24                                  0.765009                [0.69, 0.84]   
25                                  0.771834                 [0.7, 0.84]   
26                                  0.716350                 [0.63, 0.8]   

    Transitivity Consistency Ratio (%)  
0                            86.666667  
1                            78.787879  
2                            86.666667  
3                            81.212121  
4                            75.151515  
5                            79.393939  
6                            77.575758  
7                            79.393939  
8                            86.666667  
9                            78.787879  
10                           86.666667  
11                           81.212121  
12                           80.000000  
13                           80.000000  
14                           78.787879  
15                           78.787879  
16                           78.787879  
17                           78.787879  
18                           77.575758  
19                           79.393939  
20                           78.787879  
21                           79.393939  
22                           79.393939  
23                           79.393939  
24                           77.575758  
25                           77.575758  
26                           75.757576  

Results have been saved to 'reliability_analysis.csv'
Author
10      0.000000
4      21.659148
8      33.952491
1      37.152612
7      41.413136
0      43.026765
2      43.533617
3      60.508464
6      68.923876
5      77.515273
9     100.000000
Name: Score, dtype: float64

Results have been saved to 'pagerank_results_balanced.csv'
Combined Results:
                                          Subcategory  \
0                                     Topic Relevance   
1                    Comprehensiveness of Information   
2                             Accuracy of Information   
3                        Innovativeness of Viewpoints   
4       Integration of Interdisciplinary Perspectives   
5                        Clarity of Logical Structure   
6               Reasonableness of Chapter Arrangement   
7              Quality of Introduction and Conclusion   
8              Accuracy and Completeness of Citations   
9              Timeliness and Relevance of References   
10   Avoidance of Plagiarism and Appropriate Citation   
11             Critical Analysis of Existing Research   
12   Proposal of New Research Directions or Questions   
13                Potential Contribution to the Field   
14             Clarity of Research Method Description   
15                    Rationality of Method Selection   
16                           Rigor of Research Design   
17               Inclusion of Latest Research Results   
18            Reflection of Current Research Hotspots   
19                     Fluency of Language Expression   
20    Appropriateness of Professional Terminology Use   
21                          Conciseness of Expression   
22  Practical Application Potential of Research Re...   
23                Feasibility of Proposed Suggestions   
24                             Logic of Argumentation   
25                   Multi-angle Analysis of Problems   
26  Identification and Discussion of Research Limi...   

    ICC (Intraclass Correlation Coefficient) ICC 95% Confidence Interval  \
0                                   0.860907                 [0.8, 0.91]   
1                                   0.853504                  [0.8, 0.9]   
2                                   0.689086                 [0.6, 0.78]   
3                                   0.787608                [0.71, 0.86]   
4                                   0.832986                [0.77, 0.89]   
5                                   0.816579                [0.75, 0.87]   
6                                   0.812626                [0.75, 0.87]   
7                                   0.782492                [0.71, 0.85]   
8                                   0.715560                 [0.63, 0.8]   
9                                   0.756246                [0.68, 0.83]   
10                                  0.507112                [0.41, 0.62]   
11                                  0.775690                [0.69, 0.85]   
12                                  0.781293                [0.71, 0.85]   
13                                  0.775792                 [0.7, 0.85]   
14                                  0.751403                [0.67, 0.83]   
15                                  0.750171                [0.67, 0.82]   
16                                  0.723296                 [0.64, 0.8]   
17                                  0.765424                [0.69, 0.84]   
18                                  0.738253                [0.66, 0.82]   
19                                  0.655842                [0.56, 0.75]   
20                                  0.646601                [0.55, 0.74]   
21                                  0.647018                [0.55, 0.74]   
22                                  0.767151                [0.69, 0.84]   
23                                  0.707117                [0.62, 0.79]   
24                                  0.765009                [0.69, 0.84]   
25                                  0.771834                 [0.7, 0.84]   
26                                  0.716350                 [0.63, 0.8]   

    Transitivity Consistency Ratio (%)  
0                            86.666667  
1                            78.787879  
2                            86.666667  
3                            81.212121  
4                            75.151515  
5                            79.393939  
6                            77.575758  
7                            79.393939  
8                            86.666667  
9                            78.787879  
10                           86.666667  
11                           81.212121  
12                           80.000000  
13                           80.000000  
14                           78.787879  
15                           78.787879  
16                           78.787879  
17                           78.787879  
18                           77.575758  
19                           79.393939  
20                           78.787879  
21                           79.393939  
22                           79.393939  
23                           79.393939  
24                           77.575758  
25                           77.575758  
26                           75.757576  

Results have been saved to 'reliability_analysis.csv'
Author
10      0.000000
4      19.279425
8      33.351040
1      34.041487
7      38.421508
2      40.060927
0      40.880980
3      60.916166
6      68.711239
5      78.903733
9     100.000000
Name: Score, dtype: float64

Results have been saved to 'pagerank_results_balanced.csv'
Combined Results:
                                          Subcategory  \
0                                     Topic Relevance   
1                    Comprehensiveness of Information   
2                             Accuracy of Information   
3                        Innovativeness of Viewpoints   
4       Integration of Interdisciplinary Perspectives   
5                        Clarity of Logical Structure   
6               Reasonableness of Chapter Arrangement   
7              Quality of Introduction and Conclusion   
8              Accuracy and Completeness of Citations   
9              Timeliness and Relevance of References   
10   Avoidance of Plagiarism and Appropriate Citation   
11             Critical Analysis of Existing Research   
12   Proposal of New Research Directions or Questions   
13                Potential Contribution to the Field   
14             Clarity of Research Method Description   
15                    Rationality of Method Selection   
16                           Rigor of Research Design   
17               Inclusion of Latest Research Results   
18            Reflection of Current Research Hotspots   
19                     Fluency of Language Expression   
20    Appropriateness of Professional Terminology Use   
21                          Conciseness of Expression   
22  Practical Application Potential of Research Re...   
23                Feasibility of Proposed Suggestions   
24                             Logic of Argumentation   
25                   Multi-angle Analysis of Problems   
26  Identification and Discussion of Research Limi...   

    ICC (Intraclass Correlation Coefficient) ICC 95% Confidence Interval  \
0                                   0.860907                 [0.8, 0.91]   
1                                   0.853504                  [0.8, 0.9]   
2                                   0.689086                 [0.6, 0.78]   
3                                   0.787608                [0.71, 0.86]   
4                                   0.832986                [0.77, 0.89]   
5                                   0.816579                [0.75, 0.87]   
6                                   0.812626                [0.75, 0.87]   
7                                   0.782492                [0.71, 0.85]   
8                                   0.715560                 [0.63, 0.8]   
9                                   0.756246                [0.68, 0.83]   
10                                  0.507112                [0.41, 0.62]   
11                                  0.775690                [0.69, 0.85]   
12                                  0.781293                [0.71, 0.85]   
13                                  0.775792                 [0.7, 0.85]   
14                                  0.751403                [0.67, 0.83]   
15                                  0.750171                [0.67, 0.82]   
16                                  0.723296                 [0.64, 0.8]   
17                                  0.765424                [0.69, 0.84]   
18                                  0.738253                [0.66, 0.82]   
19                                  0.655842                [0.56, 0.75]   
20                                  0.646601                [0.55, 0.74]   
21                                  0.647018                [0.55, 0.74]   
22                                  0.767151                [0.69, 0.84]   
23                                  0.707117                [0.62, 0.79]   
24                                  0.765009                [0.69, 0.84]   
25                                  0.771834                 [0.7, 0.84]   
26                                  0.716350                 [0.63, 0.8]   

    Transitivity Consistency Ratio (%)  
0                            24.137931  
1                            78.787879  
2                            24.137931  
3                            81.212121  
4                            75.151515  
5                            79.393939  
6                            77.575758  
7                            79.393939  
8                            26.666667  
9                            78.787879  
10                           24.137931  
11                           81.212121  
12                           80.000000  
13                           80.000000  
14                           78.787879  
15                           78.787879  
16                           78.787879  
17                           78.787879  
18                           77.575758  
19                           79.393939  
20                           78.787879  
21                           79.393939  
22                           79.393939  
23                           79.393939  
24                           76.282051  
25                           76.282051  
26                           75.757576  

Results have been saved to 'reliability_analysis.csv'
Author
10      0.000000
4      19.279425
8      33.351040
1      34.041487
7      38.421508
2      40.060927
0      40.880980
3      60.916166
6      68.711239
5      78.903733
9     100.000000
Name: Score, dtype: float64

Results have been saved to 'pagerank_results_balanced.csv'
Combined Results:
                                          Subcategory  \
0                                     Topic Relevance   
1                    Comprehensiveness of Information   
2                             Accuracy of Information   
3                        Innovativeness of Viewpoints   
4       Integration of Interdisciplinary Perspectives   
5                        Clarity of Logical Structure   
6               Reasonableness of Chapter Arrangement   
7              Quality of Introduction and Conclusion   
8              Accuracy and Completeness of Citations   
9              Timeliness and Relevance of References   
10   Avoidance of Plagiarism and Appropriate Citation   
11             Critical Analysis of Existing Research   
12   Proposal of New Research Directions or Questions   
13                Potential Contribution to the Field   
14             Clarity of Research Method Description   
15                    Rationality of Method Selection   
16                           Rigor of Research Design   
17               Inclusion of Latest Research Results   
18            Reflection of Current Research Hotspots   
19                     Fluency of Language Expression   
20    Appropriateness of Professional Terminology Use   
21                          Conciseness of Expression   
22  Practical Application Potential of Research Re...   
23                Feasibility of Proposed Suggestions   
24                             Logic of Argumentation   
25                   Multi-angle Analysis of Problems   
26  Identification and Discussion of Research Limi...   

    ICC (Intraclass Correlation Coefficient) ICC 95% Confidence Interval  \
0                                   0.860907                 [0.8, 0.91]   
1                                   0.853504                  [0.8, 0.9]   
2                                   0.689086                 [0.6, 0.78]   
3                                   0.787608                [0.71, 0.86]   
4                                   0.832986                [0.77, 0.89]   
5                                   0.816579                [0.75, 0.87]   
6                                   0.812626                [0.75, 0.87]   
7                                   0.782492                [0.71, 0.85]   
8                                   0.715560                 [0.63, 0.8]   
9                                   0.756246                [0.68, 0.83]   
10                                  0.507112                [0.41, 0.62]   
11                                  0.775690                [0.69, 0.85]   
12                                  0.781293                [0.71, 0.85]   
13                                  0.775792                 [0.7, 0.85]   
14                                  0.751403                [0.67, 0.83]   
15                                  0.750171                [0.67, 0.82]   
16                                  0.723296                 [0.64, 0.8]   
17                                  0.765424                [0.69, 0.84]   
18                                  0.738253                [0.66, 0.82]   
19                                  0.655842                [0.56, 0.75]   
20                                  0.646601                [0.55, 0.74]   
21                                  0.647018                [0.55, 0.74]   
22                                  0.767151                [0.69, 0.84]   
23                                  0.707117                [0.62, 0.79]   
24                                  0.765009                [0.69, 0.84]   
25                                  0.771834                 [0.7, 0.84]   
26                                  0.716350                 [0.63, 0.8]   

    Transitivity Consistency Ratio (%)  
0                            24.137931  
1                            78.787879  
2                            24.137931  
3                            81.212121  
4                            75.151515  
5                            79.393939  
6                            77.575758  
7                            79.393939  
8                            26.666667  
9                            78.787879  
10                           24.137931  
11                           81.212121  
12                           80.000000  
13                           80.000000  
14                           78.787879  
15                           78.787879  
16                           78.787879  
17                           78.787879  
18                           77.575758  
19                           79.393939  
20                           78.787879  
21                           79.393939  
22                           79.393939  
23                           79.393939  
24                           76.282051  
25                           76.282051  
26                           75.757576  

Results have been saved to 'reliability_analysis.csv'
