Author
10      0.000000
5       9.459635
2      12.972157
7      15.747612
6      19.489616
3      20.247236
8      28.644408
0      45.290307
1      45.304326
4      84.640623
9     100.000000
Name: Score, dtype: float64

Results have been saved to 'pagerank_results_balanced.csv'
Combined Results:
                                          Subcategory  \
0                                     Topic Relevance   
1                    Comprehensiveness of Information   
2                             Accuracy of Information   
3                        Innovativeness of Viewpoints   
4       Integration of Interdisciplinary Perspectives   
5                        Clarity of Logical Structure   
6               Reasonableness of Chapter Arrangement   
7              Quality of Introduction and Conclusion   
8              Accuracy and Completeness of Citations   
9              Timeliness and Relevance of References   
10   Avoidance of Plagiarism and Appropriate Citation   
11             Critical Analysis of Existing Research   
12   Proposal of New Research Directions or Questions   
13                Potential Contribution to the Field   
14             Clarity of Research Method Description   
15                    Rationality of Method Selection   
16                           Rigor of Research Design   
17               Inclusion of Latest Research Results   
18            Reflection of Current Research Hotspots   
19                     Fluency of Language Expression   
20    Appropriateness of Professional Terminology Use   
21                          Conciseness of Expression   
22  Practical Application Potential of Research Re...   
23                Feasibility of Proposed Suggestions   
24                             Logic of Argumentation   
25                   Multi-angle Analysis of Problems   
26  Identification and Discussion of Research Limi...   

    ICC (Intraclass Correlation Coefficient) ICC 95% Confidence Interval  \
0                                   0.629275                [0.53, 0.73]   
1                                   0.795934                [0.73, 0.86]   
2                                   0.405635                [0.31, 0.53]   
3                                   0.714495                 [0.63, 0.8]   
4                                   0.712801                 [0.63, 0.8]   
5                                   0.724333                 [0.64, 0.8]   
6                                   0.723680                 [0.64, 0.8]   
7                                   0.675687                [0.59, 0.77]   
8                                   0.634268                [0.54, 0.73]   
9                                   0.698965                [0.61, 0.78]   
10                                  0.359642                [0.26, 0.48]   
11                                  0.719253                 [0.64, 0.8]   
12                                  0.585251                [0.49, 0.69]   
13                                  0.698555                [0.61, 0.78]   
14                                  0.655970                [0.56, 0.75]   
15                                  0.660836                [0.57, 0.75]   
16                                  0.646513                [0.55, 0.74]   
17                                  0.683209                [0.59, 0.77]   
18                                  0.666989                [0.58, 0.76]   
19                                  0.614845                [0.52, 0.72]   
20                                  0.665284                [0.57, 0.76]   
21                                  0.579104                [0.48, 0.69]   
22                                  0.679312                [0.59, 0.77]   
23                                  0.663031                [0.57, 0.76]   
24                                  0.683378                [0.59, 0.77]   
25                                  0.682792                [0.59, 0.77]   
26                                  0.630768                [0.54, 0.73]   

    Transitivity Consistency Ratio (%)  
0                            82.424242  
1                            78.181818  
2                            89.090909  
3                            75.151515  
4                            71.515152  
5                            73.333333  
6                            74.545455  
7                            75.757576  
8                            79.393939  
9                            74.545455  
10                           85.454545  
11                           75.151515  
12                           73.333333  
13                           72.727273  
14                           74.545455  
15                           73.333333  
16                           72.727273  
17                           74.545455  
18                           73.333333  
19                           70.303030  
20                           74.545455  
21                           69.696970  
22                           72.727273  
23                           70.909091  
24                           72.121212  
25                           73.333333  
26                           75.151515  

Results have been saved to 'reliability_analysis.csv'
Author
10      0.000000
5       4.971150
2       8.437164
7      10.012143
6      13.372876
3      15.576617
8      27.720019
0      32.565155
1      47.881414
4      81.929747
9     100.000000
Name: Score, dtype: float64

Results have been saved to 'pagerank_results_balanced.csv'
Combined Results:
                                          Subcategory  \
0                                     Topic Relevance   
1                    Comprehensiveness of Information   
2                             Accuracy of Information   
3                        Innovativeness of Viewpoints   
4       Integration of Interdisciplinary Perspectives   
5                        Clarity of Logical Structure   
6               Reasonableness of Chapter Arrangement   
7              Quality of Introduction and Conclusion   
8              Accuracy and Completeness of Citations   
9              Timeliness and Relevance of References   
10   Avoidance of Plagiarism and Appropriate Citation   
11             Critical Analysis of Existing Research   
12   Proposal of New Research Directions or Questions   
13                Potential Contribution to the Field   
14             Clarity of Research Method Description   
15                    Rationality of Method Selection   
16                           Rigor of Research Design   
17               Inclusion of Latest Research Results   
18            Reflection of Current Research Hotspots   
19                     Fluency of Language Expression   
20    Appropriateness of Professional Terminology Use   
21                          Conciseness of Expression   
22  Practical Application Potential of Research Re...   
23                Feasibility of Proposed Suggestions   
24                             Logic of Argumentation   
25                   Multi-angle Analysis of Problems   
26  Identification and Discussion of Research Limi...   

    ICC (Intraclass Correlation Coefficient) ICC 95% Confidence Interval  \
0                                   0.629275                [0.53, 0.73]   
1                                   0.795934                [0.73, 0.86]   
2                                   0.405635                [0.31, 0.53]   
3                                   0.714495                 [0.63, 0.8]   
4                                   0.712801                 [0.63, 0.8]   
5                                   0.724333                 [0.64, 0.8]   
6                                   0.723680                 [0.64, 0.8]   
7                                   0.675687                [0.59, 0.77]   
8                                   0.634268                [0.54, 0.73]   
9                                   0.698965                [0.61, 0.78]   
10                                  0.359642                [0.26, 0.48]   
11                                  0.719253                 [0.64, 0.8]   
12                                  0.585251                [0.49, 0.69]   
13                                  0.698555                [0.61, 0.78]   
14                                  0.655970                [0.56, 0.75]   
15                                  0.660836                [0.57, 0.75]   
16                                  0.646513                [0.55, 0.74]   
17                                  0.683209                [0.59, 0.77]   
18                                  0.666989                [0.58, 0.76]   
19                                  0.614845                [0.52, 0.72]   
20                                  0.665284                [0.57, 0.76]   
21                                  0.579104                [0.48, 0.69]   
22                                  0.679312                [0.59, 0.77]   
23                                  0.663031                [0.57, 0.76]   
24                                  0.683378                [0.59, 0.77]   
25                                  0.682792                [0.59, 0.77]   
26                                  0.630768                [0.54, 0.73]   

    Transitivity Consistency Ratio (%)  
0                            79.432624  
1                            78.181818  
2                            65.384615  
3                            75.151515  
4                            71.515152  
5                            70.270270  
6                            74.545455  
7                            74.358974  
8                            71.428571  
9                            74.545455  
10                           60.655738  
11                           75.151515  
12                           73.333333  
13                           71.518987  
14                           72.368421  
15                           72.500000  
16                           72.727273  
17                           74.545455  
18                           73.333333  
19                           69.375000  
20                           74.545455  
21                           68.553459  
22                           72.727273  
23                           70.552147  
24                           72.121212  
25                           73.333333  
26                           74.375000  

Results have been saved to 'reliability_analysis.csv'
Author
10      0.000000
5       4.971150
2       8.437164
7      10.012143
6      13.372876
3      15.576617
8      27.720019
0      32.565155
1      47.881414
4      81.929747
9     100.000000
Name: Score, dtype: float64

Results have been saved to 'pagerank_results_balanced.csv'
Combined Results:
                                          Subcategory  \
0                                     Topic Relevance   
1                    Comprehensiveness of Information   
2                             Accuracy of Information   
3                        Innovativeness of Viewpoints   
4       Integration of Interdisciplinary Perspectives   
5                        Clarity of Logical Structure   
6               Reasonableness of Chapter Arrangement   
7              Quality of Introduction and Conclusion   
8              Accuracy and Completeness of Citations   
9              Timeliness and Relevance of References   
10   Avoidance of Plagiarism and Appropriate Citation   
11             Critical Analysis of Existing Research   
12   Proposal of New Research Directions or Questions   
13                Potential Contribution to the Field   
14             Clarity of Research Method Description   
15                    Rationality of Method Selection   
16                           Rigor of Research Design   
17               Inclusion of Latest Research Results   
18            Reflection of Current Research Hotspots   
19                     Fluency of Language Expression   
20    Appropriateness of Professional Terminology Use   
21                          Conciseness of Expression   
22  Practical Application Potential of Research Re...   
23                Feasibility of Proposed Suggestions   
24                             Logic of Argumentation   
25                   Multi-angle Analysis of Problems   
26  Identification and Discussion of Research Limi...   

    ICC (Intraclass Correlation Coefficient) ICC 95% Confidence Interval  \
0                                   0.629275                [0.53, 0.73]   
1                                   0.795934                [0.73, 0.86]   
2                                   0.405635                [0.31, 0.53]   
3                                   0.714495                 [0.63, 0.8]   
4                                   0.712801                 [0.63, 0.8]   
5                                   0.724333                 [0.64, 0.8]   
6                                   0.723680                 [0.64, 0.8]   
7                                   0.675687                [0.59, 0.77]   
8                                   0.634268                [0.54, 0.73]   
9                                   0.698965                [0.61, 0.78]   
10                                  0.359642                [0.26, 0.48]   
11                                  0.719253                 [0.64, 0.8]   
12                                  0.585251                [0.49, 0.69]   
13                                  0.698555                [0.61, 0.78]   
14                                  0.655970                [0.56, 0.75]   
15                                  0.660836                [0.57, 0.75]   
16                                  0.646513                [0.55, 0.74]   
17                                  0.683209                [0.59, 0.77]   
18                                  0.666989                [0.58, 0.76]   
19                                  0.614845                [0.52, 0.72]   
20                                  0.665284                [0.57, 0.76]   
21                                  0.579104                [0.48, 0.69]   
22                                  0.679312                [0.59, 0.77]   
23                                  0.663031                [0.57, 0.76]   
24                                  0.683378                [0.59, 0.77]   
25                                  0.682792                [0.59, 0.77]   
26                                  0.630768                [0.54, 0.73]   

    Transitivity Consistency Ratio (%)  
0                            79.432624  
1                            78.181818  
2                            65.384615  
3                            75.151515  
4                            71.515152  
5                            70.270270  
6                            74.545455  
7                            74.358974  
8                            71.428571  
9                            74.545455  
10                           60.655738  
11                           75.151515  
12                           73.333333  
13                           71.518987  
14                           72.368421  
15                           72.500000  
16                           72.727273  
17                           74.545455  
18                           73.333333  
19                           69.375000  
20                           74.545455  
21                           68.553459  
22                           72.727273  
23                           70.552147  
24                           72.121212  
25                           73.333333  
26                           74.375000  

Results have been saved to 'reliability_analysis.csv'
