Author
10    15.843700
6     19.839768
7     26.773366
4     31.179173
3     36.473601
2     41.466620
5     46.008076
8     54.066214
1     66.081379
0     72.190533
9     81.857142
Name: Score, dtype: float64

Results have been saved to 'pagerank_results_balanced.csv'
Combined Results:
                                          Subcategory  \
0                                     Topic Relevance   
1                    Comprehensiveness of Information   
2                             Accuracy of Information   
3                        Innovativeness of Viewpoints   
4       Integration of Interdisciplinary Perspectives   
5                        Clarity of Logical Structure   
6               Reasonableness of Chapter Arrangement   
7              Quality of Introduction and Conclusion   
8              Accuracy and Completeness of Citations   
9              Timeliness and Relevance of References   
10   Avoidance of Plagiarism and Appropriate Citation   
11             Critical Analysis of Existing Research   
12   Proposal of New Research Directions or Questions   
13                Potential Contribution to the Field   
14             Clarity of Research Method Description   
15                    Rationality of Method Selection   
16                           Rigor of Research Design   
17               Inclusion of Latest Research Results   
18            Reflection of Current Research Hotspots   
19                     Fluency of Language Expression   
20    Appropriateness of Professional Terminology Use   
21                          Conciseness of Expression   
22  Practical Application Potential of Research Re...   
23                Feasibility of Proposed Suggestions   
24                             Logic of Argumentation   
25                   Multi-angle Analysis of Problems   
26  Identification and Discussion of Research Limi...   

    ICC (Intraclass Correlation Coefficient) ICC 95% Confidence Interval  \
0                                   0.554854                [0.45, 0.66]   
1                                   0.824986                [0.76, 0.88]   
2                                   0.492956                [0.39, 0.61]   
3                                   0.790395                [0.72, 0.85]   
4                                   0.777552                 [0.7, 0.84]   
5                                   0.774596                 [0.7, 0.84]   
6                                   0.772108                 [0.7, 0.84]   
7                                   0.739692                [0.66, 0.82]   
8                                   0.639920                [0.55, 0.74]   
9                                   0.675581                [0.59, 0.77]   
10                                  0.358959                [0.26, 0.48]   
11                                  0.782031                [0.71, 0.85]   
12                                  0.725538                [0.64, 0.81]   
13                                  0.771068                 [0.7, 0.84]   
14                                  0.716853                 [0.63, 0.8]   
15                                  0.725378                 [0.64, 0.8]   
16                                  0.717187                 [0.63, 0.8]   
17                                  0.686936                 [0.6, 0.77]   
18                                  0.727405                [0.64, 0.81]   
19                                  0.739774                [0.66, 0.82]   
20                                  0.683917                [0.59, 0.77]   
21                                  0.713144                 [0.63, 0.8]   
22                                  0.744178                [0.66, 0.82]   
23                                  0.690499                 [0.6, 0.78]   
24                                  0.750885                [0.67, 0.82]   
25                                  0.748213                [0.67, 0.82]   
26                                  0.703718                [0.62, 0.79]   

    Transitivity Consistency Ratio (%)  
0                            86.060606  
1                            81.212121  
2                            88.484848  
3                            80.606061  
4                            78.181818  
5                            81.212121  
6                            76.969697  
7                            76.969697  
8                            80.606061  
9                            78.181818  
10                           84.848485  
11                           80.606061  
12                           80.000000  
13                           80.606061  
14                           81.212121  
15                           81.212121  
16                           81.212121  
17                           78.181818  
18                           80.606061  
19                           80.606061  
20                           80.606061  
21                           80.606061  
22                           80.606061  
23                           80.606061  
24                           80.606061  
25                           80.606061  
26                           80.606061  

Results have been saved to 'reliability_analysis.csv'
Author
10      0.000000
7      16.546762
4      18.691219
6      19.684102
3      34.706463
5      36.926772
2      38.184913
8      65.983025
0      79.725071
1      82.789505
9     100.000000
Name: Score, dtype: float64

Results have been saved to 'pagerank_results_balanced.csv'
Combined Results:
                                          Subcategory  \
0                                     Topic Relevance   
1                    Comprehensiveness of Information   
2                             Accuracy of Information   
3                        Innovativeness of Viewpoints   
4       Integration of Interdisciplinary Perspectives   
5                        Clarity of Logical Structure   
6               Reasonableness of Chapter Arrangement   
7              Quality of Introduction and Conclusion   
8              Accuracy and Completeness of Citations   
9              Timeliness and Relevance of References   
10   Avoidance of Plagiarism and Appropriate Citation   
11             Critical Analysis of Existing Research   
12   Proposal of New Research Directions or Questions   
13                Potential Contribution to the Field   
14             Clarity of Research Method Description   
15                    Rationality of Method Selection   
16                           Rigor of Research Design   
17               Inclusion of Latest Research Results   
18            Reflection of Current Research Hotspots   
19                     Fluency of Language Expression   
20    Appropriateness of Professional Terminology Use   
21                          Conciseness of Expression   
22  Practical Application Potential of Research Re...   
23                Feasibility of Proposed Suggestions   
24                             Logic of Argumentation   
25                   Multi-angle Analysis of Problems   
26  Identification and Discussion of Research Limi...   

    ICC (Intraclass Correlation Coefficient) ICC 95% Confidence Interval  \
0                                   0.554854                [0.45, 0.66]   
1                                   0.824986                [0.76, 0.88]   
2                                   0.492956                [0.39, 0.61]   
3                                   0.790395                [0.72, 0.85]   
4                                   0.777552                 [0.7, 0.84]   
5                                   0.774596                 [0.7, 0.84]   
6                                   0.772108                 [0.7, 0.84]   
7                                   0.739692                [0.66, 0.82]   
8                                   0.639920                [0.55, 0.74]   
9                                   0.675581                [0.59, 0.77]   
10                                  0.358959                [0.26, 0.48]   
11                                  0.782031                [0.71, 0.85]   
12                                  0.725538                [0.64, 0.81]   
13                                  0.771068                 [0.7, 0.84]   
14                                  0.716853                 [0.63, 0.8]   
15                                  0.725378                 [0.64, 0.8]   
16                                  0.717187                 [0.63, 0.8]   
17                                  0.686936                 [0.6, 0.77]   
18                                  0.727405                [0.64, 0.81]   
19                                  0.739774                [0.66, 0.82]   
20                                  0.683917                [0.59, 0.77]   
21                                  0.713144                 [0.63, 0.8]   
22                                  0.744178                [0.66, 0.82]   
23                                  0.690499                 [0.6, 0.78]   
24                                  0.750885                [0.67, 0.82]   
25                                  0.748213                [0.67, 0.82]   
26                                  0.703718                [0.62, 0.79]   

    Transitivity Consistency Ratio (%)  
0                            73.255814  
1                            81.212121  
2                            51.282051  
3                            80.606061  
4                            76.923077  
5                            80.128205  
6                            76.969697  
7                            76.969697  
8                            69.811321  
9                            78.181818  
10                           52.830189  
11                           80.606061  
12                           80.000000  
13                           80.606061  
14                           81.212121  
15                           81.212121  
16                           81.212121  
17                           78.181818  
18                           79.487179  
19                           80.606061  
20                           80.606061  
21                           80.606061  
22                           80.606061  
23                           80.606061  
24                           80.606061  
25                           80.606061  
26                           80.606061  

Results have been saved to 'reliability_analysis.csv'
Author
10      0.000000
7      16.546762
4      18.691219
6      19.684102
3      34.706463
5      36.926772
2      38.184913
8      65.983025
0      79.725071
1      82.789505
9     100.000000
Name: Score, dtype: float64

Results have been saved to 'pagerank_results_balanced.csv'
Combined Results:
                                          Subcategory  \
0                                     Topic Relevance   
1                    Comprehensiveness of Information   
2                             Accuracy of Information   
3                        Innovativeness of Viewpoints   
4       Integration of Interdisciplinary Perspectives   
5                        Clarity of Logical Structure   
6               Reasonableness of Chapter Arrangement   
7              Quality of Introduction and Conclusion   
8              Accuracy and Completeness of Citations   
9              Timeliness and Relevance of References   
10   Avoidance of Plagiarism and Appropriate Citation   
11             Critical Analysis of Existing Research   
12   Proposal of New Research Directions or Questions   
13                Potential Contribution to the Field   
14             Clarity of Research Method Description   
15                    Rationality of Method Selection   
16                           Rigor of Research Design   
17               Inclusion of Latest Research Results   
18            Reflection of Current Research Hotspots   
19                     Fluency of Language Expression   
20    Appropriateness of Professional Terminology Use   
21                          Conciseness of Expression   
22  Practical Application Potential of Research Re...   
23                Feasibility of Proposed Suggestions   
24                             Logic of Argumentation   
25                   Multi-angle Analysis of Problems   
26  Identification and Discussion of Research Limi...   

    ICC (Intraclass Correlation Coefficient) ICC 95% Confidence Interval  \
0                                   0.554854                [0.45, 0.66]   
1                                   0.824986                [0.76, 0.88]   
2                                   0.492956                [0.39, 0.61]   
3                                   0.790395                [0.72, 0.85]   
4                                   0.777552                 [0.7, 0.84]   
5                                   0.774596                 [0.7, 0.84]   
6                                   0.772108                 [0.7, 0.84]   
7                                   0.739692                [0.66, 0.82]   
8                                   0.639920                [0.55, 0.74]   
9                                   0.675581                [0.59, 0.77]   
10                                  0.358959                [0.26, 0.48]   
11                                  0.782031                [0.71, 0.85]   
12                                  0.725538                [0.64, 0.81]   
13                                  0.771068                 [0.7, 0.84]   
14                                  0.716853                 [0.63, 0.8]   
15                                  0.725378                 [0.64, 0.8]   
16                                  0.717187                 [0.63, 0.8]   
17                                  0.686936                 [0.6, 0.77]   
18                                  0.727405                [0.64, 0.81]   
19                                  0.739774                [0.66, 0.82]   
20                                  0.683917                [0.59, 0.77]   
21                                  0.713144                 [0.63, 0.8]   
22                                  0.744178                [0.66, 0.82]   
23                                  0.690499                 [0.6, 0.78]   
24                                  0.750885                [0.67, 0.82]   
25                                  0.748213                [0.67, 0.82]   
26                                  0.703718                [0.62, 0.79]   

    Transitivity Consistency Ratio (%)  
0                            73.255814  
1                            81.212121  
2                            51.282051  
3                            80.606061  
4                            76.923077  
5                            80.128205  
6                            76.969697  
7                            76.969697  
8                            69.811321  
9                            78.181818  
10                           52.830189  
11                           80.606061  
12                           80.000000  
13                           80.606061  
14                           81.212121  
15                           81.212121  
16                           81.212121  
17                           78.181818  
18                           79.487179  
19                           80.606061  
20                           80.606061  
21                           80.606061  
22                           80.606061  
23                           80.606061  
24                           80.606061  
25                           80.606061  
26                           80.606061  

Results have been saved to 'reliability_analysis.csv'
