Author
10     0.000000
7     21.796494
0     36.671410
2     61.118608
8     61.693061
9     67.020068
5     76.953690
3     80.383110
4     93.742327
1     96.454960
6     99.810990
Name: Score, dtype: float64

Results have been saved to 'pagerank_results_balanced.csv'
Combined Results:
                                          Subcategory  \
0                                     Topic Relevance   
1                    Comprehensiveness of Information   
2                             Accuracy of Information   
3                        Innovativeness of Viewpoints   
4       Integration of Interdisciplinary Perspectives   
5                        Clarity of Logical Structure   
6               Reasonableness of Chapter Arrangement   
7              Quality of Introduction and Conclusion   
8              Accuracy and Completeness of Citations   
9              Timeliness and Relevance of References   
10   Avoidance of Plagiarism and Appropriate Citation   
11             Critical Analysis of Existing Research   
12   Proposal of New Research Directions or Questions   
13                Potential Contribution to the Field   
14             Clarity of Research Method Description   
15                    Rationality of Method Selection   
16                           Rigor of Research Design   
17               Inclusion of Latest Research Results   
18            Reflection of Current Research Hotspots   
19                     Fluency of Language Expression   
20    Appropriateness of Professional Terminology Use   
21                          Conciseness of Expression   
22  Practical Application Potential of Research Re...   
23                Feasibility of Proposed Suggestions   
24                             Logic of Argumentation   
25                   Multi-angle Analysis of Problems   
26  Identification and Discussion of Research Limi...   

    ICC (Intraclass Correlation Coefficient) ICC 95% Confidence Interval  \
0                                   0.487783                 [0.39, 0.6]   
1                                   0.759994                [0.67, 0.84]   
2                                   0.409308                [0.31, 0.53]   
3                                   0.761618                [0.68, 0.83]   
4                                   0.648874                [0.54, 0.75]   
5                                   0.677501                [0.59, 0.77]   
6                                   0.662209                [0.57, 0.76]   
7                                   0.642102                [0.54, 0.74]   
8                                   0.606545                [0.51, 0.71]   
9                                   0.601378                  [0.5, 0.7]   
10                                  0.367830                [0.27, 0.49]   
11                                  0.673211                [0.58, 0.76]   
12                                  0.723872                 [0.64, 0.8]   
13                                  0.655613                [0.56, 0.75]   
14                                  0.657289                [0.56, 0.75]   
15                                  0.645586                [0.55, 0.74]   
16                                  0.628542                [0.53, 0.73]   
17                                  0.614413                [0.52, 0.72]   
18                                  0.577153                [0.47, 0.69]   
19                                  0.617846                [0.52, 0.72]   
20                                  0.630797                [0.54, 0.73]   
21                                  0.607661                [0.51, 0.71]   
22                                  0.616422                [0.52, 0.72]   
23                                  0.611229                [0.51, 0.71]   
24                                  0.659350                [0.57, 0.75]   
25                                  0.611106                [0.51, 0.71]   
26                                  0.622808                [0.53, 0.72]   

    Transitivity Consistency Ratio (%)  
0                            81.212121  
1                            82.424242  
2                            85.454545  
3                            79.393939  
4                            81.818182  
5                            77.575758  
6                            82.424242  
7                            77.575758  
8                            82.424242  
9                            84.242424  
10                           83.636364  
11                           78.181818  
12                           78.787879  
13                           78.181818  
14                           81.212121  
15                           81.212121  
16                           81.212121  
17                           84.242424  
18                           81.818182  
19                           77.575758  
20                           82.424242  
21                           76.969697  
22                           76.969697  
23                           76.363636  
24                           78.787879  
25                           84.242424  
26                           83.030303  

Results have been saved to 'reliability_analysis.csv'
Author
10     0.000000
7     20.585290
0     34.476375
2     59.543881
8     59.861307
9     66.519736
5     76.137528
3     79.636842
4     94.443062
1     96.489906
6     99.939321
Name: Score, dtype: float64

Results have been saved to 'pagerank_results_balanced.csv'
Combined Results:
                                          Subcategory  \
0                                     Topic Relevance   
1                    Comprehensiveness of Information   
2                             Accuracy of Information   
3                        Innovativeness of Viewpoints   
4       Integration of Interdisciplinary Perspectives   
5                        Clarity of Logical Structure   
6               Reasonableness of Chapter Arrangement   
7              Quality of Introduction and Conclusion   
8              Accuracy and Completeness of Citations   
9              Timeliness and Relevance of References   
10   Avoidance of Plagiarism and Appropriate Citation   
11             Critical Analysis of Existing Research   
12   Proposal of New Research Directions or Questions   
13                Potential Contribution to the Field   
14             Clarity of Research Method Description   
15                    Rationality of Method Selection   
16                           Rigor of Research Design   
17               Inclusion of Latest Research Results   
18            Reflection of Current Research Hotspots   
19                     Fluency of Language Expression   
20    Appropriateness of Professional Terminology Use   
21                          Conciseness of Expression   
22  Practical Application Potential of Research Re...   
23                Feasibility of Proposed Suggestions   
24                             Logic of Argumentation   
25                   Multi-angle Analysis of Problems   
26  Identification and Discussion of Research Limi...   

    ICC (Intraclass Correlation Coefficient) ICC 95% Confidence Interval  \
0                                   0.487783                 [0.39, 0.6]   
1                                   0.759994                [0.67, 0.84]   
2                                   0.409308                [0.31, 0.53]   
3                                   0.761618                [0.68, 0.83]   
4                                   0.648874                [0.54, 0.75]   
5                                   0.677501                [0.59, 0.77]   
6                                   0.662209                [0.57, 0.76]   
7                                   0.642102                [0.54, 0.74]   
8                                   0.606545                [0.51, 0.71]   
9                                   0.601378                  [0.5, 0.7]   
10                                  0.367830                [0.27, 0.49]   
11                                  0.673211                [0.58, 0.76]   
12                                  0.723872                 [0.64, 0.8]   
13                                  0.655613                [0.56, 0.75]   
14                                  0.657289                [0.56, 0.75]   
15                                  0.645586                [0.55, 0.74]   
16                                  0.628542                [0.53, 0.73]   
17                                  0.614413                [0.52, 0.72]   
18                                  0.577153                [0.47, 0.69]   
19                                  0.617846                [0.52, 0.72]   
20                                  0.630797                [0.54, 0.73]   
21                                  0.607661                [0.51, 0.71]   
22                                  0.616422                [0.52, 0.72]   
23                                  0.611229                [0.51, 0.71]   
24                                  0.659350                [0.57, 0.75]   
25                                  0.611106                [0.51, 0.71]   
26                                  0.622808                [0.53, 0.72]   

    Transitivity Consistency Ratio (%)  
0                            79.738562  
1                            82.424242  
2                            57.142857  
3                            78.343949  
4                            81.818182  
5                            77.575758  
6                            82.424242  
7                            76.582278  
8                            80.000000  
9                            84.242424  
10                           63.013699  
11                           77.215190  
12                           78.787879  
13                           78.181818  
14                           81.212121  
15                           81.212121  
16                           81.212121  
17                           84.242424  
18                           81.818182  
19                           77.575758  
20                           82.424242  
21                           76.969697  
22                           74.324324  
23                           75.471698  
24                           78.787879  
25                           84.242424  
26                           83.030303  

Results have been saved to 'reliability_analysis.csv'
Author
10     0.000000
7     20.585290
0     34.476375
2     59.543881
8     59.861307
9     66.519736
5     76.137528
3     79.636842
4     94.443062
1     96.489906
6     99.939321
Name: Score, dtype: float64

Results have been saved to 'pagerank_results_balanced.csv'
Combined Results:
                                          Subcategory  \
0                                     Topic Relevance   
1                    Comprehensiveness of Information   
2                             Accuracy of Information   
3                        Innovativeness of Viewpoints   
4       Integration of Interdisciplinary Perspectives   
5                        Clarity of Logical Structure   
6               Reasonableness of Chapter Arrangement   
7              Quality of Introduction and Conclusion   
8              Accuracy and Completeness of Citations   
9              Timeliness and Relevance of References   
10   Avoidance of Plagiarism and Appropriate Citation   
11             Critical Analysis of Existing Research   
12   Proposal of New Research Directions or Questions   
13                Potential Contribution to the Field   
14             Clarity of Research Method Description   
15                    Rationality of Method Selection   
16                           Rigor of Research Design   
17               Inclusion of Latest Research Results   
18            Reflection of Current Research Hotspots   
19                     Fluency of Language Expression   
20    Appropriateness of Professional Terminology Use   
21                          Conciseness of Expression   
22  Practical Application Potential of Research Re...   
23                Feasibility of Proposed Suggestions   
24                             Logic of Argumentation   
25                   Multi-angle Analysis of Problems   
26  Identification and Discussion of Research Limi...   

    ICC (Intraclass Correlation Coefficient) ICC 95% Confidence Interval  \
0                                   0.487783                 [0.39, 0.6]   
1                                   0.759994                [0.67, 0.84]   
2                                   0.409308                [0.31, 0.53]   
3                                   0.761618                [0.68, 0.83]   
4                                   0.648874                [0.54, 0.75]   
5                                   0.677501                [0.59, 0.77]   
6                                   0.662209                [0.57, 0.76]   
7                                   0.642102                [0.54, 0.74]   
8                                   0.606545                [0.51, 0.71]   
9                                   0.601378                  [0.5, 0.7]   
10                                  0.367830                [0.27, 0.49]   
11                                  0.673211                [0.58, 0.76]   
12                                  0.723872                 [0.64, 0.8]   
13                                  0.655613                [0.56, 0.75]   
14                                  0.657289                [0.56, 0.75]   
15                                  0.645586                [0.55, 0.74]   
16                                  0.628542                [0.53, 0.73]   
17                                  0.614413                [0.52, 0.72]   
18                                  0.577153                [0.47, 0.69]   
19                                  0.617846                [0.52, 0.72]   
20                                  0.630797                [0.54, 0.73]   
21                                  0.607661                [0.51, 0.71]   
22                                  0.616422                [0.52, 0.72]   
23                                  0.611229                [0.51, 0.71]   
24                                  0.659350                [0.57, 0.75]   
25                                  0.611106                [0.51, 0.71]   
26                                  0.622808                [0.53, 0.72]   

    Transitivity Consistency Ratio (%)  
0                            79.738562  
1                            82.424242  
2                            57.142857  
3                            78.343949  
4                            81.818182  
5                            77.575758  
6                            82.424242  
7                            76.582278  
8                            80.000000  
9                            84.242424  
10                           63.013699  
11                           77.215190  
12                           78.787879  
13                           78.181818  
14                           81.212121  
15                           81.212121  
16                           81.212121  
17                           84.242424  
18                           81.818182  
19                           77.575758  
20                           82.424242  
21                           76.969697  
22                           74.324324  
23                           75.471698  
24                           78.787879  
25                           84.242424  
26                           83.030303  

Results have been saved to 'reliability_analysis.csv'
