Author
10      0.374215
7       2.331882
8       8.650552
3       9.715681
1      12.365761
5      19.983576
4      22.160151
0      22.559680
6      28.001184
2      53.089183
9     100.000000
Name: Score, dtype: float64

Results have been saved to 'pagerank_results_balanced.csv'
Combined Results:
                                          Subcategory  \
0                                     Topic Relevance   
1                    Comprehensiveness of Information   
2                             Accuracy of Information   
3                        Innovativeness of Viewpoints   
4       Integration of Interdisciplinary Perspectives   
5                        Clarity of Logical Structure   
6               Reasonableness of Chapter Arrangement   
7              Quality of Introduction and Conclusion   
8              Accuracy and Completeness of Citations   
9              Timeliness and Relevance of References   
10   Avoidance of Plagiarism and Appropriate Citation   
11             Critical Analysis of Existing Research   
12   Proposal of New Research Directions or Questions   
13                Potential Contribution to the Field   
14             Clarity of Research Method Description   
15                    Rationality of Method Selection   
16                           Rigor of Research Design   
17               Inclusion of Latest Research Results   
18            Reflection of Current Research Hotspots   
19                     Fluency of Language Expression   
20    Appropriateness of Professional Terminology Use   
21                          Conciseness of Expression   
22  Practical Application Potential of Research Re...   
23                Feasibility of Proposed Suggestions   
24                             Logic of Argumentation   
25                   Multi-angle Analysis of Problems   
26  Identification and Discussion of Research Limi...   

    ICC (Intraclass Correlation Coefficient) ICC 95% Confidence Interval  \
0                                   0.614308                [0.52, 0.72]   
1                                   0.852948                  [0.8, 0.9]   
2                                   0.580227                [0.48, 0.69]   
3                                   0.786491                [0.72, 0.85]   
4                                   0.790403                [0.72, 0.86]   
5                                   0.786667                [0.71, 0.85]   
6                                   0.764303                [0.69, 0.84]   
7                                   0.721750                 [0.64, 0.8]   
8                                   0.661586                [0.57, 0.75]   
9                                   0.704194                [0.62, 0.79]   
10                                  0.422592                [0.32, 0.54]   
11                                  0.774961                 [0.7, 0.84]   
12                                  0.727098                [0.64, 0.81]   
13                                  0.766176                [0.69, 0.84]   
14                                  0.772675                 [0.7, 0.84]   
15                                  0.776903                 [0.7, 0.84]   
16                                  0.774471                 [0.7, 0.84]   
17                                  0.727215                [0.64, 0.81]   
18                                  0.730350                [0.65, 0.81]   
19                                  0.659782                [0.57, 0.75]   
20                                  0.689940                 [0.6, 0.78]   
21                                  0.654538                [0.56, 0.75]   
22                                  0.755159                [0.68, 0.83]   
23                                  0.675120                [0.58, 0.77]   
24                                  0.709045                [0.62, 0.79]   
25                                  0.737996                [0.66, 0.81]   
26                                  0.695751                [0.61, 0.78]   

    Transitivity Consistency Ratio (%)  
0                            86.666667  
1                            71.515152  
2                            86.666667  
3                            71.515152  
4                            71.515152  
5                            74.545455  
6                            74.545455  
7                            74.545455  
8                            87.878788  
9                            72.727273  
10                           88.484848  
11                           71.515152  
12                           71.515152  
13                           71.515152  
14                           75.151515  
15                           75.151515  
16                           75.151515  
17                           72.727273  
18                           71.515152  
19                           74.545455  
20                           72.121212  
21                           74.545455  
22                           71.515152  
23                           71.515152  
24                           73.333333  
25                           71.515152  
26                           71.515152  

Results have been saved to 'reliability_analysis.csv'
Author
4     36.142195
2     37.633474
9     38.819197
6     45.686987
1     45.696246
8     49.777494
10    50.884236
7     56.019148
3     60.014694
5     62.232210
0     84.592591
Name: Score, dtype: float64

Results have been saved to 'pagerank_results_balanced.csv'
Combined Results:
                                          Subcategory  \
0                                     Topic Relevance   
1                    Comprehensiveness of Information   
2                             Accuracy of Information   
3                        Innovativeness of Viewpoints   
4       Integration of Interdisciplinary Perspectives   
5                        Clarity of Logical Structure   
6               Reasonableness of Chapter Arrangement   
7              Quality of Introduction and Conclusion   
8              Accuracy and Completeness of Citations   
9              Timeliness and Relevance of References   
10   Avoidance of Plagiarism and Appropriate Citation   
11             Critical Analysis of Existing Research   
12   Proposal of New Research Directions or Questions   
13                Potential Contribution to the Field   
14             Clarity of Research Method Description   
15                    Rationality of Method Selection   
16                           Rigor of Research Design   
17               Inclusion of Latest Research Results   
18            Reflection of Current Research Hotspots   
19                     Fluency of Language Expression   
20    Appropriateness of Professional Terminology Use   
21                          Conciseness of Expression   
22  Practical Application Potential of Research Re...   
23                Feasibility of Proposed Suggestions   
24                             Logic of Argumentation   
25                   Multi-angle Analysis of Problems   
26  Identification and Discussion of Research Limi...   

    ICC (Intraclass Correlation Coefficient) ICC 95% Confidence Interval  \
0                                   0.755006                [0.68, 0.83]   
1                                   0.901175                [0.86, 0.93]   
2                                   0.610661                [0.51, 0.71]   
3                                   0.860023                [0.81, 0.91]   
4                                   0.864818                [0.81, 0.91]   
5                                   0.868070                [0.82, 0.91]   
6                                   0.856623                  [0.8, 0.9]   
7                                   0.812057                [0.75, 0.87]   
8                                   0.718102                 [0.63, 0.8]   
9                                   0.724519                 [0.64, 0.8]   
10                                  0.461432                [0.36, 0.58]   
11                                  0.855244                  [0.8, 0.9]   
12                                  0.816318                [0.75, 0.87]   
13                                  0.830620                [0.77, 0.88]   
14                                  0.722065                 [0.64, 0.8]   
15                                  0.733262                [0.65, 0.81]   
16                                  0.708685                [0.62, 0.79]   
17                                  0.738981                [0.66, 0.82]   
18                                  0.784511                [0.71, 0.85]   
19                                  0.759799                [0.68, 0.83]   
20                                  0.760065                [0.68, 0.83]   
21                                  0.753224                [0.68, 0.83]   
22                                  0.819281                [0.76, 0.88]   
23                                  0.683840                [0.59, 0.77]   
24                                  0.836431                [0.78, 0.89]   
25                                  0.851721                  [0.8, 0.9]   
26                                  0.699560                [0.61, 0.78]   

    Transitivity Consistency Ratio (%)  
0                            86.666667  
1                            73.333333  
2                            86.666667  
3                            73.333333  
4                            73.333333  
5                            75.151515  
6                            75.151515  
7                            75.151515  
8                            87.878788  
9                            73.333333  
10                           87.878788  
11                           73.333333  
12                           73.333333  
13                           73.333333  
14                           75.151515  
15                           75.151515  
16                           75.151515  
17                           73.333333  
18                           73.333333  
19                           75.151515  
20                           73.333333  
21                           73.939394  
22                           73.333333  
23                           73.333333  
24                           75.151515  
25                           73.333333  
26                           73.333333  

Results have been saved to 'reliability_analysis.csv'
Author
4     36.142195
2     37.633474
9     38.819197
6     45.686987
1     45.696246
8     49.777494
10    50.884236
7     56.019148
3     60.014694
5     62.232210
0     84.592591
Name: Score, dtype: float64

Results have been saved to 'pagerank_results_balanced.csv'
Combined Results:
                                          Subcategory  \
0                                     Topic Relevance   
1                    Comprehensiveness of Information   
2                             Accuracy of Information   
3                        Innovativeness of Viewpoints   
4       Integration of Interdisciplinary Perspectives   
5                        Clarity of Logical Structure   
6               Reasonableness of Chapter Arrangement   
7              Quality of Introduction and Conclusion   
8              Accuracy and Completeness of Citations   
9              Timeliness and Relevance of References   
10   Avoidance of Plagiarism and Appropriate Citation   
11             Critical Analysis of Existing Research   
12   Proposal of New Research Directions or Questions   
13                Potential Contribution to the Field   
14             Clarity of Research Method Description   
15                    Rationality of Method Selection   
16                           Rigor of Research Design   
17               Inclusion of Latest Research Results   
18            Reflection of Current Research Hotspots   
19                     Fluency of Language Expression   
20    Appropriateness of Professional Terminology Use   
21                          Conciseness of Expression   
22  Practical Application Potential of Research Re...   
23                Feasibility of Proposed Suggestions   
24                             Logic of Argumentation   
25                   Multi-angle Analysis of Problems   
26  Identification and Discussion of Research Limi...   

    ICC (Intraclass Correlation Coefficient) ICC 95% Confidence Interval  \
0                                   0.755006                [0.68, 0.83]   
1                                   0.901175                [0.86, 0.93]   
2                                   0.610661                [0.51, 0.71]   
3                                   0.860023                [0.81, 0.91]   
4                                   0.864818                [0.81, 0.91]   
5                                   0.868070                [0.82, 0.91]   
6                                   0.856623                  [0.8, 0.9]   
7                                   0.812057                [0.75, 0.87]   
8                                   0.718102                 [0.63, 0.8]   
9                                   0.724519                 [0.64, 0.8]   
10                                  0.461432                [0.36, 0.58]   
11                                  0.855244                  [0.8, 0.9]   
12                                  0.816318                [0.75, 0.87]   
13                                  0.830620                [0.77, 0.88]   
14                                  0.722065                 [0.64, 0.8]   
15                                  0.733262                [0.65, 0.81]   
16                                  0.708685                [0.62, 0.79]   
17                                  0.738981                [0.66, 0.82]   
18                                  0.784511                [0.71, 0.85]   
19                                  0.759799                [0.68, 0.83]   
20                                  0.760065                [0.68, 0.83]   
21                                  0.753224                [0.68, 0.83]   
22                                  0.819281                [0.76, 0.88]   
23                                  0.683840                [0.59, 0.77]   
24                                  0.836431                [0.78, 0.89]   
25                                  0.851721                  [0.8, 0.9]   
26                                  0.699560                [0.61, 0.78]   

    Transitivity Consistency Ratio (%)  
0                            86.666667  
1                            73.333333  
2                            86.666667  
3                            73.333333  
4                            73.333333  
5                            75.151515  
6                            75.151515  
7                            75.151515  
8                            87.878788  
9                            73.333333  
10                           87.878788  
11                           73.333333  
12                           73.333333  
13                           73.333333  
14                           75.151515  
15                           75.151515  
16                           75.151515  
17                           73.333333  
18                           73.333333  
19                           75.151515  
20                           73.333333  
21                           73.939394  
22                           73.333333  
23                           73.333333  
24                           75.151515  
25                           73.333333  
26                           73.333333  

Results have been saved to 'reliability_analysis.csv'
Author
10      0.000000
7      36.581072
3      43.602857
8      50.954078
1      59.784022
5      66.110963
0      70.740659
4      73.775542
6      74.902218
2      88.893140
9     100.000000
Name: Score, dtype: float64

Results have been saved to 'pagerank_results_balanced.csv'
Combined Results:
                                          Subcategory  \
0                                     Topic Relevance   
1                    Comprehensiveness of Information   
2                             Accuracy of Information   
3                        Innovativeness of Viewpoints   
4       Integration of Interdisciplinary Perspectives   
5                        Clarity of Logical Structure   
6               Reasonableness of Chapter Arrangement   
7              Quality of Introduction and Conclusion   
8              Accuracy and Completeness of Citations   
9              Timeliness and Relevance of References   
10   Avoidance of Plagiarism and Appropriate Citation   
11             Critical Analysis of Existing Research   
12   Proposal of New Research Directions or Questions   
13                Potential Contribution to the Field   
14             Clarity of Research Method Description   
15                    Rationality of Method Selection   
16                           Rigor of Research Design   
17               Inclusion of Latest Research Results   
18            Reflection of Current Research Hotspots   
19                     Fluency of Language Expression   
20    Appropriateness of Professional Terminology Use   
21                          Conciseness of Expression   
22  Practical Application Potential of Research Re...   
23                Feasibility of Proposed Suggestions   
24                             Logic of Argumentation   
25                   Multi-angle Analysis of Problems   
26  Identification and Discussion of Research Limi...   

    ICC (Intraclass Correlation Coefficient) ICC 95% Confidence Interval  \
0                                   0.755006                [0.68, 0.83]   
1                                   0.901175                [0.86, 0.93]   
2                                   0.610661                [0.51, 0.71]   
3                                   0.860023                [0.81, 0.91]   
4                                   0.864818                [0.81, 0.91]   
5                                   0.868070                [0.82, 0.91]   
6                                   0.856623                  [0.8, 0.9]   
7                                   0.812057                [0.75, 0.87]   
8                                   0.718102                 [0.63, 0.8]   
9                                   0.724519                 [0.64, 0.8]   
10                                  0.461432                [0.36, 0.58]   
11                                  0.855244                  [0.8, 0.9]   
12                                  0.816318                [0.75, 0.87]   
13                                  0.830620                [0.77, 0.88]   
14                                  0.722065                 [0.64, 0.8]   
15                                  0.733262                [0.65, 0.81]   
16                                  0.708685                [0.62, 0.79]   
17                                  0.738981                [0.66, 0.82]   
18                                  0.784511                [0.71, 0.85]   
19                                  0.759799                [0.68, 0.83]   
20                                  0.760065                [0.68, 0.83]   
21                                  0.753224                [0.68, 0.83]   
22                                  0.819281                [0.76, 0.88]   
23                                  0.683840                [0.59, 0.77]   
24                                  0.836431                [0.78, 0.89]   
25                                  0.851721                  [0.8, 0.9]   
26                                  0.699560                [0.61, 0.78]   

    Transitivity Consistency Ratio (%)  
0                            24.137931  
1                            73.333333  
2                            24.137931  
3                            73.333333  
4                            73.333333  
5                            75.151515  
6                            75.151515  
7                            75.151515  
8                            60.784314  
9                            73.333333  
10                           23.076923  
11                           73.333333  
12                           73.333333  
13                           73.333333  
14                           75.151515  
15                           75.151515  
16                           75.151515  
17                           73.333333  
18                           73.333333  
19                           75.151515  
20                           73.333333  
21                           72.955975  
22                           73.333333  
23                           73.333333  
24                           75.151515  
25                           73.333333  
26                           73.333333  

Results have been saved to 'reliability_analysis.csv'
Author
10      0.000000
7      36.581072
3      43.602857
8      50.954078
1      59.784022
5      66.110963
0      70.740659
4      73.775542
6      74.902218
2      88.893140
9     100.000000
Name: Score, dtype: float64

Results have been saved to 'pagerank_results_balanced.csv'
Combined Results:
                                          Subcategory  \
0                                     Topic Relevance   
1                    Comprehensiveness of Information   
2                             Accuracy of Information   
3                        Innovativeness of Viewpoints   
4       Integration of Interdisciplinary Perspectives   
5                        Clarity of Logical Structure   
6               Reasonableness of Chapter Arrangement   
7              Quality of Introduction and Conclusion   
8              Accuracy and Completeness of Citations   
9              Timeliness and Relevance of References   
10   Avoidance of Plagiarism and Appropriate Citation   
11             Critical Analysis of Existing Research   
12   Proposal of New Research Directions or Questions   
13                Potential Contribution to the Field   
14             Clarity of Research Method Description   
15                    Rationality of Method Selection   
16                           Rigor of Research Design   
17               Inclusion of Latest Research Results   
18            Reflection of Current Research Hotspots   
19                     Fluency of Language Expression   
20    Appropriateness of Professional Terminology Use   
21                          Conciseness of Expression   
22  Practical Application Potential of Research Re...   
23                Feasibility of Proposed Suggestions   
24                             Logic of Argumentation   
25                   Multi-angle Analysis of Problems   
26  Identification and Discussion of Research Limi...   

    ICC (Intraclass Correlation Coefficient) ICC 95% Confidence Interval  \
0                                   0.755006                [0.68, 0.83]   
1                                   0.901175                [0.86, 0.93]   
2                                   0.610661                [0.51, 0.71]   
3                                   0.860023                [0.81, 0.91]   
4                                   0.864818                [0.81, 0.91]   
5                                   0.868070                [0.82, 0.91]   
6                                   0.856623                  [0.8, 0.9]   
7                                   0.812057                [0.75, 0.87]   
8                                   0.718102                 [0.63, 0.8]   
9                                   0.724519                 [0.64, 0.8]   
10                                  0.461432                [0.36, 0.58]   
11                                  0.855244                  [0.8, 0.9]   
12                                  0.816318                [0.75, 0.87]   
13                                  0.830620                [0.77, 0.88]   
14                                  0.722065                 [0.64, 0.8]   
15                                  0.733262                [0.65, 0.81]   
16                                  0.708685                [0.62, 0.79]   
17                                  0.738981                [0.66, 0.82]   
18                                  0.784511                [0.71, 0.85]   
19                                  0.759799                [0.68, 0.83]   
20                                  0.760065                [0.68, 0.83]   
21                                  0.753224                [0.68, 0.83]   
22                                  0.819281                [0.76, 0.88]   
23                                  0.683840                [0.59, 0.77]   
24                                  0.836431                [0.78, 0.89]   
25                                  0.851721                  [0.8, 0.9]   
26                                  0.699560                [0.61, 0.78]   

    Transitivity Consistency Ratio (%)  
0                            24.137931  
1                            73.333333  
2                            24.137931  
3                            73.333333  
4                            73.333333  
5                            75.151515  
6                            75.151515  
7                            75.151515  
8                            60.784314  
9                            73.333333  
10                           23.076923  
11                           73.333333  
12                           73.333333  
13                           73.333333  
14                           75.151515  
15                           75.151515  
16                           75.151515  
17                           73.333333  
18                           73.333333  
19                           75.151515  
20                           73.333333  
21                           72.955975  
22                           73.333333  
23                           73.333333  
24                           75.151515  
25                           73.333333  
26                           73.333333  

Results have been saved to 'reliability_analysis.csv'
