Author
10      0.000000
7      31.319220
4      32.165791
1      32.342243
3      38.830421
6      58.944978
2      73.984235
0      75.030390
5      80.990398
8      85.452026
9     100.000000
Name: Score, dtype: float64

Results have been saved to 'pagerank_results_balanced.csv'
Combined Results:
                                          Subcategory  \
0                                     Topic Relevance   
1                    Comprehensiveness of Information   
2                             Accuracy of Information   
3                        Innovativeness of Viewpoints   
4       Integration of Interdisciplinary Perspectives   
5                        Clarity of Logical Structure   
6               Reasonableness of Chapter Arrangement   
7              Quality of Introduction and Conclusion   
8              Accuracy and Completeness of Citations   
9              Timeliness and Relevance of References   
10   Avoidance of Plagiarism and Appropriate Citation   
11             Critical Analysis of Existing Research   
12   Proposal of New Research Directions or Questions   
13                Potential Contribution to the Field   
14             Clarity of Research Method Description   
15                    Rationality of Method Selection   
16                           Rigor of Research Design   
17               Inclusion of Latest Research Results   
18            Reflection of Current Research Hotspots   
19                     Fluency of Language Expression   
20    Appropriateness of Professional Terminology Use   
21                          Conciseness of Expression   
22  Practical Application Potential of Research Re...   
23                Feasibility of Proposed Suggestions   
24                             Logic of Argumentation   
25                   Multi-angle Analysis of Problems   
26  Identification and Discussion of Research Limi...   

    ICC (Intraclass Correlation Coefficient) ICC 95% Confidence Interval  \
0                                   0.529749                [0.43, 0.64]   
1                                   0.740369                [0.65, 0.82]   
2                                   0.481570                 [0.38, 0.6]   
3                                   0.615280                [0.49, 0.73]   
4                                   0.695721                [0.61, 0.78]   
5                                   0.582307                [0.48, 0.69]   
6                                   0.574239                [0.47, 0.68]   
7                                   0.497461                [0.39, 0.61]   
8                                   0.541656                [0.44, 0.65]   
9                                   0.566032                [0.47, 0.67]   
10                                  0.333190                [0.24, 0.45]   
11                                  0.607132                [0.48, 0.72]   
12                                  0.603736                [0.49, 0.71]   
13                                  0.594184                [0.47, 0.71]   
14                                  0.631451                [0.53, 0.73]   
15                                  0.624259                [0.52, 0.73]   
16                                  0.601303                 [0.5, 0.71]   
17                                  0.590991                 [0.49, 0.7]   
18                                  0.615138                [0.51, 0.72]   
19                                  0.426309                [0.32, 0.55]   
20                                  0.480352                 [0.37, 0.6]   
21                                  0.361916                [0.27, 0.48]   
22                                  0.606856                [0.49, 0.72]   
23                                  0.541893                [0.42, 0.66]   
24                                  0.600654                [0.49, 0.71]   
25                                  0.603637                [0.49, 0.71]   
26                                  0.568749                [0.45, 0.68]   

    Transitivity Consistency Ratio (%)  
0                            86.666667  
1                            87.878788  
2                            86.666667  
3                            90.909091  
4                            90.303030  
5                            87.878788  
6                            87.878788  
7                            89.696970  
8                            86.666667  
9                            88.484848  
10                           86.666667  
11                           90.909091  
12                           90.909091  
13                           90.909091  
14                           87.878788  
15                           87.878788  
16                           87.878788  
17                           87.878788  
18                           86.666667  
19                           89.696970  
20                           90.303030  
21                           89.090909  
22                           90.909091  
23                           90.909091  
24                           90.303030  
25                           90.909091  
26                           90.909091  

Results have been saved to 'reliability_analysis.csv'
Author
10    37.033572
7     46.799418
3     50.565806
2     61.949822
8     63.424546
5     64.051854
4     71.415232
1     75.111338
0     78.340025
6     83.891599
9     83.931398
Name: Score, dtype: float64

Results have been saved to 'pagerank_results_balanced.csv'
Combined Results:
                                          Subcategory  \
0                                     Topic Relevance   
1                    Comprehensiveness of Information   
2                             Accuracy of Information   
3                        Innovativeness of Viewpoints   
4       Integration of Interdisciplinary Perspectives   
5                        Clarity of Logical Structure   
6               Reasonableness of Chapter Arrangement   
7              Quality of Introduction and Conclusion   
8              Accuracy and Completeness of Citations   
9              Timeliness and Relevance of References   
10   Avoidance of Plagiarism and Appropriate Citation   
11             Critical Analysis of Existing Research   
12   Proposal of New Research Directions or Questions   
13                Potential Contribution to the Field   
14             Clarity of Research Method Description   
15                    Rationality of Method Selection   
16                           Rigor of Research Design   
17               Inclusion of Latest Research Results   
18            Reflection of Current Research Hotspots   
19                     Fluency of Language Expression   
20    Appropriateness of Professional Terminology Use   
21                          Conciseness of Expression   
22  Practical Application Potential of Research Re...   
23                Feasibility of Proposed Suggestions   
24                             Logic of Argumentation   
25                   Multi-angle Analysis of Problems   
26  Identification and Discussion of Research Limi...   

    ICC (Intraclass Correlation Coefficient) ICC 95% Confidence Interval  \
0                                   0.700331                [0.61, 0.79]   
1                                   0.815258                [0.73, 0.88]   
2                                   0.509298                [0.41, 0.62]   
3                                   0.731740                [0.59, 0.83]   
4                                   0.779464                 [0.7, 0.85]   
5                                   0.728840                [0.64, 0.81]   
6                                   0.721579                 [0.63, 0.8]   
7                                   0.649418                [0.55, 0.75]   
8                                   0.658594                [0.57, 0.75]   
9                                   0.620346                [0.52, 0.72]   
10                                  0.491934                [0.39, 0.61]   
11                                  0.734021                [0.61, 0.83]   
12                                  0.771673                [0.67, 0.85]   
13                                  0.728053                [0.61, 0.82]   
14                                  0.648915                [0.55, 0.75]   
15                                  0.652239                [0.55, 0.75]   
16                                  0.622830                [0.52, 0.73]   
17                                  0.644427                [0.55, 0.74]   
18                                  0.676643                [0.58, 0.77]   
19                                  0.524453                [0.42, 0.64]   
20                                  0.573802                [0.46, 0.69]   
21                                  0.496262                [0.39, 0.61]   
22                                  0.705304                 [0.59, 0.8]   
23                                  0.616010                 [0.5, 0.72]   
24                                  0.706161                  [0.6, 0.8]   
25                                  0.721448                [0.61, 0.81]   
26                                  0.616596                 [0.5, 0.73]   

    Transitivity Consistency Ratio (%)  
0                            86.666667  
1                            87.878788  
2                            86.666667  
3                            90.909091  
4                            90.303030  
5                            87.878788  
6                            87.878788  
7                            89.696970  
8                            86.666667  
9                            88.484848  
10                           86.666667  
11                           90.909091  
12                           90.909091  
13                           90.909091  
14                           87.878788  
15                           87.878788  
16                           87.878788  
17                           87.878788  
18                           86.666667  
19                           89.696970  
20                           90.303030  
21                           89.090909  
22                           90.909091  
23                           90.909091  
24                           90.303030  
25                           90.909091  
26                           90.909091  

Results have been saved to 'reliability_analysis.csv'
Author
10    37.033572
7     46.799418
3     50.565806
2     61.949822
8     63.424546
5     64.051854
4     71.415232
1     75.111338
0     78.340025
6     83.891599
9     83.931398
Name: Score, dtype: float64

Results have been saved to 'pagerank_results_balanced.csv'
Combined Results:
                                          Subcategory  \
0                                     Topic Relevance   
1                    Comprehensiveness of Information   
2                             Accuracy of Information   
3                        Innovativeness of Viewpoints   
4       Integration of Interdisciplinary Perspectives   
5                        Clarity of Logical Structure   
6               Reasonableness of Chapter Arrangement   
7              Quality of Introduction and Conclusion   
8              Accuracy and Completeness of Citations   
9              Timeliness and Relevance of References   
10   Avoidance of Plagiarism and Appropriate Citation   
11             Critical Analysis of Existing Research   
12   Proposal of New Research Directions or Questions   
13                Potential Contribution to the Field   
14             Clarity of Research Method Description   
15                    Rationality of Method Selection   
16                           Rigor of Research Design   
17               Inclusion of Latest Research Results   
18            Reflection of Current Research Hotspots   
19                     Fluency of Language Expression   
20    Appropriateness of Professional Terminology Use   
21                          Conciseness of Expression   
22  Practical Application Potential of Research Re...   
23                Feasibility of Proposed Suggestions   
24                             Logic of Argumentation   
25                   Multi-angle Analysis of Problems   
26  Identification and Discussion of Research Limi...   

    ICC (Intraclass Correlation Coefficient) ICC 95% Confidence Interval  \
0                                   0.700331                [0.61, 0.79]   
1                                   0.815258                [0.73, 0.88]   
2                                   0.509298                [0.41, 0.62]   
3                                   0.731740                [0.59, 0.83]   
4                                   0.779464                 [0.7, 0.85]   
5                                   0.728840                [0.64, 0.81]   
6                                   0.721579                 [0.63, 0.8]   
7                                   0.649418                [0.55, 0.75]   
8                                   0.658594                [0.57, 0.75]   
9                                   0.620346                [0.52, 0.72]   
10                                  0.491934                [0.39, 0.61]   
11                                  0.734021                [0.61, 0.83]   
12                                  0.771673                [0.67, 0.85]   
13                                  0.728053                [0.61, 0.82]   
14                                  0.648915                [0.55, 0.75]   
15                                  0.652239                [0.55, 0.75]   
16                                  0.622830                [0.52, 0.73]   
17                                  0.644427                [0.55, 0.74]   
18                                  0.676643                [0.58, 0.77]   
19                                  0.524453                [0.42, 0.64]   
20                                  0.573802                [0.46, 0.69]   
21                                  0.496262                [0.39, 0.61]   
22                                  0.705304                 [0.59, 0.8]   
23                                  0.616010                 [0.5, 0.72]   
24                                  0.706161                  [0.6, 0.8]   
25                                  0.721448                [0.61, 0.81]   
26                                  0.616596                 [0.5, 0.73]   

    Transitivity Consistency Ratio (%)  
0                            86.666667  
1                            87.878788  
2                            86.666667  
3                            90.909091  
4                            90.303030  
5                            87.878788  
6                            87.878788  
7                            89.696970  
8                            86.666667  
9                            88.484848  
10                           86.666667  
11                           90.909091  
12                           90.909091  
13                           90.909091  
14                           87.878788  
15                           87.878788  
16                           87.878788  
17                           87.878788  
18                           86.666667  
19                           89.696970  
20                           90.303030  
21                           89.090909  
22                           90.909091  
23                           90.909091  
24                           90.303030  
25                           90.909091  
26                           90.909091  

Results have been saved to 'reliability_analysis.csv'
Author
10      0.000000
7      78.262134
4      80.346368
1      81.949776
3      83.996794
6      88.594246
0      93.622623
2      93.843416
5      95.510997
8      96.381172
9     100.000000
Name: Score, dtype: float64

Results have been saved to 'pagerank_results_balanced.csv'
Combined Results:
                                          Subcategory  \
0                                     Topic Relevance   
1                    Comprehensiveness of Information   
2                             Accuracy of Information   
3                        Innovativeness of Viewpoints   
4       Integration of Interdisciplinary Perspectives   
5                        Clarity of Logical Structure   
6               Reasonableness of Chapter Arrangement   
7              Quality of Introduction and Conclusion   
8              Accuracy and Completeness of Citations   
9              Timeliness and Relevance of References   
10   Avoidance of Plagiarism and Appropriate Citation   
11             Critical Analysis of Existing Research   
12   Proposal of New Research Directions or Questions   
13                Potential Contribution to the Field   
14             Clarity of Research Method Description   
15                    Rationality of Method Selection   
16                           Rigor of Research Design   
17               Inclusion of Latest Research Results   
18            Reflection of Current Research Hotspots   
19                     Fluency of Language Expression   
20    Appropriateness of Professional Terminology Use   
21                          Conciseness of Expression   
22  Practical Application Potential of Research Re...   
23                Feasibility of Proposed Suggestions   
24                             Logic of Argumentation   
25                   Multi-angle Analysis of Problems   
26  Identification and Discussion of Research Limi...   

    ICC (Intraclass Correlation Coefficient) ICC 95% Confidence Interval  \
0                                   0.700331                [0.61, 0.79]   
1                                   0.815258                [0.73, 0.88]   
2                                   0.509298                [0.41, 0.62]   
3                                   0.731740                [0.59, 0.83]   
4                                   0.779464                 [0.7, 0.85]   
5                                   0.728840                [0.64, 0.81]   
6                                   0.721579                 [0.63, 0.8]   
7                                   0.649418                [0.55, 0.75]   
8                                   0.658594                [0.57, 0.75]   
9                                   0.620346                [0.52, 0.72]   
10                                  0.491934                [0.39, 0.61]   
11                                  0.734021                [0.61, 0.83]   
12                                  0.771673                [0.67, 0.85]   
13                                  0.728053                [0.61, 0.82]   
14                                  0.648915                [0.55, 0.75]   
15                                  0.652239                [0.55, 0.75]   
16                                  0.622830                [0.52, 0.73]   
17                                  0.644427                [0.55, 0.74]   
18                                  0.676643                [0.58, 0.77]   
19                                  0.524453                [0.42, 0.64]   
20                                  0.573802                [0.46, 0.69]   
21                                  0.496262                [0.39, 0.61]   
22                                  0.705304                 [0.59, 0.8]   
23                                  0.616010                 [0.5, 0.72]   
24                                  0.706161                  [0.6, 0.8]   
25                                  0.721448                [0.61, 0.81]   
26                                  0.616596                 [0.5, 0.73]   

    Transitivity Consistency Ratio (%)  
0                            29.032258  
1                            87.261146  
2                            24.137931  
3                            90.909091  
4                            88.148148  
5                            87.261146  
6                            87.261146  
7                            89.696970  
8                            24.137931  
9                            86.619718  
10                           24.137931  
11                           90.909091  
12                           90.909091  
13                           90.909091  
14                           86.111111  
15                           86.111111  
16                           86.111111  
17                           86.666667  
18                           85.987261  
19                           88.666667  
20                           88.888889  
21                           88.535032  
22                           90.909091  
23                           90.909091  
24                           89.808917  
25                           90.909091  
26                           90.909091  

Results have been saved to 'reliability_analysis.csv'
Author
10      0.000000
7      78.262134
4      80.346368
1      81.949776
3      83.996794
6      88.594246
0      93.622623
2      93.843416
5      95.510997
8      96.381172
9     100.000000
Name: Score, dtype: float64

Results have been saved to 'pagerank_results_balanced.csv'
Combined Results:
                                          Subcategory  \
0                                     Topic Relevance   
1                    Comprehensiveness of Information   
2                             Accuracy of Information   
3                        Innovativeness of Viewpoints   
4       Integration of Interdisciplinary Perspectives   
5                        Clarity of Logical Structure   
6               Reasonableness of Chapter Arrangement   
7              Quality of Introduction and Conclusion   
8              Accuracy and Completeness of Citations   
9              Timeliness and Relevance of References   
10   Avoidance of Plagiarism and Appropriate Citation   
11             Critical Analysis of Existing Research   
12   Proposal of New Research Directions or Questions   
13                Potential Contribution to the Field   
14             Clarity of Research Method Description   
15                    Rationality of Method Selection   
16                           Rigor of Research Design   
17               Inclusion of Latest Research Results   
18            Reflection of Current Research Hotspots   
19                     Fluency of Language Expression   
20    Appropriateness of Professional Terminology Use   
21                          Conciseness of Expression   
22  Practical Application Potential of Research Re...   
23                Feasibility of Proposed Suggestions   
24                             Logic of Argumentation   
25                   Multi-angle Analysis of Problems   
26  Identification and Discussion of Research Limi...   

    ICC (Intraclass Correlation Coefficient) ICC 95% Confidence Interval  \
0                                   0.700331                [0.61, 0.79]   
1                                   0.815258                [0.73, 0.88]   
2                                   0.509298                [0.41, 0.62]   
3                                   0.731740                [0.59, 0.83]   
4                                   0.779464                 [0.7, 0.85]   
5                                   0.728840                [0.64, 0.81]   
6                                   0.721579                 [0.63, 0.8]   
7                                   0.649418                [0.55, 0.75]   
8                                   0.658594                [0.57, 0.75]   
9                                   0.620346                [0.52, 0.72]   
10                                  0.491934                [0.39, 0.61]   
11                                  0.734021                [0.61, 0.83]   
12                                  0.771673                [0.67, 0.85]   
13                                  0.728053                [0.61, 0.82]   
14                                  0.648915                [0.55, 0.75]   
15                                  0.652239                [0.55, 0.75]   
16                                  0.622830                [0.52, 0.73]   
17                                  0.644427                [0.55, 0.74]   
18                                  0.676643                [0.58, 0.77]   
19                                  0.524453                [0.42, 0.64]   
20                                  0.573802                [0.46, 0.69]   
21                                  0.496262                [0.39, 0.61]   
22                                  0.705304                 [0.59, 0.8]   
23                                  0.616010                 [0.5, 0.72]   
24                                  0.706161                  [0.6, 0.8]   
25                                  0.721448                [0.61, 0.81]   
26                                  0.616596                 [0.5, 0.73]   

    Transitivity Consistency Ratio (%)  
0                            29.032258  
1                            87.261146  
2                            24.137931  
3                            90.909091  
4                            88.148148  
5                            87.261146  
6                            87.261146  
7                            89.696970  
8                            24.137931  
9                            86.619718  
10                           24.137931  
11                           90.909091  
12                           90.909091  
13                           90.909091  
14                           86.111111  
15                           86.111111  
16                           86.111111  
17                           86.666667  
18                           85.987261  
19                           88.666667  
20                           88.888889  
21                           88.535032  
22                           90.909091  
23                           90.909091  
24                           89.808917  
25                           90.909091  
26                           90.909091  

Results have been saved to 'reliability_analysis.csv'
