Author
3       0.780640
1       0.994315
2       2.836221
10      3.152205
6       3.569641
5       8.478926
7      16.278505
4      21.813311
0      59.373371
8      85.416829
9     100.000000
Name: Score, dtype: float64

Results have been saved to 'pagerank_results_balanced.csv'
Combined Results:
                                          Subcategory  \
0                                     Topic Relevance   
1                    Comprehensiveness of Information   
2                             Accuracy of Information   
3                        Innovativeness of Viewpoints   
4       Integration of Interdisciplinary Perspectives   
5                        Clarity of Logical Structure   
6               Reasonableness of Chapter Arrangement   
7              Quality of Introduction and Conclusion   
8              Accuracy and Completeness of Citations   
9              Timeliness and Relevance of References   
10   Avoidance of Plagiarism and Appropriate Citation   
11             Critical Analysis of Existing Research   
12   Proposal of New Research Directions or Questions   
13                Potential Contribution to the Field   
14             Clarity of Research Method Description   
15                    Rationality of Method Selection   
16                           Rigor of Research Design   
17               Inclusion of Latest Research Results   
18            Reflection of Current Research Hotspots   
19                     Fluency of Language Expression   
20    Appropriateness of Professional Terminology Use   
21                          Conciseness of Expression   
22  Practical Application Potential of Research Re...   
23                Feasibility of Proposed Suggestions   
24                             Logic of Argumentation   
25                   Multi-angle Analysis of Problems   
26  Identification and Discussion of Research Limi...   

    ICC (Intraclass Correlation Coefficient) ICC 95% Confidence Interval  \
0                                   0.376228                 [0.28, 0.5]   
1                                   0.704268                [0.62, 0.79]   
2                                   0.168368                 [0.1, 0.27]   
3                                   0.652086                [0.56, 0.75]   
4                                   0.660670                [0.57, 0.75]   
5                                   0.689361                 [0.6, 0.78]   
6                                   0.673070                [0.58, 0.76]   
7                                   0.634887                [0.54, 0.73]   
8                                   0.542689                [0.44, 0.65]   
9                                   0.682540                [0.59, 0.77]   
10                                  0.179554                [0.11, 0.28]   
11                                  0.631866                [0.54, 0.73]   
12                                  0.613692                [0.52, 0.71]   
13                                  0.637404                [0.54, 0.73]   
14                                  0.609839                [0.51, 0.71]   
15                                  0.612347                [0.52, 0.71]   
16                                  0.616237                [0.52, 0.72]   
17                                  0.650790                [0.56, 0.75]   
18                                  0.652043                [0.56, 0.75]   
19                                  0.657623                [0.56, 0.75]   
20                                  0.619402                [0.52, 0.72]   
21                                  0.639725                [0.55, 0.74]   
22                                  0.617135                [0.52, 0.72]   
23                                  0.624150                [0.53, 0.72]   
24                                  0.656749                [0.56, 0.75]   
25                                  0.657225                [0.56, 0.75]   
26                                  0.629188                [0.53, 0.73]   

    Transitivity Consistency Ratio (%)  
0                            84.242424  
1                            83.030303  
2                            85.454545  
3                            80.606061  
4                            81.212121  
5                            78.181818  
6                            78.181818  
7                            78.181818  
8                            87.272727  
9                            83.030303  
10                           90.909091  
11                           83.030303  
12                           78.787879  
13                           79.393939  
14                           83.636364  
15                           83.636364  
16                           86.060606  
17                           83.030303  
18                           80.000000  
19                           80.606061  
20                           84.848485  
21                           80.606061  
22                           79.393939  
23                           79.393939  
24                           79.393939  
25                           79.393939  
26                           81.212121  

Results have been saved to 'reliability_analysis.csv'
Author
3       0.969821
1       1.146577
2       2.862997
10      3.572556
6       3.640300
5      11.376644
7      17.557574
4      21.243845
0      61.998448
8      87.705880
9     100.000000
Name: Score, dtype: float64

Results have been saved to 'pagerank_results_balanced.csv'
Combined Results:
                                          Subcategory  \
0                                     Topic Relevance   
1                    Comprehensiveness of Information   
2                             Accuracy of Information   
3                        Innovativeness of Viewpoints   
4       Integration of Interdisciplinary Perspectives   
5                        Clarity of Logical Structure   
6               Reasonableness of Chapter Arrangement   
7              Quality of Introduction and Conclusion   
8              Accuracy and Completeness of Citations   
9              Timeliness and Relevance of References   
10   Avoidance of Plagiarism and Appropriate Citation   
11             Critical Analysis of Existing Research   
12   Proposal of New Research Directions or Questions   
13                Potential Contribution to the Field   
14             Clarity of Research Method Description   
15                    Rationality of Method Selection   
16                           Rigor of Research Design   
17               Inclusion of Latest Research Results   
18            Reflection of Current Research Hotspots   
19                     Fluency of Language Expression   
20    Appropriateness of Professional Terminology Use   
21                          Conciseness of Expression   
22  Practical Application Potential of Research Re...   
23                Feasibility of Proposed Suggestions   
24                             Logic of Argumentation   
25                   Multi-angle Analysis of Problems   
26  Identification and Discussion of Research Limi...   

    ICC (Intraclass Correlation Coefficient) ICC 95% Confidence Interval  \
0                                   0.376228                 [0.28, 0.5]   
1                                   0.704268                [0.62, 0.79]   
2                                   0.168368                 [0.1, 0.27]   
3                                   0.652086                [0.56, 0.75]   
4                                   0.660670                [0.57, 0.75]   
5                                   0.689361                 [0.6, 0.78]   
6                                   0.673070                [0.58, 0.76]   
7                                   0.634887                [0.54, 0.73]   
8                                   0.542689                [0.44, 0.65]   
9                                   0.682540                [0.59, 0.77]   
10                                  0.179554                [0.11, 0.28]   
11                                  0.631866                [0.54, 0.73]   
12                                  0.613692                [0.52, 0.71]   
13                                  0.637404                [0.54, 0.73]   
14                                  0.609839                [0.51, 0.71]   
15                                  0.612347                [0.52, 0.71]   
16                                  0.616237                [0.52, 0.72]   
17                                  0.650790                [0.56, 0.75]   
18                                  0.652043                [0.56, 0.75]   
19                                  0.657623                [0.56, 0.75]   
20                                  0.619402                [0.52, 0.72]   
21                                  0.639725                [0.55, 0.74]   
22                                  0.617135                [0.52, 0.72]   
23                                  0.624150                [0.53, 0.72]   
24                                  0.656749                [0.56, 0.75]   
25                                  0.657225                [0.56, 0.75]   
26                                  0.629188                [0.53, 0.73]   

    Transitivity Consistency Ratio (%)  
0                            76.146789  
1                            82.389937  
2                            48.936170  
3                            80.606061  
4                            81.212121  
5                            78.181818  
6                            78.181818  
7                            78.181818  
8                            75.862069  
9                            83.030303  
10                           46.428571  
11                           83.030303  
12                           78.125000  
13                           78.750000  
14                           83.125000  
15                           83.636364  
16                           86.060606  
17                           83.030303  
18                           80.000000  
19                           80.606061  
20                           84.848485  
21                           79.874214  
22                           78.750000  
23                           78.750000  
24                           79.393939  
25                           78.481013  
26                           81.212121  

Results have been saved to 'reliability_analysis.csv'
Author
3       0.969821
1       1.146577
2       2.862997
10      3.572556
6       3.640300
5      11.376644
7      17.557574
4      21.243845
0      61.998448
8      87.705880
9     100.000000
Name: Score, dtype: float64

Results have been saved to 'pagerank_results_balanced.csv'
Combined Results:
                                          Subcategory  \
0                                     Topic Relevance   
1                    Comprehensiveness of Information   
2                             Accuracy of Information   
3                        Innovativeness of Viewpoints   
4       Integration of Interdisciplinary Perspectives   
5                        Clarity of Logical Structure   
6               Reasonableness of Chapter Arrangement   
7              Quality of Introduction and Conclusion   
8              Accuracy and Completeness of Citations   
9              Timeliness and Relevance of References   
10   Avoidance of Plagiarism and Appropriate Citation   
11             Critical Analysis of Existing Research   
12   Proposal of New Research Directions or Questions   
13                Potential Contribution to the Field   
14             Clarity of Research Method Description   
15                    Rationality of Method Selection   
16                           Rigor of Research Design   
17               Inclusion of Latest Research Results   
18            Reflection of Current Research Hotspots   
19                     Fluency of Language Expression   
20    Appropriateness of Professional Terminology Use   
21                          Conciseness of Expression   
22  Practical Application Potential of Research Re...   
23                Feasibility of Proposed Suggestions   
24                             Logic of Argumentation   
25                   Multi-angle Analysis of Problems   
26  Identification and Discussion of Research Limi...   

    ICC (Intraclass Correlation Coefficient) ICC 95% Confidence Interval  \
0                                   0.376228                 [0.28, 0.5]   
1                                   0.704268                [0.62, 0.79]   
2                                   0.168368                 [0.1, 0.27]   
3                                   0.652086                [0.56, 0.75]   
4                                   0.660670                [0.57, 0.75]   
5                                   0.689361                 [0.6, 0.78]   
6                                   0.673070                [0.58, 0.76]   
7                                   0.634887                [0.54, 0.73]   
8                                   0.542689                [0.44, 0.65]   
9                                   0.682540                [0.59, 0.77]   
10                                  0.179554                [0.11, 0.28]   
11                                  0.631866                [0.54, 0.73]   
12                                  0.613692                [0.52, 0.71]   
13                                  0.637404                [0.54, 0.73]   
14                                  0.609839                [0.51, 0.71]   
15                                  0.612347                [0.52, 0.71]   
16                                  0.616237                [0.52, 0.72]   
17                                  0.650790                [0.56, 0.75]   
18                                  0.652043                [0.56, 0.75]   
19                                  0.657623                [0.56, 0.75]   
20                                  0.619402                [0.52, 0.72]   
21                                  0.639725                [0.55, 0.74]   
22                                  0.617135                [0.52, 0.72]   
23                                  0.624150                [0.53, 0.72]   
24                                  0.656749                [0.56, 0.75]   
25                                  0.657225                [0.56, 0.75]   
26                                  0.629188                [0.53, 0.73]   

    Transitivity Consistency Ratio (%)  
0                            76.146789  
1                            82.389937  
2                            48.936170  
3                            80.606061  
4                            81.212121  
5                            78.181818  
6                            78.181818  
7                            78.181818  
8                            75.862069  
9                            83.030303  
10                           46.428571  
11                           83.030303  
12                           78.125000  
13                           78.750000  
14                           83.125000  
15                           83.636364  
16                           86.060606  
17                           83.030303  
18                           80.000000  
19                           80.606061  
20                           84.848485  
21                           79.874214  
22                           78.750000  
23                           78.750000  
24                           79.393939  
25                           78.481013  
26                           81.212121  

Results have been saved to 'reliability_analysis.csv'
