Author
10     0.743204
1      3.637243
6     16.351186
4     25.178520
7     61.900899
0     67.867513
5     75.417993
3     75.895043
2     89.152290
9     94.254513
8     94.461559
Name: Score, dtype: float64

Results have been saved to 'pagerank_results_balanced.csv'
Combined Results:
                                          Subcategory  \
0                                     Topic Relevance   
1                    Comprehensiveness of Information   
2                             Accuracy of Information   
3                        Innovativeness of Viewpoints   
4       Integration of Interdisciplinary Perspectives   
5                        Clarity of Logical Structure   
6               Reasonableness of Chapter Arrangement   
7              Quality of Introduction and Conclusion   
8              Accuracy and Completeness of Citations   
9              Timeliness and Relevance of References   
10   Avoidance of Plagiarism and Appropriate Citation   
11             Critical Analysis of Existing Research   
12   Proposal of New Research Directions or Questions   
13                Potential Contribution to the Field   
14             Clarity of Research Method Description   
15                    Rationality of Method Selection   
16                           Rigor of Research Design   
17               Inclusion of Latest Research Results   
18            Reflection of Current Research Hotspots   
19                     Fluency of Language Expression   
20    Appropriateness of Professional Terminology Use   
21                          Conciseness of Expression   
22  Practical Application Potential of Research Re...   
23                Feasibility of Proposed Suggestions   
24                             Logic of Argumentation   
25                   Multi-angle Analysis of Problems   
26  Identification and Discussion of Research Limi...   

    ICC (Intraclass Correlation Coefficient) ICC 95% Confidence Interval  \
0                                   0.461490                [0.36, 0.58]   
1                                   0.754706                [0.68, 0.83]   
2                                   0.272462                [0.19, 0.39]   
3                                   0.704092                [0.62, 0.79]   
4                                   0.665236                [0.57, 0.76]   
5                                   0.678306                [0.59, 0.77]   
6                                   0.663057                [0.57, 0.76]   
7                                   0.503213                 [0.4, 0.62]   
8                                   0.613398                [0.52, 0.71]   
9                                   0.633811                [0.54, 0.73]   
10                                  0.265621                [0.18, 0.38]   
11                                  0.668396                [0.58, 0.76]   
12                                  0.632045                [0.54, 0.73]   
13                                  0.677282                [0.59, 0.77]   
14                                  0.654481                [0.56, 0.75]   
15                                  0.659417                [0.57, 0.75]   
16                                  0.654081                [0.56, 0.75]   
17                                  0.641175                [0.55, 0.74]   
18                                  0.682089                [0.59, 0.77]   
19                                  0.619614                [0.52, 0.72]   
20                                  0.665211                [0.57, 0.76]   
21                                  0.563044                [0.46, 0.67]   
22                                  0.649730                [0.56, 0.74]   
23                                  0.576251                [0.48, 0.68]   
24                                  0.626299                [0.53, 0.73]   
25                                  0.671199                [0.58, 0.76]   
26                                  0.587130                [0.49, 0.69]   

    Transitivity Consistency Ratio (%)  
0                            74.545455  
1                            76.363636  
2                            83.030303  
3                            85.454545  
4                            76.363636  
5                            72.727273  
6                            72.727273  
7                            71.515152  
8                            80.606061  
9                            76.363636  
10                           82.424242  
11                           79.393939  
12                           85.454545  
13                           76.969697  
14                           76.363636  
15                           76.363636  
16                           73.939394  
17                           76.363636  
18                           76.363636  
19                           72.727273  
20                           76.363636  
21                           72.727273  
22                           79.393939  
23                           76.969697  
24                           71.515152  
25                           76.363636  
26                           76.363636  

Results have been saved to 'reliability_analysis.csv'
Author
10     0.437929
1      2.843125
6     13.488459
4     20.103927
7     55.726022
0     61.600946
3     74.133813
5     74.279971
2     90.009999
9     94.043997
8     95.208865
Name: Score, dtype: float64

Results have been saved to 'pagerank_results_balanced.csv'
Combined Results:
                                          Subcategory  \
0                                     Topic Relevance   
1                    Comprehensiveness of Information   
2                             Accuracy of Information   
3                        Innovativeness of Viewpoints   
4       Integration of Interdisciplinary Perspectives   
5                        Clarity of Logical Structure   
6               Reasonableness of Chapter Arrangement   
7              Quality of Introduction and Conclusion   
8              Accuracy and Completeness of Citations   
9              Timeliness and Relevance of References   
10   Avoidance of Plagiarism and Appropriate Citation   
11             Critical Analysis of Existing Research   
12   Proposal of New Research Directions or Questions   
13                Potential Contribution to the Field   
14             Clarity of Research Method Description   
15                    Rationality of Method Selection   
16                           Rigor of Research Design   
17               Inclusion of Latest Research Results   
18            Reflection of Current Research Hotspots   
19                     Fluency of Language Expression   
20    Appropriateness of Professional Terminology Use   
21                          Conciseness of Expression   
22  Practical Application Potential of Research Re...   
23                Feasibility of Proposed Suggestions   
24                             Logic of Argumentation   
25                   Multi-angle Analysis of Problems   
26  Identification and Discussion of Research Limi...   

    ICC (Intraclass Correlation Coefficient) ICC 95% Confidence Interval  \
0                                   0.461490                [0.36, 0.58]   
1                                   0.754706                [0.68, 0.83]   
2                                   0.272462                [0.19, 0.39]   
3                                   0.704092                [0.62, 0.79]   
4                                   0.665236                [0.57, 0.76]   
5                                   0.678306                [0.59, 0.77]   
6                                   0.663057                [0.57, 0.76]   
7                                   0.503213                 [0.4, 0.62]   
8                                   0.613398                [0.52, 0.71]   
9                                   0.633811                [0.54, 0.73]   
10                                  0.265621                [0.18, 0.38]   
11                                  0.668396                [0.58, 0.76]   
12                                  0.632045                [0.54, 0.73]   
13                                  0.677282                [0.59, 0.77]   
14                                  0.654481                [0.56, 0.75]   
15                                  0.659417                [0.57, 0.75]   
16                                  0.654081                [0.56, 0.75]   
17                                  0.641175                [0.55, 0.74]   
18                                  0.682089                [0.59, 0.77]   
19                                  0.619614                [0.52, 0.72]   
20                                  0.665211                [0.57, 0.76]   
21                                  0.563044                [0.46, 0.67]   
22                                  0.649730                [0.56, 0.74]   
23                                  0.576251                [0.48, 0.68]   
24                                  0.626299                [0.53, 0.73]   
25                                  0.671199                [0.58, 0.76]   
26                                  0.587130                [0.49, 0.69]   

    Transitivity Consistency Ratio (%)  
0                            63.793103  
1                            76.363636  
2                            46.153846  
3                            85.454545  
4                            76.363636  
5                            72.727273  
6                            72.727273  
7                            71.515152  
8                            71.681416  
9                            76.363636  
10                           49.122807  
11                           79.393939  
12                           85.454545  
13                           76.969697  
14                           76.363636  
15                           76.363636  
16                           73.939394  
17                           76.363636  
18                           76.363636  
19                           72.727273  
20                           76.363636  
21                           72.727273  
22                           79.393939  
23                           76.969697  
24                           71.515152  
25                           76.363636  
26                           76.363636  

Results have been saved to 'reliability_analysis.csv'
Author
10     0.437929
1      2.843125
6     13.488459
4     20.103927
7     55.726022
0     61.600946
3     74.133813
5     74.279971
2     90.009999
9     94.043997
8     95.208865
Name: Score, dtype: float64

Results have been saved to 'pagerank_results_balanced.csv'
Combined Results:
                                          Subcategory  \
0                                     Topic Relevance   
1                    Comprehensiveness of Information   
2                             Accuracy of Information   
3                        Innovativeness of Viewpoints   
4       Integration of Interdisciplinary Perspectives   
5                        Clarity of Logical Structure   
6               Reasonableness of Chapter Arrangement   
7              Quality of Introduction and Conclusion   
8              Accuracy and Completeness of Citations   
9              Timeliness and Relevance of References   
10   Avoidance of Plagiarism and Appropriate Citation   
11             Critical Analysis of Existing Research   
12   Proposal of New Research Directions or Questions   
13                Potential Contribution to the Field   
14             Clarity of Research Method Description   
15                    Rationality of Method Selection   
16                           Rigor of Research Design   
17               Inclusion of Latest Research Results   
18            Reflection of Current Research Hotspots   
19                     Fluency of Language Expression   
20    Appropriateness of Professional Terminology Use   
21                          Conciseness of Expression   
22  Practical Application Potential of Research Re...   
23                Feasibility of Proposed Suggestions   
24                             Logic of Argumentation   
25                   Multi-angle Analysis of Problems   
26  Identification and Discussion of Research Limi...   

    ICC (Intraclass Correlation Coefficient) ICC 95% Confidence Interval  \
0                                   0.461490                [0.36, 0.58]   
1                                   0.754706                [0.68, 0.83]   
2                                   0.272462                [0.19, 0.39]   
3                                   0.704092                [0.62, 0.79]   
4                                   0.665236                [0.57, 0.76]   
5                                   0.678306                [0.59, 0.77]   
6                                   0.663057                [0.57, 0.76]   
7                                   0.503213                 [0.4, 0.62]   
8                                   0.613398                [0.52, 0.71]   
9                                   0.633811                [0.54, 0.73]   
10                                  0.265621                [0.18, 0.38]   
11                                  0.668396                [0.58, 0.76]   
12                                  0.632045                [0.54, 0.73]   
13                                  0.677282                [0.59, 0.77]   
14                                  0.654481                [0.56, 0.75]   
15                                  0.659417                [0.57, 0.75]   
16                                  0.654081                [0.56, 0.75]   
17                                  0.641175                [0.55, 0.74]   
18                                  0.682089                [0.59, 0.77]   
19                                  0.619614                [0.52, 0.72]   
20                                  0.665211                [0.57, 0.76]   
21                                  0.563044                [0.46, 0.67]   
22                                  0.649730                [0.56, 0.74]   
23                                  0.576251                [0.48, 0.68]   
24                                  0.626299                [0.53, 0.73]   
25                                  0.671199                [0.58, 0.76]   
26                                  0.587130                [0.49, 0.69]   

    Transitivity Consistency Ratio (%)  
0                            63.793103  
1                            76.363636  
2                            46.153846  
3                            85.454545  
4                            76.363636  
5                            72.727273  
6                            72.727273  
7                            71.515152  
8                            71.681416  
9                            76.363636  
10                           49.122807  
11                           79.393939  
12                           85.454545  
13                           76.969697  
14                           76.363636  
15                           76.363636  
16                           73.939394  
17                           76.363636  
18                           76.363636  
19                           72.727273  
20                           76.363636  
21                           72.727273  
22                           79.393939  
23                           76.969697  
24                           71.515152  
25                           76.363636  
26                           76.363636  

Results have been saved to 'reliability_analysis.csv'
