Author
4       0.338151
8       0.428481
5       0.586699
2       0.672746
1       1.520789
7       1.695240
6      21.399775
3      24.312218
0      29.560009
10     57.487338
9     100.000000
Name: Score, dtype: float64

Results have been saved to 'pagerank_results_balanced.csv'
Combined Results:
                                          Subcategory  \
0                                     Topic Relevance   
1                    Comprehensiveness of Information   
2                             Accuracy of Information   
3                        Innovativeness of Viewpoints   
4       Integration of Interdisciplinary Perspectives   
5                        Clarity of Logical Structure   
6               Reasonableness of Chapter Arrangement   
7              Quality of Introduction and Conclusion   
8              Accuracy and Completeness of Citations   
9              Timeliness and Relevance of References   
10   Avoidance of Plagiarism and Appropriate Citation   
11             Critical Analysis of Existing Research   
12   Proposal of New Research Directions or Questions   
13                Potential Contribution to the Field   
14             Clarity of Research Method Description   
15                    Rationality of Method Selection   
16                           Rigor of Research Design   
17               Inclusion of Latest Research Results   
18            Reflection of Current Research Hotspots   
19                     Fluency of Language Expression   
20    Appropriateness of Professional Terminology Use   
21                          Conciseness of Expression   
22  Practical Application Potential of Research Re...   
23                Feasibility of Proposed Suggestions   
24                             Logic of Argumentation   
25                   Multi-angle Analysis of Problems   
26  Identification and Discussion of Research Limi...   

    ICC (Intraclass Correlation Coefficient) ICC 95% Confidence Interval  \
0                                   0.554423                [0.45, 0.66]   
1                                   0.840331                [0.78, 0.89]   
2                                   0.402307                 [0.3, 0.52]   
3                                   0.804696                [0.74, 0.87]   
4                                   0.831569                [0.77, 0.88]   
5                                   0.810285                [0.74, 0.87]   
6                                   0.832896                [0.77, 0.89]   
7                                   0.776843                 [0.7, 0.84]   
8                                   0.463064                [0.36, 0.58]   
9                                   0.638447                [0.54, 0.74]   
10                                  0.305752                [0.21, 0.42]   
11                                  0.793014                [0.72, 0.86]   
12                                  0.660723                [0.57, 0.75]   
13                                  0.788881                [0.72, 0.85]   
14                                  0.798938                [0.73, 0.86]   
15                                  0.807831                [0.74, 0.87]   
16                                  0.803411                [0.74, 0.86]   
17                                  0.643817                [0.55, 0.74]   
18                                  0.651545                [0.56, 0.75]   
19                                  0.739623                [0.66, 0.82]   
20                                  0.688645                 [0.6, 0.78]   
21                                  0.646985                [0.55, 0.74]   
22                                  0.768994                [0.69, 0.84]   
23                                  0.580374                [0.48, 0.69]   
24                                  0.799129                [0.73, 0.86]   
25                                  0.798140                [0.73, 0.86]   
26                                  0.786709                [0.72, 0.85]   

    Transitivity Consistency Ratio (%)  
0                            86.666667  
1                            74.545455  
2                            86.666667  
3                            72.727273  
4                            76.363636  
5                            74.545455  
6                            73.939394  
7                            75.151515  
8                            87.878788  
9                            75.757576  
10                           86.666667  
11                           72.727273  
12                           72.727273  
13                           72.727273  
14                           75.151515  
15                           74.545455  
16                           74.545455  
17                           75.757576  
18                           75.757576  
19                           74.545455  
20                           75.151515  
21                           74.545455  
22                           72.727273  
23                           72.727273  
24                           74.545455  
25                           72.727273  
26                           72.727273  

Results have been saved to 'reliability_analysis.csv'
