Author
2      0.305562
5      0.371630
8      0.462635
6      1.114503
7      4.852594
4     14.694093
1     18.308965
0     20.242305
3     47.035653
10    84.387694
9     99.764082
Name: Score, dtype: float64

Results have been saved to 'pagerank_results_balanced.csv'
Combined Results:
                                          Subcategory  \
0                                     Topic Relevance   
1                    Comprehensiveness of Information   
2                             Accuracy of Information   
3                        Innovativeness of Viewpoints   
4       Integration of Interdisciplinary Perspectives   
5                        Clarity of Logical Structure   
6               Reasonableness of Chapter Arrangement   
7              Quality of Introduction and Conclusion   
8              Accuracy and Completeness of Citations   
9              Timeliness and Relevance of References   
10   Avoidance of Plagiarism and Appropriate Citation   
11             Critical Analysis of Existing Research   
12   Proposal of New Research Directions or Questions   
13                Potential Contribution to the Field   
14             Clarity of Research Method Description   
15                    Rationality of Method Selection   
16                           Rigor of Research Design   
17               Inclusion of Latest Research Results   
18            Reflection of Current Research Hotspots   
19                     Fluency of Language Expression   
20    Appropriateness of Professional Terminology Use   
21                          Conciseness of Expression   
22  Practical Application Potential of Research Re...   
23                Feasibility of Proposed Suggestions   
24                             Logic of Argumentation   
25                   Multi-angle Analysis of Problems   
26  Identification and Discussion of Research Limi...   

    ICC (Intraclass Correlation Coefficient) ICC 95% Confidence Interval  \
0                                   0.750363                [0.67, 0.83]   
1                                   0.911066                [0.88, 0.94]   
2                                   0.669226                [0.58, 0.76]   
3                                   0.809071                [0.74, 0.87]   
4                                   0.839533                [0.78, 0.89]   
5                                   0.836223                [0.78, 0.89]   
6                                   0.834104                [0.78, 0.89]   
7                                   0.832968                [0.77, 0.89]   
8                                   0.290202                 [0.2, 0.41]   
9                                   0.366654                [0.27, 0.49]   
10                                  0.079821                [0.03, 0.16]   
11                                  0.838144                [0.78, 0.89]   
12                                  0.626825                [0.53, 0.73]   
13                                  0.824688                [0.76, 0.88]   
14                                  0.707766                [0.62, 0.79]   
15                                  0.716370                 [0.63, 0.8]   
16                                  0.738161                [0.66, 0.81]   
17                                  0.350323                [0.26, 0.47]   
18                                  0.664525                [0.57, 0.76]   
19                                  0.741645                [0.66, 0.82]   
20                                  0.725798                [0.64, 0.81]   
21                                  0.691388                 [0.6, 0.78]   
22                                  0.792339                [0.72, 0.86]   
23                                  0.690341                 [0.6, 0.78]   
24                                  0.835782                [0.78, 0.89]   
25                                  0.836046                [0.78, 0.89]   
26                                  0.765847                [0.69, 0.84]   

    Transitivity Consistency Ratio (%)  
0                            84.848485  
1                            70.909091  
2                            92.727273  
3                            70.909091  
4                            70.303030  
5                            75.151515  
6                            72.121212  
7                            75.151515  
8                            84.242424  
9                            69.090909  
10                           91.515152  
11                           72.121212  
12                           72.121212  
13                           72.121212  
14                           71.515152  
15                           69.696970  
16                           70.909091  
17                           70.909091  
18                           70.909091  
19                           75.151515  
20                           68.484848  
21                           73.333333  
22                           70.909091  
23                           72.121212  
24                           70.909091  
25                           70.909091  
26                           70.909091  

Results have been saved to 'reliability_analysis.csv'
