Author
5      0.706521
4      1.569401
10     3.750674
7     11.511017
1     16.441643
3     27.927965
8     45.956037
2     50.883808
6     91.931416
0     95.546986
9     99.304742
Name: Score, dtype: float64

Results have been saved to 'pagerank_results_balanced.csv'
Combined Results:
                                          Subcategory  \
0                                     Topic Relevance   
1                    Comprehensiveness of Information   
2                             Accuracy of Information   
3                        Innovativeness of Viewpoints   
4       Integration of Interdisciplinary Perspectives   
5                        Clarity of Logical Structure   
6               Reasonableness of Chapter Arrangement   
7              Quality of Introduction and Conclusion   
8              Accuracy and Completeness of Citations   
9              Timeliness and Relevance of References   
10   Avoidance of Plagiarism and Appropriate Citation   
11             Critical Analysis of Existing Research   
12   Proposal of New Research Directions or Questions   
13                Potential Contribution to the Field   
14             Clarity of Research Method Description   
15                    Rationality of Method Selection   
16                           Rigor of Research Design   
17               Inclusion of Latest Research Results   
18            Reflection of Current Research Hotspots   
19                     Fluency of Language Expression   
20    Appropriateness of Professional Terminology Use   
21                          Conciseness of Expression   
22  Practical Application Potential of Research Re...   
23                Feasibility of Proposed Suggestions   
24                             Logic of Argumentation   
25                   Multi-angle Analysis of Problems   
26  Identification and Discussion of Research Limi...   

    ICC (Intraclass Correlation Coefficient) ICC 95% Confidence Interval  \
0                                   0.531443                [0.43, 0.64]   
1                                   0.826031                [0.76, 0.88]   
2                                   0.281101                 [0.19, 0.4]   
3                                   0.802306                [0.74, 0.86]   
4                                   0.743273                [0.66, 0.82]   
5                                   0.743280                [0.66, 0.82]   
6                                   0.753810                [0.68, 0.83]   
7                                   0.734943                [0.65, 0.81]   
8                                   0.606631                [0.51, 0.71]   
9                                   0.692543                 [0.6, 0.78]   
10                                  0.259443                [0.17, 0.37]   
11                                  0.773881                 [0.7, 0.84]   
12                                  0.705456                [0.62, 0.79]   
13                                  0.754395                [0.68, 0.83]   
14                                  0.676061                [0.59, 0.77]   
15                                  0.682378                [0.59, 0.77]   
16                                  0.680729                [0.59, 0.77]   
17                                  0.691127                 [0.6, 0.78]   
18                                  0.713343                 [0.63, 0.8]   
19                                  0.684563                 [0.6, 0.77]   
20                                  0.701597                [0.61, 0.79]   
21                                  0.682757                [0.59, 0.77]   
22                                  0.696741                [0.61, 0.78]   
23                                  0.669959                [0.58, 0.76]   
24                                  0.719635                 [0.64, 0.8]   
25                                  0.707007                [0.62, 0.79]   
26                                  0.676076                [0.59, 0.77]   

    Transitivity Consistency Ratio (%)  
0                            86.060606  
1                            82.424242  
2                            83.030303  
3                            84.242424  
4                            81.818182  
5                            81.818182  
6                            82.424242  
7                            81.212121  
8                            89.090909  
9                            83.636364  
10                           87.878788  
11                           84.242424  
12                           86.060606  
13                           86.060606  
14                           84.848485  
15                           81.818182  
16                           83.636364  
17                           83.636364  
18                           81.818182  
19                           81.818182  
20                           81.818182  
21                           82.424242  
22                           86.666667  
23                           86.666667  
24                           82.424242  
25                           81.818182  
26                           83.636364  

Results have been saved to 'reliability_analysis.csv'
Author
5      0.459654
4      1.515535
10     2.871113
7     13.197252
1     18.018411
3     30.436359
8     48.732188
2     53.882039
6     93.527491
0     96.554309
9     99.456440
Name: Score, dtype: float64

Results have been saved to 'pagerank_results_balanced.csv'
Combined Results:
                                          Subcategory  \
0                                     Topic Relevance   
1                    Comprehensiveness of Information   
2                             Accuracy of Information   
3                        Innovativeness of Viewpoints   
4       Integration of Interdisciplinary Perspectives   
5                        Clarity of Logical Structure   
6               Reasonableness of Chapter Arrangement   
7              Quality of Introduction and Conclusion   
8              Accuracy and Completeness of Citations   
9              Timeliness and Relevance of References   
10   Avoidance of Plagiarism and Appropriate Citation   
11             Critical Analysis of Existing Research   
12   Proposal of New Research Directions or Questions   
13                Potential Contribution to the Field   
14             Clarity of Research Method Description   
15                    Rationality of Method Selection   
16                           Rigor of Research Design   
17               Inclusion of Latest Research Results   
18            Reflection of Current Research Hotspots   
19                     Fluency of Language Expression   
20    Appropriateness of Professional Terminology Use   
21                          Conciseness of Expression   
22  Practical Application Potential of Research Re...   
23                Feasibility of Proposed Suggestions   
24                             Logic of Argumentation   
25                   Multi-angle Analysis of Problems   
26  Identification and Discussion of Research Limi...   

    ICC (Intraclass Correlation Coefficient) ICC 95% Confidence Interval  \
0                                   0.531443                [0.43, 0.64]   
1                                   0.826031                [0.76, 0.88]   
2                                   0.281101                 [0.19, 0.4]   
3                                   0.802306                [0.74, 0.86]   
4                                   0.743273                [0.66, 0.82]   
5                                   0.743280                [0.66, 0.82]   
6                                   0.753810                [0.68, 0.83]   
7                                   0.734943                [0.65, 0.81]   
8                                   0.606631                [0.51, 0.71]   
9                                   0.692543                 [0.6, 0.78]   
10                                  0.259443                [0.17, 0.37]   
11                                  0.773881                 [0.7, 0.84]   
12                                  0.705456                [0.62, 0.79]   
13                                  0.754395                [0.68, 0.83]   
14                                  0.676061                [0.59, 0.77]   
15                                  0.682378                [0.59, 0.77]   
16                                  0.680729                [0.59, 0.77]   
17                                  0.691127                 [0.6, 0.78]   
18                                  0.713343                 [0.63, 0.8]   
19                                  0.684563                 [0.6, 0.77]   
20                                  0.701597                [0.61, 0.79]   
21                                  0.682757                [0.59, 0.77]   
22                                  0.696741                [0.61, 0.78]   
23                                  0.669959                [0.58, 0.76]   
24                                  0.719635                 [0.64, 0.8]   
25                                  0.707007                [0.62, 0.79]   
26                                  0.676076                [0.59, 0.77]   

    Transitivity Consistency Ratio (%)  
0                            78.504673  
1                            82.424242  
2                            61.111111  
3                            84.242424  
4                            81.818182  
5                            81.818182  
6                            81.528662  
7                            81.212121  
8                            84.873950  
9                            83.636364  
10                           75.609756  
11                           84.242424  
12                           86.060606  
13                           85.256410  
14                           83.221477  
15                           80.891720  
16                           81.118881  
17                           83.636364  
18                           81.012658  
19                           80.891720  
20                           81.818182  
21                           82.424242  
22                           85.987261  
23                           85.987261  
24                           81.645570  
25                           81.012658  
26                           83.018868  

Results have been saved to 'reliability_analysis.csv'
Author
5      0.459654
4      1.515535
10     2.871113
7     13.197252
1     18.018411
3     30.436359
8     48.732188
2     53.882039
6     93.527491
0     96.554309
9     99.456440
Name: Score, dtype: float64

Results have been saved to 'pagerank_results_balanced.csv'
Combined Results:
                                          Subcategory  \
0                                     Topic Relevance   
1                    Comprehensiveness of Information   
2                             Accuracy of Information   
3                        Innovativeness of Viewpoints   
4       Integration of Interdisciplinary Perspectives   
5                        Clarity of Logical Structure   
6               Reasonableness of Chapter Arrangement   
7              Quality of Introduction and Conclusion   
8              Accuracy and Completeness of Citations   
9              Timeliness and Relevance of References   
10   Avoidance of Plagiarism and Appropriate Citation   
11             Critical Analysis of Existing Research   
12   Proposal of New Research Directions or Questions   
13                Potential Contribution to the Field   
14             Clarity of Research Method Description   
15                    Rationality of Method Selection   
16                           Rigor of Research Design   
17               Inclusion of Latest Research Results   
18            Reflection of Current Research Hotspots   
19                     Fluency of Language Expression   
20    Appropriateness of Professional Terminology Use   
21                          Conciseness of Expression   
22  Practical Application Potential of Research Re...   
23                Feasibility of Proposed Suggestions   
24                             Logic of Argumentation   
25                   Multi-angle Analysis of Problems   
26  Identification and Discussion of Research Limi...   

    ICC (Intraclass Correlation Coefficient) ICC 95% Confidence Interval  \
0                                   0.531443                [0.43, 0.64]   
1                                   0.826031                [0.76, 0.88]   
2                                   0.281101                 [0.19, 0.4]   
3                                   0.802306                [0.74, 0.86]   
4                                   0.743273                [0.66, 0.82]   
5                                   0.743280                [0.66, 0.82]   
6                                   0.753810                [0.68, 0.83]   
7                                   0.734943                [0.65, 0.81]   
8                                   0.606631                [0.51, 0.71]   
9                                   0.692543                 [0.6, 0.78]   
10                                  0.259443                [0.17, 0.37]   
11                                  0.773881                 [0.7, 0.84]   
12                                  0.705456                [0.62, 0.79]   
13                                  0.754395                [0.68, 0.83]   
14                                  0.676061                [0.59, 0.77]   
15                                  0.682378                [0.59, 0.77]   
16                                  0.680729                [0.59, 0.77]   
17                                  0.691127                 [0.6, 0.78]   
18                                  0.713343                 [0.63, 0.8]   
19                                  0.684563                 [0.6, 0.77]   
20                                  0.701597                [0.61, 0.79]   
21                                  0.682757                [0.59, 0.77]   
22                                  0.696741                [0.61, 0.78]   
23                                  0.669959                [0.58, 0.76]   
24                                  0.719635                 [0.64, 0.8]   
25                                  0.707007                [0.62, 0.79]   
26                                  0.676076                [0.59, 0.77]   

    Transitivity Consistency Ratio (%)  
0                            78.504673  
1                            82.424242  
2                            61.111111  
3                            84.242424  
4                            81.818182  
5                            81.818182  
6                            81.528662  
7                            81.212121  
8                            84.873950  
9                            83.636364  
10                           75.609756  
11                           84.242424  
12                           86.060606  
13                           85.256410  
14                           83.221477  
15                           80.891720  
16                           81.118881  
17                           83.636364  
18                           81.012658  
19                           80.891720  
20                           81.818182  
21                           82.424242  
22                           85.987261  
23                           85.987261  
24                           81.645570  
25                           81.012658  
26                           83.018868  

Results have been saved to 'reliability_analysis.csv'
