Author
10     0.000000
7     60.733298
0     66.764974
6     71.918116
3     73.599781
5     81.527008
8     93.110761
2     93.276426
1     94.593983
4     97.727531
9     99.059138
Name: Score, dtype: float64

Results have been saved to 'pagerank_results_balanced.csv'
Combined Results:
                                          Subcategory  \
0                                     Topic Relevance   
1                    Comprehensiveness of Information   
2                             Accuracy of Information   
3                        Innovativeness of Viewpoints   
4       Integration of Interdisciplinary Perspectives   
5                        Clarity of Logical Structure   
6               Reasonableness of Chapter Arrangement   
7              Quality of Introduction and Conclusion   
8              Accuracy and Completeness of Citations   
9              Timeliness and Relevance of References   
10   Avoidance of Plagiarism and Appropriate Citation   
11             Critical Analysis of Existing Research   
12   Proposal of New Research Directions or Questions   
13                Potential Contribution to the Field   
14             Clarity of Research Method Description   
15                    Rationality of Method Selection   
16                           Rigor of Research Design   
17               Inclusion of Latest Research Results   
18            Reflection of Current Research Hotspots   
19                     Fluency of Language Expression   
20    Appropriateness of Professional Terminology Use   
21                          Conciseness of Expression   
22  Practical Application Potential of Research Re...   
23                Feasibility of Proposed Suggestions   
24                             Logic of Argumentation   
25                   Multi-angle Analysis of Problems   
26  Identification and Discussion of Research Limi...   

    ICC (Intraclass Correlation Coefficient) ICC 95% Confidence Interval  \
0                                   0.524096                [0.42, 0.64]   
1                                   0.835265                [0.78, 0.89]   
2                                   0.265789                [0.18, 0.38]   
3                                   0.735847                [0.65, 0.81]   
4                                   0.756208                [0.68, 0.83]   
5                                   0.778446                [0.71, 0.85]   
6                                   0.772055                 [0.7, 0.84]   
7                                   0.647390                [0.55, 0.74]   
8                                   0.539659                [0.44, 0.65]   
9                                   0.632684                [0.54, 0.73]   
10                                  0.203523                [0.13, 0.31]   
11                                  0.748362                [0.67, 0.82]   
12                                  0.736392                [0.66, 0.81]   
13                                  0.735899                [0.65, 0.81]   
14                                  0.651419                [0.56, 0.75]   
15                                  0.659357                [0.57, 0.75]   
16                                  0.644254                [0.55, 0.74]   
17                                  0.660036                [0.57, 0.75]   
18                                  0.750963                [0.67, 0.82]   
19                                  0.597878                  [0.5, 0.7]   
20                                  0.579164                [0.48, 0.69]   
21                                  0.583999                [0.48, 0.69]   
22                                  0.711979                [0.63, 0.79]   
23                                  0.646441                [0.55, 0.74]   
24                                  0.723193                 [0.64, 0.8]   
25                                  0.724295                 [0.64, 0.8]   
26                                  0.611672                [0.51, 0.71]   

    Transitivity Consistency Ratio (%)  
0                            82.424242  
1                            75.757576  
2                            92.121212  
3                            82.424242  
4                            74.545455  
5                            76.363636  
6                            75.151515  
7                            76.969697  
8                            79.393939  
9                            76.969697  
10                           92.727273  
11                           76.363636  
12                           76.969697  
13                           76.969697  
14                           77.575758  
15                           75.757576  
16                           78.181818  
17                           76.969697  
18                           76.363636  
19                           75.151515  
20                           78.181818  
21                           76.969697  
22                           74.545455  
23                           75.151515  
24                           77.575758  
25                           75.151515  
26                           76.969697  

Results have been saved to 'reliability_analysis.csv'
Author
10     0.000000
7     59.776154
0     64.160036
6     71.461858
3     72.027176
5     78.926877
8     91.887329
2     92.687753
1     93.963922
4     97.628638
9     99.142526
Name: Score, dtype: float64

Results have been saved to 'pagerank_results_balanced.csv'
Combined Results:
                                          Subcategory  \
0                                     Topic Relevance   
1                    Comprehensiveness of Information   
2                             Accuracy of Information   
3                        Innovativeness of Viewpoints   
4       Integration of Interdisciplinary Perspectives   
5                        Clarity of Logical Structure   
6               Reasonableness of Chapter Arrangement   
7              Quality of Introduction and Conclusion   
8              Accuracy and Completeness of Citations   
9              Timeliness and Relevance of References   
10   Avoidance of Plagiarism and Appropriate Citation   
11             Critical Analysis of Existing Research   
12   Proposal of New Research Directions or Questions   
13                Potential Contribution to the Field   
14             Clarity of Research Method Description   
15                    Rationality of Method Selection   
16                           Rigor of Research Design   
17               Inclusion of Latest Research Results   
18            Reflection of Current Research Hotspots   
19                     Fluency of Language Expression   
20    Appropriateness of Professional Terminology Use   
21                          Conciseness of Expression   
22  Practical Application Potential of Research Re...   
23                Feasibility of Proposed Suggestions   
24                             Logic of Argumentation   
25                   Multi-angle Analysis of Problems   
26  Identification and Discussion of Research Limi...   

    ICC (Intraclass Correlation Coefficient) ICC 95% Confidence Interval  \
0                                   0.524096                [0.42, 0.64]   
1                                   0.835265                [0.78, 0.89]   
2                                   0.265789                [0.18, 0.38]   
3                                   0.735847                [0.65, 0.81]   
4                                   0.756208                [0.68, 0.83]   
5                                   0.778446                [0.71, 0.85]   
6                                   0.772055                 [0.7, 0.84]   
7                                   0.647390                [0.55, 0.74]   
8                                   0.539659                [0.44, 0.65]   
9                                   0.632684                [0.54, 0.73]   
10                                  0.203523                [0.13, 0.31]   
11                                  0.748362                [0.67, 0.82]   
12                                  0.736392                [0.66, 0.81]   
13                                  0.735899                [0.65, 0.81]   
14                                  0.651419                [0.56, 0.75]   
15                                  0.659357                [0.57, 0.75]   
16                                  0.644254                [0.55, 0.74]   
17                                  0.660036                [0.57, 0.75]   
18                                  0.750963                [0.67, 0.82]   
19                                  0.597878                  [0.5, 0.7]   
20                                  0.579164                [0.48, 0.69]   
21                                  0.583999                [0.48, 0.69]   
22                                  0.711979                [0.63, 0.79]   
23                                  0.646441                [0.55, 0.74]   
24                                  0.723193                 [0.64, 0.8]   
25                                  0.724295                 [0.64, 0.8]   
26                                  0.611672                [0.51, 0.71]   

    Transitivity Consistency Ratio (%)  
0                            45.283019  
1                            75.757576  
2                            48.000000  
3                            81.410256  
4                            73.248408  
5                            76.363636  
6                            75.151515  
7                            76.969697  
8                            42.372881  
9                            76.969697  
10                           36.842105  
11                           76.363636  
12                           75.641026  
13                           76.969697  
14                           77.575758  
15                           75.757576  
16                           78.181818  
17                           76.969697  
18                           76.363636  
19                           75.151515  
20                           78.181818  
21                           76.969697  
22                           74.545455  
23                           75.151515  
24                           77.575758  
25                           75.151515  
26                           76.969697  

Results have been saved to 'reliability_analysis.csv'
Author
10     0.000000
7     59.776154
0     64.160036
6     71.461858
3     72.027176
5     78.926877
8     91.887329
2     92.687753
1     93.963922
4     97.628638
9     99.142526
Name: Score, dtype: float64

Results have been saved to 'pagerank_results_balanced.csv'
Combined Results:
                                          Subcategory  \
0                                     Topic Relevance   
1                    Comprehensiveness of Information   
2                             Accuracy of Information   
3                        Innovativeness of Viewpoints   
4       Integration of Interdisciplinary Perspectives   
5                        Clarity of Logical Structure   
6               Reasonableness of Chapter Arrangement   
7              Quality of Introduction and Conclusion   
8              Accuracy and Completeness of Citations   
9              Timeliness and Relevance of References   
10   Avoidance of Plagiarism and Appropriate Citation   
11             Critical Analysis of Existing Research   
12   Proposal of New Research Directions or Questions   
13                Potential Contribution to the Field   
14             Clarity of Research Method Description   
15                    Rationality of Method Selection   
16                           Rigor of Research Design   
17               Inclusion of Latest Research Results   
18            Reflection of Current Research Hotspots   
19                     Fluency of Language Expression   
20    Appropriateness of Professional Terminology Use   
21                          Conciseness of Expression   
22  Practical Application Potential of Research Re...   
23                Feasibility of Proposed Suggestions   
24                             Logic of Argumentation   
25                   Multi-angle Analysis of Problems   
26  Identification and Discussion of Research Limi...   

    ICC (Intraclass Correlation Coefficient) ICC 95% Confidence Interval  \
0                                   0.524096                [0.42, 0.64]   
1                                   0.835265                [0.78, 0.89]   
2                                   0.265789                [0.18, 0.38]   
3                                   0.735847                [0.65, 0.81]   
4                                   0.756208                [0.68, 0.83]   
5                                   0.778446                [0.71, 0.85]   
6                                   0.772055                 [0.7, 0.84]   
7                                   0.647390                [0.55, 0.74]   
8                                   0.539659                [0.44, 0.65]   
9                                   0.632684                [0.54, 0.73]   
10                                  0.203523                [0.13, 0.31]   
11                                  0.748362                [0.67, 0.82]   
12                                  0.736392                [0.66, 0.81]   
13                                  0.735899                [0.65, 0.81]   
14                                  0.651419                [0.56, 0.75]   
15                                  0.659357                [0.57, 0.75]   
16                                  0.644254                [0.55, 0.74]   
17                                  0.660036                [0.57, 0.75]   
18                                  0.750963                [0.67, 0.82]   
19                                  0.597878                  [0.5, 0.7]   
20                                  0.579164                [0.48, 0.69]   
21                                  0.583999                [0.48, 0.69]   
22                                  0.711979                [0.63, 0.79]   
23                                  0.646441                [0.55, 0.74]   
24                                  0.723193                 [0.64, 0.8]   
25                                  0.724295                 [0.64, 0.8]   
26                                  0.611672                [0.51, 0.71]   

    Transitivity Consistency Ratio (%)  
0                            45.283019  
1                            75.757576  
2                            48.000000  
3                            81.410256  
4                            73.248408  
5                            76.363636  
6                            75.151515  
7                            76.969697  
8                            42.372881  
9                            76.969697  
10                           36.842105  
11                           76.363636  
12                           75.641026  
13                           76.969697  
14                           77.575758  
15                           75.757576  
16                           78.181818  
17                           76.969697  
18                           76.363636  
19                           75.151515  
20                           78.181818  
21                           76.969697  
22                           74.545455  
23                           75.151515  
24                           77.575758  
25                           75.151515  
26                           76.969697  

Results have been saved to 'reliability_analysis.csv'
