Author
6       0.336361
3       1.206552
2       3.115385
7       4.908800
4       8.630698
10     11.698969
0      20.058651
1      57.636824
5      59.324035
8      74.900200
9     100.000000
Name: Score, dtype: float64

Results have been saved to 'pagerank_results_balanced.csv'
Combined Results:
                                          Subcategory  \
0                                     Topic Relevance   
1                    Comprehensiveness of Information   
2                             Accuracy of Information   
3                        Innovativeness of Viewpoints   
4       Integration of Interdisciplinary Perspectives   
5                        Clarity of Logical Structure   
6               Reasonableness of Chapter Arrangement   
7              Quality of Introduction and Conclusion   
8              Accuracy and Completeness of Citations   
9              Timeliness and Relevance of References   
10   Avoidance of Plagiarism and Appropriate Citation   
11             Critical Analysis of Existing Research   
12   Proposal of New Research Directions or Questions   
13                Potential Contribution to the Field   
14             Clarity of Research Method Description   
15                    Rationality of Method Selection   
16                           Rigor of Research Design   
17               Inclusion of Latest Research Results   
18            Reflection of Current Research Hotspots   
19                     Fluency of Language Expression   
20    Appropriateness of Professional Terminology Use   
21                          Conciseness of Expression   
22  Practical Application Potential of Research Re...   
23                Feasibility of Proposed Suggestions   
24                             Logic of Argumentation   
25                   Multi-angle Analysis of Problems   
26  Identification and Discussion of Research Limi...   

    ICC (Intraclass Correlation Coefficient) ICC 95% Confidence Interval  \
0                                   0.551997                [0.45, 0.66]   
1                                   0.830906                [0.77, 0.88]   
2                                   0.308826                [0.22, 0.43]   
3                                   0.636199                [0.54, 0.73]   
4                                   0.800219                [0.73, 0.86]   
5                                   0.776115                 [0.7, 0.84]   
6                                   0.749834                [0.67, 0.82]   
7                                   0.684292                [0.59, 0.77]   
8                                   0.447227                [0.35, 0.57]   
9                                   0.552972                [0.45, 0.66]   
10                                  0.135813                [0.07, 0.23]   
11                                  0.684118                [0.59, 0.77]   
12                                  0.533360                [0.43, 0.65]   
13                                  0.659982                [0.57, 0.75]   
14                                  0.659808                [0.57, 0.75]   
15                                  0.677975                [0.59, 0.77]   
16                                  0.657772                [0.56, 0.75]   
17                                  0.565403                [0.46, 0.67]   
18                                  0.663756                [0.57, 0.76]   
19                                  0.670870                [0.58, 0.76]   
20                                  0.647534                [0.55, 0.74]   
21                                  0.636962                [0.54, 0.73]   
22                                  0.678006                [0.59, 0.77]   
23                                  0.638094                [0.54, 0.74]   
24                                  0.684784                [0.59, 0.77]   
25                                  0.711659                [0.63, 0.79]   
26                                  0.660393                [0.57, 0.75]   

    Transitivity Consistency Ratio (%)  
0                            75.151515  
1                            78.787879  
2                            83.030303  
3                            72.727273  
4                            78.787879  
5                            77.575758  
6                            76.363636  
7                            77.575758  
8                            76.363636  
9                            76.363636  
10                           81.818182  
11                           72.121212  
12                           73.333333  
13                           74.545455  
14                           76.969697  
15                           76.969697  
16                           76.969697  
17                           74.545455  
18                           76.363636  
19                           76.363636  
20                           76.969697  
21                           77.575758  
22                           76.363636  
23                           73.939394  
24                           75.757576  
25                           77.575758  
26                           77.575758  

Results have been saved to 'reliability_analysis.csv'
Author
6       0.141506
3       0.834474
2       2.063773
7       5.386455
4       7.953208
10     12.343828
0      22.739391
5      52.495162
1      58.653783
8      72.763551
9     100.000000
Name: Score, dtype: float64

Results have been saved to 'pagerank_results_balanced.csv'
Combined Results:
                                          Subcategory  \
0                                     Topic Relevance   
1                    Comprehensiveness of Information   
2                             Accuracy of Information   
3                        Innovativeness of Viewpoints   
4       Integration of Interdisciplinary Perspectives   
5                        Clarity of Logical Structure   
6               Reasonableness of Chapter Arrangement   
7              Quality of Introduction and Conclusion   
8              Accuracy and Completeness of Citations   
9              Timeliness and Relevance of References   
10   Avoidance of Plagiarism and Appropriate Citation   
11             Critical Analysis of Existing Research   
12   Proposal of New Research Directions or Questions   
13                Potential Contribution to the Field   
14             Clarity of Research Method Description   
15                    Rationality of Method Selection   
16                           Rigor of Research Design   
17               Inclusion of Latest Research Results   
18            Reflection of Current Research Hotspots   
19                     Fluency of Language Expression   
20    Appropriateness of Professional Terminology Use   
21                          Conciseness of Expression   
22  Practical Application Potential of Research Re...   
23                Feasibility of Proposed Suggestions   
24                             Logic of Argumentation   
25                   Multi-angle Analysis of Problems   
26  Identification and Discussion of Research Limi...   

    ICC (Intraclass Correlation Coefficient) ICC 95% Confidence Interval  \
0                                   0.551997                [0.45, 0.66]   
1                                   0.830906                [0.77, 0.88]   
2                                   0.308826                [0.22, 0.43]   
3                                   0.636199                [0.54, 0.73]   
4                                   0.800219                [0.73, 0.86]   
5                                   0.776115                 [0.7, 0.84]   
6                                   0.749834                [0.67, 0.82]   
7                                   0.684292                [0.59, 0.77]   
8                                   0.447227                [0.35, 0.57]   
9                                   0.552972                [0.45, 0.66]   
10                                  0.135813                [0.07, 0.23]   
11                                  0.684118                [0.59, 0.77]   
12                                  0.533360                [0.43, 0.65]   
13                                  0.659982                [0.57, 0.75]   
14                                  0.659808                [0.57, 0.75]   
15                                  0.677975                [0.59, 0.77]   
16                                  0.657772                [0.56, 0.75]   
17                                  0.565403                [0.46, 0.67]   
18                                  0.663756                [0.57, 0.76]   
19                                  0.670870                [0.58, 0.76]   
20                                  0.647534                [0.55, 0.74]   
21                                  0.636962                [0.54, 0.73]   
22                                  0.678006                [0.59, 0.77]   
23                                  0.638094                [0.54, 0.74]   
24                                  0.684784                [0.59, 0.77]   
25                                  0.711659                [0.63, 0.79]   
26                                  0.660393                [0.57, 0.75]   

    Transitivity Consistency Ratio (%)  
0                            71.724138  
1                            78.787879  
2                            51.724138  
3                            71.875000  
4                            78.787879  
5                            76.282051  
6                            76.363636  
7                            77.575758  
8                            64.545455  
9                            76.363636  
10                           50.819672  
11                           70.512821  
12                           73.333333  
13                           74.545455  
14                           75.949367  
15                           76.969697  
16                           76.969697  
17                           74.545455  
18                           76.363636  
19                           76.363636  
20                           76.969697  
21                           77.575758  
22                           75.625000  
23                           73.939394  
24                           75.757576  
25                           77.575758  
26                           77.575758  

Results have been saved to 'reliability_analysis.csv'
Author
6       0.141506
3       0.834474
2       2.063773
7       5.386455
4       7.953208
10     12.343828
0      22.739391
5      52.495162
1      58.653783
8      72.763551
9     100.000000
Name: Score, dtype: float64

Results have been saved to 'pagerank_results_balanced.csv'
Combined Results:
                                          Subcategory  \
0                                     Topic Relevance   
1                    Comprehensiveness of Information   
2                             Accuracy of Information   
3                        Innovativeness of Viewpoints   
4       Integration of Interdisciplinary Perspectives   
5                        Clarity of Logical Structure   
6               Reasonableness of Chapter Arrangement   
7              Quality of Introduction and Conclusion   
8              Accuracy and Completeness of Citations   
9              Timeliness and Relevance of References   
10   Avoidance of Plagiarism and Appropriate Citation   
11             Critical Analysis of Existing Research   
12   Proposal of New Research Directions or Questions   
13                Potential Contribution to the Field   
14             Clarity of Research Method Description   
15                    Rationality of Method Selection   
16                           Rigor of Research Design   
17               Inclusion of Latest Research Results   
18            Reflection of Current Research Hotspots   
19                     Fluency of Language Expression   
20    Appropriateness of Professional Terminology Use   
21                          Conciseness of Expression   
22  Practical Application Potential of Research Re...   
23                Feasibility of Proposed Suggestions   
24                             Logic of Argumentation   
25                   Multi-angle Analysis of Problems   
26  Identification and Discussion of Research Limi...   

    ICC (Intraclass Correlation Coefficient) ICC 95% Confidence Interval  \
0                                   0.551997                [0.45, 0.66]   
1                                   0.830906                [0.77, 0.88]   
2                                   0.308826                [0.22, 0.43]   
3                                   0.636199                [0.54, 0.73]   
4                                   0.800219                [0.73, 0.86]   
5                                   0.776115                 [0.7, 0.84]   
6                                   0.749834                [0.67, 0.82]   
7                                   0.684292                [0.59, 0.77]   
8                                   0.447227                [0.35, 0.57]   
9                                   0.552972                [0.45, 0.66]   
10                                  0.135813                [0.07, 0.23]   
11                                  0.684118                [0.59, 0.77]   
12                                  0.533360                [0.43, 0.65]   
13                                  0.659982                [0.57, 0.75]   
14                                  0.659808                [0.57, 0.75]   
15                                  0.677975                [0.59, 0.77]   
16                                  0.657772                [0.56, 0.75]   
17                                  0.565403                [0.46, 0.67]   
18                                  0.663756                [0.57, 0.76]   
19                                  0.670870                [0.58, 0.76]   
20                                  0.647534                [0.55, 0.74]   
21                                  0.636962                [0.54, 0.73]   
22                                  0.678006                [0.59, 0.77]   
23                                  0.638094                [0.54, 0.74]   
24                                  0.684784                [0.59, 0.77]   
25                                  0.711659                [0.63, 0.79]   
26                                  0.660393                [0.57, 0.75]   

    Transitivity Consistency Ratio (%)  
0                            71.724138  
1                            78.787879  
2                            51.724138  
3                            71.875000  
4                            78.787879  
5                            76.282051  
6                            76.363636  
7                            77.575758  
8                            64.545455  
9                            76.363636  
10                           50.819672  
11                           70.512821  
12                           73.333333  
13                           74.545455  
14                           75.949367  
15                           76.969697  
16                           76.969697  
17                           74.545455  
18                           76.363636  
19                           76.363636  
20                           76.969697  
21                           77.575758  
22                           75.625000  
23                           73.939394  
24                           75.757576  
25                           77.575758  
26                           77.575758  

Results have been saved to 'reliability_analysis.csv'
