Author
8      2.785970
1      6.824463
10     9.071855
4     48.103620
7     53.293261
5     61.909031
6     74.153349
2     78.135828
9     83.655783
3     86.591438
0     86.656779
Name: Score, dtype: float64

Results have been saved to 'pagerank_results_balanced.csv'
Combined Results:
                                          Subcategory  \
0                                     Topic Relevance   
1                    Comprehensiveness of Information   
2                             Accuracy of Information   
3                        Innovativeness of Viewpoints   
4       Integration of Interdisciplinary Perspectives   
5                        Clarity of Logical Structure   
6               Reasonableness of Chapter Arrangement   
7              Quality of Introduction and Conclusion   
8              Accuracy and Completeness of Citations   
9              Timeliness and Relevance of References   
10   Avoidance of Plagiarism and Appropriate Citation   
11             Critical Analysis of Existing Research   
12   Proposal of New Research Directions or Questions   
13                Potential Contribution to the Field   
14             Clarity of Research Method Description   
15                    Rationality of Method Selection   
16                           Rigor of Research Design   
17               Inclusion of Latest Research Results   
18            Reflection of Current Research Hotspots   
19                     Fluency of Language Expression   
20    Appropriateness of Professional Terminology Use   
21                          Conciseness of Expression   
22  Practical Application Potential of Research Re...   
23                Feasibility of Proposed Suggestions   
24                             Logic of Argumentation   
25                   Multi-angle Analysis of Problems   
26  Identification and Discussion of Research Limi...   

    ICC (Intraclass Correlation Coefficient) ICC 95% Confidence Interval  \
0                                   0.473779                [0.37, 0.59]   
1                                   0.791518                [0.72, 0.86]   
2                                   0.269988                [0.18, 0.38]   
3                                   0.582117                [0.48, 0.69]   
4                                   0.716349                 [0.63, 0.8]   
5                                   0.769638                [0.69, 0.84]   
6                                   0.762067                [0.69, 0.83]   
7                                   0.533522                [0.43, 0.65]   
8                                   0.622026                [0.53, 0.72]   
9                                   0.656852                [0.56, 0.75]   
10                                  0.292780                 [0.2, 0.41]   
11                                  0.574766                [0.47, 0.68]   
12                                  0.529619                [0.43, 0.64]   
13                                  0.596429                  [0.5, 0.7]   
14                                  0.715467                 [0.63, 0.8]   
15                                  0.704483                [0.62, 0.79]   
16                                  0.693289                [0.61, 0.78]   
17                                  0.646060                [0.55, 0.74]   
18                                  0.620129                [0.52, 0.72]   
19                                  0.647694                [0.55, 0.74]   
20                                  0.710045                [0.62, 0.79]   
21                                  0.605214                [0.51, 0.71]   
22                                  0.593809                 [0.49, 0.7]   
23                                  0.541684                [0.44, 0.65]   
24                                  0.660368                [0.57, 0.75]   
25                                  0.696107                [0.61, 0.78]   
26                                  0.529424                [0.43, 0.64]   

    Transitivity Consistency Ratio (%)  
0                            81.212121  
1                            86.666667  
2                            85.454545  
3                            84.848485  
4                            80.000000  
5                            78.787879  
6                            81.212121  
7                            76.363636  
8                            82.424242  
9                            84.242424  
10                           84.242424  
11                           84.242424  
12                           78.181818  
13                           78.181818  
14                           83.030303  
15                           83.636364  
16                           83.030303  
17                           84.242424  
18                           80.606061  
19                           77.575758  
20                           81.818182  
21                           78.181818  
22                           81.212121  
23                           83.636364  
24                           75.151515  
25                           78.787879  
26                           78.181818  

Results have been saved to 'reliability_analysis.csv'
Author
10     1.105138
8      1.900400
1      3.682853
4     48.455044
7     56.810928
5     64.133068
6     79.086808
2     82.523948
9     91.149139
0     92.361168
3     93.400683
Name: Score, dtype: float64

Results have been saved to 'pagerank_results_balanced.csv'
Combined Results:
                                          Subcategory  \
0                                     Topic Relevance   
1                    Comprehensiveness of Information   
2                             Accuracy of Information   
3                        Innovativeness of Viewpoints   
4       Integration of Interdisciplinary Perspectives   
5                        Clarity of Logical Structure   
6               Reasonableness of Chapter Arrangement   
7              Quality of Introduction and Conclusion   
8              Accuracy and Completeness of Citations   
9              Timeliness and Relevance of References   
10   Avoidance of Plagiarism and Appropriate Citation   
11             Critical Analysis of Existing Research   
12   Proposal of New Research Directions or Questions   
13                Potential Contribution to the Field   
14             Clarity of Research Method Description   
15                    Rationality of Method Selection   
16                           Rigor of Research Design   
17               Inclusion of Latest Research Results   
18            Reflection of Current Research Hotspots   
19                     Fluency of Language Expression   
20    Appropriateness of Professional Terminology Use   
21                          Conciseness of Expression   
22  Practical Application Potential of Research Re...   
23                Feasibility of Proposed Suggestions   
24                             Logic of Argumentation   
25                   Multi-angle Analysis of Problems   
26  Identification and Discussion of Research Limi...   

    ICC (Intraclass Correlation Coefficient) ICC 95% Confidence Interval  \
0                                   0.473779                [0.37, 0.59]   
1                                   0.791518                [0.72, 0.86]   
2                                   0.269988                [0.18, 0.38]   
3                                   0.582117                [0.48, 0.69]   
4                                   0.716349                 [0.63, 0.8]   
5                                   0.769638                [0.69, 0.84]   
6                                   0.762067                [0.69, 0.83]   
7                                   0.533522                [0.43, 0.65]   
8                                   0.622026                [0.53, 0.72]   
9                                   0.656852                [0.56, 0.75]   
10                                  0.292780                 [0.2, 0.41]   
11                                  0.574766                [0.47, 0.68]   
12                                  0.529619                [0.43, 0.64]   
13                                  0.596429                  [0.5, 0.7]   
14                                  0.715467                 [0.63, 0.8]   
15                                  0.704483                [0.62, 0.79]   
16                                  0.693289                [0.61, 0.78]   
17                                  0.646060                [0.55, 0.74]   
18                                  0.620129                [0.52, 0.72]   
19                                  0.647694                [0.55, 0.74]   
20                                  0.710045                [0.62, 0.79]   
21                                  0.605214                [0.51, 0.71]   
22                                  0.593809                 [0.49, 0.7]   
23                                  0.541684                [0.44, 0.65]   
24                                  0.660368                [0.57, 0.75]   
25                                  0.696107                [0.61, 0.78]   
26                                  0.529424                [0.43, 0.64]   

    Transitivity Consistency Ratio (%)  
0                            71.296296  
1                            86.666667  
2                            52.941176  
3                            84.848485  
4                            80.000000  
5                            78.787879  
6                            81.212121  
7                            76.363636  
8                            73.148148  
9                            84.242424  
10                           50.943396  
11                           84.242424  
12                           77.500000  
13                           78.181818  
14                           83.030303  
15                           83.636364  
16                           83.030303  
17                           84.242424  
18                           80.606061  
19                           76.433121  
20                           81.818182  
21                           76.000000  
22                           81.212121  
23                           83.636364  
24                           75.151515  
25                           78.787879  
26                           78.181818  

Results have been saved to 'reliability_analysis.csv'
Author
10     1.105138
8      1.900400
1      3.682853
4     48.455044
7     56.810928
5     64.133068
6     79.086808
2     82.523948
9     91.149139
0     92.361168
3     93.400683
Name: Score, dtype: float64

Results have been saved to 'pagerank_results_balanced.csv'
Combined Results:
                                          Subcategory  \
0                                     Topic Relevance   
1                    Comprehensiveness of Information   
2                             Accuracy of Information   
3                        Innovativeness of Viewpoints   
4       Integration of Interdisciplinary Perspectives   
5                        Clarity of Logical Structure   
6               Reasonableness of Chapter Arrangement   
7              Quality of Introduction and Conclusion   
8              Accuracy and Completeness of Citations   
9              Timeliness and Relevance of References   
10   Avoidance of Plagiarism and Appropriate Citation   
11             Critical Analysis of Existing Research   
12   Proposal of New Research Directions or Questions   
13                Potential Contribution to the Field   
14             Clarity of Research Method Description   
15                    Rationality of Method Selection   
16                           Rigor of Research Design   
17               Inclusion of Latest Research Results   
18            Reflection of Current Research Hotspots   
19                     Fluency of Language Expression   
20    Appropriateness of Professional Terminology Use   
21                          Conciseness of Expression   
22  Practical Application Potential of Research Re...   
23                Feasibility of Proposed Suggestions   
24                             Logic of Argumentation   
25                   Multi-angle Analysis of Problems   
26  Identification and Discussion of Research Limi...   

    ICC (Intraclass Correlation Coefficient) ICC 95% Confidence Interval  \
0                                   0.473779                [0.37, 0.59]   
1                                   0.791518                [0.72, 0.86]   
2                                   0.269988                [0.18, 0.38]   
3                                   0.582117                [0.48, 0.69]   
4                                   0.716349                 [0.63, 0.8]   
5                                   0.769638                [0.69, 0.84]   
6                                   0.762067                [0.69, 0.83]   
7                                   0.533522                [0.43, 0.65]   
8                                   0.622026                [0.53, 0.72]   
9                                   0.656852                [0.56, 0.75]   
10                                  0.292780                 [0.2, 0.41]   
11                                  0.574766                [0.47, 0.68]   
12                                  0.529619                [0.43, 0.64]   
13                                  0.596429                  [0.5, 0.7]   
14                                  0.715467                 [0.63, 0.8]   
15                                  0.704483                [0.62, 0.79]   
16                                  0.693289                [0.61, 0.78]   
17                                  0.646060                [0.55, 0.74]   
18                                  0.620129                [0.52, 0.72]   
19                                  0.647694                [0.55, 0.74]   
20                                  0.710045                [0.62, 0.79]   
21                                  0.605214                [0.51, 0.71]   
22                                  0.593809                 [0.49, 0.7]   
23                                  0.541684                [0.44, 0.65]   
24                                  0.660368                [0.57, 0.75]   
25                                  0.696107                [0.61, 0.78]   
26                                  0.529424                [0.43, 0.64]   

    Transitivity Consistency Ratio (%)  
0                            71.296296  
1                            86.666667  
2                            52.941176  
3                            84.848485  
4                            80.000000  
5                            78.787879  
6                            81.212121  
7                            76.363636  
8                            73.148148  
9                            84.242424  
10                           50.943396  
11                           84.242424  
12                           77.500000  
13                           78.181818  
14                           83.030303  
15                           83.636364  
16                           83.030303  
17                           84.242424  
18                           80.606061  
19                           76.433121  
20                           81.818182  
21                           76.000000  
22                           81.212121  
23                           83.636364  
24                           75.151515  
25                           78.787879  
26                           78.181818  

Results have been saved to 'reliability_analysis.csv'
