Author
3       0.531136
0       1.329955
5       2.562512
2       3.434256
6      10.852138
10     22.830478
7      28.115873
1      53.088435
4      61.318241
8      91.609953
9     100.000000
Name: Score, dtype: float64

Results have been saved to 'pagerank_results_balanced.csv'
Combined Results:
                                          Subcategory  \
0                                     Topic Relevance   
1                    Comprehensiveness of Information   
2                             Accuracy of Information   
3                        Innovativeness of Viewpoints   
4       Integration of Interdisciplinary Perspectives   
5                        Clarity of Logical Structure   
6               Reasonableness of Chapter Arrangement   
7              Quality of Introduction and Conclusion   
8              Accuracy and Completeness of Citations   
9              Timeliness and Relevance of References   
10   Avoidance of Plagiarism and Appropriate Citation   
11             Critical Analysis of Existing Research   
12   Proposal of New Research Directions or Questions   
13                Potential Contribution to the Field   
14             Clarity of Research Method Description   
15                    Rationality of Method Selection   
16                           Rigor of Research Design   
17               Inclusion of Latest Research Results   
18            Reflection of Current Research Hotspots   
19                     Fluency of Language Expression   
20    Appropriateness of Professional Terminology Use   
21                          Conciseness of Expression   
22  Practical Application Potential of Research Re...   
23                Feasibility of Proposed Suggestions   
24                             Logic of Argumentation   
25                   Multi-angle Analysis of Problems   
26  Identification and Discussion of Research Limi...   

    ICC (Intraclass Correlation Coefficient) ICC 95% Confidence Interval  \
0                                   0.594519                 [0.49, 0.7]   
1                                   0.751105                [0.67, 0.83]   
2                                   0.478579                 [0.37, 0.6]   
3                                   0.723261                 [0.64, 0.8]   
4                                   0.704484                [0.61, 0.79]   
5                                   0.695310                [0.61, 0.78]   
6                                   0.696209                [0.61, 0.78]   
7                                   0.701822                [0.62, 0.79]   
8                                   0.378851                 [0.28, 0.5]   
9                                   0.699555                [0.61, 0.78]   
10                                  0.384131                 [0.29, 0.5]   
11                                  0.723470                 [0.64, 0.8]   
12                                  0.688364                 [0.6, 0.78]   
13                                  0.727665                [0.64, 0.81]   
14                                  0.693469                [0.61, 0.78]   
15                                  0.717641                 [0.63, 0.8]   
16                                  0.705080                [0.62, 0.79]   
17                                  0.710416                [0.63, 0.79]   
18                                  0.714275                 [0.63, 0.8]   
19                                  0.660310                [0.57, 0.75]   
20                                  0.632036                [0.54, 0.73]   
21                                  0.654297                [0.56, 0.75]   
22                                  0.711488                [0.63, 0.79]   
23                                  0.700918                [0.61, 0.79]   
24                                  0.702267                [0.61, 0.79]   
25                                  0.709333                [0.62, 0.79]   
26                                  0.701115                [0.61, 0.79]   

    Transitivity Consistency Ratio (%)  
0                            81.818182  
1                            80.000000  
2                            83.636364  
3                            80.000000  
4                            78.787879  
5                            81.818182  
6                            81.818182  
7                            81.818182  
8                            83.030303  
9                            80.000000  
10                           81.212121  
11                           80.000000  
12                           80.000000  
13                           80.000000  
14                           80.000000  
15                           80.000000  
16                           80.000000  
17                           80.000000  
18                           80.000000  
19                           81.818182  
20                           78.787879  
21                           83.030303  
22                           78.787879  
23                           78.787879  
24                           80.000000  
25                           78.787879  
26                           80.000000  

Results have been saved to 'reliability_analysis.csv'
Author
10      0.197428
3      17.638826
0      20.482957
5      26.871216
2      31.680238
6      50.295745
7      60.325000
1      78.994071
4      81.731279
8      95.737312
9     100.000000
Name: Score, dtype: float64

Results have been saved to 'pagerank_results_balanced.csv'
Combined Results:
                                          Subcategory  \
0                                     Topic Relevance   
1                    Comprehensiveness of Information   
2                             Accuracy of Information   
3                        Innovativeness of Viewpoints   
4       Integration of Interdisciplinary Perspectives   
5                        Clarity of Logical Structure   
6               Reasonableness of Chapter Arrangement   
7              Quality of Introduction and Conclusion   
8              Accuracy and Completeness of Citations   
9              Timeliness and Relevance of References   
10   Avoidance of Plagiarism and Appropriate Citation   
11             Critical Analysis of Existing Research   
12   Proposal of New Research Directions or Questions   
13                Potential Contribution to the Field   
14             Clarity of Research Method Description   
15                    Rationality of Method Selection   
16                           Rigor of Research Design   
17               Inclusion of Latest Research Results   
18            Reflection of Current Research Hotspots   
19                     Fluency of Language Expression   
20    Appropriateness of Professional Terminology Use   
21                          Conciseness of Expression   
22  Practical Application Potential of Research Re...   
23                Feasibility of Proposed Suggestions   
24                             Logic of Argumentation   
25                   Multi-angle Analysis of Problems   
26  Identification and Discussion of Research Limi...   

    ICC (Intraclass Correlation Coefficient) ICC 95% Confidence Interval  \
0                                   0.673270                [0.57, 0.77]   
1                                   0.836012                [0.77, 0.89]   
2                                   0.565035                [0.46, 0.68]   
3                                   0.803529                [0.73, 0.87]   
4                                   0.798284                [0.73, 0.86]   
5                                   0.766127                [0.69, 0.84]   
6                                   0.760591                [0.68, 0.83]   
7                                   0.764000                [0.69, 0.83]   
8                                   0.632199                [0.54, 0.73]   
9                                   0.708116                [0.62, 0.79]   
10                                  0.442802                [0.34, 0.56]   
11                                  0.804520                [0.73, 0.87]   
12                                  0.796165                [0.73, 0.86]   
13                                  0.795909                [0.72, 0.86]   
14                                  0.726192                [0.64, 0.81]   
15                                  0.742434                [0.66, 0.82]   
16                                  0.737386                [0.65, 0.82]   
17                                  0.722919                 [0.64, 0.8]   
18                                  0.801046                [0.73, 0.86]   
19                                  0.681789                [0.59, 0.77]   
20                                  0.685787                 [0.6, 0.77]   
21                                  0.623550                [0.53, 0.72]   
22                                  0.761204                [0.68, 0.83]   
23                                  0.745966                [0.66, 0.82]   
24                                  0.785296                [0.71, 0.85]   
25                                  0.788385                [0.72, 0.85]   
26                                  0.734786                [0.65, 0.81]   

    Transitivity Consistency Ratio (%)  
0                            83.030303  
1                            81.212121  
2                            81.818182  
3                            81.212121  
4                            81.212121  
5                            81.212121  
6                            81.212121  
7                            81.212121  
8                            81.212121  
9                            81.212121  
10                           81.818182  
11                           81.212121  
12                           81.212121  
13                           81.212121  
14                           81.212121  
15                           81.212121  
16                           81.212121  
17                           81.212121  
18                           81.212121  
19                           81.212121  
20                           81.212121  
21                           80.606061  
22                           81.212121  
23                           81.212121  
24                           81.212121  
25                           81.212121  
26                           81.212121  

Results have been saved to 'reliability_analysis.csv'
Author
10      0.197428
3      17.638826
0      20.482957
5      26.871216
2      31.680238
6      50.295745
7      60.325000
1      78.994071
4      81.731279
8      95.737312
9     100.000000
Name: Score, dtype: float64

Results have been saved to 'pagerank_results_balanced.csv'
Combined Results:
                                          Subcategory  \
0                                     Topic Relevance   
1                    Comprehensiveness of Information   
2                             Accuracy of Information   
3                        Innovativeness of Viewpoints   
4       Integration of Interdisciplinary Perspectives   
5                        Clarity of Logical Structure   
6               Reasonableness of Chapter Arrangement   
7              Quality of Introduction and Conclusion   
8              Accuracy and Completeness of Citations   
9              Timeliness and Relevance of References   
10   Avoidance of Plagiarism and Appropriate Citation   
11             Critical Analysis of Existing Research   
12   Proposal of New Research Directions or Questions   
13                Potential Contribution to the Field   
14             Clarity of Research Method Description   
15                    Rationality of Method Selection   
16                           Rigor of Research Design   
17               Inclusion of Latest Research Results   
18            Reflection of Current Research Hotspots   
19                     Fluency of Language Expression   
20    Appropriateness of Professional Terminology Use   
21                          Conciseness of Expression   
22  Practical Application Potential of Research Re...   
23                Feasibility of Proposed Suggestions   
24                             Logic of Argumentation   
25                   Multi-angle Analysis of Problems   
26  Identification and Discussion of Research Limi...   

    ICC (Intraclass Correlation Coefficient) ICC 95% Confidence Interval  \
0                                   0.673270                [0.57, 0.77]   
1                                   0.836012                [0.77, 0.89]   
2                                   0.565035                [0.46, 0.68]   
3                                   0.803529                [0.73, 0.87]   
4                                   0.798284                [0.73, 0.86]   
5                                   0.766127                [0.69, 0.84]   
6                                   0.760591                [0.68, 0.83]   
7                                   0.764000                [0.69, 0.83]   
8                                   0.632199                [0.54, 0.73]   
9                                   0.708116                [0.62, 0.79]   
10                                  0.442802                [0.34, 0.56]   
11                                  0.804520                [0.73, 0.87]   
12                                  0.796165                [0.73, 0.86]   
13                                  0.795909                [0.72, 0.86]   
14                                  0.726192                [0.64, 0.81]   
15                                  0.742434                [0.66, 0.82]   
16                                  0.737386                [0.65, 0.82]   
17                                  0.722919                 [0.64, 0.8]   
18                                  0.801046                [0.73, 0.86]   
19                                  0.681789                [0.59, 0.77]   
20                                  0.685787                 [0.6, 0.77]   
21                                  0.623550                [0.53, 0.72]   
22                                  0.761204                [0.68, 0.83]   
23                                  0.745966                [0.66, 0.82]   
24                                  0.785296                [0.71, 0.85]   
25                                  0.788385                [0.72, 0.85]   
26                                  0.734786                [0.65, 0.81]   

    Transitivity Consistency Ratio (%)  
0                            83.030303  
1                            81.212121  
2                            81.818182  
3                            81.212121  
4                            81.212121  
5                            81.212121  
6                            81.212121  
7                            81.212121  
8                            81.212121  
9                            81.212121  
10                           81.818182  
11                           81.212121  
12                           81.212121  
13                           81.212121  
14                           81.212121  
15                           81.212121  
16                           81.212121  
17                           81.212121  
18                           81.212121  
19                           81.212121  
20                           81.212121  
21                           80.606061  
22                           81.212121  
23                           81.212121  
24                           81.212121  
25                           81.212121  
26                           81.212121  

Results have been saved to 'reliability_analysis.csv'
Author
10      0.125802
3      13.800877
0      16.784188
5      22.928481
2      26.707311
6      48.099800
7      58.860210
1      82.378323
4      84.120691
8      96.712279
9     100.000000
Name: Score, dtype: float64

Results have been saved to 'pagerank_results_balanced.csv'
Combined Results:
                                          Subcategory  \
0                                     Topic Relevance   
1                    Comprehensiveness of Information   
2                             Accuracy of Information   
3                        Innovativeness of Viewpoints   
4       Integration of Interdisciplinary Perspectives   
5                        Clarity of Logical Structure   
6               Reasonableness of Chapter Arrangement   
7              Quality of Introduction and Conclusion   
8              Accuracy and Completeness of Citations   
9              Timeliness and Relevance of References   
10   Avoidance of Plagiarism and Appropriate Citation   
11             Critical Analysis of Existing Research   
12   Proposal of New Research Directions or Questions   
13                Potential Contribution to the Field   
14             Clarity of Research Method Description   
15                    Rationality of Method Selection   
16                           Rigor of Research Design   
17               Inclusion of Latest Research Results   
18            Reflection of Current Research Hotspots   
19                     Fluency of Language Expression   
20    Appropriateness of Professional Terminology Use   
21                          Conciseness of Expression   
22  Practical Application Potential of Research Re...   
23                Feasibility of Proposed Suggestions   
24                             Logic of Argumentation   
25                   Multi-angle Analysis of Problems   
26  Identification and Discussion of Research Limi...   

    ICC (Intraclass Correlation Coefficient) ICC 95% Confidence Interval  \
0                                   0.673270                [0.57, 0.77]   
1                                   0.836012                [0.77, 0.89]   
2                                   0.565035                [0.46, 0.68]   
3                                   0.803529                [0.73, 0.87]   
4                                   0.798284                [0.73, 0.86]   
5                                   0.766127                [0.69, 0.84]   
6                                   0.760591                [0.68, 0.83]   
7                                   0.764000                [0.69, 0.83]   
8                                   0.632199                [0.54, 0.73]   
9                                   0.708116                [0.62, 0.79]   
10                                  0.442802                [0.34, 0.56]   
11                                  0.804520                [0.73, 0.87]   
12                                  0.796165                [0.73, 0.86]   
13                                  0.795909                [0.72, 0.86]   
14                                  0.726192                [0.64, 0.81]   
15                                  0.742434                [0.66, 0.82]   
16                                  0.737386                [0.65, 0.82]   
17                                  0.722919                 [0.64, 0.8]   
18                                  0.801046                [0.73, 0.86]   
19                                  0.681789                [0.59, 0.77]   
20                                  0.685787                 [0.6, 0.77]   
21                                  0.623550                [0.53, 0.72]   
22                                  0.761204                [0.68, 0.83]   
23                                  0.745966                [0.66, 0.82]   
24                                  0.785296                [0.71, 0.85]   
25                                  0.788385                [0.72, 0.85]   
26                                  0.734786                [0.65, 0.81]   

    Transitivity Consistency Ratio (%)  
0                            80.689655  
1                            81.212121  
2                            68.421053  
3                            81.212121  
4                            81.212121  
5                            81.212121  
6                            81.212121  
7                            81.212121  
8                            65.555556  
9                            81.212121  
10                           68.421053  
11                           81.212121  
12                           81.212121  
13                           81.212121  
14                           81.212121  
15                           81.212121  
16                           81.212121  
17                           81.212121  
18                           81.212121  
19                           81.212121  
20                           81.212121  
21                           80.606061  
22                           81.212121  
23                           81.212121  
24                           81.212121  
25                           81.212121  
26                           81.212121  

Results have been saved to 'reliability_analysis.csv'
Author
10      0.125802
3      13.800877
0      16.784188
5      22.928481
2      26.707311
6      48.099800
7      58.860210
1      82.378323
4      84.120691
8      96.712279
9     100.000000
Name: Score, dtype: float64

Results have been saved to 'pagerank_results_balanced.csv'
Combined Results:
                                          Subcategory  \
0                                     Topic Relevance   
1                    Comprehensiveness of Information   
2                             Accuracy of Information   
3                        Innovativeness of Viewpoints   
4       Integration of Interdisciplinary Perspectives   
5                        Clarity of Logical Structure   
6               Reasonableness of Chapter Arrangement   
7              Quality of Introduction and Conclusion   
8              Accuracy and Completeness of Citations   
9              Timeliness and Relevance of References   
10   Avoidance of Plagiarism and Appropriate Citation   
11             Critical Analysis of Existing Research   
12   Proposal of New Research Directions or Questions   
13                Potential Contribution to the Field   
14             Clarity of Research Method Description   
15                    Rationality of Method Selection   
16                           Rigor of Research Design   
17               Inclusion of Latest Research Results   
18            Reflection of Current Research Hotspots   
19                     Fluency of Language Expression   
20    Appropriateness of Professional Terminology Use   
21                          Conciseness of Expression   
22  Practical Application Potential of Research Re...   
23                Feasibility of Proposed Suggestions   
24                             Logic of Argumentation   
25                   Multi-angle Analysis of Problems   
26  Identification and Discussion of Research Limi...   

    ICC (Intraclass Correlation Coefficient) ICC 95% Confidence Interval  \
0                                   0.673270                [0.57, 0.77]   
1                                   0.836012                [0.77, 0.89]   
2                                   0.565035                [0.46, 0.68]   
3                                   0.803529                [0.73, 0.87]   
4                                   0.798284                [0.73, 0.86]   
5                                   0.766127                [0.69, 0.84]   
6                                   0.760591                [0.68, 0.83]   
7                                   0.764000                [0.69, 0.83]   
8                                   0.632199                [0.54, 0.73]   
9                                   0.708116                [0.62, 0.79]   
10                                  0.442802                [0.34, 0.56]   
11                                  0.804520                [0.73, 0.87]   
12                                  0.796165                [0.73, 0.86]   
13                                  0.795909                [0.72, 0.86]   
14                                  0.726192                [0.64, 0.81]   
15                                  0.742434                [0.66, 0.82]   
16                                  0.737386                [0.65, 0.82]   
17                                  0.722919                 [0.64, 0.8]   
18                                  0.801046                [0.73, 0.86]   
19                                  0.681789                [0.59, 0.77]   
20                                  0.685787                 [0.6, 0.77]   
21                                  0.623550                [0.53, 0.72]   
22                                  0.761204                [0.68, 0.83]   
23                                  0.745966                [0.66, 0.82]   
24                                  0.785296                [0.71, 0.85]   
25                                  0.788385                [0.72, 0.85]   
26                                  0.734786                [0.65, 0.81]   

    Transitivity Consistency Ratio (%)  
0                            80.689655  
1                            81.212121  
2                            68.421053  
3                            81.212121  
4                            81.212121  
5                            81.212121  
6                            81.212121  
7                            81.212121  
8                            65.555556  
9                            81.212121  
10                           68.421053  
11                           81.212121  
12                           81.212121  
13                           81.212121  
14                           81.212121  
15                           81.212121  
16                           81.212121  
17                           81.212121  
18                           81.212121  
19                           81.212121  
20                           81.212121  
21                           80.606061  
22                           81.212121  
23                           81.212121  
24                           81.212121  
25                           81.212121  
26                           81.212121  

Results have been saved to 'reliability_analysis.csv'
