Author
10     1.060865
0      1.204797
5      1.704998
2      3.724116
3     19.983351
6     20.379669
8     27.760818
1     28.499038
4     77.187043
7     82.068469
9     99.620727
Name: Score, dtype: float64

Results have been saved to 'pagerank_results_balanced.csv'
Combined Results:
                                          Subcategory  \
0                                     Topic Relevance   
1                    Comprehensiveness of Information   
2                             Accuracy of Information   
3                        Innovativeness of Viewpoints   
4       Integration of Interdisciplinary Perspectives   
5                        Clarity of Logical Structure   
6               Reasonableness of Chapter Arrangement   
7              Quality of Introduction and Conclusion   
8              Accuracy and Completeness of Citations   
9              Timeliness and Relevance of References   
10   Avoidance of Plagiarism and Appropriate Citation   
11             Critical Analysis of Existing Research   
12   Proposal of New Research Directions or Questions   
13                Potential Contribution to the Field   
14             Clarity of Research Method Description   
15                    Rationality of Method Selection   
16                           Rigor of Research Design   
17               Inclusion of Latest Research Results   
18            Reflection of Current Research Hotspots   
19                     Fluency of Language Expression   
20    Appropriateness of Professional Terminology Use   
21                          Conciseness of Expression   
22  Practical Application Potential of Research Re...   
23                Feasibility of Proposed Suggestions   
24                             Logic of Argumentation   
25                   Multi-angle Analysis of Problems   
26  Identification and Discussion of Research Limi...   

    ICC (Intraclass Correlation Coefficient) ICC 95% Confidence Interval  \
0                                   0.363950                [0.27, 0.48]   
1                                   0.679037                [0.59, 0.77]   
2                                   0.236954                [0.16, 0.35]   
3                                   0.505065                 [0.4, 0.62]   
4                                   0.614321                [0.52, 0.72]   
5                                   0.593875                  [0.5, 0.7]   
6                                   0.587960                [0.49, 0.69]   
7                                   0.542679                [0.44, 0.65]   
8                                   0.478435                [0.38, 0.59]   
9                                   0.505173                 [0.4, 0.62]   
10                                  0.204760                [0.13, 0.31]   
11                                  0.617374                [0.52, 0.72]   
12                                  0.416759                [0.32, 0.54]   
13                                  0.591718                 [0.49, 0.7]   
14                                  0.580715                [0.48, 0.69]   
15                                  0.583235                [0.48, 0.69]   
16                                  0.585650                [0.49, 0.69]   
17                                  0.512558                [0.41, 0.63]   
18                                  0.538189                [0.44, 0.65]   
19                                  0.574983                [0.48, 0.68]   
20                                  0.492292                [0.39, 0.61]   
21                                  0.503018                 [0.4, 0.62]   
22                                  0.588164                [0.49, 0.69]   
23                                  0.521521                [0.42, 0.63]   
24                                  0.597373                  [0.5, 0.7]   
25                                  0.605607                [0.51, 0.71]   
26                                  0.589657                [0.49, 0.69]   

    Transitivity Consistency Ratio (%)  
0                            77.575758  
1                            79.393939  
2                            81.818182  
3                            74.545455  
4                            79.393939  
5                            74.545455  
6                            73.939394  
7                            73.333333  
8                            86.666667  
9                            84.242424  
10                           79.393939  
11                           76.363636  
12                           74.545455  
13                           76.363636  
14                           75.757576  
15                           74.545455  
16                           75.757576  
17                           84.242424  
18                           78.787879  
19                           74.545455  
20                           75.757576  
21                           74.545455  
22                           76.363636  
23                           73.939394  
24                           75.757576  
25                           75.151515  
26                           75.151515  

Results have been saved to 'reliability_analysis.csv'
Author
10     0.445362
0      0.953923
5      2.421012
2      5.532734
6     17.442399
3     18.439744
1     24.353394
8     28.791272
4     77.149599
7     80.691567
9     99.570429
Name: Score, dtype: float64

Results have been saved to 'pagerank_results_balanced.csv'
Combined Results:
                                          Subcategory  \
0                                     Topic Relevance   
1                    Comprehensiveness of Information   
2                             Accuracy of Information   
3                        Innovativeness of Viewpoints   
4       Integration of Interdisciplinary Perspectives   
5                        Clarity of Logical Structure   
6               Reasonableness of Chapter Arrangement   
7              Quality of Introduction and Conclusion   
8              Accuracy and Completeness of Citations   
9              Timeliness and Relevance of References   
10   Avoidance of Plagiarism and Appropriate Citation   
11             Critical Analysis of Existing Research   
12   Proposal of New Research Directions or Questions   
13                Potential Contribution to the Field   
14             Clarity of Research Method Description   
15                    Rationality of Method Selection   
16                           Rigor of Research Design   
17               Inclusion of Latest Research Results   
18            Reflection of Current Research Hotspots   
19                     Fluency of Language Expression   
20    Appropriateness of Professional Terminology Use   
21                          Conciseness of Expression   
22  Practical Application Potential of Research Re...   
23                Feasibility of Proposed Suggestions   
24                             Logic of Argumentation   
25                   Multi-angle Analysis of Problems   
26  Identification and Discussion of Research Limi...   

    ICC (Intraclass Correlation Coefficient) ICC 95% Confidence Interval  \
0                                   0.363950                [0.27, 0.48]   
1                                   0.679037                [0.59, 0.77]   
2                                   0.236954                [0.16, 0.35]   
3                                   0.505065                 [0.4, 0.62]   
4                                   0.614321                [0.52, 0.72]   
5                                   0.593875                  [0.5, 0.7]   
6                                   0.587960                [0.49, 0.69]   
7                                   0.542679                [0.44, 0.65]   
8                                   0.478435                [0.38, 0.59]   
9                                   0.505173                 [0.4, 0.62]   
10                                  0.204760                [0.13, 0.31]   
11                                  0.617374                [0.52, 0.72]   
12                                  0.416759                [0.32, 0.54]   
13                                  0.591718                 [0.49, 0.7]   
14                                  0.580715                [0.48, 0.69]   
15                                  0.583235                [0.48, 0.69]   
16                                  0.585650                [0.49, 0.69]   
17                                  0.512558                [0.41, 0.63]   
18                                  0.538189                [0.44, 0.65]   
19                                  0.574983                [0.48, 0.68]   
20                                  0.492292                [0.39, 0.61]   
21                                  0.503018                 [0.4, 0.62]   
22                                  0.588164                [0.49, 0.69]   
23                                  0.521521                [0.42, 0.63]   
24                                  0.597373                  [0.5, 0.7]   
25                                  0.605607                [0.51, 0.71]   
26                                  0.589657                [0.49, 0.69]   

    Transitivity Consistency Ratio (%)  
0                            72.992701  
1                            79.393939  
2                            56.521739  
3                            74.545455  
4                            79.393939  
5                            74.545455  
6                            73.939394  
7                            73.333333  
8                            82.812500  
9                            84.242424  
10                           53.424658  
11                           76.363636  
12                           74.545455  
13                           76.363636  
14                           75.757576  
15                           74.545455  
16                           75.757576  
17                           84.242424  
18                           78.787879  
19                           74.545455  
20                           75.000000  
21                           73.248408  
22                           76.363636  
23                           73.939394  
24                           75.757576  
25                           75.151515  
26                           75.151515  

Results have been saved to 'reliability_analysis.csv'
Author
10     0.445362
0      0.953923
5      2.421012
2      5.532734
6     17.442399
3     18.439744
1     24.353394
8     28.791272
4     77.149599
7     80.691567
9     99.570429
Name: Score, dtype: float64

Results have been saved to 'pagerank_results_balanced.csv'
Combined Results:
                                          Subcategory  \
0                                     Topic Relevance   
1                    Comprehensiveness of Information   
2                             Accuracy of Information   
3                        Innovativeness of Viewpoints   
4       Integration of Interdisciplinary Perspectives   
5                        Clarity of Logical Structure   
6               Reasonableness of Chapter Arrangement   
7              Quality of Introduction and Conclusion   
8              Accuracy and Completeness of Citations   
9              Timeliness and Relevance of References   
10   Avoidance of Plagiarism and Appropriate Citation   
11             Critical Analysis of Existing Research   
12   Proposal of New Research Directions or Questions   
13                Potential Contribution to the Field   
14             Clarity of Research Method Description   
15                    Rationality of Method Selection   
16                           Rigor of Research Design   
17               Inclusion of Latest Research Results   
18            Reflection of Current Research Hotspots   
19                     Fluency of Language Expression   
20    Appropriateness of Professional Terminology Use   
21                          Conciseness of Expression   
22  Practical Application Potential of Research Re...   
23                Feasibility of Proposed Suggestions   
24                             Logic of Argumentation   
25                   Multi-angle Analysis of Problems   
26  Identification and Discussion of Research Limi...   

    ICC (Intraclass Correlation Coefficient) ICC 95% Confidence Interval  \
0                                   0.363950                [0.27, 0.48]   
1                                   0.679037                [0.59, 0.77]   
2                                   0.236954                [0.16, 0.35]   
3                                   0.505065                 [0.4, 0.62]   
4                                   0.614321                [0.52, 0.72]   
5                                   0.593875                  [0.5, 0.7]   
6                                   0.587960                [0.49, 0.69]   
7                                   0.542679                [0.44, 0.65]   
8                                   0.478435                [0.38, 0.59]   
9                                   0.505173                 [0.4, 0.62]   
10                                  0.204760                [0.13, 0.31]   
11                                  0.617374                [0.52, 0.72]   
12                                  0.416759                [0.32, 0.54]   
13                                  0.591718                 [0.49, 0.7]   
14                                  0.580715                [0.48, 0.69]   
15                                  0.583235                [0.48, 0.69]   
16                                  0.585650                [0.49, 0.69]   
17                                  0.512558                [0.41, 0.63]   
18                                  0.538189                [0.44, 0.65]   
19                                  0.574983                [0.48, 0.68]   
20                                  0.492292                [0.39, 0.61]   
21                                  0.503018                 [0.4, 0.62]   
22                                  0.588164                [0.49, 0.69]   
23                                  0.521521                [0.42, 0.63]   
24                                  0.597373                  [0.5, 0.7]   
25                                  0.605607                [0.51, 0.71]   
26                                  0.589657                [0.49, 0.69]   

    Transitivity Consistency Ratio (%)  
0                            72.992701  
1                            79.393939  
2                            56.521739  
3                            74.545455  
4                            79.393939  
5                            74.545455  
6                            73.939394  
7                            73.333333  
8                            82.812500  
9                            84.242424  
10                           53.424658  
11                           76.363636  
12                           74.545455  
13                           76.363636  
14                           75.757576  
15                           74.545455  
16                           75.757576  
17                           84.242424  
18                           78.787879  
19                           74.545455  
20                           75.000000  
21                           73.248408  
22                           76.363636  
23                           73.939394  
24                           75.757576  
25                           75.151515  
26                           75.151515  

Results have been saved to 'reliability_analysis.csv'
