Author
10     2.777675
3      3.592208
4      5.267892
6     11.211748
5     17.423848
2     18.088431
0     20.551080
7     50.485278
8     64.724718
1     88.746762
9     99.248355
Name: Score, dtype: float64

Results have been saved to 'pagerank_results_balanced.csv'
Combined Results:
                                          Subcategory  \
0                                     Topic Relevance   
1                    Comprehensiveness of Information   
2                             Accuracy of Information   
3                        Innovativeness of Viewpoints   
4       Integration of Interdisciplinary Perspectives   
5                        Clarity of Logical Structure   
6               Reasonableness of Chapter Arrangement   
7              Quality of Introduction and Conclusion   
8              Accuracy and Completeness of Citations   
9              Timeliness and Relevance of References   
10   Avoidance of Plagiarism and Appropriate Citation   
11             Critical Analysis of Existing Research   
12   Proposal of New Research Directions or Questions   
13                Potential Contribution to the Field   
14             Clarity of Research Method Description   
15                    Rationality of Method Selection   
16                           Rigor of Research Design   
17               Inclusion of Latest Research Results   
18            Reflection of Current Research Hotspots   
19                     Fluency of Language Expression   
20    Appropriateness of Professional Terminology Use   
21                          Conciseness of Expression   
22  Practical Application Potential of Research Re...   
23                Feasibility of Proposed Suggestions   
24                             Logic of Argumentation   
25                   Multi-angle Analysis of Problems   
26  Identification and Discussion of Research Limi...   

    ICC (Intraclass Correlation Coefficient) ICC 95% Confidence Interval  \
0                                   0.582967                [0.48, 0.69]   
1                                   0.797161                [0.73, 0.86]   
2                                   0.265226                [0.18, 0.38]   
3                                   0.553141                [0.45, 0.66]   
4                                   0.710431                [0.62, 0.79]   
5                                   0.611453                [0.51, 0.71]   
6                                   0.597788                  [0.5, 0.7]   
7                                   0.432035                [0.33, 0.55]   
8                                   0.434208                [0.33, 0.55]   
9                                   0.502935                 [0.4, 0.62]   
10                                  0.162546                [0.09, 0.26]   
11                                  0.671311                [0.58, 0.76]   
12                                  0.462619                [0.36, 0.58]   
13                                  0.643167                [0.55, 0.74]   
14                                  0.616700                [0.52, 0.72]   
15                                  0.608163                [0.51, 0.71]   
16                                  0.611979                [0.51, 0.71]   
17                                  0.518635                [0.42, 0.63]   
18                                  0.538607                [0.44, 0.65]   
19                                  0.454841                [0.35, 0.57]   
20                                  0.592340                 [0.49, 0.7]   
21                                  0.434155                [0.33, 0.55]   
22                                  0.586842                [0.49, 0.69]   
23                                  0.466184                [0.36, 0.58]   
24                                  0.601257                  [0.5, 0.7]   
25                                  0.649290                [0.56, 0.74]   
26                                  0.594627                  [0.5, 0.7]   

    Transitivity Consistency Ratio (%)  
0                            71.515152  
1                            73.939394  
2                            80.000000  
3                            75.757576  
4                            75.757576  
5                            70.909091  
6                            71.515152  
7                            72.727273  
8                            74.545455  
9                            73.333333  
10                           80.606061  
11                           75.151515  
12                           73.939394  
13                           75.757576  
14                           70.909091  
15                           72.121212  
16                           69.090909  
17                           73.333333  
18                           71.515152  
19                           73.333333  
20                           71.515152  
21                           72.121212  
22                           73.939394  
23                           72.727273  
24                           70.303030  
25                           76.969697  
26                           71.515152  

Results have been saved to 'reliability_analysis.csv'
Author
3      2.291933
10     3.446183
4      3.900630
6     13.447803
2     14.420274
5     16.365583
0     25.860843
7     46.412471
8     62.922679
1     89.183027
9     99.021720
Name: Score, dtype: float64

Results have been saved to 'pagerank_results_balanced.csv'
Combined Results:
                                          Subcategory  \
0                                     Topic Relevance   
1                    Comprehensiveness of Information   
2                             Accuracy of Information   
3                        Innovativeness of Viewpoints   
4       Integration of Interdisciplinary Perspectives   
5                        Clarity of Logical Structure   
6               Reasonableness of Chapter Arrangement   
7              Quality of Introduction and Conclusion   
8              Accuracy and Completeness of Citations   
9              Timeliness and Relevance of References   
10   Avoidance of Plagiarism and Appropriate Citation   
11             Critical Analysis of Existing Research   
12   Proposal of New Research Directions or Questions   
13                Potential Contribution to the Field   
14             Clarity of Research Method Description   
15                    Rationality of Method Selection   
16                           Rigor of Research Design   
17               Inclusion of Latest Research Results   
18            Reflection of Current Research Hotspots   
19                     Fluency of Language Expression   
20    Appropriateness of Professional Terminology Use   
21                          Conciseness of Expression   
22  Practical Application Potential of Research Re...   
23                Feasibility of Proposed Suggestions   
24                             Logic of Argumentation   
25                   Multi-angle Analysis of Problems   
26  Identification and Discussion of Research Limi...   

    ICC (Intraclass Correlation Coefficient) ICC 95% Confidence Interval  \
0                                   0.582967                [0.48, 0.69]   
1                                   0.797161                [0.73, 0.86]   
2                                   0.265226                [0.18, 0.38]   
3                                   0.553141                [0.45, 0.66]   
4                                   0.710431                [0.62, 0.79]   
5                                   0.611453                [0.51, 0.71]   
6                                   0.597788                  [0.5, 0.7]   
7                                   0.432035                [0.33, 0.55]   
8                                   0.434208                [0.33, 0.55]   
9                                   0.502935                 [0.4, 0.62]   
10                                  0.162546                [0.09, 0.26]   
11                                  0.671311                [0.58, 0.76]   
12                                  0.462619                [0.36, 0.58]   
13                                  0.643167                [0.55, 0.74]   
14                                  0.616700                [0.52, 0.72]   
15                                  0.608163                [0.51, 0.71]   
16                                  0.611979                [0.51, 0.71]   
17                                  0.518635                [0.42, 0.63]   
18                                  0.538607                [0.44, 0.65]   
19                                  0.454841                [0.35, 0.57]   
20                                  0.592340                 [0.49, 0.7]   
21                                  0.434155                [0.33, 0.55]   
22                                  0.586842                [0.49, 0.69]   
23                                  0.466184                [0.36, 0.58]   
24                                  0.601257                  [0.5, 0.7]   
25                                  0.649290                [0.56, 0.74]   
26                                  0.594627                  [0.5, 0.7]   

    Transitivity Consistency Ratio (%)  
0                            66.428571  
1                            73.939394  
2                            50.000000  
3                            75.757576  
4                            75.757576  
5                            70.909091  
6                            71.515152  
7                            69.798658  
8                            67.938931  
9                            73.333333  
10                           52.238806  
11                           75.151515  
12                           73.125000  
13                           75.757576  
14                           70.186335  
15                           72.121212  
16                           67.721519  
17                           73.333333  
18                           71.515152  
19                           71.794872  
20                           69.677419  
21                           70.512821  
22                           73.125000  
23                           71.875000  
24                           70.303030  
25                           76.969697  
26                           71.515152  

Results have been saved to 'reliability_analysis.csv'
Author
3      2.291933
10     3.446183
4      3.900630
6     13.447803
2     14.420274
5     16.365583
0     25.860843
7     46.412471
8     62.922679
1     89.183027
9     99.021720
Name: Score, dtype: float64

Results have been saved to 'pagerank_results_balanced.csv'
Combined Results:
                                          Subcategory  \
0                                     Topic Relevance   
1                    Comprehensiveness of Information   
2                             Accuracy of Information   
3                        Innovativeness of Viewpoints   
4       Integration of Interdisciplinary Perspectives   
5                        Clarity of Logical Structure   
6               Reasonableness of Chapter Arrangement   
7              Quality of Introduction and Conclusion   
8              Accuracy and Completeness of Citations   
9              Timeliness and Relevance of References   
10   Avoidance of Plagiarism and Appropriate Citation   
11             Critical Analysis of Existing Research   
12   Proposal of New Research Directions or Questions   
13                Potential Contribution to the Field   
14             Clarity of Research Method Description   
15                    Rationality of Method Selection   
16                           Rigor of Research Design   
17               Inclusion of Latest Research Results   
18            Reflection of Current Research Hotspots   
19                     Fluency of Language Expression   
20    Appropriateness of Professional Terminology Use   
21                          Conciseness of Expression   
22  Practical Application Potential of Research Re...   
23                Feasibility of Proposed Suggestions   
24                             Logic of Argumentation   
25                   Multi-angle Analysis of Problems   
26  Identification and Discussion of Research Limi...   

    ICC (Intraclass Correlation Coefficient) ICC 95% Confidence Interval  \
0                                   0.582967                [0.48, 0.69]   
1                                   0.797161                [0.73, 0.86]   
2                                   0.265226                [0.18, 0.38]   
3                                   0.553141                [0.45, 0.66]   
4                                   0.710431                [0.62, 0.79]   
5                                   0.611453                [0.51, 0.71]   
6                                   0.597788                  [0.5, 0.7]   
7                                   0.432035                [0.33, 0.55]   
8                                   0.434208                [0.33, 0.55]   
9                                   0.502935                 [0.4, 0.62]   
10                                  0.162546                [0.09, 0.26]   
11                                  0.671311                [0.58, 0.76]   
12                                  0.462619                [0.36, 0.58]   
13                                  0.643167                [0.55, 0.74]   
14                                  0.616700                [0.52, 0.72]   
15                                  0.608163                [0.51, 0.71]   
16                                  0.611979                [0.51, 0.71]   
17                                  0.518635                [0.42, 0.63]   
18                                  0.538607                [0.44, 0.65]   
19                                  0.454841                [0.35, 0.57]   
20                                  0.592340                 [0.49, 0.7]   
21                                  0.434155                [0.33, 0.55]   
22                                  0.586842                [0.49, 0.69]   
23                                  0.466184                [0.36, 0.58]   
24                                  0.601257                  [0.5, 0.7]   
25                                  0.649290                [0.56, 0.74]   
26                                  0.594627                  [0.5, 0.7]   

    Transitivity Consistency Ratio (%)  
0                            66.428571  
1                            73.939394  
2                            50.000000  
3                            75.757576  
4                            75.757576  
5                            70.909091  
6                            71.515152  
7                            69.798658  
8                            67.938931  
9                            73.333333  
10                           52.238806  
11                           75.151515  
12                           73.125000  
13                           75.757576  
14                           70.186335  
15                           72.121212  
16                           67.721519  
17                           73.333333  
18                           71.515152  
19                           71.794872  
20                           69.677419  
21                           70.512821  
22                           73.125000  
23                           71.875000  
24                           70.303030  
25                           76.969697  
26                           71.515152  

Results have been saved to 'reliability_analysis.csv'
