Author
10     0.069992
6      2.710631
2      2.852001
0      7.737501
3      8.791859
1     32.669466
7     37.522002
8     53.408813
4     57.558419
5     59.079636
9     99.810423
Name: Score, dtype: float64

Results have been saved to 'pagerank_results_balanced.csv'
Combined Results:
                                          Subcategory  \
0                                     Topic Relevance   
1                    Comprehensiveness of Information   
2                             Accuracy of Information   
3                        Innovativeness of Viewpoints   
4       Integration of Interdisciplinary Perspectives   
5                        Clarity of Logical Structure   
6               Reasonableness of Chapter Arrangement   
7              Quality of Introduction and Conclusion   
8              Accuracy and Completeness of Citations   
9              Timeliness and Relevance of References   
10   Avoidance of Plagiarism and Appropriate Citation   
11             Critical Analysis of Existing Research   
12   Proposal of New Research Directions or Questions   
13                Potential Contribution to the Field   
14             Clarity of Research Method Description   
15                    Rationality of Method Selection   
16                           Rigor of Research Design   
17               Inclusion of Latest Research Results   
18            Reflection of Current Research Hotspots   
19                     Fluency of Language Expression   
20    Appropriateness of Professional Terminology Use   
21                          Conciseness of Expression   
22  Practical Application Potential of Research Re...   
23                Feasibility of Proposed Suggestions   
24                             Logic of Argumentation   
25                   Multi-angle Analysis of Problems   
26  Identification and Discussion of Research Limi...   

    ICC (Intraclass Correlation Coefficient) ICC 95% Confidence Interval  \
0                                   0.509312                [0.41, 0.62]   
1                                   0.764691                [0.69, 0.84]   
2                                   0.369453                [0.27, 0.49]   
3                                   0.500871                 [0.4, 0.62]   
4                                   0.630881                [0.54, 0.73]   
5                                   0.685482                 [0.6, 0.77]   
6                                   0.681156                [0.59, 0.77]   
7                                   0.480245                 [0.38, 0.6]   
8                                   0.524138                [0.42, 0.64]   
9                                   0.583607                [0.48, 0.69]   
10                                  0.181437                [0.11, 0.28]   
11                                  0.558149                [0.46, 0.67]   
12                                  0.424738                [0.32, 0.54]   
13                                  0.599519                  [0.5, 0.7]   
14                                  0.673935                [0.58, 0.76]   
15                                  0.694402                [0.61, 0.78]   
16                                  0.677611                [0.59, 0.77]   
17                                  0.604128                [0.51, 0.71]   
18                                  0.619437                [0.52, 0.72]   
19                                  0.550019                [0.45, 0.66]   
20                                  0.623359                [0.53, 0.72]   
21                                  0.524953                [0.42, 0.64]   
22                                  0.608572                [0.51, 0.71]   
23                                  0.516080                [0.41, 0.63]   
24                                  0.602084                  [0.5, 0.7]   
25                                  0.599911                  [0.5, 0.7]   
26                                  0.556000                [0.46, 0.67]   

    Transitivity Consistency Ratio (%)  
0                            77.575758  
1                            72.727273  
2                            83.030303  
3                            75.757576  
4                            70.909091  
5                            71.515152  
6                            71.515152  
7                            70.303030  
8                            73.939394  
9                            72.121212  
10                           83.030303  
11                           77.575758  
12                           76.363636  
13                           78.181818  
14                           73.939394  
15                           73.333333  
16                           73.333333  
17                           72.121212  
18                           70.909091  
19                           69.090909  
20                           72.727273  
21                           69.090909  
22                           78.181818  
23                           76.363636  
24                           70.303030  
25                           72.727273  
26                           72.727273  

Results have been saved to 'reliability_analysis.csv'
Author
10     0.082123
6      2.175955
2      2.994198
0      6.817211
3      7.021351
7     32.504644
1     32.896106
8     49.819554
4     58.963107
5     59.311618
9     99.711535
Name: Score, dtype: float64

Results have been saved to 'pagerank_results_balanced.csv'
Combined Results:
                                          Subcategory  \
0                                     Topic Relevance   
1                    Comprehensiveness of Information   
2                             Accuracy of Information   
3                        Innovativeness of Viewpoints   
4       Integration of Interdisciplinary Perspectives   
5                        Clarity of Logical Structure   
6               Reasonableness of Chapter Arrangement   
7              Quality of Introduction and Conclusion   
8              Accuracy and Completeness of Citations   
9              Timeliness and Relevance of References   
10   Avoidance of Plagiarism and Appropriate Citation   
11             Critical Analysis of Existing Research   
12   Proposal of New Research Directions or Questions   
13                Potential Contribution to the Field   
14             Clarity of Research Method Description   
15                    Rationality of Method Selection   
16                           Rigor of Research Design   
17               Inclusion of Latest Research Results   
18            Reflection of Current Research Hotspots   
19                     Fluency of Language Expression   
20    Appropriateness of Professional Terminology Use   
21                          Conciseness of Expression   
22  Practical Application Potential of Research Re...   
23                Feasibility of Proposed Suggestions   
24                             Logic of Argumentation   
25                   Multi-angle Analysis of Problems   
26  Identification and Discussion of Research Limi...   

    ICC (Intraclass Correlation Coefficient) ICC 95% Confidence Interval  \
0                                   0.509312                [0.41, 0.62]   
1                                   0.764691                [0.69, 0.84]   
2                                   0.369453                [0.27, 0.49]   
3                                   0.500871                 [0.4, 0.62]   
4                                   0.630881                [0.54, 0.73]   
5                                   0.685482                 [0.6, 0.77]   
6                                   0.681156                [0.59, 0.77]   
7                                   0.480245                 [0.38, 0.6]   
8                                   0.524138                [0.42, 0.64]   
9                                   0.583607                [0.48, 0.69]   
10                                  0.181437                [0.11, 0.28]   
11                                  0.558149                [0.46, 0.67]   
12                                  0.424738                [0.32, 0.54]   
13                                  0.599519                  [0.5, 0.7]   
14                                  0.673935                [0.58, 0.76]   
15                                  0.694402                [0.61, 0.78]   
16                                  0.677611                [0.59, 0.77]   
17                                  0.604128                [0.51, 0.71]   
18                                  0.619437                [0.52, 0.72]   
19                                  0.550019                [0.45, 0.66]   
20                                  0.623359                [0.53, 0.72]   
21                                  0.524953                [0.42, 0.64]   
22                                  0.608572                [0.51, 0.71]   
23                                  0.516080                [0.41, 0.63]   
24                                  0.602084                  [0.5, 0.7]   
25                                  0.599911                  [0.5, 0.7]   
26                                  0.556000                [0.46, 0.67]   

    Transitivity Consistency Ratio (%)  
0                            66.055046  
1                            72.727273  
2                            42.857143  
3                            75.757576  
4                            70.909091  
5                            71.515152  
6                            71.515152  
7                            70.303030  
8                            63.247863  
9                            72.121212  
10                           39.130435  
11                           77.575758  
12                           76.363636  
13                           78.181818  
14                           73.939394  
15                           73.333333  
16                           73.333333  
17                           72.121212  
18                           70.909091  
19                           69.090909  
20                           72.727273  
21                           69.090909  
22                           78.181818  
23                           75.000000  
24                           69.375000  
25                           72.727273  
26                           71.698113  

Results have been saved to 'reliability_analysis.csv'
Author
10     0.082123
6      2.175955
2      2.994198
0      6.817211
3      7.021351
7     32.504644
1     32.896106
8     49.819554
4     58.963107
5     59.311618
9     99.711535
Name: Score, dtype: float64

Results have been saved to 'pagerank_results_balanced.csv'
Combined Results:
                                          Subcategory  \
0                                     Topic Relevance   
1                    Comprehensiveness of Information   
2                             Accuracy of Information   
3                        Innovativeness of Viewpoints   
4       Integration of Interdisciplinary Perspectives   
5                        Clarity of Logical Structure   
6               Reasonableness of Chapter Arrangement   
7              Quality of Introduction and Conclusion   
8              Accuracy and Completeness of Citations   
9              Timeliness and Relevance of References   
10   Avoidance of Plagiarism and Appropriate Citation   
11             Critical Analysis of Existing Research   
12   Proposal of New Research Directions or Questions   
13                Potential Contribution to the Field   
14             Clarity of Research Method Description   
15                    Rationality of Method Selection   
16                           Rigor of Research Design   
17               Inclusion of Latest Research Results   
18            Reflection of Current Research Hotspots   
19                     Fluency of Language Expression   
20    Appropriateness of Professional Terminology Use   
21                          Conciseness of Expression   
22  Practical Application Potential of Research Re...   
23                Feasibility of Proposed Suggestions   
24                             Logic of Argumentation   
25                   Multi-angle Analysis of Problems   
26  Identification and Discussion of Research Limi...   

    ICC (Intraclass Correlation Coefficient) ICC 95% Confidence Interval  \
0                                   0.509312                [0.41, 0.62]   
1                                   0.764691                [0.69, 0.84]   
2                                   0.369453                [0.27, 0.49]   
3                                   0.500871                 [0.4, 0.62]   
4                                   0.630881                [0.54, 0.73]   
5                                   0.685482                 [0.6, 0.77]   
6                                   0.681156                [0.59, 0.77]   
7                                   0.480245                 [0.38, 0.6]   
8                                   0.524138                [0.42, 0.64]   
9                                   0.583607                [0.48, 0.69]   
10                                  0.181437                [0.11, 0.28]   
11                                  0.558149                [0.46, 0.67]   
12                                  0.424738                [0.32, 0.54]   
13                                  0.599519                  [0.5, 0.7]   
14                                  0.673935                [0.58, 0.76]   
15                                  0.694402                [0.61, 0.78]   
16                                  0.677611                [0.59, 0.77]   
17                                  0.604128                [0.51, 0.71]   
18                                  0.619437                [0.52, 0.72]   
19                                  0.550019                [0.45, 0.66]   
20                                  0.623359                [0.53, 0.72]   
21                                  0.524953                [0.42, 0.64]   
22                                  0.608572                [0.51, 0.71]   
23                                  0.516080                [0.41, 0.63]   
24                                  0.602084                  [0.5, 0.7]   
25                                  0.599911                  [0.5, 0.7]   
26                                  0.556000                [0.46, 0.67]   

    Transitivity Consistency Ratio (%)  
0                            66.055046  
1                            72.727273  
2                            42.857143  
3                            75.757576  
4                            70.909091  
5                            71.515152  
6                            71.515152  
7                            70.303030  
8                            63.247863  
9                            72.121212  
10                           39.130435  
11                           77.575758  
12                           76.363636  
13                           78.181818  
14                           73.939394  
15                           73.333333  
16                           73.333333  
17                           72.121212  
18                           70.909091  
19                           69.090909  
20                           72.727273  
21                           69.090909  
22                           78.181818  
23                           75.000000  
24                           69.375000  
25                           72.727273  
26                           71.698113  

Results have been saved to 'reliability_analysis.csv'
