Author
6      1.899602
3      4.889788
8      8.548884
7      9.953381
10    17.031651
1     20.912195
5     30.410440
2     45.355791
4     45.975917
0     54.883013
9     96.296296
Name: Score, dtype: float64

Results have been saved to 'pagerank_results_balanced.csv'
Combined Results:
                                          Subcategory  \
0                                     Topic Relevance   
1                    Comprehensiveness of Information   
2                             Accuracy of Information   
3                        Innovativeness of Viewpoints   
4       Integration of Interdisciplinary Perspectives   
5                        Clarity of Logical Structure   
6               Reasonableness of Chapter Arrangement   
7              Quality of Introduction and Conclusion   
8              Accuracy and Completeness of Citations   
9              Timeliness and Relevance of References   
10   Avoidance of Plagiarism and Appropriate Citation   
11             Critical Analysis of Existing Research   
12   Proposal of New Research Directions or Questions   
13                Potential Contribution to the Field   
14             Clarity of Research Method Description   
15                    Rationality of Method Selection   
16                           Rigor of Research Design   
17               Inclusion of Latest Research Results   
18            Reflection of Current Research Hotspots   
19                     Fluency of Language Expression   
20    Appropriateness of Professional Terminology Use   
21                          Conciseness of Expression   
22  Practical Application Potential of Research Re...   
23                Feasibility of Proposed Suggestions   
24                             Logic of Argumentation   
25                   Multi-angle Analysis of Problems   
26  Identification and Discussion of Research Limi...   

    ICC (Intraclass Correlation Coefficient) ICC 95% Confidence Interval  \
0                                   0.501776                 [0.4, 0.62]   
1                                   0.771123                 [0.7, 0.84]   
2                                   0.368655                [0.27, 0.49]   
3                                   0.666536                [0.57, 0.76]   
4                                   0.722433                 [0.64, 0.8]   
5                                   0.705296                [0.62, 0.79]   
6                                   0.693974                [0.61, 0.78]   
7                                   0.587246                [0.49, 0.69]   
8                                   0.540911                [0.44, 0.65]   
9                                   0.642527                [0.55, 0.74]   
10                                  0.341444                [0.25, 0.46]   
11                                  0.671329                [0.58, 0.76]   
12                                  0.459600                [0.36, 0.58]   
13                                  0.647559                [0.55, 0.74]   
14                                  0.641809                [0.55, 0.74]   
15                                  0.641520                [0.55, 0.74]   
16                                  0.641171                [0.55, 0.74]   
17                                  0.655600                [0.56, 0.75]   
18                                  0.666653                [0.57, 0.76]   
19                                  0.638422                [0.54, 0.74]   
20                                  0.607964                [0.51, 0.71]   
21                                  0.632875                [0.54, 0.73]   
22                                  0.638423                [0.54, 0.74]   
23                                  0.621981                [0.53, 0.72]   
24                                  0.663906                [0.57, 0.76]   
25                                  0.686220                 [0.6, 0.77]   
26                                  0.619390                [0.52, 0.72]   

    Transitivity Consistency Ratio (%)  
0                            75.757576  
1                            77.575758  
2                            84.848485  
3                            80.606061  
4                            76.969697  
5                            73.333333  
6                            74.545455  
7                            74.545455  
8                            83.030303  
9                            76.363636  
10                           85.454545  
11                           79.393939  
12                           81.212121  
13                           79.393939  
14                           75.151515  
15                           75.757576  
16                           76.363636  
17                           76.363636  
18                           77.575758  
19                           74.545455  
20                           76.363636  
21                           75.151515  
22                           80.000000  
23                           80.000000  
24                           75.757576  
25                           76.969697  
26                           75.757576  

Results have been saved to 'reliability_analysis.csv'
Author
6       0.165031
3       2.473622
8       4.761526
7       5.513990
10     10.788768
1      11.583465
5      27.920687
2      36.130030
4      43.933527
0      53.009178
9     100.000000
Name: Score, dtype: float64

Results have been saved to 'pagerank_results_balanced.csv'
Combined Results:
                                          Subcategory  \
0                                     Topic Relevance   
1                    Comprehensiveness of Information   
2                             Accuracy of Information   
3                        Innovativeness of Viewpoints   
4       Integration of Interdisciplinary Perspectives   
5                        Clarity of Logical Structure   
6               Reasonableness of Chapter Arrangement   
7              Quality of Introduction and Conclusion   
8              Accuracy and Completeness of Citations   
9              Timeliness and Relevance of References   
10   Avoidance of Plagiarism and Appropriate Citation   
11             Critical Analysis of Existing Research   
12   Proposal of New Research Directions or Questions   
13                Potential Contribution to the Field   
14             Clarity of Research Method Description   
15                    Rationality of Method Selection   
16                           Rigor of Research Design   
17               Inclusion of Latest Research Results   
18            Reflection of Current Research Hotspots   
19                     Fluency of Language Expression   
20    Appropriateness of Professional Terminology Use   
21                          Conciseness of Expression   
22  Practical Application Potential of Research Re...   
23                Feasibility of Proposed Suggestions   
24                             Logic of Argumentation   
25                   Multi-angle Analysis of Problems   
26  Identification and Discussion of Research Limi...   

    ICC (Intraclass Correlation Coefficient) ICC 95% Confidence Interval  \
0                                   0.501776                 [0.4, 0.62]   
1                                   0.771123                 [0.7, 0.84]   
2                                   0.368655                [0.27, 0.49]   
3                                   0.666536                [0.57, 0.76]   
4                                   0.722433                 [0.64, 0.8]   
5                                   0.705296                [0.62, 0.79]   
6                                   0.693974                [0.61, 0.78]   
7                                   0.587246                [0.49, 0.69]   
8                                   0.540911                [0.44, 0.65]   
9                                   0.642527                [0.55, 0.74]   
10                                  0.341444                [0.25, 0.46]   
11                                  0.671329                [0.58, 0.76]   
12                                  0.459600                [0.36, 0.58]   
13                                  0.647559                [0.55, 0.74]   
14                                  0.641809                [0.55, 0.74]   
15                                  0.641520                [0.55, 0.74]   
16                                  0.641171                [0.55, 0.74]   
17                                  0.655600                [0.56, 0.75]   
18                                  0.666653                [0.57, 0.76]   
19                                  0.638422                [0.54, 0.74]   
20                                  0.607964                [0.51, 0.71]   
21                                  0.632875                [0.54, 0.73]   
22                                  0.638423                [0.54, 0.74]   
23                                  0.621981                [0.53, 0.72]   
24                                  0.663906                [0.57, 0.76]   
25                                  0.686220                 [0.6, 0.77]   
26                                  0.619390                [0.52, 0.72]   

    Transitivity Consistency Ratio (%)  
0                            61.904762  
1                            77.575758  
2                            26.470588  
3                            80.606061  
4                            76.969697  
5                            72.500000  
6                            74.545455  
7                            74.545455  
8                            62.162162  
9                            76.363636  
10                           25.000000  
11                           78.750000  
12                           81.212121  
13                           79.393939  
14                           74.213836  
15                           75.757576  
16                           76.363636  
17                           76.363636  
18                           77.575758  
19                           74.545455  
20                           75.159236  
21                           75.151515  
22                           80.000000  
23                           80.000000  
24                           75.000000  
25                           76.969697  
26                           75.757576  

Results have been saved to 'reliability_analysis.csv'
Author
6       0.165031
3       2.473622
8       4.761526
7       5.513990
10     10.788768
1      11.583465
5      27.920687
2      36.130030
4      43.933527
0      53.009178
9     100.000000
Name: Score, dtype: float64

Results have been saved to 'pagerank_results_balanced.csv'
Combined Results:
                                          Subcategory  \
0                                     Topic Relevance   
1                    Comprehensiveness of Information   
2                             Accuracy of Information   
3                        Innovativeness of Viewpoints   
4       Integration of Interdisciplinary Perspectives   
5                        Clarity of Logical Structure   
6               Reasonableness of Chapter Arrangement   
7              Quality of Introduction and Conclusion   
8              Accuracy and Completeness of Citations   
9              Timeliness and Relevance of References   
10   Avoidance of Plagiarism and Appropriate Citation   
11             Critical Analysis of Existing Research   
12   Proposal of New Research Directions or Questions   
13                Potential Contribution to the Field   
14             Clarity of Research Method Description   
15                    Rationality of Method Selection   
16                           Rigor of Research Design   
17               Inclusion of Latest Research Results   
18            Reflection of Current Research Hotspots   
19                     Fluency of Language Expression   
20    Appropriateness of Professional Terminology Use   
21                          Conciseness of Expression   
22  Practical Application Potential of Research Re...   
23                Feasibility of Proposed Suggestions   
24                             Logic of Argumentation   
25                   Multi-angle Analysis of Problems   
26  Identification and Discussion of Research Limi...   

    ICC (Intraclass Correlation Coefficient) ICC 95% Confidence Interval  \
0                                   0.501776                 [0.4, 0.62]   
1                                   0.771123                 [0.7, 0.84]   
2                                   0.368655                [0.27, 0.49]   
3                                   0.666536                [0.57, 0.76]   
4                                   0.722433                 [0.64, 0.8]   
5                                   0.705296                [0.62, 0.79]   
6                                   0.693974                [0.61, 0.78]   
7                                   0.587246                [0.49, 0.69]   
8                                   0.540911                [0.44, 0.65]   
9                                   0.642527                [0.55, 0.74]   
10                                  0.341444                [0.25, 0.46]   
11                                  0.671329                [0.58, 0.76]   
12                                  0.459600                [0.36, 0.58]   
13                                  0.647559                [0.55, 0.74]   
14                                  0.641809                [0.55, 0.74]   
15                                  0.641520                [0.55, 0.74]   
16                                  0.641171                [0.55, 0.74]   
17                                  0.655600                [0.56, 0.75]   
18                                  0.666653                [0.57, 0.76]   
19                                  0.638422                [0.54, 0.74]   
20                                  0.607964                [0.51, 0.71]   
21                                  0.632875                [0.54, 0.73]   
22                                  0.638423                [0.54, 0.74]   
23                                  0.621981                [0.53, 0.72]   
24                                  0.663906                [0.57, 0.76]   
25                                  0.686220                 [0.6, 0.77]   
26                                  0.619390                [0.52, 0.72]   

    Transitivity Consistency Ratio (%)  
0                            61.904762  
1                            77.575758  
2                            26.470588  
3                            80.606061  
4                            76.969697  
5                            72.500000  
6                            74.545455  
7                            74.545455  
8                            62.162162  
9                            76.363636  
10                           25.000000  
11                           78.750000  
12                           81.212121  
13                           79.393939  
14                           74.213836  
15                           75.757576  
16                           76.363636  
17                           76.363636  
18                           77.575758  
19                           74.545455  
20                           75.159236  
21                           75.151515  
22                           80.000000  
23                           80.000000  
24                           75.000000  
25                           76.969697  
26                           75.757576  

Results have been saved to 'reliability_analysis.csv'
