Author
5       0.638557
7       0.840256
6       1.156980
4       2.805443
0       3.972222
1       5.368179
8      11.580418
2      13.898016
10     26.252450
3      30.618442
9     100.000000
Name: Score, dtype: float64

Results have been saved to 'pagerank_results_balanced.csv'
Combined Results:
                                          Subcategory  \
0                                     Topic Relevance   
1                    Comprehensiveness of Information   
2                             Accuracy of Information   
3                        Innovativeness of Viewpoints   
4       Integration of Interdisciplinary Perspectives   
5                        Clarity of Logical Structure   
6               Reasonableness of Chapter Arrangement   
7              Quality of Introduction and Conclusion   
8              Accuracy and Completeness of Citations   
9              Timeliness and Relevance of References   
10   Avoidance of Plagiarism and Appropriate Citation   
11             Critical Analysis of Existing Research   
12   Proposal of New Research Directions or Questions   
13                Potential Contribution to the Field   
14             Clarity of Research Method Description   
15                    Rationality of Method Selection   
16                           Rigor of Research Design   
17               Inclusion of Latest Research Results   
18            Reflection of Current Research Hotspots   
19                     Fluency of Language Expression   
20    Appropriateness of Professional Terminology Use   
21                          Conciseness of Expression   
22  Practical Application Potential of Research Re...   
23                Feasibility of Proposed Suggestions   
24                             Logic of Argumentation   
25                   Multi-angle Analysis of Problems   
26  Identification and Discussion of Research Limi...   

    ICC (Intraclass Correlation Coefficient) ICC 95% Confidence Interval  \
0                                   0.705866                [0.62, 0.79]   
1                                   0.882456                [0.84, 0.92]   
2                                   0.727852                [0.64, 0.81]   
3                                   0.795350                [0.73, 0.86]   
4                                   0.771814                 [0.7, 0.84]   
5                                   0.856749                  [0.8, 0.9]   
6                                   0.849588                 [0.79, 0.9]   
7                                   0.814490                [0.75, 0.87]   
8                                   0.683267                [0.59, 0.77]   
9                                   0.637460                [0.54, 0.73]   
10                                  0.506491                 [0.4, 0.62]   
11                                  0.792886                [0.72, 0.86]   
12                                  0.713456                 [0.63, 0.8]   
13                                  0.750014                [0.67, 0.82]   
14                                  0.596584                  [0.5, 0.7]   
15                                  0.666070                [0.57, 0.76]   
16                                  0.636422                [0.54, 0.73]   
17                                  0.654996                [0.56, 0.75]   
18                                  0.686131                 [0.6, 0.77]   
19                                  0.740130                [0.66, 0.82]   
20                                  0.637326                [0.54, 0.73]   
21                                  0.736177                [0.66, 0.81]   
22                                  0.756039                [0.68, 0.83]   
23                                  0.716275                 [0.63, 0.8]   
24                                  0.764878                [0.69, 0.84]   
25                                  0.761870                [0.69, 0.83]   
26                                  0.683543                [0.59, 0.77]   

    Transitivity Consistency Ratio (%)  
0                            86.060606  
1                            78.181818  
2                            84.848485  
3                            75.151515  
4                            76.363636  
5                            79.393939  
6                            80.606061  
7                            75.757576  
8                            87.878788  
9                            75.151515  
10                           86.666667  
11                           75.151515  
12                           75.151515  
13                           75.151515  
14                           77.575758  
15                           73.939394  
16                           80.000000  
17                           75.151515  
18                           75.151515  
19                           78.787879  
20                           76.363636  
21                           75.757576  
22                           75.151515  
23                           75.151515  
24                           75.757576  
25                           75.757576  
26                           75.151515  

Results have been saved to 'reliability_analysis.csv'
