Author
10      0.049026
0       3.801340
7       8.057999
5      11.005434
2      12.696039
4      13.862242
6      31.500269
1      36.410121
3      63.176620
8      77.852614
9     100.000000
Name: Score, dtype: float64

Results have been saved to 'pagerank_results_balanced.csv'
Combined Results:
                                          Subcategory  \
0                                     Topic Relevance   
1                    Comprehensiveness of Information   
2                             Accuracy of Information   
3                        Innovativeness of Viewpoints   
4       Integration of Interdisciplinary Perspectives   
5                        Clarity of Logical Structure   
6               Reasonableness of Chapter Arrangement   
7              Quality of Introduction and Conclusion   
8              Accuracy and Completeness of Citations   
9              Timeliness and Relevance of References   
10   Avoidance of Plagiarism and Appropriate Citation   
11             Critical Analysis of Existing Research   
12   Proposal of New Research Directions or Questions   
13                Potential Contribution to the Field   
14             Clarity of Research Method Description   
15                    Rationality of Method Selection   
16                           Rigor of Research Design   
17               Inclusion of Latest Research Results   
18            Reflection of Current Research Hotspots   
19                     Fluency of Language Expression   
20    Appropriateness of Professional Terminology Use   
21                          Conciseness of Expression   
22  Practical Application Potential of Research Re...   
23                Feasibility of Proposed Suggestions   
24                             Logic of Argumentation   
25                   Multi-angle Analysis of Problems   
26  Identification and Discussion of Research Limi...   

    ICC (Intraclass Correlation Coefficient) ICC 95% Confidence Interval  \
0                                   0.551943                [0.45, 0.66]   
1                                   0.747615                [0.67, 0.82]   
2                                   0.369684                [0.27, 0.49]   
3                                   0.619985                [0.52, 0.72]   
4                                   0.675168                [0.58, 0.77]   
5                                   0.682022                [0.59, 0.77]   
6                                   0.661048                [0.57, 0.75]   
7                                   0.574698                [0.47, 0.68]   
8                                   0.486174                 [0.38, 0.6]   
9                                   0.627842                [0.53, 0.73]   
10                                  0.235997                [0.15, 0.35]   
11                                  0.659872                [0.57, 0.75]   
12                                  0.530172                [0.43, 0.64]   
13                                  0.636217                [0.54, 0.73]   
14                                  0.608119                [0.51, 0.71]   
15                                  0.606227                [0.51, 0.71]   
16                                  0.589568                [0.49, 0.69]   
17                                  0.640209                [0.55, 0.74]   
18                                  0.662774                [0.57, 0.76]   
19                                  0.521169                [0.42, 0.63]   
20                                  0.549346                [0.45, 0.66]   
21                                  0.499327                 [0.4, 0.61]   
22                                  0.627208                [0.53, 0.73]   
23                                  0.537501                [0.44, 0.65]   
24                                  0.634278                [0.54, 0.73]   
25                                  0.630324                [0.53, 0.73]   
26                                  0.565459                [0.47, 0.67]   

    Transitivity Consistency Ratio (%)  
0                            83.030303  
1                            84.242424  
2                            88.484848  
3                            78.787879  
4                            81.818182  
5                            82.424242  
6                            86.060606  
7                            80.000000  
8                            84.242424  
9                            80.606061  
10                           83.030303  
11                           77.575758  
12                           78.787879  
13                           77.575758  
14                           87.272727  
15                           84.242424  
16                           86.666667  
17                           80.606061  
18                           84.242424  
19                           80.000000  
20                           78.181818  
21                           80.000000  
22                           77.575758  
23                           77.575758  
24                           80.000000  
25                           81.212121  
26                           81.212121  

Results have been saved to 'reliability_analysis.csv'
Author
10      0.021934
0       3.162217
7       8.107343
5       9.879476
2      11.427009
4      12.667550
6      36.001410
1      41.816406
3      64.431112
8      79.898733
9     100.000000
Name: Score, dtype: float64

Results have been saved to 'pagerank_results_balanced.csv'
Combined Results:
                                          Subcategory  \
0                                     Topic Relevance   
1                    Comprehensiveness of Information   
2                             Accuracy of Information   
3                        Innovativeness of Viewpoints   
4       Integration of Interdisciplinary Perspectives   
5                        Clarity of Logical Structure   
6               Reasonableness of Chapter Arrangement   
7              Quality of Introduction and Conclusion   
8              Accuracy and Completeness of Citations   
9              Timeliness and Relevance of References   
10   Avoidance of Plagiarism and Appropriate Citation   
11             Critical Analysis of Existing Research   
12   Proposal of New Research Directions or Questions   
13                Potential Contribution to the Field   
14             Clarity of Research Method Description   
15                    Rationality of Method Selection   
16                           Rigor of Research Design   
17               Inclusion of Latest Research Results   
18            Reflection of Current Research Hotspots   
19                     Fluency of Language Expression   
20    Appropriateness of Professional Terminology Use   
21                          Conciseness of Expression   
22  Practical Application Potential of Research Re...   
23                Feasibility of Proposed Suggestions   
24                             Logic of Argumentation   
25                   Multi-angle Analysis of Problems   
26  Identification and Discussion of Research Limi...   

    ICC (Intraclass Correlation Coefficient) ICC 95% Confidence Interval  \
0                                   0.551943                [0.45, 0.66]   
1                                   0.747615                [0.67, 0.82]   
2                                   0.369684                [0.27, 0.49]   
3                                   0.619985                [0.52, 0.72]   
4                                   0.675168                [0.58, 0.77]   
5                                   0.682022                [0.59, 0.77]   
6                                   0.661048                [0.57, 0.75]   
7                                   0.574698                [0.47, 0.68]   
8                                   0.486174                 [0.38, 0.6]   
9                                   0.627842                [0.53, 0.73]   
10                                  0.235997                [0.15, 0.35]   
11                                  0.659872                [0.57, 0.75]   
12                                  0.530172                [0.43, 0.64]   
13                                  0.636217                [0.54, 0.73]   
14                                  0.608119                [0.51, 0.71]   
15                                  0.606227                [0.51, 0.71]   
16                                  0.589568                [0.49, 0.69]   
17                                  0.640209                [0.55, 0.74]   
18                                  0.662774                [0.57, 0.76]   
19                                  0.521169                [0.42, 0.63]   
20                                  0.549346                [0.45, 0.66]   
21                                  0.499327                 [0.4, 0.61]   
22                                  0.627208                [0.53, 0.73]   
23                                  0.537501                [0.44, 0.65]   
24                                  0.634278                [0.54, 0.73]   
25                                  0.630324                [0.53, 0.73]   
26                                  0.565459                [0.47, 0.67]   

    Transitivity Consistency Ratio (%)  
0                            80.281690  
1                            84.242424  
2                            67.241379  
3                            78.787879  
4                            81.818182  
5                            82.424242  
6                            85.534591  
7                            80.000000  
8                            70.786517  
9                            80.606061  
10                           55.555556  
11                           77.575758  
12                           78.787879  
13                           77.575758  
14                           87.272727  
15                           84.242424  
16                           86.666667  
17                           80.606061  
18                           84.242424  
19                           80.000000  
20                           77.500000  
21                           80.000000  
22                           77.575758  
23                           77.575758  
24                           80.000000  
25                           81.212121  
26                           81.212121  

Results have been saved to 'reliability_analysis.csv'
Author
10      0.021934
0       3.162217
7       8.107343
5       9.879476
2      11.427009
4      12.667550
6      36.001410
1      41.816406
3      64.431112
8      79.898733
9     100.000000
Name: Score, dtype: float64

Results have been saved to 'pagerank_results_balanced.csv'
Combined Results:
                                          Subcategory  \
0                                     Topic Relevance   
1                    Comprehensiveness of Information   
2                             Accuracy of Information   
3                        Innovativeness of Viewpoints   
4       Integration of Interdisciplinary Perspectives   
5                        Clarity of Logical Structure   
6               Reasonableness of Chapter Arrangement   
7              Quality of Introduction and Conclusion   
8              Accuracy and Completeness of Citations   
9              Timeliness and Relevance of References   
10   Avoidance of Plagiarism and Appropriate Citation   
11             Critical Analysis of Existing Research   
12   Proposal of New Research Directions or Questions   
13                Potential Contribution to the Field   
14             Clarity of Research Method Description   
15                    Rationality of Method Selection   
16                           Rigor of Research Design   
17               Inclusion of Latest Research Results   
18            Reflection of Current Research Hotspots   
19                     Fluency of Language Expression   
20    Appropriateness of Professional Terminology Use   
21                          Conciseness of Expression   
22  Practical Application Potential of Research Re...   
23                Feasibility of Proposed Suggestions   
24                             Logic of Argumentation   
25                   Multi-angle Analysis of Problems   
26  Identification and Discussion of Research Limi...   

    ICC (Intraclass Correlation Coefficient) ICC 95% Confidence Interval  \
0                                   0.551943                [0.45, 0.66]   
1                                   0.747615                [0.67, 0.82]   
2                                   0.369684                [0.27, 0.49]   
3                                   0.619985                [0.52, 0.72]   
4                                   0.675168                [0.58, 0.77]   
5                                   0.682022                [0.59, 0.77]   
6                                   0.661048                [0.57, 0.75]   
7                                   0.574698                [0.47, 0.68]   
8                                   0.486174                 [0.38, 0.6]   
9                                   0.627842                [0.53, 0.73]   
10                                  0.235997                [0.15, 0.35]   
11                                  0.659872                [0.57, 0.75]   
12                                  0.530172                [0.43, 0.64]   
13                                  0.636217                [0.54, 0.73]   
14                                  0.608119                [0.51, 0.71]   
15                                  0.606227                [0.51, 0.71]   
16                                  0.589568                [0.49, 0.69]   
17                                  0.640209                [0.55, 0.74]   
18                                  0.662774                [0.57, 0.76]   
19                                  0.521169                [0.42, 0.63]   
20                                  0.549346                [0.45, 0.66]   
21                                  0.499327                 [0.4, 0.61]   
22                                  0.627208                [0.53, 0.73]   
23                                  0.537501                [0.44, 0.65]   
24                                  0.634278                [0.54, 0.73]   
25                                  0.630324                [0.53, 0.73]   
26                                  0.565459                [0.47, 0.67]   

    Transitivity Consistency Ratio (%)  
0                            80.281690  
1                            84.242424  
2                            67.241379  
3                            78.787879  
4                            81.818182  
5                            82.424242  
6                            85.534591  
7                            80.000000  
8                            70.786517  
9                            80.606061  
10                           55.555556  
11                           77.575758  
12                           78.787879  
13                           77.575758  
14                           87.272727  
15                           84.242424  
16                           86.666667  
17                           80.606061  
18                           84.242424  
19                           80.000000  
20                           77.500000  
21                           80.000000  
22                           77.575758  
23                           77.575758  
24                           80.000000  
25                           81.212121  
26                           81.212121  

Results have been saved to 'reliability_analysis.csv'
