Author
3      0.116231
6      0.901688
4      1.577042
2      7.064613
5     13.592809
0     43.217207
7     43.431512
8     44.305809
1     58.703178
10    76.363299
9     99.460940
Name: Score, dtype: float64

Results have been saved to 'pagerank_results_balanced.csv'
Combined Results:
                                          Subcategory  \
0                                     Topic Relevance   
1                    Comprehensiveness of Information   
2                             Accuracy of Information   
3                        Innovativeness of Viewpoints   
4       Integration of Interdisciplinary Perspectives   
5                        Clarity of Logical Structure   
6               Reasonableness of Chapter Arrangement   
7              Quality of Introduction and Conclusion   
8              Accuracy and Completeness of Citations   
9              Timeliness and Relevance of References   
10   Avoidance of Plagiarism and Appropriate Citation   
11             Critical Analysis of Existing Research   
12   Proposal of New Research Directions or Questions   
13                Potential Contribution to the Field   
14             Clarity of Research Method Description   
15                    Rationality of Method Selection   
16                           Rigor of Research Design   
17               Inclusion of Latest Research Results   
18            Reflection of Current Research Hotspots   
19                     Fluency of Language Expression   
20    Appropriateness of Professional Terminology Use   
21                          Conciseness of Expression   
22  Practical Application Potential of Research Re...   
23                Feasibility of Proposed Suggestions   
24                             Logic of Argumentation   
25                   Multi-angle Analysis of Problems   
26  Identification and Discussion of Research Limi...   

    ICC (Intraclass Correlation Coefficient) ICC 95% Confidence Interval  \
0                                   0.577011                [0.48, 0.68]   
1                                   0.757862                [0.67, 0.83]   
2                                   0.517472                [0.42, 0.63]   
3                                   0.619831                [0.52, 0.72]   
4                                   0.683699                [0.57, 0.78]   
5                                   0.648765                [0.53, 0.76]   
6                                   0.626910                 [0.5, 0.74]   
7                                   0.611374                [0.49, 0.72]   
8                                   0.666052                [0.57, 0.76]   
9                                   0.564818                [0.44, 0.68]   
10                                  0.437665                [0.34, 0.56]   
11                                  0.591968                 [0.49, 0.7]   
12                                  0.498506                [0.39, 0.61]   
13                                  0.538638                [0.44, 0.65]   
14                                  0.636559                [0.54, 0.74]   
15                                  0.625112                [0.52, 0.73]   
16                                  0.626997                [0.52, 0.73]   
17                                  0.550238                [0.43, 0.67]   
18                                  0.507224                [0.38, 0.64]   
19                                  0.536922                [0.42, 0.65]   
20                                  0.546529                [0.44, 0.66]   
21                                  0.484959                [0.38, 0.61]   
22                                  0.524380                [0.42, 0.64]   
23                                  0.285627                  [0.2, 0.4]   
24                                  0.608558                [0.49, 0.72]   
25                                  0.625592                [0.52, 0.73]   
26                                  0.557096                [0.45, 0.67]   

    Transitivity Consistency Ratio (%)  
0                            86.060606  
1                            76.363636  
2                            86.060606  
3                            78.181818  
4                            72.727273  
5                            79.393939  
6                            79.393939  
7                            79.393939  
8                            87.878788  
9                            75.757576  
10                           86.060606  
11                           76.363636  
12                           77.575758  
13                           76.969697  
14                           75.151515  
15                           75.757576  
16                           76.969697  
17                           74.545455  
18                           75.151515  
19                           76.969697  
20                           73.333333  
21                           76.969697  
22                           76.969697  
23                           76.363636  
24                           75.757576  
25                           75.151515  
26                           76.363636  

Results have been saved to 'reliability_analysis.csv'
