Author
10      0.000000
5       8.553248
4       8.676113
2      11.055224
1      11.706436
3      21.179596
8      22.968394
0      52.379118
7      56.252774
6      69.179760
9     100.000000
Name: Score, dtype: float64

Results have been saved to 'pagerank_results_balanced.csv'
Combined Results:
                                          Subcategory  \
0                                     Topic Relevance   
1                    Comprehensiveness of Information   
2                             Accuracy of Information   
3                        Innovativeness of Viewpoints   
4       Integration of Interdisciplinary Perspectives   
5                        Clarity of Logical Structure   
6               Reasonableness of Chapter Arrangement   
7              Quality of Introduction and Conclusion   
8              Accuracy and Completeness of Citations   
9              Timeliness and Relevance of References   
10   Avoidance of Plagiarism and Appropriate Citation   
11             Critical Analysis of Existing Research   
12   Proposal of New Research Directions or Questions   
13                Potential Contribution to the Field   
14             Clarity of Research Method Description   
15                    Rationality of Method Selection   
16                           Rigor of Research Design   
17               Inclusion of Latest Research Results   
18            Reflection of Current Research Hotspots   
19                     Fluency of Language Expression   
20    Appropriateness of Professional Terminology Use   
21                          Conciseness of Expression   
22  Practical Application Potential of Research Re...   
23                Feasibility of Proposed Suggestions   
24                             Logic of Argumentation   
25                   Multi-angle Analysis of Problems   
26  Identification and Discussion of Research Limi...   

    ICC (Intraclass Correlation Coefficient) ICC 95% Confidence Interval  \
0                                   0.484677                 [0.38, 0.6]   
1                                   0.720427                 [0.64, 0.8]   
2                                   0.454673                [0.35, 0.57]   
3                                   0.684062                [0.59, 0.77]   
4                                   0.665521                [0.57, 0.76]   
5                                   0.683573                [0.59, 0.77]   
6                                   0.674522                [0.58, 0.76]   
7                                   0.644415                [0.55, 0.74]   
8                                   0.574451                [0.47, 0.68]   
9                                   0.565529                [0.47, 0.67]   
10                                  0.371828                [0.27, 0.49]   
11                                  0.676757                [0.59, 0.77]   
12                                  0.590103                [0.49, 0.69]   
13                                  0.659444                [0.57, 0.75]   
14                                  0.624613                [0.53, 0.72]   
15                                  0.633672                [0.54, 0.73]   
16                                  0.607724                [0.51, 0.71]   
17                                  0.561143                [0.46, 0.67]   
18                                  0.564268                [0.46, 0.67]   
19                                  0.556013                [0.46, 0.67]   
20                                  0.538663                [0.44, 0.65]   
21                                  0.553295                [0.45, 0.66]   
22                                  0.640711                [0.55, 0.74]   
23                                  0.566879                [0.47, 0.67]   
24                                  0.646331                [0.55, 0.74]   
25                                  0.641064                [0.55, 0.74]   
26                                  0.613229                [0.52, 0.71]   

    Transitivity Consistency Ratio (%)  
0                            88.484848  
1                            86.666667  
2                            89.090909  
3                            86.666667  
4                            86.060606  
5                            87.272727  
6                            86.060606  
7                            88.484848  
8                            84.848485  
9                            79.393939  
10                           88.484848  
11                           86.666667  
12                           86.666667  
13                           86.666667  
14                           86.666667  
15                           86.666667  
16                           86.666667  
17                           79.393939  
18                           81.212121  
19                           86.666667  
20                           85.454545  
21                           88.484848  
22                           87.272727  
23                           86.666667  
24                           86.666667  
25                           86.666667  
26                           86.666667  

Results have been saved to 'reliability_analysis.csv'
Author
10      0.000000
5       8.553248
4       8.676113
2      11.055224
1      11.706436
3      21.179596
8      22.968394
0      52.379118
7      56.252774
6      69.179760
9     100.000000
Name: Score, dtype: float64

Results have been saved to 'pagerank_results_balanced.csv'
Combined Results:
                                          Subcategory  \
0                                     Topic Relevance   
1                    Comprehensiveness of Information   
2                             Accuracy of Information   
3                        Innovativeness of Viewpoints   
4       Integration of Interdisciplinary Perspectives   
5                        Clarity of Logical Structure   
6               Reasonableness of Chapter Arrangement   
7              Quality of Introduction and Conclusion   
8              Accuracy and Completeness of Citations   
9              Timeliness and Relevance of References   
10   Avoidance of Plagiarism and Appropriate Citation   
11             Critical Analysis of Existing Research   
12   Proposal of New Research Directions or Questions   
13                Potential Contribution to the Field   
14             Clarity of Research Method Description   
15                    Rationality of Method Selection   
16                           Rigor of Research Design   
17               Inclusion of Latest Research Results   
18            Reflection of Current Research Hotspots   
19                     Fluency of Language Expression   
20    Appropriateness of Professional Terminology Use   
21                          Conciseness of Expression   
22  Practical Application Potential of Research Re...   
23                Feasibility of Proposed Suggestions   
24                             Logic of Argumentation   
25                   Multi-angle Analysis of Problems   
26  Identification and Discussion of Research Limi...   

    ICC (Intraclass Correlation Coefficient) ICC 95% Confidence Interval  \
0                                   0.484677                 [0.38, 0.6]   
1                                   0.720427                 [0.64, 0.8]   
2                                   0.454673                [0.35, 0.57]   
3                                   0.684062                [0.59, 0.77]   
4                                   0.665521                [0.57, 0.76]   
5                                   0.683573                [0.59, 0.77]   
6                                   0.674522                [0.58, 0.76]   
7                                   0.644415                [0.55, 0.74]   
8                                   0.574451                [0.47, 0.68]   
9                                   0.565529                [0.47, 0.67]   
10                                  0.371828                [0.27, 0.49]   
11                                  0.676757                [0.59, 0.77]   
12                                  0.590103                [0.49, 0.69]   
13                                  0.659444                [0.57, 0.75]   
14                                  0.624613                [0.53, 0.72]   
15                                  0.633672                [0.54, 0.73]   
16                                  0.607724                [0.51, 0.71]   
17                                  0.561143                [0.46, 0.67]   
18                                  0.564268                [0.46, 0.67]   
19                                  0.556013                [0.46, 0.67]   
20                                  0.538663                [0.44, 0.65]   
21                                  0.553295                [0.45, 0.66]   
22                                  0.640711                [0.55, 0.74]   
23                                  0.566879                [0.47, 0.67]   
24                                  0.646331                [0.55, 0.74]   
25                                  0.641064                [0.55, 0.74]   
26                                  0.613229                [0.52, 0.71]   

    Transitivity Consistency Ratio (%)  
0                            88.484848  
1                            86.666667  
2                            89.090909  
3                            86.666667  
4                            86.060606  
5                            87.272727  
6                            86.060606  
7                            88.484848  
8                            84.848485  
9                            79.393939  
10                           88.484848  
11                           86.666667  
12                           86.666667  
13                           86.666667  
14                           86.666667  
15                           86.666667  
16                           86.666667  
17                           79.393939  
18                           81.212121  
19                           86.666667  
20                           85.454545  
21                           88.484848  
22                           87.272727  
23                           86.666667  
24                           86.666667  
25                           86.666667  
26                           86.666667  

Results have been saved to 'reliability_analysis.csv'
Author
10      0.000000
1      10.450476
2      12.071943
5      13.390606
4      14.715915
3      20.242621
8      25.772787
0      51.809480
7      57.576073
6      72.368833
9     100.000000
Name: Score, dtype: float64

Results have been saved to 'pagerank_results_balanced.csv'
Combined Results:
                                          Subcategory  \
0                                     Topic Relevance   
1                    Comprehensiveness of Information   
2                             Accuracy of Information   
3                        Innovativeness of Viewpoints   
4       Integration of Interdisciplinary Perspectives   
5                        Clarity of Logical Structure   
6               Reasonableness of Chapter Arrangement   
7              Quality of Introduction and Conclusion   
8              Accuracy and Completeness of Citations   
9              Timeliness and Relevance of References   
10   Avoidance of Plagiarism and Appropriate Citation   
11             Critical Analysis of Existing Research   
12   Proposal of New Research Directions or Questions   
13                Potential Contribution to the Field   
14             Clarity of Research Method Description   
15                    Rationality of Method Selection   
16                           Rigor of Research Design   
17               Inclusion of Latest Research Results   
18            Reflection of Current Research Hotspots   
19                     Fluency of Language Expression   
20    Appropriateness of Professional Terminology Use   
21                          Conciseness of Expression   
22  Practical Application Potential of Research Re...   
23                Feasibility of Proposed Suggestions   
24                             Logic of Argumentation   
25                   Multi-angle Analysis of Problems   
26  Identification and Discussion of Research Limi...   

    ICC (Intraclass Correlation Coefficient) ICC 95% Confidence Interval  \
0                                   0.484677                 [0.38, 0.6]   
1                                   0.720427                 [0.64, 0.8]   
2                                   0.454673                [0.35, 0.57]   
3                                   0.684062                [0.59, 0.77]   
4                                   0.665521                [0.57, 0.76]   
5                                   0.683573                [0.59, 0.77]   
6                                   0.674522                [0.58, 0.76]   
7                                   0.644415                [0.55, 0.74]   
8                                   0.574451                [0.47, 0.68]   
9                                   0.565529                [0.47, 0.67]   
10                                  0.371828                [0.27, 0.49]   
11                                  0.676757                [0.59, 0.77]   
12                                  0.590103                [0.49, 0.69]   
13                                  0.659444                [0.57, 0.75]   
14                                  0.624613                [0.53, 0.72]   
15                                  0.633672                [0.54, 0.73]   
16                                  0.607724                [0.51, 0.71]   
17                                  0.561143                [0.46, 0.67]   
18                                  0.564268                [0.46, 0.67]   
19                                  0.556013                [0.46, 0.67]   
20                                  0.538663                [0.44, 0.65]   
21                                  0.553295                [0.45, 0.66]   
22                                  0.640711                [0.55, 0.74]   
23                                  0.566879                [0.47, 0.67]   
24                                  0.646331                [0.55, 0.74]   
25                                  0.641064                [0.55, 0.74]   
26                                  0.613229                [0.52, 0.71]   

    Transitivity Consistency Ratio (%)  
0                            82.075472  
1                            86.075949  
2                            61.702128  
3                            86.075949  
4                            86.060606  
5                            85.906040  
6                            86.060606  
7                            87.820513  
8                            59.016393  
9                            78.616352  
10                           57.777778  
11                           86.075949  
12                           85.897436  
13                           86.075949  
14                           85.897436  
15                           85.897436  
16                           85.897436  
17                           78.616352  
18                           81.212121  
19                           85.897436  
20                           84.615385  
21                           87.820513  
22                           85.906040  
23                           85.897436  
24                           85.897436  
25                           85.897436  
26                           85.897436  

Results have been saved to 'reliability_analysis.csv'
Author
10      0.000000
1      10.450476
2      12.071943
5      13.390606
4      14.715915
3      20.242621
8      25.772787
0      51.809480
7      57.576073
6      72.368833
9     100.000000
Name: Score, dtype: float64

Results have been saved to 'pagerank_results_balanced.csv'
Combined Results:
                                          Subcategory  \
0                                     Topic Relevance   
1                    Comprehensiveness of Information   
2                             Accuracy of Information   
3                        Innovativeness of Viewpoints   
4       Integration of Interdisciplinary Perspectives   
5                        Clarity of Logical Structure   
6               Reasonableness of Chapter Arrangement   
7              Quality of Introduction and Conclusion   
8              Accuracy and Completeness of Citations   
9              Timeliness and Relevance of References   
10   Avoidance of Plagiarism and Appropriate Citation   
11             Critical Analysis of Existing Research   
12   Proposal of New Research Directions or Questions   
13                Potential Contribution to the Field   
14             Clarity of Research Method Description   
15                    Rationality of Method Selection   
16                           Rigor of Research Design   
17               Inclusion of Latest Research Results   
18            Reflection of Current Research Hotspots   
19                     Fluency of Language Expression   
20    Appropriateness of Professional Terminology Use   
21                          Conciseness of Expression   
22  Practical Application Potential of Research Re...   
23                Feasibility of Proposed Suggestions   
24                             Logic of Argumentation   
25                   Multi-angle Analysis of Problems   
26  Identification and Discussion of Research Limi...   

    ICC (Intraclass Correlation Coefficient) ICC 95% Confidence Interval  \
0                                   0.484677                 [0.38, 0.6]   
1                                   0.720427                 [0.64, 0.8]   
2                                   0.454673                [0.35, 0.57]   
3                                   0.684062                [0.59, 0.77]   
4                                   0.665521                [0.57, 0.76]   
5                                   0.683573                [0.59, 0.77]   
6                                   0.674522                [0.58, 0.76]   
7                                   0.644415                [0.55, 0.74]   
8                                   0.574451                [0.47, 0.68]   
9                                   0.565529                [0.47, 0.67]   
10                                  0.371828                [0.27, 0.49]   
11                                  0.676757                [0.59, 0.77]   
12                                  0.590103                [0.49, 0.69]   
13                                  0.659444                [0.57, 0.75]   
14                                  0.624613                [0.53, 0.72]   
15                                  0.633672                [0.54, 0.73]   
16                                  0.607724                [0.51, 0.71]   
17                                  0.561143                [0.46, 0.67]   
18                                  0.564268                [0.46, 0.67]   
19                                  0.556013                [0.46, 0.67]   
20                                  0.538663                [0.44, 0.65]   
21                                  0.553295                [0.45, 0.66]   
22                                  0.640711                [0.55, 0.74]   
23                                  0.566879                [0.47, 0.67]   
24                                  0.646331                [0.55, 0.74]   
25                                  0.641064                [0.55, 0.74]   
26                                  0.613229                [0.52, 0.71]   

    Transitivity Consistency Ratio (%)  
0                            82.075472  
1                            86.075949  
2                            61.702128  
3                            86.075949  
4                            86.060606  
5                            85.906040  
6                            86.060606  
7                            87.820513  
8                            59.016393  
9                            78.616352  
10                           57.777778  
11                           86.075949  
12                           85.897436  
13                           86.075949  
14                           85.897436  
15                           85.897436  
16                           85.897436  
17                           78.616352  
18                           81.212121  
19                           85.897436  
20                           84.615385  
21                           87.820513  
22                           85.906040  
23                           85.897436  
24                           85.897436  
25                           85.897436  
26                           85.897436  

Results have been saved to 'reliability_analysis.csv'
