Author
10      0.000000
9      22.957690
2      25.601250
6      32.953994
4      39.747258
3      57.276610
7      79.954356
0      81.022059
1      88.175553
5      90.772539
8     100.000000
Name: Score, dtype: float64

Results have been saved to 'pagerank_results_balanced.csv'
Combined Results:
                                          Subcategory  \
0                                     Topic Relevance   
1                    Comprehensiveness of Information   
2                             Accuracy of Information   
3                        Innovativeness of Viewpoints   
4       Integration of Interdisciplinary Perspectives   
5                        Clarity of Logical Structure   
6               Reasonableness of Chapter Arrangement   
7              Quality of Introduction and Conclusion   
8              Accuracy and Completeness of Citations   
9              Timeliness and Relevance of References   
10   Avoidance of Plagiarism and Appropriate Citation   
11             Critical Analysis of Existing Research   
12   Proposal of New Research Directions or Questions   
13                Potential Contribution to the Field   
14             Clarity of Research Method Description   
15                    Rationality of Method Selection   
16                           Rigor of Research Design   
17               Inclusion of Latest Research Results   
18            Reflection of Current Research Hotspots   
19                     Fluency of Language Expression   
20    Appropriateness of Professional Terminology Use   
21                          Conciseness of Expression   
22  Practical Application Potential of Research Re...   
23                Feasibility of Proposed Suggestions   
24                             Logic of Argumentation   
25                   Multi-angle Analysis of Problems   
26  Identification and Discussion of Research Limi...   

    ICC (Intraclass Correlation Coefficient) ICC 95% Confidence Interval  \
0                                   0.406077                [0.31, 0.53]   
1                                   0.801752                [0.73, 0.86]   
2                                   0.205096                [0.13, 0.31]   
3                                   0.803421                [0.74, 0.86]   
4                                   0.779973                [0.71, 0.85]   
5                                   0.675083                [0.58, 0.77]   
6                                   0.649944                [0.55, 0.75]   
7                                   0.640784                [0.55, 0.74]   
8                                   0.684397                 [0.6, 0.77]   
9                                   0.699483                [0.61, 0.78]   
10                                  0.354362                [0.26, 0.47]   
11                                  0.791874                [0.72, 0.86]   
12                                  0.757957                [0.68, 0.83]   
13                                  0.788794                [0.72, 0.85]   
14                                  0.660494                [0.57, 0.75]   
15                                  0.663331                [0.57, 0.76]   
16                                  0.637342                [0.54, 0.73]   
17                                  0.703762                [0.62, 0.79]   
18                                  0.709714                [0.62, 0.79]   
19                                  0.587253                [0.49, 0.69]   
20                                  0.619929                [0.52, 0.72]   
21                                  0.622560                [0.53, 0.72]   
22                                  0.765900                [0.69, 0.84]   
23                                  0.745984                [0.67, 0.82]   
24                                  0.656495                [0.56, 0.75]   
25                                  0.731400                [0.65, 0.81]   
26                                  0.707581                [0.62, 0.79]   

    Transitivity Consistency Ratio (%)  
0                            82.424242  
1                            77.575758  
2                            92.121212  
3                            81.212121  
4                            80.000000  
5                            74.545455  
6                            74.545455  
7                            76.363636  
8                            86.666667  
9                            75.151515  
10                           93.939394  
11                           83.636364  
12                           80.606061  
13                           83.636364  
14                           75.151515  
15                           75.151515  
16                           74.545455  
17                           73.939394  
18                           75.757576  
19                           73.939394  
20                           77.575758  
21                           76.363636  
22                           83.636364  
23                           80.606061  
24                           74.545455  
25                           79.393939  
26                           79.393939  

Results have been saved to 'reliability_analysis.csv'
Author
10      0.000000
9      18.040770
2      22.060687
6      29.613917
4      35.206959
3      51.744422
0      77.511099
7      77.637122
1      86.685581
5      89.231186
8     100.000000
Name: Score, dtype: float64

Results have been saved to 'pagerank_results_balanced.csv'
Combined Results:
                                          Subcategory  \
0                                     Topic Relevance   
1                    Comprehensiveness of Information   
2                             Accuracy of Information   
3                        Innovativeness of Viewpoints   
4       Integration of Interdisciplinary Perspectives   
5                        Clarity of Logical Structure   
6               Reasonableness of Chapter Arrangement   
7              Quality of Introduction and Conclusion   
8              Accuracy and Completeness of Citations   
9              Timeliness and Relevance of References   
10   Avoidance of Plagiarism and Appropriate Citation   
11             Critical Analysis of Existing Research   
12   Proposal of New Research Directions or Questions   
13                Potential Contribution to the Field   
14             Clarity of Research Method Description   
15                    Rationality of Method Selection   
16                           Rigor of Research Design   
17               Inclusion of Latest Research Results   
18            Reflection of Current Research Hotspots   
19                     Fluency of Language Expression   
20    Appropriateness of Professional Terminology Use   
21                          Conciseness of Expression   
22  Practical Application Potential of Research Re...   
23                Feasibility of Proposed Suggestions   
24                             Logic of Argumentation   
25                   Multi-angle Analysis of Problems   
26  Identification and Discussion of Research Limi...   

    ICC (Intraclass Correlation Coefficient) ICC 95% Confidence Interval  \
0                                   0.406077                [0.31, 0.53]   
1                                   0.801752                [0.73, 0.86]   
2                                   0.205096                [0.13, 0.31]   
3                                   0.803421                [0.74, 0.86]   
4                                   0.779973                [0.71, 0.85]   
5                                   0.675083                [0.58, 0.77]   
6                                   0.649944                [0.55, 0.75]   
7                                   0.640784                [0.55, 0.74]   
8                                   0.684397                 [0.6, 0.77]   
9                                   0.699483                [0.61, 0.78]   
10                                  0.354362                [0.26, 0.47]   
11                                  0.791874                [0.72, 0.86]   
12                                  0.757957                [0.68, 0.83]   
13                                  0.788794                [0.72, 0.85]   
14                                  0.660494                [0.57, 0.75]   
15                                  0.663331                [0.57, 0.76]   
16                                  0.637342                [0.54, 0.73]   
17                                  0.703762                [0.62, 0.79]   
18                                  0.709714                [0.62, 0.79]   
19                                  0.587253                [0.49, 0.69]   
20                                  0.619929                [0.52, 0.72]   
21                                  0.622560                [0.53, 0.72]   
22                                  0.765900                [0.69, 0.84]   
23                                  0.745984                [0.67, 0.82]   
24                                  0.656495                [0.56, 0.75]   
25                                  0.731400                [0.65, 0.81]   
26                                  0.707581                [0.62, 0.79]   

    Transitivity Consistency Ratio (%)  
0                            73.148148  
1                            77.575758  
2                            48.000000  
3                            81.212121  
4                            80.000000  
5                            74.545455  
6                            74.545455  
7                            75.000000  
8                            61.403509  
9                            75.151515  
10                           70.588235  
11                           82.692308  
12                           80.606061  
13                           82.692308  
14                           75.151515  
15                           75.151515  
16                           74.545455  
17                           73.939394  
18                           75.757576  
19                           73.939394  
20                           76.582278  
21                           76.363636  
22                           82.692308  
23                           80.606061  
24                           73.417722  
25                           78.616352  
26                           78.616352  

Results have been saved to 'reliability_analysis.csv'
Author
10      0.000000
9      18.040770
2      22.060687
6      29.613917
4      35.206959
3      51.744422
0      77.511099
7      77.637122
1      86.685581
5      89.231186
8     100.000000
Name: Score, dtype: float64

Results have been saved to 'pagerank_results_balanced.csv'
Combined Results:
                                          Subcategory  \
0                                     Topic Relevance   
1                    Comprehensiveness of Information   
2                             Accuracy of Information   
3                        Innovativeness of Viewpoints   
4       Integration of Interdisciplinary Perspectives   
5                        Clarity of Logical Structure   
6               Reasonableness of Chapter Arrangement   
7              Quality of Introduction and Conclusion   
8              Accuracy and Completeness of Citations   
9              Timeliness and Relevance of References   
10   Avoidance of Plagiarism and Appropriate Citation   
11             Critical Analysis of Existing Research   
12   Proposal of New Research Directions or Questions   
13                Potential Contribution to the Field   
14             Clarity of Research Method Description   
15                    Rationality of Method Selection   
16                           Rigor of Research Design   
17               Inclusion of Latest Research Results   
18            Reflection of Current Research Hotspots   
19                     Fluency of Language Expression   
20    Appropriateness of Professional Terminology Use   
21                          Conciseness of Expression   
22  Practical Application Potential of Research Re...   
23                Feasibility of Proposed Suggestions   
24                             Logic of Argumentation   
25                   Multi-angle Analysis of Problems   
26  Identification and Discussion of Research Limi...   

    ICC (Intraclass Correlation Coefficient) ICC 95% Confidence Interval  \
0                                   0.406077                [0.31, 0.53]   
1                                   0.801752                [0.73, 0.86]   
2                                   0.205096                [0.13, 0.31]   
3                                   0.803421                [0.74, 0.86]   
4                                   0.779973                [0.71, 0.85]   
5                                   0.675083                [0.58, 0.77]   
6                                   0.649944                [0.55, 0.75]   
7                                   0.640784                [0.55, 0.74]   
8                                   0.684397                 [0.6, 0.77]   
9                                   0.699483                [0.61, 0.78]   
10                                  0.354362                [0.26, 0.47]   
11                                  0.791874                [0.72, 0.86]   
12                                  0.757957                [0.68, 0.83]   
13                                  0.788794                [0.72, 0.85]   
14                                  0.660494                [0.57, 0.75]   
15                                  0.663331                [0.57, 0.76]   
16                                  0.637342                [0.54, 0.73]   
17                                  0.703762                [0.62, 0.79]   
18                                  0.709714                [0.62, 0.79]   
19                                  0.587253                [0.49, 0.69]   
20                                  0.619929                [0.52, 0.72]   
21                                  0.622560                [0.53, 0.72]   
22                                  0.765900                [0.69, 0.84]   
23                                  0.745984                [0.67, 0.82]   
24                                  0.656495                [0.56, 0.75]   
25                                  0.731400                [0.65, 0.81]   
26                                  0.707581                [0.62, 0.79]   

    Transitivity Consistency Ratio (%)  
0                            73.148148  
1                            77.575758  
2                            48.000000  
3                            81.212121  
4                            80.000000  
5                            74.545455  
6                            74.545455  
7                            75.000000  
8                            61.403509  
9                            75.151515  
10                           70.588235  
11                           82.692308  
12                           80.606061  
13                           82.692308  
14                           75.151515  
15                           75.151515  
16                           74.545455  
17                           73.939394  
18                           75.757576  
19                           73.939394  
20                           76.582278  
21                           76.363636  
22                           82.692308  
23                           80.606061  
24                           73.417722  
25                           78.616352  
26                           78.616352  

Results have been saved to 'reliability_analysis.csv'
