Author
6      1.076399
10     2.673492
3      4.161615
8     23.412722
5     41.690735
0     43.493412
2     70.476531
1     78.053172
4     78.799059
7     95.670414
9     99.989101
Name: Score, dtype: float64

Results have been saved to 'pagerank_results_balanced.csv'
Combined Results:
                                          Subcategory  \
0                                     Topic Relevance   
1                    Comprehensiveness of Information   
2                             Accuracy of Information   
3                        Innovativeness of Viewpoints   
4       Integration of Interdisciplinary Perspectives   
5                        Clarity of Logical Structure   
6               Reasonableness of Chapter Arrangement   
7              Quality of Introduction and Conclusion   
8              Accuracy and Completeness of Citations   
9              Timeliness and Relevance of References   
10   Avoidance of Plagiarism and Appropriate Citation   
11             Critical Analysis of Existing Research   
12   Proposal of New Research Directions or Questions   
13                Potential Contribution to the Field   
14             Clarity of Research Method Description   
15                    Rationality of Method Selection   
16                           Rigor of Research Design   
17               Inclusion of Latest Research Results   
18            Reflection of Current Research Hotspots   
19                     Fluency of Language Expression   
20    Appropriateness of Professional Terminology Use   
21                          Conciseness of Expression   
22  Practical Application Potential of Research Re...   
23                Feasibility of Proposed Suggestions   
24                             Logic of Argumentation   
25                   Multi-angle Analysis of Problems   
26  Identification and Discussion of Research Limi...   

    ICC (Intraclass Correlation Coefficient) ICC 95% Confidence Interval  \
0                                   0.464296                [0.36, 0.58]   
1                                   0.738120                [0.65, 0.82]   
2                                   0.147392                [0.08, 0.24]   
3                                   0.610506                [0.51, 0.71]   
4                                   0.679090                [0.59, 0.77]   
5                                   0.689168                 [0.6, 0.78]   
6                                   0.692366                 [0.6, 0.78]   
7                                   0.606772                [0.51, 0.71]   
8                                   0.566758                [0.47, 0.67]   
9                                   0.658975                [0.57, 0.75]   
10                                  0.250243                [0.17, 0.36]   
11                                  0.637398                [0.54, 0.74]   
12                                  0.557092                [0.46, 0.67]   
13                                  0.638108                [0.54, 0.74]   
14                                  0.643045                [0.55, 0.74]   
15                                  0.620256                [0.52, 0.72]   
16                                  0.609482                [0.51, 0.71]   
17                                  0.646357                [0.55, 0.74]   
18                                  0.646491                [0.55, 0.74]   
19                                  0.599634                  [0.5, 0.7]   
20                                  0.623271                [0.53, 0.72]   
21                                  0.601659                  [0.5, 0.7]   
22                                  0.617326                [0.52, 0.72]   
23                                  0.567283                [0.47, 0.68]   
24                                  0.632068                [0.54, 0.73]   
25                                  0.643247                [0.55, 0.74]   
26                                  0.612664                [0.51, 0.71]   

    Transitivity Consistency Ratio (%)  
0                            73.939394  
1                            70.909091  
2                            78.181818  
3                            73.939394  
4                            71.515152  
5                            72.121212  
6                            72.727273  
7                            72.121212  
8                            75.757576  
9                            73.939394  
10                           80.606061  
11                           78.181818  
12                           76.969697  
13                           74.545455  
14                           73.333333  
15                           74.545455  
16                           73.333333  
17                           73.939394  
18                           75.151515  
19                           70.909091  
20                           70.303030  
21                           72.121212  
22                           73.333333  
23                           73.333333  
24                           72.121212  
25                           72.727273  
26                           73.939394  

Results have been saved to 'reliability_analysis.csv'
Author
10     0.851169
6      1.993590
3      4.310162
8     22.477455
5     37.723675
0     40.338297
2     66.590640
1     74.319521
4     75.023015
7     95.315010
9     99.965677
Name: Score, dtype: float64

Results have been saved to 'pagerank_results_balanced.csv'
Combined Results:
                                          Subcategory  \
0                                     Topic Relevance   
1                    Comprehensiveness of Information   
2                             Accuracy of Information   
3                        Innovativeness of Viewpoints   
4       Integration of Interdisciplinary Perspectives   
5                        Clarity of Logical Structure   
6               Reasonableness of Chapter Arrangement   
7              Quality of Introduction and Conclusion   
8              Accuracy and Completeness of Citations   
9              Timeliness and Relevance of References   
10   Avoidance of Plagiarism and Appropriate Citation   
11             Critical Analysis of Existing Research   
12   Proposal of New Research Directions or Questions   
13                Potential Contribution to the Field   
14             Clarity of Research Method Description   
15                    Rationality of Method Selection   
16                           Rigor of Research Design   
17               Inclusion of Latest Research Results   
18            Reflection of Current Research Hotspots   
19                     Fluency of Language Expression   
20    Appropriateness of Professional Terminology Use   
21                          Conciseness of Expression   
22  Practical Application Potential of Research Re...   
23                Feasibility of Proposed Suggestions   
24                             Logic of Argumentation   
25                   Multi-angle Analysis of Problems   
26  Identification and Discussion of Research Limi...   

    ICC (Intraclass Correlation Coefficient) ICC 95% Confidence Interval  \
0                                   0.464296                [0.36, 0.58]   
1                                   0.738120                [0.65, 0.82]   
2                                   0.147392                [0.08, 0.24]   
3                                   0.610506                [0.51, 0.71]   
4                                   0.679090                [0.59, 0.77]   
5                                   0.689168                 [0.6, 0.78]   
6                                   0.692366                 [0.6, 0.78]   
7                                   0.606772                [0.51, 0.71]   
8                                   0.566758                [0.47, 0.67]   
9                                   0.658975                [0.57, 0.75]   
10                                  0.250243                [0.17, 0.36]   
11                                  0.637398                [0.54, 0.74]   
12                                  0.557092                [0.46, 0.67]   
13                                  0.638108                [0.54, 0.74]   
14                                  0.643045                [0.55, 0.74]   
15                                  0.620256                [0.52, 0.72]   
16                                  0.609482                [0.51, 0.71]   
17                                  0.646357                [0.55, 0.74]   
18                                  0.646491                [0.55, 0.74]   
19                                  0.599634                  [0.5, 0.7]   
20                                  0.623271                [0.53, 0.72]   
21                                  0.601659                  [0.5, 0.7]   
22                                  0.617326                [0.52, 0.72]   
23                                  0.567283                [0.47, 0.68]   
24                                  0.632068                [0.54, 0.73]   
25                                  0.643247                [0.55, 0.74]   
26                                  0.612664                [0.51, 0.71]   

    Transitivity Consistency Ratio (%)  
0                            67.669173  
1                            70.909091  
2                            61.702128  
3                            73.939394  
4                            71.515152  
5                            72.121212  
6                            72.727273  
7                            72.121212  
8                            63.636364  
9                            73.939394  
10                           60.975610  
11                           78.181818  
12                           74.834437  
13                           74.545455  
14                           73.333333  
15                           73.076923  
16                           73.333333  
17                           73.939394  
18                           75.151515  
19                           70.909091  
20                           70.303030  
21                           70.512821  
22                           73.333333  
23                           73.333333  
24                           72.121212  
25                           71.337580  
26                           71.333333  

Results have been saved to 'reliability_analysis.csv'
Author
10     0.851169
6      1.993590
3      4.310162
8     22.477455
5     37.723675
0     40.338297
2     66.590640
1     74.319521
4     75.023015
7     95.315010
9     99.965677
Name: Score, dtype: float64

Results have been saved to 'pagerank_results_balanced.csv'
Combined Results:
                                          Subcategory  \
0                                     Topic Relevance   
1                    Comprehensiveness of Information   
2                             Accuracy of Information   
3                        Innovativeness of Viewpoints   
4       Integration of Interdisciplinary Perspectives   
5                        Clarity of Logical Structure   
6               Reasonableness of Chapter Arrangement   
7              Quality of Introduction and Conclusion   
8              Accuracy and Completeness of Citations   
9              Timeliness and Relevance of References   
10   Avoidance of Plagiarism and Appropriate Citation   
11             Critical Analysis of Existing Research   
12   Proposal of New Research Directions or Questions   
13                Potential Contribution to the Field   
14             Clarity of Research Method Description   
15                    Rationality of Method Selection   
16                           Rigor of Research Design   
17               Inclusion of Latest Research Results   
18            Reflection of Current Research Hotspots   
19                     Fluency of Language Expression   
20    Appropriateness of Professional Terminology Use   
21                          Conciseness of Expression   
22  Practical Application Potential of Research Re...   
23                Feasibility of Proposed Suggestions   
24                             Logic of Argumentation   
25                   Multi-angle Analysis of Problems   
26  Identification and Discussion of Research Limi...   

    ICC (Intraclass Correlation Coefficient) ICC 95% Confidence Interval  \
0                                   0.464296                [0.36, 0.58]   
1                                   0.738120                [0.65, 0.82]   
2                                   0.147392                [0.08, 0.24]   
3                                   0.610506                [0.51, 0.71]   
4                                   0.679090                [0.59, 0.77]   
5                                   0.689168                 [0.6, 0.78]   
6                                   0.692366                 [0.6, 0.78]   
7                                   0.606772                [0.51, 0.71]   
8                                   0.566758                [0.47, 0.67]   
9                                   0.658975                [0.57, 0.75]   
10                                  0.250243                [0.17, 0.36]   
11                                  0.637398                [0.54, 0.74]   
12                                  0.557092                [0.46, 0.67]   
13                                  0.638108                [0.54, 0.74]   
14                                  0.643045                [0.55, 0.74]   
15                                  0.620256                [0.52, 0.72]   
16                                  0.609482                [0.51, 0.71]   
17                                  0.646357                [0.55, 0.74]   
18                                  0.646491                [0.55, 0.74]   
19                                  0.599634                  [0.5, 0.7]   
20                                  0.623271                [0.53, 0.72]   
21                                  0.601659                  [0.5, 0.7]   
22                                  0.617326                [0.52, 0.72]   
23                                  0.567283                [0.47, 0.68]   
24                                  0.632068                [0.54, 0.73]   
25                                  0.643247                [0.55, 0.74]   
26                                  0.612664                [0.51, 0.71]   

    Transitivity Consistency Ratio (%)  
0                            67.669173  
1                            70.909091  
2                            61.702128  
3                            73.939394  
4                            71.515152  
5                            72.121212  
6                            72.727273  
7                            72.121212  
8                            63.636364  
9                            73.939394  
10                           60.975610  
11                           78.181818  
12                           74.834437  
13                           74.545455  
14                           73.333333  
15                           73.076923  
16                           73.333333  
17                           73.939394  
18                           75.151515  
19                           70.909091  
20                           70.303030  
21                           70.512821  
22                           73.333333  
23                           73.333333  
24                           72.121212  
25                           71.337580  
26                           71.333333  

Results have been saved to 'reliability_analysis.csv'
