Author
7       0.174798
3       0.263733
5       0.847249
4       1.547987
0       1.548998
1      11.231531
6      12.613769
2      41.192372
10     57.163329
8      73.395247
9     100.000000
Name: Score, dtype: float64

Results have been saved to 'pagerank_results_balanced.csv'
Combined Results:
                                          Subcategory  \
0                                     Topic Relevance   
1                    Comprehensiveness of Information   
2                             Accuracy of Information   
3                        Innovativeness of Viewpoints   
4       Integration of Interdisciplinary Perspectives   
5                        Clarity of Logical Structure   
6               Reasonableness of Chapter Arrangement   
7              Quality of Introduction and Conclusion   
8              Accuracy and Completeness of Citations   
9              Timeliness and Relevance of References   
10   Avoidance of Plagiarism and Appropriate Citation   
11             Critical Analysis of Existing Research   
12   Proposal of New Research Directions or Questions   
13                Potential Contribution to the Field   
14             Clarity of Research Method Description   
15                    Rationality of Method Selection   
16                           Rigor of Research Design   
17               Inclusion of Latest Research Results   
18            Reflection of Current Research Hotspots   
19                     Fluency of Language Expression   
20    Appropriateness of Professional Terminology Use   
21                          Conciseness of Expression   
22  Practical Application Potential of Research Re...   
23                Feasibility of Proposed Suggestions   
24                             Logic of Argumentation   
25                   Multi-angle Analysis of Problems   
26  Identification and Discussion of Research Limi...   

    ICC (Intraclass Correlation Coefficient) ICC 95% Confidence Interval  \
0                                   0.435764                [0.33, 0.55]   
1                                   0.886939                [0.84, 0.92]   
2                                   0.452307                [0.35, 0.57]   
3                                   0.809976                [0.74, 0.87]   
4                                   0.802482                [0.73, 0.86]   
5                                   0.777623                 [0.7, 0.84]   
6                                   0.826603                [0.77, 0.88]   
7                                   0.811200                [0.75, 0.87]   
8                                   0.339974                [0.25, 0.46]   
9                                   0.551422                [0.45, 0.66]   
10                                  0.069840                [0.02, 0.15]   
11                                  0.808619                [0.74, 0.87]   
12                                  0.770371                [0.69, 0.84]   
13                                  0.803434                [0.74, 0.86]   
14                                  0.752527                [0.67, 0.83]   
15                                  0.794684                [0.73, 0.86]   
16                                  0.771550                 [0.7, 0.84]   
17                                  0.559564                [0.46, 0.67]   
18                                  0.670739                [0.58, 0.76]   
19                                  0.682655                [0.59, 0.77]   
20                                  0.657917                [0.57, 0.75]   
21                                  0.694628                [0.61, 0.78]   
22                                  0.805115                [0.74, 0.87]   
23                                  0.760129                [0.68, 0.83]   
24                                  0.798848                [0.73, 0.86]   
25                                  0.799872                [0.73, 0.86]   
26                                  0.758379                [0.68, 0.83]   

    Transitivity Consistency Ratio (%)  
0                            78.787879  
1                            77.575758  
2                            81.818182  
3                            77.575758  
4                            77.575758  
5                            75.151515  
6                            75.151515  
7                            74.545455  
8                            78.181818  
9                            78.787879  
10                           81.212121  
11                           77.575758  
12                           77.575758  
13                           77.575758  
14                           75.757576  
15                           77.575758  
16                           76.969697  
17                           78.787879  
18                           79.393939  
19                           75.151515  
20                           75.757576  
21                           76.969697  
22                           77.575758  
23                           77.575758  
24                           75.151515  
25                           77.575758  
26                           77.575758  

Results have been saved to 'reliability_analysis.csv'
