Author
2       0.035064
4       4.909068
6       6.162676
0       7.685953
10     12.924307
8      15.379121
5      16.808741
7      40.475558
1      41.569572
3      65.565145
9     100.000000
Name: Score, dtype: float64

Results have been saved to 'pagerank_results_balanced.csv'
Combined Results:
                                          Subcategory  \
0                                     Topic Relevance   
1                    Comprehensiveness of Information   
2                             Accuracy of Information   
3                        Innovativeness of Viewpoints   
4       Integration of Interdisciplinary Perspectives   
5                        Clarity of Logical Structure   
6               Reasonableness of Chapter Arrangement   
7              Quality of Introduction and Conclusion   
8              Accuracy and Completeness of Citations   
9              Timeliness and Relevance of References   
10   Avoidance of Plagiarism and Appropriate Citation   
11             Critical Analysis of Existing Research   
12   Proposal of New Research Directions or Questions   
13                Potential Contribution to the Field   
14             Clarity of Research Method Description   
15                    Rationality of Method Selection   
16                           Rigor of Research Design   
17               Inclusion of Latest Research Results   
18            Reflection of Current Research Hotspots   
19                     Fluency of Language Expression   
20    Appropriateness of Professional Terminology Use   
21                          Conciseness of Expression   
22  Practical Application Potential of Research Re...   
23                Feasibility of Proposed Suggestions   
24                             Logic of Argumentation   
25                   Multi-angle Analysis of Problems   
26  Identification and Discussion of Research Limi...   

    ICC (Intraclass Correlation Coefficient) ICC 95% Confidence Interval  \
0                                   0.512326                [0.41, 0.63]   
1                                   0.795820                [0.73, 0.86]   
2                                   0.281099                 [0.19, 0.4]   
3                                   0.669013                [0.58, 0.76]   
4                                   0.740139                [0.66, 0.82]   
5                                   0.689434                 [0.6, 0.78]   
6                                   0.720450                 [0.64, 0.8]   
7                                   0.642304                [0.55, 0.74]   
8                                   0.548015                [0.45, 0.66]   
9                                   0.661203                [0.57, 0.75]   
10                                  0.263338                [0.18, 0.38]   
11                                  0.669981                [0.58, 0.76]   
12                                  0.570367                [0.47, 0.68]   
13                                  0.683070                [0.59, 0.77]   
14                                  0.682491                [0.59, 0.77]   
15                                  0.695652                [0.61, 0.78]   
16                                  0.662657                [0.57, 0.76]   
17                                  0.680293                [0.59, 0.77]   
18                                  0.686317                 [0.6, 0.77]   
19                                  0.606856                [0.51, 0.71]   
20                                  0.633484                [0.54, 0.73]   
21                                  0.583893                [0.48, 0.69]   
22                                  0.657182                [0.56, 0.75]   
23                                  0.639302                [0.54, 0.74]   
24                                  0.663810                [0.57, 0.76]   
25                                  0.698729                [0.61, 0.78]   
26                                  0.646284                [0.55, 0.74]   

    Transitivity Consistency Ratio (%)  
0                            69.090909  
1                            69.696970  
2                            80.000000  
3                            71.515152  
4                            69.090909  
5                            69.696970  
6                            70.303030  
7                            70.303030  
8                            75.151515  
9                            69.696970  
10                           81.212121  
11                           69.696970  
12                           71.515152  
13                           69.696970  
14                           70.303030  
15                           70.909091  
16                           70.909091  
17                           69.696970  
18                           69.696970  
19                           69.696970  
20                           70.909091  
21                           70.909091  
22                           70.303030  
23                           71.515152  
24                           70.303030  
25                           69.090909  
26                           69.090909  

Results have been saved to 'reliability_analysis.csv'
Author
2       0.026365
4       3.298508
6       3.495704
0       4.736708
10      9.190246
8      12.417694
5      15.178584
7      33.683937
1      38.780751
3      61.326013
9     100.000000
Name: Score, dtype: float64

Results have been saved to 'pagerank_results_balanced.csv'
Combined Results:
                                          Subcategory  \
0                                     Topic Relevance   
1                    Comprehensiveness of Information   
2                             Accuracy of Information   
3                        Innovativeness of Viewpoints   
4       Integration of Interdisciplinary Perspectives   
5                        Clarity of Logical Structure   
6               Reasonableness of Chapter Arrangement   
7              Quality of Introduction and Conclusion   
8              Accuracy and Completeness of Citations   
9              Timeliness and Relevance of References   
10   Avoidance of Plagiarism and Appropriate Citation   
11             Critical Analysis of Existing Research   
12   Proposal of New Research Directions or Questions   
13                Potential Contribution to the Field   
14             Clarity of Research Method Description   
15                    Rationality of Method Selection   
16                           Rigor of Research Design   
17               Inclusion of Latest Research Results   
18            Reflection of Current Research Hotspots   
19                     Fluency of Language Expression   
20    Appropriateness of Professional Terminology Use   
21                          Conciseness of Expression   
22  Practical Application Potential of Research Re...   
23                Feasibility of Proposed Suggestions   
24                             Logic of Argumentation   
25                   Multi-angle Analysis of Problems   
26  Identification and Discussion of Research Limi...   

    ICC (Intraclass Correlation Coefficient) ICC 95% Confidence Interval  \
0                                   0.512326                [0.41, 0.63]   
1                                   0.795820                [0.73, 0.86]   
2                                   0.281099                 [0.19, 0.4]   
3                                   0.669013                [0.58, 0.76]   
4                                   0.740139                [0.66, 0.82]   
5                                   0.689434                 [0.6, 0.78]   
6                                   0.720450                 [0.64, 0.8]   
7                                   0.642304                [0.55, 0.74]   
8                                   0.548015                [0.45, 0.66]   
9                                   0.661203                [0.57, 0.75]   
10                                  0.263338                [0.18, 0.38]   
11                                  0.669981                [0.58, 0.76]   
12                                  0.570367                [0.47, 0.68]   
13                                  0.683070                [0.59, 0.77]   
14                                  0.682491                [0.59, 0.77]   
15                                  0.695652                [0.61, 0.78]   
16                                  0.662657                [0.57, 0.76]   
17                                  0.680293                [0.59, 0.77]   
18                                  0.686317                 [0.6, 0.77]   
19                                  0.606856                [0.51, 0.71]   
20                                  0.633484                [0.54, 0.73]   
21                                  0.583893                [0.48, 0.69]   
22                                  0.657182                [0.56, 0.75]   
23                                  0.639302                [0.54, 0.74]   
24                                  0.663810                [0.57, 0.76]   
25                                  0.698729                [0.61, 0.78]   
26                                  0.646284                [0.55, 0.74]   

    Transitivity Consistency Ratio (%)  
0                            57.500000  
1                            69.696970  
2                            28.260870  
3                            71.515152  
4                            69.090909  
5                            68.750000  
6                            70.303030  
7                            70.303030  
8                            59.405941  
9                            69.696970  
10                           38.000000  
11                           69.696970  
12                           71.515152  
13                           69.696970  
14                           69.565217  
15                           70.909091  
16                           70.909091  
17                           69.696970  
18                           69.696970  
19                           68.750000  
20                           70.909091  
21                           70.909091  
22                           70.303030  
23                           69.871795  
24                           70.303030  
25                           69.090909  
26                           69.090909  

Results have been saved to 'reliability_analysis.csv'
Author
2       0.026365
4       3.298508
6       3.495704
0       4.736708
10      9.190246
8      12.417694
5      15.178584
7      33.683937
1      38.780751
3      61.326013
9     100.000000
Name: Score, dtype: float64

Results have been saved to 'pagerank_results_balanced.csv'
Combined Results:
                                          Subcategory  \
0                                     Topic Relevance   
1                    Comprehensiveness of Information   
2                             Accuracy of Information   
3                        Innovativeness of Viewpoints   
4       Integration of Interdisciplinary Perspectives   
5                        Clarity of Logical Structure   
6               Reasonableness of Chapter Arrangement   
7              Quality of Introduction and Conclusion   
8              Accuracy and Completeness of Citations   
9              Timeliness and Relevance of References   
10   Avoidance of Plagiarism and Appropriate Citation   
11             Critical Analysis of Existing Research   
12   Proposal of New Research Directions or Questions   
13                Potential Contribution to the Field   
14             Clarity of Research Method Description   
15                    Rationality of Method Selection   
16                           Rigor of Research Design   
17               Inclusion of Latest Research Results   
18            Reflection of Current Research Hotspots   
19                     Fluency of Language Expression   
20    Appropriateness of Professional Terminology Use   
21                          Conciseness of Expression   
22  Practical Application Potential of Research Re...   
23                Feasibility of Proposed Suggestions   
24                             Logic of Argumentation   
25                   Multi-angle Analysis of Problems   
26  Identification and Discussion of Research Limi...   

    ICC (Intraclass Correlation Coefficient) ICC 95% Confidence Interval  \
0                                   0.512326                [0.41, 0.63]   
1                                   0.795820                [0.73, 0.86]   
2                                   0.281099                 [0.19, 0.4]   
3                                   0.669013                [0.58, 0.76]   
4                                   0.740139                [0.66, 0.82]   
5                                   0.689434                 [0.6, 0.78]   
6                                   0.720450                 [0.64, 0.8]   
7                                   0.642304                [0.55, 0.74]   
8                                   0.548015                [0.45, 0.66]   
9                                   0.661203                [0.57, 0.75]   
10                                  0.263338                [0.18, 0.38]   
11                                  0.669981                [0.58, 0.76]   
12                                  0.570367                [0.47, 0.68]   
13                                  0.683070                [0.59, 0.77]   
14                                  0.682491                [0.59, 0.77]   
15                                  0.695652                [0.61, 0.78]   
16                                  0.662657                [0.57, 0.76]   
17                                  0.680293                [0.59, 0.77]   
18                                  0.686317                 [0.6, 0.77]   
19                                  0.606856                [0.51, 0.71]   
20                                  0.633484                [0.54, 0.73]   
21                                  0.583893                [0.48, 0.69]   
22                                  0.657182                [0.56, 0.75]   
23                                  0.639302                [0.54, 0.74]   
24                                  0.663810                [0.57, 0.76]   
25                                  0.698729                [0.61, 0.78]   
26                                  0.646284                [0.55, 0.74]   

    Transitivity Consistency Ratio (%)  
0                            57.500000  
1                            69.696970  
2                            28.260870  
3                            71.515152  
4                            69.090909  
5                            68.750000  
6                            70.303030  
7                            70.303030  
8                            59.405941  
9                            69.696970  
10                           38.000000  
11                           69.696970  
12                           71.515152  
13                           69.696970  
14                           69.565217  
15                           70.909091  
16                           70.909091  
17                           69.696970  
18                           69.696970  
19                           68.750000  
20                           70.909091  
21                           70.909091  
22                           70.303030  
23                           69.871795  
24                           70.303030  
25                           69.090909  
26                           69.090909  

Results have been saved to 'reliability_analysis.csv'
