Author
10     5.390634
2      5.424686
7      7.876560
6      8.387814
3      9.920458
4     15.999035
5     31.038281
0     34.949242
8     53.104788
1     75.465538
9     99.936534
Name: Score, dtype: float64

Results have been saved to 'pagerank_results_balanced.csv'
Combined Results:
                                          Subcategory  \
0                                     Topic Relevance   
1                    Comprehensiveness of Information   
2                             Accuracy of Information   
3                        Innovativeness of Viewpoints   
4       Integration of Interdisciplinary Perspectives   
5                        Clarity of Logical Structure   
6               Reasonableness of Chapter Arrangement   
7              Quality of Introduction and Conclusion   
8              Accuracy and Completeness of Citations   
9              Timeliness and Relevance of References   
10   Avoidance of Plagiarism and Appropriate Citation   
11             Critical Analysis of Existing Research   
12   Proposal of New Research Directions or Questions   
13                Potential Contribution to the Field   
14             Clarity of Research Method Description   
15                    Rationality of Method Selection   
16                           Rigor of Research Design   
17               Inclusion of Latest Research Results   
18            Reflection of Current Research Hotspots   
19                     Fluency of Language Expression   
20    Appropriateness of Professional Terminology Use   
21                          Conciseness of Expression   
22  Practical Application Potential of Research Re...   
23                Feasibility of Proposed Suggestions   
24                             Logic of Argumentation   
25                   Multi-angle Analysis of Problems   
26  Identification and Discussion of Research Limi...   

    ICC (Intraclass Correlation Coefficient) ICC 95% Confidence Interval  \
0                                   0.442435                [0.34, 0.56]   
1                                   0.857242                  [0.8, 0.9]   
2                                   0.428858                [0.33, 0.55]   
3                                   0.635359                [0.54, 0.73]   
4                                   0.738960                [0.64, 0.82]   
5                                   0.654293                [0.56, 0.75]   
6                                   0.664915                [0.57, 0.76]   
7                                   0.604462                [0.51, 0.71]   
8                                   0.623039                [0.53, 0.72]   
9                                   0.702221                [0.61, 0.79]   
10                                  0.311136                [0.22, 0.43]   
11                                  0.702829                [0.62, 0.79]   
12                                  0.611516                [0.51, 0.71]   
13                                  0.701695                [0.61, 0.79]   
14                                  0.674152                [0.58, 0.76]   
15                                  0.682132                [0.59, 0.77]   
16                                  0.665043                [0.57, 0.76]   
17                                  0.701373                [0.61, 0.79]   
18                                  0.645146                [0.54, 0.74]   
19                                  0.607488                [0.51, 0.71]   
20                                  0.615884                [0.52, 0.72]   
21                                  0.569373                [0.47, 0.68]   
22                                  0.706596                [0.62, 0.79]   
23                                  0.579797                [0.48, 0.69]   
24                                  0.610170                [0.51, 0.71]   
25                                  0.685544                [0.59, 0.78]   
26                                  0.673031                [0.58, 0.76]   

    Transitivity Consistency Ratio (%)  
0                            87.878788  
1                            74.545455  
2                            86.666667  
3                            81.818182  
4                            75.151515  
5                            78.787879  
6                            77.575758  
7                            77.575758  
8                            84.848485  
9                            75.151515  
10                           88.484848  
11                           78.787879  
12                           78.787879  
13                           77.575758  
14                           74.545455  
15                           74.545455  
16                           74.545455  
17                           75.151515  
18                           74.545455  
19                           78.787879  
20                           75.151515  
21                           75.757576  
22                           72.727273  
23                           72.727273  
24                           75.151515  
25                           74.545455  
26                           74.545455  

Results have been saved to 'reliability_analysis.csv'
Author
10     5.390634
2      5.424686
7      7.876560
6      8.387814
3      9.920458
4     15.999035
5     31.038281
0     34.949242
8     53.104788
1     75.465538
9     99.936534
Name: Score, dtype: float64

Results have been saved to 'pagerank_results_balanced.csv'
Combined Results:
                                          Subcategory  \
0                                     Topic Relevance   
1                    Comprehensiveness of Information   
2                             Accuracy of Information   
3                        Innovativeness of Viewpoints   
4       Integration of Interdisciplinary Perspectives   
5                        Clarity of Logical Structure   
6               Reasonableness of Chapter Arrangement   
7              Quality of Introduction and Conclusion   
8              Accuracy and Completeness of Citations   
9              Timeliness and Relevance of References   
10   Avoidance of Plagiarism and Appropriate Citation   
11             Critical Analysis of Existing Research   
12   Proposal of New Research Directions or Questions   
13                Potential Contribution to the Field   
14             Clarity of Research Method Description   
15                    Rationality of Method Selection   
16                           Rigor of Research Design   
17               Inclusion of Latest Research Results   
18            Reflection of Current Research Hotspots   
19                     Fluency of Language Expression   
20    Appropriateness of Professional Terminology Use   
21                          Conciseness of Expression   
22  Practical Application Potential of Research Re...   
23                Feasibility of Proposed Suggestions   
24                             Logic of Argumentation   
25                   Multi-angle Analysis of Problems   
26  Identification and Discussion of Research Limi...   

    ICC (Intraclass Correlation Coefficient) ICC 95% Confidence Interval  \
0                                   0.442435                [0.34, 0.56]   
1                                   0.857242                  [0.8, 0.9]   
2                                   0.428858                [0.33, 0.55]   
3                                   0.635359                [0.54, 0.73]   
4                                   0.738960                [0.64, 0.82]   
5                                   0.654293                [0.56, 0.75]   
6                                   0.664915                [0.57, 0.76]   
7                                   0.604462                [0.51, 0.71]   
8                                   0.623039                [0.53, 0.72]   
9                                   0.702221                [0.61, 0.79]   
10                                  0.311136                [0.22, 0.43]   
11                                  0.702829                [0.62, 0.79]   
12                                  0.611516                [0.51, 0.71]   
13                                  0.701695                [0.61, 0.79]   
14                                  0.674152                [0.58, 0.76]   
15                                  0.682132                [0.59, 0.77]   
16                                  0.665043                [0.57, 0.76]   
17                                  0.701373                [0.61, 0.79]   
18                                  0.645146                [0.54, 0.74]   
19                                  0.607488                [0.51, 0.71]   
20                                  0.615884                [0.52, 0.72]   
21                                  0.569373                [0.47, 0.68]   
22                                  0.706596                [0.62, 0.79]   
23                                  0.579797                [0.48, 0.69]   
24                                  0.610170                [0.51, 0.71]   
25                                  0.685544                [0.59, 0.78]   
26                                  0.673031                [0.58, 0.76]   

    Transitivity Consistency Ratio (%)  
0                            87.878788  
1                            74.545455  
2                            86.666667  
3                            81.818182  
4                            75.151515  
5                            78.787879  
6                            77.575758  
7                            77.575758  
8                            84.848485  
9                            75.151515  
10                           88.484848  
11                           78.787879  
12                           78.787879  
13                           77.575758  
14                           74.545455  
15                           74.545455  
16                           74.545455  
17                           75.151515  
18                           74.545455  
19                           78.787879  
20                           75.151515  
21                           75.757576  
22                           72.727273  
23                           72.727273  
24                           75.151515  
25                           74.545455  
26                           74.545455  

Results have been saved to 'reliability_analysis.csv'
Author
10     0.000000
2     36.855324
7     42.473980
6     43.733655
3     53.777994
4     61.178727
5     74.684981
0     75.813354
8     86.442741
1     93.080020
9     99.963623
Name: Score, dtype: float64

Results have been saved to 'pagerank_results_balanced.csv'
Combined Results:
                                          Subcategory  \
0                                     Topic Relevance   
1                    Comprehensiveness of Information   
2                             Accuracy of Information   
3                        Innovativeness of Viewpoints   
4       Integration of Interdisciplinary Perspectives   
5                        Clarity of Logical Structure   
6               Reasonableness of Chapter Arrangement   
7              Quality of Introduction and Conclusion   
8              Accuracy and Completeness of Citations   
9              Timeliness and Relevance of References   
10   Avoidance of Plagiarism and Appropriate Citation   
11             Critical Analysis of Existing Research   
12   Proposal of New Research Directions or Questions   
13                Potential Contribution to the Field   
14             Clarity of Research Method Description   
15                    Rationality of Method Selection   
16                           Rigor of Research Design   
17               Inclusion of Latest Research Results   
18            Reflection of Current Research Hotspots   
19                     Fluency of Language Expression   
20    Appropriateness of Professional Terminology Use   
21                          Conciseness of Expression   
22  Practical Application Potential of Research Re...   
23                Feasibility of Proposed Suggestions   
24                             Logic of Argumentation   
25                   Multi-angle Analysis of Problems   
26  Identification and Discussion of Research Limi...   

    ICC (Intraclass Correlation Coefficient) ICC 95% Confidence Interval  \
0                                   0.586445                [0.49, 0.69]   
1                                   0.878497                [0.83, 0.92]   
2                                   0.484119                 [0.38, 0.6]   
3                                   0.750890                [0.67, 0.82]   
4                                   0.819881                [0.75, 0.88]   
5                                   0.768670                [0.69, 0.84]   
6                                   0.775740                 [0.7, 0.84]   
7                                   0.696586                [0.61, 0.78]   
8                                   0.781248                [0.71, 0.85]   
9                                   0.747952                [0.67, 0.82]   
10                                  0.394113                 [0.3, 0.51]   
11                                  0.788703                [0.72, 0.85]   
12                                  0.751920                [0.67, 0.83]   
13                                  0.777376                 [0.7, 0.84]   
14                                  0.665702                [0.57, 0.76]   
15                                  0.666374                [0.57, 0.76]   
16                                  0.640470                [0.55, 0.74]   
17                                  0.775490                 [0.7, 0.84]   
18                                  0.737384                [0.66, 0.81]   
19                                  0.667303                [0.58, 0.76]   
20                                  0.666389                [0.57, 0.76]   
21                                  0.665144                [0.57, 0.76]   
22                                  0.775576                 [0.7, 0.84]   
23                                  0.642700                [0.55, 0.74]   
24                                  0.723450                 [0.64, 0.8]   
25                                  0.744343                [0.66, 0.82]   
26                                  0.668858                [0.58, 0.76]   

    Transitivity Consistency Ratio (%)  
0                            87.272727  
1                            74.545455  
2                            86.060606  
3                            81.818182  
4                            75.757576  
5                            74.545455  
6                            74.545455  
7                            74.545455  
8                            85.454545  
9                            75.151515  
10                           87.878788  
11                           78.787879  
12                           78.787879  
13                           77.575758  
14                           74.545455  
15                           74.545455  
16                           74.545455  
17                           75.151515  
18                           75.151515  
19                           74.545455  
20                           75.151515  
21                           74.545455  
22                           73.939394  
23                           73.939394  
24                           74.545455  
25                           75.151515  
26                           75.151515  

Results have been saved to 'reliability_analysis.csv'
Author
10     0.000000
2     36.855324
7     42.473980
6     43.733655
3     53.777994
4     61.178727
5     74.684981
0     75.813354
8     86.442741
1     93.080020
9     99.963623
Name: Score, dtype: float64

Results have been saved to 'pagerank_results_balanced.csv'
Combined Results:
                                          Subcategory  \
0                                     Topic Relevance   
1                    Comprehensiveness of Information   
2                             Accuracy of Information   
3                        Innovativeness of Viewpoints   
4       Integration of Interdisciplinary Perspectives   
5                        Clarity of Logical Structure   
6               Reasonableness of Chapter Arrangement   
7              Quality of Introduction and Conclusion   
8              Accuracy and Completeness of Citations   
9              Timeliness and Relevance of References   
10   Avoidance of Plagiarism and Appropriate Citation   
11             Critical Analysis of Existing Research   
12   Proposal of New Research Directions or Questions   
13                Potential Contribution to the Field   
14             Clarity of Research Method Description   
15                    Rationality of Method Selection   
16                           Rigor of Research Design   
17               Inclusion of Latest Research Results   
18            Reflection of Current Research Hotspots   
19                     Fluency of Language Expression   
20    Appropriateness of Professional Terminology Use   
21                          Conciseness of Expression   
22  Practical Application Potential of Research Re...   
23                Feasibility of Proposed Suggestions   
24                             Logic of Argumentation   
25                   Multi-angle Analysis of Problems   
26  Identification and Discussion of Research Limi...   

    ICC (Intraclass Correlation Coefficient) ICC 95% Confidence Interval  \
0                                   0.586445                [0.49, 0.69]   
1                                   0.878497                [0.83, 0.92]   
2                                   0.484119                 [0.38, 0.6]   
3                                   0.750890                [0.67, 0.82]   
4                                   0.819881                [0.75, 0.88]   
5                                   0.768670                [0.69, 0.84]   
6                                   0.775740                 [0.7, 0.84]   
7                                   0.696586                [0.61, 0.78]   
8                                   0.781248                [0.71, 0.85]   
9                                   0.747952                [0.67, 0.82]   
10                                  0.394113                 [0.3, 0.51]   
11                                  0.788703                [0.72, 0.85]   
12                                  0.751920                [0.67, 0.83]   
13                                  0.777376                 [0.7, 0.84]   
14                                  0.665702                [0.57, 0.76]   
15                                  0.666374                [0.57, 0.76]   
16                                  0.640470                [0.55, 0.74]   
17                                  0.775490                 [0.7, 0.84]   
18                                  0.737384                [0.66, 0.81]   
19                                  0.667303                [0.58, 0.76]   
20                                  0.666389                [0.57, 0.76]   
21                                  0.665144                [0.57, 0.76]   
22                                  0.775576                 [0.7, 0.84]   
23                                  0.642700                [0.55, 0.74]   
24                                  0.723450                 [0.64, 0.8]   
25                                  0.744343                [0.66, 0.82]   
26                                  0.668858                [0.58, 0.76]   

    Transitivity Consistency Ratio (%)  
0                            87.272727  
1                            74.545455  
2                            86.060606  
3                            81.818182  
4                            75.757576  
5                            74.545455  
6                            74.545455  
7                            74.545455  
8                            85.454545  
9                            75.151515  
10                           87.878788  
11                           78.787879  
12                           78.787879  
13                           77.575758  
14                           74.545455  
15                           74.545455  
16                           74.545455  
17                           75.151515  
18                           75.151515  
19                           74.545455  
20                           75.151515  
21                           74.545455  
22                           73.939394  
23                           73.939394  
24                           74.545455  
25                           75.151515  
26                           75.151515  

Results have been saved to 'reliability_analysis.csv'
Author
10     0.000000
2     36.818481
7     41.059401
6     43.704446
3     54.488531
4     61.519743
5     75.158217
0     77.273637
8     86.427953
1     92.655261
9     99.962943
Name: Score, dtype: float64

Results have been saved to 'pagerank_results_balanced.csv'
Combined Results:
                                          Subcategory  \
0                                     Topic Relevance   
1                    Comprehensiveness of Information   
2                             Accuracy of Information   
3                        Innovativeness of Viewpoints   
4       Integration of Interdisciplinary Perspectives   
5                        Clarity of Logical Structure   
6               Reasonableness of Chapter Arrangement   
7              Quality of Introduction and Conclusion   
8              Accuracy and Completeness of Citations   
9              Timeliness and Relevance of References   
10   Avoidance of Plagiarism and Appropriate Citation   
11             Critical Analysis of Existing Research   
12   Proposal of New Research Directions or Questions   
13                Potential Contribution to the Field   
14             Clarity of Research Method Description   
15                    Rationality of Method Selection   
16                           Rigor of Research Design   
17               Inclusion of Latest Research Results   
18            Reflection of Current Research Hotspots   
19                     Fluency of Language Expression   
20    Appropriateness of Professional Terminology Use   
21                          Conciseness of Expression   
22  Practical Application Potential of Research Re...   
23                Feasibility of Proposed Suggestions   
24                             Logic of Argumentation   
25                   Multi-angle Analysis of Problems   
26  Identification and Discussion of Research Limi...   

    ICC (Intraclass Correlation Coefficient) ICC 95% Confidence Interval  \
0                                   0.586445                [0.49, 0.69]   
1                                   0.878497                [0.83, 0.92]   
2                                   0.484119                 [0.38, 0.6]   
3                                   0.750890                [0.67, 0.82]   
4                                   0.819881                [0.75, 0.88]   
5                                   0.768670                [0.69, 0.84]   
6                                   0.775740                 [0.7, 0.84]   
7                                   0.696586                [0.61, 0.78]   
8                                   0.781248                [0.71, 0.85]   
9                                   0.747952                [0.67, 0.82]   
10                                  0.394113                 [0.3, 0.51]   
11                                  0.788703                [0.72, 0.85]   
12                                  0.751920                [0.67, 0.83]   
13                                  0.777376                 [0.7, 0.84]   
14                                  0.665702                [0.57, 0.76]   
15                                  0.666374                [0.57, 0.76]   
16                                  0.640470                [0.55, 0.74]   
17                                  0.775490                 [0.7, 0.84]   
18                                  0.737384                [0.66, 0.81]   
19                                  0.667303                [0.58, 0.76]   
20                                  0.666389                [0.57, 0.76]   
21                                  0.665144                [0.57, 0.76]   
22                                  0.775576                 [0.7, 0.84]   
23                                  0.642700                [0.55, 0.74]   
24                                  0.723450                 [0.64, 0.8]   
25                                  0.744343                [0.66, 0.82]   
26                                  0.668858                [0.58, 0.76]   

    Transitivity Consistency Ratio (%)  
0                            34.375000  
1                            74.545455  
2                            37.837838  
3                            81.818182  
4                            75.757576  
5                            74.545455  
6                            74.545455  
7                            74.545455  
8                            48.936170  
9                            75.151515  
10                           37.500000  
11                           78.787879  
12                           77.848101  
13                           77.575758  
14                           74.545455  
15                           74.545455  
16                           74.545455  
17                           75.151515  
18                           75.151515  
19                           74.545455  
20                           75.151515  
21                           74.545455  
22                           73.939394  
23                           73.939394  
24                           74.545455  
25                           75.151515  
26                           75.151515  

Results have been saved to 'reliability_analysis.csv'
Author
10     0.000000
2     36.818481
7     41.059401
6     43.704446
3     54.488531
4     61.519743
5     75.158217
0     77.273637
8     86.427953
1     92.655261
9     99.962943
Name: Score, dtype: float64

Results have been saved to 'pagerank_results_balanced.csv'
Combined Results:
                                          Subcategory  \
0                                     Topic Relevance   
1                    Comprehensiveness of Information   
2                             Accuracy of Information   
3                        Innovativeness of Viewpoints   
4       Integration of Interdisciplinary Perspectives   
5                        Clarity of Logical Structure   
6               Reasonableness of Chapter Arrangement   
7              Quality of Introduction and Conclusion   
8              Accuracy and Completeness of Citations   
9              Timeliness and Relevance of References   
10   Avoidance of Plagiarism and Appropriate Citation   
11             Critical Analysis of Existing Research   
12   Proposal of New Research Directions or Questions   
13                Potential Contribution to the Field   
14             Clarity of Research Method Description   
15                    Rationality of Method Selection   
16                           Rigor of Research Design   
17               Inclusion of Latest Research Results   
18            Reflection of Current Research Hotspots   
19                     Fluency of Language Expression   
20    Appropriateness of Professional Terminology Use   
21                          Conciseness of Expression   
22  Practical Application Potential of Research Re...   
23                Feasibility of Proposed Suggestions   
24                             Logic of Argumentation   
25                   Multi-angle Analysis of Problems   
26  Identification and Discussion of Research Limi...   

    ICC (Intraclass Correlation Coefficient) ICC 95% Confidence Interval  \
0                                   0.586445                [0.49, 0.69]   
1                                   0.878497                [0.83, 0.92]   
2                                   0.484119                 [0.38, 0.6]   
3                                   0.750890                [0.67, 0.82]   
4                                   0.819881                [0.75, 0.88]   
5                                   0.768670                [0.69, 0.84]   
6                                   0.775740                 [0.7, 0.84]   
7                                   0.696586                [0.61, 0.78]   
8                                   0.781248                [0.71, 0.85]   
9                                   0.747952                [0.67, 0.82]   
10                                  0.394113                 [0.3, 0.51]   
11                                  0.788703                [0.72, 0.85]   
12                                  0.751920                [0.67, 0.83]   
13                                  0.777376                 [0.7, 0.84]   
14                                  0.665702                [0.57, 0.76]   
15                                  0.666374                [0.57, 0.76]   
16                                  0.640470                [0.55, 0.74]   
17                                  0.775490                 [0.7, 0.84]   
18                                  0.737384                [0.66, 0.81]   
19                                  0.667303                [0.58, 0.76]   
20                                  0.666389                [0.57, 0.76]   
21                                  0.665144                [0.57, 0.76]   
22                                  0.775576                 [0.7, 0.84]   
23                                  0.642700                [0.55, 0.74]   
24                                  0.723450                 [0.64, 0.8]   
25                                  0.744343                [0.66, 0.82]   
26                                  0.668858                [0.58, 0.76]   

    Transitivity Consistency Ratio (%)  
0                            34.375000  
1                            74.545455  
2                            37.837838  
3                            81.818182  
4                            75.757576  
5                            74.545455  
6                            74.545455  
7                            74.545455  
8                            48.936170  
9                            75.151515  
10                           37.500000  
11                           78.787879  
12                           77.848101  
13                           77.575758  
14                           74.545455  
15                           74.545455  
16                           74.545455  
17                           75.151515  
18                           75.151515  
19                           74.545455  
20                           75.151515  
21                           74.545455  
22                           73.939394  
23                           73.939394  
24                           74.545455  
25                           75.151515  
26                           75.151515  

Results have been saved to 'reliability_analysis.csv'
