Author
2     20.326962
10    22.575703
1     26.726595
0     26.976325
8     29.708789
3     30.553926
4     35.209643
7     36.171470
6     37.427530
5     38.096040
9     66.666667
Name: Score, dtype: float64

Results have been saved to 'pagerank_results_balanced.csv'
Combined Results:
                                          Subcategory  \
0                                     Topic Relevance   
1                    Comprehensiveness of Information   
2                             Accuracy of Information   
3                        Innovativeness of Viewpoints   
4       Integration of Interdisciplinary Perspectives   
5                        Clarity of Logical Structure   
6               Reasonableness of Chapter Arrangement   
7              Quality of Introduction and Conclusion   
8              Accuracy and Completeness of Citations   
9              Timeliness and Relevance of References   
10   Avoidance of Plagiarism and Appropriate Citation   
11             Critical Analysis of Existing Research   
12   Proposal of New Research Directions or Questions   
13                Potential Contribution to the Field   
14             Clarity of Research Method Description   
15                    Rationality of Method Selection   
16                           Rigor of Research Design   
17               Inclusion of Latest Research Results   
18            Reflection of Current Research Hotspots   
19                     Fluency of Language Expression   
20    Appropriateness of Professional Terminology Use   
21                          Conciseness of Expression   
22  Practical Application Potential of Research Re...   
23                Feasibility of Proposed Suggestions   
24                             Logic of Argumentation   
25                   Multi-angle Analysis of Problems   
26  Identification and Discussion of Research Limi...   

    ICC (Intraclass Correlation Coefficient) ICC 95% Confidence Interval  \
0                                   0.427173                [0.32, 0.55]   
1                                   0.810458                [0.74, 0.87]   
2                                   0.367893                [0.27, 0.49]   
3                                   0.799190                [0.73, 0.86]   
4                                   0.831631                [0.77, 0.88]   
5                                   0.845390                 [0.79, 0.9]   
6                                   0.833628                [0.77, 0.89]   
7                                   0.764944                [0.69, 0.84]   
8                                   0.766456                [0.69, 0.84]   
9                                   0.731854                [0.65, 0.81]   
10                                  0.498296                 [0.4, 0.61]   
11                                  0.800473                [0.73, 0.86]   
12                                  0.782288                [0.71, 0.85]   
13                                  0.796730                [0.73, 0.86]   
14                                  0.684207                [0.59, 0.77]   
15                                  0.681378                [0.59, 0.77]   
16                                  0.674667                [0.58, 0.76]   
17                                  0.733362                [0.65, 0.81]   
18                                  0.769266                [0.69, 0.84]   
19                                  0.633521                [0.54, 0.73]   
20                                  0.640353                [0.55, 0.74]   
21                                  0.695227                [0.61, 0.78]   
22                                  0.775734                 [0.7, 0.84]   
23                                  0.663211                [0.57, 0.76]   
24                                  0.753756                [0.67, 0.83]   
25                                  0.771637                 [0.7, 0.84]   
26                                  0.677193                [0.59, 0.77]   

    Transitivity Consistency Ratio (%)  
0                            92.727273  
1                            78.181818  
2                            90.909091  
3                            76.969697  
4                            73.333333  
5                            75.151515  
6                            75.757576  
7                            73.939394  
8                            81.818182  
9                            78.181818  
10                           92.121212  
11                           76.969697  
12                           76.969697  
13                           76.969697  
14                           79.393939  
15                           77.575758  
16                           76.363636  
17                           78.181818  
18                           76.969697  
19                           73.333333  
20                           78.787879  
21                           73.939394  
22                           78.787879  
23                           77.575758  
24                           73.939394  
25                           76.969697  
26                           75.151515  

Results have been saved to 'reliability_analysis.csv'
Author
2     20.326962
10    22.575703
1     26.726595
0     26.976325
8     29.708789
3     30.553926
4     35.209643
7     36.171470
6     37.427530
5     38.096040
9     66.666667
Name: Score, dtype: float64

Results have been saved to 'pagerank_results_balanced.csv'
Combined Results:
                                          Subcategory  \
0                                     Topic Relevance   
1                    Comprehensiveness of Information   
2                             Accuracy of Information   
3                        Innovativeness of Viewpoints   
4       Integration of Interdisciplinary Perspectives   
5                        Clarity of Logical Structure   
6               Reasonableness of Chapter Arrangement   
7              Quality of Introduction and Conclusion   
8              Accuracy and Completeness of Citations   
9              Timeliness and Relevance of References   
10   Avoidance of Plagiarism and Appropriate Citation   
11             Critical Analysis of Existing Research   
12   Proposal of New Research Directions or Questions   
13                Potential Contribution to the Field   
14             Clarity of Research Method Description   
15                    Rationality of Method Selection   
16                           Rigor of Research Design   
17               Inclusion of Latest Research Results   
18            Reflection of Current Research Hotspots   
19                     Fluency of Language Expression   
20    Appropriateness of Professional Terminology Use   
21                          Conciseness of Expression   
22  Practical Application Potential of Research Re...   
23                Feasibility of Proposed Suggestions   
24                             Logic of Argumentation   
25                   Multi-angle Analysis of Problems   
26  Identification and Discussion of Research Limi...   

    ICC (Intraclass Correlation Coefficient) ICC 95% Confidence Interval  \
0                                   0.427173                [0.32, 0.55]   
1                                   0.810458                [0.74, 0.87]   
2                                   0.367893                [0.27, 0.49]   
3                                   0.799190                [0.73, 0.86]   
4                                   0.831631                [0.77, 0.88]   
5                                   0.845390                 [0.79, 0.9]   
6                                   0.833628                [0.77, 0.89]   
7                                   0.764944                [0.69, 0.84]   
8                                   0.766456                [0.69, 0.84]   
9                                   0.731854                [0.65, 0.81]   
10                                  0.498296                 [0.4, 0.61]   
11                                  0.800473                [0.73, 0.86]   
12                                  0.782288                [0.71, 0.85]   
13                                  0.796730                [0.73, 0.86]   
14                                  0.684207                [0.59, 0.77]   
15                                  0.681378                [0.59, 0.77]   
16                                  0.674667                [0.58, 0.76]   
17                                  0.733362                [0.65, 0.81]   
18                                  0.769266                [0.69, 0.84]   
19                                  0.633521                [0.54, 0.73]   
20                                  0.640353                [0.55, 0.74]   
21                                  0.695227                [0.61, 0.78]   
22                                  0.775734                 [0.7, 0.84]   
23                                  0.663211                [0.57, 0.76]   
24                                  0.753756                [0.67, 0.83]   
25                                  0.771637                 [0.7, 0.84]   
26                                  0.677193                [0.59, 0.77]   

    Transitivity Consistency Ratio (%)  
0                            92.727273  
1                            78.181818  
2                            90.909091  
3                            76.969697  
4                            73.333333  
5                            75.151515  
6                            75.757576  
7                            73.939394  
8                            81.818182  
9                            78.181818  
10                           92.121212  
11                           76.969697  
12                           76.969697  
13                           76.969697  
14                           79.393939  
15                           77.575758  
16                           76.363636  
17                           78.181818  
18                           76.969697  
19                           73.333333  
20                           78.787879  
21                           73.939394  
22                           78.787879  
23                           77.575758  
24                           73.939394  
25                           76.969697  
26                           75.151515  

Results have been saved to 'reliability_analysis.csv'
Author
10      0.010810
5      13.527162
7      13.856234
0      15.563287
6      16.942117
4      18.775131
2      26.272523
1      30.547699
8      31.841151
3      38.765494
9     100.000000
Name: Score, dtype: float64

Results have been saved to 'pagerank_results_balanced.csv'
Combined Results:
                                          Subcategory  \
0                                     Topic Relevance   
1                    Comprehensiveness of Information   
2                             Accuracy of Information   
3                        Innovativeness of Viewpoints   
4       Integration of Interdisciplinary Perspectives   
5                        Clarity of Logical Structure   
6               Reasonableness of Chapter Arrangement   
7              Quality of Introduction and Conclusion   
8              Accuracy and Completeness of Citations   
9              Timeliness and Relevance of References   
10   Avoidance of Plagiarism and Appropriate Citation   
11             Critical Analysis of Existing Research   
12   Proposal of New Research Directions or Questions   
13                Potential Contribution to the Field   
14             Clarity of Research Method Description   
15                    Rationality of Method Selection   
16                           Rigor of Research Design   
17               Inclusion of Latest Research Results   
18            Reflection of Current Research Hotspots   
19                     Fluency of Language Expression   
20    Appropriateness of Professional Terminology Use   
21                          Conciseness of Expression   
22  Practical Application Potential of Research Re...   
23                Feasibility of Proposed Suggestions   
24                             Logic of Argumentation   
25                   Multi-angle Analysis of Problems   
26  Identification and Discussion of Research Limi...   

    ICC (Intraclass Correlation Coefficient) ICC 95% Confidence Interval  \
0                                   0.427173                [0.32, 0.55]   
1                                   0.810458                [0.74, 0.87]   
2                                   0.367893                [0.27, 0.49]   
3                                   0.799190                [0.73, 0.86]   
4                                   0.831631                [0.77, 0.88]   
5                                   0.845390                 [0.79, 0.9]   
6                                   0.833628                [0.77, 0.89]   
7                                   0.764944                [0.69, 0.84]   
8                                   0.766456                [0.69, 0.84]   
9                                   0.731854                [0.65, 0.81]   
10                                  0.498296                 [0.4, 0.61]   
11                                  0.800473                [0.73, 0.86]   
12                                  0.782288                [0.71, 0.85]   
13                                  0.796730                [0.73, 0.86]   
14                                  0.684207                [0.59, 0.77]   
15                                  0.681378                [0.59, 0.77]   
16                                  0.674667                [0.58, 0.76]   
17                                  0.733362                [0.65, 0.81]   
18                                  0.769266                [0.69, 0.84]   
19                                  0.633521                [0.54, 0.73]   
20                                  0.640353                [0.55, 0.74]   
21                                  0.695227                [0.61, 0.78]   
22                                  0.775734                 [0.7, 0.84]   
23                                  0.663211                [0.57, 0.76]   
24                                  0.753756                [0.67, 0.83]   
25                                  0.771637                 [0.7, 0.84]   
26                                  0.677193                [0.59, 0.77]   

    Transitivity Consistency Ratio (%)  
0                             0.000000  
1                            77.215190  
2                             0.000000  
3                            76.969697  
4                            69.014085  
5                            67.968750  
6                            74.683544  
7                            72.784810  
8                            59.459459  
9                            74.100719  
10                           23.529412  
11                           76.969697  
12                           76.969697  
13                           76.969697  
14                           68.224299  
15                           74.482759  
16                           69.531250  
17                           74.100719  
18                           76.250000  
19                           67.647059  
20                           60.674157  
21                           72.784810  
22                           78.787879  
23                           76.582278  
24                           73.939394  
25                           76.969697  
26                           71.724138  

Results have been saved to 'reliability_analysis.csv'
Author
10      0.010810
5      13.527162
7      13.856234
0      15.563287
6      16.942117
4      18.775131
2      26.272523
1      30.547699
8      31.841151
3      38.765494
9     100.000000
Name: Score, dtype: float64

Results have been saved to 'pagerank_results_balanced.csv'
Combined Results:
                                          Subcategory  \
0                                     Topic Relevance   
1                    Comprehensiveness of Information   
2                             Accuracy of Information   
3                        Innovativeness of Viewpoints   
4       Integration of Interdisciplinary Perspectives   
5                        Clarity of Logical Structure   
6               Reasonableness of Chapter Arrangement   
7              Quality of Introduction and Conclusion   
8              Accuracy and Completeness of Citations   
9              Timeliness and Relevance of References   
10   Avoidance of Plagiarism and Appropriate Citation   
11             Critical Analysis of Existing Research   
12   Proposal of New Research Directions or Questions   
13                Potential Contribution to the Field   
14             Clarity of Research Method Description   
15                    Rationality of Method Selection   
16                           Rigor of Research Design   
17               Inclusion of Latest Research Results   
18            Reflection of Current Research Hotspots   
19                     Fluency of Language Expression   
20    Appropriateness of Professional Terminology Use   
21                          Conciseness of Expression   
22  Practical Application Potential of Research Re...   
23                Feasibility of Proposed Suggestions   
24                             Logic of Argumentation   
25                   Multi-angle Analysis of Problems   
26  Identification and Discussion of Research Limi...   

    ICC (Intraclass Correlation Coefficient) ICC 95% Confidence Interval  \
0                                   0.427173                [0.32, 0.55]   
1                                   0.810458                [0.74, 0.87]   
2                                   0.367893                [0.27, 0.49]   
3                                   0.799190                [0.73, 0.86]   
4                                   0.831631                [0.77, 0.88]   
5                                   0.845390                 [0.79, 0.9]   
6                                   0.833628                [0.77, 0.89]   
7                                   0.764944                [0.69, 0.84]   
8                                   0.766456                [0.69, 0.84]   
9                                   0.731854                [0.65, 0.81]   
10                                  0.498296                 [0.4, 0.61]   
11                                  0.800473                [0.73, 0.86]   
12                                  0.782288                [0.71, 0.85]   
13                                  0.796730                [0.73, 0.86]   
14                                  0.684207                [0.59, 0.77]   
15                                  0.681378                [0.59, 0.77]   
16                                  0.674667                [0.58, 0.76]   
17                                  0.733362                [0.65, 0.81]   
18                                  0.769266                [0.69, 0.84]   
19                                  0.633521                [0.54, 0.73]   
20                                  0.640353                [0.55, 0.74]   
21                                  0.695227                [0.61, 0.78]   
22                                  0.775734                 [0.7, 0.84]   
23                                  0.663211                [0.57, 0.76]   
24                                  0.753756                [0.67, 0.83]   
25                                  0.771637                 [0.7, 0.84]   
26                                  0.677193                [0.59, 0.77]   

    Transitivity Consistency Ratio (%)  
0                             0.000000  
1                            77.215190  
2                             0.000000  
3                            76.969697  
4                            69.014085  
5                            67.968750  
6                            74.683544  
7                            72.784810  
8                            59.459459  
9                            74.100719  
10                           23.529412  
11                           76.969697  
12                           76.969697  
13                           76.969697  
14                           68.224299  
15                           74.482759  
16                           69.531250  
17                           74.100719  
18                           76.250000  
19                           67.647059  
20                           60.674157  
21                           72.784810  
22                           78.787879  
23                           76.582278  
24                           73.939394  
25                           76.969697  
26                           71.724138  

Results have been saved to 'reliability_analysis.csv'
