Author
10    14.814815
5     28.021211
7     30.297874
6     38.462726
4     43.744666
0     47.461048
1     48.434621
2     57.411701
8     60.819156
3     66.078659
9     96.952929
Name: Score, dtype: float64

Results have been saved to 'pagerank_results_balanced.csv'
Combined Results:
                                          Subcategory  \
0                                     Topic Relevance   
1                    Comprehensiveness of Information   
2                             Accuracy of Information   
3                        Innovativeness of Viewpoints   
4       Integration of Interdisciplinary Perspectives   
5                        Clarity of Logical Structure   
6               Reasonableness of Chapter Arrangement   
7              Quality of Introduction and Conclusion   
8              Accuracy and Completeness of Citations   
9              Timeliness and Relevance of References   
10   Avoidance of Plagiarism and Appropriate Citation   
11             Critical Analysis of Existing Research   
12   Proposal of New Research Directions or Questions   
13                Potential Contribution to the Field   
14             Clarity of Research Method Description   
15                    Rationality of Method Selection   
16                           Rigor of Research Design   
17               Inclusion of Latest Research Results   
18            Reflection of Current Research Hotspots   
19                     Fluency of Language Expression   
20    Appropriateness of Professional Terminology Use   
21                          Conciseness of Expression   
22  Practical Application Potential of Research Re...   
23                Feasibility of Proposed Suggestions   
24                             Logic of Argumentation   
25                   Multi-angle Analysis of Problems   
26  Identification and Discussion of Research Limi...   

    ICC (Intraclass Correlation Coefficient) ICC 95% Confidence Interval  \
0                                   0.650761                [0.54, 0.75]   
1                                   0.905344                [0.86, 0.94]   
2                                   0.642978                [0.55, 0.74]   
3                                   0.874025                [0.82, 0.92]   
4                                   0.856034                  [0.8, 0.9]   
5                                   0.876178                [0.83, 0.92]   
6                                   0.873082                [0.83, 0.91]   
7                                   0.845796                [0.79, 0.89]   
8                                   0.690952                 [0.6, 0.78]   
9                                   0.725169                 [0.64, 0.8]   
10                                  0.403792                 [0.3, 0.52]   
11                                  0.872277                [0.82, 0.91]   
12                                  0.793596                [0.72, 0.86]   
13                                  0.845723                [0.79, 0.89]   
14                                  0.739133                [0.66, 0.82]   
15                                  0.754864                [0.68, 0.83]   
16                                  0.746701                [0.67, 0.82]   
17                                  0.747002                [0.67, 0.82]   
18                                  0.786069                [0.72, 0.85]   
19                                  0.708940                [0.62, 0.79]   
20                                  0.675090                [0.58, 0.77]   
21                                  0.696072                [0.61, 0.78]   
22                                  0.839033                [0.78, 0.89]   
23                                  0.683250                [0.59, 0.77]   
24                                  0.838326                [0.78, 0.89]   
25                                  0.860957                [0.81, 0.91]   
26                                  0.762554                [0.69, 0.83]   

    Transitivity Consistency Ratio (%)  
0                            90.303030  
1                            80.000000  
2                            86.666667  
3                            76.363636  
4                            80.000000  
5                            82.424242  
6                            82.424242  
7                            79.393939  
8                            83.030303  
9                            75.757576  
10                           86.666667  
11                           76.363636  
12                           76.363636  
13                           76.363636  
14                           84.242424  
15                           78.181818  
16                           83.636364  
17                           75.757576  
18                           76.363636  
19                           82.424242  
20                           83.636364  
21                           85.454545  
22                           76.363636  
23                           76.363636  
24                           78.787879  
25                           78.787879  
26                           78.787879  

Results have been saved to 'reliability_analysis.csv'
Author
10    14.814815
5     28.021211
7     30.297874
6     38.462726
4     43.744666
0     47.461048
1     48.434621
2     57.411701
8     60.819156
3     66.078659
9     96.952929
Name: Score, dtype: float64

Results have been saved to 'pagerank_results_balanced.csv'
Combined Results:
                                          Subcategory  \
0                                     Topic Relevance   
1                    Comprehensiveness of Information   
2                             Accuracy of Information   
3                        Innovativeness of Viewpoints   
4       Integration of Interdisciplinary Perspectives   
5                        Clarity of Logical Structure   
6               Reasonableness of Chapter Arrangement   
7              Quality of Introduction and Conclusion   
8              Accuracy and Completeness of Citations   
9              Timeliness and Relevance of References   
10   Avoidance of Plagiarism and Appropriate Citation   
11             Critical Analysis of Existing Research   
12   Proposal of New Research Directions or Questions   
13                Potential Contribution to the Field   
14             Clarity of Research Method Description   
15                    Rationality of Method Selection   
16                           Rigor of Research Design   
17               Inclusion of Latest Research Results   
18            Reflection of Current Research Hotspots   
19                     Fluency of Language Expression   
20    Appropriateness of Professional Terminology Use   
21                          Conciseness of Expression   
22  Practical Application Potential of Research Re...   
23                Feasibility of Proposed Suggestions   
24                             Logic of Argumentation   
25                   Multi-angle Analysis of Problems   
26  Identification and Discussion of Research Limi...   

    ICC (Intraclass Correlation Coefficient) ICC 95% Confidence Interval  \
0                                   0.650761                [0.54, 0.75]   
1                                   0.905344                [0.86, 0.94]   
2                                   0.642978                [0.55, 0.74]   
3                                   0.874025                [0.82, 0.92]   
4                                   0.856034                  [0.8, 0.9]   
5                                   0.876178                [0.83, 0.92]   
6                                   0.873082                [0.83, 0.91]   
7                                   0.845796                [0.79, 0.89]   
8                                   0.690952                 [0.6, 0.78]   
9                                   0.725169                 [0.64, 0.8]   
10                                  0.403792                 [0.3, 0.52]   
11                                  0.872277                [0.82, 0.91]   
12                                  0.793596                [0.72, 0.86]   
13                                  0.845723                [0.79, 0.89]   
14                                  0.739133                [0.66, 0.82]   
15                                  0.754864                [0.68, 0.83]   
16                                  0.746701                [0.67, 0.82]   
17                                  0.747002                [0.67, 0.82]   
18                                  0.786069                [0.72, 0.85]   
19                                  0.708940                [0.62, 0.79]   
20                                  0.675090                [0.58, 0.77]   
21                                  0.696072                [0.61, 0.78]   
22                                  0.839033                [0.78, 0.89]   
23                                  0.683250                [0.59, 0.77]   
24                                  0.838326                [0.78, 0.89]   
25                                  0.860957                [0.81, 0.91]   
26                                  0.762554                [0.69, 0.83]   

    Transitivity Consistency Ratio (%)  
0                            90.303030  
1                            80.000000  
2                            86.666667  
3                            76.363636  
4                            80.000000  
5                            82.424242  
6                            82.424242  
7                            79.393939  
8                            83.030303  
9                            75.757576  
10                           86.666667  
11                           76.363636  
12                           76.363636  
13                           76.363636  
14                           84.242424  
15                           78.181818  
16                           83.636364  
17                           75.757576  
18                           76.363636  
19                           82.424242  
20                           83.636364  
21                           85.454545  
22                           76.363636  
23                           76.363636  
24                           78.787879  
25                           78.787879  
26                           78.787879  

Results have been saved to 'reliability_analysis.csv'
Author
10      0.000000
7      25.925528
6      26.478007
5      30.005092
4      45.687689
1      53.015078
0      53.175618
2      66.983707
8      72.448450
3      78.513545
9     100.000000
Name: Score, dtype: float64

Results have been saved to 'pagerank_results_balanced.csv'
Combined Results:
                                          Subcategory  \
0                                     Topic Relevance   
1                    Comprehensiveness of Information   
2                             Accuracy of Information   
3                        Innovativeness of Viewpoints   
4       Integration of Interdisciplinary Perspectives   
5                        Clarity of Logical Structure   
6               Reasonableness of Chapter Arrangement   
7              Quality of Introduction and Conclusion   
8              Accuracy and Completeness of Citations   
9              Timeliness and Relevance of References   
10   Avoidance of Plagiarism and Appropriate Citation   
11             Critical Analysis of Existing Research   
12   Proposal of New Research Directions or Questions   
13                Potential Contribution to the Field   
14             Clarity of Research Method Description   
15                    Rationality of Method Selection   
16                           Rigor of Research Design   
17               Inclusion of Latest Research Results   
18            Reflection of Current Research Hotspots   
19                     Fluency of Language Expression   
20    Appropriateness of Professional Terminology Use   
21                          Conciseness of Expression   
22  Practical Application Potential of Research Re...   
23                Feasibility of Proposed Suggestions   
24                             Logic of Argumentation   
25                   Multi-angle Analysis of Problems   
26  Identification and Discussion of Research Limi...   

    ICC (Intraclass Correlation Coefficient) ICC 95% Confidence Interval  \
0                                   0.650761                [0.54, 0.75]   
1                                   0.905344                [0.86, 0.94]   
2                                   0.642978                [0.55, 0.74]   
3                                   0.874025                [0.82, 0.92]   
4                                   0.856034                  [0.8, 0.9]   
5                                   0.876178                [0.83, 0.92]   
6                                   0.873082                [0.83, 0.91]   
7                                   0.845796                [0.79, 0.89]   
8                                   0.690952                 [0.6, 0.78]   
9                                   0.725169                 [0.64, 0.8]   
10                                  0.403792                 [0.3, 0.52]   
11                                  0.872277                [0.82, 0.91]   
12                                  0.793596                [0.72, 0.86]   
13                                  0.845723                [0.79, 0.89]   
14                                  0.739133                [0.66, 0.82]   
15                                  0.754864                [0.68, 0.83]   
16                                  0.746701                [0.67, 0.82]   
17                                  0.747002                [0.67, 0.82]   
18                                  0.786069                [0.72, 0.85]   
19                                  0.708940                [0.62, 0.79]   
20                                  0.675090                [0.58, 0.77]   
21                                  0.696072                [0.61, 0.78]   
22                                  0.839033                [0.78, 0.89]   
23                                  0.683250                [0.59, 0.77]   
24                                  0.838326                [0.78, 0.89]   
25                                  0.860957                [0.81, 0.91]   
26                                  0.762554                [0.69, 0.83]   

    Transitivity Consistency Ratio (%)  
0                            27.272727  
1                            80.000000  
2                            24.137931  
3                            76.363636  
4                            76.086957  
5                            82.424242  
6                            82.424242  
7                            79.393939  
8                            48.148148  
9                            73.333333  
10                           24.137931  
11                           76.363636  
12                           76.363636  
13                           76.363636  
14                           80.303030  
15                           76.000000  
16                           80.851064  
17                           73.333333  
18                           76.363636  
19                           81.528662  
20                           80.291971  
21                           85.454545  
22                           76.363636  
23                           76.363636  
24                           78.787879  
25                           78.787879  
26                           78.787879  

Results have been saved to 'reliability_analysis.csv'
Author
10      0.000000
7      25.925528
6      26.478007
5      30.005092
4      45.687689
1      53.015078
0      53.175618
2      66.983707
8      72.448450
3      78.513545
9     100.000000
Name: Score, dtype: float64

Results have been saved to 'pagerank_results_balanced.csv'
Combined Results:
                                          Subcategory  \
0                                     Topic Relevance   
1                    Comprehensiveness of Information   
2                             Accuracy of Information   
3                        Innovativeness of Viewpoints   
4       Integration of Interdisciplinary Perspectives   
5                        Clarity of Logical Structure   
6               Reasonableness of Chapter Arrangement   
7              Quality of Introduction and Conclusion   
8              Accuracy and Completeness of Citations   
9              Timeliness and Relevance of References   
10   Avoidance of Plagiarism and Appropriate Citation   
11             Critical Analysis of Existing Research   
12   Proposal of New Research Directions or Questions   
13                Potential Contribution to the Field   
14             Clarity of Research Method Description   
15                    Rationality of Method Selection   
16                           Rigor of Research Design   
17               Inclusion of Latest Research Results   
18            Reflection of Current Research Hotspots   
19                     Fluency of Language Expression   
20    Appropriateness of Professional Terminology Use   
21                          Conciseness of Expression   
22  Practical Application Potential of Research Re...   
23                Feasibility of Proposed Suggestions   
24                             Logic of Argumentation   
25                   Multi-angle Analysis of Problems   
26  Identification and Discussion of Research Limi...   

    ICC (Intraclass Correlation Coefficient) ICC 95% Confidence Interval  \
0                                   0.650761                [0.54, 0.75]   
1                                   0.905344                [0.86, 0.94]   
2                                   0.642978                [0.55, 0.74]   
3                                   0.874025                [0.82, 0.92]   
4                                   0.856034                  [0.8, 0.9]   
5                                   0.876178                [0.83, 0.92]   
6                                   0.873082                [0.83, 0.91]   
7                                   0.845796                [0.79, 0.89]   
8                                   0.690952                 [0.6, 0.78]   
9                                   0.725169                 [0.64, 0.8]   
10                                  0.403792                 [0.3, 0.52]   
11                                  0.872277                [0.82, 0.91]   
12                                  0.793596                [0.72, 0.86]   
13                                  0.845723                [0.79, 0.89]   
14                                  0.739133                [0.66, 0.82]   
15                                  0.754864                [0.68, 0.83]   
16                                  0.746701                [0.67, 0.82]   
17                                  0.747002                [0.67, 0.82]   
18                                  0.786069                [0.72, 0.85]   
19                                  0.708940                [0.62, 0.79]   
20                                  0.675090                [0.58, 0.77]   
21                                  0.696072                [0.61, 0.78]   
22                                  0.839033                [0.78, 0.89]   
23                                  0.683250                [0.59, 0.77]   
24                                  0.838326                [0.78, 0.89]   
25                                  0.860957                [0.81, 0.91]   
26                                  0.762554                [0.69, 0.83]   

    Transitivity Consistency Ratio (%)  
0                            27.272727  
1                            80.000000  
2                            24.137931  
3                            76.363636  
4                            76.086957  
5                            82.424242  
6                            82.424242  
7                            79.393939  
8                            48.148148  
9                            73.333333  
10                           24.137931  
11                           76.363636  
12                           76.363636  
13                           76.363636  
14                           80.303030  
15                           76.000000  
16                           80.851064  
17                           73.333333  
18                           76.363636  
19                           81.528662  
20                           80.291971  
21                           85.454545  
22                           76.363636  
23                           76.363636  
24                           78.787879  
25                           78.787879  
26                           78.787879  

Results have been saved to 'reliability_analysis.csv'
