Author
3     30.304019
10    33.333333
6     42.591823
4     45.547601
2     62.459744
0     63.970172
1     64.571843
8     66.223599
7     67.988077
5     79.033004
9     87.172754
Name: Score, dtype: float64

Results have been saved to 'pagerank_results_balanced.csv'
Combined Results:
                                          Subcategory  \
0                                     Topic Relevance   
1                    Comprehensiveness of Information   
2                             Accuracy of Information   
3                        Innovativeness of Viewpoints   
4       Integration of Interdisciplinary Perspectives   
5                        Clarity of Logical Structure   
6               Reasonableness of Chapter Arrangement   
7              Quality of Introduction and Conclusion   
8              Accuracy and Completeness of Citations   
9              Timeliness and Relevance of References   
10   Avoidance of Plagiarism and Appropriate Citation   
11             Critical Analysis of Existing Research   
12   Proposal of New Research Directions or Questions   
13                Potential Contribution to the Field   
14             Clarity of Research Method Description   
15                    Rationality of Method Selection   
16                           Rigor of Research Design   
17               Inclusion of Latest Research Results   
18            Reflection of Current Research Hotspots   
19                     Fluency of Language Expression   
20    Appropriateness of Professional Terminology Use   
21                          Conciseness of Expression   
22  Practical Application Potential of Research Re...   
23                Feasibility of Proposed Suggestions   
24                             Logic of Argumentation   
25                   Multi-angle Analysis of Problems   
26  Identification and Discussion of Research Limi...   

    ICC (Intraclass Correlation Coefficient) ICC 95% Confidence Interval  \
0                                   0.717288                 [0.63, 0.8]   
1                                   0.822736                [0.76, 0.88]   
2                                   0.497657                 [0.4, 0.61]   
3                                   0.804646                [0.74, 0.86]   
4                                   0.745879                [0.65, 0.83]   
5                                   0.738195                [0.64, 0.82]   
6                                   0.702809                 [0.6, 0.79]   
7                                   0.661323                [0.56, 0.76]   
8                                   0.622347                [0.53, 0.72]   
9                                   0.587243                [0.49, 0.69]   
10                                  0.322544                [0.23, 0.44]   
11                                  0.812504                [0.75, 0.87]   
12                                  0.781948                [0.71, 0.85]   
13                                  0.775174                 [0.7, 0.84]   
14                                  0.627200                [0.53, 0.73]   
15                                  0.653261                [0.56, 0.75]   
16                                  0.625802                [0.53, 0.72]   
17                                  0.598969                  [0.5, 0.7]   
18                                  0.658651                [0.56, 0.75]   
19                                  0.546277                [0.43, 0.66]   
20                                  0.594065                 [0.49, 0.7]   
21                                  0.531037                [0.42, 0.65]   
22                                  0.758484                [0.68, 0.83]   
23                                  0.618878                [0.52, 0.72]   
24                                  0.712695                 [0.62, 0.8]   
25                                  0.755882                [0.68, 0.83]   
26                                  0.643094                [0.55, 0.74]   

    Transitivity Consistency Ratio (%)  
0                            86.666667  
1                            79.393939  
2                            86.666667  
3                            78.181818  
4                            78.787879  
5                            80.000000  
6                            80.000000  
7                            78.787879  
8                            86.666667  
9                            78.787879  
10                           86.666667  
11                           78.181818  
12                           79.393939  
13                           78.787879  
14                           77.575758  
15                           77.575758  
16                           77.575758  
17                           78.787879  
18                           78.787879  
19                           79.393939  
20                           78.787879  
21                           78.787879  
22                           79.393939  
23                           76.969697  
24                           78.787879  
25                           78.787879  
26                           78.787879  

Results have been saved to 'reliability_analysis.csv'
Author
3     30.304019
10    33.333333
6     42.591823
4     45.547601
2     62.459744
0     63.970172
1     64.571843
8     66.223599
7     67.988077
5     79.033004
9     87.172754
Name: Score, dtype: float64

Results have been saved to 'pagerank_results_balanced.csv'
Combined Results:
                                          Subcategory  \
0                                     Topic Relevance   
1                    Comprehensiveness of Information   
2                             Accuracy of Information   
3                        Innovativeness of Viewpoints   
4       Integration of Interdisciplinary Perspectives   
5                        Clarity of Logical Structure   
6               Reasonableness of Chapter Arrangement   
7              Quality of Introduction and Conclusion   
8              Accuracy and Completeness of Citations   
9              Timeliness and Relevance of References   
10   Avoidance of Plagiarism and Appropriate Citation   
11             Critical Analysis of Existing Research   
12   Proposal of New Research Directions or Questions   
13                Potential Contribution to the Field   
14             Clarity of Research Method Description   
15                    Rationality of Method Selection   
16                           Rigor of Research Design   
17               Inclusion of Latest Research Results   
18            Reflection of Current Research Hotspots   
19                     Fluency of Language Expression   
20    Appropriateness of Professional Terminology Use   
21                          Conciseness of Expression   
22  Practical Application Potential of Research Re...   
23                Feasibility of Proposed Suggestions   
24                             Logic of Argumentation   
25                   Multi-angle Analysis of Problems   
26  Identification and Discussion of Research Limi...   

    ICC (Intraclass Correlation Coefficient) ICC 95% Confidence Interval  \
0                                   0.717288                 [0.63, 0.8]   
1                                   0.822736                [0.76, 0.88]   
2                                   0.497657                 [0.4, 0.61]   
3                                   0.804646                [0.74, 0.86]   
4                                   0.745879                [0.65, 0.83]   
5                                   0.738195                [0.64, 0.82]   
6                                   0.702809                 [0.6, 0.79]   
7                                   0.661323                [0.56, 0.76]   
8                                   0.622347                [0.53, 0.72]   
9                                   0.587243                [0.49, 0.69]   
10                                  0.322544                [0.23, 0.44]   
11                                  0.812504                [0.75, 0.87]   
12                                  0.781948                [0.71, 0.85]   
13                                  0.775174                 [0.7, 0.84]   
14                                  0.627200                [0.53, 0.73]   
15                                  0.653261                [0.56, 0.75]   
16                                  0.625802                [0.53, 0.72]   
17                                  0.598969                  [0.5, 0.7]   
18                                  0.658651                [0.56, 0.75]   
19                                  0.546277                [0.43, 0.66]   
20                                  0.594065                 [0.49, 0.7]   
21                                  0.531037                [0.42, 0.65]   
22                                  0.758484                [0.68, 0.83]   
23                                  0.618878                [0.52, 0.72]   
24                                  0.712695                 [0.62, 0.8]   
25                                  0.755882                [0.68, 0.83]   
26                                  0.643094                [0.55, 0.74]   

    Transitivity Consistency Ratio (%)  
0                            86.666667  
1                            79.393939  
2                            86.666667  
3                            78.181818  
4                            78.787879  
5                            80.000000  
6                            80.000000  
7                            78.787879  
8                            86.666667  
9                            78.787879  
10                           86.666667  
11                           78.181818  
12                           79.393939  
13                           78.787879  
14                           77.575758  
15                           77.575758  
16                           77.575758  
17                           78.787879  
18                           78.787879  
19                           79.393939  
20                           78.787879  
21                           78.787879  
22                           79.393939  
23                           76.969697  
24                           78.787879  
25                           78.787879  
26                           78.787879  

Results have been saved to 'reliability_analysis.csv'
Author
10      0.000000
3      52.492308
6      63.183411
2      71.214897
4      72.692669
5      76.344696
0      91.396879
1      92.164660
8      93.017938
7      93.048840
9     100.000000
Name: Score, dtype: float64

Results have been saved to 'pagerank_results_balanced.csv'
Combined Results:
                                          Subcategory  \
0                                     Topic Relevance   
1                    Comprehensiveness of Information   
2                             Accuracy of Information   
3                        Innovativeness of Viewpoints   
4       Integration of Interdisciplinary Perspectives   
5                        Clarity of Logical Structure   
6               Reasonableness of Chapter Arrangement   
7              Quality of Introduction and Conclusion   
8              Accuracy and Completeness of Citations   
9              Timeliness and Relevance of References   
10   Avoidance of Plagiarism and Appropriate Citation   
11             Critical Analysis of Existing Research   
12   Proposal of New Research Directions or Questions   
13                Potential Contribution to the Field   
14             Clarity of Research Method Description   
15                    Rationality of Method Selection   
16                           Rigor of Research Design   
17               Inclusion of Latest Research Results   
18            Reflection of Current Research Hotspots   
19                     Fluency of Language Expression   
20    Appropriateness of Professional Terminology Use   
21                          Conciseness of Expression   
22  Practical Application Potential of Research Re...   
23                Feasibility of Proposed Suggestions   
24                             Logic of Argumentation   
25                   Multi-angle Analysis of Problems   
26  Identification and Discussion of Research Limi...   

    ICC (Intraclass Correlation Coefficient) ICC 95% Confidence Interval  \
0                                   0.717288                 [0.63, 0.8]   
1                                   0.822736                [0.76, 0.88]   
2                                   0.497657                 [0.4, 0.61]   
3                                   0.804646                [0.74, 0.86]   
4                                   0.745879                [0.65, 0.83]   
5                                   0.738195                [0.64, 0.82]   
6                                   0.702809                 [0.6, 0.79]   
7                                   0.661323                [0.56, 0.76]   
8                                   0.622347                [0.53, 0.72]   
9                                   0.587243                [0.49, 0.69]   
10                                  0.322544                [0.23, 0.44]   
11                                  0.812504                [0.75, 0.87]   
12                                  0.781948                [0.71, 0.85]   
13                                  0.775174                 [0.7, 0.84]   
14                                  0.627200                [0.53, 0.73]   
15                                  0.653261                [0.56, 0.75]   
16                                  0.625802                [0.53, 0.72]   
17                                  0.598969                  [0.5, 0.7]   
18                                  0.658651                [0.56, 0.75]   
19                                  0.546277                [0.43, 0.66]   
20                                  0.594065                 [0.49, 0.7]   
21                                  0.531037                [0.42, 0.65]   
22                                  0.758484                [0.68, 0.83]   
23                                  0.618878                [0.52, 0.72]   
24                                  0.712695                 [0.62, 0.8]   
25                                  0.755882                [0.68, 0.83]   
26                                  0.643094                [0.55, 0.74]   

    Transitivity Consistency Ratio (%)  
0                            29.032258  
1                            79.393939  
2                            26.666667  
3                            78.181818  
4                            77.124183  
5                            80.000000  
6                            80.000000  
7                            78.787879  
8                            31.250000  
9                            78.787879  
10                           29.032258  
11                           78.181818  
12                           78.205128  
13                           78.787879  
14                           77.575758  
15                           77.575758  
16                           77.575758  
17                           78.787879  
18                           78.787879  
19                           78.205128  
20                           78.260870  
21                           78.787879  
22                           79.393939  
23                           76.969697  
24                           78.787879  
25                           78.787879  
26                           78.787879  

Results have been saved to 'reliability_analysis.csv'
Author
10      0.000000
3      52.492308
6      63.183411
2      71.214897
4      72.692669
5      76.344696
0      91.396879
1      92.164660
8      93.017938
7      93.048840
9     100.000000
Name: Score, dtype: float64

Results have been saved to 'pagerank_results_balanced.csv'
Combined Results:
                                          Subcategory  \
0                                     Topic Relevance   
1                    Comprehensiveness of Information   
2                             Accuracy of Information   
3                        Innovativeness of Viewpoints   
4       Integration of Interdisciplinary Perspectives   
5                        Clarity of Logical Structure   
6               Reasonableness of Chapter Arrangement   
7              Quality of Introduction and Conclusion   
8              Accuracy and Completeness of Citations   
9              Timeliness and Relevance of References   
10   Avoidance of Plagiarism and Appropriate Citation   
11             Critical Analysis of Existing Research   
12   Proposal of New Research Directions or Questions   
13                Potential Contribution to the Field   
14             Clarity of Research Method Description   
15                    Rationality of Method Selection   
16                           Rigor of Research Design   
17               Inclusion of Latest Research Results   
18            Reflection of Current Research Hotspots   
19                     Fluency of Language Expression   
20    Appropriateness of Professional Terminology Use   
21                          Conciseness of Expression   
22  Practical Application Potential of Research Re...   
23                Feasibility of Proposed Suggestions   
24                             Logic of Argumentation   
25                   Multi-angle Analysis of Problems   
26  Identification and Discussion of Research Limi...   

    ICC (Intraclass Correlation Coefficient) ICC 95% Confidence Interval  \
0                                   0.717288                 [0.63, 0.8]   
1                                   0.822736                [0.76, 0.88]   
2                                   0.497657                 [0.4, 0.61]   
3                                   0.804646                [0.74, 0.86]   
4                                   0.745879                [0.65, 0.83]   
5                                   0.738195                [0.64, 0.82]   
6                                   0.702809                 [0.6, 0.79]   
7                                   0.661323                [0.56, 0.76]   
8                                   0.622347                [0.53, 0.72]   
9                                   0.587243                [0.49, 0.69]   
10                                  0.322544                [0.23, 0.44]   
11                                  0.812504                [0.75, 0.87]   
12                                  0.781948                [0.71, 0.85]   
13                                  0.775174                 [0.7, 0.84]   
14                                  0.627200                [0.53, 0.73]   
15                                  0.653261                [0.56, 0.75]   
16                                  0.625802                [0.53, 0.72]   
17                                  0.598969                  [0.5, 0.7]   
18                                  0.658651                [0.56, 0.75]   
19                                  0.546277                [0.43, 0.66]   
20                                  0.594065                 [0.49, 0.7]   
21                                  0.531037                [0.42, 0.65]   
22                                  0.758484                [0.68, 0.83]   
23                                  0.618878                [0.52, 0.72]   
24                                  0.712695                 [0.62, 0.8]   
25                                  0.755882                [0.68, 0.83]   
26                                  0.643094                [0.55, 0.74]   

    Transitivity Consistency Ratio (%)  
0                            29.032258  
1                            79.393939  
2                            26.666667  
3                            78.181818  
4                            77.124183  
5                            80.000000  
6                            80.000000  
7                            78.787879  
8                            31.250000  
9                            78.787879  
10                           29.032258  
11                           78.181818  
12                           78.205128  
13                           78.787879  
14                           77.575758  
15                           77.575758  
16                           77.575758  
17                           78.787879  
18                           78.787879  
19                           78.205128  
20                           78.260870  
21                           78.787879  
22                           79.393939  
23                           76.969697  
24                           78.787879  
25                           78.787879  
26                           78.787879  

Results have been saved to 'reliability_analysis.csv'
