Author
10      0.682431
8       2.698690
5       9.125935
2      11.562909
4      13.793794
1      14.213386
6      15.028666
3      16.299077
7      38.984862
0      72.609433
9     100.000000
Name: Score, dtype: float64

Results have been saved to 'pagerank_results_balanced.csv'
Combined Results:
                                          Subcategory  \
0                                     Topic Relevance   
1                    Comprehensiveness of Information   
2                             Accuracy of Information   
3                        Innovativeness of Viewpoints   
4       Integration of Interdisciplinary Perspectives   
5                        Clarity of Logical Structure   
6               Reasonableness of Chapter Arrangement   
7              Quality of Introduction and Conclusion   
8              Accuracy and Completeness of Citations   
9              Timeliness and Relevance of References   
10   Avoidance of Plagiarism and Appropriate Citation   
11             Critical Analysis of Existing Research   
12   Proposal of New Research Directions or Questions   
13                Potential Contribution to the Field   
14             Clarity of Research Method Description   
15                    Rationality of Method Selection   
16                           Rigor of Research Design   
17               Inclusion of Latest Research Results   
18            Reflection of Current Research Hotspots   
19                     Fluency of Language Expression   
20    Appropriateness of Professional Terminology Use   
21                          Conciseness of Expression   
22  Practical Application Potential of Research Re...   
23                Feasibility of Proposed Suggestions   
24                             Logic of Argumentation   
25                   Multi-angle Analysis of Problems   
26  Identification and Discussion of Research Limi...   

    ICC (Intraclass Correlation Coefficient) ICC 95% Confidence Interval  \
0                                   0.351624                [0.26, 0.47]   
1                                   0.729189                [0.65, 0.81]   
2                                   0.239200                [0.16, 0.35]   
3                                   0.610276                [0.51, 0.71]   
4                                   0.744191                [0.66, 0.82]   
5                                   0.634436                [0.54, 0.73]   
6                                   0.659401                [0.57, 0.75]   
7                                   0.603302                [0.51, 0.71]   
8                                   0.668936                [0.58, 0.76]   
9                                   0.722352                 [0.64, 0.8]   
10                                  0.215847                [0.14, 0.32]   
11                                  0.706481                [0.62, 0.79]   
12                                  0.528214                [0.43, 0.64]   
13                                  0.675652                [0.59, 0.77]   
14                                  0.636845                [0.54, 0.73]   
15                                  0.647289                [0.55, 0.74]   
16                                  0.652325                [0.56, 0.75]   
17                                  0.732334                [0.65, 0.81]   
18                                  0.727609                [0.65, 0.81]   
19                                  0.541412                [0.44, 0.65]   
20                                  0.583430                [0.48, 0.69]   
21                                  0.515167                [0.41, 0.63]   
22                                  0.637170                [0.54, 0.73]   
23                                  0.588644                [0.49, 0.69]   
24                                  0.660216                [0.57, 0.75]   
25                                  0.719422                 [0.64, 0.8]   
26                                  0.686645                 [0.6, 0.77]   

    Transitivity Consistency Ratio (%)  
0                            81.818182  
1                            85.454545  
2                            84.242424  
3                            84.848485  
4                            81.818182  
5                            83.636364  
6                            87.272727  
7                            82.424242  
8                            80.606061  
9                            83.030303  
10                           84.848485  
11                           84.242424  
12                           81.212121  
13                           81.212121  
14                           84.848485  
15                           82.424242  
16                           81.212121  
17                           83.030303  
18                           81.212121  
19                           84.242424  
20                           84.242424  
21                           86.060606  
22                           81.212121  
23                           85.454545  
24                           89.696970  
25                           81.212121  
26                           81.818182  

Results have been saved to 'reliability_analysis.csv'
Author
10      0.647944
8       2.352658
5      10.878054
4      11.502947
2      13.269409
6      14.867542
1      18.217052
3      18.217144
7      47.588609
0      71.046132
9     100.000000
Name: Score, dtype: float64

Results have been saved to 'pagerank_results_balanced.csv'
Combined Results:
                                          Subcategory  \
0                                     Topic Relevance   
1                    Comprehensiveness of Information   
2                             Accuracy of Information   
3                        Innovativeness of Viewpoints   
4       Integration of Interdisciplinary Perspectives   
5                        Clarity of Logical Structure   
6               Reasonableness of Chapter Arrangement   
7              Quality of Introduction and Conclusion   
8              Accuracy and Completeness of Citations   
9              Timeliness and Relevance of References   
10   Avoidance of Plagiarism and Appropriate Citation   
11             Critical Analysis of Existing Research   
12   Proposal of New Research Directions or Questions   
13                Potential Contribution to the Field   
14             Clarity of Research Method Description   
15                    Rationality of Method Selection   
16                           Rigor of Research Design   
17               Inclusion of Latest Research Results   
18            Reflection of Current Research Hotspots   
19                     Fluency of Language Expression   
20    Appropriateness of Professional Terminology Use   
21                          Conciseness of Expression   
22  Practical Application Potential of Research Re...   
23                Feasibility of Proposed Suggestions   
24                             Logic of Argumentation   
25                   Multi-angle Analysis of Problems   
26  Identification and Discussion of Research Limi...   

    ICC (Intraclass Correlation Coefficient) ICC 95% Confidence Interval  \
0                                   0.351624                [0.26, 0.47]   
1                                   0.729189                [0.65, 0.81]   
2                                   0.239200                [0.16, 0.35]   
3                                   0.610276                [0.51, 0.71]   
4                                   0.744191                [0.66, 0.82]   
5                                   0.634436                [0.54, 0.73]   
6                                   0.659401                [0.57, 0.75]   
7                                   0.603302                [0.51, 0.71]   
8                                   0.668936                [0.58, 0.76]   
9                                   0.722352                 [0.64, 0.8]   
10                                  0.215847                [0.14, 0.32]   
11                                  0.706481                [0.62, 0.79]   
12                                  0.528214                [0.43, 0.64]   
13                                  0.675652                [0.59, 0.77]   
14                                  0.636845                [0.54, 0.73]   
15                                  0.647289                [0.55, 0.74]   
16                                  0.652325                [0.56, 0.75]   
17                                  0.732334                [0.65, 0.81]   
18                                  0.727609                [0.65, 0.81]   
19                                  0.541412                [0.44, 0.65]   
20                                  0.583430                [0.48, 0.69]   
21                                  0.515167                [0.41, 0.63]   
22                                  0.637170                [0.54, 0.73]   
23                                  0.588644                [0.49, 0.69]   
24                                  0.660216                [0.57, 0.75]   
25                                  0.719422                 [0.64, 0.8]   
26                                  0.686645                 [0.6, 0.77]   

    Transitivity Consistency Ratio (%)  
0                            66.666667  
1                            84.810127  
2                            31.578947  
3                            83.974359  
4                            81.818182  
5                            83.636364  
6                            87.272727  
7                            82.424242  
8                            69.523810  
9                            83.030303  
10                           37.500000  
11                           84.242424  
12                           80.379747  
13                           81.212121  
14                           84.848485  
15                           82.424242  
16                           81.212121  
17                           83.030303  
18                           81.212121  
19                           84.242424  
20                           83.647799  
21                           86.060606  
22                           81.212121  
23                           84.000000  
24                           89.171975  
25                           81.212121  
26                           81.818182  

Results have been saved to 'reliability_analysis.csv'
Author
10      0.647944
8       2.352658
5      10.878054
4      11.502947
2      13.269409
6      14.867542
1      18.217052
3      18.217144
7      47.588609
0      71.046132
9     100.000000
Name: Score, dtype: float64

Results have been saved to 'pagerank_results_balanced.csv'
Combined Results:
                                          Subcategory  \
0                                     Topic Relevance   
1                    Comprehensiveness of Information   
2                             Accuracy of Information   
3                        Innovativeness of Viewpoints   
4       Integration of Interdisciplinary Perspectives   
5                        Clarity of Logical Structure   
6               Reasonableness of Chapter Arrangement   
7              Quality of Introduction and Conclusion   
8              Accuracy and Completeness of Citations   
9              Timeliness and Relevance of References   
10   Avoidance of Plagiarism and Appropriate Citation   
11             Critical Analysis of Existing Research   
12   Proposal of New Research Directions or Questions   
13                Potential Contribution to the Field   
14             Clarity of Research Method Description   
15                    Rationality of Method Selection   
16                           Rigor of Research Design   
17               Inclusion of Latest Research Results   
18            Reflection of Current Research Hotspots   
19                     Fluency of Language Expression   
20    Appropriateness of Professional Terminology Use   
21                          Conciseness of Expression   
22  Practical Application Potential of Research Re...   
23                Feasibility of Proposed Suggestions   
24                             Logic of Argumentation   
25                   Multi-angle Analysis of Problems   
26  Identification and Discussion of Research Limi...   

    ICC (Intraclass Correlation Coefficient) ICC 95% Confidence Interval  \
0                                   0.351624                [0.26, 0.47]   
1                                   0.729189                [0.65, 0.81]   
2                                   0.239200                [0.16, 0.35]   
3                                   0.610276                [0.51, 0.71]   
4                                   0.744191                [0.66, 0.82]   
5                                   0.634436                [0.54, 0.73]   
6                                   0.659401                [0.57, 0.75]   
7                                   0.603302                [0.51, 0.71]   
8                                   0.668936                [0.58, 0.76]   
9                                   0.722352                 [0.64, 0.8]   
10                                  0.215847                [0.14, 0.32]   
11                                  0.706481                [0.62, 0.79]   
12                                  0.528214                [0.43, 0.64]   
13                                  0.675652                [0.59, 0.77]   
14                                  0.636845                [0.54, 0.73]   
15                                  0.647289                [0.55, 0.74]   
16                                  0.652325                [0.56, 0.75]   
17                                  0.732334                [0.65, 0.81]   
18                                  0.727609                [0.65, 0.81]   
19                                  0.541412                [0.44, 0.65]   
20                                  0.583430                [0.48, 0.69]   
21                                  0.515167                [0.41, 0.63]   
22                                  0.637170                [0.54, 0.73]   
23                                  0.588644                [0.49, 0.69]   
24                                  0.660216                [0.57, 0.75]   
25                                  0.719422                 [0.64, 0.8]   
26                                  0.686645                 [0.6, 0.77]   

    Transitivity Consistency Ratio (%)  
0                            66.666667  
1                            84.810127  
2                            31.578947  
3                            83.974359  
4                            81.818182  
5                            83.636364  
6                            87.272727  
7                            82.424242  
8                            69.523810  
9                            83.030303  
10                           37.500000  
11                           84.242424  
12                           80.379747  
13                           81.212121  
14                           84.848485  
15                           82.424242  
16                           81.212121  
17                           83.030303  
18                           81.212121  
19                           84.242424  
20                           83.647799  
21                           86.060606  
22                           81.212121  
23                           84.000000  
24                           89.171975  
25                           81.212121  
26                           81.818182  

Results have been saved to 'reliability_analysis.csv'
