Author
10     0.727412
3      1.172077
1      3.159039
8      4.772735
5     12.294493
0     14.414922
2     17.046162
6     38.873338
7     62.972335
4     79.785298
9     99.984426
Name: Score, dtype: float64

Results have been saved to 'pagerank_results_balanced.csv'
Combined Results:
                                          Subcategory  \
0                                     Topic Relevance   
1                    Comprehensiveness of Information   
2                             Accuracy of Information   
3                        Innovativeness of Viewpoints   
4       Integration of Interdisciplinary Perspectives   
5                        Clarity of Logical Structure   
6               Reasonableness of Chapter Arrangement   
7              Quality of Introduction and Conclusion   
8              Accuracy and Completeness of Citations   
9              Timeliness and Relevance of References   
10   Avoidance of Plagiarism and Appropriate Citation   
11             Critical Analysis of Existing Research   
12   Proposal of New Research Directions or Questions   
13                Potential Contribution to the Field   
14             Clarity of Research Method Description   
15                    Rationality of Method Selection   
16                           Rigor of Research Design   
17               Inclusion of Latest Research Results   
18            Reflection of Current Research Hotspots   
19                     Fluency of Language Expression   
20    Appropriateness of Professional Terminology Use   
21                          Conciseness of Expression   
22  Practical Application Potential of Research Re...   
23                Feasibility of Proposed Suggestions   
24                             Logic of Argumentation   
25                   Multi-angle Analysis of Problems   
26  Identification and Discussion of Research Limi...   

    ICC (Intraclass Correlation Coefficient) ICC 95% Confidence Interval  \
0                                   0.537697                [0.44, 0.65]   
1                                   0.741896                [0.66, 0.82]   
2                                   0.474735                [0.37, 0.59]   
3                                   0.674427                [0.58, 0.76]   
4                                   0.641066                [0.55, 0.74]   
5                                   0.689782                 [0.6, 0.78]   
6                                   0.663171                [0.57, 0.76]   
7                                   0.598752                  [0.5, 0.7]   
8                                   0.547937                [0.45, 0.66]   
9                                   0.598429                  [0.5, 0.7]   
10                                  0.196753                 [0.12, 0.3]   
11                                  0.700539                [0.61, 0.79]   
12                                  0.573250                [0.47, 0.68]   
13                                  0.677019                [0.59, 0.77]   
14                                  0.607274                [0.51, 0.71]   
15                                  0.625847                [0.53, 0.72]   
16                                  0.615326                [0.52, 0.72]   
17                                  0.606572                [0.51, 0.71]   
18                                  0.574218                [0.47, 0.68]   
19                                  0.598094                  [0.5, 0.7]   
20                                  0.607483                [0.51, 0.71]   
21                                  0.637908                [0.54, 0.73]   
22                                  0.681753                [0.59, 0.77]   
23                                  0.639074                [0.54, 0.74]   
24                                  0.618125                [0.52, 0.72]   
25                                  0.595611                  [0.5, 0.7]   
26                                  0.587951                [0.49, 0.69]   

    Transitivity Consistency Ratio (%)  
0                            82.424242  
1                            80.606061  
2                            86.060606  
3                            86.666667  
4                            78.787879  
5                            76.363636  
6                            76.363636  
7                            77.575758  
8                            80.606061  
9                            78.181818  
10                           80.606061  
11                           82.424242  
12                           83.636364  
13                           82.424242  
14                           78.181818  
15                           78.181818  
16                           80.000000  
17                           78.181818  
18                           78.181818  
19                           77.575758  
20                           80.606061  
21                           76.363636  
22                           83.030303  
23                           83.030303  
24                           76.969697  
25                           80.000000  
26                           80.000000  

Results have been saved to 'reliability_analysis.csv'
Author
10     0.750764
3      0.934555
1      2.966426
8      3.782315
5     12.837342
0     15.032615
2     16.846140
6     39.216878
7     61.937554
4     80.871592
9     99.990429
Name: Score, dtype: float64

Results have been saved to 'pagerank_results_balanced.csv'
Combined Results:
                                          Subcategory  \
0                                     Topic Relevance   
1                    Comprehensiveness of Information   
2                             Accuracy of Information   
3                        Innovativeness of Viewpoints   
4       Integration of Interdisciplinary Perspectives   
5                        Clarity of Logical Structure   
6               Reasonableness of Chapter Arrangement   
7              Quality of Introduction and Conclusion   
8              Accuracy and Completeness of Citations   
9              Timeliness and Relevance of References   
10   Avoidance of Plagiarism and Appropriate Citation   
11             Critical Analysis of Existing Research   
12   Proposal of New Research Directions or Questions   
13                Potential Contribution to the Field   
14             Clarity of Research Method Description   
15                    Rationality of Method Selection   
16                           Rigor of Research Design   
17               Inclusion of Latest Research Results   
18            Reflection of Current Research Hotspots   
19                     Fluency of Language Expression   
20    Appropriateness of Professional Terminology Use   
21                          Conciseness of Expression   
22  Practical Application Potential of Research Re...   
23                Feasibility of Proposed Suggestions   
24                             Logic of Argumentation   
25                   Multi-angle Analysis of Problems   
26  Identification and Discussion of Research Limi...   

    ICC (Intraclass Correlation Coefficient) ICC 95% Confidence Interval  \
0                                   0.537697                [0.44, 0.65]   
1                                   0.741896                [0.66, 0.82]   
2                                   0.474735                [0.37, 0.59]   
3                                   0.674427                [0.58, 0.76]   
4                                   0.641066                [0.55, 0.74]   
5                                   0.689782                 [0.6, 0.78]   
6                                   0.663171                [0.57, 0.76]   
7                                   0.598752                  [0.5, 0.7]   
8                                   0.547937                [0.45, 0.66]   
9                                   0.598429                  [0.5, 0.7]   
10                                  0.196753                 [0.12, 0.3]   
11                                  0.700539                [0.61, 0.79]   
12                                  0.573250                [0.47, 0.68]   
13                                  0.677019                [0.59, 0.77]   
14                                  0.607274                [0.51, 0.71]   
15                                  0.625847                [0.53, 0.72]   
16                                  0.615326                [0.52, 0.72]   
17                                  0.606572                [0.51, 0.71]   
18                                  0.574218                [0.47, 0.68]   
19                                  0.598094                  [0.5, 0.7]   
20                                  0.607483                [0.51, 0.71]   
21                                  0.637908                [0.54, 0.73]   
22                                  0.681753                [0.59, 0.77]   
23                                  0.639074                [0.54, 0.74]   
24                                  0.618125                [0.52, 0.72]   
25                                  0.595611                  [0.5, 0.7]   
26                                  0.587951                [0.49, 0.69]   

    Transitivity Consistency Ratio (%)  
0                            80.000000  
1                            80.606061  
2                            76.530612  
3                            85.987261  
4                            78.787879  
5                            76.363636  
6                            76.363636  
7                            77.575758  
8                            76.978417  
9                            77.358491  
10                           68.316832  
11                           82.424242  
12                           82.802548  
13                           82.424242  
14                           75.172414  
15                           75.172414  
16                           78.000000  
17                           77.358491  
18                           78.181818  
19                           77.575758  
20                           80.606061  
21                           76.363636  
22                           83.030303  
23                           83.030303  
24                           76.969697  
25                           80.000000  
26                           80.000000  

Results have been saved to 'reliability_analysis.csv'
Author
10     0.750764
3      0.934555
1      2.966426
8      3.782315
5     12.837342
0     15.032615
2     16.846140
6     39.216878
7     61.937554
4     80.871592
9     99.990429
Name: Score, dtype: float64

Results have been saved to 'pagerank_results_balanced.csv'
Combined Results:
                                          Subcategory  \
0                                     Topic Relevance   
1                    Comprehensiveness of Information   
2                             Accuracy of Information   
3                        Innovativeness of Viewpoints   
4       Integration of Interdisciplinary Perspectives   
5                        Clarity of Logical Structure   
6               Reasonableness of Chapter Arrangement   
7              Quality of Introduction and Conclusion   
8              Accuracy and Completeness of Citations   
9              Timeliness and Relevance of References   
10   Avoidance of Plagiarism and Appropriate Citation   
11             Critical Analysis of Existing Research   
12   Proposal of New Research Directions or Questions   
13                Potential Contribution to the Field   
14             Clarity of Research Method Description   
15                    Rationality of Method Selection   
16                           Rigor of Research Design   
17               Inclusion of Latest Research Results   
18            Reflection of Current Research Hotspots   
19                     Fluency of Language Expression   
20    Appropriateness of Professional Terminology Use   
21                          Conciseness of Expression   
22  Practical Application Potential of Research Re...   
23                Feasibility of Proposed Suggestions   
24                             Logic of Argumentation   
25                   Multi-angle Analysis of Problems   
26  Identification and Discussion of Research Limi...   

    ICC (Intraclass Correlation Coefficient) ICC 95% Confidence Interval  \
0                                   0.537697                [0.44, 0.65]   
1                                   0.741896                [0.66, 0.82]   
2                                   0.474735                [0.37, 0.59]   
3                                   0.674427                [0.58, 0.76]   
4                                   0.641066                [0.55, 0.74]   
5                                   0.689782                 [0.6, 0.78]   
6                                   0.663171                [0.57, 0.76]   
7                                   0.598752                  [0.5, 0.7]   
8                                   0.547937                [0.45, 0.66]   
9                                   0.598429                  [0.5, 0.7]   
10                                  0.196753                 [0.12, 0.3]   
11                                  0.700539                [0.61, 0.79]   
12                                  0.573250                [0.47, 0.68]   
13                                  0.677019                [0.59, 0.77]   
14                                  0.607274                [0.51, 0.71]   
15                                  0.625847                [0.53, 0.72]   
16                                  0.615326                [0.52, 0.72]   
17                                  0.606572                [0.51, 0.71]   
18                                  0.574218                [0.47, 0.68]   
19                                  0.598094                  [0.5, 0.7]   
20                                  0.607483                [0.51, 0.71]   
21                                  0.637908                [0.54, 0.73]   
22                                  0.681753                [0.59, 0.77]   
23                                  0.639074                [0.54, 0.74]   
24                                  0.618125                [0.52, 0.72]   
25                                  0.595611                  [0.5, 0.7]   
26                                  0.587951                [0.49, 0.69]   

    Transitivity Consistency Ratio (%)  
0                            80.000000  
1                            80.606061  
2                            76.530612  
3                            85.987261  
4                            78.787879  
5                            76.363636  
6                            76.363636  
7                            77.575758  
8                            76.978417  
9                            77.358491  
10                           68.316832  
11                           82.424242  
12                           82.802548  
13                           82.424242  
14                           75.172414  
15                           75.172414  
16                           78.000000  
17                           77.358491  
18                           78.181818  
19                           77.575758  
20                           80.606061  
21                           76.363636  
22                           83.030303  
23                           83.030303  
24                           76.969697  
25                           80.000000  
26                           80.000000  

Results have been saved to 'reliability_analysis.csv'
