Author
10      0.986496
2       2.045784
0       2.797428
3       3.021898
5       3.472077
6       8.980232
8      12.347431
7      34.039465
1      40.120194
4      40.882344
9     100.000000
Name: Score, dtype: float64

Results have been saved to 'pagerank_results_balanced.csv'
Combined Results:
                                          Subcategory  \
0                                     Topic Relevance   
1                    Comprehensiveness of Information   
2                             Accuracy of Information   
3                        Innovativeness of Viewpoints   
4       Integration of Interdisciplinary Perspectives   
5                        Clarity of Logical Structure   
6               Reasonableness of Chapter Arrangement   
7              Quality of Introduction and Conclusion   
8              Accuracy and Completeness of Citations   
9              Timeliness and Relevance of References   
10   Avoidance of Plagiarism and Appropriate Citation   
11             Critical Analysis of Existing Research   
12   Proposal of New Research Directions or Questions   
13                Potential Contribution to the Field   
14             Clarity of Research Method Description   
15                    Rationality of Method Selection   
16                           Rigor of Research Design   
17               Inclusion of Latest Research Results   
18            Reflection of Current Research Hotspots   
19                     Fluency of Language Expression   
20    Appropriateness of Professional Terminology Use   
21                          Conciseness of Expression   
22  Practical Application Potential of Research Re...   
23                Feasibility of Proposed Suggestions   
24                             Logic of Argumentation   
25                   Multi-angle Analysis of Problems   
26  Identification and Discussion of Research Limi...   

    ICC (Intraclass Correlation Coefficient) ICC 95% Confidence Interval  \
0                                   0.541533                [0.44, 0.65]   
1                                   0.744115                [0.66, 0.82]   
2                                   0.443016                [0.34, 0.56]   
3                                   0.688969                 [0.6, 0.78]   
4                                   0.699524                [0.61, 0.78]   
5                                   0.686633                 [0.6, 0.77]   
6                                   0.669881                [0.58, 0.76]   
7                                   0.595489                  [0.5, 0.7]   
8                                   0.570444                [0.47, 0.68]   
9                                   0.752786                [0.67, 0.83]   
10                                  0.361548                [0.27, 0.48]   
11                                  0.667752                [0.58, 0.76]   
12                                  0.690325                 [0.6, 0.78]   
13                                  0.688376                 [0.6, 0.78]   
14                                  0.652257                [0.56, 0.75]   
15                                  0.674189                [0.58, 0.76]   
16                                  0.630626                [0.54, 0.73]   
17                                  0.763251                [0.69, 0.83]   
18                                  0.713057                 [0.63, 0.8]   
19                                  0.600223                  [0.5, 0.7]   
20                                  0.582686                [0.48, 0.69]   
21                                  0.596736                  [0.5, 0.7]   
22                                  0.679052                [0.59, 0.77]   
23                                  0.571273                [0.47, 0.68]   
24                                  0.625551                [0.53, 0.72]   
25                                  0.663496                [0.57, 0.76]   
26                                  0.647045                [0.55, 0.74]   

    Transitivity Consistency Ratio (%)  
0                            87.272727  
1                            73.333333  
2                            88.484848  
3                            76.363636  
4                            70.909091  
5                            73.939394  
6                            73.939394  
7                            73.939394  
8                            86.666667  
9                            73.939394  
10                           87.272727  
11                           79.393939  
12                           72.727273  
13                           73.333333  
14                           73.333333  
15                           73.333333  
16                           73.333333  
17                           73.939394  
18                           72.121212  
19                           73.939394  
20                           70.909091  
21                           73.939394  
22                           73.939394  
23                           73.333333  
24                           71.515152  
25                           70.909091  
26                           70.909091  

Results have been saved to 'reliability_analysis.csv'
Author
10    29.450859
2     38.771933
6     54.801632
5     57.435065
8     58.861501
3     61.459695
4     61.782387
0     62.773360
7     64.609948
9     73.356934
1     76.591763
Name: Score, dtype: float64

Results have been saved to 'pagerank_results_balanced.csv'
Combined Results:
                                          Subcategory  \
0                                     Topic Relevance   
1                    Comprehensiveness of Information   
2                             Accuracy of Information   
3                        Innovativeness of Viewpoints   
4       Integration of Interdisciplinary Perspectives   
5                        Clarity of Logical Structure   
6               Reasonableness of Chapter Arrangement   
7              Quality of Introduction and Conclusion   
8              Accuracy and Completeness of Citations   
9              Timeliness and Relevance of References   
10   Avoidance of Plagiarism and Appropriate Citation   
11             Critical Analysis of Existing Research   
12   Proposal of New Research Directions or Questions   
13                Potential Contribution to the Field   
14             Clarity of Research Method Description   
15                    Rationality of Method Selection   
16                           Rigor of Research Design   
17               Inclusion of Latest Research Results   
18            Reflection of Current Research Hotspots   
19                     Fluency of Language Expression   
20    Appropriateness of Professional Terminology Use   
21                          Conciseness of Expression   
22  Practical Application Potential of Research Re...   
23                Feasibility of Proposed Suggestions   
24                             Logic of Argumentation   
25                   Multi-angle Analysis of Problems   
26  Identification and Discussion of Research Limi...   

    ICC (Intraclass Correlation Coefficient) ICC 95% Confidence Interval  \
0                                   0.698419                [0.61, 0.78]   
1                                   0.859913                [0.81, 0.91]   
2                                   0.506993                 [0.4, 0.62]   
3                                   0.820700                [0.76, 0.88]   
4                                   0.824242                [0.76, 0.88]   
5                                   0.791400                [0.72, 0.86]   
6                                   0.793378                [0.72, 0.86]   
7                                   0.789619                [0.72, 0.85]   
8                                   0.698458                [0.61, 0.78]   
9                                   0.790582                [0.72, 0.85]   
10                                  0.497542                 [0.4, 0.61]   
11                                  0.806405                [0.74, 0.87]   
12                                  0.859993                [0.81, 0.91]   
13                                  0.815278                [0.75, 0.87]   
14                                  0.791680                [0.72, 0.86]   
15                                  0.805001                [0.74, 0.87]   
16                                  0.770976                 [0.7, 0.84]   
17                                  0.815495                [0.75, 0.87]   
18                                  0.810713                [0.75, 0.87]   
19                                  0.669802                [0.58, 0.76]   
20                                  0.614685                [0.52, 0.72]   
21                                  0.539174                [0.44, 0.65]   
22                                  0.798747                [0.73, 0.86]   
23                                  0.745961                [0.67, 0.82]   
24                                  0.791592                [0.72, 0.86]   
25                                  0.812141                [0.75, 0.87]   
26                                  0.765712                [0.69, 0.84]   

    Transitivity Consistency Ratio (%)  
0                            86.666667  
1                            75.151515  
2                            87.272727  
3                            76.363636  
4                            73.333333  
5                            75.757576  
6                            75.757576  
7                            75.757576  
8                            86.060606  
9                            73.939394  
10                           87.272727  
11                           79.393939  
12                           72.727273  
13                           73.333333  
14                           73.939394  
15                           73.939394  
16                           73.939394  
17                           73.939394  
18                           73.939394  
19                           75.757576  
20                           71.515152  
21                           76.969697  
22                           73.939394  
23                           73.333333  
24                           73.939394  
25                           73.939394  
26                           73.939394  

Results have been saved to 'reliability_analysis.csv'
Author
10    29.450859
2     38.771933
6     54.801632
5     57.435065
8     58.861501
3     61.459695
4     61.782387
0     62.773360
7     64.609948
9     73.356934
1     76.591763
Name: Score, dtype: float64

Results have been saved to 'pagerank_results_balanced.csv'
Combined Results:
                                          Subcategory  \
0                                     Topic Relevance   
1                    Comprehensiveness of Information   
2                             Accuracy of Information   
3                        Innovativeness of Viewpoints   
4       Integration of Interdisciplinary Perspectives   
5                        Clarity of Logical Structure   
6               Reasonableness of Chapter Arrangement   
7              Quality of Introduction and Conclusion   
8              Accuracy and Completeness of Citations   
9              Timeliness and Relevance of References   
10   Avoidance of Plagiarism and Appropriate Citation   
11             Critical Analysis of Existing Research   
12   Proposal of New Research Directions or Questions   
13                Potential Contribution to the Field   
14             Clarity of Research Method Description   
15                    Rationality of Method Selection   
16                           Rigor of Research Design   
17               Inclusion of Latest Research Results   
18            Reflection of Current Research Hotspots   
19                     Fluency of Language Expression   
20    Appropriateness of Professional Terminology Use   
21                          Conciseness of Expression   
22  Practical Application Potential of Research Re...   
23                Feasibility of Proposed Suggestions   
24                             Logic of Argumentation   
25                   Multi-angle Analysis of Problems   
26  Identification and Discussion of Research Limi...   

    ICC (Intraclass Correlation Coefficient) ICC 95% Confidence Interval  \
0                                   0.698419                [0.61, 0.78]   
1                                   0.859913                [0.81, 0.91]   
2                                   0.506993                 [0.4, 0.62]   
3                                   0.820700                [0.76, 0.88]   
4                                   0.824242                [0.76, 0.88]   
5                                   0.791400                [0.72, 0.86]   
6                                   0.793378                [0.72, 0.86]   
7                                   0.789619                [0.72, 0.85]   
8                                   0.698458                [0.61, 0.78]   
9                                   0.790582                [0.72, 0.85]   
10                                  0.497542                 [0.4, 0.61]   
11                                  0.806405                [0.74, 0.87]   
12                                  0.859993                [0.81, 0.91]   
13                                  0.815278                [0.75, 0.87]   
14                                  0.791680                [0.72, 0.86]   
15                                  0.805001                [0.74, 0.87]   
16                                  0.770976                 [0.7, 0.84]   
17                                  0.815495                [0.75, 0.87]   
18                                  0.810713                [0.75, 0.87]   
19                                  0.669802                [0.58, 0.76]   
20                                  0.614685                [0.52, 0.72]   
21                                  0.539174                [0.44, 0.65]   
22                                  0.798747                [0.73, 0.86]   
23                                  0.745961                [0.67, 0.82]   
24                                  0.791592                [0.72, 0.86]   
25                                  0.812141                [0.75, 0.87]   
26                                  0.765712                [0.69, 0.84]   

    Transitivity Consistency Ratio (%)  
0                            86.666667  
1                            75.151515  
2                            87.272727  
3                            76.363636  
4                            73.333333  
5                            75.757576  
6                            75.757576  
7                            75.757576  
8                            86.060606  
9                            73.939394  
10                           87.272727  
11                           79.393939  
12                           72.727273  
13                           73.333333  
14                           73.939394  
15                           73.939394  
16                           73.939394  
17                           73.939394  
18                           73.939394  
19                           75.757576  
20                           71.515152  
21                           76.969697  
22                           73.939394  
23                           73.333333  
24                           73.939394  
25                           73.939394  
26                           73.939394  

Results have been saved to 'reliability_analysis.csv'
Author
10      0.000000
2      48.476066
0      53.659856
5      53.731142
3      54.234169
6      67.873170
8      74.897666
7      86.890506
1      86.941371
4      88.573462
9     100.000000
Name: Score, dtype: float64

Results have been saved to 'pagerank_results_balanced.csv'
Combined Results:
                                          Subcategory  \
0                                     Topic Relevance   
1                    Comprehensiveness of Information   
2                             Accuracy of Information   
3                        Innovativeness of Viewpoints   
4       Integration of Interdisciplinary Perspectives   
5                        Clarity of Logical Structure   
6               Reasonableness of Chapter Arrangement   
7              Quality of Introduction and Conclusion   
8              Accuracy and Completeness of Citations   
9              Timeliness and Relevance of References   
10   Avoidance of Plagiarism and Appropriate Citation   
11             Critical Analysis of Existing Research   
12   Proposal of New Research Directions or Questions   
13                Potential Contribution to the Field   
14             Clarity of Research Method Description   
15                    Rationality of Method Selection   
16                           Rigor of Research Design   
17               Inclusion of Latest Research Results   
18            Reflection of Current Research Hotspots   
19                     Fluency of Language Expression   
20    Appropriateness of Professional Terminology Use   
21                          Conciseness of Expression   
22  Practical Application Potential of Research Re...   
23                Feasibility of Proposed Suggestions   
24                             Logic of Argumentation   
25                   Multi-angle Analysis of Problems   
26  Identification and Discussion of Research Limi...   

    ICC (Intraclass Correlation Coefficient) ICC 95% Confidence Interval  \
0                                   0.698419                [0.61, 0.78]   
1                                   0.859913                [0.81, 0.91]   
2                                   0.506993                 [0.4, 0.62]   
3                                   0.820700                [0.76, 0.88]   
4                                   0.824242                [0.76, 0.88]   
5                                   0.791400                [0.72, 0.86]   
6                                   0.793378                [0.72, 0.86]   
7                                   0.789619                [0.72, 0.85]   
8                                   0.698458                [0.61, 0.78]   
9                                   0.790582                [0.72, 0.85]   
10                                  0.497542                 [0.4, 0.61]   
11                                  0.806405                [0.74, 0.87]   
12                                  0.859993                [0.81, 0.91]   
13                                  0.815278                [0.75, 0.87]   
14                                  0.791680                [0.72, 0.86]   
15                                  0.805001                [0.74, 0.87]   
16                                  0.770976                 [0.7, 0.84]   
17                                  0.815495                [0.75, 0.87]   
18                                  0.810713                [0.75, 0.87]   
19                                  0.669802                [0.58, 0.76]   
20                                  0.614685                [0.52, 0.72]   
21                                  0.539174                [0.44, 0.65]   
22                                  0.798747                [0.73, 0.86]   
23                                  0.745961                [0.67, 0.82]   
24                                  0.791592                [0.72, 0.86]   
25                                  0.812141                [0.75, 0.87]   
26                                  0.765712                [0.69, 0.84]   

    Transitivity Consistency Ratio (%)  
0                            21.428571  
1                            75.151515  
2                            19.230769  
3                            76.363636  
4                            71.794872  
5                            75.000000  
6                            75.757576  
7                            75.757576  
8                            39.473684  
9                            73.939394  
10                           19.230769  
11                           79.393939  
12                           71.153846  
13                           71.794872  
14                           73.939394  
15                           73.939394  
16                           73.939394  
17                           73.939394  
18                           73.939394  
19                           75.000000  
20                           67.361111  
21                           73.793103  
22                           71.333333  
23                           71.794872  
24                           73.125000  
25                           73.939394  
26                           73.125000  

Results have been saved to 'reliability_analysis.csv'
Author
10      0.000000
2      48.476066
0      53.659856
5      53.731142
3      54.234169
6      67.873170
8      74.897666
7      86.890506
1      86.941371
4      88.573462
9     100.000000
Name: Score, dtype: float64

Results have been saved to 'pagerank_results_balanced.csv'
Combined Results:
                                          Subcategory  \
0                                     Topic Relevance   
1                    Comprehensiveness of Information   
2                             Accuracy of Information   
3                        Innovativeness of Viewpoints   
4       Integration of Interdisciplinary Perspectives   
5                        Clarity of Logical Structure   
6               Reasonableness of Chapter Arrangement   
7              Quality of Introduction and Conclusion   
8              Accuracy and Completeness of Citations   
9              Timeliness and Relevance of References   
10   Avoidance of Plagiarism and Appropriate Citation   
11             Critical Analysis of Existing Research   
12   Proposal of New Research Directions or Questions   
13                Potential Contribution to the Field   
14             Clarity of Research Method Description   
15                    Rationality of Method Selection   
16                           Rigor of Research Design   
17               Inclusion of Latest Research Results   
18            Reflection of Current Research Hotspots   
19                     Fluency of Language Expression   
20    Appropriateness of Professional Terminology Use   
21                          Conciseness of Expression   
22  Practical Application Potential of Research Re...   
23                Feasibility of Proposed Suggestions   
24                             Logic of Argumentation   
25                   Multi-angle Analysis of Problems   
26  Identification and Discussion of Research Limi...   

    ICC (Intraclass Correlation Coefficient) ICC 95% Confidence Interval  \
0                                   0.698419                [0.61, 0.78]   
1                                   0.859913                [0.81, 0.91]   
2                                   0.506993                 [0.4, 0.62]   
3                                   0.820700                [0.76, 0.88]   
4                                   0.824242                [0.76, 0.88]   
5                                   0.791400                [0.72, 0.86]   
6                                   0.793378                [0.72, 0.86]   
7                                   0.789619                [0.72, 0.85]   
8                                   0.698458                [0.61, 0.78]   
9                                   0.790582                [0.72, 0.85]   
10                                  0.497542                 [0.4, 0.61]   
11                                  0.806405                [0.74, 0.87]   
12                                  0.859993                [0.81, 0.91]   
13                                  0.815278                [0.75, 0.87]   
14                                  0.791680                [0.72, 0.86]   
15                                  0.805001                [0.74, 0.87]   
16                                  0.770976                 [0.7, 0.84]   
17                                  0.815495                [0.75, 0.87]   
18                                  0.810713                [0.75, 0.87]   
19                                  0.669802                [0.58, 0.76]   
20                                  0.614685                [0.52, 0.72]   
21                                  0.539174                [0.44, 0.65]   
22                                  0.798747                [0.73, 0.86]   
23                                  0.745961                [0.67, 0.82]   
24                                  0.791592                [0.72, 0.86]   
25                                  0.812141                [0.75, 0.87]   
26                                  0.765712                [0.69, 0.84]   

    Transitivity Consistency Ratio (%)  
0                            21.428571  
1                            75.151515  
2                            19.230769  
3                            76.363636  
4                            71.794872  
5                            75.000000  
6                            75.757576  
7                            75.757576  
8                            39.473684  
9                            73.939394  
10                           19.230769  
11                           79.393939  
12                           71.153846  
13                           71.794872  
14                           73.939394  
15                           73.939394  
16                           73.939394  
17                           73.939394  
18                           73.939394  
19                           75.000000  
20                           67.361111  
21                           73.793103  
22                           71.333333  
23                           71.794872  
24                           73.125000  
25                           73.939394  
26                           73.125000  

Results have been saved to 'reliability_analysis.csv'
