Author
7       0.007739
6       3.866325
3       6.224324
0       7.755378
1      19.307001
4      31.151837
10     39.501580
5      61.968135
2      84.047949
8      85.552912
9     100.000000
Name: Score, dtype: float64

Results have been saved to 'pagerank_results_balanced.csv'
Combined Results:
                                          Subcategory  \
0                                     Topic Relevance   
1                    Comprehensiveness of Information   
2                             Accuracy of Information   
3                        Innovativeness of Viewpoints   
4       Integration of Interdisciplinary Perspectives   
5                        Clarity of Logical Structure   
6               Reasonableness of Chapter Arrangement   
7              Quality of Introduction and Conclusion   
8              Accuracy and Completeness of Citations   
9              Timeliness and Relevance of References   
10   Avoidance of Plagiarism and Appropriate Citation   
11             Critical Analysis of Existing Research   
12   Proposal of New Research Directions or Questions   
13                Potential Contribution to the Field   
14             Clarity of Research Method Description   
15                    Rationality of Method Selection   
16                           Rigor of Research Design   
17               Inclusion of Latest Research Results   
18            Reflection of Current Research Hotspots   
19                     Fluency of Language Expression   
20    Appropriateness of Professional Terminology Use   
21                          Conciseness of Expression   
22  Practical Application Potential of Research Re...   
23                Feasibility of Proposed Suggestions   
24                             Logic of Argumentation   
25                   Multi-angle Analysis of Problems   
26  Identification and Discussion of Research Limi...   

    ICC (Intraclass Correlation Coefficient) ICC 95% Confidence Interval  \
0                                   0.483387                 [0.38, 0.6]   
1                                   0.796176                [0.73, 0.86]   
2                                   0.386118                [0.29, 0.51]   
3                                   0.754758                [0.68, 0.83]   
4                                   0.739514                [0.66, 0.82]   
5                                   0.750533                [0.67, 0.82]   
6                                   0.737042                [0.66, 0.81]   
7                                   0.659437                [0.57, 0.75]   
8                                   0.462078                [0.36, 0.58]   
9                                   0.635063                [0.54, 0.73]   
10                                  0.271516                [0.18, 0.39]   
11                                  0.713340                 [0.63, 0.8]   
12                                  0.659495                [0.57, 0.75]   
13                                  0.721086                 [0.64, 0.8]   
14                                  0.663919                [0.57, 0.76]   
15                                  0.676714                [0.59, 0.77]   
16                                  0.669164                [0.58, 0.76]   
17                                  0.642973                [0.55, 0.74]   
18                                  0.672773                [0.58, 0.76]   
19                                  0.638284                [0.54, 0.74]   
20                                  0.655263                [0.56, 0.75]   
21                                  0.617115                [0.52, 0.72]   
22                                  0.706710                [0.62, 0.79]   
23                                  0.699226                [0.61, 0.78]   
24                                  0.714467                 [0.63, 0.8]   
25                                  0.715018                 [0.63, 0.8]   
26                                  0.682688                [0.59, 0.77]   

    Transitivity Consistency Ratio (%)  
0                            73.939394  
1                            79.393939  
2                            83.030303  
3                            77.575758  
4                            75.757576  
5                            80.606061  
6                            80.606061  
7                            75.757576  
8                            81.818182  
9                            76.363636  
10                           80.606061  
11                           75.151515  
12                           76.969697  
13                           75.757576  
14                           80.606061  
15                           80.606061  
16                           80.606061  
17                           76.363636  
18                           78.181818  
19                           77.575758  
20                           81.212121  
21                           77.575758  
22                           75.757576  
23                           75.757576  
24                           77.575758  
25                           75.757576  
26                           75.757576  

Results have been saved to 'reliability_analysis.csv'
Author
7       0.029798
6       3.307398
3       6.405521
0       6.680028
1      19.290551
4      32.056584
10     36.552872
5      63.614461
2      84.093300
8      85.517883
9     100.000000
Name: Score, dtype: float64

Results have been saved to 'pagerank_results_balanced.csv'
Combined Results:
                                          Subcategory  \
0                                     Topic Relevance   
1                    Comprehensiveness of Information   
2                             Accuracy of Information   
3                        Innovativeness of Viewpoints   
4       Integration of Interdisciplinary Perspectives   
5                        Clarity of Logical Structure   
6               Reasonableness of Chapter Arrangement   
7              Quality of Introduction and Conclusion   
8              Accuracy and Completeness of Citations   
9              Timeliness and Relevance of References   
10   Avoidance of Plagiarism and Appropriate Citation   
11             Critical Analysis of Existing Research   
12   Proposal of New Research Directions or Questions   
13                Potential Contribution to the Field   
14             Clarity of Research Method Description   
15                    Rationality of Method Selection   
16                           Rigor of Research Design   
17               Inclusion of Latest Research Results   
18            Reflection of Current Research Hotspots   
19                     Fluency of Language Expression   
20    Appropriateness of Professional Terminology Use   
21                          Conciseness of Expression   
22  Practical Application Potential of Research Re...   
23                Feasibility of Proposed Suggestions   
24                             Logic of Argumentation   
25                   Multi-angle Analysis of Problems   
26  Identification and Discussion of Research Limi...   

    ICC (Intraclass Correlation Coefficient) ICC 95% Confidence Interval  \
0                                   0.483387                 [0.38, 0.6]   
1                                   0.796176                [0.73, 0.86]   
2                                   0.386118                [0.29, 0.51]   
3                                   0.754758                [0.68, 0.83]   
4                                   0.739514                [0.66, 0.82]   
5                                   0.750533                [0.67, 0.82]   
6                                   0.737042                [0.66, 0.81]   
7                                   0.659437                [0.57, 0.75]   
8                                   0.462078                [0.36, 0.58]   
9                                   0.635063                [0.54, 0.73]   
10                                  0.271516                [0.18, 0.39]   
11                                  0.713340                 [0.63, 0.8]   
12                                  0.659495                [0.57, 0.75]   
13                                  0.721086                 [0.64, 0.8]   
14                                  0.663919                [0.57, 0.76]   
15                                  0.676714                [0.59, 0.77]   
16                                  0.669164                [0.58, 0.76]   
17                                  0.642973                [0.55, 0.74]   
18                                  0.672773                [0.58, 0.76]   
19                                  0.638284                [0.54, 0.74]   
20                                  0.655263                [0.56, 0.75]   
21                                  0.617115                [0.52, 0.72]   
22                                  0.706710                [0.62, 0.79]   
23                                  0.699226                [0.61, 0.78]   
24                                  0.714467                 [0.63, 0.8]   
25                                  0.715018                 [0.63, 0.8]   
26                                  0.682688                [0.59, 0.77]   

    Transitivity Consistency Ratio (%)  
0                            65.600000  
1                            79.393939  
2                            42.857143  
3                            76.282051  
4                            75.757576  
5                            80.606061  
6                            80.606061  
7                            75.757576  
8                            72.222222  
9                            76.363636  
10                           39.622642  
11                           75.151515  
12                           75.641026  
13                           75.757576  
14                           80.606061  
15                           80.606061  
16                           80.606061  
17                           76.363636  
18                           78.181818  
19                           77.575758  
20                           80.254777  
21                           77.575758  
22                           75.757576  
23                           75.757576  
24                           77.575758  
25                           74.522293  
26                           75.757576  

Results have been saved to 'reliability_analysis.csv'
Author
7       0.029798
6       3.307398
3       6.405521
0       6.680028
1      19.290551
4      32.056584
10     36.552872
5      63.614461
2      84.093300
8      85.517883
9     100.000000
Name: Score, dtype: float64

Results have been saved to 'pagerank_results_balanced.csv'
Combined Results:
                                          Subcategory  \
0                                     Topic Relevance   
1                    Comprehensiveness of Information   
2                             Accuracy of Information   
3                        Innovativeness of Viewpoints   
4       Integration of Interdisciplinary Perspectives   
5                        Clarity of Logical Structure   
6               Reasonableness of Chapter Arrangement   
7              Quality of Introduction and Conclusion   
8              Accuracy and Completeness of Citations   
9              Timeliness and Relevance of References   
10   Avoidance of Plagiarism and Appropriate Citation   
11             Critical Analysis of Existing Research   
12   Proposal of New Research Directions or Questions   
13                Potential Contribution to the Field   
14             Clarity of Research Method Description   
15                    Rationality of Method Selection   
16                           Rigor of Research Design   
17               Inclusion of Latest Research Results   
18            Reflection of Current Research Hotspots   
19                     Fluency of Language Expression   
20    Appropriateness of Professional Terminology Use   
21                          Conciseness of Expression   
22  Practical Application Potential of Research Re...   
23                Feasibility of Proposed Suggestions   
24                             Logic of Argumentation   
25                   Multi-angle Analysis of Problems   
26  Identification and Discussion of Research Limi...   

    ICC (Intraclass Correlation Coefficient) ICC 95% Confidence Interval  \
0                                   0.483387                 [0.38, 0.6]   
1                                   0.796176                [0.73, 0.86]   
2                                   0.386118                [0.29, 0.51]   
3                                   0.754758                [0.68, 0.83]   
4                                   0.739514                [0.66, 0.82]   
5                                   0.750533                [0.67, 0.82]   
6                                   0.737042                [0.66, 0.81]   
7                                   0.659437                [0.57, 0.75]   
8                                   0.462078                [0.36, 0.58]   
9                                   0.635063                [0.54, 0.73]   
10                                  0.271516                [0.18, 0.39]   
11                                  0.713340                 [0.63, 0.8]   
12                                  0.659495                [0.57, 0.75]   
13                                  0.721086                 [0.64, 0.8]   
14                                  0.663919                [0.57, 0.76]   
15                                  0.676714                [0.59, 0.77]   
16                                  0.669164                [0.58, 0.76]   
17                                  0.642973                [0.55, 0.74]   
18                                  0.672773                [0.58, 0.76]   
19                                  0.638284                [0.54, 0.74]   
20                                  0.655263                [0.56, 0.75]   
21                                  0.617115                [0.52, 0.72]   
22                                  0.706710                [0.62, 0.79]   
23                                  0.699226                [0.61, 0.78]   
24                                  0.714467                 [0.63, 0.8]   
25                                  0.715018                 [0.63, 0.8]   
26                                  0.682688                [0.59, 0.77]   

    Transitivity Consistency Ratio (%)  
0                            65.600000  
1                            79.393939  
2                            42.857143  
3                            76.282051  
4                            75.757576  
5                            80.606061  
6                            80.606061  
7                            75.757576  
8                            72.222222  
9                            76.363636  
10                           39.622642  
11                           75.151515  
12                           75.641026  
13                           75.757576  
14                           80.606061  
15                           80.606061  
16                           80.606061  
17                           76.363636  
18                           78.181818  
19                           77.575758  
20                           80.254777  
21                           77.575758  
22                           75.757576  
23                           75.757576  
24                           77.575758  
25                           74.522293  
26                           75.757576  

Results have been saved to 'reliability_analysis.csv'
