Author
1      0.122767
5      9.445412
3     10.314167
2     12.761025
8     29.589350
6     34.610835
9     67.133414
10    69.922181
7     80.176969
0     90.476791
4     97.731841
Name: Score, dtype: float64

Results have been saved to 'pagerank_results_balanced.csv'
Combined Results:
                                          Subcategory  \
0                                     Topic Relevance   
1                    Comprehensiveness of Information   
2                             Accuracy of Information   
3                        Innovativeness of Viewpoints   
4       Integration of Interdisciplinary Perspectives   
5                        Clarity of Logical Structure   
6               Reasonableness of Chapter Arrangement   
7              Quality of Introduction and Conclusion   
8              Accuracy and Completeness of Citations   
9              Timeliness and Relevance of References   
10   Avoidance of Plagiarism and Appropriate Citation   
11             Critical Analysis of Existing Research   
12   Proposal of New Research Directions or Questions   
13                Potential Contribution to the Field   
14             Clarity of Research Method Description   
15                    Rationality of Method Selection   
16                           Rigor of Research Design   
17               Inclusion of Latest Research Results   
18            Reflection of Current Research Hotspots   
19                     Fluency of Language Expression   
20    Appropriateness of Professional Terminology Use   
21                          Conciseness of Expression   
22  Practical Application Potential of Research Re...   
23                Feasibility of Proposed Suggestions   
24                             Logic of Argumentation   
25                   Multi-angle Analysis of Problems   
26  Identification and Discussion of Research Limi...   

    ICC (Intraclass Correlation Coefficient) ICC 95% Confidence Interval  \
0                                   0.638847                [0.54, 0.74]   
1                                   0.753906                [0.67, 0.83]   
2                                   0.636193                [0.54, 0.73]   
3                                   0.629020                [0.53, 0.73]   
4                                   0.742298                [0.65, 0.82]   
5                                   0.744146                [0.66, 0.82]   
6                                   0.723084                 [0.64, 0.8]   
7                                   0.612155                [0.51, 0.71]   
8                                   0.388379                [0.29, 0.51]   
9                                   0.527269                [0.42, 0.64]   
10                                  0.293153                 [0.2, 0.41]   
11                                  0.616953                [0.52, 0.72]   
12                                  0.536234                [0.43, 0.65]   
13                                  0.580814                [0.48, 0.69]   
14                                  0.747103                [0.67, 0.82]   
15                                  0.699417                [0.61, 0.78]   
16                                  0.685599                 [0.6, 0.77]   
17                                  0.522570                [0.41, 0.64]   
18                                  0.540984                [0.43, 0.66]   
19                                  0.665174                [0.57, 0.76]   
20                                  0.691230                 [0.6, 0.78]   
21                                  0.639586                [0.54, 0.74]   
22                                  0.610172                [0.51, 0.71]   
23                                  0.542378                [0.44, 0.65]   
24                                  0.662743                [0.57, 0.76]   
25                                  0.642622                [0.55, 0.74]   
26                                  0.600337                  [0.5, 0.7]   

    Transitivity Consistency Ratio (%)  
0                            84.848485  
1                            77.575758  
2                            83.030303  
3                            79.393939  
4                            78.787879  
5                            77.575758  
6                            76.969697  
7                            76.363636  
8                            81.212121  
9                            81.212121  
10                           84.242424  
11                           78.787879  
12                           83.030303  
13                           81.212121  
14                           77.575758  
15                           77.575758  
16                           77.575758  
17                           81.212121  
18                           87.272727  
19                           75.151515  
20                           75.151515  
21                           78.181818  
22                           80.606061  
23                           82.424242  
24                           76.969697  
25                           80.000000  
26                           76.969697  

Results have been saved to 'reliability_analysis.csv'
