Author
5     19.239281
6     20.132613
10    23.957740
8     27.723972
2     29.343835
7     31.596311
0     38.645403
3     59.530463
4     63.976746
1     79.023336
9     87.542792
Name: Score, dtype: float64

Results have been saved to 'pagerank_results_balanced.csv'
Combined Results:
                                          Subcategory  \
0                                     Topic Relevance   
1                    Comprehensiveness of Information   
2                             Accuracy of Information   
3                        Innovativeness of Viewpoints   
4       Integration of Interdisciplinary Perspectives   
5                        Clarity of Logical Structure   
6               Reasonableness of Chapter Arrangement   
7              Quality of Introduction and Conclusion   
8              Accuracy and Completeness of Citations   
9              Timeliness and Relevance of References   
10   Avoidance of Plagiarism and Appropriate Citation   
11             Critical Analysis of Existing Research   
12   Proposal of New Research Directions or Questions   
13                Potential Contribution to the Field   
14             Clarity of Research Method Description   
15                    Rationality of Method Selection   
16                           Rigor of Research Design   
17               Inclusion of Latest Research Results   
18            Reflection of Current Research Hotspots   
19                     Fluency of Language Expression   
20    Appropriateness of Professional Terminology Use   
21                          Conciseness of Expression   
22  Practical Application Potential of Research Re...   
23                Feasibility of Proposed Suggestions   
24                             Logic of Argumentation   
25                   Multi-angle Analysis of Problems   
26  Identification and Discussion of Research Limi...   

    ICC (Intraclass Correlation Coefficient) ICC 95% Confidence Interval  \
0                                   0.509942                 [0.4, 0.63]   
1                                   0.760343                [0.68, 0.83]   
2                                   0.296163                [0.21, 0.41]   
3                                   0.694395                [0.61, 0.78]   
4                                   0.705652                [0.62, 0.79]   
5                                   0.748947                [0.67, 0.82]   
6                                   0.742848                [0.66, 0.82]   
7                                   0.723416                 [0.64, 0.8]   
8                                   0.532182                [0.43, 0.64]   
9                                   0.666616                [0.57, 0.76]   
10                                  0.250422                [0.17, 0.36]   
11                                  0.713073                 [0.63, 0.8]   
12                                  0.508444                [0.41, 0.62]   
13                                  0.709470                [0.62, 0.79]   
14                                  0.668064                [0.58, 0.76]   
15                                  0.659816                [0.57, 0.75]   
16                                  0.670532                [0.58, 0.76]   
17                                  0.685496                 [0.6, 0.77]   
18                                  0.682590                [0.59, 0.77]   
19                                  0.684833                 [0.6, 0.77]   
20                                  0.683435                [0.59, 0.77]   
21                                  0.652481                [0.56, 0.75]   
22                                  0.669139                [0.58, 0.76]   
23                                  0.633803                [0.54, 0.73]   
24                                  0.728102                [0.64, 0.81]   
25                                  0.720562                 [0.64, 0.8]   
26                                  0.655029                [0.56, 0.75]   

    Transitivity Consistency Ratio (%)  
0                            72.727273  
1                            73.333333  
2                            79.393939  
3                            75.757576  
4                            71.515152  
5                            72.727273  
6                            72.727273  
7                            73.333333  
8                            72.121212  
9                            72.727273  
10                           75.151515  
11                           76.363636  
12                           74.545455  
13                           73.939394  
14                           76.363636  
15                           73.939394  
16                           76.363636  
17                           72.727273  
18                           72.727273  
19                           72.727273  
20                           73.333333  
21                           73.333333  
22                           76.363636  
23                           76.363636  
24                           73.333333  
25                           72.121212  
26                           73.333333  

Results have been saved to 'reliability_analysis.csv'
Author
10      1.963694
6       2.347702
5       4.662978
8       6.851035
2       9.237796
7      15.120720
0      40.012427
4      66.456221
3      73.403392
1      94.638102
9     100.000000
Name: Score, dtype: float64

Results have been saved to 'pagerank_results_balanced.csv'
Combined Results:
                                          Subcategory  \
0                                     Topic Relevance   
1                    Comprehensiveness of Information   
2                             Accuracy of Information   
3                        Innovativeness of Viewpoints   
4       Integration of Interdisciplinary Perspectives   
5                        Clarity of Logical Structure   
6               Reasonableness of Chapter Arrangement   
7              Quality of Introduction and Conclusion   
8              Accuracy and Completeness of Citations   
9              Timeliness and Relevance of References   
10   Avoidance of Plagiarism and Appropriate Citation   
11             Critical Analysis of Existing Research   
12   Proposal of New Research Directions or Questions   
13                Potential Contribution to the Field   
14             Clarity of Research Method Description   
15                    Rationality of Method Selection   
16                           Rigor of Research Design   
17               Inclusion of Latest Research Results   
18            Reflection of Current Research Hotspots   
19                     Fluency of Language Expression   
20    Appropriateness of Professional Terminology Use   
21                          Conciseness of Expression   
22  Practical Application Potential of Research Re...   
23                Feasibility of Proposed Suggestions   
24                             Logic of Argumentation   
25                   Multi-angle Analysis of Problems   
26  Identification and Discussion of Research Limi...   

    ICC (Intraclass Correlation Coefficient) ICC 95% Confidence Interval  \
0                                   0.509942                 [0.4, 0.63]   
1                                   0.760343                [0.68, 0.83]   
2                                   0.296163                [0.21, 0.41]   
3                                   0.694395                [0.61, 0.78]   
4                                   0.705652                [0.62, 0.79]   
5                                   0.748947                [0.67, 0.82]   
6                                   0.742848                [0.66, 0.82]   
7                                   0.723416                 [0.64, 0.8]   
8                                   0.532182                [0.43, 0.64]   
9                                   0.666616                [0.57, 0.76]   
10                                  0.250422                [0.17, 0.36]   
11                                  0.713073                 [0.63, 0.8]   
12                                  0.508444                [0.41, 0.62]   
13                                  0.709470                [0.62, 0.79]   
14                                  0.668064                [0.58, 0.76]   
15                                  0.659816                [0.57, 0.75]   
16                                  0.670532                [0.58, 0.76]   
17                                  0.685496                 [0.6, 0.77]   
18                                  0.682590                [0.59, 0.77]   
19                                  0.684833                 [0.6, 0.77]   
20                                  0.683435                [0.59, 0.77]   
21                                  0.652481                [0.56, 0.75]   
22                                  0.669139                [0.58, 0.76]   
23                                  0.633803                [0.54, 0.73]   
24                                  0.728102                [0.64, 0.81]   
25                                  0.720562                 [0.64, 0.8]   
26                                  0.655029                [0.56, 0.75]   

    Transitivity Consistency Ratio (%)  
0                            61.864407  
1                            73.333333  
2                            53.424658  
3                            75.757576  
4                            70.625000  
5                            72.727273  
6                            72.727273  
7                            73.333333  
8                            64.341085  
9                            72.727273  
10                           42.253521  
11                           76.363636  
12                           74.545455  
13                           73.939394  
14                           75.000000  
15                           73.939394  
16                           76.363636  
17                           72.727273  
18                           72.727273  
19                           72.727273  
20                           73.333333  
21                           73.333333  
22                           76.363636  
23                           76.363636  
24                           73.333333  
25                           71.250000  
26                           73.333333  

Results have been saved to 'reliability_analysis.csv'
Author
10      1.963694
6       2.347702
5       4.662978
8       6.851035
2       9.237796
7      15.120720
0      40.012427
4      66.456221
3      73.403392
1      94.638102
9     100.000000
Name: Score, dtype: float64

Results have been saved to 'pagerank_results_balanced.csv'
Combined Results:
                                          Subcategory  \
0                                     Topic Relevance   
1                    Comprehensiveness of Information   
2                             Accuracy of Information   
3                        Innovativeness of Viewpoints   
4       Integration of Interdisciplinary Perspectives   
5                        Clarity of Logical Structure   
6               Reasonableness of Chapter Arrangement   
7              Quality of Introduction and Conclusion   
8              Accuracy and Completeness of Citations   
9              Timeliness and Relevance of References   
10   Avoidance of Plagiarism and Appropriate Citation   
11             Critical Analysis of Existing Research   
12   Proposal of New Research Directions or Questions   
13                Potential Contribution to the Field   
14             Clarity of Research Method Description   
15                    Rationality of Method Selection   
16                           Rigor of Research Design   
17               Inclusion of Latest Research Results   
18            Reflection of Current Research Hotspots   
19                     Fluency of Language Expression   
20    Appropriateness of Professional Terminology Use   
21                          Conciseness of Expression   
22  Practical Application Potential of Research Re...   
23                Feasibility of Proposed Suggestions   
24                             Logic of Argumentation   
25                   Multi-angle Analysis of Problems   
26  Identification and Discussion of Research Limi...   

    ICC (Intraclass Correlation Coefficient) ICC 95% Confidence Interval  \
0                                   0.509942                 [0.4, 0.63]   
1                                   0.760343                [0.68, 0.83]   
2                                   0.296163                [0.21, 0.41]   
3                                   0.694395                [0.61, 0.78]   
4                                   0.705652                [0.62, 0.79]   
5                                   0.748947                [0.67, 0.82]   
6                                   0.742848                [0.66, 0.82]   
7                                   0.723416                 [0.64, 0.8]   
8                                   0.532182                [0.43, 0.64]   
9                                   0.666616                [0.57, 0.76]   
10                                  0.250422                [0.17, 0.36]   
11                                  0.713073                 [0.63, 0.8]   
12                                  0.508444                [0.41, 0.62]   
13                                  0.709470                [0.62, 0.79]   
14                                  0.668064                [0.58, 0.76]   
15                                  0.659816                [0.57, 0.75]   
16                                  0.670532                [0.58, 0.76]   
17                                  0.685496                 [0.6, 0.77]   
18                                  0.682590                [0.59, 0.77]   
19                                  0.684833                 [0.6, 0.77]   
20                                  0.683435                [0.59, 0.77]   
21                                  0.652481                [0.56, 0.75]   
22                                  0.669139                [0.58, 0.76]   
23                                  0.633803                [0.54, 0.73]   
24                                  0.728102                [0.64, 0.81]   
25                                  0.720562                 [0.64, 0.8]   
26                                  0.655029                [0.56, 0.75]   

    Transitivity Consistency Ratio (%)  
0                            61.864407  
1                            73.333333  
2                            53.424658  
3                            75.757576  
4                            70.625000  
5                            72.727273  
6                            72.727273  
7                            73.333333  
8                            64.341085  
9                            72.727273  
10                           42.253521  
11                           76.363636  
12                           74.545455  
13                           73.939394  
14                           75.000000  
15                           73.939394  
16                           76.363636  
17                           72.727273  
18                           72.727273  
19                           72.727273  
20                           73.333333  
21                           73.333333  
22                           76.363636  
23                           76.363636  
24                           73.333333  
25                           71.250000  
26                           73.333333  

Results have been saved to 'reliability_analysis.csv'
