Author
7      3.633982
3      4.024827
8     12.696161
4     19.351607
2     21.694233
10    27.058604
0     29.267940
6     38.643429
1     45.379021
5     46.020741
9     99.922166
Name: Score, dtype: float64

Results have been saved to 'pagerank_results_balanced.csv'
Combined Results:
                                          Subcategory  \
0                                     Topic Relevance   
1                    Comprehensiveness of Information   
2                             Accuracy of Information   
3                        Innovativeness of Viewpoints   
4       Integration of Interdisciplinary Perspectives   
5                        Clarity of Logical Structure   
6               Reasonableness of Chapter Arrangement   
7              Quality of Introduction and Conclusion   
8              Accuracy and Completeness of Citations   
9              Timeliness and Relevance of References   
10   Avoidance of Plagiarism and Appropriate Citation   
11             Critical Analysis of Existing Research   
12   Proposal of New Research Directions or Questions   
13                Potential Contribution to the Field   
14             Clarity of Research Method Description   
15                    Rationality of Method Selection   
16                           Rigor of Research Design   
17               Inclusion of Latest Research Results   
18            Reflection of Current Research Hotspots   
19                     Fluency of Language Expression   
20    Appropriateness of Professional Terminology Use   
21                          Conciseness of Expression   
22  Practical Application Potential of Research Re...   
23                Feasibility of Proposed Suggestions   
24                             Logic of Argumentation   
25                   Multi-angle Analysis of Problems   
26  Identification and Discussion of Research Limi...   

    ICC (Intraclass Correlation Coefficient) ICC 95% Confidence Interval  \
0                                   0.664547                [0.57, 0.76]   
1                                   0.851899                  [0.8, 0.9]   
2                                   0.576288                [0.48, 0.68]   
3                                   0.581507                [0.48, 0.69]   
4                                   0.803810                [0.74, 0.86]   
5                                   0.817417                [0.75, 0.88]   
6                                   0.792103                [0.72, 0.86]   
7                                   0.730035                [0.65, 0.81]   
8                                   0.651043                [0.56, 0.75]   
9                                   0.650671                [0.56, 0.75]   
10                                  0.360927                [0.26, 0.48]   
11                                  0.725362                 [0.64, 0.8]   
12                                  0.568997                [0.47, 0.68]   
13                                  0.666747                [0.58, 0.76]   
14                                  0.629509                [0.53, 0.73]   
15                                  0.625548                [0.53, 0.72]   
16                                  0.626883                [0.53, 0.73]   
17                                  0.649096                [0.55, 0.75]   
18                                  0.642452                [0.54, 0.74]   
19                                  0.685784                [0.59, 0.78]   
20                                  0.664979                [0.57, 0.76]   
21                                  0.643688                [0.55, 0.74]   
22                                  0.684320                [0.59, 0.77]   
23                                  0.362386                [0.27, 0.48]   
24                                  0.692022                 [0.6, 0.78]   
25                                  0.736444                [0.66, 0.81]   
26                                  0.584289                [0.49, 0.69]   

    Transitivity Consistency Ratio (%)  
0                            86.060606  
1                            70.909091  
2                            82.424242  
3                            75.757576  
4                            72.121212  
5                            74.545455  
6                            74.545455  
7                            74.545455  
8                            83.030303  
9                            73.939394  
10                           84.848485  
11                           81.212121  
12                           73.939394  
13                           75.151515  
14                           73.333333  
15                           75.151515  
16                           75.151515  
17                           72.121212  
18                           76.363636  
19                           73.333333  
20                           71.515152  
21                           74.545455  
22                           70.909091  
23                           70.909091  
24                           76.363636  
25                           73.939394  
26                           76.363636  

Results have been saved to 'reliability_analysis.csv'
