Author
10      0.000000
8       6.915503
3       7.606653
6       7.868280
5       8.340932
2      16.459131
7      27.496037
1      30.701253
4      41.496749
0      57.517453
9     100.000000
Name: Score, dtype: float64

Results have been saved to 'pagerank_results_balanced.csv'
Combined Results:
                                          Subcategory  \
0                                     Topic Relevance   
1                    Comprehensiveness of Information   
2                             Accuracy of Information   
3                        Innovativeness of Viewpoints   
4       Integration of Interdisciplinary Perspectives   
5                        Clarity of Logical Structure   
6               Reasonableness of Chapter Arrangement   
7              Quality of Introduction and Conclusion   
8              Accuracy and Completeness of Citations   
9              Timeliness and Relevance of References   
10   Avoidance of Plagiarism and Appropriate Citation   
11             Critical Analysis of Existing Research   
12   Proposal of New Research Directions or Questions   
13                Potential Contribution to the Field   
14             Clarity of Research Method Description   
15                    Rationality of Method Selection   
16                           Rigor of Research Design   
17               Inclusion of Latest Research Results   
18            Reflection of Current Research Hotspots   
19                     Fluency of Language Expression   
20    Appropriateness of Professional Terminology Use   
21                          Conciseness of Expression   
22  Practical Application Potential of Research Re...   
23                Feasibility of Proposed Suggestions   
24                             Logic of Argumentation   
25                   Multi-angle Analysis of Problems   
26  Identification and Discussion of Research Limi...   

    ICC (Intraclass Correlation Coefficient) ICC 95% Confidence Interval  \
0                                   0.441661                [0.34, 0.56]   
1                                   0.879606                [0.83, 0.92]   
2                                   0.400197                 [0.3, 0.52]   
3                                   0.787146                [0.72, 0.85]   
4                                   0.811145                [0.73, 0.88]   
5                                   0.843699                [0.79, 0.89]   
6                                   0.823304                [0.76, 0.88]   
7                                   0.791449                [0.72, 0.86]   
8                                   0.691089                 [0.6, 0.78]   
9                                   0.798421                [0.73, 0.86]   
10                                  0.460884                [0.36, 0.58]   
11                                  0.820162                [0.76, 0.88]   
12                                  0.785412                [0.71, 0.85]   
13                                  0.806475                [0.74, 0.87]   
14                                  0.807180                [0.74, 0.87]   
15                                  0.813009                [0.75, 0.87]   
16                                  0.772480                 [0.7, 0.84]   
17                                  0.806725                [0.74, 0.87]   
18                                  0.797591                [0.73, 0.86]   
19                                  0.721102                 [0.64, 0.8]   
20                                  0.751240                [0.67, 0.82]   
21                                  0.714494                 [0.63, 0.8]   
22                                  0.807173                [0.74, 0.87]   
23                                  0.785360                [0.71, 0.85]   
24                                  0.776359                 [0.7, 0.84]   
25                                  0.801711                [0.73, 0.86]   
26                                  0.758941                [0.68, 0.83]   

    Transitivity Consistency Ratio (%)  
0                            90.303030  
1                            83.030303  
2                            92.727273  
3                            81.818182  
4                            84.242424  
5                            83.030303  
6                            84.848485  
7                            81.818182  
8                            86.060606  
9                            89.090909  
10                           92.121212  
11                           81.212121  
12                           80.606061  
13                           80.606061  
14                           82.424242  
15                           82.424242  
16                           82.424242  
17                           89.090909  
18                           86.060606  
19                           83.030303  
20                           82.424242  
21                           83.030303  
22                           80.606061  
23                           80.606061  
24                           83.030303  
25                           82.424242  
26                           82.424242  

Results have been saved to 'reliability_analysis.csv'
Author
10      0.001725
8       6.934136
3       7.854997
6       8.116610
5       8.274388
2      16.611573
7      27.164523
1      29.973293
4      40.910501
0      57.067889
9     100.000000
Name: Score, dtype: float64

Results have been saved to 'pagerank_results_balanced.csv'
Combined Results:
                                          Subcategory  \
0                                     Topic Relevance   
1                    Comprehensiveness of Information   
2                             Accuracy of Information   
3                        Innovativeness of Viewpoints   
4       Integration of Interdisciplinary Perspectives   
5                        Clarity of Logical Structure   
6               Reasonableness of Chapter Arrangement   
7              Quality of Introduction and Conclusion   
8              Accuracy and Completeness of Citations   
9              Timeliness and Relevance of References   
10   Avoidance of Plagiarism and Appropriate Citation   
11             Critical Analysis of Existing Research   
12   Proposal of New Research Directions or Questions   
13                Potential Contribution to the Field   
14             Clarity of Research Method Description   
15                    Rationality of Method Selection   
16                           Rigor of Research Design   
17               Inclusion of Latest Research Results   
18            Reflection of Current Research Hotspots   
19                     Fluency of Language Expression   
20    Appropriateness of Professional Terminology Use   
21                          Conciseness of Expression   
22  Practical Application Potential of Research Re...   
23                Feasibility of Proposed Suggestions   
24                             Logic of Argumentation   
25                   Multi-angle Analysis of Problems   
26  Identification and Discussion of Research Limi...   

    ICC (Intraclass Correlation Coefficient) ICC 95% Confidence Interval  \
0                                   0.481597                 [0.38, 0.6]   
1                                   0.890936                [0.85, 0.93]   
2                                   0.369982                [0.27, 0.49]   
3                                   0.799634                [0.73, 0.86]   
4                                   0.831226                [0.76, 0.89]   
5                                   0.864065                [0.81, 0.91]   
6                                   0.846803                 [0.79, 0.9]   
7                                   0.814180                [0.75, 0.87]   
8                                   0.615501                [0.52, 0.72]   
9                                   0.776227                 [0.7, 0.84]   
10                                  0.382358                 [0.28, 0.5]   
11                                  0.831319                [0.77, 0.88]   
12                                  0.785090                [0.71, 0.85]   
13                                  0.822208                [0.76, 0.88]   
14                                  0.804158                [0.74, 0.86]   
15                                  0.815321                [0.75, 0.87]   
16                                  0.782681                [0.71, 0.85]   
17                                  0.781284                [0.71, 0.85]   
18                                  0.818079                [0.75, 0.87]   
19                                  0.745986                [0.67, 0.82]   
20                                  0.762083                [0.69, 0.83]   
21                                  0.721313                 [0.64, 0.8]   
22                                  0.826425                [0.77, 0.88]   
23                                  0.749889                [0.67, 0.82]   
24                                  0.800978                [0.73, 0.86]   
25                                  0.827647                [0.77, 0.88]   
26                                  0.750894                [0.67, 0.82]   

    Transitivity Consistency Ratio (%)  
0                            90.303030  
1                            83.030303  
2                            92.727273  
3                            81.818182  
4                            84.242424  
5                            82.424242  
6                            84.242424  
7                            82.424242  
8                            86.060606  
9                            89.090909  
10                           92.121212  
11                           81.212121  
12                           80.606061  
13                           80.606061  
14                           82.424242  
15                           82.424242  
16                           82.424242  
17                           89.090909  
18                           86.060606  
19                           82.424242  
20                           82.424242  
21                           82.424242  
22                           80.606061  
23                           80.606061  
24                           82.424242  
25                           82.424242  
26                           82.424242  

Results have been saved to 'reliability_analysis.csv'
Author
10      0.001725
8       6.934136
3       7.854997
6       8.116610
5       8.274388
2      16.611573
7      27.164523
1      29.973293
4      40.910501
0      57.067889
9     100.000000
Name: Score, dtype: float64

Results have been saved to 'pagerank_results_balanced.csv'
Combined Results:
                                          Subcategory  \
0                                     Topic Relevance   
1                    Comprehensiveness of Information   
2                             Accuracy of Information   
3                        Innovativeness of Viewpoints   
4       Integration of Interdisciplinary Perspectives   
5                        Clarity of Logical Structure   
6               Reasonableness of Chapter Arrangement   
7              Quality of Introduction and Conclusion   
8              Accuracy and Completeness of Citations   
9              Timeliness and Relevance of References   
10   Avoidance of Plagiarism and Appropriate Citation   
11             Critical Analysis of Existing Research   
12   Proposal of New Research Directions or Questions   
13                Potential Contribution to the Field   
14             Clarity of Research Method Description   
15                    Rationality of Method Selection   
16                           Rigor of Research Design   
17               Inclusion of Latest Research Results   
18            Reflection of Current Research Hotspots   
19                     Fluency of Language Expression   
20    Appropriateness of Professional Terminology Use   
21                          Conciseness of Expression   
22  Practical Application Potential of Research Re...   
23                Feasibility of Proposed Suggestions   
24                             Logic of Argumentation   
25                   Multi-angle Analysis of Problems   
26  Identification and Discussion of Research Limi...   

    ICC (Intraclass Correlation Coefficient) ICC 95% Confidence Interval  \
0                                   0.481597                 [0.38, 0.6]   
1                                   0.890936                [0.85, 0.93]   
2                                   0.369982                [0.27, 0.49]   
3                                   0.799634                [0.73, 0.86]   
4                                   0.831226                [0.76, 0.89]   
5                                   0.864065                [0.81, 0.91]   
6                                   0.846803                 [0.79, 0.9]   
7                                   0.814180                [0.75, 0.87]   
8                                   0.615501                [0.52, 0.72]   
9                                   0.776227                 [0.7, 0.84]   
10                                  0.382358                 [0.28, 0.5]   
11                                  0.831319                [0.77, 0.88]   
12                                  0.785090                [0.71, 0.85]   
13                                  0.822208                [0.76, 0.88]   
14                                  0.804158                [0.74, 0.86]   
15                                  0.815321                [0.75, 0.87]   
16                                  0.782681                [0.71, 0.85]   
17                                  0.781284                [0.71, 0.85]   
18                                  0.818079                [0.75, 0.87]   
19                                  0.745986                [0.67, 0.82]   
20                                  0.762083                [0.69, 0.83]   
21                                  0.721313                 [0.64, 0.8]   
22                                  0.826425                [0.77, 0.88]   
23                                  0.749889                [0.67, 0.82]   
24                                  0.800978                [0.73, 0.86]   
25                                  0.827647                [0.77, 0.88]   
26                                  0.750894                [0.67, 0.82]   

    Transitivity Consistency Ratio (%)  
0                            90.303030  
1                            83.030303  
2                            92.727273  
3                            81.818182  
4                            84.242424  
5                            82.424242  
6                            84.242424  
7                            82.424242  
8                            86.060606  
9                            89.090909  
10                           92.121212  
11                           81.212121  
12                           80.606061  
13                           80.606061  
14                           82.424242  
15                           82.424242  
16                           82.424242  
17                           89.090909  
18                           86.060606  
19                           82.424242  
20                           82.424242  
21                           82.424242  
22                           80.606061  
23                           80.606061  
24                           82.424242  
25                           82.424242  
26                           82.424242  

Results have been saved to 'reliability_analysis.csv'
Author
10      0.000000
8       6.813618
5       8.172319
3       8.422806
6       9.464305
2      20.360138
1      29.936225
7      31.265282
4      40.255836
0      62.910425
9     100.000000
Name: Score, dtype: float64

Results have been saved to 'pagerank_results_balanced.csv'
Combined Results:
                                          Subcategory  \
0                                     Topic Relevance   
1                    Comprehensiveness of Information   
2                             Accuracy of Information   
3                        Innovativeness of Viewpoints   
4       Integration of Interdisciplinary Perspectives   
5                        Clarity of Logical Structure   
6               Reasonableness of Chapter Arrangement   
7              Quality of Introduction and Conclusion   
8              Accuracy and Completeness of Citations   
9              Timeliness and Relevance of References   
10   Avoidance of Plagiarism and Appropriate Citation   
11             Critical Analysis of Existing Research   
12   Proposal of New Research Directions or Questions   
13                Potential Contribution to the Field   
14             Clarity of Research Method Description   
15                    Rationality of Method Selection   
16                           Rigor of Research Design   
17               Inclusion of Latest Research Results   
18            Reflection of Current Research Hotspots   
19                     Fluency of Language Expression   
20    Appropriateness of Professional Terminology Use   
21                          Conciseness of Expression   
22  Practical Application Potential of Research Re...   
23                Feasibility of Proposed Suggestions   
24                             Logic of Argumentation   
25                   Multi-angle Analysis of Problems   
26  Identification and Discussion of Research Limi...   

    ICC (Intraclass Correlation Coefficient) ICC 95% Confidence Interval  \
0                                   0.481597                 [0.38, 0.6]   
1                                   0.890936                [0.85, 0.93]   
2                                   0.369982                [0.27, 0.49]   
3                                   0.799634                [0.73, 0.86]   
4                                   0.831226                [0.76, 0.89]   
5                                   0.864065                [0.81, 0.91]   
6                                   0.846803                 [0.79, 0.9]   
7                                   0.814180                [0.75, 0.87]   
8                                   0.615501                [0.52, 0.72]   
9                                   0.776227                 [0.7, 0.84]   
10                                  0.382358                 [0.28, 0.5]   
11                                  0.831319                [0.77, 0.88]   
12                                  0.785090                [0.71, 0.85]   
13                                  0.822208                [0.76, 0.88]   
14                                  0.804158                [0.74, 0.86]   
15                                  0.815321                [0.75, 0.87]   
16                                  0.782681                [0.71, 0.85]   
17                                  0.781284                [0.71, 0.85]   
18                                  0.818079                [0.75, 0.87]   
19                                  0.745986                [0.67, 0.82]   
20                                  0.762083                [0.69, 0.83]   
21                                  0.721313                 [0.64, 0.8]   
22                                  0.826425                [0.77, 0.88]   
23                                  0.749889                [0.67, 0.82]   
24                                  0.800978                [0.73, 0.86]   
25                                  0.827647                [0.77, 0.88]   
26                                  0.750894                [0.67, 0.82]   

    Transitivity Consistency Ratio (%)  
0                            11.111111  
1                            83.030303  
2                             7.692308  
3                            81.818182  
4                            84.242424  
5                            82.424242  
6                            84.242424  
7                            82.424242  
8                            32.352941  
9                            89.090909  
10                           13.333333  
11                           81.212121  
12                           80.606061  
13                           80.606061  
14                           82.424242  
15                           82.424242  
16                           82.424242  
17                           89.090909  
18                           86.060606  
19                           82.424242  
20                           82.424242  
21                           82.424242  
22                           80.606061  
23                           80.606061  
24                           82.424242  
25                           82.424242  
26                           82.424242  

Results have been saved to 'reliability_analysis.csv'
Author
10      0.000000
8       6.813618
5       8.172319
3       8.422806
6       9.464305
2      20.360138
1      29.936225
7      31.265282
4      40.255836
0      62.910425
9     100.000000
Name: Score, dtype: float64

Results have been saved to 'pagerank_results_balanced.csv'
Combined Results:
                                          Subcategory  \
0                                     Topic Relevance   
1                    Comprehensiveness of Information   
2                             Accuracy of Information   
3                        Innovativeness of Viewpoints   
4       Integration of Interdisciplinary Perspectives   
5                        Clarity of Logical Structure   
6               Reasonableness of Chapter Arrangement   
7              Quality of Introduction and Conclusion   
8              Accuracy and Completeness of Citations   
9              Timeliness and Relevance of References   
10   Avoidance of Plagiarism and Appropriate Citation   
11             Critical Analysis of Existing Research   
12   Proposal of New Research Directions or Questions   
13                Potential Contribution to the Field   
14             Clarity of Research Method Description   
15                    Rationality of Method Selection   
16                           Rigor of Research Design   
17               Inclusion of Latest Research Results   
18            Reflection of Current Research Hotspots   
19                     Fluency of Language Expression   
20    Appropriateness of Professional Terminology Use   
21                          Conciseness of Expression   
22  Practical Application Potential of Research Re...   
23                Feasibility of Proposed Suggestions   
24                             Logic of Argumentation   
25                   Multi-angle Analysis of Problems   
26  Identification and Discussion of Research Limi...   

    ICC (Intraclass Correlation Coefficient) ICC 95% Confidence Interval  \
0                                   0.481597                 [0.38, 0.6]   
1                                   0.890936                [0.85, 0.93]   
2                                   0.369982                [0.27, 0.49]   
3                                   0.799634                [0.73, 0.86]   
4                                   0.831226                [0.76, 0.89]   
5                                   0.864065                [0.81, 0.91]   
6                                   0.846803                 [0.79, 0.9]   
7                                   0.814180                [0.75, 0.87]   
8                                   0.615501                [0.52, 0.72]   
9                                   0.776227                 [0.7, 0.84]   
10                                  0.382358                 [0.28, 0.5]   
11                                  0.831319                [0.77, 0.88]   
12                                  0.785090                [0.71, 0.85]   
13                                  0.822208                [0.76, 0.88]   
14                                  0.804158                [0.74, 0.86]   
15                                  0.815321                [0.75, 0.87]   
16                                  0.782681                [0.71, 0.85]   
17                                  0.781284                [0.71, 0.85]   
18                                  0.818079                [0.75, 0.87]   
19                                  0.745986                [0.67, 0.82]   
20                                  0.762083                [0.69, 0.83]   
21                                  0.721313                 [0.64, 0.8]   
22                                  0.826425                [0.77, 0.88]   
23                                  0.749889                [0.67, 0.82]   
24                                  0.800978                [0.73, 0.86]   
25                                  0.827647                [0.77, 0.88]   
26                                  0.750894                [0.67, 0.82]   

    Transitivity Consistency Ratio (%)  
0                            11.111111  
1                            83.030303  
2                             7.692308  
3                            81.818182  
4                            84.242424  
5                            82.424242  
6                            84.242424  
7                            82.424242  
8                            32.352941  
9                            89.090909  
10                           13.333333  
11                           81.212121  
12                           80.606061  
13                           80.606061  
14                           82.424242  
15                           82.424242  
16                           82.424242  
17                           89.090909  
18                           86.060606  
19                           82.424242  
20                           82.424242  
21                           82.424242  
22                           80.606061  
23                           80.606061  
24                           82.424242  
25                           82.424242  
26                           82.424242  

Results have been saved to 'reliability_analysis.csv'
