Author
7      3.286142
10     3.440096
5      3.476115
1     19.782302
3     20.732671
6     33.932537
2     42.558556
8     46.022420
4     75.056731
0     75.221616
9     94.169582
Name: Score, dtype: float64

Results have been saved to 'pagerank_results_balanced.csv'
Combined Results:
                                          Subcategory  \
0                                     Topic Relevance   
1                    Comprehensiveness of Information   
2                             Accuracy of Information   
3                        Innovativeness of Viewpoints   
4       Integration of Interdisciplinary Perspectives   
5                        Clarity of Logical Structure   
6               Reasonableness of Chapter Arrangement   
7              Quality of Introduction and Conclusion   
8              Accuracy and Completeness of Citations   
9              Timeliness and Relevance of References   
10   Avoidance of Plagiarism and Appropriate Citation   
11             Critical Analysis of Existing Research   
12   Proposal of New Research Directions or Questions   
13                Potential Contribution to the Field   
14             Clarity of Research Method Description   
15                    Rationality of Method Selection   
16                           Rigor of Research Design   
17               Inclusion of Latest Research Results   
18            Reflection of Current Research Hotspots   
19                     Fluency of Language Expression   
20    Appropriateness of Professional Terminology Use   
21                          Conciseness of Expression   
22  Practical Application Potential of Research Re...   
23                Feasibility of Proposed Suggestions   
24                             Logic of Argumentation   
25                   Multi-angle Analysis of Problems   
26  Identification and Discussion of Research Limi...   

    ICC (Intraclass Correlation Coefficient) ICC 95% Confidence Interval  \
0                                   0.534665                [0.43, 0.65]   
1                                   0.765462                [0.69, 0.84]   
2                                   0.412937                [0.31, 0.53]   
3                                   0.643789                [0.55, 0.74]   
4                                   0.633229                [0.54, 0.73]   
5                                   0.748059                [0.67, 0.82]   
6                                   0.709517                [0.62, 0.79]   
7                                   0.673852                [0.58, 0.76]   
8                                   0.529416                [0.43, 0.64]   
9                                   0.566228                [0.47, 0.67]   
10                                  0.215105                [0.14, 0.32]   
11                                  0.551813                [0.45, 0.66]   
12                                  0.617979                [0.52, 0.72]   
13                                  0.535594                [0.43, 0.65]   
14                                  0.660868                [0.57, 0.75]   
15                                  0.640584                [0.55, 0.74]   
16                                  0.653334                [0.56, 0.75]   
17                                  0.586019                [0.49, 0.69]   
18                                  0.547880                [0.45, 0.66]   
19                                  0.678039                [0.59, 0.77]   
20                                  0.646152                [0.55, 0.74]   
21                                  0.648138                [0.55, 0.74]   
22                                  0.500205                 [0.4, 0.62]   
23                                  0.472076                [0.37, 0.59]   
24                                  0.634636                [0.54, 0.73]   
25                                  0.612055                [0.51, 0.71]   
26                                  0.551261                [0.45, 0.66]   

    Transitivity Consistency Ratio (%)  
0                            76.363636  
1                            75.757576  
2                            81.212121  
3                            76.969697  
4                            76.363636  
5                            80.000000  
6                            78.181818  
7                            79.393939  
8                            73.939394  
9                            74.545455  
10                           77.575758  
11                           78.787879  
12                           74.545455  
13                           73.939394  
14                           81.818182  
15                           76.969697  
16                           80.000000  
17                           74.545455  
18                           75.757576  
19                           80.000000  
20                           79.393939  
21                           80.000000  
22                           73.333333  
23                           74.545455  
24                           75.151515  
25                           76.969697  
26                           76.969697  

Results have been saved to 'reliability_analysis.csv'
Author
5      2.415099
7      2.498128
10     3.036656
1     15.339615
3     21.307572
6     33.976976
8     40.856245
2     42.984688
0     71.721557
4     73.274633
9     94.217759
Name: Score, dtype: float64

Results have been saved to 'pagerank_results_balanced.csv'
Combined Results:
                                          Subcategory  \
0                                     Topic Relevance   
1                    Comprehensiveness of Information   
2                             Accuracy of Information   
3                        Innovativeness of Viewpoints   
4       Integration of Interdisciplinary Perspectives   
5                        Clarity of Logical Structure   
6               Reasonableness of Chapter Arrangement   
7              Quality of Introduction and Conclusion   
8              Accuracy and Completeness of Citations   
9              Timeliness and Relevance of References   
10   Avoidance of Plagiarism and Appropriate Citation   
11             Critical Analysis of Existing Research   
12   Proposal of New Research Directions or Questions   
13                Potential Contribution to the Field   
14             Clarity of Research Method Description   
15                    Rationality of Method Selection   
16                           Rigor of Research Design   
17               Inclusion of Latest Research Results   
18            Reflection of Current Research Hotspots   
19                     Fluency of Language Expression   
20    Appropriateness of Professional Terminology Use   
21                          Conciseness of Expression   
22  Practical Application Potential of Research Re...   
23                Feasibility of Proposed Suggestions   
24                             Logic of Argumentation   
25                   Multi-angle Analysis of Problems   
26  Identification and Discussion of Research Limi...   

    ICC (Intraclass Correlation Coefficient) ICC 95% Confidence Interval  \
0                                   0.534665                [0.43, 0.65]   
1                                   0.765462                [0.69, 0.84]   
2                                   0.412937                [0.31, 0.53]   
3                                   0.643789                [0.55, 0.74]   
4                                   0.633229                [0.54, 0.73]   
5                                   0.748059                [0.67, 0.82]   
6                                   0.709517                [0.62, 0.79]   
7                                   0.673852                [0.58, 0.76]   
8                                   0.529416                [0.43, 0.64]   
9                                   0.566228                [0.47, 0.67]   
10                                  0.215105                [0.14, 0.32]   
11                                  0.551813                [0.45, 0.66]   
12                                  0.617979                [0.52, 0.72]   
13                                  0.535594                [0.43, 0.65]   
14                                  0.660868                [0.57, 0.75]   
15                                  0.640584                [0.55, 0.74]   
16                                  0.653334                [0.56, 0.75]   
17                                  0.586019                [0.49, 0.69]   
18                                  0.547880                [0.45, 0.66]   
19                                  0.678039                [0.59, 0.77]   
20                                  0.646152                [0.55, 0.74]   
21                                  0.648138                [0.55, 0.74]   
22                                  0.500205                 [0.4, 0.62]   
23                                  0.472076                [0.37, 0.59]   
24                                  0.634636                [0.54, 0.73]   
25                                  0.612055                [0.51, 0.71]   
26                                  0.551261                [0.45, 0.66]   

    Transitivity Consistency Ratio (%)  
0                            73.287671  
1                            75.757576  
2                            52.307692  
3                            76.969697  
4                            76.363636  
5                            80.000000  
6                            78.181818  
7                            79.393939  
8                            65.040650  
9                            74.545455  
10                           46.376812  
11                           78.787879  
12                           74.545455  
13                           73.939394  
14                           81.818182  
15                           76.543210  
16                           80.000000  
17                           74.545455  
18                           74.522293  
19                           79.245283  
20                           79.393939  
21                           80.000000  
22                           72.670807  
23                           74.545455  
24                           75.151515  
25                           76.969697  
26                           76.969697  

Results have been saved to 'reliability_analysis.csv'
Author
5      2.415099
7      2.498128
10     3.036656
1     15.339615
3     21.307572
6     33.976976
8     40.856245
2     42.984688
0     71.721557
4     73.274633
9     94.217759
Name: Score, dtype: float64

Results have been saved to 'pagerank_results_balanced.csv'
Combined Results:
                                          Subcategory  \
0                                     Topic Relevance   
1                    Comprehensiveness of Information   
2                             Accuracy of Information   
3                        Innovativeness of Viewpoints   
4       Integration of Interdisciplinary Perspectives   
5                        Clarity of Logical Structure   
6               Reasonableness of Chapter Arrangement   
7              Quality of Introduction and Conclusion   
8              Accuracy and Completeness of Citations   
9              Timeliness and Relevance of References   
10   Avoidance of Plagiarism and Appropriate Citation   
11             Critical Analysis of Existing Research   
12   Proposal of New Research Directions or Questions   
13                Potential Contribution to the Field   
14             Clarity of Research Method Description   
15                    Rationality of Method Selection   
16                           Rigor of Research Design   
17               Inclusion of Latest Research Results   
18            Reflection of Current Research Hotspots   
19                     Fluency of Language Expression   
20    Appropriateness of Professional Terminology Use   
21                          Conciseness of Expression   
22  Practical Application Potential of Research Re...   
23                Feasibility of Proposed Suggestions   
24                             Logic of Argumentation   
25                   Multi-angle Analysis of Problems   
26  Identification and Discussion of Research Limi...   

    ICC (Intraclass Correlation Coefficient) ICC 95% Confidence Interval  \
0                                   0.534665                [0.43, 0.65]   
1                                   0.765462                [0.69, 0.84]   
2                                   0.412937                [0.31, 0.53]   
3                                   0.643789                [0.55, 0.74]   
4                                   0.633229                [0.54, 0.73]   
5                                   0.748059                [0.67, 0.82]   
6                                   0.709517                [0.62, 0.79]   
7                                   0.673852                [0.58, 0.76]   
8                                   0.529416                [0.43, 0.64]   
9                                   0.566228                [0.47, 0.67]   
10                                  0.215105                [0.14, 0.32]   
11                                  0.551813                [0.45, 0.66]   
12                                  0.617979                [0.52, 0.72]   
13                                  0.535594                [0.43, 0.65]   
14                                  0.660868                [0.57, 0.75]   
15                                  0.640584                [0.55, 0.74]   
16                                  0.653334                [0.56, 0.75]   
17                                  0.586019                [0.49, 0.69]   
18                                  0.547880                [0.45, 0.66]   
19                                  0.678039                [0.59, 0.77]   
20                                  0.646152                [0.55, 0.74]   
21                                  0.648138                [0.55, 0.74]   
22                                  0.500205                 [0.4, 0.62]   
23                                  0.472076                [0.37, 0.59]   
24                                  0.634636                [0.54, 0.73]   
25                                  0.612055                [0.51, 0.71]   
26                                  0.551261                [0.45, 0.66]   

    Transitivity Consistency Ratio (%)  
0                            73.287671  
1                            75.757576  
2                            52.307692  
3                            76.969697  
4                            76.363636  
5                            80.000000  
6                            78.181818  
7                            79.393939  
8                            65.040650  
9                            74.545455  
10                           46.376812  
11                           78.787879  
12                           74.545455  
13                           73.939394  
14                           81.818182  
15                           76.543210  
16                           80.000000  
17                           74.545455  
18                           74.522293  
19                           79.245283  
20                           79.393939  
21                           80.000000  
22                           72.670807  
23                           74.545455  
24                           75.151515  
25                           76.969697  
26                           76.969697  

Results have been saved to 'reliability_analysis.csv'
