Author
10     0.144184
7      4.039624
6      8.227055
5     16.309567
2     33.799677
8     81.811831
1     84.708163
9     85.366482
0     85.890527
4     87.242564
3     89.048653
Name: Score, dtype: float64

Results have been saved to 'pagerank_results_balanced.csv'
Combined Results:
                                          Subcategory  \
0                                     Topic Relevance   
1                    Comprehensiveness of Information   
2                             Accuracy of Information   
3                        Innovativeness of Viewpoints   
4       Integration of Interdisciplinary Perspectives   
5                        Clarity of Logical Structure   
6               Reasonableness of Chapter Arrangement   
7              Quality of Introduction and Conclusion   
8              Accuracy and Completeness of Citations   
9              Timeliness and Relevance of References   
10   Avoidance of Plagiarism and Appropriate Citation   
11             Critical Analysis of Existing Research   
12   Proposal of New Research Directions or Questions   
13                Potential Contribution to the Field   
14             Clarity of Research Method Description   
15                    Rationality of Method Selection   
16                           Rigor of Research Design   
17               Inclusion of Latest Research Results   
18            Reflection of Current Research Hotspots   
19                     Fluency of Language Expression   
20    Appropriateness of Professional Terminology Use   
21                          Conciseness of Expression   
22  Practical Application Potential of Research Re...   
23                Feasibility of Proposed Suggestions   
24                             Logic of Argumentation   
25                   Multi-angle Analysis of Problems   
26  Identification and Discussion of Research Limi...   

    ICC (Intraclass Correlation Coefficient) ICC 95% Confidence Interval  \
0                                   0.590045                [0.49, 0.69]   
1                                   0.813287                [0.75, 0.87]   
2                                   0.254608                [0.17, 0.37]   
3                                   0.611103                [0.51, 0.71]   
4                                   0.640843                [0.55, 0.74]   
5                                   0.687814                 [0.6, 0.78]   
6                                   0.709422                [0.62, 0.79]   
7                                   0.500420                 [0.4, 0.62]   
8                                   0.550027                [0.45, 0.66]   
9                                   0.632195                [0.54, 0.73]   
10                                  0.193921                 [0.12, 0.3]   
11                                  0.546219                [0.45, 0.66]   
12                                  0.500252                 [0.4, 0.62]   
13                                  0.547263                [0.45, 0.66]   
14                                  0.600607                  [0.5, 0.7]   
15                                  0.624816                [0.53, 0.72]   
16                                  0.605185                [0.51, 0.71]   
17                                  0.637222                [0.54, 0.73]   
18                                  0.672648                [0.58, 0.76]   
19                                  0.584361                [0.49, 0.69]   
20                                  0.617944                [0.52, 0.72]   
21                                  0.569519                [0.47, 0.68]   
22                                  0.601165                  [0.5, 0.7]   
23                                  0.534449                [0.43, 0.65]   
24                                  0.644689                [0.55, 0.74]   
25                                  0.644814                [0.55, 0.74]   
26                                  0.530545                [0.43, 0.64]   

    Transitivity Consistency Ratio (%)  
0                            81.818182  
1                            82.424242  
2                            86.060606  
3                            80.606061  
4                            78.181818  
5                            86.060606  
6                            80.606061  
7                            84.242424  
8                            80.606061  
9                            73.939394  
10                           87.878788  
11                           77.575758  
12                           79.393939  
13                           76.363636  
14                           81.212121  
15                           82.424242  
16                           84.242424  
17                           73.939394  
18                           75.757576  
19                           85.454545  
20                           81.818182  
21                           82.424242  
22                           78.181818  
23                           78.181818  
24                           81.818182  
25                           76.363636  
26                           75.757576  

Results have been saved to 'reliability_analysis.csv'
Author
10     0.039928
7      6.242745
6      8.878575
5     14.040220
2     27.062896
8     83.105071
1     83.939286
9     84.376328
0     84.487163
4     87.204007
3     90.351836
Name: Score, dtype: float64

Results have been saved to 'pagerank_results_balanced.csv'
Combined Results:
                                          Subcategory  \
0                                     Topic Relevance   
1                    Comprehensiveness of Information   
2                             Accuracy of Information   
3                        Innovativeness of Viewpoints   
4       Integration of Interdisciplinary Perspectives   
5                        Clarity of Logical Structure   
6               Reasonableness of Chapter Arrangement   
7              Quality of Introduction and Conclusion   
8              Accuracy and Completeness of Citations   
9              Timeliness and Relevance of References   
10   Avoidance of Plagiarism and Appropriate Citation   
11             Critical Analysis of Existing Research   
12   Proposal of New Research Directions or Questions   
13                Potential Contribution to the Field   
14             Clarity of Research Method Description   
15                    Rationality of Method Selection   
16                           Rigor of Research Design   
17               Inclusion of Latest Research Results   
18            Reflection of Current Research Hotspots   
19                     Fluency of Language Expression   
20    Appropriateness of Professional Terminology Use   
21                          Conciseness of Expression   
22  Practical Application Potential of Research Re...   
23                Feasibility of Proposed Suggestions   
24                             Logic of Argumentation   
25                   Multi-angle Analysis of Problems   
26  Identification and Discussion of Research Limi...   

    ICC (Intraclass Correlation Coefficient) ICC 95% Confidence Interval  \
0                                   0.590045                [0.49, 0.69]   
1                                   0.813287                [0.75, 0.87]   
2                                   0.254608                [0.17, 0.37]   
3                                   0.611103                [0.51, 0.71]   
4                                   0.640843                [0.55, 0.74]   
5                                   0.687814                 [0.6, 0.78]   
6                                   0.709422                [0.62, 0.79]   
7                                   0.500420                 [0.4, 0.62]   
8                                   0.550027                [0.45, 0.66]   
9                                   0.632195                [0.54, 0.73]   
10                                  0.193921                 [0.12, 0.3]   
11                                  0.546219                [0.45, 0.66]   
12                                  0.500252                 [0.4, 0.62]   
13                                  0.547263                [0.45, 0.66]   
14                                  0.600607                  [0.5, 0.7]   
15                                  0.624816                [0.53, 0.72]   
16                                  0.605185                [0.51, 0.71]   
17                                  0.637222                [0.54, 0.73]   
18                                  0.672648                [0.58, 0.76]   
19                                  0.584361                [0.49, 0.69]   
20                                  0.617944                [0.52, 0.72]   
21                                  0.569519                [0.47, 0.68]   
22                                  0.601165                  [0.5, 0.7]   
23                                  0.534449                [0.43, 0.65]   
24                                  0.644689                [0.55, 0.74]   
25                                  0.644814                [0.55, 0.74]   
26                                  0.530545                [0.43, 0.64]   

    Transitivity Consistency Ratio (%)  
0                            74.576271  
1                            82.424242  
2                            34.285714  
3                            80.606061  
4                            78.181818  
5                            86.060606  
6                            80.606061  
7                            84.242424  
8                            74.603175  
9                            73.939394  
10                           58.333333  
11                           77.575758  
12                           79.393939  
13                           76.363636  
14                           81.212121  
15                           82.424242  
16                           84.242424  
17                           73.939394  
18                           74.358974  
19                           84.810127  
20                           81.818182  
21                           82.424242  
22                           77.215190  
23                           77.215190  
24                           81.818182  
25                           76.363636  
26                           75.757576  

Results have been saved to 'reliability_analysis.csv'
Author
10     0.039928
7      6.242745
6      8.878575
5     14.040220
2     27.062896
8     83.105071
1     83.939286
9     84.376328
0     84.487163
4     87.204007
3     90.351836
Name: Score, dtype: float64

Results have been saved to 'pagerank_results_balanced.csv'
Combined Results:
                                          Subcategory  \
0                                     Topic Relevance   
1                    Comprehensiveness of Information   
2                             Accuracy of Information   
3                        Innovativeness of Viewpoints   
4       Integration of Interdisciplinary Perspectives   
5                        Clarity of Logical Structure   
6               Reasonableness of Chapter Arrangement   
7              Quality of Introduction and Conclusion   
8              Accuracy and Completeness of Citations   
9              Timeliness and Relevance of References   
10   Avoidance of Plagiarism and Appropriate Citation   
11             Critical Analysis of Existing Research   
12   Proposal of New Research Directions or Questions   
13                Potential Contribution to the Field   
14             Clarity of Research Method Description   
15                    Rationality of Method Selection   
16                           Rigor of Research Design   
17               Inclusion of Latest Research Results   
18            Reflection of Current Research Hotspots   
19                     Fluency of Language Expression   
20    Appropriateness of Professional Terminology Use   
21                          Conciseness of Expression   
22  Practical Application Potential of Research Re...   
23                Feasibility of Proposed Suggestions   
24                             Logic of Argumentation   
25                   Multi-angle Analysis of Problems   
26  Identification and Discussion of Research Limi...   

    ICC (Intraclass Correlation Coefficient) ICC 95% Confidence Interval  \
0                                   0.590045                [0.49, 0.69]   
1                                   0.813287                [0.75, 0.87]   
2                                   0.254608                [0.17, 0.37]   
3                                   0.611103                [0.51, 0.71]   
4                                   0.640843                [0.55, 0.74]   
5                                   0.687814                 [0.6, 0.78]   
6                                   0.709422                [0.62, 0.79]   
7                                   0.500420                 [0.4, 0.62]   
8                                   0.550027                [0.45, 0.66]   
9                                   0.632195                [0.54, 0.73]   
10                                  0.193921                 [0.12, 0.3]   
11                                  0.546219                [0.45, 0.66]   
12                                  0.500252                 [0.4, 0.62]   
13                                  0.547263                [0.45, 0.66]   
14                                  0.600607                  [0.5, 0.7]   
15                                  0.624816                [0.53, 0.72]   
16                                  0.605185                [0.51, 0.71]   
17                                  0.637222                [0.54, 0.73]   
18                                  0.672648                [0.58, 0.76]   
19                                  0.584361                [0.49, 0.69]   
20                                  0.617944                [0.52, 0.72]   
21                                  0.569519                [0.47, 0.68]   
22                                  0.601165                  [0.5, 0.7]   
23                                  0.534449                [0.43, 0.65]   
24                                  0.644689                [0.55, 0.74]   
25                                  0.644814                [0.55, 0.74]   
26                                  0.530545                [0.43, 0.64]   

    Transitivity Consistency Ratio (%)  
0                            74.576271  
1                            82.424242  
2                            34.285714  
3                            80.606061  
4                            78.181818  
5                            86.060606  
6                            80.606061  
7                            84.242424  
8                            74.603175  
9                            73.939394  
10                           58.333333  
11                           77.575758  
12                           79.393939  
13                           76.363636  
14                           81.212121  
15                           82.424242  
16                           84.242424  
17                           73.939394  
18                           74.358974  
19                           84.810127  
20                           81.818182  
21                           82.424242  
22                           77.215190  
23                           77.215190  
24                           81.818182  
25                           76.363636  
26                           75.757576  

Results have been saved to 'reliability_analysis.csv'
