Author
10      0.757743
7       2.147622
0       3.978645
8       6.129360
1       9.889672
2      12.010975
5      15.055625
6      16.603093
3      38.097472
4      60.321551
9     100.000000
Name: Score, dtype: float64

Results have been saved to 'pagerank_results_balanced.csv'
Combined Results:
                                          Subcategory  \
0                                     Topic Relevance   
1                    Comprehensiveness of Information   
2                             Accuracy of Information   
3                        Innovativeness of Viewpoints   
4       Integration of Interdisciplinary Perspectives   
5                        Clarity of Logical Structure   
6               Reasonableness of Chapter Arrangement   
7              Quality of Introduction and Conclusion   
8              Accuracy and Completeness of Citations   
9              Timeliness and Relevance of References   
10   Avoidance of Plagiarism and Appropriate Citation   
11             Critical Analysis of Existing Research   
12   Proposal of New Research Directions or Questions   
13                Potential Contribution to the Field   
14             Clarity of Research Method Description   
15                    Rationality of Method Selection   
16                           Rigor of Research Design   
17               Inclusion of Latest Research Results   
18            Reflection of Current Research Hotspots   
19                     Fluency of Language Expression   
20    Appropriateness of Professional Terminology Use   
21                          Conciseness of Expression   
22  Practical Application Potential of Research Re...   
23                Feasibility of Proposed Suggestions   
24                             Logic of Argumentation   
25                   Multi-angle Analysis of Problems   
26  Identification and Discussion of Research Limi...   

    ICC (Intraclass Correlation Coefficient) ICC 95% Confidence Interval  \
0                                   0.752372                [0.67, 0.83]   
1                                   0.877825                [0.83, 0.92]   
2                                   0.669793                [0.58, 0.76]   
3                                   0.807818                [0.74, 0.87]   
4                                   0.718146                 [0.63, 0.8]   
5                                   0.701341                [0.61, 0.79]   
6                                   0.716626                 [0.63, 0.8]   
7                                   0.666116                [0.57, 0.76]   
8                                   0.640518                [0.55, 0.74]   
9                                   0.799753                [0.73, 0.86]   
10                                  0.503337                 [0.4, 0.62]   
11                                  0.791742                [0.72, 0.86]   
12                                  0.747424                [0.67, 0.82]   
13                                  0.803851                [0.74, 0.86]   
14                                  0.723043                 [0.64, 0.8]   
15                                  0.769847                 [0.7, 0.84]   
16                                  0.741970                [0.66, 0.82]   
17                                  0.803197                [0.74, 0.86]   
18                                  0.700750                [0.61, 0.79]   
19                                  0.610677                [0.51, 0.71]   
20                                  0.676313                [0.59, 0.77]   
21                                  0.678933                [0.59, 0.77]   
22                                  0.749747                [0.67, 0.82]   
23                                  0.708886                [0.62, 0.79]   
24                                  0.694031                [0.61, 0.78]   
25                                  0.698827                [0.61, 0.78]   
26                                  0.698815                [0.61, 0.78]   

    Transitivity Consistency Ratio (%)  
0                            86.666667  
1                            74.545455  
2                            86.666667  
3                            78.181818  
4                            75.151515  
5                            75.151515  
6                            74.545455  
7                            75.151515  
8                            86.666667  
9                            78.787879  
10                           86.666667  
11                           78.181818  
12                           78.181818  
13                           78.181818  
14                           77.575758  
15                           78.787879  
16                           79.393939  
17                           78.787879  
18                           75.151515  
19                           75.151515  
20                           78.181818  
21                           75.151515  
22                           75.757576  
23                           74.545455  
24                           75.151515  
25                           76.363636  
26                           75.151515  

Results have been saved to 'reliability_analysis.csv'
Author
10    29.936207
7     33.899325
0     48.295734
4     61.925324
9     66.681119
3     67.030083
1     67.264559
8     67.292156
2     76.967238
5     78.107935
6     78.852234
Name: Score, dtype: float64

Results have been saved to 'pagerank_results_balanced.csv'
Combined Results:
                                          Subcategory  \
0                                     Topic Relevance   
1                    Comprehensiveness of Information   
2                             Accuracy of Information   
3                        Innovativeness of Viewpoints   
4       Integration of Interdisciplinary Perspectives   
5                        Clarity of Logical Structure   
6               Reasonableness of Chapter Arrangement   
7              Quality of Introduction and Conclusion   
8              Accuracy and Completeness of Citations   
9              Timeliness and Relevance of References   
10   Avoidance of Plagiarism and Appropriate Citation   
11             Critical Analysis of Existing Research   
12   Proposal of New Research Directions or Questions   
13                Potential Contribution to the Field   
14             Clarity of Research Method Description   
15                    Rationality of Method Selection   
16                           Rigor of Research Design   
17               Inclusion of Latest Research Results   
18            Reflection of Current Research Hotspots   
19                     Fluency of Language Expression   
20    Appropriateness of Professional Terminology Use   
21                          Conciseness of Expression   
22  Practical Application Potential of Research Re...   
23                Feasibility of Proposed Suggestions   
24                             Logic of Argumentation   
25                   Multi-angle Analysis of Problems   
26  Identification and Discussion of Research Limi...   

    ICC (Intraclass Correlation Coefficient) ICC 95% Confidence Interval  \
0                                   0.804290                [0.73, 0.87]   
1                                   0.931365                 [0.9, 0.95]   
2                                   0.768093                [0.69, 0.84]   
3                                   0.882381                [0.84, 0.92]   
4                                   0.874314                [0.83, 0.92]   
5                                   0.877472                [0.83, 0.92]   
6                                   0.872450                [0.82, 0.91]   
7                                   0.813572                [0.75, 0.87]   
8                                   0.688675                 [0.6, 0.78]   
9                                   0.637430                [0.54, 0.73]   
10                                  0.486851                 [0.38, 0.6]   
11                                  0.872024                [0.82, 0.91]   
12                                  0.832197                [0.77, 0.89]   
13                                  0.856412                  [0.8, 0.9]   
14                                  0.685401                [0.59, 0.77]   
15                                  0.692974                 [0.6, 0.78]   
16                                  0.675330                [0.58, 0.77]   
17                                  0.665168                [0.57, 0.76]   
18                                  0.744703                [0.67, 0.82]   
19                                  0.740490                [0.66, 0.82]   
20                                  0.775943                 [0.7, 0.84]   
21                                  0.790612                [0.72, 0.85]   
22                                  0.847925                 [0.79, 0.9]   
23                                  0.691523                 [0.6, 0.78]   
24                                  0.820855                [0.76, 0.88]   
25                                  0.826033                [0.76, 0.88]   
26                                  0.698931                [0.61, 0.78]   

    Transitivity Consistency Ratio (%)  
0                            86.666667  
1                            74.545455  
2                            86.666667  
3                            74.545455  
4                            73.333333  
5                            75.757576  
6                            75.757576  
7                            75.757576  
8                            86.666667  
9                            75.151515  
10                           86.666667  
11                           74.545455  
12                           74.545455  
13                           74.545455  
14                           75.151515  
15                           75.151515  
16                           75.757576  
17                           75.151515  
18                           76.363636  
19                           75.757576  
20                           75.151515  
21                           75.757576  
22                           74.545455  
23                           74.545455  
24                           75.151515  
25                           76.363636  
26                           75.151515  

Results have been saved to 'reliability_analysis.csv'
Author
10    29.936207
7     33.899325
0     48.295734
4     61.925324
9     66.681119
3     67.030083
1     67.264559
8     67.292156
2     76.967238
5     78.107935
6     78.852234
Name: Score, dtype: float64

Results have been saved to 'pagerank_results_balanced.csv'
Combined Results:
                                          Subcategory  \
0                                     Topic Relevance   
1                    Comprehensiveness of Information   
2                             Accuracy of Information   
3                        Innovativeness of Viewpoints   
4       Integration of Interdisciplinary Perspectives   
5                        Clarity of Logical Structure   
6               Reasonableness of Chapter Arrangement   
7              Quality of Introduction and Conclusion   
8              Accuracy and Completeness of Citations   
9              Timeliness and Relevance of References   
10   Avoidance of Plagiarism and Appropriate Citation   
11             Critical Analysis of Existing Research   
12   Proposal of New Research Directions or Questions   
13                Potential Contribution to the Field   
14             Clarity of Research Method Description   
15                    Rationality of Method Selection   
16                           Rigor of Research Design   
17               Inclusion of Latest Research Results   
18            Reflection of Current Research Hotspots   
19                     Fluency of Language Expression   
20    Appropriateness of Professional Terminology Use   
21                          Conciseness of Expression   
22  Practical Application Potential of Research Re...   
23                Feasibility of Proposed Suggestions   
24                             Logic of Argumentation   
25                   Multi-angle Analysis of Problems   
26  Identification and Discussion of Research Limi...   

    ICC (Intraclass Correlation Coefficient) ICC 95% Confidence Interval  \
0                                   0.804290                [0.73, 0.87]   
1                                   0.931365                 [0.9, 0.95]   
2                                   0.768093                [0.69, 0.84]   
3                                   0.882381                [0.84, 0.92]   
4                                   0.874314                [0.83, 0.92]   
5                                   0.877472                [0.83, 0.92]   
6                                   0.872450                [0.82, 0.91]   
7                                   0.813572                [0.75, 0.87]   
8                                   0.688675                 [0.6, 0.78]   
9                                   0.637430                [0.54, 0.73]   
10                                  0.486851                 [0.38, 0.6]   
11                                  0.872024                [0.82, 0.91]   
12                                  0.832197                [0.77, 0.89]   
13                                  0.856412                  [0.8, 0.9]   
14                                  0.685401                [0.59, 0.77]   
15                                  0.692974                 [0.6, 0.78]   
16                                  0.675330                [0.58, 0.77]   
17                                  0.665168                [0.57, 0.76]   
18                                  0.744703                [0.67, 0.82]   
19                                  0.740490                [0.66, 0.82]   
20                                  0.775943                 [0.7, 0.84]   
21                                  0.790612                [0.72, 0.85]   
22                                  0.847925                 [0.79, 0.9]   
23                                  0.691523                 [0.6, 0.78]   
24                                  0.820855                [0.76, 0.88]   
25                                  0.826033                [0.76, 0.88]   
26                                  0.698931                [0.61, 0.78]   

    Transitivity Consistency Ratio (%)  
0                            86.666667  
1                            74.545455  
2                            86.666667  
3                            74.545455  
4                            73.333333  
5                            75.757576  
6                            75.757576  
7                            75.757576  
8                            86.666667  
9                            75.151515  
10                           86.666667  
11                           74.545455  
12                           74.545455  
13                           74.545455  
14                           75.151515  
15                           75.151515  
16                           75.757576  
17                           75.151515  
18                           76.363636  
19                           75.757576  
20                           75.151515  
21                           75.757576  
22                           74.545455  
23                           74.545455  
24                           75.151515  
25                           76.363636  
26                           75.151515  

Results have been saved to 'reliability_analysis.csv'
Author
10      0.000000
7      48.895492
0      53.793143
8      63.488777
1      69.436417
2      74.011416
5      75.407700
6      77.507764
3      88.385678
4      93.127968
9     100.000000
Name: Score, dtype: float64

Results have been saved to 'pagerank_results_balanced.csv'
Combined Results:
                                          Subcategory  \
0                                     Topic Relevance   
1                    Comprehensiveness of Information   
2                             Accuracy of Information   
3                        Innovativeness of Viewpoints   
4       Integration of Interdisciplinary Perspectives   
5                        Clarity of Logical Structure   
6               Reasonableness of Chapter Arrangement   
7              Quality of Introduction and Conclusion   
8              Accuracy and Completeness of Citations   
9              Timeliness and Relevance of References   
10   Avoidance of Plagiarism and Appropriate Citation   
11             Critical Analysis of Existing Research   
12   Proposal of New Research Directions or Questions   
13                Potential Contribution to the Field   
14             Clarity of Research Method Description   
15                    Rationality of Method Selection   
16                           Rigor of Research Design   
17               Inclusion of Latest Research Results   
18            Reflection of Current Research Hotspots   
19                     Fluency of Language Expression   
20    Appropriateness of Professional Terminology Use   
21                          Conciseness of Expression   
22  Practical Application Potential of Research Re...   
23                Feasibility of Proposed Suggestions   
24                             Logic of Argumentation   
25                   Multi-angle Analysis of Problems   
26  Identification and Discussion of Research Limi...   

    ICC (Intraclass Correlation Coefficient) ICC 95% Confidence Interval  \
0                                   0.804290                [0.73, 0.87]   
1                                   0.931365                 [0.9, 0.95]   
2                                   0.768093                [0.69, 0.84]   
3                                   0.882381                [0.84, 0.92]   
4                                   0.874314                [0.83, 0.92]   
5                                   0.877472                [0.83, 0.92]   
6                                   0.872450                [0.82, 0.91]   
7                                   0.813572                [0.75, 0.87]   
8                                   0.688675                 [0.6, 0.78]   
9                                   0.637430                [0.54, 0.73]   
10                                  0.486851                 [0.38, 0.6]   
11                                  0.872024                [0.82, 0.91]   
12                                  0.832197                [0.77, 0.89]   
13                                  0.856412                  [0.8, 0.9]   
14                                  0.685401                [0.59, 0.77]   
15                                  0.692974                 [0.6, 0.78]   
16                                  0.675330                [0.58, 0.77]   
17                                  0.665168                [0.57, 0.76]   
18                                  0.744703                [0.67, 0.82]   
19                                  0.740490                [0.66, 0.82]   
20                                  0.775943                 [0.7, 0.84]   
21                                  0.790612                [0.72, 0.85]   
22                                  0.847925                 [0.79, 0.9]   
23                                  0.691523                 [0.6, 0.78]   
24                                  0.820855                [0.76, 0.88]   
25                                  0.826033                [0.76, 0.88]   
26                                  0.698931                [0.61, 0.78]   

    Transitivity Consistency Ratio (%)  
0                            24.137931  
1                            74.545455  
2                            24.137931  
3                            74.545455  
4                            72.327044  
5                            75.757576  
6                            75.757576  
7                            75.757576  
8                            26.666667  
9                            75.151515  
10                           24.137931  
11                           74.545455  
12                           74.545455  
13                           74.545455  
14                           73.717949  
15                           75.151515  
16                           75.757576  
17                           75.151515  
18                           76.363636  
19                           75.757576  
20                           70.503597  
21                           75.757576  
22                           74.545455  
23                           74.545455  
24                           75.151515  
25                           76.363636  
26                           75.151515  

Results have been saved to 'reliability_analysis.csv'
Author
10      0.000000
7      48.895492
0      53.793143
8      63.488777
1      69.436417
2      74.011416
5      75.407700
6      77.507764
3      88.385678
4      93.127968
9     100.000000
Name: Score, dtype: float64

Results have been saved to 'pagerank_results_balanced.csv'
Combined Results:
                                          Subcategory  \
0                                     Topic Relevance   
1                    Comprehensiveness of Information   
2                             Accuracy of Information   
3                        Innovativeness of Viewpoints   
4       Integration of Interdisciplinary Perspectives   
5                        Clarity of Logical Structure   
6               Reasonableness of Chapter Arrangement   
7              Quality of Introduction and Conclusion   
8              Accuracy and Completeness of Citations   
9              Timeliness and Relevance of References   
10   Avoidance of Plagiarism and Appropriate Citation   
11             Critical Analysis of Existing Research   
12   Proposal of New Research Directions or Questions   
13                Potential Contribution to the Field   
14             Clarity of Research Method Description   
15                    Rationality of Method Selection   
16                           Rigor of Research Design   
17               Inclusion of Latest Research Results   
18            Reflection of Current Research Hotspots   
19                     Fluency of Language Expression   
20    Appropriateness of Professional Terminology Use   
21                          Conciseness of Expression   
22  Practical Application Potential of Research Re...   
23                Feasibility of Proposed Suggestions   
24                             Logic of Argumentation   
25                   Multi-angle Analysis of Problems   
26  Identification and Discussion of Research Limi...   

    ICC (Intraclass Correlation Coefficient) ICC 95% Confidence Interval  \
0                                   0.804290                [0.73, 0.87]   
1                                   0.931365                 [0.9, 0.95]   
2                                   0.768093                [0.69, 0.84]   
3                                   0.882381                [0.84, 0.92]   
4                                   0.874314                [0.83, 0.92]   
5                                   0.877472                [0.83, 0.92]   
6                                   0.872450                [0.82, 0.91]   
7                                   0.813572                [0.75, 0.87]   
8                                   0.688675                 [0.6, 0.78]   
9                                   0.637430                [0.54, 0.73]   
10                                  0.486851                 [0.38, 0.6]   
11                                  0.872024                [0.82, 0.91]   
12                                  0.832197                [0.77, 0.89]   
13                                  0.856412                  [0.8, 0.9]   
14                                  0.685401                [0.59, 0.77]   
15                                  0.692974                 [0.6, 0.78]   
16                                  0.675330                [0.58, 0.77]   
17                                  0.665168                [0.57, 0.76]   
18                                  0.744703                [0.67, 0.82]   
19                                  0.740490                [0.66, 0.82]   
20                                  0.775943                 [0.7, 0.84]   
21                                  0.790612                [0.72, 0.85]   
22                                  0.847925                 [0.79, 0.9]   
23                                  0.691523                 [0.6, 0.78]   
24                                  0.820855                [0.76, 0.88]   
25                                  0.826033                [0.76, 0.88]   
26                                  0.698931                [0.61, 0.78]   

    Transitivity Consistency Ratio (%)  
0                            24.137931  
1                            74.545455  
2                            24.137931  
3                            74.545455  
4                            72.327044  
5                            75.757576  
6                            75.757576  
7                            75.757576  
8                            26.666667  
9                            75.151515  
10                           24.137931  
11                           74.545455  
12                           74.545455  
13                           74.545455  
14                           73.717949  
15                           75.151515  
16                           75.757576  
17                           75.151515  
18                           76.363636  
19                           75.757576  
20                           70.503597  
21                           75.757576  
22                           74.545455  
23                           74.545455  
24                           75.151515  
25                           76.363636  
26                           75.151515  

Results have been saved to 'reliability_analysis.csv'
