Author
9      1.441103
1      9.359549
2     10.683195
0     18.689197
5     43.840872
7     46.705498
10    52.642213
6     59.177705
8     81.612547
4     84.471940
3     97.723170
Name: Score, dtype: float64

Results have been saved to 'pagerank_results_balanced.csv'
Combined Results:
                                          Subcategory  \
0                                     Topic Relevance   
1                    Comprehensiveness of Information   
2                             Accuracy of Information   
3                        Innovativeness of Viewpoints   
4       Integration of Interdisciplinary Perspectives   
5                        Clarity of Logical Structure   
6               Reasonableness of Chapter Arrangement   
7              Quality of Introduction and Conclusion   
8              Accuracy and Completeness of Citations   
9              Timeliness and Relevance of References   
10   Avoidance of Plagiarism and Appropriate Citation   
11             Critical Analysis of Existing Research   
12   Proposal of New Research Directions or Questions   
13                Potential Contribution to the Field   
14             Clarity of Research Method Description   
15                    Rationality of Method Selection   
16                           Rigor of Research Design   
17               Inclusion of Latest Research Results   
18            Reflection of Current Research Hotspots   
19                     Fluency of Language Expression   
20    Appropriateness of Professional Terminology Use   
21                          Conciseness of Expression   
22  Practical Application Potential of Research Re...   
23                Feasibility of Proposed Suggestions   
24                             Logic of Argumentation   
25                   Multi-angle Analysis of Problems   
26  Identification and Discussion of Research Limi...   

    ICC (Intraclass Correlation Coefficient) ICC 95% Confidence Interval  \
0                                   0.285911                  [0.2, 0.4]   
1                                   0.855673                  [0.8, 0.9]   
2                                   0.171434                 [0.1, 0.27]   
3                                   0.748998                [0.67, 0.82]   
4                                   0.810518                [0.75, 0.87]   
5                                   0.709129                [0.62, 0.79]   
6                                   0.688300                 [0.6, 0.78]   
7                                   0.706101                [0.62, 0.79]   
8                                   0.381553                 [0.28, 0.5]   
9                                   0.737673                [0.65, 0.82]   
10                                  0.114972                 [0.06, 0.2]   
11                                  0.743238                [0.66, 0.82]   
12                                  0.797125                [0.73, 0.86]   
13                                  0.770366                 [0.7, 0.84]   
14                                  0.614463                [0.52, 0.72]   
15                                  0.632226                [0.54, 0.73]   
16                                  0.628180                [0.53, 0.73]   
17                                  0.741614                [0.66, 0.82]   
18                                  0.740796                [0.66, 0.82]   
19                                  0.650020                [0.56, 0.74]   
20                                  0.575914                [0.48, 0.68]   
21                                  0.626295                [0.53, 0.73]   
22                                  0.729852                [0.65, 0.81]   
23                                  0.567450                [0.47, 0.68]   
24                                  0.640152                [0.55, 0.74]   
25                                  0.822628                [0.76, 0.88]   
26                                  0.815136                [0.75, 0.87]   

    Transitivity Consistency Ratio (%)  
0                            98.787879  
1                            75.151515  
2                           100.000000  
3                            72.727273  
4                            75.151515  
5                            73.939394  
6                            74.545455  
7                            73.939394  
8                            96.969697  
9                            73.333333  
10                           99.393939  
11                           76.363636  
12                           73.939394  
13                           74.545455  
14                           72.727273  
15                           72.727273  
16                           72.727273  
17                           73.333333  
18                           75.151515  
19                           73.333333  
20                           72.121212  
21                           73.333333  
22                           72.121212  
23                           72.121212  
24                           71.515152  
25                           75.151515  
26                           74.545455  

Results have been saved to 'reliability_analysis.csv'
Author
10     0.000000
1     18.370498
9     18.585386
2     19.292946
0     43.516413
7     68.366390
5     69.207073
6     78.759641
8     93.567303
4     94.878835
3     99.970927
Name: Score, dtype: float64

Results have been saved to 'pagerank_results_balanced.csv'
Combined Results:
                                          Subcategory  \
0                                     Topic Relevance   
1                    Comprehensiveness of Information   
2                             Accuracy of Information   
3                        Innovativeness of Viewpoints   
4       Integration of Interdisciplinary Perspectives   
5                        Clarity of Logical Structure   
6               Reasonableness of Chapter Arrangement   
7              Quality of Introduction and Conclusion   
8              Accuracy and Completeness of Citations   
9              Timeliness and Relevance of References   
10   Avoidance of Plagiarism and Appropriate Citation   
11             Critical Analysis of Existing Research   
12   Proposal of New Research Directions or Questions   
13                Potential Contribution to the Field   
14             Clarity of Research Method Description   
15                    Rationality of Method Selection   
16                           Rigor of Research Design   
17               Inclusion of Latest Research Results   
18            Reflection of Current Research Hotspots   
19                     Fluency of Language Expression   
20    Appropriateness of Professional Terminology Use   
21                          Conciseness of Expression   
22  Practical Application Potential of Research Re...   
23                Feasibility of Proposed Suggestions   
24                             Logic of Argumentation   
25                   Multi-angle Analysis of Problems   
26  Identification and Discussion of Research Limi...   

    ICC (Intraclass Correlation Coefficient) ICC 95% Confidence Interval  \
0                                   0.429637                [0.33, 0.55]   
1                                   0.886430                [0.84, 0.92]   
2                                   0.345586                [0.25, 0.46]   
3                                   0.835333                [0.78, 0.89]   
4                                   0.844640                [0.79, 0.89]   
5                                   0.703645                [0.62, 0.79]   
6                                   0.694328                [0.61, 0.78]   
7                                   0.697621                [0.61, 0.78]   
8                                   0.675406                [0.58, 0.77]   
9                                   0.818049                [0.75, 0.88]   
10                                  0.173636                 [0.1, 0.27]   
11                                  0.825605                [0.76, 0.88]   
12                                  0.839531                [0.78, 0.89]   
13                                  0.843459                [0.79, 0.89]   
14                                  0.706904                [0.62, 0.79]   
15                                  0.717084                 [0.63, 0.8]   
16                                  0.713830                 [0.63, 0.8]   
17                                  0.822733                [0.76, 0.88]   
18                                  0.814304                [0.75, 0.87]   
19                                  0.647263                [0.55, 0.74]   
20                                  0.629797                [0.53, 0.73]   
21                                  0.619418                [0.52, 0.72]   
22                                  0.797972                [0.73, 0.86]   
23                                  0.626965                [0.53, 0.73]   
24                                  0.705193                [0.62, 0.79]   
25                                  0.846588                 [0.79, 0.9]   
26                                  0.798111                [0.73, 0.86]   

    Transitivity Consistency Ratio (%)  
0                            94.545455  
1                            74.545455  
2                            96.363636  
3                            73.333333  
4                            75.757576  
5                            74.545455  
6                            74.545455  
7                            74.545455  
8                            94.545455  
9                            75.757576  
10                           96.969697  
11                           76.363636  
12                           75.151515  
13                           75.151515  
14                           75.151515  
15                           75.151515  
16                           75.151515  
17                           75.757576  
18                           75.757576  
19                           75.151515  
20                           75.151515  
21                           75.151515  
22                           73.939394  
23                           73.939394  
24                           74.545455  
25                           74.545455  
26                           74.545455  

Results have been saved to 'reliability_analysis.csv'
Author
10     0.000000
1     18.370498
9     18.585386
2     19.292946
0     43.516413
7     68.366390
5     69.207073
6     78.759641
8     93.567303
4     94.878835
3     99.970927
Name: Score, dtype: float64

Results have been saved to 'pagerank_results_balanced.csv'
Combined Results:
                                          Subcategory  \
0                                     Topic Relevance   
1                    Comprehensiveness of Information   
2                             Accuracy of Information   
3                        Innovativeness of Viewpoints   
4       Integration of Interdisciplinary Perspectives   
5                        Clarity of Logical Structure   
6               Reasonableness of Chapter Arrangement   
7              Quality of Introduction and Conclusion   
8              Accuracy and Completeness of Citations   
9              Timeliness and Relevance of References   
10   Avoidance of Plagiarism and Appropriate Citation   
11             Critical Analysis of Existing Research   
12   Proposal of New Research Directions or Questions   
13                Potential Contribution to the Field   
14             Clarity of Research Method Description   
15                    Rationality of Method Selection   
16                           Rigor of Research Design   
17               Inclusion of Latest Research Results   
18            Reflection of Current Research Hotspots   
19                     Fluency of Language Expression   
20    Appropriateness of Professional Terminology Use   
21                          Conciseness of Expression   
22  Practical Application Potential of Research Re...   
23                Feasibility of Proposed Suggestions   
24                             Logic of Argumentation   
25                   Multi-angle Analysis of Problems   
26  Identification and Discussion of Research Limi...   

    ICC (Intraclass Correlation Coefficient) ICC 95% Confidence Interval  \
0                                   0.429637                [0.33, 0.55]   
1                                   0.886430                [0.84, 0.92]   
2                                   0.345586                [0.25, 0.46]   
3                                   0.835333                [0.78, 0.89]   
4                                   0.844640                [0.79, 0.89]   
5                                   0.703645                [0.62, 0.79]   
6                                   0.694328                [0.61, 0.78]   
7                                   0.697621                [0.61, 0.78]   
8                                   0.675406                [0.58, 0.77]   
9                                   0.818049                [0.75, 0.88]   
10                                  0.173636                 [0.1, 0.27]   
11                                  0.825605                [0.76, 0.88]   
12                                  0.839531                [0.78, 0.89]   
13                                  0.843459                [0.79, 0.89]   
14                                  0.706904                [0.62, 0.79]   
15                                  0.717084                 [0.63, 0.8]   
16                                  0.713830                 [0.63, 0.8]   
17                                  0.822733                [0.76, 0.88]   
18                                  0.814304                [0.75, 0.87]   
19                                  0.647263                [0.55, 0.74]   
20                                  0.629797                [0.53, 0.73]   
21                                  0.619418                [0.52, 0.72]   
22                                  0.797972                [0.73, 0.86]   
23                                  0.626965                [0.53, 0.73]   
24                                  0.705193                [0.62, 0.79]   
25                                  0.846588                 [0.79, 0.9]   
26                                  0.798111                [0.73, 0.86]   

    Transitivity Consistency Ratio (%)  
0                            94.545455  
1                            74.545455  
2                            96.363636  
3                            73.333333  
4                            75.757576  
5                            74.545455  
6                            74.545455  
7                            74.545455  
8                            94.545455  
9                            75.757576  
10                           96.969697  
11                           76.363636  
12                           75.151515  
13                           75.151515  
14                           75.151515  
15                           75.151515  
16                           75.151515  
17                           75.757576  
18                           75.757576  
19                           75.151515  
20                           75.151515  
21                           75.151515  
22                           73.939394  
23                           73.939394  
24                           74.545455  
25                           74.545455  
26                           74.545455  

Results have been saved to 'reliability_analysis.csv'
Author
10     0.002298
9     18.049740
1     18.231685
2     19.116665
0     43.171760
7     66.791246
5     70.668424
6     79.015808
8     94.330982
4     95.615099
3     99.956560
Name: Score, dtype: float64

Results have been saved to 'pagerank_results_balanced.csv'
Combined Results:
                                          Subcategory  \
0                                     Topic Relevance   
1                    Comprehensiveness of Information   
2                             Accuracy of Information   
3                        Innovativeness of Viewpoints   
4       Integration of Interdisciplinary Perspectives   
5                        Clarity of Logical Structure   
6               Reasonableness of Chapter Arrangement   
7              Quality of Introduction and Conclusion   
8              Accuracy and Completeness of Citations   
9              Timeliness and Relevance of References   
10   Avoidance of Plagiarism and Appropriate Citation   
11             Critical Analysis of Existing Research   
12   Proposal of New Research Directions or Questions   
13                Potential Contribution to the Field   
14             Clarity of Research Method Description   
15                    Rationality of Method Selection   
16                           Rigor of Research Design   
17               Inclusion of Latest Research Results   
18            Reflection of Current Research Hotspots   
19                     Fluency of Language Expression   
20    Appropriateness of Professional Terminology Use   
21                          Conciseness of Expression   
22  Practical Application Potential of Research Re...   
23                Feasibility of Proposed Suggestions   
24                             Logic of Argumentation   
25                   Multi-angle Analysis of Problems   
26  Identification and Discussion of Research Limi...   

    ICC (Intraclass Correlation Coefficient) ICC 95% Confidence Interval  \
0                                   0.429637                [0.33, 0.55]   
1                                   0.886430                [0.84, 0.92]   
2                                   0.345586                [0.25, 0.46]   
3                                   0.835333                [0.78, 0.89]   
4                                   0.844640                [0.79, 0.89]   
5                                   0.703645                [0.62, 0.79]   
6                                   0.694328                [0.61, 0.78]   
7                                   0.697621                [0.61, 0.78]   
8                                   0.675406                [0.58, 0.77]   
9                                   0.818049                [0.75, 0.88]   
10                                  0.173636                 [0.1, 0.27]   
11                                  0.825605                [0.76, 0.88]   
12                                  0.839531                [0.78, 0.89]   
13                                  0.843459                [0.79, 0.89]   
14                                  0.706904                [0.62, 0.79]   
15                                  0.717084                 [0.63, 0.8]   
16                                  0.713830                 [0.63, 0.8]   
17                                  0.822733                [0.76, 0.88]   
18                                  0.814304                [0.75, 0.87]   
19                                  0.647263                [0.55, 0.74]   
20                                  0.629797                [0.53, 0.73]   
21                                  0.619418                [0.52, 0.72]   
22                                  0.797972                [0.73, 0.86]   
23                                  0.626965                [0.53, 0.73]   
24                                  0.705193                [0.62, 0.79]   
25                                  0.846588                 [0.79, 0.9]   
26                                  0.798111                [0.73, 0.86]   

    Transitivity Consistency Ratio (%)  
0                            25.000000  
1                            74.545455  
2                            25.000000  
3                            73.333333  
4                            75.757576  
5                            74.545455  
6                            73.417722  
7                            74.545455  
8                            18.181818  
9                            75.757576  
10                           16.666667  
11                           75.000000  
12                           75.151515  
13                           75.151515  
14                           75.151515  
15                           75.151515  
16                           75.151515  
17                           75.757576  
18                           75.757576  
19                           75.151515  
20                           74.213836  
21                           75.151515  
22                           73.939394  
23                           73.939394  
24                           74.545455  
25                           74.545455  
26                           74.545455  

Results have been saved to 'reliability_analysis.csv'
Author
10     0.002298
9     18.049740
1     18.231685
2     19.116665
0     43.171760
7     66.791246
5     70.668424
6     79.015808
8     94.330982
4     95.615099
3     99.956560
Name: Score, dtype: float64

Results have been saved to 'pagerank_results_balanced.csv'
Combined Results:
                                          Subcategory  \
0                                     Topic Relevance   
1                    Comprehensiveness of Information   
2                             Accuracy of Information   
3                        Innovativeness of Viewpoints   
4       Integration of Interdisciplinary Perspectives   
5                        Clarity of Logical Structure   
6               Reasonableness of Chapter Arrangement   
7              Quality of Introduction and Conclusion   
8              Accuracy and Completeness of Citations   
9              Timeliness and Relevance of References   
10   Avoidance of Plagiarism and Appropriate Citation   
11             Critical Analysis of Existing Research   
12   Proposal of New Research Directions or Questions   
13                Potential Contribution to the Field   
14             Clarity of Research Method Description   
15                    Rationality of Method Selection   
16                           Rigor of Research Design   
17               Inclusion of Latest Research Results   
18            Reflection of Current Research Hotspots   
19                     Fluency of Language Expression   
20    Appropriateness of Professional Terminology Use   
21                          Conciseness of Expression   
22  Practical Application Potential of Research Re...   
23                Feasibility of Proposed Suggestions   
24                             Logic of Argumentation   
25                   Multi-angle Analysis of Problems   
26  Identification and Discussion of Research Limi...   

    ICC (Intraclass Correlation Coefficient) ICC 95% Confidence Interval  \
0                                   0.429637                [0.33, 0.55]   
1                                   0.886430                [0.84, 0.92]   
2                                   0.345586                [0.25, 0.46]   
3                                   0.835333                [0.78, 0.89]   
4                                   0.844640                [0.79, 0.89]   
5                                   0.703645                [0.62, 0.79]   
6                                   0.694328                [0.61, 0.78]   
7                                   0.697621                [0.61, 0.78]   
8                                   0.675406                [0.58, 0.77]   
9                                   0.818049                [0.75, 0.88]   
10                                  0.173636                 [0.1, 0.27]   
11                                  0.825605                [0.76, 0.88]   
12                                  0.839531                [0.78, 0.89]   
13                                  0.843459                [0.79, 0.89]   
14                                  0.706904                [0.62, 0.79]   
15                                  0.717084                 [0.63, 0.8]   
16                                  0.713830                 [0.63, 0.8]   
17                                  0.822733                [0.76, 0.88]   
18                                  0.814304                [0.75, 0.87]   
19                                  0.647263                [0.55, 0.74]   
20                                  0.629797                [0.53, 0.73]   
21                                  0.619418                [0.52, 0.72]   
22                                  0.797972                [0.73, 0.86]   
23                                  0.626965                [0.53, 0.73]   
24                                  0.705193                [0.62, 0.79]   
25                                  0.846588                 [0.79, 0.9]   
26                                  0.798111                [0.73, 0.86]   

    Transitivity Consistency Ratio (%)  
0                            25.000000  
1                            74.545455  
2                            25.000000  
3                            73.333333  
4                            75.757576  
5                            74.545455  
6                            73.417722  
7                            74.545455  
8                            18.181818  
9                            75.757576  
10                           16.666667  
11                           75.000000  
12                           75.151515  
13                           75.151515  
14                           75.151515  
15                           75.151515  
16                           75.151515  
17                           75.757576  
18                           75.757576  
19                           75.151515  
20                           74.213836  
21                           75.151515  
22                           73.939394  
23                           73.939394  
24                           74.545455  
25                           74.545455  
26                           74.545455  

Results have been saved to 'reliability_analysis.csv'
