Author
2     12.093583
1     17.422298
10    20.674829
4     20.735527
6     84.091868
9     85.429314
7     90.293968
5     94.718054
3     97.794841
8     98.904137
0     99.897169
Name: Score, dtype: float64

Results have been saved to 'pagerank_results_balanced.csv'
Combined Results:
                                          Subcategory  \
0                                     Topic Relevance   
1                    Comprehensiveness of Information   
2                             Accuracy of Information   
3                        Innovativeness of Viewpoints   
4       Integration of Interdisciplinary Perspectives   
5                        Clarity of Logical Structure   
6               Reasonableness of Chapter Arrangement   
7              Quality of Introduction and Conclusion   
8              Accuracy and Completeness of Citations   
9              Timeliness and Relevance of References   
10   Avoidance of Plagiarism and Appropriate Citation   
11             Critical Analysis of Existing Research   
12   Proposal of New Research Directions or Questions   
13                Potential Contribution to the Field   
14             Clarity of Research Method Description   
15                    Rationality of Method Selection   
16                           Rigor of Research Design   
17               Inclusion of Latest Research Results   
18            Reflection of Current Research Hotspots   
19                     Fluency of Language Expression   
20    Appropriateness of Professional Terminology Use   
21                          Conciseness of Expression   
22  Practical Application Potential of Research Re...   
23                Feasibility of Proposed Suggestions   
24                             Logic of Argumentation   
25                   Multi-angle Analysis of Problems   
26  Identification and Discussion of Research Limi...   

    ICC (Intraclass Correlation Coefficient) ICC 95% Confidence Interval  \
0                                   0.037877                  [0.0, 0.1]   
1                                   0.548628                [0.44, 0.66]   
2                                   0.375673                 [0.28, 0.5]   
3                                   0.557123                [0.45, 0.67]   
4                                   0.527229                [0.42, 0.64]   
5                                   0.464567                [0.35, 0.59]   
6                                   0.460512                [0.35, 0.58]   
7                                   0.500002                [0.39, 0.62]   
8                                   0.479226                 [0.38, 0.6]   
9                                   0.531075                [0.43, 0.64]   
10                                  0.273994                [0.19, 0.39]   
11                                  0.519936                [0.41, 0.64]   
12                                  0.498321                [0.39, 0.61]   
13                                  0.526363                [0.42, 0.64]   
14                                  0.476155                 [0.37, 0.6]   
15                                  0.477928                 [0.37, 0.6]   
16                                  0.479744                 [0.37, 0.6]   
17                                  0.533894                [0.43, 0.65]   
18                                  0.538428                [0.44, 0.65]   
19                                  0.514904                 [0.4, 0.63]   
20                                  0.528569                [0.42, 0.65]   
21                                  0.495827                [0.38, 0.62]   
22                                  0.500817                 [0.4, 0.62]   
23                                  0.344870                [0.25, 0.46]   
24                                  0.447433                [0.34, 0.57]   
25                                  0.523160                [0.42, 0.64]   
26                                  0.446686                [0.34, 0.57]   

    Transitivity Consistency Ratio (%)  
0                            98.181818  
1                            89.090909  
2                            96.969697  
3                            94.545455  
4                            89.696970  
5                            89.696970  
6                            89.090909  
7                            89.696970  
8                            95.757576  
9                            91.515152  
10                           97.575758  
11                           92.727273  
12                           87.878788  
13                           91.515152  
14                           92.121212  
15                           92.121212  
16                           92.121212  
17                           91.515152  
18                           89.696970  
19                           89.696970  
20                           91.515152  
21                           89.696970  
22                           91.515152  
23                           86.060606  
24                           93.333333  
25                           90.909091  
26                           89.696970  

Results have been saved to 'reliability_analysis.csv'
Author
10     3.703704
2     56.983303
1     63.709538
4     70.797005
6     93.289609
7     95.193536
9     95.956775
8     96.008570
0     96.279349
3     98.189730
5     98.518604
Name: Score, dtype: float64

Results have been saved to 'pagerank_results_balanced.csv'
Combined Results:
                                          Subcategory  \
0                                     Topic Relevance   
1                    Comprehensiveness of Information   
2                             Accuracy of Information   
3                        Innovativeness of Viewpoints   
4       Integration of Interdisciplinary Perspectives   
5                        Clarity of Logical Structure   
6               Reasonableness of Chapter Arrangement   
7              Quality of Introduction and Conclusion   
8              Accuracy and Completeness of Citations   
9              Timeliness and Relevance of References   
10   Avoidance of Plagiarism and Appropriate Citation   
11             Critical Analysis of Existing Research   
12   Proposal of New Research Directions or Questions   
13                Potential Contribution to the Field   
14             Clarity of Research Method Description   
15                    Rationality of Method Selection   
16                           Rigor of Research Design   
17               Inclusion of Latest Research Results   
18            Reflection of Current Research Hotspots   
19                     Fluency of Language Expression   
20    Appropriateness of Professional Terminology Use   
21                          Conciseness of Expression   
22  Practical Application Potential of Research Re...   
23                Feasibility of Proposed Suggestions   
24                             Logic of Argumentation   
25                   Multi-angle Analysis of Problems   
26  Identification and Discussion of Research Limi...   

    ICC (Intraclass Correlation Coefficient) ICC 95% Confidence Interval  \
0                                   0.525219                [0.42, 0.64]   
1                                   0.725946                [0.63, 0.81]   
2                                   0.635811                [0.54, 0.73]   
3                                   0.709906                 [0.62, 0.8]   
4                                   0.696526                [0.61, 0.78]   
5                                   0.679476                [0.58, 0.77]   
6                                   0.667712                [0.57, 0.76]   
7                                   0.663659                [0.56, 0.76]   
8                                   0.658622                [0.57, 0.75]   
9                                   0.606559                [0.51, 0.71]   
10                                  0.378945                 [0.28, 0.5]   
11                                  0.735821                [0.65, 0.82]   
12                                  0.732795                [0.65, 0.81]   
13                                  0.707245                [0.62, 0.79]   
14                                  0.636484                [0.54, 0.73]   
15                                  0.637065                [0.54, 0.73]   
16                                  0.634836                [0.54, 0.73]   
17                                  0.644841                [0.55, 0.74]   
18                                  0.684051                [0.59, 0.77]   
19                                  0.593863                 [0.49, 0.7]   
20                                  0.646240                [0.55, 0.74]   
21                                  0.564128                [0.46, 0.68]   
22                                  0.686629                [0.59, 0.78]   
23                                  0.484171                 [0.38, 0.6]   
24                                  0.680531                [0.58, 0.77]   
25                                  0.715191                 [0.63, 0.8]   
26                                  0.627463                [0.53, 0.73]   

    Transitivity Consistency Ratio (%)  
0                            96.363636  
1                            90.909091  
2                            96.363636  
3                            94.545455  
4                            90.909091  
5                            92.727273  
6                            91.515152  
7                            92.727273  
8                            95.757576  
9                            92.727273  
10                           96.363636  
11                           92.727273  
12                           89.090909  
13                           92.727273  
14                           92.727273  
15                           92.727273  
16                           92.727273  
17                           92.727273  
18                           90.909091  
19                           92.727273  
20                           92.727273  
21                           92.727273  
22                           92.727273  
23                           87.878788  
24                           92.727273  
25                           90.909091  
26                           90.909091  

Results have been saved to 'reliability_analysis.csv'
Author
10     3.703704
2     56.983303
1     63.709538
4     70.797005
6     93.289609
7     95.193536
9     95.956775
8     96.008570
0     96.279349
3     98.189730
5     98.518604
Name: Score, dtype: float64

Results have been saved to 'pagerank_results_balanced.csv'
Combined Results:
                                          Subcategory  \
0                                     Topic Relevance   
1                    Comprehensiveness of Information   
2                             Accuracy of Information   
3                        Innovativeness of Viewpoints   
4       Integration of Interdisciplinary Perspectives   
5                        Clarity of Logical Structure   
6               Reasonableness of Chapter Arrangement   
7              Quality of Introduction and Conclusion   
8              Accuracy and Completeness of Citations   
9              Timeliness and Relevance of References   
10   Avoidance of Plagiarism and Appropriate Citation   
11             Critical Analysis of Existing Research   
12   Proposal of New Research Directions or Questions   
13                Potential Contribution to the Field   
14             Clarity of Research Method Description   
15                    Rationality of Method Selection   
16                           Rigor of Research Design   
17               Inclusion of Latest Research Results   
18            Reflection of Current Research Hotspots   
19                     Fluency of Language Expression   
20    Appropriateness of Professional Terminology Use   
21                          Conciseness of Expression   
22  Practical Application Potential of Research Re...   
23                Feasibility of Proposed Suggestions   
24                             Logic of Argumentation   
25                   Multi-angle Analysis of Problems   
26  Identification and Discussion of Research Limi...   

    ICC (Intraclass Correlation Coefficient) ICC 95% Confidence Interval  \
0                                   0.525219                [0.42, 0.64]   
1                                   0.725946                [0.63, 0.81]   
2                                   0.635811                [0.54, 0.73]   
3                                   0.709906                 [0.62, 0.8]   
4                                   0.696526                [0.61, 0.78]   
5                                   0.679476                [0.58, 0.77]   
6                                   0.667712                [0.57, 0.76]   
7                                   0.663659                [0.56, 0.76]   
8                                   0.658622                [0.57, 0.75]   
9                                   0.606559                [0.51, 0.71]   
10                                  0.378945                 [0.28, 0.5]   
11                                  0.735821                [0.65, 0.82]   
12                                  0.732795                [0.65, 0.81]   
13                                  0.707245                [0.62, 0.79]   
14                                  0.636484                [0.54, 0.73]   
15                                  0.637065                [0.54, 0.73]   
16                                  0.634836                [0.54, 0.73]   
17                                  0.644841                [0.55, 0.74]   
18                                  0.684051                [0.59, 0.77]   
19                                  0.593863                 [0.49, 0.7]   
20                                  0.646240                [0.55, 0.74]   
21                                  0.564128                [0.46, 0.68]   
22                                  0.686629                [0.59, 0.78]   
23                                  0.484171                 [0.38, 0.6]   
24                                  0.680531                [0.58, 0.77]   
25                                  0.715191                 [0.63, 0.8]   
26                                  0.627463                [0.53, 0.73]   

    Transitivity Consistency Ratio (%)  
0                            96.363636  
1                            90.909091  
2                            96.363636  
3                            94.545455  
4                            90.909091  
5                            92.727273  
6                            91.515152  
7                            92.727273  
8                            95.757576  
9                            92.727273  
10                           96.363636  
11                           92.727273  
12                           89.090909  
13                           92.727273  
14                           92.727273  
15                           92.727273  
16                           92.727273  
17                           92.727273  
18                           90.909091  
19                           92.727273  
20                           92.727273  
21                           92.727273  
22                           92.727273  
23                           87.878788  
24                           92.727273  
25                           90.909091  
26                           90.909091  

Results have been saved to 'reliability_analysis.csv'
Author
10     0.000000
2     57.570138
1     65.991445
4     69.429486
9     96.733146
6     96.795422
7     97.740976
5     98.721784
3     99.124886
8     99.533065
0     99.991000
Name: Score, dtype: float64

Results have been saved to 'pagerank_results_balanced.csv'
Combined Results:
                                          Subcategory  \
0                                     Topic Relevance   
1                    Comprehensiveness of Information   
2                             Accuracy of Information   
3                        Innovativeness of Viewpoints   
4       Integration of Interdisciplinary Perspectives   
5                        Clarity of Logical Structure   
6               Reasonableness of Chapter Arrangement   
7              Quality of Introduction and Conclusion   
8              Accuracy and Completeness of Citations   
9              Timeliness and Relevance of References   
10   Avoidance of Plagiarism and Appropriate Citation   
11             Critical Analysis of Existing Research   
12   Proposal of New Research Directions or Questions   
13                Potential Contribution to the Field   
14             Clarity of Research Method Description   
15                    Rationality of Method Selection   
16                           Rigor of Research Design   
17               Inclusion of Latest Research Results   
18            Reflection of Current Research Hotspots   
19                     Fluency of Language Expression   
20    Appropriateness of Professional Terminology Use   
21                          Conciseness of Expression   
22  Practical Application Potential of Research Re...   
23                Feasibility of Proposed Suggestions   
24                             Logic of Argumentation   
25                   Multi-angle Analysis of Problems   
26  Identification and Discussion of Research Limi...   

    ICC (Intraclass Correlation Coefficient) ICC 95% Confidence Interval  \
0                                   0.525219                [0.42, 0.64]   
1                                   0.725946                [0.63, 0.81]   
2                                   0.635811                [0.54, 0.73]   
3                                   0.709906                 [0.62, 0.8]   
4                                   0.696526                [0.61, 0.78]   
5                                   0.679476                [0.58, 0.77]   
6                                   0.667712                [0.57, 0.76]   
7                                   0.663659                [0.56, 0.76]   
8                                   0.658622                [0.57, 0.75]   
9                                   0.606559                [0.51, 0.71]   
10                                  0.378945                 [0.28, 0.5]   
11                                  0.735821                [0.65, 0.82]   
12                                  0.732795                [0.65, 0.81]   
13                                  0.707245                [0.62, 0.79]   
14                                  0.636484                [0.54, 0.73]   
15                                  0.637065                [0.54, 0.73]   
16                                  0.634836                [0.54, 0.73]   
17                                  0.644841                [0.55, 0.74]   
18                                  0.684051                [0.59, 0.77]   
19                                  0.593863                 [0.49, 0.7]   
20                                  0.646240                [0.55, 0.74]   
21                                  0.564128                [0.46, 0.68]   
22                                  0.686629                [0.59, 0.78]   
23                                  0.484171                 [0.38, 0.6]   
24                                  0.680531                [0.58, 0.77]   
25                                  0.715191                 [0.63, 0.8]   
26                                  0.627463                [0.53, 0.73]   

    Transitivity Consistency Ratio (%)  
0                            64.705882  
1                            90.909091  
2                            40.000000  
3                            94.545455  
4                            90.909091  
5                            92.727273  
6                            91.139241  
7                            92.727273  
8                            53.333333  
9                            92.727273  
10                           40.000000  
11                           92.727273  
12                           89.090909  
13                           92.727273  
14                           92.727273  
15                           92.727273  
16                           92.727273  
17                           92.727273  
18                           90.909091  
19                           92.727273  
20                           92.307692  
21                           92.727273  
22                           92.727273  
23                           87.878788  
24                           92.727273  
25                           90.909091  
26                           90.909091  

Results have been saved to 'reliability_analysis.csv'
Author
10     0.000000
2     57.570138
1     65.991445
4     69.429486
9     96.733146
6     96.795422
7     97.740976
5     98.721784
3     99.124886
8     99.533065
0     99.991000
Name: Score, dtype: float64

Results have been saved to 'pagerank_results_balanced.csv'
Combined Results:
                                          Subcategory  \
0                                     Topic Relevance   
1                    Comprehensiveness of Information   
2                             Accuracy of Information   
3                        Innovativeness of Viewpoints   
4       Integration of Interdisciplinary Perspectives   
5                        Clarity of Logical Structure   
6               Reasonableness of Chapter Arrangement   
7              Quality of Introduction and Conclusion   
8              Accuracy and Completeness of Citations   
9              Timeliness and Relevance of References   
10   Avoidance of Plagiarism and Appropriate Citation   
11             Critical Analysis of Existing Research   
12   Proposal of New Research Directions or Questions   
13                Potential Contribution to the Field   
14             Clarity of Research Method Description   
15                    Rationality of Method Selection   
16                           Rigor of Research Design   
17               Inclusion of Latest Research Results   
18            Reflection of Current Research Hotspots   
19                     Fluency of Language Expression   
20    Appropriateness of Professional Terminology Use   
21                          Conciseness of Expression   
22  Practical Application Potential of Research Re...   
23                Feasibility of Proposed Suggestions   
24                             Logic of Argumentation   
25                   Multi-angle Analysis of Problems   
26  Identification and Discussion of Research Limi...   

    ICC (Intraclass Correlation Coefficient) ICC 95% Confidence Interval  \
0                                   0.525219                [0.42, 0.64]   
1                                   0.725946                [0.63, 0.81]   
2                                   0.635811                [0.54, 0.73]   
3                                   0.709906                 [0.62, 0.8]   
4                                   0.696526                [0.61, 0.78]   
5                                   0.679476                [0.58, 0.77]   
6                                   0.667712                [0.57, 0.76]   
7                                   0.663659                [0.56, 0.76]   
8                                   0.658622                [0.57, 0.75]   
9                                   0.606559                [0.51, 0.71]   
10                                  0.378945                 [0.28, 0.5]   
11                                  0.735821                [0.65, 0.82]   
12                                  0.732795                [0.65, 0.81]   
13                                  0.707245                [0.62, 0.79]   
14                                  0.636484                [0.54, 0.73]   
15                                  0.637065                [0.54, 0.73]   
16                                  0.634836                [0.54, 0.73]   
17                                  0.644841                [0.55, 0.74]   
18                                  0.684051                [0.59, 0.77]   
19                                  0.593863                 [0.49, 0.7]   
20                                  0.646240                [0.55, 0.74]   
21                                  0.564128                [0.46, 0.68]   
22                                  0.686629                [0.59, 0.78]   
23                                  0.484171                 [0.38, 0.6]   
24                                  0.680531                [0.58, 0.77]   
25                                  0.715191                 [0.63, 0.8]   
26                                  0.627463                [0.53, 0.73]   

    Transitivity Consistency Ratio (%)  
0                            64.705882  
1                            90.909091  
2                            40.000000  
3                            94.545455  
4                            90.909091  
5                            92.727273  
6                            91.139241  
7                            92.727273  
8                            53.333333  
9                            92.727273  
10                           40.000000  
11                           92.727273  
12                           89.090909  
13                           92.727273  
14                           92.727273  
15                           92.727273  
16                           92.727273  
17                           92.727273  
18                           90.909091  
19                           92.727273  
20                           92.307692  
21                           92.727273  
22                           92.727273  
23                           87.878788  
24                           92.727273  
25                           90.909091  
26                           90.909091  

Results have been saved to 'reliability_analysis.csv'
