Author
10      0.043780
0       3.062749
1       3.128290
2       5.024329
3       7.372572
8       7.727600
7       8.032346
6       8.707830
5      15.107914
4      15.432524
9     100.000000
Name: Score, dtype: float64

Results have been saved to 'pagerank_results_balanced.csv'
Combined Results:
                                          Subcategory  \
0                                     Topic Relevance   
1                    Comprehensiveness of Information   
2                             Accuracy of Information   
3                        Innovativeness of Viewpoints   
4       Integration of Interdisciplinary Perspectives   
5                        Clarity of Logical Structure   
6               Reasonableness of Chapter Arrangement   
7              Quality of Introduction and Conclusion   
8              Accuracy and Completeness of Citations   
9              Timeliness and Relevance of References   
10   Avoidance of Plagiarism and Appropriate Citation   
11             Critical Analysis of Existing Research   
12   Proposal of New Research Directions or Questions   
13                Potential Contribution to the Field   
14             Clarity of Research Method Description   
15                    Rationality of Method Selection   
16                           Rigor of Research Design   
17               Inclusion of Latest Research Results   
18            Reflection of Current Research Hotspots   
19                     Fluency of Language Expression   
20    Appropriateness of Professional Terminology Use   
21                          Conciseness of Expression   
22  Practical Application Potential of Research Re...   
23                Feasibility of Proposed Suggestions   
24                             Logic of Argumentation   
25                   Multi-angle Analysis of Problems   
26  Identification and Discussion of Research Limi...   

    ICC (Intraclass Correlation Coefficient) ICC 95% Confidence Interval  \
0                                   0.427954                [0.33, 0.55]   
1                                   0.682244                [0.58, 0.78]   
2                                   0.464738                [0.36, 0.58]   
3                                   0.487442                 [0.38, 0.6]   
4                                   0.582275                [0.48, 0.69]   
5                                   0.714359                 [0.63, 0.8]   
6                                   0.622002                [0.52, 0.72]   
7                                   0.501837                [0.39, 0.62]   
8                                   0.547009                [0.45, 0.66]   
9                                   0.566126                [0.47, 0.67]   
10                                  0.351782                [0.26, 0.47]   
11                                  0.644051                [0.54, 0.75]   
12                                  0.414967                [0.31, 0.53]   
13                                  0.593364                 [0.49, 0.7]   
14                                  0.599655                  [0.5, 0.7]   
15                                  0.552443                [0.45, 0.66]   
16                                  0.536677                [0.44, 0.65]   
17                                  0.600955                  [0.5, 0.7]   
18                                  0.570510                [0.47, 0.68]   
19                                  0.477284                [0.38, 0.59]   
20                                  0.496502                [0.39, 0.61]   
21                                  0.412357                [0.31, 0.53]   
22                                  0.542652                [0.44, 0.65]   
23                                  0.423582                [0.32, 0.54]   
24                                  0.572787                [0.47, 0.68]   
25                                  0.581079                [0.48, 0.69]   
26                                  0.464042                [0.36, 0.58]   

    Transitivity Consistency Ratio (%)  
0                            88.484848  
1                            84.242424  
2                            87.878788  
3                            78.181818  
4                            84.242424  
5                            84.242424  
6                            81.818182  
7                            81.818182  
8                            82.424242  
9                            80.000000  
10                           90.303030  
11                           78.181818  
12                           76.363636  
13                           78.181818  
14                           87.272727  
15                           85.454545  
16                           82.424242  
17                           80.000000  
18                           81.818182  
19                           83.636364  
20                           86.060606  
21                           80.000000  
22                           80.606061  
23                           82.424242  
24                           80.000000  
25                           80.606061  
26                           81.212121  

Results have been saved to 'reliability_analysis.csv'
Author
10      0.043780
0       3.062749
1       3.128290
2       5.024329
3       7.372572
8       7.727600
7       8.032346
6       8.707830
5      15.107914
4      15.432524
9     100.000000
Name: Score, dtype: float64

Results have been saved to 'pagerank_results_balanced.csv'
Combined Results:
                                          Subcategory  \
0                                     Topic Relevance   
1                    Comprehensiveness of Information   
2                             Accuracy of Information   
3                        Innovativeness of Viewpoints   
4       Integration of Interdisciplinary Perspectives   
5                        Clarity of Logical Structure   
6               Reasonableness of Chapter Arrangement   
7              Quality of Introduction and Conclusion   
8              Accuracy and Completeness of Citations   
9              Timeliness and Relevance of References   
10   Avoidance of Plagiarism and Appropriate Citation   
11             Critical Analysis of Existing Research   
12   Proposal of New Research Directions or Questions   
13                Potential Contribution to the Field   
14             Clarity of Research Method Description   
15                    Rationality of Method Selection   
16                           Rigor of Research Design   
17               Inclusion of Latest Research Results   
18            Reflection of Current Research Hotspots   
19                     Fluency of Language Expression   
20    Appropriateness of Professional Terminology Use   
21                          Conciseness of Expression   
22  Practical Application Potential of Research Re...   
23                Feasibility of Proposed Suggestions   
24                             Logic of Argumentation   
25                   Multi-angle Analysis of Problems   
26  Identification and Discussion of Research Limi...   

    ICC (Intraclass Correlation Coefficient) ICC 95% Confidence Interval  \
0                                   0.427954                [0.33, 0.55]   
1                                   0.682244                [0.58, 0.78]   
2                                   0.464738                [0.36, 0.58]   
3                                   0.487442                 [0.38, 0.6]   
4                                   0.582275                [0.48, 0.69]   
5                                   0.714359                 [0.63, 0.8]   
6                                   0.622002                [0.52, 0.72]   
7                                   0.501837                [0.39, 0.62]   
8                                   0.547009                [0.45, 0.66]   
9                                   0.566126                [0.47, 0.67]   
10                                  0.351782                [0.26, 0.47]   
11                                  0.644051                [0.54, 0.75]   
12                                  0.414967                [0.31, 0.53]   
13                                  0.593364                 [0.49, 0.7]   
14                                  0.599655                  [0.5, 0.7]   
15                                  0.552443                [0.45, 0.66]   
16                                  0.536677                [0.44, 0.65]   
17                                  0.600955                  [0.5, 0.7]   
18                                  0.570510                [0.47, 0.68]   
19                                  0.477284                [0.38, 0.59]   
20                                  0.496502                [0.39, 0.61]   
21                                  0.412357                [0.31, 0.53]   
22                                  0.542652                [0.44, 0.65]   
23                                  0.423582                [0.32, 0.54]   
24                                  0.572787                [0.47, 0.68]   
25                                  0.581079                [0.48, 0.69]   
26                                  0.464042                [0.36, 0.58]   

    Transitivity Consistency Ratio (%)  
0                            88.484848  
1                            84.242424  
2                            87.878788  
3                            78.181818  
4                            84.242424  
5                            84.242424  
6                            81.818182  
7                            81.818182  
8                            82.424242  
9                            80.000000  
10                           90.303030  
11                           78.181818  
12                           76.363636  
13                           78.181818  
14                           87.272727  
15                           85.454545  
16                           82.424242  
17                           80.000000  
18                           81.818182  
19                           83.636364  
20                           86.060606  
21                           80.000000  
22                           80.606061  
23                           82.424242  
24                           80.000000  
25                           80.606061  
26                           81.212121  

Results have been saved to 'reliability_analysis.csv'
Author
10      0.048534
1       2.488948
0       2.706462
2       4.387448
8       6.152856
7       6.816766
6       7.835678
3       9.260263
4      14.623258
5      16.917520
9     100.000000
Name: Score, dtype: float64

Results have been saved to 'pagerank_results_balanced.csv'
Combined Results:
                                          Subcategory  \
0                                     Topic Relevance   
1                    Comprehensiveness of Information   
2                             Accuracy of Information   
3                        Innovativeness of Viewpoints   
4       Integration of Interdisciplinary Perspectives   
5                        Clarity of Logical Structure   
6               Reasonableness of Chapter Arrangement   
7              Quality of Introduction and Conclusion   
8              Accuracy and Completeness of Citations   
9              Timeliness and Relevance of References   
10   Avoidance of Plagiarism and Appropriate Citation   
11             Critical Analysis of Existing Research   
12   Proposal of New Research Directions or Questions   
13                Potential Contribution to the Field   
14             Clarity of Research Method Description   
15                    Rationality of Method Selection   
16                           Rigor of Research Design   
17               Inclusion of Latest Research Results   
18            Reflection of Current Research Hotspots   
19                     Fluency of Language Expression   
20    Appropriateness of Professional Terminology Use   
21                          Conciseness of Expression   
22  Practical Application Potential of Research Re...   
23                Feasibility of Proposed Suggestions   
24                             Logic of Argumentation   
25                   Multi-angle Analysis of Problems   
26  Identification and Discussion of Research Limi...   

    ICC (Intraclass Correlation Coefficient) ICC 95% Confidence Interval  \
0                                   0.427954                [0.33, 0.55]   
1                                   0.682244                [0.58, 0.78]   
2                                   0.464738                [0.36, 0.58]   
3                                   0.487442                 [0.38, 0.6]   
4                                   0.582275                [0.48, 0.69]   
5                                   0.714359                 [0.63, 0.8]   
6                                   0.622002                [0.52, 0.72]   
7                                   0.501837                [0.39, 0.62]   
8                                   0.547009                [0.45, 0.66]   
9                                   0.566126                [0.47, 0.67]   
10                                  0.351782                [0.26, 0.47]   
11                                  0.644051                [0.54, 0.75]   
12                                  0.414967                [0.31, 0.53]   
13                                  0.593364                 [0.49, 0.7]   
14                                  0.599655                  [0.5, 0.7]   
15                                  0.552443                [0.45, 0.66]   
16                                  0.536677                [0.44, 0.65]   
17                                  0.600955                  [0.5, 0.7]   
18                                  0.570510                [0.47, 0.68]   
19                                  0.477284                [0.38, 0.59]   
20                                  0.496502                [0.39, 0.61]   
21                                  0.412357                [0.31, 0.53]   
22                                  0.542652                [0.44, 0.65]   
23                                  0.423582                [0.32, 0.54]   
24                                  0.572787                [0.47, 0.68]   
25                                  0.581079                [0.48, 0.69]   
26                                  0.464042                [0.36, 0.58]   

    Transitivity Consistency Ratio (%)  
0                            44.117647  
1                            75.925926  
2                            23.076923  
3                            75.510204  
4                            75.700935  
5                            62.857143  
6                            71.428571  
7                            73.451327  
8                            40.816327  
9                            69.444444  
10                           36.000000  
11                           75.510204  
12                           73.287671  
13                           74.285714  
14                           50.000000  
15                           73.333333  
16                           70.408163  
17                           69.444444  
18                           76.190476  
19                           57.142857  
20                           65.151515  
21                           68.867925  
22                           75.572519  
23                           78.358209  
24                           71.052632  
25                           74.603175  
26                           69.902913  

Results have been saved to 'reliability_analysis.csv'
Author
10      0.048534
1       2.488948
0       2.706462
2       4.387448
8       6.152856
7       6.816766
6       7.835678
3       9.260263
4      14.623258
5      16.917520
9     100.000000
Name: Score, dtype: float64

Results have been saved to 'pagerank_results_balanced.csv'
Combined Results:
                                          Subcategory  \
0                                     Topic Relevance   
1                    Comprehensiveness of Information   
2                             Accuracy of Information   
3                        Innovativeness of Viewpoints   
4       Integration of Interdisciplinary Perspectives   
5                        Clarity of Logical Structure   
6               Reasonableness of Chapter Arrangement   
7              Quality of Introduction and Conclusion   
8              Accuracy and Completeness of Citations   
9              Timeliness and Relevance of References   
10   Avoidance of Plagiarism and Appropriate Citation   
11             Critical Analysis of Existing Research   
12   Proposal of New Research Directions or Questions   
13                Potential Contribution to the Field   
14             Clarity of Research Method Description   
15                    Rationality of Method Selection   
16                           Rigor of Research Design   
17               Inclusion of Latest Research Results   
18            Reflection of Current Research Hotspots   
19                     Fluency of Language Expression   
20    Appropriateness of Professional Terminology Use   
21                          Conciseness of Expression   
22  Practical Application Potential of Research Re...   
23                Feasibility of Proposed Suggestions   
24                             Logic of Argumentation   
25                   Multi-angle Analysis of Problems   
26  Identification and Discussion of Research Limi...   

    ICC (Intraclass Correlation Coefficient) ICC 95% Confidence Interval  \
0                                   0.427954                [0.33, 0.55]   
1                                   0.682244                [0.58, 0.78]   
2                                   0.464738                [0.36, 0.58]   
3                                   0.487442                 [0.38, 0.6]   
4                                   0.582275                [0.48, 0.69]   
5                                   0.714359                 [0.63, 0.8]   
6                                   0.622002                [0.52, 0.72]   
7                                   0.501837                [0.39, 0.62]   
8                                   0.547009                [0.45, 0.66]   
9                                   0.566126                [0.47, 0.67]   
10                                  0.351782                [0.26, 0.47]   
11                                  0.644051                [0.54, 0.75]   
12                                  0.414967                [0.31, 0.53]   
13                                  0.593364                 [0.49, 0.7]   
14                                  0.599655                  [0.5, 0.7]   
15                                  0.552443                [0.45, 0.66]   
16                                  0.536677                [0.44, 0.65]   
17                                  0.600955                  [0.5, 0.7]   
18                                  0.570510                [0.47, 0.68]   
19                                  0.477284                [0.38, 0.59]   
20                                  0.496502                [0.39, 0.61]   
21                                  0.412357                [0.31, 0.53]   
22                                  0.542652                [0.44, 0.65]   
23                                  0.423582                [0.32, 0.54]   
24                                  0.572787                [0.47, 0.68]   
25                                  0.581079                [0.48, 0.69]   
26                                  0.464042                [0.36, 0.58]   

    Transitivity Consistency Ratio (%)  
0                            44.117647  
1                            75.925926  
2                            23.076923  
3                            75.510204  
4                            75.700935  
5                            62.857143  
6                            71.428571  
7                            73.451327  
8                            40.816327  
9                            69.444444  
10                           36.000000  
11                           75.510204  
12                           73.287671  
13                           74.285714  
14                           50.000000  
15                           73.333333  
16                           70.408163  
17                           69.444444  
18                           76.190476  
19                           57.142857  
20                           65.151515  
21                           68.867925  
22                           75.572519  
23                           78.358209  
24                           71.052632  
25                           74.603175  
26                           69.902913  

Results have been saved to 'reliability_analysis.csv'
