Author
10     0.027066
6     14.403381
8     24.180457
4     24.330960
5     30.072502
2     53.950914
1     83.561340
7     83.652450
0     87.317971
3     93.012050
9     97.559763
Name: Score, dtype: float64

Results have been saved to 'pagerank_results_balanced.csv'
Combined Results:
                                          Subcategory  \
0                                     Topic Relevance   
1                    Comprehensiveness of Information   
2                             Accuracy of Information   
3                        Innovativeness of Viewpoints   
4       Integration of Interdisciplinary Perspectives   
5                        Clarity of Logical Structure   
6               Reasonableness of Chapter Arrangement   
7              Quality of Introduction and Conclusion   
8              Accuracy and Completeness of Citations   
9              Timeliness and Relevance of References   
10   Avoidance of Plagiarism and Appropriate Citation   
11             Critical Analysis of Existing Research   
12   Proposal of New Research Directions or Questions   
13                Potential Contribution to the Field   
14             Clarity of Research Method Description   
15                    Rationality of Method Selection   
16                           Rigor of Research Design   
17               Inclusion of Latest Research Results   
18            Reflection of Current Research Hotspots   
19                     Fluency of Language Expression   
20    Appropriateness of Professional Terminology Use   
21                          Conciseness of Expression   
22  Practical Application Potential of Research Re...   
23                Feasibility of Proposed Suggestions   
24                             Logic of Argumentation   
25                   Multi-angle Analysis of Problems   
26  Identification and Discussion of Research Limi...   

    ICC (Intraclass Correlation Coefficient) ICC 95% Confidence Interval  \
0                                   0.550649                [0.44, 0.67]   
1                                   0.875785                [0.83, 0.92]   
2                                   0.432434                [0.33, 0.55]   
3                                   0.653032                [0.54, 0.76]   
4                                   0.738207                [0.66, 0.82]   
5                                   0.827790                [0.77, 0.88]   
6                                   0.809668                [0.74, 0.87]   
7                                   0.560084                [0.46, 0.67]   
8                                   0.562185                [0.46, 0.67]   
9                                   0.718161                 [0.63, 0.8]   
10                                  0.176241                 [0.1, 0.28]   
11                                  0.661959                [0.56, 0.76]   
12                                  0.630326                [0.53, 0.73]   
13                                  0.666823                [0.57, 0.76]   
14                                  0.710220                [0.62, 0.79]   
15                                  0.707373                [0.62, 0.79]   
16                                  0.721201                 [0.64, 0.8]   
17                                  0.731219                [0.65, 0.81]   
18                                  0.743588                [0.66, 0.82]   
19                                  0.666317                [0.57, 0.76]   
20                                  0.600342                  [0.5, 0.7]   
21                                  0.557598                [0.46, 0.67]   
22                                  0.678613                [0.58, 0.77]   
23                                  0.587158                [0.48, 0.69]   
24                                  0.690648                 [0.6, 0.78]   
25                                  0.723438                 [0.64, 0.8]   
26                                  0.666694                [0.57, 0.76]   

    Transitivity Consistency Ratio (%)  
0                            84.242424  
1                            78.181818  
2                            87.272727  
3                            83.030303  
4                            76.969697  
5                            78.181818  
6                            78.181818  
7                            78.787879  
8                            82.424242  
9                            78.181818  
10                           84.242424  
11                           76.969697  
12                           81.818182  
13                           76.363636  
14                           76.363636  
15                           77.575758  
16                           76.363636  
17                           78.181818  
18                           78.181818  
19                           76.969697  
20                           79.393939  
21                           76.969697  
22                           76.363636  
23                           76.969697  
24                           77.575758  
25                           77.575758  
26                           78.181818  

Results have been saved to 'reliability_analysis.csv'
Author
10     0.027066
6     14.403381
8     24.180457
4     24.330960
5     30.072502
2     53.950914
1     83.561340
7     83.652450
0     87.317971
3     93.012050
9     97.559763
Name: Score, dtype: float64

Results have been saved to 'pagerank_results_balanced.csv'
Combined Results:
                                          Subcategory  \
0                                     Topic Relevance   
1                    Comprehensiveness of Information   
2                             Accuracy of Information   
3                        Innovativeness of Viewpoints   
4       Integration of Interdisciplinary Perspectives   
5                        Clarity of Logical Structure   
6               Reasonableness of Chapter Arrangement   
7              Quality of Introduction and Conclusion   
8              Accuracy and Completeness of Citations   
9              Timeliness and Relevance of References   
10   Avoidance of Plagiarism and Appropriate Citation   
11             Critical Analysis of Existing Research   
12   Proposal of New Research Directions or Questions   
13                Potential Contribution to the Field   
14             Clarity of Research Method Description   
15                    Rationality of Method Selection   
16                           Rigor of Research Design   
17               Inclusion of Latest Research Results   
18            Reflection of Current Research Hotspots   
19                     Fluency of Language Expression   
20    Appropriateness of Professional Terminology Use   
21                          Conciseness of Expression   
22  Practical Application Potential of Research Re...   
23                Feasibility of Proposed Suggestions   
24                             Logic of Argumentation   
25                   Multi-angle Analysis of Problems   
26  Identification and Discussion of Research Limi...   

    ICC (Intraclass Correlation Coefficient) ICC 95% Confidence Interval  \
0                                   0.550649                [0.44, 0.67]   
1                                   0.875785                [0.83, 0.92]   
2                                   0.432434                [0.33, 0.55]   
3                                   0.653032                [0.54, 0.76]   
4                                   0.738207                [0.66, 0.82]   
5                                   0.827790                [0.77, 0.88]   
6                                   0.809668                [0.74, 0.87]   
7                                   0.560084                [0.46, 0.67]   
8                                   0.562185                [0.46, 0.67]   
9                                   0.718161                 [0.63, 0.8]   
10                                  0.176241                 [0.1, 0.28]   
11                                  0.661959                [0.56, 0.76]   
12                                  0.630326                [0.53, 0.73]   
13                                  0.666823                [0.57, 0.76]   
14                                  0.710220                [0.62, 0.79]   
15                                  0.707373                [0.62, 0.79]   
16                                  0.721201                 [0.64, 0.8]   
17                                  0.731219                [0.65, 0.81]   
18                                  0.743588                [0.66, 0.82]   
19                                  0.666317                [0.57, 0.76]   
20                                  0.600342                  [0.5, 0.7]   
21                                  0.557598                [0.46, 0.67]   
22                                  0.678613                [0.58, 0.77]   
23                                  0.587158                [0.48, 0.69]   
24                                  0.690648                 [0.6, 0.78]   
25                                  0.723438                 [0.64, 0.8]   
26                                  0.666694                [0.57, 0.76]   

    Transitivity Consistency Ratio (%)  
0                            84.242424  
1                            78.181818  
2                            87.272727  
3                            83.030303  
4                            76.969697  
5                            78.181818  
6                            78.181818  
7                            78.787879  
8                            82.424242  
9                            78.181818  
10                           84.242424  
11                           76.969697  
12                           81.818182  
13                           76.363636  
14                           76.363636  
15                           77.575758  
16                           76.363636  
17                           78.181818  
18                           78.181818  
19                           76.969697  
20                           79.393939  
21                           76.969697  
22                           76.363636  
23                           76.969697  
24                           77.575758  
25                           77.575758  
26                           78.181818  

Results have been saved to 'reliability_analysis.csv'
Author
10     0.065885
6     10.950712
4     20.666629
8     21.433609
5     24.053231
2     44.459589
7     81.997703
1     83.894352
0     86.706213
3     92.845967
9     98.533204
Name: Score, dtype: float64

Results have been saved to 'pagerank_results_balanced.csv'
Combined Results:
                                          Subcategory  \
0                                     Topic Relevance   
1                    Comprehensiveness of Information   
2                             Accuracy of Information   
3                        Innovativeness of Viewpoints   
4       Integration of Interdisciplinary Perspectives   
5                        Clarity of Logical Structure   
6               Reasonableness of Chapter Arrangement   
7              Quality of Introduction and Conclusion   
8              Accuracy and Completeness of Citations   
9              Timeliness and Relevance of References   
10   Avoidance of Plagiarism and Appropriate Citation   
11             Critical Analysis of Existing Research   
12   Proposal of New Research Directions or Questions   
13                Potential Contribution to the Field   
14             Clarity of Research Method Description   
15                    Rationality of Method Selection   
16                           Rigor of Research Design   
17               Inclusion of Latest Research Results   
18            Reflection of Current Research Hotspots   
19                     Fluency of Language Expression   
20    Appropriateness of Professional Terminology Use   
21                          Conciseness of Expression   
22  Practical Application Potential of Research Re...   
23                Feasibility of Proposed Suggestions   
24                             Logic of Argumentation   
25                   Multi-angle Analysis of Problems   
26  Identification and Discussion of Research Limi...   

    ICC (Intraclass Correlation Coefficient) ICC 95% Confidence Interval  \
0                                   0.550649                [0.44, 0.67]   
1                                   0.875785                [0.83, 0.92]   
2                                   0.432434                [0.33, 0.55]   
3                                   0.653032                [0.54, 0.76]   
4                                   0.738207                [0.66, 0.82]   
5                                   0.827790                [0.77, 0.88]   
6                                   0.809668                [0.74, 0.87]   
7                                   0.560084                [0.46, 0.67]   
8                                   0.562185                [0.46, 0.67]   
9                                   0.718161                 [0.63, 0.8]   
10                                  0.176241                 [0.1, 0.28]   
11                                  0.661959                [0.56, 0.76]   
12                                  0.630326                [0.53, 0.73]   
13                                  0.666823                [0.57, 0.76]   
14                                  0.710220                [0.62, 0.79]   
15                                  0.707373                [0.62, 0.79]   
16                                  0.721201                 [0.64, 0.8]   
17                                  0.731219                [0.65, 0.81]   
18                                  0.743588                [0.66, 0.82]   
19                                  0.666317                [0.57, 0.76]   
20                                  0.600342                  [0.5, 0.7]   
21                                  0.557598                [0.46, 0.67]   
22                                  0.678613                [0.58, 0.77]   
23                                  0.587158                [0.48, 0.69]   
24                                  0.690648                 [0.6, 0.78]   
25                                  0.723438                 [0.64, 0.8]   
26                                  0.666694                [0.57, 0.76]   

    Transitivity Consistency Ratio (%)  
0                            67.500000  
1                            78.181818  
2                            41.666667  
3                            83.030303  
4                            74.324324  
5                            75.510204  
6                            78.181818  
7                            78.787879  
8                            52.459016  
9                            78.181818  
10                           36.585366  
11                           76.969697  
12                           81.818182  
13                           76.363636  
14                           72.535211  
15                           75.657895  
16                           73.648649  
17                           78.181818  
18                           78.181818  
19                           73.972603  
20                           74.242424  
21                           76.969697  
22                           76.363636  
23                           76.969697  
24                           73.571429  
25                           77.575758  
26                           77.070064  

Results have been saved to 'reliability_analysis.csv'
Author
10     0.065885
6     10.950712
4     20.666629
8     21.433609
5     24.053231
2     44.459589
7     81.997703
1     83.894352
0     86.706213
3     92.845967
9     98.533204
Name: Score, dtype: float64

Results have been saved to 'pagerank_results_balanced.csv'
Combined Results:
                                          Subcategory  \
0                                     Topic Relevance   
1                    Comprehensiveness of Information   
2                             Accuracy of Information   
3                        Innovativeness of Viewpoints   
4       Integration of Interdisciplinary Perspectives   
5                        Clarity of Logical Structure   
6               Reasonableness of Chapter Arrangement   
7              Quality of Introduction and Conclusion   
8              Accuracy and Completeness of Citations   
9              Timeliness and Relevance of References   
10   Avoidance of Plagiarism and Appropriate Citation   
11             Critical Analysis of Existing Research   
12   Proposal of New Research Directions or Questions   
13                Potential Contribution to the Field   
14             Clarity of Research Method Description   
15                    Rationality of Method Selection   
16                           Rigor of Research Design   
17               Inclusion of Latest Research Results   
18            Reflection of Current Research Hotspots   
19                     Fluency of Language Expression   
20    Appropriateness of Professional Terminology Use   
21                          Conciseness of Expression   
22  Practical Application Potential of Research Re...   
23                Feasibility of Proposed Suggestions   
24                             Logic of Argumentation   
25                   Multi-angle Analysis of Problems   
26  Identification and Discussion of Research Limi...   

    ICC (Intraclass Correlation Coefficient) ICC 95% Confidence Interval  \
0                                   0.550649                [0.44, 0.67]   
1                                   0.875785                [0.83, 0.92]   
2                                   0.432434                [0.33, 0.55]   
3                                   0.653032                [0.54, 0.76]   
4                                   0.738207                [0.66, 0.82]   
5                                   0.827790                [0.77, 0.88]   
6                                   0.809668                [0.74, 0.87]   
7                                   0.560084                [0.46, 0.67]   
8                                   0.562185                [0.46, 0.67]   
9                                   0.718161                 [0.63, 0.8]   
10                                  0.176241                 [0.1, 0.28]   
11                                  0.661959                [0.56, 0.76]   
12                                  0.630326                [0.53, 0.73]   
13                                  0.666823                [0.57, 0.76]   
14                                  0.710220                [0.62, 0.79]   
15                                  0.707373                [0.62, 0.79]   
16                                  0.721201                 [0.64, 0.8]   
17                                  0.731219                [0.65, 0.81]   
18                                  0.743588                [0.66, 0.82]   
19                                  0.666317                [0.57, 0.76]   
20                                  0.600342                  [0.5, 0.7]   
21                                  0.557598                [0.46, 0.67]   
22                                  0.678613                [0.58, 0.77]   
23                                  0.587158                [0.48, 0.69]   
24                                  0.690648                 [0.6, 0.78]   
25                                  0.723438                 [0.64, 0.8]   
26                                  0.666694                [0.57, 0.76]   

    Transitivity Consistency Ratio (%)  
0                            67.500000  
1                            78.181818  
2                            41.666667  
3                            83.030303  
4                            74.324324  
5                            75.510204  
6                            78.181818  
7                            78.787879  
8                            52.459016  
9                            78.181818  
10                           36.585366  
11                           76.969697  
12                           81.818182  
13                           76.363636  
14                           72.535211  
15                           75.657895  
16                           73.648649  
17                           78.181818  
18                           78.181818  
19                           73.972603  
20                           74.242424  
21                           76.969697  
22                           76.363636  
23                           76.969697  
24                           73.571429  
25                           77.575758  
26                           77.070064  

Results have been saved to 'reliability_analysis.csv'
