Author
6       0.151553
7       0.822942
5       1.198214
0       1.539925
4       1.741851
2       4.479740
1       5.465936
8       5.732416
3       5.963369
10     29.591102
9     100.000000
Name: Score, dtype: float64

Results have been saved to 'pagerank_results_balanced.csv'
Combined Results:
                                          Subcategory  \
0                                     Topic Relevance   
1                    Comprehensiveness of Information   
2                             Accuracy of Information   
3                        Innovativeness of Viewpoints   
4       Integration of Interdisciplinary Perspectives   
5                        Clarity of Logical Structure   
6               Reasonableness of Chapter Arrangement   
7              Quality of Introduction and Conclusion   
8              Accuracy and Completeness of Citations   
9              Timeliness and Relevance of References   
10   Avoidance of Plagiarism and Appropriate Citation   
11             Critical Analysis of Existing Research   
12   Proposal of New Research Directions or Questions   
13                Potential Contribution to the Field   
14             Clarity of Research Method Description   
15                    Rationality of Method Selection   
16                           Rigor of Research Design   
17               Inclusion of Latest Research Results   
18            Reflection of Current Research Hotspots   
19                     Fluency of Language Expression   
20    Appropriateness of Professional Terminology Use   
21                          Conciseness of Expression   
22  Practical Application Potential of Research Re...   
23                Feasibility of Proposed Suggestions   
24                             Logic of Argumentation   
25                   Multi-angle Analysis of Problems   
26  Identification and Discussion of Research Limi...   

    ICC (Intraclass Correlation Coefficient) ICC 95% Confidence Interval  \
0                                   0.464960                [0.36, 0.58]   
1                                   0.829212                [0.77, 0.88]   
2                                   0.389079                [0.29, 0.51]   
3                                   0.778330                 [0.7, 0.85]   
4                                   0.834052                [0.78, 0.89]   
5                                   0.845726                [0.79, 0.89]   
6                                   0.816605                [0.75, 0.87]   
7                                   0.780725                [0.71, 0.85]   
8                                   0.426221                [0.33, 0.55]   
9                                   0.531066                [0.43, 0.64]   
10                                  0.234065                [0.15, 0.34]   
11                                  0.755059                [0.68, 0.83]   
12                                  0.635274                [0.54, 0.73]   
13                                  0.756906                [0.68, 0.83]   
14                                  0.711958                [0.63, 0.79]   
15                                  0.710125                [0.62, 0.79]   
16                                  0.710001                [0.62, 0.79]   
17                                  0.574468                [0.47, 0.68]   
18                                  0.648783                [0.55, 0.74]   
19                                  0.691777                 [0.6, 0.78]   
20                                  0.652395                [0.56, 0.75]   
21                                  0.647545                [0.55, 0.74]   
22                                  0.757228                [0.68, 0.83]   
23                                  0.667288                [0.57, 0.76]   
24                                  0.743543                [0.66, 0.82]   
25                                  0.762801                [0.69, 0.83]   
26                                  0.700991                [0.61, 0.79]   

    Transitivity Consistency Ratio (%)  
0                            90.909091  
1                            75.151515  
2                            90.909091  
3                            76.363636  
4                            78.181818  
5                            77.575758  
6                            76.969697  
7                            76.969697  
8                            80.606061  
9                            81.818182  
10                           90.909091  
11                           76.969697  
12                           75.151515  
13                           76.969697  
14                           80.606061  
15                           77.575758  
16                           83.636364  
17                           81.818182  
18                           80.000000  
19                           75.757576  
20                           75.757576  
21                           76.363636  
22                           75.757576  
23                           75.757576  
24                           74.545455  
25                           75.151515  
26                           76.969697  

Results have been saved to 'reliability_analysis.csv'
