Author
10     1.310112
4     15.267503
0     22.579070
8     26.963270
7     30.695083
3     36.583340
5     40.551438
6     48.895516
2     52.593987
1     53.596592
9     78.129323
Name: Score, dtype: float64

Results have been saved to 'pagerank_results_balanced.csv'
Combined Results:
                                          Subcategory  \
0                                     Topic Relevance   
1                    Comprehensiveness of Information   
2                             Accuracy of Information   
3                        Innovativeness of Viewpoints   
4       Integration of Interdisciplinary Perspectives   
5                        Clarity of Logical Structure   
6               Reasonableness of Chapter Arrangement   
7              Quality of Introduction and Conclusion   
8              Accuracy and Completeness of Citations   
9              Timeliness and Relevance of References   
10   Avoidance of Plagiarism and Appropriate Citation   
11             Critical Analysis of Existing Research   
12   Proposal of New Research Directions or Questions   
13                Potential Contribution to the Field   
14             Clarity of Research Method Description   
15                    Rationality of Method Selection   
16                           Rigor of Research Design   
17               Inclusion of Latest Research Results   
18            Reflection of Current Research Hotspots   
19                     Fluency of Language Expression   
20    Appropriateness of Professional Terminology Use   
21                          Conciseness of Expression   
22  Practical Application Potential of Research Re...   
23                Feasibility of Proposed Suggestions   
24                             Logic of Argumentation   
25                   Multi-angle Analysis of Problems   
26  Identification and Discussion of Research Limi...   

    ICC (Intraclass Correlation Coefficient) ICC 95% Confidence Interval  \
0                                   0.454492                [0.35, 0.57]   
1                                   0.740131                [0.66, 0.82]   
2                                   0.384114                 [0.29, 0.5]   
3                                   0.749070                [0.67, 0.82]   
4                                   0.717570                 [0.63, 0.8]   
5                                   0.696545                [0.61, 0.78]   
6                                   0.685415                 [0.6, 0.77]   
7                                   0.650072                [0.56, 0.74]   
8                                   0.544609                [0.44, 0.65]   
9                                   0.601687                  [0.5, 0.7]   
10                                  0.302918                [0.21, 0.42]   
11                                  0.706934                [0.62, 0.79]   
12                                  0.614264                [0.52, 0.72]   
13                                  0.697541                [0.61, 0.78]   
14                                  0.576836                [0.48, 0.68]   
15                                  0.579728                [0.48, 0.69]   
16                                  0.570573                [0.47, 0.68]   
17                                  0.624310                [0.53, 0.72]   
18                                  0.665783                [0.57, 0.76]   
19                                  0.617557                [0.52, 0.72]   
20                                  0.617046                [0.52, 0.72]   
21                                  0.595353                  [0.5, 0.7]   
22                                  0.685237                 [0.6, 0.77]   
23                                  0.610875                [0.51, 0.71]   
24                                  0.648503                [0.55, 0.74]   
25                                  0.668941                [0.58, 0.76]   
26                                  0.593647                 [0.49, 0.7]   

    Transitivity Consistency Ratio (%)  
0                            76.969697  
1                            78.787879  
2                            83.030303  
3                            78.181818  
4                            77.575758  
5                            78.181818  
6                            78.181818  
7                            78.181818  
8                            82.424242  
9                            76.363636  
10                           81.818182  
11                           78.181818  
12                           76.363636  
13                           78.181818  
14                           81.818182  
15                           75.757576  
16                           75.757576  
17                           76.363636  
18                           76.363636  
19                           78.181818  
20                           77.575758  
21                           78.181818  
22                           78.181818  
23                           78.181818  
24                           76.363636  
25                           76.969697  
26                           76.363636  

Results have been saved to 'reliability_analysis.csv'
Author
10      0.246979
0       1.504469
8       6.821123
4       7.275372
3      27.013888
7      27.149132
5      46.577141
6      49.302846
2      53.692639
1      66.008494
9     100.000000
Name: Score, dtype: float64

Results have been saved to 'pagerank_results_balanced.csv'
Combined Results:
                                          Subcategory  \
0                                     Topic Relevance   
1                    Comprehensiveness of Information   
2                             Accuracy of Information   
3                        Innovativeness of Viewpoints   
4       Integration of Interdisciplinary Perspectives   
5                        Clarity of Logical Structure   
6               Reasonableness of Chapter Arrangement   
7              Quality of Introduction and Conclusion   
8              Accuracy and Completeness of Citations   
9              Timeliness and Relevance of References   
10   Avoidance of Plagiarism and Appropriate Citation   
11             Critical Analysis of Existing Research   
12   Proposal of New Research Directions or Questions   
13                Potential Contribution to the Field   
14             Clarity of Research Method Description   
15                    Rationality of Method Selection   
16                           Rigor of Research Design   
17               Inclusion of Latest Research Results   
18            Reflection of Current Research Hotspots   
19                     Fluency of Language Expression   
20    Appropriateness of Professional Terminology Use   
21                          Conciseness of Expression   
22  Practical Application Potential of Research Re...   
23                Feasibility of Proposed Suggestions   
24                             Logic of Argumentation   
25                   Multi-angle Analysis of Problems   
26  Identification and Discussion of Research Limi...   

    ICC (Intraclass Correlation Coefficient) ICC 95% Confidence Interval  \
0                                   0.454492                [0.35, 0.57]   
1                                   0.740131                [0.66, 0.82]   
2                                   0.384114                 [0.29, 0.5]   
3                                   0.749070                [0.67, 0.82]   
4                                   0.717570                 [0.63, 0.8]   
5                                   0.696545                [0.61, 0.78]   
6                                   0.685415                 [0.6, 0.77]   
7                                   0.650072                [0.56, 0.74]   
8                                   0.544609                [0.44, 0.65]   
9                                   0.601687                  [0.5, 0.7]   
10                                  0.302918                [0.21, 0.42]   
11                                  0.706934                [0.62, 0.79]   
12                                  0.614264                [0.52, 0.72]   
13                                  0.697541                [0.61, 0.78]   
14                                  0.576836                [0.48, 0.68]   
15                                  0.579728                [0.48, 0.69]   
16                                  0.570573                [0.47, 0.68]   
17                                  0.624310                [0.53, 0.72]   
18                                  0.665783                [0.57, 0.76]   
19                                  0.617557                [0.52, 0.72]   
20                                  0.617046                [0.52, 0.72]   
21                                  0.595353                  [0.5, 0.7]   
22                                  0.685237                 [0.6, 0.77]   
23                                  0.610875                [0.51, 0.71]   
24                                  0.648503                [0.55, 0.74]   
25                                  0.668941                [0.58, 0.76]   
26                                  0.593647                 [0.49, 0.7]   

    Transitivity Consistency Ratio (%)  
0                            72.463768  
1                            78.787879  
2                            49.090909  
3                            78.181818  
4                            77.575758  
5                            78.181818  
6                            78.181818  
7                            78.181818  
8                            73.148148  
9                            76.363636  
10                           54.545455  
11                           78.181818  
12                           76.363636  
13                           78.181818  
14                           79.729730  
15                           75.757576  
16                           75.757576  
17                           76.363636  
18                           76.363636  
19                           78.181818  
20                           77.575758  
21                           78.181818  
22                           78.181818  
23                           78.181818  
24                           76.363636  
25                           76.969697  
26                           76.363636  

Results have been saved to 'reliability_analysis.csv'
Author
10      0.246979
0       1.504469
8       6.821123
4       7.275372
3      27.013888
7      27.149132
5      46.577141
6      49.302846
2      53.692639
1      66.008494
9     100.000000
Name: Score, dtype: float64

Results have been saved to 'pagerank_results_balanced.csv'
Combined Results:
                                          Subcategory  \
0                                     Topic Relevance   
1                    Comprehensiveness of Information   
2                             Accuracy of Information   
3                        Innovativeness of Viewpoints   
4       Integration of Interdisciplinary Perspectives   
5                        Clarity of Logical Structure   
6               Reasonableness of Chapter Arrangement   
7              Quality of Introduction and Conclusion   
8              Accuracy and Completeness of Citations   
9              Timeliness and Relevance of References   
10   Avoidance of Plagiarism and Appropriate Citation   
11             Critical Analysis of Existing Research   
12   Proposal of New Research Directions or Questions   
13                Potential Contribution to the Field   
14             Clarity of Research Method Description   
15                    Rationality of Method Selection   
16                           Rigor of Research Design   
17               Inclusion of Latest Research Results   
18            Reflection of Current Research Hotspots   
19                     Fluency of Language Expression   
20    Appropriateness of Professional Terminology Use   
21                          Conciseness of Expression   
22  Practical Application Potential of Research Re...   
23                Feasibility of Proposed Suggestions   
24                             Logic of Argumentation   
25                   Multi-angle Analysis of Problems   
26  Identification and Discussion of Research Limi...   

    ICC (Intraclass Correlation Coefficient) ICC 95% Confidence Interval  \
0                                   0.454492                [0.35, 0.57]   
1                                   0.740131                [0.66, 0.82]   
2                                   0.384114                 [0.29, 0.5]   
3                                   0.749070                [0.67, 0.82]   
4                                   0.717570                 [0.63, 0.8]   
5                                   0.696545                [0.61, 0.78]   
6                                   0.685415                 [0.6, 0.77]   
7                                   0.650072                [0.56, 0.74]   
8                                   0.544609                [0.44, 0.65]   
9                                   0.601687                  [0.5, 0.7]   
10                                  0.302918                [0.21, 0.42]   
11                                  0.706934                [0.62, 0.79]   
12                                  0.614264                [0.52, 0.72]   
13                                  0.697541                [0.61, 0.78]   
14                                  0.576836                [0.48, 0.68]   
15                                  0.579728                [0.48, 0.69]   
16                                  0.570573                [0.47, 0.68]   
17                                  0.624310                [0.53, 0.72]   
18                                  0.665783                [0.57, 0.76]   
19                                  0.617557                [0.52, 0.72]   
20                                  0.617046                [0.52, 0.72]   
21                                  0.595353                  [0.5, 0.7]   
22                                  0.685237                 [0.6, 0.77]   
23                                  0.610875                [0.51, 0.71]   
24                                  0.648503                [0.55, 0.74]   
25                                  0.668941                [0.58, 0.76]   
26                                  0.593647                 [0.49, 0.7]   

    Transitivity Consistency Ratio (%)  
0                            72.463768  
1                            78.787879  
2                            49.090909  
3                            78.181818  
4                            77.575758  
5                            78.181818  
6                            78.181818  
7                            78.181818  
8                            73.148148  
9                            76.363636  
10                           54.545455  
11                           78.181818  
12                           76.363636  
13                           78.181818  
14                           79.729730  
15                           75.757576  
16                           75.757576  
17                           76.363636  
18                           76.363636  
19                           78.181818  
20                           77.575758  
21                           78.181818  
22                           78.181818  
23                           78.181818  
24                           76.363636  
25                           76.969697  
26                           76.363636  

Results have been saved to 'reliability_analysis.csv'
