Author
2      0.028705
1     14.371880
6     17.125960
8     18.636941
3     25.896606
10    41.650633
7     49.841720
4     65.905013
9     84.011078
5     91.182782
0     99.835309
Name: Score, dtype: float64

Results have been saved to 'pagerank_results_balanced.csv'
Combined Results:
                                          Subcategory  \
0                                     Topic Relevance   
1                    Comprehensiveness of Information   
2                             Accuracy of Information   
3                        Innovativeness of Viewpoints   
4       Integration of Interdisciplinary Perspectives   
5                        Clarity of Logical Structure   
6               Reasonableness of Chapter Arrangement   
7              Quality of Introduction and Conclusion   
8              Accuracy and Completeness of Citations   
9              Timeliness and Relevance of References   
10   Avoidance of Plagiarism and Appropriate Citation   
11             Critical Analysis of Existing Research   
12   Proposal of New Research Directions or Questions   
13                Potential Contribution to the Field   
14             Clarity of Research Method Description   
15                    Rationality of Method Selection   
16                           Rigor of Research Design   
17               Inclusion of Latest Research Results   
18            Reflection of Current Research Hotspots   
19                     Fluency of Language Expression   
20    Appropriateness of Professional Terminology Use   
21                          Conciseness of Expression   
22  Practical Application Potential of Research Re...   
23                Feasibility of Proposed Suggestions   
24                             Logic of Argumentation   
25                   Multi-angle Analysis of Problems   
26  Identification and Discussion of Research Limi...   

    ICC (Intraclass Correlation Coefficient) ICC 95% Confidence Interval  \
0                                   0.608876                [0.51, 0.71]   
1                                   0.820132                [0.76, 0.88]   
2                                   0.505179                 [0.4, 0.62]   
3                                   0.764635                [0.69, 0.84]   
4                                   0.819672                [0.76, 0.88]   
5                                   0.771461                 [0.7, 0.84]   
6                                   0.764535                [0.69, 0.84]   
7                                   0.727980                [0.65, 0.81]   
8                                   0.525581                [0.42, 0.64]   
9                                   0.748643                [0.67, 0.82]   
10                                  0.491676                [0.39, 0.61]   
11                                  0.773752                 [0.7, 0.84]   
12                                  0.628089                [0.53, 0.73]   
13                                  0.764556                [0.69, 0.84]   
14                                  0.769335                [0.69, 0.84]   
15                                  0.770574                 [0.7, 0.84]   
16                                  0.772294                 [0.7, 0.84]   
17                                  0.754554                [0.68, 0.83]   
18                                  0.737353                [0.66, 0.81]   
19                                  0.670328                [0.58, 0.76]   
20                                  0.670875                [0.58, 0.76]   
21                                  0.630695                [0.54, 0.73]   
22                                  0.757664                [0.68, 0.83]   
23                                  0.610114                [0.51, 0.71]   
24                                  0.773336                 [0.7, 0.84]   
25                                  0.788088                [0.72, 0.85]   
26                                  0.762255                [0.69, 0.83]   

    Transitivity Consistency Ratio (%)  
0                            82.424242  
1                            81.818182  
2                            84.242424  
3                            81.212121  
4                            84.242424  
5                            83.636364  
6                            83.636364  
7                            86.666667  
8                            84.242424  
9                            85.454545  
10                           87.878788  
11                           82.424242  
12                           89.090909  
13                           82.424242  
14                           84.848485  
15                           85.454545  
16                           86.666667  
17                           85.454545  
18                           85.454545  
19                           86.666667  
20                           83.030303  
21                           84.242424  
22                           84.848485  
23                           83.636364  
24                           83.030303  
25                           83.030303  
26                           83.030303  

Results have been saved to 'reliability_analysis.csv'
Author
2     19.976283
10    22.410316
8     41.384382
6     44.405105
1     44.485976
3     51.081130
7     76.421779
0     78.190945
5     84.107306
4     87.069790
9     89.279180
Name: Score, dtype: float64

Results have been saved to 'pagerank_results_balanced.csv'
Combined Results:
                                          Subcategory  \
0                                     Topic Relevance   
1                    Comprehensiveness of Information   
2                             Accuracy of Information   
3                        Innovativeness of Viewpoints   
4       Integration of Interdisciplinary Perspectives   
5                        Clarity of Logical Structure   
6               Reasonableness of Chapter Arrangement   
7              Quality of Introduction and Conclusion   
8              Accuracy and Completeness of Citations   
9              Timeliness and Relevance of References   
10   Avoidance of Plagiarism and Appropriate Citation   
11             Critical Analysis of Existing Research   
12   Proposal of New Research Directions or Questions   
13                Potential Contribution to the Field   
14             Clarity of Research Method Description   
15                    Rationality of Method Selection   
16                           Rigor of Research Design   
17               Inclusion of Latest Research Results   
18            Reflection of Current Research Hotspots   
19                     Fluency of Language Expression   
20    Appropriateness of Professional Terminology Use   
21                          Conciseness of Expression   
22  Practical Application Potential of Research Re...   
23                Feasibility of Proposed Suggestions   
24                             Logic of Argumentation   
25                   Multi-angle Analysis of Problems   
26  Identification and Discussion of Research Limi...   

    ICC (Intraclass Correlation Coefficient) ICC 95% Confidence Interval  \
0                                   0.593631                 [0.49, 0.7]   
1                                   0.814314                [0.75, 0.87]   
2                                   0.538881                [0.44, 0.65]   
3                                   0.825693                [0.76, 0.88]   
4                                   0.843118                [0.79, 0.89]   
5                                   0.802809                [0.74, 0.86]   
6                                   0.794322                [0.73, 0.86]   
7                                   0.749995                [0.67, 0.82]   
8                                   0.678551                [0.59, 0.77]   
9                                   0.780308                [0.71, 0.85]   
10                                  0.443484                [0.34, 0.56]   
11                                  0.818283                [0.75, 0.88]   
12                                  0.762554                [0.69, 0.83]   
13                                  0.814047                [0.75, 0.87]   
14                                  0.784451                [0.71, 0.85]   
15                                  0.784524                [0.71, 0.85]   
16                                  0.767909                [0.69, 0.84]   
17                                  0.784819                [0.71, 0.85]   
18                                  0.825845                [0.76, 0.88]   
19                                  0.701246                [0.61, 0.79]   
20                                  0.734712                [0.65, 0.81]   
21                                  0.694257                [0.61, 0.78]   
22                                  0.799367                [0.73, 0.86]   
23                                  0.705775                [0.62, 0.79]   
24                                  0.796122                [0.73, 0.86]   
25                                  0.807649                [0.74, 0.87]   
26                                  0.764900                [0.69, 0.84]   

    Transitivity Consistency Ratio (%)  
0                            81.818182  
1                            81.212121  
2                            82.424242  
3                            83.030303  
4                            83.636364  
5                            85.454545  
6                            85.454545  
7                            85.454545  
8                            84.242424  
9                            85.454545  
10                           85.454545  
11                           82.424242  
12                           88.484848  
13                           83.636364  
14                           84.848485  
15                           85.454545  
16                           85.454545  
17                           85.454545  
18                           85.454545  
19                           85.454545  
20                           81.818182  
21                           85.454545  
22                           84.242424  
23                           83.030303  
24                           83.636364  
25                           83.636364  
26                           83.636364  

Results have been saved to 'reliability_analysis.csv'
Author
2     19.976283
10    22.410316
8     41.384382
6     44.405105
1     44.485976
3     51.081130
7     76.421779
0     78.190945
5     84.107306
4     87.069790
9     89.279180
Name: Score, dtype: float64

Results have been saved to 'pagerank_results_balanced.csv'
Combined Results:
                                          Subcategory  \
0                                     Topic Relevance   
1                    Comprehensiveness of Information   
2                             Accuracy of Information   
3                        Innovativeness of Viewpoints   
4       Integration of Interdisciplinary Perspectives   
5                        Clarity of Logical Structure   
6               Reasonableness of Chapter Arrangement   
7              Quality of Introduction and Conclusion   
8              Accuracy and Completeness of Citations   
9              Timeliness and Relevance of References   
10   Avoidance of Plagiarism and Appropriate Citation   
11             Critical Analysis of Existing Research   
12   Proposal of New Research Directions or Questions   
13                Potential Contribution to the Field   
14             Clarity of Research Method Description   
15                    Rationality of Method Selection   
16                           Rigor of Research Design   
17               Inclusion of Latest Research Results   
18            Reflection of Current Research Hotspots   
19                     Fluency of Language Expression   
20    Appropriateness of Professional Terminology Use   
21                          Conciseness of Expression   
22  Practical Application Potential of Research Re...   
23                Feasibility of Proposed Suggestions   
24                             Logic of Argumentation   
25                   Multi-angle Analysis of Problems   
26  Identification and Discussion of Research Limi...   

    ICC (Intraclass Correlation Coefficient) ICC 95% Confidence Interval  \
0                                   0.593631                 [0.49, 0.7]   
1                                   0.814314                [0.75, 0.87]   
2                                   0.538881                [0.44, 0.65]   
3                                   0.825693                [0.76, 0.88]   
4                                   0.843118                [0.79, 0.89]   
5                                   0.802809                [0.74, 0.86]   
6                                   0.794322                [0.73, 0.86]   
7                                   0.749995                [0.67, 0.82]   
8                                   0.678551                [0.59, 0.77]   
9                                   0.780308                [0.71, 0.85]   
10                                  0.443484                [0.34, 0.56]   
11                                  0.818283                [0.75, 0.88]   
12                                  0.762554                [0.69, 0.83]   
13                                  0.814047                [0.75, 0.87]   
14                                  0.784451                [0.71, 0.85]   
15                                  0.784524                [0.71, 0.85]   
16                                  0.767909                [0.69, 0.84]   
17                                  0.784819                [0.71, 0.85]   
18                                  0.825845                [0.76, 0.88]   
19                                  0.701246                [0.61, 0.79]   
20                                  0.734712                [0.65, 0.81]   
21                                  0.694257                [0.61, 0.78]   
22                                  0.799367                [0.73, 0.86]   
23                                  0.705775                [0.62, 0.79]   
24                                  0.796122                [0.73, 0.86]   
25                                  0.807649                [0.74, 0.87]   
26                                  0.764900                [0.69, 0.84]   

    Transitivity Consistency Ratio (%)  
0                            81.818182  
1                            81.212121  
2                            82.424242  
3                            83.030303  
4                            83.636364  
5                            85.454545  
6                            85.454545  
7                            85.454545  
8                            84.242424  
9                            85.454545  
10                           85.454545  
11                           82.424242  
12                           88.484848  
13                           83.636364  
14                           84.848485  
15                           85.454545  
16                           85.454545  
17                           85.454545  
18                           85.454545  
19                           85.454545  
20                           81.818182  
21                           85.454545  
22                           84.242424  
23                           83.030303  
24                           83.636364  
25                           83.636364  
26                           83.636364  

Results have been saved to 'reliability_analysis.csv'
Author
10     0.133579
2      8.155475
6     41.462061
8     42.646117
1     43.231865
3     52.324648
7     80.568012
4     87.406294
9     95.724962
5     97.067245
0     99.706091
Name: Score, dtype: float64

Results have been saved to 'pagerank_results_balanced.csv'
Combined Results:
                                          Subcategory  \
0                                     Topic Relevance   
1                    Comprehensiveness of Information   
2                             Accuracy of Information   
3                        Innovativeness of Viewpoints   
4       Integration of Interdisciplinary Perspectives   
5                        Clarity of Logical Structure   
6               Reasonableness of Chapter Arrangement   
7              Quality of Introduction and Conclusion   
8              Accuracy and Completeness of Citations   
9              Timeliness and Relevance of References   
10   Avoidance of Plagiarism and Appropriate Citation   
11             Critical Analysis of Existing Research   
12   Proposal of New Research Directions or Questions   
13                Potential Contribution to the Field   
14             Clarity of Research Method Description   
15                    Rationality of Method Selection   
16                           Rigor of Research Design   
17               Inclusion of Latest Research Results   
18            Reflection of Current Research Hotspots   
19                     Fluency of Language Expression   
20    Appropriateness of Professional Terminology Use   
21                          Conciseness of Expression   
22  Practical Application Potential of Research Re...   
23                Feasibility of Proposed Suggestions   
24                             Logic of Argumentation   
25                   Multi-angle Analysis of Problems   
26  Identification and Discussion of Research Limi...   

    ICC (Intraclass Correlation Coefficient) ICC 95% Confidence Interval  \
0                                   0.593631                 [0.49, 0.7]   
1                                   0.814314                [0.75, 0.87]   
2                                   0.538881                [0.44, 0.65]   
3                                   0.825693                [0.76, 0.88]   
4                                   0.843118                [0.79, 0.89]   
5                                   0.802809                [0.74, 0.86]   
6                                   0.794322                [0.73, 0.86]   
7                                   0.749995                [0.67, 0.82]   
8                                   0.678551                [0.59, 0.77]   
9                                   0.780308                [0.71, 0.85]   
10                                  0.443484                [0.34, 0.56]   
11                                  0.818283                [0.75, 0.88]   
12                                  0.762554                [0.69, 0.83]   
13                                  0.814047                [0.75, 0.87]   
14                                  0.784451                [0.71, 0.85]   
15                                  0.784524                [0.71, 0.85]   
16                                  0.767909                [0.69, 0.84]   
17                                  0.784819                [0.71, 0.85]   
18                                  0.825845                [0.76, 0.88]   
19                                  0.701246                [0.61, 0.79]   
20                                  0.734712                [0.65, 0.81]   
21                                  0.694257                [0.61, 0.78]   
22                                  0.799367                [0.73, 0.86]   
23                                  0.705775                [0.62, 0.79]   
24                                  0.796122                [0.73, 0.86]   
25                                  0.807649                [0.74, 0.87]   
26                                  0.764900                [0.69, 0.84]   

    Transitivity Consistency Ratio (%)  
0                            63.855422  
1                            80.981595  
2                            64.197531  
3                            83.030303  
4                            83.636364  
5                            85.454545  
6                            85.454545  
7                            85.454545  
8                            76.785714  
9                            85.454545  
10                           66.666667  
11                           82.424242  
12                           88.484848  
13                           83.636364  
14                           84.848485  
15                           85.454545  
16                           85.454545  
17                           85.454545  
18                           85.454545  
19                           85.454545  
20                           81.481481  
21                           85.454545  
22                           84.242424  
23                           83.030303  
24                           83.636364  
25                           83.636364  
26                           83.636364  

Results have been saved to 'reliability_analysis.csv'
Author
10     0.133579
2      8.155475
6     41.462061
8     42.646117
1     43.231865
3     52.324648
7     80.568012
4     87.406294
9     95.724962
5     97.067245
0     99.706091
Name: Score, dtype: float64

Results have been saved to 'pagerank_results_balanced.csv'
Combined Results:
                                          Subcategory  \
0                                     Topic Relevance   
1                    Comprehensiveness of Information   
2                             Accuracy of Information   
3                        Innovativeness of Viewpoints   
4       Integration of Interdisciplinary Perspectives   
5                        Clarity of Logical Structure   
6               Reasonableness of Chapter Arrangement   
7              Quality of Introduction and Conclusion   
8              Accuracy and Completeness of Citations   
9              Timeliness and Relevance of References   
10   Avoidance of Plagiarism and Appropriate Citation   
11             Critical Analysis of Existing Research   
12   Proposal of New Research Directions or Questions   
13                Potential Contribution to the Field   
14             Clarity of Research Method Description   
15                    Rationality of Method Selection   
16                           Rigor of Research Design   
17               Inclusion of Latest Research Results   
18            Reflection of Current Research Hotspots   
19                     Fluency of Language Expression   
20    Appropriateness of Professional Terminology Use   
21                          Conciseness of Expression   
22  Practical Application Potential of Research Re...   
23                Feasibility of Proposed Suggestions   
24                             Logic of Argumentation   
25                   Multi-angle Analysis of Problems   
26  Identification and Discussion of Research Limi...   

    ICC (Intraclass Correlation Coefficient) ICC 95% Confidence Interval  \
0                                   0.593631                 [0.49, 0.7]   
1                                   0.814314                [0.75, 0.87]   
2                                   0.538881                [0.44, 0.65]   
3                                   0.825693                [0.76, 0.88]   
4                                   0.843118                [0.79, 0.89]   
5                                   0.802809                [0.74, 0.86]   
6                                   0.794322                [0.73, 0.86]   
7                                   0.749995                [0.67, 0.82]   
8                                   0.678551                [0.59, 0.77]   
9                                   0.780308                [0.71, 0.85]   
10                                  0.443484                [0.34, 0.56]   
11                                  0.818283                [0.75, 0.88]   
12                                  0.762554                [0.69, 0.83]   
13                                  0.814047                [0.75, 0.87]   
14                                  0.784451                [0.71, 0.85]   
15                                  0.784524                [0.71, 0.85]   
16                                  0.767909                [0.69, 0.84]   
17                                  0.784819                [0.71, 0.85]   
18                                  0.825845                [0.76, 0.88]   
19                                  0.701246                [0.61, 0.79]   
20                                  0.734712                [0.65, 0.81]   
21                                  0.694257                [0.61, 0.78]   
22                                  0.799367                [0.73, 0.86]   
23                                  0.705775                [0.62, 0.79]   
24                                  0.796122                [0.73, 0.86]   
25                                  0.807649                [0.74, 0.87]   
26                                  0.764900                [0.69, 0.84]   

    Transitivity Consistency Ratio (%)  
0                            63.855422  
1                            80.981595  
2                            64.197531  
3                            83.030303  
4                            83.636364  
5                            85.454545  
6                            85.454545  
7                            85.454545  
8                            76.785714  
9                            85.454545  
10                           66.666667  
11                           82.424242  
12                           88.484848  
13                           83.636364  
14                           84.848485  
15                           85.454545  
16                           85.454545  
17                           85.454545  
18                           85.454545  
19                           85.454545  
20                           81.481481  
21                           85.454545  
22                           84.242424  
23                           83.030303  
24                           83.636364  
25                           83.636364  
26                           83.636364  

Results have been saved to 'reliability_analysis.csv'
