Author
7      0.259413
1      1.332372
3      1.697275
0      4.382593
2      6.381942
4      6.922796
6      8.122257
8     26.165960
10    53.121346
5     78.104355
9     99.995879
Name: Score, dtype: float64

Results have been saved to 'pagerank_results_balanced.csv'
Combined Results:
                                          Subcategory  \
0                                     Topic Relevance   
1                    Comprehensiveness of Information   
2                             Accuracy of Information   
3                        Innovativeness of Viewpoints   
4       Integration of Interdisciplinary Perspectives   
5                        Clarity of Logical Structure   
6               Reasonableness of Chapter Arrangement   
7              Quality of Introduction and Conclusion   
8              Accuracy and Completeness of Citations   
9              Timeliness and Relevance of References   
10   Avoidance of Plagiarism and Appropriate Citation   
11             Critical Analysis of Existing Research   
12   Proposal of New Research Directions or Questions   
13                Potential Contribution to the Field   
14             Clarity of Research Method Description   
15                    Rationality of Method Selection   
16                           Rigor of Research Design   
17               Inclusion of Latest Research Results   
18            Reflection of Current Research Hotspots   
19                     Fluency of Language Expression   
20    Appropriateness of Professional Terminology Use   
21                          Conciseness of Expression   
22  Practical Application Potential of Research Re...   
23                Feasibility of Proposed Suggestions   
24                             Logic of Argumentation   
25                   Multi-angle Analysis of Problems   
26  Identification and Discussion of Research Limi...   

    ICC (Intraclass Correlation Coefficient) ICC 95% Confidence Interval  \
0                                   0.427634                [0.33, 0.55]   
1                                   0.890200                [0.85, 0.93]   
2                                   0.405402                [0.31, 0.52]   
3                                   0.747105                [0.67, 0.82]   
4                                   0.858648                 [0.81, 0.9]   
5                                   0.863659                [0.81, 0.91]   
6                                   0.850011                  [0.8, 0.9]   
7                                   0.804046                [0.74, 0.86]   
8                                   0.486160                 [0.38, 0.6]   
9                                   0.635933                [0.54, 0.73]   
10                                  0.287466                  [0.2, 0.4]   
11                                  0.797639                [0.73, 0.86]   
12                                  0.585576                [0.49, 0.69]   
13                                  0.772303                 [0.7, 0.84]   
14                                  0.824330                [0.76, 0.88]   
15                                  0.820550                [0.76, 0.88]   
16                                  0.797281                [0.73, 0.86]   
17                                  0.656993                [0.56, 0.75]   
18                                  0.718344                 [0.63, 0.8]   
19                                  0.773178                 [0.7, 0.84]   
20                                  0.751559                [0.67, 0.83]   
21                                  0.705270                [0.62, 0.79]   
22                                  0.746656                [0.67, 0.82]   
23                                  0.566702                [0.47, 0.67]   
24                                  0.823207                [0.76, 0.88]   
25                                  0.825298                [0.76, 0.88]   
26                                  0.805659                [0.74, 0.87]   

    Transitivity Consistency Ratio (%)  
0                            94.545455  
1                            73.333333  
2                            94.545455  
3                            76.969697  
4                            75.151515  
5                            76.969697  
6                            76.969697  
7                            74.545455  
8                            87.272727  
9                            74.545455  
10                           94.545455  
11                           73.333333  
12                           73.333333  
13                           73.333333  
14                           74.545455  
15                           74.545455  
16                           74.545455  
17                           78.787879  
18                           78.787879  
19                           76.969697  
20                           73.333333  
21                           76.969697  
22                           73.333333  
23                           73.333333  
24                           75.151515  
25                           72.727273  
26                           72.727273  

Results have been saved to 'reliability_analysis.csv'
Author
10     0.000000
7     13.621115
1     18.924231
3     20.235287
0     33.895184
2     39.159556
4     41.563992
6     44.997810
8     66.751674
5     90.339860
9     99.952208
Name: Score, dtype: float64

Results have been saved to 'pagerank_results_balanced.csv'
Combined Results:
                                          Subcategory  \
0                                     Topic Relevance   
1                    Comprehensiveness of Information   
2                             Accuracy of Information   
3                        Innovativeness of Viewpoints   
4       Integration of Interdisciplinary Perspectives   
5                        Clarity of Logical Structure   
6               Reasonableness of Chapter Arrangement   
7              Quality of Introduction and Conclusion   
8              Accuracy and Completeness of Citations   
9              Timeliness and Relevance of References   
10   Avoidance of Plagiarism and Appropriate Citation   
11             Critical Analysis of Existing Research   
12   Proposal of New Research Directions or Questions   
13                Potential Contribution to the Field   
14             Clarity of Research Method Description   
15                    Rationality of Method Selection   
16                           Rigor of Research Design   
17               Inclusion of Latest Research Results   
18            Reflection of Current Research Hotspots   
19                     Fluency of Language Expression   
20    Appropriateness of Professional Terminology Use   
21                          Conciseness of Expression   
22  Practical Application Potential of Research Re...   
23                Feasibility of Proposed Suggestions   
24                             Logic of Argumentation   
25                   Multi-angle Analysis of Problems   
26  Identification and Discussion of Research Limi...   

    ICC (Intraclass Correlation Coefficient) ICC 95% Confidence Interval  \
0                                   0.455042                [0.35, 0.58]   
1                                   0.883417                [0.84, 0.92]   
2                                   0.393834                 [0.3, 0.51]   
3                                   0.772539                 [0.7, 0.84]   
4                                   0.854286                  [0.8, 0.9]   
5                                   0.872681                [0.82, 0.91]   
6                                   0.859472                 [0.81, 0.9]   
7                                   0.805279                [0.74, 0.87]   
8                                   0.576409                [0.48, 0.68]   
9                                   0.747468                [0.67, 0.82]   
10                                  0.312840                [0.22, 0.43]   
11                                  0.819658                [0.76, 0.88]   
12                                  0.709281                [0.62, 0.79]   
13                                  0.809421                [0.74, 0.87]   
14                                  0.751596                [0.67, 0.83]   
15                                  0.752146                [0.67, 0.83]   
16                                  0.735820                [0.65, 0.81]   
17                                  0.778500                [0.71, 0.85]   
18                                  0.836518                [0.78, 0.89]   
19                                  0.774025                 [0.7, 0.84]   
20                                  0.741678                [0.66, 0.82]   
21                                  0.698087                [0.61, 0.78]   
22                                  0.778015                [0.71, 0.85]   
23                                  0.600941                  [0.5, 0.7]   
24                                  0.820788                [0.76, 0.88]   
25                                  0.825666                [0.76, 0.88]   
26                                  0.749989                [0.67, 0.82]   

    Transitivity Consistency Ratio (%)  
0                            94.545455  
1                            75.151515  
2                            95.151515  
3                            82.424242  
4                            75.151515  
5                            77.575758  
6                            77.575758  
7                            76.363636  
8                            86.060606  
9                            74.545455  
10                           94.545455  
11                           77.575758  
12                           78.181818  
13                           77.575758  
14                           75.757576  
15                           76.363636  
16                           76.363636  
17                           76.969697  
18                           76.969697  
19                           77.575758  
20                           75.151515  
21                           77.575758  
22                           77.575758  
23                           77.575758  
24                           76.363636  
25                           75.757576  
26                           75.757576  

Results have been saved to 'reliability_analysis.csv'
Author
10     0.000000
7     13.621115
1     18.924231
3     20.235287
0     33.895184
2     39.159556
4     41.563992
6     44.997810
8     66.751674
5     90.339860
9     99.952208
Name: Score, dtype: float64

Results have been saved to 'pagerank_results_balanced.csv'
Combined Results:
                                          Subcategory  \
0                                     Topic Relevance   
1                    Comprehensiveness of Information   
2                             Accuracy of Information   
3                        Innovativeness of Viewpoints   
4       Integration of Interdisciplinary Perspectives   
5                        Clarity of Logical Structure   
6               Reasonableness of Chapter Arrangement   
7              Quality of Introduction and Conclusion   
8              Accuracy and Completeness of Citations   
9              Timeliness and Relevance of References   
10   Avoidance of Plagiarism and Appropriate Citation   
11             Critical Analysis of Existing Research   
12   Proposal of New Research Directions or Questions   
13                Potential Contribution to the Field   
14             Clarity of Research Method Description   
15                    Rationality of Method Selection   
16                           Rigor of Research Design   
17               Inclusion of Latest Research Results   
18            Reflection of Current Research Hotspots   
19                     Fluency of Language Expression   
20    Appropriateness of Professional Terminology Use   
21                          Conciseness of Expression   
22  Practical Application Potential of Research Re...   
23                Feasibility of Proposed Suggestions   
24                             Logic of Argumentation   
25                   Multi-angle Analysis of Problems   
26  Identification and Discussion of Research Limi...   

    ICC (Intraclass Correlation Coefficient) ICC 95% Confidence Interval  \
0                                   0.455042                [0.35, 0.58]   
1                                   0.883417                [0.84, 0.92]   
2                                   0.393834                 [0.3, 0.51]   
3                                   0.772539                 [0.7, 0.84]   
4                                   0.854286                  [0.8, 0.9]   
5                                   0.872681                [0.82, 0.91]   
6                                   0.859472                 [0.81, 0.9]   
7                                   0.805279                [0.74, 0.87]   
8                                   0.576409                [0.48, 0.68]   
9                                   0.747468                [0.67, 0.82]   
10                                  0.312840                [0.22, 0.43]   
11                                  0.819658                [0.76, 0.88]   
12                                  0.709281                [0.62, 0.79]   
13                                  0.809421                [0.74, 0.87]   
14                                  0.751596                [0.67, 0.83]   
15                                  0.752146                [0.67, 0.83]   
16                                  0.735820                [0.65, 0.81]   
17                                  0.778500                [0.71, 0.85]   
18                                  0.836518                [0.78, 0.89]   
19                                  0.774025                 [0.7, 0.84]   
20                                  0.741678                [0.66, 0.82]   
21                                  0.698087                [0.61, 0.78]   
22                                  0.778015                [0.71, 0.85]   
23                                  0.600941                  [0.5, 0.7]   
24                                  0.820788                [0.76, 0.88]   
25                                  0.825666                [0.76, 0.88]   
26                                  0.749989                [0.67, 0.82]   

    Transitivity Consistency Ratio (%)  
0                            94.545455  
1                            75.151515  
2                            95.151515  
3                            82.424242  
4                            75.151515  
5                            77.575758  
6                            77.575758  
7                            76.363636  
8                            86.060606  
9                            74.545455  
10                           94.545455  
11                           77.575758  
12                           78.181818  
13                           77.575758  
14                           75.757576  
15                           76.363636  
16                           76.363636  
17                           76.969697  
18                           76.969697  
19                           77.575758  
20                           75.151515  
21                           77.575758  
22                           77.575758  
23                           77.575758  
24                           76.363636  
25                           75.757576  
26                           75.757576  

Results have been saved to 'reliability_analysis.csv'
Author
10     0.000000
7     12.425327
1     16.510992
3     19.249137
0     36.851265
2     42.603216
4     46.887540
6     47.892205
8     72.108580
5     88.219459
9     99.889911
Name: Score, dtype: float64

Results have been saved to 'pagerank_results_balanced.csv'
Combined Results:
                                          Subcategory  \
0                                     Topic Relevance   
1                    Comprehensiveness of Information   
2                             Accuracy of Information   
3                        Innovativeness of Viewpoints   
4       Integration of Interdisciplinary Perspectives   
5                        Clarity of Logical Structure   
6               Reasonableness of Chapter Arrangement   
7              Quality of Introduction and Conclusion   
8              Accuracy and Completeness of Citations   
9              Timeliness and Relevance of References   
10   Avoidance of Plagiarism and Appropriate Citation   
11             Critical Analysis of Existing Research   
12   Proposal of New Research Directions or Questions   
13                Potential Contribution to the Field   
14             Clarity of Research Method Description   
15                    Rationality of Method Selection   
16                           Rigor of Research Design   
17               Inclusion of Latest Research Results   
18            Reflection of Current Research Hotspots   
19                     Fluency of Language Expression   
20    Appropriateness of Professional Terminology Use   
21                          Conciseness of Expression   
22  Practical Application Potential of Research Re...   
23                Feasibility of Proposed Suggestions   
24                             Logic of Argumentation   
25                   Multi-angle Analysis of Problems   
26  Identification and Discussion of Research Limi...   

    ICC (Intraclass Correlation Coefficient) ICC 95% Confidence Interval  \
0                                   0.455042                [0.35, 0.58]   
1                                   0.883417                [0.84, 0.92]   
2                                   0.393834                 [0.3, 0.51]   
3                                   0.772539                 [0.7, 0.84]   
4                                   0.854286                  [0.8, 0.9]   
5                                   0.872681                [0.82, 0.91]   
6                                   0.859472                 [0.81, 0.9]   
7                                   0.805279                [0.74, 0.87]   
8                                   0.576409                [0.48, 0.68]   
9                                   0.747468                [0.67, 0.82]   
10                                  0.312840                [0.22, 0.43]   
11                                  0.819658                [0.76, 0.88]   
12                                  0.709281                [0.62, 0.79]   
13                                  0.809421                [0.74, 0.87]   
14                                  0.751596                [0.67, 0.83]   
15                                  0.752146                [0.67, 0.83]   
16                                  0.735820                [0.65, 0.81]   
17                                  0.778500                [0.71, 0.85]   
18                                  0.836518                [0.78, 0.89]   
19                                  0.774025                 [0.7, 0.84]   
20                                  0.741678                [0.66, 0.82]   
21                                  0.698087                [0.61, 0.78]   
22                                  0.778015                [0.71, 0.85]   
23                                  0.600941                  [0.5, 0.7]   
24                                  0.820788                [0.76, 0.88]   
25                                  0.825666                [0.76, 0.88]   
26                                  0.749989                [0.67, 0.82]   

    Transitivity Consistency Ratio (%)  
0                             0.000000  
1                            74.534161  
2                            11.111111  
3                            81.410256  
4                            74.375000  
5                            77.575758  
6                            77.575758  
7                            76.363636  
8                            28.125000  
9                            73.750000  
10                            0.000000  
11                           77.575758  
12                           78.181818  
13                           77.575758  
14                           75.000000  
15                           76.363636  
16                           76.363636  
17                           76.969697  
18                           76.969697  
19                           77.575758  
20                           72.666667  
21                           77.575758  
22                           77.575758  
23                           77.575758  
24                           75.625000  
25                           75.757576  
26                           75.757576  

Results have been saved to 'reliability_analysis.csv'
Author
10     0.000000
7     12.425327
1     16.510992
3     19.249137
0     36.851265
2     42.603216
4     46.887540
6     47.892205
8     72.108580
5     88.219459
9     99.889911
Name: Score, dtype: float64

Results have been saved to 'pagerank_results_balanced.csv'
Combined Results:
                                          Subcategory  \
0                                     Topic Relevance   
1                    Comprehensiveness of Information   
2                             Accuracy of Information   
3                        Innovativeness of Viewpoints   
4       Integration of Interdisciplinary Perspectives   
5                        Clarity of Logical Structure   
6               Reasonableness of Chapter Arrangement   
7              Quality of Introduction and Conclusion   
8              Accuracy and Completeness of Citations   
9              Timeliness and Relevance of References   
10   Avoidance of Plagiarism and Appropriate Citation   
11             Critical Analysis of Existing Research   
12   Proposal of New Research Directions or Questions   
13                Potential Contribution to the Field   
14             Clarity of Research Method Description   
15                    Rationality of Method Selection   
16                           Rigor of Research Design   
17               Inclusion of Latest Research Results   
18            Reflection of Current Research Hotspots   
19                     Fluency of Language Expression   
20    Appropriateness of Professional Terminology Use   
21                          Conciseness of Expression   
22  Practical Application Potential of Research Re...   
23                Feasibility of Proposed Suggestions   
24                             Logic of Argumentation   
25                   Multi-angle Analysis of Problems   
26  Identification and Discussion of Research Limi...   

    ICC (Intraclass Correlation Coefficient) ICC 95% Confidence Interval  \
0                                   0.455042                [0.35, 0.58]   
1                                   0.883417                [0.84, 0.92]   
2                                   0.393834                 [0.3, 0.51]   
3                                   0.772539                 [0.7, 0.84]   
4                                   0.854286                  [0.8, 0.9]   
5                                   0.872681                [0.82, 0.91]   
6                                   0.859472                 [0.81, 0.9]   
7                                   0.805279                [0.74, 0.87]   
8                                   0.576409                [0.48, 0.68]   
9                                   0.747468                [0.67, 0.82]   
10                                  0.312840                [0.22, 0.43]   
11                                  0.819658                [0.76, 0.88]   
12                                  0.709281                [0.62, 0.79]   
13                                  0.809421                [0.74, 0.87]   
14                                  0.751596                [0.67, 0.83]   
15                                  0.752146                [0.67, 0.83]   
16                                  0.735820                [0.65, 0.81]   
17                                  0.778500                [0.71, 0.85]   
18                                  0.836518                [0.78, 0.89]   
19                                  0.774025                 [0.7, 0.84]   
20                                  0.741678                [0.66, 0.82]   
21                                  0.698087                [0.61, 0.78]   
22                                  0.778015                [0.71, 0.85]   
23                                  0.600941                  [0.5, 0.7]   
24                                  0.820788                [0.76, 0.88]   
25                                  0.825666                [0.76, 0.88]   
26                                  0.749989                [0.67, 0.82]   

    Transitivity Consistency Ratio (%)  
0                             0.000000  
1                            74.534161  
2                            11.111111  
3                            81.410256  
4                            74.375000  
5                            77.575758  
6                            77.575758  
7                            76.363636  
8                            28.125000  
9                            73.750000  
10                            0.000000  
11                           77.575758  
12                           78.181818  
13                           77.575758  
14                           75.000000  
15                           76.363636  
16                           76.363636  
17                           76.969697  
18                           76.969697  
19                           77.575758  
20                           72.666667  
21                           77.575758  
22                           77.575758  
23                           77.575758  
24                           75.625000  
25                           75.757576  
26                           75.757576  

Results have been saved to 'reliability_analysis.csv'
