Author
1      0.103947
10     3.790812
2     10.268567
0     12.261123
3     24.035020
4     37.724688
5     44.091706
7     54.835972
8     75.544234
6     92.039136
9     99.999677
Name: Score, dtype: float64

Results have been saved to 'pagerank_results_balanced.csv'
Combined Results:
                                          Subcategory  \
0                                     Topic Relevance   
1                    Comprehensiveness of Information   
2                             Accuracy of Information   
3                        Innovativeness of Viewpoints   
4       Integration of Interdisciplinary Perspectives   
5                        Clarity of Logical Structure   
6               Reasonableness of Chapter Arrangement   
7              Quality of Introduction and Conclusion   
8              Accuracy and Completeness of Citations   
9              Timeliness and Relevance of References   
10   Avoidance of Plagiarism and Appropriate Citation   
11             Critical Analysis of Existing Research   
12   Proposal of New Research Directions or Questions   
13                Potential Contribution to the Field   
14             Clarity of Research Method Description   
15                    Rationality of Method Selection   
16                           Rigor of Research Design   
17               Inclusion of Latest Research Results   
18            Reflection of Current Research Hotspots   
19                     Fluency of Language Expression   
20    Appropriateness of Professional Terminology Use   
21                          Conciseness of Expression   
22  Practical Application Potential of Research Re...   
23                Feasibility of Proposed Suggestions   
24                             Logic of Argumentation   
25                   Multi-angle Analysis of Problems   
26  Identification and Discussion of Research Limi...   

    ICC (Intraclass Correlation Coefficient) ICC 95% Confidence Interval  \
0                                   0.364387                [0.27, 0.48]   
1                                   0.595488                  [0.5, 0.7]   
2                                   0.338879                [0.24, 0.46]   
3                                   0.621514                [0.53, 0.72]   
4                                   0.584532                [0.49, 0.69]   
5                                   0.545917                [0.44, 0.66]   
6                                   0.525513                [0.42, 0.64]   
7                                   0.457018                [0.36, 0.58]   
8                                   0.481593                 [0.38, 0.6]   
9                                   0.594407                  [0.5, 0.7]   
10                                  0.321288                [0.23, 0.44]   
11                                  0.596459                  [0.5, 0.7]   
12                                  0.474590                [0.37, 0.59]   
13                                  0.581909                [0.48, 0.69]   
14                                  0.516242                [0.41, 0.63]   
15                                  0.527494                [0.43, 0.64]   
16                                  0.492670                [0.39, 0.61]   
17                                  0.575068                [0.48, 0.68]   
18                                  0.577053                [0.48, 0.68]   
19                                  0.466857                [0.37, 0.58]   
20                                  0.469520                [0.37, 0.59]   
21                                  0.479995                 [0.38, 0.6]   
22                                  0.543287                [0.44, 0.65]   
23                                  0.508713                [0.41, 0.62]   
24                                  0.514324                [0.41, 0.63]   
25                                  0.528980                [0.43, 0.64]   
26                                  0.511249                [0.41, 0.63]   

    Transitivity Consistency Ratio (%)  
0                            80.606061  
1                            81.212121  
2                            81.212121  
3                            80.000000  
4                            81.212121  
5                            76.969697  
6                            75.151515  
7                            76.969697  
8                            81.212121  
9                            80.000000  
10                           81.818182  
11                           80.000000  
12                           80.000000  
13                           80.000000  
14                           84.848485  
15                           84.848485  
16                           84.848485  
17                           80.000000  
18                           80.000000  
19                           78.181818  
20                           80.000000  
21                           80.000000  
22                           80.000000  
23                           80.000000  
24                           80.000000  
25                           81.818182  
26                           81.818182  

Results have been saved to 'reliability_analysis.csv'
Author
1       0.221920
10      1.979225
2       7.309392
0      10.751770
3      17.183703
4      31.461853
5      38.620445
7      51.981701
8      73.595723
6      91.453033
9     100.000000
Name: Score, dtype: float64

Results have been saved to 'pagerank_results_balanced.csv'
Combined Results:
                                          Subcategory  \
0                                     Topic Relevance   
1                    Comprehensiveness of Information   
2                             Accuracy of Information   
3                        Innovativeness of Viewpoints   
4       Integration of Interdisciplinary Perspectives   
5                        Clarity of Logical Structure   
6               Reasonableness of Chapter Arrangement   
7              Quality of Introduction and Conclusion   
8              Accuracy and Completeness of Citations   
9              Timeliness and Relevance of References   
10   Avoidance of Plagiarism and Appropriate Citation   
11             Critical Analysis of Existing Research   
12   Proposal of New Research Directions or Questions   
13                Potential Contribution to the Field   
14             Clarity of Research Method Description   
15                    Rationality of Method Selection   
16                           Rigor of Research Design   
17               Inclusion of Latest Research Results   
18            Reflection of Current Research Hotspots   
19                     Fluency of Language Expression   
20    Appropriateness of Professional Terminology Use   
21                          Conciseness of Expression   
22  Practical Application Potential of Research Re...   
23                Feasibility of Proposed Suggestions   
24                             Logic of Argumentation   
25                   Multi-angle Analysis of Problems   
26  Identification and Discussion of Research Limi...   

    ICC (Intraclass Correlation Coefficient) ICC 95% Confidence Interval  \
0                                   0.364387                [0.27, 0.48]   
1                                   0.595488                  [0.5, 0.7]   
2                                   0.338879                [0.24, 0.46]   
3                                   0.621514                [0.53, 0.72]   
4                                   0.584532                [0.49, 0.69]   
5                                   0.545917                [0.44, 0.66]   
6                                   0.525513                [0.42, 0.64]   
7                                   0.457018                [0.36, 0.58]   
8                                   0.481593                 [0.38, 0.6]   
9                                   0.594407                  [0.5, 0.7]   
10                                  0.321288                [0.23, 0.44]   
11                                  0.596459                  [0.5, 0.7]   
12                                  0.474590                [0.37, 0.59]   
13                                  0.581909                [0.48, 0.69]   
14                                  0.516242                [0.41, 0.63]   
15                                  0.527494                [0.43, 0.64]   
16                                  0.492670                [0.39, 0.61]   
17                                  0.575068                [0.48, 0.68]   
18                                  0.577053                [0.48, 0.68]   
19                                  0.466857                [0.37, 0.58]   
20                                  0.469520                [0.37, 0.59]   
21                                  0.479995                 [0.38, 0.6]   
22                                  0.543287                [0.44, 0.65]   
23                                  0.508713                [0.41, 0.62]   
24                                  0.514324                [0.41, 0.63]   
25                                  0.528980                [0.43, 0.64]   
26                                  0.511249                [0.41, 0.63]   

    Transitivity Consistency Ratio (%)  
0                            78.947368  
1                            81.212121  
2                            71.028037  
3                            80.000000  
4                            81.212121  
5                            76.969697  
6                            75.151515  
7                            76.969697  
8                            77.372263  
9                            80.000000  
10                           73.684211  
11                           80.000000  
12                           80.000000  
13                           80.000000  
14                           84.848485  
15                           84.848485  
16                           84.848485  
17                           80.000000  
18                           80.000000  
19                           77.215190  
20                           80.000000  
21                           80.000000  
22                           80.000000  
23                           80.000000  
24                           79.503106  
25                           81.818182  
26                           81.818182  

Results have been saved to 'reliability_analysis.csv'
Author
1       0.221920
10      1.979225
2       7.309392
0      10.751770
3      17.183703
4      31.461853
5      38.620445
7      51.981701
8      73.595723
6      91.453033
9     100.000000
Name: Score, dtype: float64

Results have been saved to 'pagerank_results_balanced.csv'
Combined Results:
                                          Subcategory  \
0                                     Topic Relevance   
1                    Comprehensiveness of Information   
2                             Accuracy of Information   
3                        Innovativeness of Viewpoints   
4       Integration of Interdisciplinary Perspectives   
5                        Clarity of Logical Structure   
6               Reasonableness of Chapter Arrangement   
7              Quality of Introduction and Conclusion   
8              Accuracy and Completeness of Citations   
9              Timeliness and Relevance of References   
10   Avoidance of Plagiarism and Appropriate Citation   
11             Critical Analysis of Existing Research   
12   Proposal of New Research Directions or Questions   
13                Potential Contribution to the Field   
14             Clarity of Research Method Description   
15                    Rationality of Method Selection   
16                           Rigor of Research Design   
17               Inclusion of Latest Research Results   
18            Reflection of Current Research Hotspots   
19                     Fluency of Language Expression   
20    Appropriateness of Professional Terminology Use   
21                          Conciseness of Expression   
22  Practical Application Potential of Research Re...   
23                Feasibility of Proposed Suggestions   
24                             Logic of Argumentation   
25                   Multi-angle Analysis of Problems   
26  Identification and Discussion of Research Limi...   

    ICC (Intraclass Correlation Coefficient) ICC 95% Confidence Interval  \
0                                   0.364387                [0.27, 0.48]   
1                                   0.595488                  [0.5, 0.7]   
2                                   0.338879                [0.24, 0.46]   
3                                   0.621514                [0.53, 0.72]   
4                                   0.584532                [0.49, 0.69]   
5                                   0.545917                [0.44, 0.66]   
6                                   0.525513                [0.42, 0.64]   
7                                   0.457018                [0.36, 0.58]   
8                                   0.481593                 [0.38, 0.6]   
9                                   0.594407                  [0.5, 0.7]   
10                                  0.321288                [0.23, 0.44]   
11                                  0.596459                  [0.5, 0.7]   
12                                  0.474590                [0.37, 0.59]   
13                                  0.581909                [0.48, 0.69]   
14                                  0.516242                [0.41, 0.63]   
15                                  0.527494                [0.43, 0.64]   
16                                  0.492670                [0.39, 0.61]   
17                                  0.575068                [0.48, 0.68]   
18                                  0.577053                [0.48, 0.68]   
19                                  0.466857                [0.37, 0.58]   
20                                  0.469520                [0.37, 0.59]   
21                                  0.479995                 [0.38, 0.6]   
22                                  0.543287                [0.44, 0.65]   
23                                  0.508713                [0.41, 0.62]   
24                                  0.514324                [0.41, 0.63]   
25                                  0.528980                [0.43, 0.64]   
26                                  0.511249                [0.41, 0.63]   

    Transitivity Consistency Ratio (%)  
0                            78.947368  
1                            81.212121  
2                            71.028037  
3                            80.000000  
4                            81.212121  
5                            76.969697  
6                            75.151515  
7                            76.969697  
8                            77.372263  
9                            80.000000  
10                           73.684211  
11                           80.000000  
12                           80.000000  
13                           80.000000  
14                           84.848485  
15                           84.848485  
16                           84.848485  
17                           80.000000  
18                           80.000000  
19                           77.215190  
20                           80.000000  
21                           80.000000  
22                           80.000000  
23                           80.000000  
24                           79.503106  
25                           81.818182  
26                           81.818182  

Results have been saved to 'reliability_analysis.csv'
