Author
4       0.162046
7       0.370171
6       7.177712
3      21.958890
2      22.994870
5      35.424250
1      37.170753
10     38.714152
8      45.780800
0      72.568614
9     100.000000
Name: Score, dtype: float64

Results have been saved to 'pagerank_results_balanced.csv'
Combined Results:
                                          Subcategory  \
0                                     Topic Relevance   
1                    Comprehensiveness of Information   
2                             Accuracy of Information   
3                        Innovativeness of Viewpoints   
4       Integration of Interdisciplinary Perspectives   
5                        Clarity of Logical Structure   
6               Reasonableness of Chapter Arrangement   
7              Quality of Introduction and Conclusion   
8              Accuracy and Completeness of Citations   
9              Timeliness and Relevance of References   
10   Avoidance of Plagiarism and Appropriate Citation   
11             Critical Analysis of Existing Research   
12   Proposal of New Research Directions or Questions   
13                Potential Contribution to the Field   
14             Clarity of Research Method Description   
15                    Rationality of Method Selection   
16                           Rigor of Research Design   
17               Inclusion of Latest Research Results   
18            Reflection of Current Research Hotspots   
19                     Fluency of Language Expression   
20    Appropriateness of Professional Terminology Use   
21                          Conciseness of Expression   
22  Practical Application Potential of Research Re...   
23                Feasibility of Proposed Suggestions   
24                             Logic of Argumentation   
25                   Multi-angle Analysis of Problems   
26  Identification and Discussion of Research Limi...   

    ICC (Intraclass Correlation Coefficient) ICC 95% Confidence Interval  \
0                                   0.315570                [0.22, 0.43]   
1                                   0.676355                [0.57, 0.77]   
2                                   0.177069                [0.11, 0.28]   
3                                   0.668117                [0.56, 0.77]   
4                                   0.761109                [0.68, 0.83]   
5                                   0.706297                [0.62, 0.79]   
6                                   0.706549                [0.62, 0.79]   
7                                   0.625678                [0.53, 0.72]   
8                                   0.331263                [0.24, 0.45]   
9                                   0.732173                [0.65, 0.81]   
10                                  0.268713                [0.18, 0.38]   
11                                  0.690331                [0.59, 0.78]   
12                                  0.652154                [0.56, 0.75]   
13                                  0.704486                [0.61, 0.79]   
14                                  0.538104                [0.43, 0.65]   
15                                  0.540860                [0.44, 0.65]   
16                                  0.563425                [0.46, 0.67]   
17                                  0.723759                 [0.64, 0.8]   
18                                  0.720930                 [0.64, 0.8]   
19                                  0.643066                [0.55, 0.74]   
20                                  0.538134                [0.43, 0.65]   
21                                  0.641662                [0.54, 0.74]   
22                                  0.682014                [0.59, 0.77]   
23                                  0.485308                 [0.38, 0.6]   
24                                  0.669828                [0.57, 0.76]   
25                                  0.711008                [0.62, 0.79]   
26                                  0.681236                [0.59, 0.77]   

    Transitivity Consistency Ratio (%)  
0                            88.484848  
1                            84.848485  
2                            90.303030  
3                            83.636364  
4                            83.636364  
5                            80.606061  
6                            81.818182  
7                            81.212121  
8                            81.818182  
9                            81.212121  
10                           93.333333  
11                           83.636364  
12                           81.818182  
13                           83.636364  
14                           81.818182  
15                           80.000000  
16                           81.818182  
17                           81.212121  
18                           80.000000  
19                           80.000000  
20                           80.606061  
21                           80.000000  
22                           83.636364  
23                           81.818182  
24                           81.212121  
25                           85.454545  
26                           83.636364  

Results have been saved to 'reliability_analysis.csv'
