Author
0       0.165436
1       0.250434
2       0.878070
8       2.288197
6       3.670861
3       3.945003
7       4.825776
5      13.669832
4      14.189096
10     65.901764
9     100.000000
Name: Score, dtype: float64

Results have been saved to 'pagerank_results_balanced.csv'
Combined Results:
                                          Subcategory  \
0                                     Topic Relevance   
1                    Comprehensiveness of Information   
2                             Accuracy of Information   
3                        Innovativeness of Viewpoints   
4       Integration of Interdisciplinary Perspectives   
5                        Clarity of Logical Structure   
6               Reasonableness of Chapter Arrangement   
7              Quality of Introduction and Conclusion   
8              Accuracy and Completeness of Citations   
9              Timeliness and Relevance of References   
10   Avoidance of Plagiarism and Appropriate Citation   
11             Critical Analysis of Existing Research   
12   Proposal of New Research Directions or Questions   
13                Potential Contribution to the Field   
14             Clarity of Research Method Description   
15                    Rationality of Method Selection   
16                           Rigor of Research Design   
17               Inclusion of Latest Research Results   
18            Reflection of Current Research Hotspots   
19                     Fluency of Language Expression   
20    Appropriateness of Professional Terminology Use   
21                          Conciseness of Expression   
22  Practical Application Potential of Research Re...   
23                Feasibility of Proposed Suggestions   
24                             Logic of Argumentation   
25                   Multi-angle Analysis of Problems   
26  Identification and Discussion of Research Limi...   

    ICC (Intraclass Correlation Coefficient) ICC 95% Confidence Interval  \
0                                   0.475818                 [0.37, 0.6]   
1                                   0.789792                 [0.7, 0.86]   
2                                   0.543099                [0.44, 0.65]   
3                                   0.502360                 [0.4, 0.62]   
4                                   0.791530                [0.72, 0.86]   
5                                   0.814985                [0.75, 0.87]   
6                                   0.742475                [0.65, 0.82]   
7                                   0.626642                [0.51, 0.73]   
8                                   0.354927                [0.26, 0.47]   
9                                   0.361166                [0.26, 0.48]   
10                                  0.302420                [0.21, 0.42]   
11                                  0.689995                [0.59, 0.78]   
12                                  0.348599                [0.25, 0.47]   
13                                  0.644611                [0.55, 0.74]   
14                                  0.721177                 [0.64, 0.8]   
15                                  0.705893                [0.62, 0.79]   
16                                  0.706756                [0.62, 0.79]   
17                                  0.374092                [0.28, 0.49]   
18                                  0.592742                 [0.49, 0.7]   
19                                  0.671070                [0.58, 0.76]   
20                                  0.646728                [0.55, 0.74]   
21                                  0.580639                [0.48, 0.69]   
22                                  0.666084                [0.56, 0.76]   
23                                  0.297678                [0.21, 0.41]   
24                                  0.716162                 [0.63, 0.8]   
25                                  0.706673                [0.61, 0.79]   
26                                  0.666749                [0.57, 0.76]   

    Transitivity Consistency Ratio (%)  
0                            82.424242  
1                            79.393939  
2                            84.848485  
3                            75.757576  
4                            78.787879  
5                            81.212121  
6                            77.575758  
7                            77.575758  
8                            84.848485  
9                            81.818182  
10                           90.303030  
11                           74.545455  
12                           75.151515  
13                           76.363636  
14                           81.212121  
15                           79.393939  
16                           79.393939  
17                           81.818182  
18                           78.787879  
19                           78.787879  
20                           83.030303  
21                           80.000000  
22                           78.787879  
23                           76.969697  
24                           79.393939  
25                           78.787879  
26                           79.393939  

Results have been saved to 'reliability_analysis.csv'
