Author
0      1.628844
1      1.886087
8      3.700187
6      4.194179
7      4.461411
2     19.957781
3     28.936419
4     56.219408
5     62.935714
10    77.764294
9     92.965577
Name: Score, dtype: float64

Results have been saved to 'pagerank_results_balanced.csv'
Combined Results:
                                          Subcategory  \
0                                     Topic Relevance   
1                    Comprehensiveness of Information   
2                             Accuracy of Information   
3                        Innovativeness of Viewpoints   
4       Integration of Interdisciplinary Perspectives   
5                        Clarity of Logical Structure   
6               Reasonableness of Chapter Arrangement   
7              Quality of Introduction and Conclusion   
8              Accuracy and Completeness of Citations   
9              Timeliness and Relevance of References   
10   Avoidance of Plagiarism and Appropriate Citation   
11             Critical Analysis of Existing Research   
12   Proposal of New Research Directions or Questions   
13                Potential Contribution to the Field   
14             Clarity of Research Method Description   
15                    Rationality of Method Selection   
16                           Rigor of Research Design   
17               Inclusion of Latest Research Results   
18            Reflection of Current Research Hotspots   
19                     Fluency of Language Expression   
20    Appropriateness of Professional Terminology Use   
21                          Conciseness of Expression   
22  Practical Application Potential of Research Re...   
23                Feasibility of Proposed Suggestions   
24                             Logic of Argumentation   
25                   Multi-angle Analysis of Problems   
26  Identification and Discussion of Research Limi...   

    ICC (Intraclass Correlation Coefficient) ICC 95% Confidence Interval  \
0                                   0.193284                 [0.12, 0.3]   
1                                   0.840922                [0.78, 0.89]   
2                                   0.341061                [0.25, 0.46]   
3                                   0.362700                [0.26, 0.48]   
4                                   0.843674                [0.79, 0.89]   
5                                   0.754843                [0.68, 0.83]   
6                                   0.792181                [0.72, 0.86]   
7                                   0.637186                [0.54, 0.73]   
8                                   0.368532                [0.27, 0.49]   
9                                   0.607104                [0.51, 0.71]   
10                                  0.133885                [0.07, 0.23]   
11                                  0.432403                [0.33, 0.55]   
12                                  0.301377                [0.21, 0.42]   
13                                  0.390743                [0.29, 0.51]   
14                                  0.549521                [0.45, 0.66]   
15                                  0.587593                [0.49, 0.69]   
16                                  0.590115                [0.49, 0.69]   
17                                  0.590045                 [0.49, 0.7]   
18                                  0.610177                [0.51, 0.71]   
19                                  0.633607                [0.54, 0.73]   
20                                  0.670827                [0.58, 0.76]   
21                                  0.621831                [0.53, 0.72]   
22                                  0.391350                [0.29, 0.51]   
23                                  0.337929                [0.24, 0.46]   
24                                  0.546609                [0.45, 0.66]   
25                                  0.771787                 [0.7, 0.84]   
26                                  0.488073                 [0.39, 0.6]   

    Transitivity Consistency Ratio (%)  
0                            96.363636  
1                            79.393939  
2                            92.121212  
3                            82.424242  
4                            83.636364  
5                            80.606061  
6                            83.636364  
7                            81.212121  
8                            91.515152  
9                            84.848485  
10                           96.969697  
11                           87.878788  
12                           81.818182  
13                           79.393939  
14                           77.575758  
15                           76.969697  
16                           76.969697  
17                           84.848485  
18                           84.848485  
19                           77.575758  
20                           78.181818  
21                           81.818182  
22                           80.606061  
23                           78.787879  
24                           83.030303  
25                           77.575758  
26                           81.212121  

Results have been saved to 'reliability_analysis.csv'
