Author
0      0.385298
10     3.194300
4     11.911572
5     19.151925
2     21.075498
3     26.741030
7     34.473431
1     47.398839
8     47.715223
6     68.808624
9     99.981640
Name: Score, dtype: float64

Results have been saved to 'pagerank_results_balanced.csv'
Combined Results:
                                          Subcategory  \
0                                     Topic Relevance   
1                    Comprehensiveness of Information   
2                             Accuracy of Information   
3                        Innovativeness of Viewpoints   
4       Integration of Interdisciplinary Perspectives   
5                        Clarity of Logical Structure   
6               Reasonableness of Chapter Arrangement   
7              Quality of Introduction and Conclusion   
8              Accuracy and Completeness of Citations   
9              Timeliness and Relevance of References   
10   Avoidance of Plagiarism and Appropriate Citation   
11             Critical Analysis of Existing Research   
12   Proposal of New Research Directions or Questions   
13                Potential Contribution to the Field   
14             Clarity of Research Method Description   
15                    Rationality of Method Selection   
16                           Rigor of Research Design   
17               Inclusion of Latest Research Results   
18            Reflection of Current Research Hotspots   
19                     Fluency of Language Expression   
20    Appropriateness of Professional Terminology Use   
21                          Conciseness of Expression   
22  Practical Application Potential of Research Re...   
23                Feasibility of Proposed Suggestions   
24                             Logic of Argumentation   
25                   Multi-angle Analysis of Problems   
26  Identification and Discussion of Research Limi...   

    ICC (Intraclass Correlation Coefficient) ICC 95% Confidence Interval  \
0                                   0.469934                [0.37, 0.59]   
1                                   0.699804                [0.61, 0.79]   
2                                   0.292798                 [0.2, 0.41]   
3                                   0.454632                [0.35, 0.57]   
4                                   0.642041                [0.55, 0.74]   
5                                   0.619098                [0.52, 0.72]   
6                                   0.663127                [0.57, 0.76]   
7                                   0.529516                [0.43, 0.64]   
8                                   0.328978                [0.24, 0.45]   
9                                   0.454300                [0.35, 0.57]   
10                                  0.184206                [0.11, 0.29]   
11                                  0.584059                [0.48, 0.69]   
12                                  0.397648                 [0.3, 0.52]   
13                                  0.565401                [0.47, 0.67]   
14                                  0.595624                  [0.5, 0.7]   
15                                  0.623908                [0.53, 0.72]   
16                                  0.604069                [0.51, 0.71]   
17                                  0.453603                [0.35, 0.57]   
18                                  0.546996                [0.45, 0.66]   
19                                  0.511989                [0.41, 0.63]   
20                                  0.513857                [0.41, 0.63]   
21                                  0.553847                [0.45, 0.66]   
22                                  0.590733                 [0.49, 0.7]   
23                                  0.503597                 [0.4, 0.62]   
24                                  0.592635                 [0.49, 0.7]   
25                                  0.614808                [0.52, 0.72]   
26                                  0.575807                [0.48, 0.68]   

    Transitivity Consistency Ratio (%)  
0                            84.848485  
1                            83.636364  
2                            89.696970  
3                            86.060606  
4                            84.242424  
5                            84.242424  
6                            83.030303  
7                            84.242424  
8                            83.636364  
9                            82.424242  
10                           87.272727  
11                           85.454545  
12                           84.848485  
13                           80.606061  
14                           84.848485  
15                           83.636364  
16                           84.848485  
17                           82.424242  
18                           81.212121  
19                           83.636364  
20                           82.424242  
21                           82.424242  
22                           80.606061  
23                           84.848485  
24                           82.424242  
25                           82.424242  
26                           83.030303  

Results have been saved to 'reliability_analysis.csv'
Author
0      0.338653
10     1.958998
4      9.593800
5     14.789168
2     18.356062
3     22.393508
7     29.138082
1     43.131186
8     52.564770
6     68.405519
9     99.976754
Name: Score, dtype: float64

Results have been saved to 'pagerank_results_balanced.csv'
Combined Results:
                                          Subcategory  \
0                                     Topic Relevance   
1                    Comprehensiveness of Information   
2                             Accuracy of Information   
3                        Innovativeness of Viewpoints   
4       Integration of Interdisciplinary Perspectives   
5                        Clarity of Logical Structure   
6               Reasonableness of Chapter Arrangement   
7              Quality of Introduction and Conclusion   
8              Accuracy and Completeness of Citations   
9              Timeliness and Relevance of References   
10   Avoidance of Plagiarism and Appropriate Citation   
11             Critical Analysis of Existing Research   
12   Proposal of New Research Directions or Questions   
13                Potential Contribution to the Field   
14             Clarity of Research Method Description   
15                    Rationality of Method Selection   
16                           Rigor of Research Design   
17               Inclusion of Latest Research Results   
18            Reflection of Current Research Hotspots   
19                     Fluency of Language Expression   
20    Appropriateness of Professional Terminology Use   
21                          Conciseness of Expression   
22  Practical Application Potential of Research Re...   
23                Feasibility of Proposed Suggestions   
24                             Logic of Argumentation   
25                   Multi-angle Analysis of Problems   
26  Identification and Discussion of Research Limi...   

    ICC (Intraclass Correlation Coefficient) ICC 95% Confidence Interval  \
0                                   0.469934                [0.37, 0.59]   
1                                   0.699804                [0.61, 0.79]   
2                                   0.292798                 [0.2, 0.41]   
3                                   0.454632                [0.35, 0.57]   
4                                   0.642041                [0.55, 0.74]   
5                                   0.619098                [0.52, 0.72]   
6                                   0.663127                [0.57, 0.76]   
7                                   0.529516                [0.43, 0.64]   
8                                   0.328978                [0.24, 0.45]   
9                                   0.454300                [0.35, 0.57]   
10                                  0.184206                [0.11, 0.29]   
11                                  0.584059                [0.48, 0.69]   
12                                  0.397648                 [0.3, 0.52]   
13                                  0.565401                [0.47, 0.67]   
14                                  0.595624                  [0.5, 0.7]   
15                                  0.623908                [0.53, 0.72]   
16                                  0.604069                [0.51, 0.71]   
17                                  0.453603                [0.35, 0.57]   
18                                  0.546996                [0.45, 0.66]   
19                                  0.511989                [0.41, 0.63]   
20                                  0.513857                [0.41, 0.63]   
21                                  0.553847                [0.45, 0.66]   
22                                  0.590733                 [0.49, 0.7]   
23                                  0.503597                 [0.4, 0.62]   
24                                  0.592635                 [0.49, 0.7]   
25                                  0.614808                [0.52, 0.72]   
26                                  0.575807                [0.48, 0.68]   

    Transitivity Consistency Ratio (%)  
0                            69.135802  
1                            83.636364  
2                            46.875000  
3                            86.060606  
4                            83.333333  
5                            83.333333  
6                            83.030303  
7                            84.242424  
8                            80.575540  
9                            82.424242  
10                           54.347826  
11                           84.615385  
12                           84.848485  
13                           80.368098  
14                           84.848485  
15                           83.636364  
16                           84.848485  
17                           82.424242  
18                           80.745342  
19                           82.692308  
20                           82.424242  
21                           82.424242  
22                           80.606061  
23                           84.848485  
24                           82.424242  
25                           82.424242  
26                           83.030303  

Results have been saved to 'reliability_analysis.csv'
Author
0      0.338653
10     1.958998
4      9.593800
5     14.789168
2     18.356062
3     22.393508
7     29.138082
1     43.131186
8     52.564770
6     68.405519
9     99.976754
Name: Score, dtype: float64

Results have been saved to 'pagerank_results_balanced.csv'
Combined Results:
                                          Subcategory  \
0                                     Topic Relevance   
1                    Comprehensiveness of Information   
2                             Accuracy of Information   
3                        Innovativeness of Viewpoints   
4       Integration of Interdisciplinary Perspectives   
5                        Clarity of Logical Structure   
6               Reasonableness of Chapter Arrangement   
7              Quality of Introduction and Conclusion   
8              Accuracy and Completeness of Citations   
9              Timeliness and Relevance of References   
10   Avoidance of Plagiarism and Appropriate Citation   
11             Critical Analysis of Existing Research   
12   Proposal of New Research Directions or Questions   
13                Potential Contribution to the Field   
14             Clarity of Research Method Description   
15                    Rationality of Method Selection   
16                           Rigor of Research Design   
17               Inclusion of Latest Research Results   
18            Reflection of Current Research Hotspots   
19                     Fluency of Language Expression   
20    Appropriateness of Professional Terminology Use   
21                          Conciseness of Expression   
22  Practical Application Potential of Research Re...   
23                Feasibility of Proposed Suggestions   
24                             Logic of Argumentation   
25                   Multi-angle Analysis of Problems   
26  Identification and Discussion of Research Limi...   

    ICC (Intraclass Correlation Coefficient) ICC 95% Confidence Interval  \
0                                   0.469934                [0.37, 0.59]   
1                                   0.699804                [0.61, 0.79]   
2                                   0.292798                 [0.2, 0.41]   
3                                   0.454632                [0.35, 0.57]   
4                                   0.642041                [0.55, 0.74]   
5                                   0.619098                [0.52, 0.72]   
6                                   0.663127                [0.57, 0.76]   
7                                   0.529516                [0.43, 0.64]   
8                                   0.328978                [0.24, 0.45]   
9                                   0.454300                [0.35, 0.57]   
10                                  0.184206                [0.11, 0.29]   
11                                  0.584059                [0.48, 0.69]   
12                                  0.397648                 [0.3, 0.52]   
13                                  0.565401                [0.47, 0.67]   
14                                  0.595624                  [0.5, 0.7]   
15                                  0.623908                [0.53, 0.72]   
16                                  0.604069                [0.51, 0.71]   
17                                  0.453603                [0.35, 0.57]   
18                                  0.546996                [0.45, 0.66]   
19                                  0.511989                [0.41, 0.63]   
20                                  0.513857                [0.41, 0.63]   
21                                  0.553847                [0.45, 0.66]   
22                                  0.590733                 [0.49, 0.7]   
23                                  0.503597                 [0.4, 0.62]   
24                                  0.592635                 [0.49, 0.7]   
25                                  0.614808                [0.52, 0.72]   
26                                  0.575807                [0.48, 0.68]   

    Transitivity Consistency Ratio (%)  
0                            69.135802  
1                            83.636364  
2                            46.875000  
3                            86.060606  
4                            83.333333  
5                            83.333333  
6                            83.030303  
7                            84.242424  
8                            80.575540  
9                            82.424242  
10                           54.347826  
11                           84.615385  
12                           84.848485  
13                           80.368098  
14                           84.848485  
15                           83.636364  
16                           84.848485  
17                           82.424242  
18                           80.745342  
19                           82.692308  
20                           82.424242  
21                           82.424242  
22                           80.606061  
23                           84.848485  
24                           82.424242  
25                           82.424242  
26                           83.030303  

Results have been saved to 'reliability_analysis.csv'
