Author
3      1.191640
10     2.739514
6      6.127766
2     14.268737
8     47.143522
1     52.800436
0     61.254154
7     75.579975
5     81.540398
4     91.708183
9     99.987453
Name: Score, dtype: float64

Results have been saved to 'pagerank_results_balanced.csv'
Combined Results:
                                          Subcategory  \
0                                     Topic Relevance   
1                    Comprehensiveness of Information   
2                             Accuracy of Information   
3                        Innovativeness of Viewpoints   
4       Integration of Interdisciplinary Perspectives   
5                        Clarity of Logical Structure   
6               Reasonableness of Chapter Arrangement   
7              Quality of Introduction and Conclusion   
8              Accuracy and Completeness of Citations   
9              Timeliness and Relevance of References   
10   Avoidance of Plagiarism and Appropriate Citation   
11             Critical Analysis of Existing Research   
12   Proposal of New Research Directions or Questions   
13                Potential Contribution to the Field   
14             Clarity of Research Method Description   
15                    Rationality of Method Selection   
16                           Rigor of Research Design   
17               Inclusion of Latest Research Results   
18            Reflection of Current Research Hotspots   
19                     Fluency of Language Expression   
20    Appropriateness of Professional Terminology Use   
21                          Conciseness of Expression   
22  Practical Application Potential of Research Re...   
23                Feasibility of Proposed Suggestions   
24                             Logic of Argumentation   
25                   Multi-angle Analysis of Problems   
26  Identification and Discussion of Research Limi...   

    ICC (Intraclass Correlation Coefficient) ICC 95% Confidence Interval  \
0                                   0.537712                [0.44, 0.65]   
1                                   0.743186                [0.66, 0.82]   
2                                   0.225449                [0.15, 0.33]   
3                                   0.575981                [0.48, 0.68]   
4                                   0.693900                [0.61, 0.78]   
5                                   0.649322                [0.56, 0.74]   
6                                   0.669713                [0.58, 0.76]   
7                                   0.630605                [0.53, 0.73]   
8                                   0.466895                [0.37, 0.58]   
9                                   0.516990                [0.42, 0.63]   
10                                  0.172150                 [0.1, 0.27]   
11                                  0.636102                [0.54, 0.73]   
12                                  0.450233                [0.35, 0.57]   
13                                  0.593232                 [0.49, 0.7]   
14                                  0.666918                [0.58, 0.76]   
15                                  0.658697                [0.57, 0.75]   
16                                  0.667654                [0.58, 0.76]   
17                                  0.516907                [0.42, 0.63]   
18                                  0.612611                [0.52, 0.71]   
19                                  0.558162                [0.46, 0.67]   
20                                  0.593674                  [0.5, 0.7]   
21                                  0.491058                [0.39, 0.61]   
22                                  0.566925                [0.47, 0.67]   
23                                  0.486709                 [0.38, 0.6]   
24                                  0.631778                [0.54, 0.73]   
25                                  0.646602                [0.55, 0.74]   
26                                  0.566834                [0.47, 0.67]   

    Transitivity Consistency Ratio (%)  
0                            73.333333  
1                            75.151515  
2                            76.363636  
3                            80.606061  
4                            72.121212  
5                            71.515152  
6                            70.909091  
7                            70.909091  
8                            75.151515  
9                            72.121212  
10                           75.151515  
11                           78.181818  
12                           77.575758  
13                           75.757576  
14                           72.727273  
15                           73.333333  
16                           73.333333  
17                           72.121212  
18                           72.121212  
19                           70.303030  
20                           72.727273  
21                           69.696970  
22                           75.757576  
23                           75.151515  
24                           72.727273  
25                           71.515152  
26                           75.151515  

Results have been saved to 'reliability_analysis.csv'
Author
3      0.687678
10     1.703612
6      4.623125
2     11.437736
8     41.319809
1     45.258468
0     54.883857
5     77.075943
7     77.420582
4     90.009867
9     99.985959
Name: Score, dtype: float64

Results have been saved to 'pagerank_results_balanced.csv'
Combined Results:
                                          Subcategory  \
0                                     Topic Relevance   
1                    Comprehensiveness of Information   
2                             Accuracy of Information   
3                        Innovativeness of Viewpoints   
4       Integration of Interdisciplinary Perspectives   
5                        Clarity of Logical Structure   
6               Reasonableness of Chapter Arrangement   
7              Quality of Introduction and Conclusion   
8              Accuracy and Completeness of Citations   
9              Timeliness and Relevance of References   
10   Avoidance of Plagiarism and Appropriate Citation   
11             Critical Analysis of Existing Research   
12   Proposal of New Research Directions or Questions   
13                Potential Contribution to the Field   
14             Clarity of Research Method Description   
15                    Rationality of Method Selection   
16                           Rigor of Research Design   
17               Inclusion of Latest Research Results   
18            Reflection of Current Research Hotspots   
19                     Fluency of Language Expression   
20    Appropriateness of Professional Terminology Use   
21                          Conciseness of Expression   
22  Practical Application Potential of Research Re...   
23                Feasibility of Proposed Suggestions   
24                             Logic of Argumentation   
25                   Multi-angle Analysis of Problems   
26  Identification and Discussion of Research Limi...   

    ICC (Intraclass Correlation Coefficient) ICC 95% Confidence Interval  \
0                                   0.537712                [0.44, 0.65]   
1                                   0.743186                [0.66, 0.82]   
2                                   0.225449                [0.15, 0.33]   
3                                   0.575981                [0.48, 0.68]   
4                                   0.693900                [0.61, 0.78]   
5                                   0.649322                [0.56, 0.74]   
6                                   0.669713                [0.58, 0.76]   
7                                   0.630605                [0.53, 0.73]   
8                                   0.466895                [0.37, 0.58]   
9                                   0.516990                [0.42, 0.63]   
10                                  0.172150                 [0.1, 0.27]   
11                                  0.636102                [0.54, 0.73]   
12                                  0.450233                [0.35, 0.57]   
13                                  0.593232                 [0.49, 0.7]   
14                                  0.666918                [0.58, 0.76]   
15                                  0.658697                [0.57, 0.75]   
16                                  0.667654                [0.58, 0.76]   
17                                  0.516907                [0.42, 0.63]   
18                                  0.612611                [0.52, 0.71]   
19                                  0.558162                [0.46, 0.67]   
20                                  0.593674                  [0.5, 0.7]   
21                                  0.491058                [0.39, 0.61]   
22                                  0.566925                [0.47, 0.67]   
23                                  0.486709                 [0.38, 0.6]   
24                                  0.631778                [0.54, 0.73]   
25                                  0.646602                [0.55, 0.74]   
26                                  0.566834                [0.47, 0.67]   

    Transitivity Consistency Ratio (%)  
0                            68.345324  
1                            73.885350  
2                            56.179775  
3                            80.606061  
4                            72.121212  
5                            71.515152  
6                            70.909091  
7                            70.909091  
8                            71.328671  
9                            72.121212  
10                           59.405941  
11                           78.181818  
12                           76.433121  
13                           75.757576  
14                           72.727273  
15                           73.333333  
16                           73.333333  
17                           72.121212  
18                           72.121212  
19                           70.303030  
20                           72.727273  
21                           69.696970  
22                           75.757576  
23                           73.885350  
24                           72.727273  
25                           71.515152  
26                           74.050633  

Results have been saved to 'reliability_analysis.csv'
Author
3      0.687678
10     1.703612
6      4.623125
2     11.437736
8     41.319809
1     45.258468
0     54.883857
5     77.075943
7     77.420582
4     90.009867
9     99.985959
Name: Score, dtype: float64

Results have been saved to 'pagerank_results_balanced.csv'
Combined Results:
                                          Subcategory  \
0                                     Topic Relevance   
1                    Comprehensiveness of Information   
2                             Accuracy of Information   
3                        Innovativeness of Viewpoints   
4       Integration of Interdisciplinary Perspectives   
5                        Clarity of Logical Structure   
6               Reasonableness of Chapter Arrangement   
7              Quality of Introduction and Conclusion   
8              Accuracy and Completeness of Citations   
9              Timeliness and Relevance of References   
10   Avoidance of Plagiarism and Appropriate Citation   
11             Critical Analysis of Existing Research   
12   Proposal of New Research Directions or Questions   
13                Potential Contribution to the Field   
14             Clarity of Research Method Description   
15                    Rationality of Method Selection   
16                           Rigor of Research Design   
17               Inclusion of Latest Research Results   
18            Reflection of Current Research Hotspots   
19                     Fluency of Language Expression   
20    Appropriateness of Professional Terminology Use   
21                          Conciseness of Expression   
22  Practical Application Potential of Research Re...   
23                Feasibility of Proposed Suggestions   
24                             Logic of Argumentation   
25                   Multi-angle Analysis of Problems   
26  Identification and Discussion of Research Limi...   

    ICC (Intraclass Correlation Coefficient) ICC 95% Confidence Interval  \
0                                   0.537712                [0.44, 0.65]   
1                                   0.743186                [0.66, 0.82]   
2                                   0.225449                [0.15, 0.33]   
3                                   0.575981                [0.48, 0.68]   
4                                   0.693900                [0.61, 0.78]   
5                                   0.649322                [0.56, 0.74]   
6                                   0.669713                [0.58, 0.76]   
7                                   0.630605                [0.53, 0.73]   
8                                   0.466895                [0.37, 0.58]   
9                                   0.516990                [0.42, 0.63]   
10                                  0.172150                 [0.1, 0.27]   
11                                  0.636102                [0.54, 0.73]   
12                                  0.450233                [0.35, 0.57]   
13                                  0.593232                 [0.49, 0.7]   
14                                  0.666918                [0.58, 0.76]   
15                                  0.658697                [0.57, 0.75]   
16                                  0.667654                [0.58, 0.76]   
17                                  0.516907                [0.42, 0.63]   
18                                  0.612611                [0.52, 0.71]   
19                                  0.558162                [0.46, 0.67]   
20                                  0.593674                  [0.5, 0.7]   
21                                  0.491058                [0.39, 0.61]   
22                                  0.566925                [0.47, 0.67]   
23                                  0.486709                 [0.38, 0.6]   
24                                  0.631778                [0.54, 0.73]   
25                                  0.646602                [0.55, 0.74]   
26                                  0.566834                [0.47, 0.67]   

    Transitivity Consistency Ratio (%)  
0                            68.345324  
1                            73.885350  
2                            56.179775  
3                            80.606061  
4                            72.121212  
5                            71.515152  
6                            70.909091  
7                            70.909091  
8                            71.328671  
9                            72.121212  
10                           59.405941  
11                           78.181818  
12                           76.433121  
13                           75.757576  
14                           72.727273  
15                           73.333333  
16                           73.333333  
17                           72.121212  
18                           72.121212  
19                           70.303030  
20                           72.727273  
21                           69.696970  
22                           75.757576  
23                           73.885350  
24                           72.727273  
25                           71.515152  
26                           74.050633  

Results have been saved to 'reliability_analysis.csv'
