Author
10     6.927119
0     13.345062
6     19.104336
5     23.367939
8     31.252048
3     55.095155
1     67.037911
4     71.955508
2     79.662082
7     79.884764
9     87.985256
Name: Score, dtype: float64

Results have been saved to 'pagerank_results_balanced.csv'
Combined Results:
                                          Subcategory  \
0                                     Topic Relevance   
1                    Comprehensiveness of Information   
2                             Accuracy of Information   
3                        Innovativeness of Viewpoints   
4       Integration of Interdisciplinary Perspectives   
5                        Clarity of Logical Structure   
6               Reasonableness of Chapter Arrangement   
7              Quality of Introduction and Conclusion   
8              Accuracy and Completeness of Citations   
9              Timeliness and Relevance of References   
10   Avoidance of Plagiarism and Appropriate Citation   
11             Critical Analysis of Existing Research   
12   Proposal of New Research Directions or Questions   
13                Potential Contribution to the Field   
14             Clarity of Research Method Description   
15                    Rationality of Method Selection   
16                           Rigor of Research Design   
17               Inclusion of Latest Research Results   
18            Reflection of Current Research Hotspots   
19                     Fluency of Language Expression   
20    Appropriateness of Professional Terminology Use   
21                          Conciseness of Expression   
22  Practical Application Potential of Research Re...   
23                Feasibility of Proposed Suggestions   
24                             Logic of Argumentation   
25                   Multi-angle Analysis of Problems   
26  Identification and Discussion of Research Limi...   

    ICC (Intraclass Correlation Coefficient) ICC 95% Confidence Interval  \
0                                   0.524001                [0.42, 0.64]   
1                                   0.841198                [0.78, 0.89]   
2                                   0.226866                [0.15, 0.34]   
3                                   0.795120                [0.73, 0.86]   
4                                   0.801333                [0.73, 0.86]   
5                                   0.716375                 [0.63, 0.8]   
6                                   0.720543                 [0.64, 0.8]   
7                                   0.699211                [0.61, 0.78]   
8                                   0.653770                [0.56, 0.75]   
9                                   0.706705                [0.62, 0.79]   
10                                  0.287976                  [0.2, 0.4]   
11                                  0.780952                [0.71, 0.85]   
12                                  0.741305                [0.66, 0.82]   
13                                  0.766081                [0.69, 0.84]   
14                                  0.682538                [0.59, 0.77]   
15                                  0.698175                [0.61, 0.78]   
16                                  0.686216                 [0.6, 0.77]   
17                                  0.712155                [0.63, 0.79]   
18                                  0.731975                [0.65, 0.81]   
19                                  0.678610                [0.59, 0.77]   
20                                  0.676820                [0.59, 0.77]   
21                                  0.682055                [0.59, 0.77]   
22                                  0.742377                [0.66, 0.82]   
23                                  0.736269                [0.66, 0.81]   
24                                  0.725797                [0.64, 0.81]   
25                                  0.745377                [0.67, 0.82]   
26                                  0.699035                [0.61, 0.78]   

    Transitivity Consistency Ratio (%)  
0                            79.393939  
1                            78.181818  
2                            83.636364  
3                            78.787879  
4                            77.575758  
5                            81.818182  
6                            81.818182  
7                            81.818182  
8                            80.606061  
9                            78.181818  
10                           80.606061  
11                           78.181818  
12                           79.393939  
13                           76.363636  
14                           77.575758  
15                           78.181818  
16                           78.181818  
17                           78.181818  
18                           80.606061  
19                           81.818182  
20                           77.575758  
21                           81.818182  
22                           76.363636  
23                           76.363636  
24                           81.818182  
25                           78.181818  
26                           78.181818  

Results have been saved to 'reliability_analysis.csv'
Author
10     0.084770
0     10.181725
6     14.907325
5     16.559095
8     34.103529
3     61.909139
1     78.931229
4     82.678944
2     95.597174
7     96.273468
9     99.956087
Name: Score, dtype: float64

Results have been saved to 'pagerank_results_balanced.csv'
Combined Results:
                                          Subcategory  \
0                                     Topic Relevance   
1                    Comprehensiveness of Information   
2                             Accuracy of Information   
3                        Innovativeness of Viewpoints   
4       Integration of Interdisciplinary Perspectives   
5                        Clarity of Logical Structure   
6               Reasonableness of Chapter Arrangement   
7              Quality of Introduction and Conclusion   
8              Accuracy and Completeness of Citations   
9              Timeliness and Relevance of References   
10   Avoidance of Plagiarism and Appropriate Citation   
11             Critical Analysis of Existing Research   
12   Proposal of New Research Directions or Questions   
13                Potential Contribution to the Field   
14             Clarity of Research Method Description   
15                    Rationality of Method Selection   
16                           Rigor of Research Design   
17               Inclusion of Latest Research Results   
18            Reflection of Current Research Hotspots   
19                     Fluency of Language Expression   
20    Appropriateness of Professional Terminology Use   
21                          Conciseness of Expression   
22  Practical Application Potential of Research Re...   
23                Feasibility of Proposed Suggestions   
24                             Logic of Argumentation   
25                   Multi-angle Analysis of Problems   
26  Identification and Discussion of Research Limi...   

    ICC (Intraclass Correlation Coefficient) ICC 95% Confidence Interval  \
0                                   0.524001                [0.42, 0.64]   
1                                   0.841198                [0.78, 0.89]   
2                                   0.226866                [0.15, 0.34]   
3                                   0.795120                [0.73, 0.86]   
4                                   0.801333                [0.73, 0.86]   
5                                   0.716375                 [0.63, 0.8]   
6                                   0.720543                 [0.64, 0.8]   
7                                   0.699211                [0.61, 0.78]   
8                                   0.653770                [0.56, 0.75]   
9                                   0.706705                [0.62, 0.79]   
10                                  0.287976                  [0.2, 0.4]   
11                                  0.780952                [0.71, 0.85]   
12                                  0.741305                [0.66, 0.82]   
13                                  0.766081                [0.69, 0.84]   
14                                  0.682538                [0.59, 0.77]   
15                                  0.698175                [0.61, 0.78]   
16                                  0.686216                 [0.6, 0.77]   
17                                  0.712155                [0.63, 0.79]   
18                                  0.731975                [0.65, 0.81]   
19                                  0.678610                [0.59, 0.77]   
20                                  0.676820                [0.59, 0.77]   
21                                  0.682055                [0.59, 0.77]   
22                                  0.742377                [0.66, 0.82]   
23                                  0.736269                [0.66, 0.81]   
24                                  0.725797                [0.64, 0.81]   
25                                  0.745377                [0.67, 0.82]   
26                                  0.699035                [0.61, 0.78]   

    Transitivity Consistency Ratio (%)  
0                            78.205128  
1                            78.181818  
2                            60.869565  
3                            78.787879  
4                            77.575758  
5                            81.818182  
6                            81.818182  
7                            81.818182  
8                            77.142857  
9                            78.181818  
10                           59.493671  
11                           78.181818  
12                           78.205128  
13                           76.363636  
14                           77.575758  
15                           78.181818  
16                           78.181818  
17                           78.181818  
18                           79.487179  
19                           81.818182  
20                           77.575758  
21                           81.818182  
22                           76.363636  
23                           76.363636  
24                           81.818182  
25                           78.181818  
26                           78.181818  

Results have been saved to 'reliability_analysis.csv'
Author
10     0.084770
0     10.181725
6     14.907325
5     16.559095
8     34.103529
3     61.909139
1     78.931229
4     82.678944
2     95.597174
7     96.273468
9     99.956087
Name: Score, dtype: float64

Results have been saved to 'pagerank_results_balanced.csv'
Combined Results:
                                          Subcategory  \
0                                     Topic Relevance   
1                    Comprehensiveness of Information   
2                             Accuracy of Information   
3                        Innovativeness of Viewpoints   
4       Integration of Interdisciplinary Perspectives   
5                        Clarity of Logical Structure   
6               Reasonableness of Chapter Arrangement   
7              Quality of Introduction and Conclusion   
8              Accuracy and Completeness of Citations   
9              Timeliness and Relevance of References   
10   Avoidance of Plagiarism and Appropriate Citation   
11             Critical Analysis of Existing Research   
12   Proposal of New Research Directions or Questions   
13                Potential Contribution to the Field   
14             Clarity of Research Method Description   
15                    Rationality of Method Selection   
16                           Rigor of Research Design   
17               Inclusion of Latest Research Results   
18            Reflection of Current Research Hotspots   
19                     Fluency of Language Expression   
20    Appropriateness of Professional Terminology Use   
21                          Conciseness of Expression   
22  Practical Application Potential of Research Re...   
23                Feasibility of Proposed Suggestions   
24                             Logic of Argumentation   
25                   Multi-angle Analysis of Problems   
26  Identification and Discussion of Research Limi...   

    ICC (Intraclass Correlation Coefficient) ICC 95% Confidence Interval  \
0                                   0.524001                [0.42, 0.64]   
1                                   0.841198                [0.78, 0.89]   
2                                   0.226866                [0.15, 0.34]   
3                                   0.795120                [0.73, 0.86]   
4                                   0.801333                [0.73, 0.86]   
5                                   0.716375                 [0.63, 0.8]   
6                                   0.720543                 [0.64, 0.8]   
7                                   0.699211                [0.61, 0.78]   
8                                   0.653770                [0.56, 0.75]   
9                                   0.706705                [0.62, 0.79]   
10                                  0.287976                  [0.2, 0.4]   
11                                  0.780952                [0.71, 0.85]   
12                                  0.741305                [0.66, 0.82]   
13                                  0.766081                [0.69, 0.84]   
14                                  0.682538                [0.59, 0.77]   
15                                  0.698175                [0.61, 0.78]   
16                                  0.686216                 [0.6, 0.77]   
17                                  0.712155                [0.63, 0.79]   
18                                  0.731975                [0.65, 0.81]   
19                                  0.678610                [0.59, 0.77]   
20                                  0.676820                [0.59, 0.77]   
21                                  0.682055                [0.59, 0.77]   
22                                  0.742377                [0.66, 0.82]   
23                                  0.736269                [0.66, 0.81]   
24                                  0.725797                [0.64, 0.81]   
25                                  0.745377                [0.67, 0.82]   
26                                  0.699035                [0.61, 0.78]   

    Transitivity Consistency Ratio (%)  
0                            78.205128  
1                            78.181818  
2                            60.869565  
3                            78.787879  
4                            77.575758  
5                            81.818182  
6                            81.818182  
7                            81.818182  
8                            77.142857  
9                            78.181818  
10                           59.493671  
11                           78.181818  
12                           78.205128  
13                           76.363636  
14                           77.575758  
15                           78.181818  
16                           78.181818  
17                           78.181818  
18                           79.487179  
19                           81.818182  
20                           77.575758  
21                           81.818182  
22                           76.363636  
23                           76.363636  
24                           81.818182  
25                           78.181818  
26                           78.181818  

Results have been saved to 'reliability_analysis.csv'
