Author
8       0.000000
10      6.979341
6      10.439856
3      13.428904
1      21.109134
0      21.530153
4      23.743123
2      26.442892
5      28.894767
7      60.120194
9     100.000000
Name: Score, dtype: float64

Results have been saved to 'pagerank_results_balanced.csv'
Combined Results:
                                          Subcategory  \
0                                     Topic Relevance   
1                    Comprehensiveness of Information   
2                             Accuracy of Information   
3                        Innovativeness of Viewpoints   
4       Integration of Interdisciplinary Perspectives   
5                        Clarity of Logical Structure   
6               Reasonableness of Chapter Arrangement   
7              Quality of Introduction and Conclusion   
8              Accuracy and Completeness of Citations   
9              Timeliness and Relevance of References   
10   Avoidance of Plagiarism and Appropriate Citation   
11             Critical Analysis of Existing Research   
12   Proposal of New Research Directions or Questions   
13                Potential Contribution to the Field   
14             Clarity of Research Method Description   
15                    Rationality of Method Selection   
16                           Rigor of Research Design   
17               Inclusion of Latest Research Results   
18            Reflection of Current Research Hotspots   
19                     Fluency of Language Expression   
20    Appropriateness of Professional Terminology Use   
21                          Conciseness of Expression   
22  Practical Application Potential of Research Re...   
23                Feasibility of Proposed Suggestions   
24                             Logic of Argumentation   
25                   Multi-angle Analysis of Problems   
26  Identification and Discussion of Research Limi...   

    ICC (Intraclass Correlation Coefficient) ICC 95% Confidence Interval  \
0                                   0.537825                [0.44, 0.65]   
1                                   0.681950                [0.59, 0.77]   
2                                   0.296620                [0.21, 0.41]   
3                                   0.596033                  [0.5, 0.7]   
4                                   0.623468                [0.53, 0.72]   
5                                   0.680276                [0.59, 0.77]   
6                                   0.647991                [0.55, 0.74]   
7                                   0.606870                [0.51, 0.71]   
8                                   0.571153                [0.47, 0.68]   
9                                   0.598587                  [0.5, 0.7]   
10                                  0.250114                [0.17, 0.36]   
11                                  0.628038                [0.53, 0.73]   
12                                  0.520213                [0.42, 0.63]   
13                                  0.578861                [0.48, 0.68]   
14                                  0.623640                [0.53, 0.72]   
15                                  0.607265                [0.51, 0.71]   
16                                  0.573201                [0.47, 0.68]   
17                                  0.588783                [0.49, 0.69]   
18                                  0.543900                [0.44, 0.65]   
19                                  0.541052                [0.44, 0.65]   
20                                  0.544465                [0.44, 0.65]   
21                                  0.563341                [0.46, 0.67]   
22                                  0.588878                [0.49, 0.69]   
23                                  0.549891                [0.45, 0.66]   
24                                  0.582336                [0.48, 0.69]   
25                                  0.575242                [0.48, 0.68]   
26                                  0.537387                [0.44, 0.65]   

    Transitivity Consistency Ratio (%)  
0                            76.363636  
1                            77.575758  
2                            80.606061  
3                            76.969697  
4                            77.575758  
5                            81.818182  
6                            83.030303  
7                            80.000000  
8                            80.606061  
9                            76.969697  
10                           77.575758  
11                           75.757576  
12                           81.212121  
13                           77.575758  
14                           76.363636  
15                           77.575758  
16                           77.575758  
17                           76.969697  
18                           80.000000  
19                           79.393939  
20                           80.000000  
21                           79.393939  
22                           75.151515  
23                           77.575758  
24                           81.212121  
25                           77.575758  
26                           78.787879  

Results have been saved to 'reliability_analysis.csv'
Author
8       0.006124
10      5.436608
6       8.386698
3      11.117323
4      18.856307
1      21.350992
0      22.477176
2      25.022084
5      27.924173
7      57.574508
9     100.000000
Name: Score, dtype: float64

Results have been saved to 'pagerank_results_balanced.csv'
Combined Results:
                                          Subcategory  \
0                                     Topic Relevance   
1                    Comprehensiveness of Information   
2                             Accuracy of Information   
3                        Innovativeness of Viewpoints   
4       Integration of Interdisciplinary Perspectives   
5                        Clarity of Logical Structure   
6               Reasonableness of Chapter Arrangement   
7              Quality of Introduction and Conclusion   
8              Accuracy and Completeness of Citations   
9              Timeliness and Relevance of References   
10   Avoidance of Plagiarism and Appropriate Citation   
11             Critical Analysis of Existing Research   
12   Proposal of New Research Directions or Questions   
13                Potential Contribution to the Field   
14             Clarity of Research Method Description   
15                    Rationality of Method Selection   
16                           Rigor of Research Design   
17               Inclusion of Latest Research Results   
18            Reflection of Current Research Hotspots   
19                     Fluency of Language Expression   
20    Appropriateness of Professional Terminology Use   
21                          Conciseness of Expression   
22  Practical Application Potential of Research Re...   
23                Feasibility of Proposed Suggestions   
24                             Logic of Argumentation   
25                   Multi-angle Analysis of Problems   
26  Identification and Discussion of Research Limi...   

    ICC (Intraclass Correlation Coefficient) ICC 95% Confidence Interval  \
0                                   0.537825                [0.44, 0.65]   
1                                   0.681950                [0.59, 0.77]   
2                                   0.296620                [0.21, 0.41]   
3                                   0.596033                  [0.5, 0.7]   
4                                   0.623468                [0.53, 0.72]   
5                                   0.680276                [0.59, 0.77]   
6                                   0.647991                [0.55, 0.74]   
7                                   0.606870                [0.51, 0.71]   
8                                   0.571153                [0.47, 0.68]   
9                                   0.598587                  [0.5, 0.7]   
10                                  0.250114                [0.17, 0.36]   
11                                  0.628038                [0.53, 0.73]   
12                                  0.520213                [0.42, 0.63]   
13                                  0.578861                [0.48, 0.68]   
14                                  0.623640                [0.53, 0.72]   
15                                  0.607265                [0.51, 0.71]   
16                                  0.573201                [0.47, 0.68]   
17                                  0.588783                [0.49, 0.69]   
18                                  0.543900                [0.44, 0.65]   
19                                  0.541052                [0.44, 0.65]   
20                                  0.544465                [0.44, 0.65]   
21                                  0.563341                [0.46, 0.67]   
22                                  0.588878                [0.49, 0.69]   
23                                  0.549891                [0.45, 0.66]   
24                                  0.582336                [0.48, 0.69]   
25                                  0.575242                [0.48, 0.68]   
26                                  0.537387                [0.44, 0.65]   

    Transitivity Consistency Ratio (%)  
0                            72.142857  
1                            77.575758  
2                            63.218391  
3                            76.543210  
4                            77.575758  
5                            81.818182  
6                            83.030303  
7                            80.000000  
8                            74.400000  
9                            76.969697  
10                           57.954545  
11                           75.308642  
12                           81.212121  
13                           77.575758  
14                           76.363636  
15                           76.433121  
16                           77.575758  
17                           76.969697  
18                           80.000000  
19                           79.393939  
20                           80.000000  
21                           79.393939  
22                           75.151515  
23                           77.575758  
24                           80.254777  
25                           77.575758  
26                           78.787879  

Results have been saved to 'reliability_analysis.csv'
Author
8       0.006124
10      5.436608
6       8.386698
3      11.117323
4      18.856307
1      21.350992
0      22.477176
2      25.022084
5      27.924173
7      57.574508
9     100.000000
Name: Score, dtype: float64

Results have been saved to 'pagerank_results_balanced.csv'
Combined Results:
                                          Subcategory  \
0                                     Topic Relevance   
1                    Comprehensiveness of Information   
2                             Accuracy of Information   
3                        Innovativeness of Viewpoints   
4       Integration of Interdisciplinary Perspectives   
5                        Clarity of Logical Structure   
6               Reasonableness of Chapter Arrangement   
7              Quality of Introduction and Conclusion   
8              Accuracy and Completeness of Citations   
9              Timeliness and Relevance of References   
10   Avoidance of Plagiarism and Appropriate Citation   
11             Critical Analysis of Existing Research   
12   Proposal of New Research Directions or Questions   
13                Potential Contribution to the Field   
14             Clarity of Research Method Description   
15                    Rationality of Method Selection   
16                           Rigor of Research Design   
17               Inclusion of Latest Research Results   
18            Reflection of Current Research Hotspots   
19                     Fluency of Language Expression   
20    Appropriateness of Professional Terminology Use   
21                          Conciseness of Expression   
22  Practical Application Potential of Research Re...   
23                Feasibility of Proposed Suggestions   
24                             Logic of Argumentation   
25                   Multi-angle Analysis of Problems   
26  Identification and Discussion of Research Limi...   

    ICC (Intraclass Correlation Coefficient) ICC 95% Confidence Interval  \
0                                   0.537825                [0.44, 0.65]   
1                                   0.681950                [0.59, 0.77]   
2                                   0.296620                [0.21, 0.41]   
3                                   0.596033                  [0.5, 0.7]   
4                                   0.623468                [0.53, 0.72]   
5                                   0.680276                [0.59, 0.77]   
6                                   0.647991                [0.55, 0.74]   
7                                   0.606870                [0.51, 0.71]   
8                                   0.571153                [0.47, 0.68]   
9                                   0.598587                  [0.5, 0.7]   
10                                  0.250114                [0.17, 0.36]   
11                                  0.628038                [0.53, 0.73]   
12                                  0.520213                [0.42, 0.63]   
13                                  0.578861                [0.48, 0.68]   
14                                  0.623640                [0.53, 0.72]   
15                                  0.607265                [0.51, 0.71]   
16                                  0.573201                [0.47, 0.68]   
17                                  0.588783                [0.49, 0.69]   
18                                  0.543900                [0.44, 0.65]   
19                                  0.541052                [0.44, 0.65]   
20                                  0.544465                [0.44, 0.65]   
21                                  0.563341                [0.46, 0.67]   
22                                  0.588878                [0.49, 0.69]   
23                                  0.549891                [0.45, 0.66]   
24                                  0.582336                [0.48, 0.69]   
25                                  0.575242                [0.48, 0.68]   
26                                  0.537387                [0.44, 0.65]   

    Transitivity Consistency Ratio (%)  
0                            72.142857  
1                            77.575758  
2                            63.218391  
3                            76.543210  
4                            77.575758  
5                            81.818182  
6                            83.030303  
7                            80.000000  
8                            74.400000  
9                            76.969697  
10                           57.954545  
11                           75.308642  
12                           81.212121  
13                           77.575758  
14                           76.363636  
15                           76.433121  
16                           77.575758  
17                           76.969697  
18                           80.000000  
19                           79.393939  
20                           80.000000  
21                           79.393939  
22                           75.151515  
23                           77.575758  
24                           80.254777  
25                           77.575758  
26                           78.787879  

Results have been saved to 'reliability_analysis.csv'
