Author
10      0.177713
7       2.532560
4      22.876695
0      30.678276
1      32.373803
2      33.007977
6      37.752427
5      65.494692
3      75.652611
8      84.561244
9     100.000000
Name: Score, dtype: float64

Results have been saved to 'pagerank_results_balanced.csv'
Combined Results:
                                          Subcategory  \
0                                     Topic Relevance   
1                    Comprehensiveness of Information   
2                             Accuracy of Information   
3                        Innovativeness of Viewpoints   
4       Integration of Interdisciplinary Perspectives   
5                        Clarity of Logical Structure   
6               Reasonableness of Chapter Arrangement   
7              Quality of Introduction and Conclusion   
8              Accuracy and Completeness of Citations   
9              Timeliness and Relevance of References   
10   Avoidance of Plagiarism and Appropriate Citation   
11             Critical Analysis of Existing Research   
12   Proposal of New Research Directions or Questions   
13                Potential Contribution to the Field   
14             Clarity of Research Method Description   
15                    Rationality of Method Selection   
16                           Rigor of Research Design   
17               Inclusion of Latest Research Results   
18            Reflection of Current Research Hotspots   
19                     Fluency of Language Expression   
20    Appropriateness of Professional Terminology Use   
21                          Conciseness of Expression   
22  Practical Application Potential of Research Re...   
23                Feasibility of Proposed Suggestions   
24                             Logic of Argumentation   
25                   Multi-angle Analysis of Problems   
26  Identification and Discussion of Research Limi...   

    ICC (Intraclass Correlation Coefficient) ICC 95% Confidence Interval  \
0                                   0.688894                [0.59, 0.78]   
1                                   0.800301                [0.73, 0.86]   
2                                   0.533437                [0.43, 0.64]   
3                                   0.709997                [0.62, 0.79]   
4                                   0.781623                [0.71, 0.85]   
5                                   0.696141                [0.61, 0.78]   
6                                   0.672757                [0.58, 0.76]   
7                                   0.636434                [0.54, 0.73]   
8                                   0.496904                [0.39, 0.61]   
9                                   0.654308                [0.56, 0.75]   
10                                  0.346226                [0.25, 0.47]   
11                                  0.695852                 [0.6, 0.79]   
12                                  0.577478                [0.48, 0.68]   
13                                  0.689134                 [0.6, 0.78]   
14                                  0.652037                [0.56, 0.75]   
15                                  0.660905                [0.57, 0.75]   
16                                  0.666709                [0.57, 0.76]   
17                                  0.665760                [0.57, 0.76]   
18                                  0.709721                [0.62, 0.79]   
19                                  0.517419                [0.41, 0.63]   
20                                  0.550965                [0.45, 0.66]   
21                                  0.506337                 [0.4, 0.62]   
22                                  0.671535                [0.57, 0.77]   
23                                  0.467594                [0.36, 0.59]   
24                                  0.684847                [0.59, 0.77]   
25                                  0.696510                [0.61, 0.78]   
26                                  0.544626                [0.44, 0.66]   

    Transitivity Consistency Ratio (%)  
0                            80.606061  
1                            74.545455  
2                            79.393939  
3                            80.000000  
4                            74.545455  
5                            78.181818  
6                            78.181818  
7                            78.181818  
8                            81.212121  
9                            74.545455  
10                           80.000000  
11                           80.000000  
12                           78.181818  
13                           78.181818  
14                           76.363636  
15                           74.545455  
16                           76.363636  
17                           74.545455  
18                           74.545455  
19                           78.181818  
20                           75.151515  
21                           76.363636  
22                           78.181818  
23                           78.181818  
24                           77.575758  
25                           74.545455  
26                           78.787879  

Results have been saved to 'reliability_analysis.csv'
Author
10      0.000000
7      14.088363
4      46.663816
0      56.970987
1      59.233107
2      60.135040
6      63.973920
5      81.433768
3      86.761073
8      91.826897
9     100.000000
Name: Score, dtype: float64

Results have been saved to 'pagerank_results_balanced.csv'
Combined Results:
                                          Subcategory  \
0                                     Topic Relevance   
1                    Comprehensiveness of Information   
2                             Accuracy of Information   
3                        Innovativeness of Viewpoints   
4       Integration of Interdisciplinary Perspectives   
5                        Clarity of Logical Structure   
6               Reasonableness of Chapter Arrangement   
7              Quality of Introduction and Conclusion   
8              Accuracy and Completeness of Citations   
9              Timeliness and Relevance of References   
10   Avoidance of Plagiarism and Appropriate Citation   
11             Critical Analysis of Existing Research   
12   Proposal of New Research Directions or Questions   
13                Potential Contribution to the Field   
14             Clarity of Research Method Description   
15                    Rationality of Method Selection   
16                           Rigor of Research Design   
17               Inclusion of Latest Research Results   
18            Reflection of Current Research Hotspots   
19                     Fluency of Language Expression   
20    Appropriateness of Professional Terminology Use   
21                          Conciseness of Expression   
22  Practical Application Potential of Research Re...   
23                Feasibility of Proposed Suggestions   
24                             Logic of Argumentation   
25                   Multi-angle Analysis of Problems   
26  Identification and Discussion of Research Limi...   

    ICC (Intraclass Correlation Coefficient) ICC 95% Confidence Interval  \
0                                   0.659097                [0.55, 0.76]   
1                                   0.821963                [0.76, 0.88]   
2                                   0.551932                [0.45, 0.66]   
3                                   0.762616                [0.68, 0.84]   
4                                   0.820543                [0.76, 0.88]   
5                                   0.777402                 [0.7, 0.85]   
6                                   0.745720                [0.67, 0.82]   
7                                   0.701196                [0.61, 0.79]   
8                                   0.661873                [0.57, 0.75]   
9                                   0.738283                [0.66, 0.82]   
10                                  0.410643                [0.31, 0.53]   
11                                  0.759057                [0.67, 0.84]   
12                                  0.704738                [0.62, 0.79]   
13                                  0.747984                [0.66, 0.82]   
14                                  0.693778                 [0.6, 0.78]   
15                                  0.697801                [0.61, 0.78]   
16                                  0.659416                [0.56, 0.75]   
17                                  0.746057                [0.67, 0.82]   
18                                  0.759135                [0.68, 0.83]   
19                                  0.576220                [0.47, 0.68]   
20                                  0.596542                  [0.5, 0.7]   
21                                  0.568445                [0.47, 0.68]   
22                                  0.740238                [0.65, 0.82]   
23                                  0.518531                [0.41, 0.63]   
24                                  0.717391                 [0.63, 0.8]   
25                                  0.721549                 [0.63, 0.8]   
26                                  0.569894                [0.46, 0.68]   

    Transitivity Consistency Ratio (%)  
0                            81.818182  
1                            75.757576  
2                            80.606061  
3                            80.000000  
4                            75.757576  
5                            80.000000  
6                            79.393939  
7                            80.000000  
8                            82.424242  
9                            75.757576  
10                           81.212121  
11                           80.000000  
12                           78.181818  
13                           78.181818  
14                           77.575758  
15                           75.757576  
16                           77.575758  
17                           75.757576  
18                           75.757576  
19                           80.000000  
20                           76.363636  
21                           78.181818  
22                           78.181818  
23                           78.181818  
24                           78.787879  
25                           75.757576  
26                           80.000000  

Results have been saved to 'reliability_analysis.csv'
Author
10      0.000000
7      14.088363
4      46.663816
0      56.970987
1      59.233107
2      60.135040
6      63.973920
5      81.433768
3      86.761073
8      91.826897
9     100.000000
Name: Score, dtype: float64

Results have been saved to 'pagerank_results_balanced.csv'
Combined Results:
                                          Subcategory  \
0                                     Topic Relevance   
1                    Comprehensiveness of Information   
2                             Accuracy of Information   
3                        Innovativeness of Viewpoints   
4       Integration of Interdisciplinary Perspectives   
5                        Clarity of Logical Structure   
6               Reasonableness of Chapter Arrangement   
7              Quality of Introduction and Conclusion   
8              Accuracy and Completeness of Citations   
9              Timeliness and Relevance of References   
10   Avoidance of Plagiarism and Appropriate Citation   
11             Critical Analysis of Existing Research   
12   Proposal of New Research Directions or Questions   
13                Potential Contribution to the Field   
14             Clarity of Research Method Description   
15                    Rationality of Method Selection   
16                           Rigor of Research Design   
17               Inclusion of Latest Research Results   
18            Reflection of Current Research Hotspots   
19                     Fluency of Language Expression   
20    Appropriateness of Professional Terminology Use   
21                          Conciseness of Expression   
22  Practical Application Potential of Research Re...   
23                Feasibility of Proposed Suggestions   
24                             Logic of Argumentation   
25                   Multi-angle Analysis of Problems   
26  Identification and Discussion of Research Limi...   

    ICC (Intraclass Correlation Coefficient) ICC 95% Confidence Interval  \
0                                   0.659097                [0.55, 0.76]   
1                                   0.821963                [0.76, 0.88]   
2                                   0.551932                [0.45, 0.66]   
3                                   0.762616                [0.68, 0.84]   
4                                   0.820543                [0.76, 0.88]   
5                                   0.777402                 [0.7, 0.85]   
6                                   0.745720                [0.67, 0.82]   
7                                   0.701196                [0.61, 0.79]   
8                                   0.661873                [0.57, 0.75]   
9                                   0.738283                [0.66, 0.82]   
10                                  0.410643                [0.31, 0.53]   
11                                  0.759057                [0.67, 0.84]   
12                                  0.704738                [0.62, 0.79]   
13                                  0.747984                [0.66, 0.82]   
14                                  0.693778                 [0.6, 0.78]   
15                                  0.697801                [0.61, 0.78]   
16                                  0.659416                [0.56, 0.75]   
17                                  0.746057                [0.67, 0.82]   
18                                  0.759135                [0.68, 0.83]   
19                                  0.576220                [0.47, 0.68]   
20                                  0.596542                  [0.5, 0.7]   
21                                  0.568445                [0.47, 0.68]   
22                                  0.740238                [0.65, 0.82]   
23                                  0.518531                [0.41, 0.63]   
24                                  0.717391                 [0.63, 0.8]   
25                                  0.721549                 [0.63, 0.8]   
26                                  0.569894                [0.46, 0.68]   

    Transitivity Consistency Ratio (%)  
0                            81.818182  
1                            75.757576  
2                            80.606061  
3                            80.000000  
4                            75.757576  
5                            80.000000  
6                            79.393939  
7                            80.000000  
8                            82.424242  
9                            75.757576  
10                           81.212121  
11                           80.000000  
12                           78.181818  
13                           78.181818  
14                           77.575758  
15                           75.757576  
16                           77.575758  
17                           75.757576  
18                           75.757576  
19                           80.000000  
20                           76.363636  
21                           78.181818  
22                           78.181818  
23                           78.181818  
24                           78.787879  
25                           75.757576  
26                           80.000000  

Results have been saved to 'reliability_analysis.csv'
Author
10      0.000000
7      13.885605
4      47.473567
0      58.089646
2      60.734788
1      61.376508
6      65.311310
5      82.030690
3      87.413532
8      92.791573
9     100.000000
Name: Score, dtype: float64

Results have been saved to 'pagerank_results_balanced.csv'
Combined Results:
                                          Subcategory  \
0                                     Topic Relevance   
1                    Comprehensiveness of Information   
2                             Accuracy of Information   
3                        Innovativeness of Viewpoints   
4       Integration of Interdisciplinary Perspectives   
5                        Clarity of Logical Structure   
6               Reasonableness of Chapter Arrangement   
7              Quality of Introduction and Conclusion   
8              Accuracy and Completeness of Citations   
9              Timeliness and Relevance of References   
10   Avoidance of Plagiarism and Appropriate Citation   
11             Critical Analysis of Existing Research   
12   Proposal of New Research Directions or Questions   
13                Potential Contribution to the Field   
14             Clarity of Research Method Description   
15                    Rationality of Method Selection   
16                           Rigor of Research Design   
17               Inclusion of Latest Research Results   
18            Reflection of Current Research Hotspots   
19                     Fluency of Language Expression   
20    Appropriateness of Professional Terminology Use   
21                          Conciseness of Expression   
22  Practical Application Potential of Research Re...   
23                Feasibility of Proposed Suggestions   
24                             Logic of Argumentation   
25                   Multi-angle Analysis of Problems   
26  Identification and Discussion of Research Limi...   

    ICC (Intraclass Correlation Coefficient) ICC 95% Confidence Interval  \
0                                   0.659097                [0.55, 0.76]   
1                                   0.821963                [0.76, 0.88]   
2                                   0.551932                [0.45, 0.66]   
3                                   0.762616                [0.68, 0.84]   
4                                   0.820543                [0.76, 0.88]   
5                                   0.777402                 [0.7, 0.85]   
6                                   0.745720                [0.67, 0.82]   
7                                   0.701196                [0.61, 0.79]   
8                                   0.661873                [0.57, 0.75]   
9                                   0.738283                [0.66, 0.82]   
10                                  0.410643                [0.31, 0.53]   
11                                  0.759057                [0.67, 0.84]   
12                                  0.704738                [0.62, 0.79]   
13                                  0.747984                [0.66, 0.82]   
14                                  0.693778                 [0.6, 0.78]   
15                                  0.697801                [0.61, 0.78]   
16                                  0.659416                [0.56, 0.75]   
17                                  0.746057                [0.67, 0.82]   
18                                  0.759135                [0.68, 0.83]   
19                                  0.576220                [0.47, 0.68]   
20                                  0.596542                  [0.5, 0.7]   
21                                  0.568445                [0.47, 0.68]   
22                                  0.740238                [0.65, 0.82]   
23                                  0.518531                [0.41, 0.63]   
24                                  0.717391                 [0.63, 0.8]   
25                                  0.721549                 [0.63, 0.8]   
26                                  0.569894                [0.46, 0.68]   

    Transitivity Consistency Ratio (%)  
0                            55.882353  
1                            75.757576  
2                            51.515152  
3                            80.000000  
4                            75.757576  
5                            80.000000  
6                            79.393939  
7                            80.000000  
8                            61.333333  
9                            75.757576  
10                           53.030303  
11                           80.000000  
12                           78.181818  
13                           78.181818  
14                           77.575758  
15                           75.757576  
16                           77.575758  
17                           75.757576  
18                           75.757576  
19                           80.000000  
20                           76.363636  
21                           78.181818  
22                           78.181818  
23                           78.181818  
24                           78.787879  
25                           75.757576  
26                           80.000000  

Results have been saved to 'reliability_analysis.csv'
Author
10      0.000000
7      13.885605
4      47.473567
0      58.089646
2      60.734788
1      61.376508
6      65.311310
5      82.030690
3      87.413532
8      92.791573
9     100.000000
Name: Score, dtype: float64

Results have been saved to 'pagerank_results_balanced.csv'
Combined Results:
                                          Subcategory  \
0                                     Topic Relevance   
1                    Comprehensiveness of Information   
2                             Accuracy of Information   
3                        Innovativeness of Viewpoints   
4       Integration of Interdisciplinary Perspectives   
5                        Clarity of Logical Structure   
6               Reasonableness of Chapter Arrangement   
7              Quality of Introduction and Conclusion   
8              Accuracy and Completeness of Citations   
9              Timeliness and Relevance of References   
10   Avoidance of Plagiarism and Appropriate Citation   
11             Critical Analysis of Existing Research   
12   Proposal of New Research Directions or Questions   
13                Potential Contribution to the Field   
14             Clarity of Research Method Description   
15                    Rationality of Method Selection   
16                           Rigor of Research Design   
17               Inclusion of Latest Research Results   
18            Reflection of Current Research Hotspots   
19                     Fluency of Language Expression   
20    Appropriateness of Professional Terminology Use   
21                          Conciseness of Expression   
22  Practical Application Potential of Research Re...   
23                Feasibility of Proposed Suggestions   
24                             Logic of Argumentation   
25                   Multi-angle Analysis of Problems   
26  Identification and Discussion of Research Limi...   

    ICC (Intraclass Correlation Coefficient) ICC 95% Confidence Interval  \
0                                   0.659097                [0.55, 0.76]   
1                                   0.821963                [0.76, 0.88]   
2                                   0.551932                [0.45, 0.66]   
3                                   0.762616                [0.68, 0.84]   
4                                   0.820543                [0.76, 0.88]   
5                                   0.777402                 [0.7, 0.85]   
6                                   0.745720                [0.67, 0.82]   
7                                   0.701196                [0.61, 0.79]   
8                                   0.661873                [0.57, 0.75]   
9                                   0.738283                [0.66, 0.82]   
10                                  0.410643                [0.31, 0.53]   
11                                  0.759057                [0.67, 0.84]   
12                                  0.704738                [0.62, 0.79]   
13                                  0.747984                [0.66, 0.82]   
14                                  0.693778                 [0.6, 0.78]   
15                                  0.697801                [0.61, 0.78]   
16                                  0.659416                [0.56, 0.75]   
17                                  0.746057                [0.67, 0.82]   
18                                  0.759135                [0.68, 0.83]   
19                                  0.576220                [0.47, 0.68]   
20                                  0.596542                  [0.5, 0.7]   
21                                  0.568445                [0.47, 0.68]   
22                                  0.740238                [0.65, 0.82]   
23                                  0.518531                [0.41, 0.63]   
24                                  0.717391                 [0.63, 0.8]   
25                                  0.721549                 [0.63, 0.8]   
26                                  0.569894                [0.46, 0.68]   

    Transitivity Consistency Ratio (%)  
0                            55.882353  
1                            75.757576  
2                            51.515152  
3                            80.000000  
4                            75.757576  
5                            80.000000  
6                            79.393939  
7                            80.000000  
8                            61.333333  
9                            75.757576  
10                           53.030303  
11                           80.000000  
12                           78.181818  
13                           78.181818  
14                           77.575758  
15                           75.757576  
16                           77.575758  
17                           75.757576  
18                           75.757576  
19                           80.000000  
20                           76.363636  
21                           78.181818  
22                           78.181818  
23                           78.181818  
24                           78.787879  
25                           75.757576  
26                           80.000000  

Results have been saved to 'reliability_analysis.csv'
