Author
6      9.939375
5     14.834513
0     19.210089
3     22.321533
8     23.896038
4     24.986006
2     42.901002
10    54.749622
7     56.640639
1     79.915496
9     87.170967
Name: Score, dtype: float64

Results have been saved to 'pagerank_results_balanced.csv'
Combined Results:
                                          Subcategory  \
0                                     Topic Relevance   
1                    Comprehensiveness of Information   
2                             Accuracy of Information   
3                        Innovativeness of Viewpoints   
4       Integration of Interdisciplinary Perspectives   
5                        Clarity of Logical Structure   
6               Reasonableness of Chapter Arrangement   
7              Quality of Introduction and Conclusion   
8              Accuracy and Completeness of Citations   
9              Timeliness and Relevance of References   
10   Avoidance of Plagiarism and Appropriate Citation   
11             Critical Analysis of Existing Research   
12   Proposal of New Research Directions or Questions   
13                Potential Contribution to the Field   
14             Clarity of Research Method Description   
15                    Rationality of Method Selection   
16                           Rigor of Research Design   
17               Inclusion of Latest Research Results   
18            Reflection of Current Research Hotspots   
19                     Fluency of Language Expression   
20    Appropriateness of Professional Terminology Use   
21                          Conciseness of Expression   
22  Practical Application Potential of Research Re...   
23                Feasibility of Proposed Suggestions   
24                             Logic of Argumentation   
25                   Multi-angle Analysis of Problems   
26  Identification and Discussion of Research Limi...   

    ICC (Intraclass Correlation Coefficient) ICC 95% Confidence Interval  \
0                                   0.486820                [0.38, 0.61]   
1                                   0.711943                 [0.62, 0.8]   
2                                   0.391055                [0.29, 0.51]   
3                                   0.466916                [0.36, 0.58]   
4                                   0.582426                [0.48, 0.69]   
5                                   0.610442                [0.51, 0.71]   
6                                   0.636976                [0.54, 0.73]   
7                                   0.601506                  [0.5, 0.7]   
8                                   0.349349                [0.25, 0.47]   
9                                   0.456882                [0.36, 0.57]   
10                                  0.277134                [0.19, 0.39]   
11                                  0.594407                 [0.49, 0.7]   
12                                  0.378712                 [0.28, 0.5]   
13                                  0.538863                [0.44, 0.65]   
14                                  0.602038                 [0.5, 0.71]   
15                                  0.592446                 [0.49, 0.7]   
16                                  0.617759                [0.52, 0.72]   
17                                  0.486350                 [0.38, 0.6]   
18                                  0.535013                [0.43, 0.65]   
19                                  0.583977                [0.48, 0.69]   
20                                  0.564749                [0.46, 0.67]   
21                                  0.531407                [0.43, 0.64]   
22                                  0.575518                [0.47, 0.68]   
23                                  0.552282                [0.45, 0.66]   
24                                  0.639550                [0.54, 0.74]   
25                                  0.628419                [0.53, 0.73]   
26                                  0.585633                [0.49, 0.69]   

    Transitivity Consistency Ratio (%)  
0                            73.333333  
1                            70.909091  
2                            76.969697  
3                            70.909091  
4                            69.696970  
5                            72.121212  
6                            71.515152  
7                            71.515152  
8                            72.727273  
9                            70.909091  
10                           77.575758  
11                           70.303030  
12                           71.515152  
13                           71.515152  
14                           72.727273  
15                           72.727273  
16                           71.515152  
17                           70.909091  
18                           70.909091  
19                           72.727273  
20                           72.121212  
21                           73.333333  
22                           71.515152  
23                           71.515152  
24                           71.515152  
25                           70.909091  
26                           70.303030  

Results have been saved to 'reliability_analysis.csv'
Author
5      0.067070
6      2.499162
0     12.126060
4     14.434189
3     14.683591
8     15.523825
2     36.943395
10    48.444269
7     57.570414
1     92.031557
9     97.237816
Name: Score, dtype: float64

Results have been saved to 'pagerank_results_balanced.csv'
Combined Results:
                                          Subcategory  \
0                                     Topic Relevance   
1                    Comprehensiveness of Information   
2                             Accuracy of Information   
3                        Innovativeness of Viewpoints   
4       Integration of Interdisciplinary Perspectives   
5                        Clarity of Logical Structure   
6               Reasonableness of Chapter Arrangement   
7              Quality of Introduction and Conclusion   
8              Accuracy and Completeness of Citations   
9              Timeliness and Relevance of References   
10   Avoidance of Plagiarism and Appropriate Citation   
11             Critical Analysis of Existing Research   
12   Proposal of New Research Directions or Questions   
13                Potential Contribution to the Field   
14             Clarity of Research Method Description   
15                    Rationality of Method Selection   
16                           Rigor of Research Design   
17               Inclusion of Latest Research Results   
18            Reflection of Current Research Hotspots   
19                     Fluency of Language Expression   
20    Appropriateness of Professional Terminology Use   
21                          Conciseness of Expression   
22  Practical Application Potential of Research Re...   
23                Feasibility of Proposed Suggestions   
24                             Logic of Argumentation   
25                   Multi-angle Analysis of Problems   
26  Identification and Discussion of Research Limi...   

    ICC (Intraclass Correlation Coefficient) ICC 95% Confidence Interval  \
0                                   0.486820                [0.38, 0.61]   
1                                   0.711943                 [0.62, 0.8]   
2                                   0.391055                [0.29, 0.51]   
3                                   0.466916                [0.36, 0.58]   
4                                   0.582426                [0.48, 0.69]   
5                                   0.610442                [0.51, 0.71]   
6                                   0.636976                [0.54, 0.73]   
7                                   0.601506                  [0.5, 0.7]   
8                                   0.349349                [0.25, 0.47]   
9                                   0.456882                [0.36, 0.57]   
10                                  0.277134                [0.19, 0.39]   
11                                  0.594407                 [0.49, 0.7]   
12                                  0.378712                 [0.28, 0.5]   
13                                  0.538863                [0.44, 0.65]   
14                                  0.602038                 [0.5, 0.71]   
15                                  0.592446                 [0.49, 0.7]   
16                                  0.617759                [0.52, 0.72]   
17                                  0.486350                 [0.38, 0.6]   
18                                  0.535013                [0.43, 0.65]   
19                                  0.583977                [0.48, 0.69]   
20                                  0.564749                [0.46, 0.67]   
21                                  0.531407                [0.43, 0.64]   
22                                  0.575518                [0.47, 0.68]   
23                                  0.552282                [0.45, 0.66]   
24                                  0.639550                [0.54, 0.74]   
25                                  0.628419                [0.53, 0.73]   
26                                  0.585633                [0.49, 0.69]   

    Transitivity Consistency Ratio (%)  
0                            70.860927  
1                            70.909091  
2                            48.648649  
3                            70.909091  
4                            69.696970  
5                            72.121212  
6                            71.515152  
7                            70.807453  
8                            64.285714  
9                            70.909091  
10                           47.887324  
11                           70.303030  
12                           71.515152  
13                           69.871795  
14                           72.727273  
15                           70.394737  
16                           69.078947  
17                           70.909091  
18                           70.909091  
19                           71.698113  
20                           70.700637  
21                           73.333333  
22                           71.515152  
23                           71.515152  
24                           70.063694  
25                           70.909091  
26                           70.303030  

Results have been saved to 'reliability_analysis.csv'
Author
5      0.067070
6      2.499162
0     12.126060
4     14.434189
3     14.683591
8     15.523825
2     36.943395
10    48.444269
7     57.570414
1     92.031557
9     97.237816
Name: Score, dtype: float64

Results have been saved to 'pagerank_results_balanced.csv'
Combined Results:
                                          Subcategory  \
0                                     Topic Relevance   
1                    Comprehensiveness of Information   
2                             Accuracy of Information   
3                        Innovativeness of Viewpoints   
4       Integration of Interdisciplinary Perspectives   
5                        Clarity of Logical Structure   
6               Reasonableness of Chapter Arrangement   
7              Quality of Introduction and Conclusion   
8              Accuracy and Completeness of Citations   
9              Timeliness and Relevance of References   
10   Avoidance of Plagiarism and Appropriate Citation   
11             Critical Analysis of Existing Research   
12   Proposal of New Research Directions or Questions   
13                Potential Contribution to the Field   
14             Clarity of Research Method Description   
15                    Rationality of Method Selection   
16                           Rigor of Research Design   
17               Inclusion of Latest Research Results   
18            Reflection of Current Research Hotspots   
19                     Fluency of Language Expression   
20    Appropriateness of Professional Terminology Use   
21                          Conciseness of Expression   
22  Practical Application Potential of Research Re...   
23                Feasibility of Proposed Suggestions   
24                             Logic of Argumentation   
25                   Multi-angle Analysis of Problems   
26  Identification and Discussion of Research Limi...   

    ICC (Intraclass Correlation Coefficient) ICC 95% Confidence Interval  \
0                                   0.486820                [0.38, 0.61]   
1                                   0.711943                 [0.62, 0.8]   
2                                   0.391055                [0.29, 0.51]   
3                                   0.466916                [0.36, 0.58]   
4                                   0.582426                [0.48, 0.69]   
5                                   0.610442                [0.51, 0.71]   
6                                   0.636976                [0.54, 0.73]   
7                                   0.601506                  [0.5, 0.7]   
8                                   0.349349                [0.25, 0.47]   
9                                   0.456882                [0.36, 0.57]   
10                                  0.277134                [0.19, 0.39]   
11                                  0.594407                 [0.49, 0.7]   
12                                  0.378712                 [0.28, 0.5]   
13                                  0.538863                [0.44, 0.65]   
14                                  0.602038                 [0.5, 0.71]   
15                                  0.592446                 [0.49, 0.7]   
16                                  0.617759                [0.52, 0.72]   
17                                  0.486350                 [0.38, 0.6]   
18                                  0.535013                [0.43, 0.65]   
19                                  0.583977                [0.48, 0.69]   
20                                  0.564749                [0.46, 0.67]   
21                                  0.531407                [0.43, 0.64]   
22                                  0.575518                [0.47, 0.68]   
23                                  0.552282                [0.45, 0.66]   
24                                  0.639550                [0.54, 0.74]   
25                                  0.628419                [0.53, 0.73]   
26                                  0.585633                [0.49, 0.69]   

    Transitivity Consistency Ratio (%)  
0                            70.860927  
1                            70.909091  
2                            48.648649  
3                            70.909091  
4                            69.696970  
5                            72.121212  
6                            71.515152  
7                            70.807453  
8                            64.285714  
9                            70.909091  
10                           47.887324  
11                           70.303030  
12                           71.515152  
13                           69.871795  
14                           72.727273  
15                           70.394737  
16                           69.078947  
17                           70.909091  
18                           70.909091  
19                           71.698113  
20                           70.700637  
21                           73.333333  
22                           71.515152  
23                           71.515152  
24                           70.063694  
25                           70.909091  
26                           70.303030  

Results have been saved to 'reliability_analysis.csv'
