Author
10     0.285512
8      6.463427
3      6.650476
2     21.722056
7     23.547060
6     31.577463
9     73.626465
5     86.303621
0     93.024572
4     95.139119
1     99.983803
Name: Score, dtype: float64

Results have been saved to 'pagerank_results_balanced.csv'
Combined Results:
                                          Subcategory  \
0                                     Topic Relevance   
1                    Comprehensiveness of Information   
2                             Accuracy of Information   
3                        Innovativeness of Viewpoints   
4       Integration of Interdisciplinary Perspectives   
5                        Clarity of Logical Structure   
6               Reasonableness of Chapter Arrangement   
7              Quality of Introduction and Conclusion   
8              Accuracy and Completeness of Citations   
9              Timeliness and Relevance of References   
10   Avoidance of Plagiarism and Appropriate Citation   
11             Critical Analysis of Existing Research   
12   Proposal of New Research Directions or Questions   
13                Potential Contribution to the Field   
14             Clarity of Research Method Description   
15                    Rationality of Method Selection   
16                           Rigor of Research Design   
17               Inclusion of Latest Research Results   
18            Reflection of Current Research Hotspots   
19                     Fluency of Language Expression   
20    Appropriateness of Professional Terminology Use   
21                          Conciseness of Expression   
22  Practical Application Potential of Research Re...   
23                Feasibility of Proposed Suggestions   
24                             Logic of Argumentation   
25                   Multi-angle Analysis of Problems   
26  Identification and Discussion of Research Limi...   

    ICC (Intraclass Correlation Coefficient) ICC 95% Confidence Interval  \
0                                   0.448152                [0.35, 0.57]   
1                                   0.789085                [0.72, 0.85]   
2                                   0.159519                [0.09, 0.26]   
3                                   0.772271                 [0.7, 0.84]   
4                                   0.750607                [0.67, 0.82]   
5                                   0.775218                 [0.7, 0.84]   
6                                   0.765021                [0.69, 0.84]   
7                                   0.731844                [0.65, 0.81]   
8                                   0.559099                [0.46, 0.67]   
9                                   0.738160                [0.66, 0.81]   
10                                  0.256478                [0.17, 0.37]   
11                                  0.743370                [0.66, 0.82]   
12                                  0.741772                [0.66, 0.82]   
13                                  0.753426                [0.68, 0.83]   
14                                  0.704239                [0.62, 0.79]   
15                                  0.710195                [0.62, 0.79]   
16                                  0.703134                [0.62, 0.79]   
17                                  0.739172                [0.66, 0.82]   
18                                  0.747168                [0.67, 0.82]   
19                                  0.699773                [0.61, 0.78]   
20                                  0.679741                [0.59, 0.77]   
21                                  0.704818                [0.62, 0.79]   
22                                  0.727021                [0.64, 0.81]   
23                                  0.718527                 [0.63, 0.8]   
24                                  0.719219                 [0.64, 0.8]   
25                                  0.720056                 [0.64, 0.8]   
26                                  0.718481                 [0.63, 0.8]   

    Transitivity Consistency Ratio (%)  
0                            74.545455  
1                            74.545455  
2                            77.575758  
3                            76.363636  
4                            72.121212  
5                            75.757576  
6                            75.757576  
7                            75.757576  
8                            78.787879  
9                            72.121212  
10                           80.606061  
11                           76.363636  
12                           76.363636  
13                           76.969697  
14                           74.545455  
15                           74.545455  
16                           74.545455  
17                           72.121212  
18                           72.121212  
19                           75.757576  
20                           76.969697  
21                           75.757576  
22                           76.969697  
23                           76.969697  
24                           75.757576  
25                           72.121212  
26                           73.939394  

Results have been saved to 'reliability_analysis.csv'
Author
10      0.193651
8       6.267814
3       7.751689
2      18.718835
7      20.754219
6      27.082856
9      68.962369
5      84.187980
0      92.728565
4      94.667001
1     100.000000
Name: Score, dtype: float64

Results have been saved to 'pagerank_results_balanced.csv'
Combined Results:
                                          Subcategory  \
0                                     Topic Relevance   
1                    Comprehensiveness of Information   
2                             Accuracy of Information   
3                        Innovativeness of Viewpoints   
4       Integration of Interdisciplinary Perspectives   
5                        Clarity of Logical Structure   
6               Reasonableness of Chapter Arrangement   
7              Quality of Introduction and Conclusion   
8              Accuracy and Completeness of Citations   
9              Timeliness and Relevance of References   
10   Avoidance of Plagiarism and Appropriate Citation   
11             Critical Analysis of Existing Research   
12   Proposal of New Research Directions or Questions   
13                Potential Contribution to the Field   
14             Clarity of Research Method Description   
15                    Rationality of Method Selection   
16                           Rigor of Research Design   
17               Inclusion of Latest Research Results   
18            Reflection of Current Research Hotspots   
19                     Fluency of Language Expression   
20    Appropriateness of Professional Terminology Use   
21                          Conciseness of Expression   
22  Practical Application Potential of Research Re...   
23                Feasibility of Proposed Suggestions   
24                             Logic of Argumentation   
25                   Multi-angle Analysis of Problems   
26  Identification and Discussion of Research Limi...   

    ICC (Intraclass Correlation Coefficient) ICC 95% Confidence Interval  \
0                                   0.448152                [0.35, 0.57]   
1                                   0.789085                [0.72, 0.85]   
2                                   0.159519                [0.09, 0.26]   
3                                   0.772271                 [0.7, 0.84]   
4                                   0.750607                [0.67, 0.82]   
5                                   0.775218                 [0.7, 0.84]   
6                                   0.765021                [0.69, 0.84]   
7                                   0.731844                [0.65, 0.81]   
8                                   0.559099                [0.46, 0.67]   
9                                   0.738160                [0.66, 0.81]   
10                                  0.256478                [0.17, 0.37]   
11                                  0.743370                [0.66, 0.82]   
12                                  0.741772                [0.66, 0.82]   
13                                  0.753426                [0.68, 0.83]   
14                                  0.704239                [0.62, 0.79]   
15                                  0.710195                [0.62, 0.79]   
16                                  0.703134                [0.62, 0.79]   
17                                  0.739172                [0.66, 0.82]   
18                                  0.747168                [0.67, 0.82]   
19                                  0.699773                [0.61, 0.78]   
20                                  0.679741                [0.59, 0.77]   
21                                  0.704818                [0.62, 0.79]   
22                                  0.727021                [0.64, 0.81]   
23                                  0.718527                 [0.63, 0.8]   
24                                  0.719219                 [0.64, 0.8]   
25                                  0.720056                 [0.64, 0.8]   
26                                  0.718481                 [0.63, 0.8]   

    Transitivity Consistency Ratio (%)  
0                            71.812081  
1                            74.545455  
2                            43.939394  
3                            76.363636  
4                            72.121212  
5                            75.757576  
6                            75.757576  
7                            75.757576  
8                            66.981132  
9                            72.121212  
10                           52.238806  
11                           76.363636  
12                           76.363636  
13                           76.969697  
14                           74.545455  
15                           74.545455  
16                           73.750000  
17                           72.121212  
18                           72.121212  
19                           75.757576  
20                           76.969697  
21                           75.757576  
22                           76.969697  
23                           76.969697  
24                           75.757576  
25                           72.121212  
26                           73.939394  

Results have been saved to 'reliability_analysis.csv'
Author
10      0.193651
8       6.267814
3       7.751689
2      18.718835
7      20.754219
6      27.082856
9      68.962369
5      84.187980
0      92.728565
4      94.667001
1     100.000000
Name: Score, dtype: float64

Results have been saved to 'pagerank_results_balanced.csv'
Combined Results:
                                          Subcategory  \
0                                     Topic Relevance   
1                    Comprehensiveness of Information   
2                             Accuracy of Information   
3                        Innovativeness of Viewpoints   
4       Integration of Interdisciplinary Perspectives   
5                        Clarity of Logical Structure   
6               Reasonableness of Chapter Arrangement   
7              Quality of Introduction and Conclusion   
8              Accuracy and Completeness of Citations   
9              Timeliness and Relevance of References   
10   Avoidance of Plagiarism and Appropriate Citation   
11             Critical Analysis of Existing Research   
12   Proposal of New Research Directions or Questions   
13                Potential Contribution to the Field   
14             Clarity of Research Method Description   
15                    Rationality of Method Selection   
16                           Rigor of Research Design   
17               Inclusion of Latest Research Results   
18            Reflection of Current Research Hotspots   
19                     Fluency of Language Expression   
20    Appropriateness of Professional Terminology Use   
21                          Conciseness of Expression   
22  Practical Application Potential of Research Re...   
23                Feasibility of Proposed Suggestions   
24                             Logic of Argumentation   
25                   Multi-angle Analysis of Problems   
26  Identification and Discussion of Research Limi...   

    ICC (Intraclass Correlation Coefficient) ICC 95% Confidence Interval  \
0                                   0.448152                [0.35, 0.57]   
1                                   0.789085                [0.72, 0.85]   
2                                   0.159519                [0.09, 0.26]   
3                                   0.772271                 [0.7, 0.84]   
4                                   0.750607                [0.67, 0.82]   
5                                   0.775218                 [0.7, 0.84]   
6                                   0.765021                [0.69, 0.84]   
7                                   0.731844                [0.65, 0.81]   
8                                   0.559099                [0.46, 0.67]   
9                                   0.738160                [0.66, 0.81]   
10                                  0.256478                [0.17, 0.37]   
11                                  0.743370                [0.66, 0.82]   
12                                  0.741772                [0.66, 0.82]   
13                                  0.753426                [0.68, 0.83]   
14                                  0.704239                [0.62, 0.79]   
15                                  0.710195                [0.62, 0.79]   
16                                  0.703134                [0.62, 0.79]   
17                                  0.739172                [0.66, 0.82]   
18                                  0.747168                [0.67, 0.82]   
19                                  0.699773                [0.61, 0.78]   
20                                  0.679741                [0.59, 0.77]   
21                                  0.704818                [0.62, 0.79]   
22                                  0.727021                [0.64, 0.81]   
23                                  0.718527                 [0.63, 0.8]   
24                                  0.719219                 [0.64, 0.8]   
25                                  0.720056                 [0.64, 0.8]   
26                                  0.718481                 [0.63, 0.8]   

    Transitivity Consistency Ratio (%)  
0                            71.812081  
1                            74.545455  
2                            43.939394  
3                            76.363636  
4                            72.121212  
5                            75.757576  
6                            75.757576  
7                            75.757576  
8                            66.981132  
9                            72.121212  
10                           52.238806  
11                           76.363636  
12                           76.363636  
13                           76.969697  
14                           74.545455  
15                           74.545455  
16                           73.750000  
17                           72.121212  
18                           72.121212  
19                           75.757576  
20                           76.969697  
21                           75.757576  
22                           76.969697  
23                           76.969697  
24                           75.757576  
25                           72.121212  
26                           73.939394  

Results have been saved to 'reliability_analysis.csv'
