Author
2       0.077028
10     15.245239
5      32.507997
3      33.697133
1      40.343995
8      41.072166
0      56.806810
7      68.057330
6      82.824859
4      87.495835
9     100.000000
Name: Score, dtype: float64

Results have been saved to 'pagerank_results_balanced.csv'
Combined Results:
                                          Subcategory  \
0                                     Topic Relevance   
1                    Comprehensiveness of Information   
2                             Accuracy of Information   
3                        Innovativeness of Viewpoints   
4       Integration of Interdisciplinary Perspectives   
5                        Clarity of Logical Structure   
6               Reasonableness of Chapter Arrangement   
7              Quality of Introduction and Conclusion   
8              Accuracy and Completeness of Citations   
9              Timeliness and Relevance of References   
10   Avoidance of Plagiarism and Appropriate Citation   
11             Critical Analysis of Existing Research   
12   Proposal of New Research Directions or Questions   
13                Potential Contribution to the Field   
14             Clarity of Research Method Description   
15                    Rationality of Method Selection   
16                           Rigor of Research Design   
17               Inclusion of Latest Research Results   
18            Reflection of Current Research Hotspots   
19                     Fluency of Language Expression   
20    Appropriateness of Professional Terminology Use   
21                          Conciseness of Expression   
22  Practical Application Potential of Research Re...   
23                Feasibility of Proposed Suggestions   
24                             Logic of Argumentation   
25                   Multi-angle Analysis of Problems   
26  Identification and Discussion of Research Limi...   

    ICC (Intraclass Correlation Coefficient) ICC 95% Confidence Interval  \
0                                   0.731335                [0.65, 0.81]   
1                                   0.842747                [0.79, 0.89]   
2                                   0.255346                [0.17, 0.37]   
3                                   0.650674                [0.56, 0.75]   
4                                   0.772413                 [0.7, 0.84]   
5                                   0.791567                [0.72, 0.86]   
6                                   0.760906                [0.68, 0.83]   
7                                   0.691721                 [0.6, 0.78]   
8                                   0.523711                [0.42, 0.64]   
9                                   0.587565                [0.49, 0.69]   
10                                  0.206722                [0.13, 0.31]   
11                                  0.690350                 [0.6, 0.78]   
12                                  0.594763                  [0.5, 0.7]   
13                                  0.668650                [0.58, 0.76]   
14                                  0.641328                [0.55, 0.74]   
15                                  0.643509                [0.55, 0.74]   
16                                  0.614775                [0.52, 0.72]   
17                                  0.598609                  [0.5, 0.7]   
18                                  0.717475                 [0.63, 0.8]   
19                                  0.636978                [0.54, 0.73]   
20                                  0.639303                [0.54, 0.74]   
21                                  0.604884                [0.51, 0.71]   
22                                  0.693892                [0.61, 0.78]   
23                                  0.620651                [0.52, 0.72]   
24                                  0.693373                [0.61, 0.78]   
25                                  0.727519                [0.64, 0.81]   
26                                  0.616166                [0.52, 0.72]   

    Transitivity Consistency Ratio (%)  
0                            77.575758  
1                            73.939394  
2                            84.242424  
3                            77.575758  
4                            73.939394  
5                            76.969697  
6                            75.757576  
7                            76.363636  
8                            80.606061  
9                            73.939394  
10                           81.818182  
11                           76.969697  
12                           75.757576  
13                           74.545455  
14                           73.939394  
15                           73.939394  
16                           73.939394  
17                           73.939394  
18                           73.939394  
19                           76.363636  
20                           78.181818  
21                           75.151515  
22                           73.333333  
23                           71.515152  
24                           75.151515  
25                           75.151515  
26                           75.151515  

Results have been saved to 'reliability_analysis.csv'
Author
2       0.095299
10     11.695049
3      23.789309
5      27.810594
8      31.571647
1      40.417269
0      50.716661
7      65.603887
6      80.452022
4      85.963188
9     100.000000
Name: Score, dtype: float64

Results have been saved to 'pagerank_results_balanced.csv'
Combined Results:
                                          Subcategory  \
0                                     Topic Relevance   
1                    Comprehensiveness of Information   
2                             Accuracy of Information   
3                        Innovativeness of Viewpoints   
4       Integration of Interdisciplinary Perspectives   
5                        Clarity of Logical Structure   
6               Reasonableness of Chapter Arrangement   
7              Quality of Introduction and Conclusion   
8              Accuracy and Completeness of Citations   
9              Timeliness and Relevance of References   
10   Avoidance of Plagiarism and Appropriate Citation   
11             Critical Analysis of Existing Research   
12   Proposal of New Research Directions or Questions   
13                Potential Contribution to the Field   
14             Clarity of Research Method Description   
15                    Rationality of Method Selection   
16                           Rigor of Research Design   
17               Inclusion of Latest Research Results   
18            Reflection of Current Research Hotspots   
19                     Fluency of Language Expression   
20    Appropriateness of Professional Terminology Use   
21                          Conciseness of Expression   
22  Practical Application Potential of Research Re...   
23                Feasibility of Proposed Suggestions   
24                             Logic of Argumentation   
25                   Multi-angle Analysis of Problems   
26  Identification and Discussion of Research Limi...   

    ICC (Intraclass Correlation Coefficient) ICC 95% Confidence Interval  \
0                                   0.731335                [0.65, 0.81]   
1                                   0.842747                [0.79, 0.89]   
2                                   0.255346                [0.17, 0.37]   
3                                   0.650674                [0.56, 0.75]   
4                                   0.772413                 [0.7, 0.84]   
5                                   0.791567                [0.72, 0.86]   
6                                   0.760906                [0.68, 0.83]   
7                                   0.691721                 [0.6, 0.78]   
8                                   0.523711                [0.42, 0.64]   
9                                   0.587565                [0.49, 0.69]   
10                                  0.206722                [0.13, 0.31]   
11                                  0.690350                 [0.6, 0.78]   
12                                  0.594763                  [0.5, 0.7]   
13                                  0.668650                [0.58, 0.76]   
14                                  0.641328                [0.55, 0.74]   
15                                  0.643509                [0.55, 0.74]   
16                                  0.614775                [0.52, 0.72]   
17                                  0.598609                  [0.5, 0.7]   
18                                  0.717475                 [0.63, 0.8]   
19                                  0.636978                [0.54, 0.73]   
20                                  0.639303                [0.54, 0.74]   
21                                  0.604884                [0.51, 0.71]   
22                                  0.693892                [0.61, 0.78]   
23                                  0.620651                [0.52, 0.72]   
24                                  0.693373                [0.61, 0.78]   
25                                  0.727519                [0.64, 0.81]   
26                                  0.616166                [0.52, 0.72]   

    Transitivity Consistency Ratio (%)  
0                            68.103448  
1                            73.939394  
2                            53.571429  
3                            77.575758  
4                            73.939394  
5                            76.969697  
6                            75.757576  
7                            76.363636  
8                            68.316832  
9                            73.939394  
10                           53.846154  
11                           76.969697  
12                           75.757576  
13                           74.545455  
14                           73.939394  
15                           73.939394  
16                           73.939394  
17                           73.939394  
18                           73.939394  
19                           76.363636  
20                           78.181818  
21                           74.050633  
22                           73.333333  
23                           69.281046  
24                           75.151515  
25                           75.151515  
26                           75.151515  

Results have been saved to 'reliability_analysis.csv'
Author
2       0.095299
10     11.695049
3      23.789309
5      27.810594
8      31.571647
1      40.417269
0      50.716661
7      65.603887
6      80.452022
4      85.963188
9     100.000000
Name: Score, dtype: float64

Results have been saved to 'pagerank_results_balanced.csv'
Combined Results:
                                          Subcategory  \
0                                     Topic Relevance   
1                    Comprehensiveness of Information   
2                             Accuracy of Information   
3                        Innovativeness of Viewpoints   
4       Integration of Interdisciplinary Perspectives   
5                        Clarity of Logical Structure   
6               Reasonableness of Chapter Arrangement   
7              Quality of Introduction and Conclusion   
8              Accuracy and Completeness of Citations   
9              Timeliness and Relevance of References   
10   Avoidance of Plagiarism and Appropriate Citation   
11             Critical Analysis of Existing Research   
12   Proposal of New Research Directions or Questions   
13                Potential Contribution to the Field   
14             Clarity of Research Method Description   
15                    Rationality of Method Selection   
16                           Rigor of Research Design   
17               Inclusion of Latest Research Results   
18            Reflection of Current Research Hotspots   
19                     Fluency of Language Expression   
20    Appropriateness of Professional Terminology Use   
21                          Conciseness of Expression   
22  Practical Application Potential of Research Re...   
23                Feasibility of Proposed Suggestions   
24                             Logic of Argumentation   
25                   Multi-angle Analysis of Problems   
26  Identification and Discussion of Research Limi...   

    ICC (Intraclass Correlation Coefficient) ICC 95% Confidence Interval  \
0                                   0.731335                [0.65, 0.81]   
1                                   0.842747                [0.79, 0.89]   
2                                   0.255346                [0.17, 0.37]   
3                                   0.650674                [0.56, 0.75]   
4                                   0.772413                 [0.7, 0.84]   
5                                   0.791567                [0.72, 0.86]   
6                                   0.760906                [0.68, 0.83]   
7                                   0.691721                 [0.6, 0.78]   
8                                   0.523711                [0.42, 0.64]   
9                                   0.587565                [0.49, 0.69]   
10                                  0.206722                [0.13, 0.31]   
11                                  0.690350                 [0.6, 0.78]   
12                                  0.594763                  [0.5, 0.7]   
13                                  0.668650                [0.58, 0.76]   
14                                  0.641328                [0.55, 0.74]   
15                                  0.643509                [0.55, 0.74]   
16                                  0.614775                [0.52, 0.72]   
17                                  0.598609                  [0.5, 0.7]   
18                                  0.717475                 [0.63, 0.8]   
19                                  0.636978                [0.54, 0.73]   
20                                  0.639303                [0.54, 0.74]   
21                                  0.604884                [0.51, 0.71]   
22                                  0.693892                [0.61, 0.78]   
23                                  0.620651                [0.52, 0.72]   
24                                  0.693373                [0.61, 0.78]   
25                                  0.727519                [0.64, 0.81]   
26                                  0.616166                [0.52, 0.72]   

    Transitivity Consistency Ratio (%)  
0                            68.103448  
1                            73.939394  
2                            53.571429  
3                            77.575758  
4                            73.939394  
5                            76.969697  
6                            75.757576  
7                            76.363636  
8                            68.316832  
9                            73.939394  
10                           53.846154  
11                           76.969697  
12                           75.757576  
13                           74.545455  
14                           73.939394  
15                           73.939394  
16                           73.939394  
17                           73.939394  
18                           73.939394  
19                           76.363636  
20                           78.181818  
21                           74.050633  
22                           73.333333  
23                           69.281046  
24                           75.151515  
25                           75.151515  
26                           75.151515  

Results have been saved to 'reliability_analysis.csv'
