Author
10     0.000000
8     42.473531
0     51.218420
1     54.348684
7     61.555068
6     71.344946
2     82.564671
3     84.563265
4     90.449217
5     95.501601
9     98.580497
Name: Score, dtype: float64

Results have been saved to 'pagerank_results_balanced.csv'
Combined Results:
                                          Subcategory  \
0                                     Topic Relevance   
1                    Comprehensiveness of Information   
2                             Accuracy of Information   
3                        Innovativeness of Viewpoints   
4       Integration of Interdisciplinary Perspectives   
5                        Clarity of Logical Structure   
6               Reasonableness of Chapter Arrangement   
7              Quality of Introduction and Conclusion   
8              Accuracy and Completeness of Citations   
9              Timeliness and Relevance of References   
10   Avoidance of Plagiarism and Appropriate Citation   
11             Critical Analysis of Existing Research   
12   Proposal of New Research Directions or Questions   
13                Potential Contribution to the Field   
14             Clarity of Research Method Description   
15                    Rationality of Method Selection   
16                           Rigor of Research Design   
17               Inclusion of Latest Research Results   
18            Reflection of Current Research Hotspots   
19                     Fluency of Language Expression   
20    Appropriateness of Professional Terminology Use   
21                          Conciseness of Expression   
22  Practical Application Potential of Research Re...   
23                Feasibility of Proposed Suggestions   
24                             Logic of Argumentation   
25                   Multi-angle Analysis of Problems   
26  Identification and Discussion of Research Limi...   

    ICC (Intraclass Correlation Coefficient) ICC 95% Confidence Interval  \
0                                   0.442206                [0.34, 0.56]   
1                                   0.873525                [0.83, 0.91]   
2                                   0.575566                [0.48, 0.68]   
3                                   0.593980                 [0.49, 0.7]   
4                                   0.837414                [0.78, 0.89]   
5                                   0.746816                [0.67, 0.82]   
6                                   0.744205                [0.66, 0.82]   
7                                   0.678002                [0.59, 0.77]   
8                                   0.769556                 [0.7, 0.84]   
9                                   0.790924                [0.72, 0.85]   
10                                  0.509781                [0.41, 0.62]   
11                                  0.606214                 [0.5, 0.71]   
12                                  0.648368                [0.55, 0.74]   
13                                  0.600294                 [0.5, 0.71]   
14                                  0.743235                [0.66, 0.82]   
15                                  0.772609                 [0.7, 0.84]   
16                                  0.748696                [0.67, 0.82]   
17                                  0.797994                [0.73, 0.86]   
18                                  0.793662                [0.72, 0.86]   
19                                  0.630580                [0.53, 0.73]   
20                                  0.690305                 [0.6, 0.78]   
21                                  0.612757                [0.52, 0.71]   
22                                  0.585689                [0.48, 0.69]   
23                                  0.528295                [0.43, 0.64]   
24                                  0.671971                [0.58, 0.76]   
25                                  0.805510                [0.74, 0.87]   
26                                  0.681177                [0.59, 0.77]   

    Transitivity Consistency Ratio (%)  
0                            95.757576  
1                            77.575758  
2                            95.757576  
3                            82.424242  
4                            80.606061  
5                            78.787879  
6                            77.575758  
7                            78.181818  
8                            87.272727  
9                            81.818182  
10                           95.151515  
11                           86.060606  
12                           81.212121  
13                           84.242424  
14                           75.757576  
15                           75.757576  
16                           75.757576  
17                           80.606061  
18                           80.000000  
19                           76.969697  
20                           79.393939  
21                           81.818182  
22                           80.606061  
23                           78.787879  
24                           83.030303  
25                           78.181818  
26                           78.787879  

Results have been saved to 'reliability_analysis.csv'
Author
10     0.000000
8     42.473531
0     51.218420
1     54.348684
7     61.555068
6     71.344946
2     82.564671
3     84.563265
4     90.449217
5     95.501601
9     98.580497
Name: Score, dtype: float64

Results have been saved to 'pagerank_results_balanced.csv'
Combined Results:
                                          Subcategory  \
0                                     Topic Relevance   
1                    Comprehensiveness of Information   
2                             Accuracy of Information   
3                        Innovativeness of Viewpoints   
4       Integration of Interdisciplinary Perspectives   
5                        Clarity of Logical Structure   
6               Reasonableness of Chapter Arrangement   
7              Quality of Introduction and Conclusion   
8              Accuracy and Completeness of Citations   
9              Timeliness and Relevance of References   
10   Avoidance of Plagiarism and Appropriate Citation   
11             Critical Analysis of Existing Research   
12   Proposal of New Research Directions or Questions   
13                Potential Contribution to the Field   
14             Clarity of Research Method Description   
15                    Rationality of Method Selection   
16                           Rigor of Research Design   
17               Inclusion of Latest Research Results   
18            Reflection of Current Research Hotspots   
19                     Fluency of Language Expression   
20    Appropriateness of Professional Terminology Use   
21                          Conciseness of Expression   
22  Practical Application Potential of Research Re...   
23                Feasibility of Proposed Suggestions   
24                             Logic of Argumentation   
25                   Multi-angle Analysis of Problems   
26  Identification and Discussion of Research Limi...   

    ICC (Intraclass Correlation Coefficient) ICC 95% Confidence Interval  \
0                                   0.442206                [0.34, 0.56]   
1                                   0.873525                [0.83, 0.91]   
2                                   0.575566                [0.48, 0.68]   
3                                   0.593980                 [0.49, 0.7]   
4                                   0.837414                [0.78, 0.89]   
5                                   0.746816                [0.67, 0.82]   
6                                   0.744205                [0.66, 0.82]   
7                                   0.678002                [0.59, 0.77]   
8                                   0.769556                 [0.7, 0.84]   
9                                   0.790924                [0.72, 0.85]   
10                                  0.509781                [0.41, 0.62]   
11                                  0.606214                 [0.5, 0.71]   
12                                  0.648368                [0.55, 0.74]   
13                                  0.600294                 [0.5, 0.71]   
14                                  0.743235                [0.66, 0.82]   
15                                  0.772609                 [0.7, 0.84]   
16                                  0.748696                [0.67, 0.82]   
17                                  0.797994                [0.73, 0.86]   
18                                  0.793662                [0.72, 0.86]   
19                                  0.630580                [0.53, 0.73]   
20                                  0.690305                 [0.6, 0.78]   
21                                  0.612757                [0.52, 0.71]   
22                                  0.585689                [0.48, 0.69]   
23                                  0.528295                [0.43, 0.64]   
24                                  0.671971                [0.58, 0.76]   
25                                  0.805510                [0.74, 0.87]   
26                                  0.681177                [0.59, 0.77]   

    Transitivity Consistency Ratio (%)  
0                            95.757576  
1                            77.575758  
2                            95.757576  
3                            82.424242  
4                            80.606061  
5                            78.787879  
6                            77.575758  
7                            78.181818  
8                            87.272727  
9                            81.818182  
10                           95.151515  
11                           86.060606  
12                           81.212121  
13                           84.242424  
14                           75.757576  
15                           75.757576  
16                           75.757576  
17                           80.606061  
18                           80.000000  
19                           76.969697  
20                           79.393939  
21                           81.818182  
22                           80.606061  
23                           78.787879  
24                           83.030303  
25                           78.181818  
26                           78.787879  

Results have been saved to 'reliability_analysis.csv'
Author
10     0.000000
8     42.728306
0     50.845434
1     53.664170
7     61.254937
6     70.748380
2     82.096422
3     83.939569
4     89.930583
5     94.447822
9     98.598635
Name: Score, dtype: float64

Results have been saved to 'pagerank_results_balanced.csv'
Combined Results:
                                          Subcategory  \
0                                     Topic Relevance   
1                    Comprehensiveness of Information   
2                             Accuracy of Information   
3                        Innovativeness of Viewpoints   
4       Integration of Interdisciplinary Perspectives   
5                        Clarity of Logical Structure   
6               Reasonableness of Chapter Arrangement   
7              Quality of Introduction and Conclusion   
8              Accuracy and Completeness of Citations   
9              Timeliness and Relevance of References   
10   Avoidance of Plagiarism and Appropriate Citation   
11             Critical Analysis of Existing Research   
12   Proposal of New Research Directions or Questions   
13                Potential Contribution to the Field   
14             Clarity of Research Method Description   
15                    Rationality of Method Selection   
16                           Rigor of Research Design   
17               Inclusion of Latest Research Results   
18            Reflection of Current Research Hotspots   
19                     Fluency of Language Expression   
20    Appropriateness of Professional Terminology Use   
21                          Conciseness of Expression   
22  Practical Application Potential of Research Re...   
23                Feasibility of Proposed Suggestions   
24                             Logic of Argumentation   
25                   Multi-angle Analysis of Problems   
26  Identification and Discussion of Research Limi...   

    ICC (Intraclass Correlation Coefficient) ICC 95% Confidence Interval  \
0                                   0.442206                [0.34, 0.56]   
1                                   0.873525                [0.83, 0.91]   
2                                   0.575566                [0.48, 0.68]   
3                                   0.593980                 [0.49, 0.7]   
4                                   0.837414                [0.78, 0.89]   
5                                   0.746816                [0.67, 0.82]   
6                                   0.744205                [0.66, 0.82]   
7                                   0.678002                [0.59, 0.77]   
8                                   0.769556                 [0.7, 0.84]   
9                                   0.790924                [0.72, 0.85]   
10                                  0.509781                [0.41, 0.62]   
11                                  0.606214                 [0.5, 0.71]   
12                                  0.648368                [0.55, 0.74]   
13                                  0.600294                 [0.5, 0.71]   
14                                  0.743235                [0.66, 0.82]   
15                                  0.772609                 [0.7, 0.84]   
16                                  0.748696                [0.67, 0.82]   
17                                  0.797994                [0.73, 0.86]   
18                                  0.793662                [0.72, 0.86]   
19                                  0.630580                [0.53, 0.73]   
20                                  0.690305                 [0.6, 0.78]   
21                                  0.612757                [0.52, 0.71]   
22                                  0.585689                [0.48, 0.69]   
23                                  0.528295                [0.43, 0.64]   
24                                  0.671971                [0.58, 0.76]   
25                                  0.805510                [0.74, 0.87]   
26                                  0.681177                [0.59, 0.77]   

    Transitivity Consistency Ratio (%)  
0                            41.666667  
1                            77.575758  
2                            53.333333  
3                            82.424242  
4                            80.000000  
5                            75.177305  
6                            77.575758  
7                            78.181818  
8                            34.375000  
9                            81.818182  
10                           38.461538  
11                           85.256410  
12                           80.625000  
13                           82.432432  
14                           72.413793  
15                           75.757576  
16                           75.757576  
17                           79.874214  
18                           80.000000  
19                           72.857143  
20                           75.000000  
21                           81.818182  
22                           79.617834  
23                           77.987421  
24                           82.278481  
25                           78.181818  
26                           77.564103  

Results have been saved to 'reliability_analysis.csv'
Author
10     0.000000
8     42.728306
0     50.845434
1     53.664170
7     61.254937
6     70.748380
2     82.096422
3     83.939569
4     89.930583
5     94.447822
9     98.598635
Name: Score, dtype: float64

Results have been saved to 'pagerank_results_balanced.csv'
Combined Results:
                                          Subcategory  \
0                                     Topic Relevance   
1                    Comprehensiveness of Information   
2                             Accuracy of Information   
3                        Innovativeness of Viewpoints   
4       Integration of Interdisciplinary Perspectives   
5                        Clarity of Logical Structure   
6               Reasonableness of Chapter Arrangement   
7              Quality of Introduction and Conclusion   
8              Accuracy and Completeness of Citations   
9              Timeliness and Relevance of References   
10   Avoidance of Plagiarism and Appropriate Citation   
11             Critical Analysis of Existing Research   
12   Proposal of New Research Directions or Questions   
13                Potential Contribution to the Field   
14             Clarity of Research Method Description   
15                    Rationality of Method Selection   
16                           Rigor of Research Design   
17               Inclusion of Latest Research Results   
18            Reflection of Current Research Hotspots   
19                     Fluency of Language Expression   
20    Appropriateness of Professional Terminology Use   
21                          Conciseness of Expression   
22  Practical Application Potential of Research Re...   
23                Feasibility of Proposed Suggestions   
24                             Logic of Argumentation   
25                   Multi-angle Analysis of Problems   
26  Identification and Discussion of Research Limi...   

    ICC (Intraclass Correlation Coefficient) ICC 95% Confidence Interval  \
0                                   0.442206                [0.34, 0.56]   
1                                   0.873525                [0.83, 0.91]   
2                                   0.575566                [0.48, 0.68]   
3                                   0.593980                 [0.49, 0.7]   
4                                   0.837414                [0.78, 0.89]   
5                                   0.746816                [0.67, 0.82]   
6                                   0.744205                [0.66, 0.82]   
7                                   0.678002                [0.59, 0.77]   
8                                   0.769556                 [0.7, 0.84]   
9                                   0.790924                [0.72, 0.85]   
10                                  0.509781                [0.41, 0.62]   
11                                  0.606214                 [0.5, 0.71]   
12                                  0.648368                [0.55, 0.74]   
13                                  0.600294                 [0.5, 0.71]   
14                                  0.743235                [0.66, 0.82]   
15                                  0.772609                 [0.7, 0.84]   
16                                  0.748696                [0.67, 0.82]   
17                                  0.797994                [0.73, 0.86]   
18                                  0.793662                [0.72, 0.86]   
19                                  0.630580                [0.53, 0.73]   
20                                  0.690305                 [0.6, 0.78]   
21                                  0.612757                [0.52, 0.71]   
22                                  0.585689                [0.48, 0.69]   
23                                  0.528295                [0.43, 0.64]   
24                                  0.671971                [0.58, 0.76]   
25                                  0.805510                [0.74, 0.87]   
26                                  0.681177                [0.59, 0.77]   

    Transitivity Consistency Ratio (%)  
0                            41.666667  
1                            77.575758  
2                            53.333333  
3                            82.424242  
4                            80.000000  
5                            75.177305  
6                            77.575758  
7                            78.181818  
8                            34.375000  
9                            81.818182  
10                           38.461538  
11                           85.256410  
12                           80.625000  
13                           82.432432  
14                           72.413793  
15                           75.757576  
16                           75.757576  
17                           79.874214  
18                           80.000000  
19                           72.857143  
20                           75.000000  
21                           81.818182  
22                           79.617834  
23                           77.987421  
24                           82.278481  
25                           78.181818  
26                           77.564103  

Results have been saved to 'reliability_analysis.csv'
