Author
5       0.777866
6       1.087964
1       1.753699
3       2.268783
8       5.775208
7       5.958212
0       6.004719
10      7.812569
4      49.506856
2      55.682150
9     100.000000
Name: Score, dtype: float64

Results have been saved to 'pagerank_results_balanced.csv'
Combined Results:
                                          Subcategory  \
0                                     Topic Relevance   
1                    Comprehensiveness of Information   
2                             Accuracy of Information   
3                        Innovativeness of Viewpoints   
4       Integration of Interdisciplinary Perspectives   
5                        Clarity of Logical Structure   
6               Reasonableness of Chapter Arrangement   
7              Quality of Introduction and Conclusion   
8              Accuracy and Completeness of Citations   
9              Timeliness and Relevance of References   
10   Avoidance of Plagiarism and Appropriate Citation   
11             Critical Analysis of Existing Research   
12   Proposal of New Research Directions or Questions   
13                Potential Contribution to the Field   
14             Clarity of Research Method Description   
15                    Rationality of Method Selection   
16                           Rigor of Research Design   
17               Inclusion of Latest Research Results   
18            Reflection of Current Research Hotspots   
19                     Fluency of Language Expression   
20    Appropriateness of Professional Terminology Use   
21                          Conciseness of Expression   
22  Practical Application Potential of Research Re...   
23                Feasibility of Proposed Suggestions   
24                             Logic of Argumentation   
25                   Multi-angle Analysis of Problems   
26  Identification and Discussion of Research Limi...   

    ICC (Intraclass Correlation Coefficient) ICC 95% Confidence Interval  \
0                                   0.586112                [0.49, 0.69]   
1                                   0.847941                 [0.79, 0.9]   
2                                   0.639822                [0.55, 0.74]   
3                                   0.745310                [0.67, 0.82]   
4                                   0.805809                [0.74, 0.87]   
5                                   0.813463                [0.75, 0.87]   
6                                   0.808119                [0.74, 0.87]   
7                                   0.771879                 [0.7, 0.84]   
8                                   0.548530                [0.45, 0.66]   
9                                   0.775754                 [0.7, 0.84]   
10                                  0.536885                [0.44, 0.65]   
11                                  0.751294                [0.67, 0.83]   
12                                  0.702953                [0.62, 0.79]   
13                                  0.747300                [0.67, 0.82]   
14                                  0.781821                [0.71, 0.85]   
15                                  0.792822                [0.72, 0.86]   
16                                  0.785319                [0.71, 0.85]   
17                                  0.793485                [0.72, 0.86]   
18                                  0.778374                [0.71, 0.85]   
19                                  0.712318                [0.63, 0.79]   
20                                  0.699685                [0.61, 0.78]   
21                                  0.672491                [0.58, 0.76]   
22                                  0.719827                 [0.64, 0.8]   
23                                  0.481300                 [0.38, 0.6]   
24                                  0.761267                [0.69, 0.83]   
25                                  0.770681                 [0.7, 0.84]   
26                                  0.634208                [0.54, 0.73]   

    Transitivity Consistency Ratio (%)  
0                            89.090909  
1                            78.181818  
2                            88.484848  
3                            76.969697  
4                            73.333333  
5                            70.909091  
6                            71.515152  
7                            71.515152  
8                            81.212121  
9                            76.363636  
10                           88.484848  
11                           76.363636  
12                           75.757576  
13                           75.757576  
14                           76.363636  
15                           75.151515  
16                           75.151515  
17                           76.363636  
18                           75.757576  
19                           70.909091  
20                           76.363636  
21                           71.515152  
22                           75.757576  
23                           70.909091  
24                           70.303030  
25                           73.333333  
26                           72.121212  

Results have been saved to 'reliability_analysis.csv'
Author
10    12.889526
5     30.432917
6     35.419745
1     40.822529
3     50.202281
0     52.887606
7     52.916269
8     55.598244
4     74.036101
2     75.991334
9     85.766952
Name: Score, dtype: float64

Results have been saved to 'pagerank_results_balanced.csv'
Combined Results:
                                          Subcategory  \
0                                     Topic Relevance   
1                    Comprehensiveness of Information   
2                             Accuracy of Information   
3                        Innovativeness of Viewpoints   
4       Integration of Interdisciplinary Perspectives   
5                        Clarity of Logical Structure   
6               Reasonableness of Chapter Arrangement   
7              Quality of Introduction and Conclusion   
8              Accuracy and Completeness of Citations   
9              Timeliness and Relevance of References   
10   Avoidance of Plagiarism and Appropriate Citation   
11             Critical Analysis of Existing Research   
12   Proposal of New Research Directions or Questions   
13                Potential Contribution to the Field   
14             Clarity of Research Method Description   
15                    Rationality of Method Selection   
16                           Rigor of Research Design   
17               Inclusion of Latest Research Results   
18            Reflection of Current Research Hotspots   
19                     Fluency of Language Expression   
20    Appropriateness of Professional Terminology Use   
21                          Conciseness of Expression   
22  Practical Application Potential of Research Re...   
23                Feasibility of Proposed Suggestions   
24                             Logic of Argumentation   
25                   Multi-angle Analysis of Problems   
26  Identification and Discussion of Research Limi...   

    ICC (Intraclass Correlation Coefficient) ICC 95% Confidence Interval  \
0                                   0.631495                [0.53, 0.73]   
1                                   0.870694                [0.82, 0.91]   
2                                   0.635642                [0.54, 0.73]   
3                                   0.821884                [0.76, 0.88]   
4                                   0.844099                [0.79, 0.89]   
5                                   0.862040                [0.81, 0.91]   
6                                   0.844090                [0.79, 0.89]   
7                                   0.819275                [0.76, 0.88]   
8                                   0.749735                [0.67, 0.82]   
9                                   0.789284                [0.72, 0.85]   
10                                  0.401768                 [0.3, 0.52]   
11                                  0.824999                [0.76, 0.88]   
12                                  0.787177                [0.71, 0.85]   
13                                  0.813700                [0.75, 0.87]   
14                                  0.794796                [0.73, 0.86]   
15                                  0.794769                [0.73, 0.86]   
16                                  0.776732                 [0.7, 0.84]   
17                                  0.811298                [0.75, 0.87]   
18                                  0.818492                [0.76, 0.88]   
19                                  0.738827                [0.66, 0.82]   
20                                  0.739904                [0.66, 0.82]   
21                                  0.721192                 [0.64, 0.8]   
22                                  0.803022                [0.73, 0.86]   
23                                  0.655575                [0.56, 0.75]   
24                                  0.828529                [0.77, 0.88]   
25                                  0.833880                [0.77, 0.89]   
26                                  0.733299                [0.65, 0.81]   

    Transitivity Consistency Ratio (%)  
0                            87.272727  
1                            76.363636  
2                            87.878788  
3                            76.969697  
4                            75.757576  
5                            75.757576  
6                            76.363636  
7                            75.757576  
8                            80.606061  
9                            76.969697  
10                           87.878788  
11                           76.969697  
12                           76.363636  
13                           76.363636  
14                           76.363636  
15                           75.757576  
16                           75.757576  
17                           76.969697  
18                           76.969697  
19                           75.757576  
20                           75.757576  
21                           75.757576  
22                           76.363636  
23                           76.363636  
24                           75.757576  
25                           76.363636  
26                           76.363636  

Results have been saved to 'reliability_analysis.csv'
Author
10    12.889526
5     30.432917
6     35.419745
1     40.822529
3     50.202281
0     52.887606
7     52.916269
8     55.598244
4     74.036101
2     75.991334
9     85.766952
Name: Score, dtype: float64

Results have been saved to 'pagerank_results_balanced.csv'
Combined Results:
                                          Subcategory  \
0                                     Topic Relevance   
1                    Comprehensiveness of Information   
2                             Accuracy of Information   
3                        Innovativeness of Viewpoints   
4       Integration of Interdisciplinary Perspectives   
5                        Clarity of Logical Structure   
6               Reasonableness of Chapter Arrangement   
7              Quality of Introduction and Conclusion   
8              Accuracy and Completeness of Citations   
9              Timeliness and Relevance of References   
10   Avoidance of Plagiarism and Appropriate Citation   
11             Critical Analysis of Existing Research   
12   Proposal of New Research Directions or Questions   
13                Potential Contribution to the Field   
14             Clarity of Research Method Description   
15                    Rationality of Method Selection   
16                           Rigor of Research Design   
17               Inclusion of Latest Research Results   
18            Reflection of Current Research Hotspots   
19                     Fluency of Language Expression   
20    Appropriateness of Professional Terminology Use   
21                          Conciseness of Expression   
22  Practical Application Potential of Research Re...   
23                Feasibility of Proposed Suggestions   
24                             Logic of Argumentation   
25                   Multi-angle Analysis of Problems   
26  Identification and Discussion of Research Limi...   

    ICC (Intraclass Correlation Coefficient) ICC 95% Confidence Interval  \
0                                   0.631495                [0.53, 0.73]   
1                                   0.870694                [0.82, 0.91]   
2                                   0.635642                [0.54, 0.73]   
3                                   0.821884                [0.76, 0.88]   
4                                   0.844099                [0.79, 0.89]   
5                                   0.862040                [0.81, 0.91]   
6                                   0.844090                [0.79, 0.89]   
7                                   0.819275                [0.76, 0.88]   
8                                   0.749735                [0.67, 0.82]   
9                                   0.789284                [0.72, 0.85]   
10                                  0.401768                 [0.3, 0.52]   
11                                  0.824999                [0.76, 0.88]   
12                                  0.787177                [0.71, 0.85]   
13                                  0.813700                [0.75, 0.87]   
14                                  0.794796                [0.73, 0.86]   
15                                  0.794769                [0.73, 0.86]   
16                                  0.776732                 [0.7, 0.84]   
17                                  0.811298                [0.75, 0.87]   
18                                  0.818492                [0.76, 0.88]   
19                                  0.738827                [0.66, 0.82]   
20                                  0.739904                [0.66, 0.82]   
21                                  0.721192                 [0.64, 0.8]   
22                                  0.803022                [0.73, 0.86]   
23                                  0.655575                [0.56, 0.75]   
24                                  0.828529                [0.77, 0.88]   
25                                  0.833880                [0.77, 0.89]   
26                                  0.733299                [0.65, 0.81]   

    Transitivity Consistency Ratio (%)  
0                            87.272727  
1                            76.363636  
2                            87.878788  
3                            76.969697  
4                            75.757576  
5                            75.757576  
6                            76.363636  
7                            75.757576  
8                            80.606061  
9                            76.969697  
10                           87.878788  
11                           76.969697  
12                           76.363636  
13                           76.363636  
14                           76.363636  
15                           75.757576  
16                           75.757576  
17                           76.969697  
18                           76.969697  
19                           75.757576  
20                           75.757576  
21                           75.757576  
22                           76.363636  
23                           76.363636  
24                           75.757576  
25                           76.363636  
26                           76.363636  

Results have been saved to 'reliability_analysis.csv'
Author
10      0.000000
5      34.919651
6      39.676059
3      46.158104
1      46.334123
8      60.452432
0      62.415873
7      64.184081
4      88.902319
2      89.451057
9     100.000000
Name: Score, dtype: float64

Results have been saved to 'pagerank_results_balanced.csv'
Combined Results:
                                          Subcategory  \
0                                     Topic Relevance   
1                    Comprehensiveness of Information   
2                             Accuracy of Information   
3                        Innovativeness of Viewpoints   
4       Integration of Interdisciplinary Perspectives   
5                        Clarity of Logical Structure   
6               Reasonableness of Chapter Arrangement   
7              Quality of Introduction and Conclusion   
8              Accuracy and Completeness of Citations   
9              Timeliness and Relevance of References   
10   Avoidance of Plagiarism and Appropriate Citation   
11             Critical Analysis of Existing Research   
12   Proposal of New Research Directions or Questions   
13                Potential Contribution to the Field   
14             Clarity of Research Method Description   
15                    Rationality of Method Selection   
16                           Rigor of Research Design   
17               Inclusion of Latest Research Results   
18            Reflection of Current Research Hotspots   
19                     Fluency of Language Expression   
20    Appropriateness of Professional Terminology Use   
21                          Conciseness of Expression   
22  Practical Application Potential of Research Re...   
23                Feasibility of Proposed Suggestions   
24                             Logic of Argumentation   
25                   Multi-angle Analysis of Problems   
26  Identification and Discussion of Research Limi...   

    ICC (Intraclass Correlation Coefficient) ICC 95% Confidence Interval  \
0                                   0.631495                [0.53, 0.73]   
1                                   0.870694                [0.82, 0.91]   
2                                   0.635642                [0.54, 0.73]   
3                                   0.821884                [0.76, 0.88]   
4                                   0.844099                [0.79, 0.89]   
5                                   0.862040                [0.81, 0.91]   
6                                   0.844090                [0.79, 0.89]   
7                                   0.819275                [0.76, 0.88]   
8                                   0.749735                [0.67, 0.82]   
9                                   0.789284                [0.72, 0.85]   
10                                  0.401768                 [0.3, 0.52]   
11                                  0.824999                [0.76, 0.88]   
12                                  0.787177                [0.71, 0.85]   
13                                  0.813700                [0.75, 0.87]   
14                                  0.794796                [0.73, 0.86]   
15                                  0.794769                [0.73, 0.86]   
16                                  0.776732                 [0.7, 0.84]   
17                                  0.811298                [0.75, 0.87]   
18                                  0.818492                [0.76, 0.88]   
19                                  0.738827                [0.66, 0.82]   
20                                  0.739904                [0.66, 0.82]   
21                                  0.721192                 [0.64, 0.8]   
22                                  0.803022                [0.73, 0.86]   
23                                  0.655575                [0.56, 0.75]   
24                                  0.828529                [0.77, 0.88]   
25                                  0.833880                [0.77, 0.89]   
26                                  0.733299                [0.65, 0.81]   

    Transitivity Consistency Ratio (%)  
0                            30.000000  
1                            76.363636  
2                            23.076923  
3                            76.969697  
4                            75.757576  
5                            75.757576  
6                            76.363636  
7                            75.757576  
8                            52.941176  
9                            76.969697  
10                           31.034483  
11                           76.969697  
12                           76.363636  
13                           76.363636  
14                           76.363636  
15                           75.757576  
16                           75.757576  
17                           76.969697  
18                           76.969697  
19                           75.757576  
20                           75.757576  
21                           75.757576  
22                           76.363636  
23                           76.363636  
24                           75.757576  
25                           76.363636  
26                           76.363636  

Results have been saved to 'reliability_analysis.csv'
Author
10      0.000000
5      34.919651
6      39.676059
3      46.158104
1      46.334123
8      60.452432
0      62.415873
7      64.184081
4      88.902319
2      89.451057
9     100.000000
Name: Score, dtype: float64

Results have been saved to 'pagerank_results_balanced.csv'
Combined Results:
                                          Subcategory  \
0                                     Topic Relevance   
1                    Comprehensiveness of Information   
2                             Accuracy of Information   
3                        Innovativeness of Viewpoints   
4       Integration of Interdisciplinary Perspectives   
5                        Clarity of Logical Structure   
6               Reasonableness of Chapter Arrangement   
7              Quality of Introduction and Conclusion   
8              Accuracy and Completeness of Citations   
9              Timeliness and Relevance of References   
10   Avoidance of Plagiarism and Appropriate Citation   
11             Critical Analysis of Existing Research   
12   Proposal of New Research Directions or Questions   
13                Potential Contribution to the Field   
14             Clarity of Research Method Description   
15                    Rationality of Method Selection   
16                           Rigor of Research Design   
17               Inclusion of Latest Research Results   
18            Reflection of Current Research Hotspots   
19                     Fluency of Language Expression   
20    Appropriateness of Professional Terminology Use   
21                          Conciseness of Expression   
22  Practical Application Potential of Research Re...   
23                Feasibility of Proposed Suggestions   
24                             Logic of Argumentation   
25                   Multi-angle Analysis of Problems   
26  Identification and Discussion of Research Limi...   

    ICC (Intraclass Correlation Coefficient) ICC 95% Confidence Interval  \
0                                   0.631495                [0.53, 0.73]   
1                                   0.870694                [0.82, 0.91]   
2                                   0.635642                [0.54, 0.73]   
3                                   0.821884                [0.76, 0.88]   
4                                   0.844099                [0.79, 0.89]   
5                                   0.862040                [0.81, 0.91]   
6                                   0.844090                [0.79, 0.89]   
7                                   0.819275                [0.76, 0.88]   
8                                   0.749735                [0.67, 0.82]   
9                                   0.789284                [0.72, 0.85]   
10                                  0.401768                 [0.3, 0.52]   
11                                  0.824999                [0.76, 0.88]   
12                                  0.787177                [0.71, 0.85]   
13                                  0.813700                [0.75, 0.87]   
14                                  0.794796                [0.73, 0.86]   
15                                  0.794769                [0.73, 0.86]   
16                                  0.776732                 [0.7, 0.84]   
17                                  0.811298                [0.75, 0.87]   
18                                  0.818492                [0.76, 0.88]   
19                                  0.738827                [0.66, 0.82]   
20                                  0.739904                [0.66, 0.82]   
21                                  0.721192                 [0.64, 0.8]   
22                                  0.803022                [0.73, 0.86]   
23                                  0.655575                [0.56, 0.75]   
24                                  0.828529                [0.77, 0.88]   
25                                  0.833880                [0.77, 0.89]   
26                                  0.733299                [0.65, 0.81]   

    Transitivity Consistency Ratio (%)  
0                            30.000000  
1                            76.363636  
2                            23.076923  
3                            76.969697  
4                            75.757576  
5                            75.757576  
6                            76.363636  
7                            75.757576  
8                            52.941176  
9                            76.969697  
10                           31.034483  
11                           76.969697  
12                           76.363636  
13                           76.363636  
14                           76.363636  
15                           75.757576  
16                           75.757576  
17                           76.969697  
18                           76.969697  
19                           75.757576  
20                           75.757576  
21                           75.757576  
22                           76.363636  
23                           76.363636  
24                           75.757576  
25                           76.363636  
26                           76.363636  

Results have been saved to 'reliability_analysis.csv'
