Author
10      0.330311
2       2.617140
0       3.616259
3       4.138904
1      13.653443
8      17.846614
5      20.225867
7      49.835915
6      53.151038
4      65.213580
9     100.000000
Name: Score, dtype: float64

Results have been saved to 'pagerank_results_balanced.csv'
Combined Results:
                                          Subcategory  \
0                                     Topic Relevance   
1                    Comprehensiveness of Information   
2                             Accuracy of Information   
3                        Innovativeness of Viewpoints   
4       Integration of Interdisciplinary Perspectives   
5                        Clarity of Logical Structure   
6               Reasonableness of Chapter Arrangement   
7              Quality of Introduction and Conclusion   
8              Accuracy and Completeness of Citations   
9              Timeliness and Relevance of References   
10   Avoidance of Plagiarism and Appropriate Citation   
11             Critical Analysis of Existing Research   
12   Proposal of New Research Directions or Questions   
13                Potential Contribution to the Field   
14             Clarity of Research Method Description   
15                    Rationality of Method Selection   
16                           Rigor of Research Design   
17               Inclusion of Latest Research Results   
18            Reflection of Current Research Hotspots   
19                     Fluency of Language Expression   
20    Appropriateness of Professional Terminology Use   
21                          Conciseness of Expression   
22  Practical Application Potential of Research Re...   
23                Feasibility of Proposed Suggestions   
24                             Logic of Argumentation   
25                   Multi-angle Analysis of Problems   
26  Identification and Discussion of Research Limi...   

    ICC (Intraclass Correlation Coefficient) ICC 95% Confidence Interval  \
0                                   0.513195                [0.41, 0.63]   
1                                   0.771189                 [0.7, 0.84]   
2                                   0.246510                [0.16, 0.36]   
3                                   0.570573                [0.47, 0.68]   
4                                   0.707361                [0.62, 0.79]   
5                                   0.697970                [0.61, 0.78]   
6                                   0.697906                [0.61, 0.78]   
7                                   0.617710                [0.52, 0.72]   
8                                   0.544006                [0.44, 0.65]   
9                                   0.630945                [0.54, 0.73]   
10                                  0.184522                [0.11, 0.29]   
11                                  0.624501                [0.53, 0.72]   
12                                  0.426380                [0.33, 0.55]   
13                                  0.623739                [0.53, 0.72]   
14                                  0.663603                [0.57, 0.76]   
15                                  0.658316                [0.57, 0.75]   
16                                  0.632259                [0.54, 0.73]   
17                                  0.633480                [0.54, 0.73]   
18                                  0.644071                [0.55, 0.74]   
19                                  0.614907                [0.52, 0.72]   
20                                  0.562286                [0.46, 0.67]   
21                                  0.628451                [0.53, 0.73]   
22                                  0.623817                [0.53, 0.72]   
23                                  0.591792                 [0.49, 0.7]   
24                                  0.648431                [0.55, 0.74]   
25                                  0.644541                [0.55, 0.74]   
26                                  0.618160                [0.52, 0.72]   

    Transitivity Consistency Ratio (%)  
0                            74.545455  
1                            77.575758  
2                            85.454545  
3                            78.787879  
4                            76.969697  
5                            81.212121  
6                            81.212121  
7                            80.606061  
8                            82.424242  
9                            78.787879  
10                           82.424242  
11                           78.787879  
12                           79.393939  
13                           78.787879  
14                           74.545455  
15                           74.545455  
16                           74.545455  
17                           77.575758  
18                           77.575758  
19                           80.606061  
20                           79.393939  
21                           80.606061  
22                           80.000000  
23                           80.000000  
24                           80.606061  
25                           77.575758  
26                           77.575758  

Results have been saved to 'reliability_analysis.csv'
Author
10      0.250844
2       2.008101
0       2.986182
3       4.179825
1      12.308423
8      14.967215
5      20.157650
6      51.361723
7      55.589878
4      65.646135
9     100.000000
Name: Score, dtype: float64

Results have been saved to 'pagerank_results_balanced.csv'
Combined Results:
                                          Subcategory  \
0                                     Topic Relevance   
1                    Comprehensiveness of Information   
2                             Accuracy of Information   
3                        Innovativeness of Viewpoints   
4       Integration of Interdisciplinary Perspectives   
5                        Clarity of Logical Structure   
6               Reasonableness of Chapter Arrangement   
7              Quality of Introduction and Conclusion   
8              Accuracy and Completeness of Citations   
9              Timeliness and Relevance of References   
10   Avoidance of Plagiarism and Appropriate Citation   
11             Critical Analysis of Existing Research   
12   Proposal of New Research Directions or Questions   
13                Potential Contribution to the Field   
14             Clarity of Research Method Description   
15                    Rationality of Method Selection   
16                           Rigor of Research Design   
17               Inclusion of Latest Research Results   
18            Reflection of Current Research Hotspots   
19                     Fluency of Language Expression   
20    Appropriateness of Professional Terminology Use   
21                          Conciseness of Expression   
22  Practical Application Potential of Research Re...   
23                Feasibility of Proposed Suggestions   
24                             Logic of Argumentation   
25                   Multi-angle Analysis of Problems   
26  Identification and Discussion of Research Limi...   

    ICC (Intraclass Correlation Coefficient) ICC 95% Confidence Interval  \
0                                   0.513195                [0.41, 0.63]   
1                                   0.771189                 [0.7, 0.84]   
2                                   0.246510                [0.16, 0.36]   
3                                   0.570573                [0.47, 0.68]   
4                                   0.707361                [0.62, 0.79]   
5                                   0.697970                [0.61, 0.78]   
6                                   0.697906                [0.61, 0.78]   
7                                   0.617710                [0.52, 0.72]   
8                                   0.544006                [0.44, 0.65]   
9                                   0.630945                [0.54, 0.73]   
10                                  0.184522                [0.11, 0.29]   
11                                  0.624501                [0.53, 0.72]   
12                                  0.426380                [0.33, 0.55]   
13                                  0.623739                [0.53, 0.72]   
14                                  0.663603                [0.57, 0.76]   
15                                  0.658316                [0.57, 0.75]   
16                                  0.632259                [0.54, 0.73]   
17                                  0.633480                [0.54, 0.73]   
18                                  0.644071                [0.55, 0.74]   
19                                  0.614907                [0.52, 0.72]   
20                                  0.562286                [0.46, 0.67]   
21                                  0.628451                [0.53, 0.73]   
22                                  0.623817                [0.53, 0.72]   
23                                  0.591792                 [0.49, 0.7]   
24                                  0.648431                [0.55, 0.74]   
25                                  0.644541                [0.55, 0.74]   
26                                  0.618160                [0.52, 0.72]   

    Transitivity Consistency Ratio (%)  
0                            72.000000  
1                            77.575758  
2                            54.716981  
3                            78.787879  
4                            76.969697  
5                            81.212121  
6                            81.212121  
7                            79.746835  
8                            69.148936  
9                            78.787879  
10                           53.225806  
11                           78.787879  
12                           79.393939  
13                           78.787879  
14                           74.545455  
15                           74.545455  
16                           74.545455  
17                           77.575758  
18                           77.575758  
19                           80.606061  
20                           79.393939  
21                           80.606061  
22                           80.000000  
23                           80.000000  
24                           80.606061  
25                           77.575758  
26                           77.575758  

Results have been saved to 'reliability_analysis.csv'
Author
10      0.250844
2       2.008101
0       2.986182
3       4.179825
1      12.308423
8      14.967215
5      20.157650
6      51.361723
7      55.589878
4      65.646135
9     100.000000
Name: Score, dtype: float64

Results have been saved to 'pagerank_results_balanced.csv'
Combined Results:
                                          Subcategory  \
0                                     Topic Relevance   
1                    Comprehensiveness of Information   
2                             Accuracy of Information   
3                        Innovativeness of Viewpoints   
4       Integration of Interdisciplinary Perspectives   
5                        Clarity of Logical Structure   
6               Reasonableness of Chapter Arrangement   
7              Quality of Introduction and Conclusion   
8              Accuracy and Completeness of Citations   
9              Timeliness and Relevance of References   
10   Avoidance of Plagiarism and Appropriate Citation   
11             Critical Analysis of Existing Research   
12   Proposal of New Research Directions or Questions   
13                Potential Contribution to the Field   
14             Clarity of Research Method Description   
15                    Rationality of Method Selection   
16                           Rigor of Research Design   
17               Inclusion of Latest Research Results   
18            Reflection of Current Research Hotspots   
19                     Fluency of Language Expression   
20    Appropriateness of Professional Terminology Use   
21                          Conciseness of Expression   
22  Practical Application Potential of Research Re...   
23                Feasibility of Proposed Suggestions   
24                             Logic of Argumentation   
25                   Multi-angle Analysis of Problems   
26  Identification and Discussion of Research Limi...   

    ICC (Intraclass Correlation Coefficient) ICC 95% Confidence Interval  \
0                                   0.513195                [0.41, 0.63]   
1                                   0.771189                 [0.7, 0.84]   
2                                   0.246510                [0.16, 0.36]   
3                                   0.570573                [0.47, 0.68]   
4                                   0.707361                [0.62, 0.79]   
5                                   0.697970                [0.61, 0.78]   
6                                   0.697906                [0.61, 0.78]   
7                                   0.617710                [0.52, 0.72]   
8                                   0.544006                [0.44, 0.65]   
9                                   0.630945                [0.54, 0.73]   
10                                  0.184522                [0.11, 0.29]   
11                                  0.624501                [0.53, 0.72]   
12                                  0.426380                [0.33, 0.55]   
13                                  0.623739                [0.53, 0.72]   
14                                  0.663603                [0.57, 0.76]   
15                                  0.658316                [0.57, 0.75]   
16                                  0.632259                [0.54, 0.73]   
17                                  0.633480                [0.54, 0.73]   
18                                  0.644071                [0.55, 0.74]   
19                                  0.614907                [0.52, 0.72]   
20                                  0.562286                [0.46, 0.67]   
21                                  0.628451                [0.53, 0.73]   
22                                  0.623817                [0.53, 0.72]   
23                                  0.591792                 [0.49, 0.7]   
24                                  0.648431                [0.55, 0.74]   
25                                  0.644541                [0.55, 0.74]   
26                                  0.618160                [0.52, 0.72]   

    Transitivity Consistency Ratio (%)  
0                            72.000000  
1                            77.575758  
2                            54.716981  
3                            78.787879  
4                            76.969697  
5                            81.212121  
6                            81.212121  
7                            79.746835  
8                            69.148936  
9                            78.787879  
10                           53.225806  
11                           78.787879  
12                           79.393939  
13                           78.787879  
14                           74.545455  
15                           74.545455  
16                           74.545455  
17                           77.575758  
18                           77.575758  
19                           80.606061  
20                           79.393939  
21                           80.606061  
22                           80.000000  
23                           80.000000  
24                           80.606061  
25                           77.575758  
26                           77.575758  

Results have been saved to 'reliability_analysis.csv'
