Author
10      0.000000
0      45.322862
6      47.267884
8      54.224895
2      66.595761
3      68.224265
5      70.355280
1      72.643942
7      84.871436
4      93.029216
9     100.000000
Name: Score, dtype: float64

Results have been saved to 'pagerank_results_balanced.csv'
Combined Results:
                                          Subcategory  \
0                                     Topic Relevance   
1                    Comprehensiveness of Information   
2                             Accuracy of Information   
3                        Innovativeness of Viewpoints   
4       Integration of Interdisciplinary Perspectives   
5                        Clarity of Logical Structure   
6               Reasonableness of Chapter Arrangement   
7              Quality of Introduction and Conclusion   
8              Accuracy and Completeness of Citations   
9              Timeliness and Relevance of References   
10   Avoidance of Plagiarism and Appropriate Citation   
11             Critical Analysis of Existing Research   
12   Proposal of New Research Directions or Questions   
13                Potential Contribution to the Field   
14             Clarity of Research Method Description   
15                    Rationality of Method Selection   
16                           Rigor of Research Design   
17               Inclusion of Latest Research Results   
18            Reflection of Current Research Hotspots   
19                     Fluency of Language Expression   
20    Appropriateness of Professional Terminology Use   
21                          Conciseness of Expression   
22  Practical Application Potential of Research Re...   
23                Feasibility of Proposed Suggestions   
24                             Logic of Argumentation   
25                   Multi-angle Analysis of Problems   
26  Identification and Discussion of Research Limi...   

    ICC (Intraclass Correlation Coefficient) ICC 95% Confidence Interval  \
0                                   0.759123                [0.68, 0.83]   
1                                   0.859984                 [0.81, 0.9]   
2                                   0.734090                [0.65, 0.81]   
3                                   0.767878                [0.69, 0.84]   
4                                   0.806088                [0.74, 0.87]   
5                                   0.760324                [0.68, 0.83]   
6                                   0.790349                [0.72, 0.85]   
7                                   0.751251                [0.67, 0.82]   
8                                   0.739220                [0.66, 0.82]   
9                                   0.758712                [0.68, 0.83]   
10                                  0.532278                [0.43, 0.64]   
11                                  0.773198                 [0.7, 0.84]   
12                                  0.742112                [0.66, 0.82]   
13                                  0.770367                 [0.7, 0.84]   
14                                  0.727365                [0.64, 0.81]   
15                                  0.748630                [0.67, 0.82]   
16                                  0.723096                 [0.64, 0.8]   
17                                  0.783558                [0.71, 0.85]   
18                                  0.790777                [0.72, 0.85]   
19                                  0.633026                [0.54, 0.73]   
20                                  0.635636                [0.54, 0.73]   
21                                  0.592550                 [0.49, 0.7]   
22                                  0.751928                [0.67, 0.83]   
23                                  0.701477                [0.61, 0.79]   
24                                  0.754011                [0.68, 0.83]   
25                                  0.765876                [0.69, 0.84]   
26                                  0.702595                [0.62, 0.79]   

    Transitivity Consistency Ratio (%)  
0                            87.878788  
1                            75.151515  
2                            87.878788  
3                            76.363636  
4                            76.363636  
5                            75.151515  
6                            73.333333  
7                            74.545455  
8                            89.090909  
9                            76.363636  
10                           87.878788  
11                           76.363636  
12                           77.575758  
13                           76.363636  
14                           76.363636  
15                           74.545455  
16                           74.545455  
17                           76.363636  
18                           76.363636  
19                           74.545455  
20                           75.757576  
21                           74.545455  
22                           76.363636  
23                           77.575758  
24                           75.757576  
25                           75.757576  
26                           76.969697  

Results have been saved to 'reliability_analysis.csv'
Author
10      0.000000
0      45.322862
6      47.267884
8      54.224895
2      66.595761
3      68.224265
5      70.355280
1      72.643942
7      84.871436
4      93.029216
9     100.000000
Name: Score, dtype: float64

Results have been saved to 'pagerank_results_balanced.csv'
Combined Results:
                                          Subcategory  \
0                                     Topic Relevance   
1                    Comprehensiveness of Information   
2                             Accuracy of Information   
3                        Innovativeness of Viewpoints   
4       Integration of Interdisciplinary Perspectives   
5                        Clarity of Logical Structure   
6               Reasonableness of Chapter Arrangement   
7              Quality of Introduction and Conclusion   
8              Accuracy and Completeness of Citations   
9              Timeliness and Relevance of References   
10   Avoidance of Plagiarism and Appropriate Citation   
11             Critical Analysis of Existing Research   
12   Proposal of New Research Directions or Questions   
13                Potential Contribution to the Field   
14             Clarity of Research Method Description   
15                    Rationality of Method Selection   
16                           Rigor of Research Design   
17               Inclusion of Latest Research Results   
18            Reflection of Current Research Hotspots   
19                     Fluency of Language Expression   
20    Appropriateness of Professional Terminology Use   
21                          Conciseness of Expression   
22  Practical Application Potential of Research Re...   
23                Feasibility of Proposed Suggestions   
24                             Logic of Argumentation   
25                   Multi-angle Analysis of Problems   
26  Identification and Discussion of Research Limi...   

    ICC (Intraclass Correlation Coefficient) ICC 95% Confidence Interval  \
0                                   0.759123                [0.68, 0.83]   
1                                   0.859984                 [0.81, 0.9]   
2                                   0.734090                [0.65, 0.81]   
3                                   0.767878                [0.69, 0.84]   
4                                   0.806088                [0.74, 0.87]   
5                                   0.760324                [0.68, 0.83]   
6                                   0.790349                [0.72, 0.85]   
7                                   0.751251                [0.67, 0.82]   
8                                   0.739220                [0.66, 0.82]   
9                                   0.758712                [0.68, 0.83]   
10                                  0.532278                [0.43, 0.64]   
11                                  0.773198                 [0.7, 0.84]   
12                                  0.742112                [0.66, 0.82]   
13                                  0.770367                 [0.7, 0.84]   
14                                  0.727365                [0.64, 0.81]   
15                                  0.748630                [0.67, 0.82]   
16                                  0.723096                 [0.64, 0.8]   
17                                  0.783558                [0.71, 0.85]   
18                                  0.790777                [0.72, 0.85]   
19                                  0.633026                [0.54, 0.73]   
20                                  0.635636                [0.54, 0.73]   
21                                  0.592550                 [0.49, 0.7]   
22                                  0.751928                [0.67, 0.83]   
23                                  0.701477                [0.61, 0.79]   
24                                  0.754011                [0.68, 0.83]   
25                                  0.765876                [0.69, 0.84]   
26                                  0.702595                [0.62, 0.79]   

    Transitivity Consistency Ratio (%)  
0                            87.878788  
1                            75.151515  
2                            87.878788  
3                            76.363636  
4                            76.363636  
5                            75.151515  
6                            73.333333  
7                            74.545455  
8                            89.090909  
9                            76.363636  
10                           87.878788  
11                           76.363636  
12                           77.575758  
13                           76.363636  
14                           76.363636  
15                           74.545455  
16                           74.545455  
17                           76.363636  
18                           76.363636  
19                           74.545455  
20                           75.757576  
21                           74.545455  
22                           76.363636  
23                           77.575758  
24                           75.757576  
25                           75.757576  
26                           76.969697  

Results have been saved to 'reliability_analysis.csv'
Author
10      0.000000
0      39.233709
6      46.631759
8      48.300283
2      63.767755
3      66.601969
5      69.854440
1      72.088738
7      85.933137
4      93.608300
9     100.000000
Name: Score, dtype: float64

Results have been saved to 'pagerank_results_balanced.csv'
Combined Results:
                                          Subcategory  \
0                                     Topic Relevance   
1                    Comprehensiveness of Information   
2                             Accuracy of Information   
3                        Innovativeness of Viewpoints   
4       Integration of Interdisciplinary Perspectives   
5                        Clarity of Logical Structure   
6               Reasonableness of Chapter Arrangement   
7              Quality of Introduction and Conclusion   
8              Accuracy and Completeness of Citations   
9              Timeliness and Relevance of References   
10   Avoidance of Plagiarism and Appropriate Citation   
11             Critical Analysis of Existing Research   
12   Proposal of New Research Directions or Questions   
13                Potential Contribution to the Field   
14             Clarity of Research Method Description   
15                    Rationality of Method Selection   
16                           Rigor of Research Design   
17               Inclusion of Latest Research Results   
18            Reflection of Current Research Hotspots   
19                     Fluency of Language Expression   
20    Appropriateness of Professional Terminology Use   
21                          Conciseness of Expression   
22  Practical Application Potential of Research Re...   
23                Feasibility of Proposed Suggestions   
24                             Logic of Argumentation   
25                   Multi-angle Analysis of Problems   
26  Identification and Discussion of Research Limi...   

    ICC (Intraclass Correlation Coefficient) ICC 95% Confidence Interval  \
0                                   0.759123                [0.68, 0.83]   
1                                   0.859984                 [0.81, 0.9]   
2                                   0.734090                [0.65, 0.81]   
3                                   0.767878                [0.69, 0.84]   
4                                   0.806088                [0.74, 0.87]   
5                                   0.760324                [0.68, 0.83]   
6                                   0.790349                [0.72, 0.85]   
7                                   0.751251                [0.67, 0.82]   
8                                   0.739220                [0.66, 0.82]   
9                                   0.758712                [0.68, 0.83]   
10                                  0.532278                [0.43, 0.64]   
11                                  0.773198                 [0.7, 0.84]   
12                                  0.742112                [0.66, 0.82]   
13                                  0.770367                 [0.7, 0.84]   
14                                  0.727365                [0.64, 0.81]   
15                                  0.748630                [0.67, 0.82]   
16                                  0.723096                 [0.64, 0.8]   
17                                  0.783558                [0.71, 0.85]   
18                                  0.790777                [0.72, 0.85]   
19                                  0.633026                [0.54, 0.73]   
20                                  0.635636                [0.54, 0.73]   
21                                  0.592550                 [0.49, 0.7]   
22                                  0.751928                [0.67, 0.83]   
23                                  0.701477                [0.61, 0.79]   
24                                  0.754011                [0.68, 0.83]   
25                                  0.765876                [0.69, 0.84]   
26                                  0.702595                [0.62, 0.79]   

    Transitivity Consistency Ratio (%)  
0                            39.393939  
1                            75.151515  
2                            39.393939  
3                            76.363636  
4                            72.916667  
5                            75.151515  
6                            73.333333  
7                            74.545455  
8                            45.454545  
9                            76.363636  
10                           39.393939  
11                           76.363636  
12                           76.282051  
13                           76.363636  
14                           73.648649  
15                           73.248408  
16                           73.248408  
17                           76.363636  
18                           76.363636  
19                           74.545455  
20                           72.972973  
21                           74.545455  
22                           75.000000  
23                           75.000000  
24                           75.757576  
25                           75.757576  
26                           76.969697  

Results have been saved to 'reliability_analysis.csv'
Author
10      0.000000
0      39.233709
6      46.631759
8      48.300283
2      63.767755
3      66.601969
5      69.854440
1      72.088738
7      85.933137
4      93.608300
9     100.000000
Name: Score, dtype: float64

Results have been saved to 'pagerank_results_balanced.csv'
Combined Results:
                                          Subcategory  \
0                                     Topic Relevance   
1                    Comprehensiveness of Information   
2                             Accuracy of Information   
3                        Innovativeness of Viewpoints   
4       Integration of Interdisciplinary Perspectives   
5                        Clarity of Logical Structure   
6               Reasonableness of Chapter Arrangement   
7              Quality of Introduction and Conclusion   
8              Accuracy and Completeness of Citations   
9              Timeliness and Relevance of References   
10   Avoidance of Plagiarism and Appropriate Citation   
11             Critical Analysis of Existing Research   
12   Proposal of New Research Directions or Questions   
13                Potential Contribution to the Field   
14             Clarity of Research Method Description   
15                    Rationality of Method Selection   
16                           Rigor of Research Design   
17               Inclusion of Latest Research Results   
18            Reflection of Current Research Hotspots   
19                     Fluency of Language Expression   
20    Appropriateness of Professional Terminology Use   
21                          Conciseness of Expression   
22  Practical Application Potential of Research Re...   
23                Feasibility of Proposed Suggestions   
24                             Logic of Argumentation   
25                   Multi-angle Analysis of Problems   
26  Identification and Discussion of Research Limi...   

    ICC (Intraclass Correlation Coefficient) ICC 95% Confidence Interval  \
0                                   0.759123                [0.68, 0.83]   
1                                   0.859984                 [0.81, 0.9]   
2                                   0.734090                [0.65, 0.81]   
3                                   0.767878                [0.69, 0.84]   
4                                   0.806088                [0.74, 0.87]   
5                                   0.760324                [0.68, 0.83]   
6                                   0.790349                [0.72, 0.85]   
7                                   0.751251                [0.67, 0.82]   
8                                   0.739220                [0.66, 0.82]   
9                                   0.758712                [0.68, 0.83]   
10                                  0.532278                [0.43, 0.64]   
11                                  0.773198                 [0.7, 0.84]   
12                                  0.742112                [0.66, 0.82]   
13                                  0.770367                 [0.7, 0.84]   
14                                  0.727365                [0.64, 0.81]   
15                                  0.748630                [0.67, 0.82]   
16                                  0.723096                 [0.64, 0.8]   
17                                  0.783558                [0.71, 0.85]   
18                                  0.790777                [0.72, 0.85]   
19                                  0.633026                [0.54, 0.73]   
20                                  0.635636                [0.54, 0.73]   
21                                  0.592550                 [0.49, 0.7]   
22                                  0.751928                [0.67, 0.83]   
23                                  0.701477                [0.61, 0.79]   
24                                  0.754011                [0.68, 0.83]   
25                                  0.765876                [0.69, 0.84]   
26                                  0.702595                [0.62, 0.79]   

    Transitivity Consistency Ratio (%)  
0                            39.393939  
1                            75.151515  
2                            39.393939  
3                            76.363636  
4                            72.916667  
5                            75.151515  
6                            73.333333  
7                            74.545455  
8                            45.454545  
9                            76.363636  
10                           39.393939  
11                           76.363636  
12                           76.282051  
13                           76.363636  
14                           73.648649  
15                           73.248408  
16                           73.248408  
17                           76.363636  
18                           76.363636  
19                           74.545455  
20                           72.972973  
21                           74.545455  
22                           75.000000  
23                           75.000000  
24                           75.757576  
25                           75.757576  
26                           76.969697  

Results have been saved to 'reliability_analysis.csv'
