Author
10      0.096372
8       1.100995
3       1.229577
5       4.693755
1       5.618485
6       5.984271
7      16.061484
4      20.271031
0      35.785390
2      72.345473
9     100.000000
Name: Score, dtype: float64

Results have been saved to 'pagerank_results_balanced.csv'
Combined Results:
                                          Subcategory  \
0                                     Topic Relevance   
1                    Comprehensiveness of Information   
2                             Accuracy of Information   
3                        Innovativeness of Viewpoints   
4       Integration of Interdisciplinary Perspectives   
5                        Clarity of Logical Structure   
6               Reasonableness of Chapter Arrangement   
7              Quality of Introduction and Conclusion   
8              Accuracy and Completeness of Citations   
9              Timeliness and Relevance of References   
10   Avoidance of Plagiarism and Appropriate Citation   
11             Critical Analysis of Existing Research   
12   Proposal of New Research Directions or Questions   
13                Potential Contribution to the Field   
14             Clarity of Research Method Description   
15                    Rationality of Method Selection   
16                           Rigor of Research Design   
17               Inclusion of Latest Research Results   
18            Reflection of Current Research Hotspots   
19                     Fluency of Language Expression   
20    Appropriateness of Professional Terminology Use   
21                          Conciseness of Expression   
22  Practical Application Potential of Research Re...   
23                Feasibility of Proposed Suggestions   
24                             Logic of Argumentation   
25                   Multi-angle Analysis of Problems   
26  Identification and Discussion of Research Limi...   

    ICC (Intraclass Correlation Coefficient) ICC 95% Confidence Interval  \
0                                   0.460034                [0.36, 0.58]   
1                                   0.804893                [0.74, 0.87]   
2                                   0.429564                [0.33, 0.55]   
3                                   0.688880                [0.59, 0.78]   
4                                   0.729407                [0.65, 0.81]   
5                                   0.726510                [0.64, 0.81]   
6                                   0.729514                [0.65, 0.81]   
7                                   0.638618                [0.54, 0.74]   
8                                   0.637071                [0.54, 0.73]   
9                                   0.748656                [0.67, 0.82]   
10                                  0.331963                [0.24, 0.45]   
11                                  0.690677                 [0.6, 0.78]   
12                                  0.611390                [0.51, 0.71]   
13                                  0.694182                 [0.6, 0.78]   
14                                  0.688853                 [0.6, 0.78]   
15                                  0.702201                [0.61, 0.79]   
16                                  0.675276                [0.58, 0.77]   
17                                  0.729771                [0.65, 0.81]   
18                                  0.696912                [0.61, 0.78]   
19                                  0.651643                [0.56, 0.75]   
20                                  0.665160                [0.57, 0.76]   
21                                  0.640733                [0.55, 0.74]   
22                                  0.686028                 [0.6, 0.77]   
23                                  0.651424                [0.56, 0.75]   
24                                  0.706393                [0.62, 0.79]   
25                                  0.697233                [0.61, 0.78]   
26                                  0.683519                [0.59, 0.77]   

    Transitivity Consistency Ratio (%)  
0                            77.575758  
1                            75.757576  
2                            83.030303  
3                            81.212121  
4                            76.969697  
5                            74.545455  
6                            73.939394  
7                            74.545455  
8                            83.030303  
9                            75.151515  
10                           82.424242  
11                           78.787879  
12                           78.787879  
13                           78.181818  
14                           74.545455  
15                           75.151515  
16                           75.151515  
17                           75.151515  
18                           75.151515  
19                           74.545455  
20                           74.545455  
21                           74.545455  
22                           78.181818  
23                           78.181818  
24                           76.363636  
25                           75.757576  
26                           76.363636  

Results have been saved to 'reliability_analysis.csv'
Author
10      0.084994
3       1.061164
8       1.517634
5       5.884766
6       6.312636
1       6.414170
4      20.963089
7      21.378606
0      39.993459
2      71.817015
9     100.000000
Name: Score, dtype: float64

Results have been saved to 'pagerank_results_balanced.csv'
Combined Results:
                                          Subcategory  \
0                                     Topic Relevance   
1                    Comprehensiveness of Information   
2                             Accuracy of Information   
3                        Innovativeness of Viewpoints   
4       Integration of Interdisciplinary Perspectives   
5                        Clarity of Logical Structure   
6               Reasonableness of Chapter Arrangement   
7              Quality of Introduction and Conclusion   
8              Accuracy and Completeness of Citations   
9              Timeliness and Relevance of References   
10   Avoidance of Plagiarism and Appropriate Citation   
11             Critical Analysis of Existing Research   
12   Proposal of New Research Directions or Questions   
13                Potential Contribution to the Field   
14             Clarity of Research Method Description   
15                    Rationality of Method Selection   
16                           Rigor of Research Design   
17               Inclusion of Latest Research Results   
18            Reflection of Current Research Hotspots   
19                     Fluency of Language Expression   
20    Appropriateness of Professional Terminology Use   
21                          Conciseness of Expression   
22  Practical Application Potential of Research Re...   
23                Feasibility of Proposed Suggestions   
24                             Logic of Argumentation   
25                   Multi-angle Analysis of Problems   
26  Identification and Discussion of Research Limi...   

    ICC (Intraclass Correlation Coefficient) ICC 95% Confidence Interval  \
0                                   0.460034                [0.36, 0.58]   
1                                   0.804893                [0.74, 0.87]   
2                                   0.429564                [0.33, 0.55]   
3                                   0.688880                [0.59, 0.78]   
4                                   0.729407                [0.65, 0.81]   
5                                   0.726510                [0.64, 0.81]   
6                                   0.729514                [0.65, 0.81]   
7                                   0.638618                [0.54, 0.74]   
8                                   0.637071                [0.54, 0.73]   
9                                   0.748656                [0.67, 0.82]   
10                                  0.331963                [0.24, 0.45]   
11                                  0.690677                 [0.6, 0.78]   
12                                  0.611390                [0.51, 0.71]   
13                                  0.694182                 [0.6, 0.78]   
14                                  0.688853                 [0.6, 0.78]   
15                                  0.702201                [0.61, 0.79]   
16                                  0.675276                [0.58, 0.77]   
17                                  0.729771                [0.65, 0.81]   
18                                  0.696912                [0.61, 0.78]   
19                                  0.651643                [0.56, 0.75]   
20                                  0.665160                [0.57, 0.76]   
21                                  0.640733                [0.55, 0.74]   
22                                  0.686028                 [0.6, 0.77]   
23                                  0.651424                [0.56, 0.75]   
24                                  0.706393                [0.62, 0.79]   
25                                  0.697233                [0.61, 0.78]   
26                                  0.683519                [0.59, 0.77]   

    Transitivity Consistency Ratio (%)  
0                            56.470588  
1                            75.757576  
2                            48.148148  
3                            81.212121  
4                            76.969697  
5                            74.545455  
6                            73.939394  
7                            74.545455  
8                            69.892473  
9                            75.151515  
10                           46.296296  
11                           77.707006  
12                           78.787879  
13                           78.181818  
14                           74.545455  
15                           75.151515  
16                           75.151515  
17                           75.151515  
18                           75.151515  
19                           74.545455  
20                           72.549020  
21                           74.545455  
22                           77.358491  
23                           78.181818  
24                           76.363636  
25                           75.757576  
26                           76.363636  

Results have been saved to 'reliability_analysis.csv'
Author
10      0.084994
3       1.061164
8       1.517634
5       5.884766
6       6.312636
1       6.414170
4      20.963089
7      21.378606
0      39.993459
2      71.817015
9     100.000000
Name: Score, dtype: float64

Results have been saved to 'pagerank_results_balanced.csv'
Combined Results:
                                          Subcategory  \
0                                     Topic Relevance   
1                    Comprehensiveness of Information   
2                             Accuracy of Information   
3                        Innovativeness of Viewpoints   
4       Integration of Interdisciplinary Perspectives   
5                        Clarity of Logical Structure   
6               Reasonableness of Chapter Arrangement   
7              Quality of Introduction and Conclusion   
8              Accuracy and Completeness of Citations   
9              Timeliness and Relevance of References   
10   Avoidance of Plagiarism and Appropriate Citation   
11             Critical Analysis of Existing Research   
12   Proposal of New Research Directions or Questions   
13                Potential Contribution to the Field   
14             Clarity of Research Method Description   
15                    Rationality of Method Selection   
16                           Rigor of Research Design   
17               Inclusion of Latest Research Results   
18            Reflection of Current Research Hotspots   
19                     Fluency of Language Expression   
20    Appropriateness of Professional Terminology Use   
21                          Conciseness of Expression   
22  Practical Application Potential of Research Re...   
23                Feasibility of Proposed Suggestions   
24                             Logic of Argumentation   
25                   Multi-angle Analysis of Problems   
26  Identification and Discussion of Research Limi...   

    ICC (Intraclass Correlation Coefficient) ICC 95% Confidence Interval  \
0                                   0.460034                [0.36, 0.58]   
1                                   0.804893                [0.74, 0.87]   
2                                   0.429564                [0.33, 0.55]   
3                                   0.688880                [0.59, 0.78]   
4                                   0.729407                [0.65, 0.81]   
5                                   0.726510                [0.64, 0.81]   
6                                   0.729514                [0.65, 0.81]   
7                                   0.638618                [0.54, 0.74]   
8                                   0.637071                [0.54, 0.73]   
9                                   0.748656                [0.67, 0.82]   
10                                  0.331963                [0.24, 0.45]   
11                                  0.690677                 [0.6, 0.78]   
12                                  0.611390                [0.51, 0.71]   
13                                  0.694182                 [0.6, 0.78]   
14                                  0.688853                 [0.6, 0.78]   
15                                  0.702201                [0.61, 0.79]   
16                                  0.675276                [0.58, 0.77]   
17                                  0.729771                [0.65, 0.81]   
18                                  0.696912                [0.61, 0.78]   
19                                  0.651643                [0.56, 0.75]   
20                                  0.665160                [0.57, 0.76]   
21                                  0.640733                [0.55, 0.74]   
22                                  0.686028                 [0.6, 0.77]   
23                                  0.651424                [0.56, 0.75]   
24                                  0.706393                [0.62, 0.79]   
25                                  0.697233                [0.61, 0.78]   
26                                  0.683519                [0.59, 0.77]   

    Transitivity Consistency Ratio (%)  
0                            56.470588  
1                            75.757576  
2                            48.148148  
3                            81.212121  
4                            76.969697  
5                            74.545455  
6                            73.939394  
7                            74.545455  
8                            69.892473  
9                            75.151515  
10                           46.296296  
11                           77.707006  
12                           78.787879  
13                           78.181818  
14                           74.545455  
15                           75.151515  
16                           75.151515  
17                           75.151515  
18                           75.151515  
19                           74.545455  
20                           72.549020  
21                           74.545455  
22                           77.358491  
23                           78.181818  
24                           76.363636  
25                           75.757576  
26                           76.363636  

Results have been saved to 'reliability_analysis.csv'
