Author
10      0.000000
0       9.167400
8       9.579048
2      11.506090
6      13.058732
3      23.573141
7      45.146909
5      58.064757
1      66.194511
4      73.198043
9     100.000000
Name: Score, dtype: float64

Results have been saved to 'pagerank_results_balanced.csv'
Combined Results:
                                          Subcategory  \
0                                     Topic Relevance   
1                    Comprehensiveness of Information   
2                             Accuracy of Information   
3                        Innovativeness of Viewpoints   
4       Integration of Interdisciplinary Perspectives   
5                        Clarity of Logical Structure   
6               Reasonableness of Chapter Arrangement   
7              Quality of Introduction and Conclusion   
8              Accuracy and Completeness of Citations   
9              Timeliness and Relevance of References   
10   Avoidance of Plagiarism and Appropriate Citation   
11             Critical Analysis of Existing Research   
12   Proposal of New Research Directions or Questions   
13                Potential Contribution to the Field   
14             Clarity of Research Method Description   
15                    Rationality of Method Selection   
16                           Rigor of Research Design   
17               Inclusion of Latest Research Results   
18            Reflection of Current Research Hotspots   
19                     Fluency of Language Expression   
20    Appropriateness of Professional Terminology Use   
21                          Conciseness of Expression   
22  Practical Application Potential of Research Re...   
23                Feasibility of Proposed Suggestions   
24                             Logic of Argumentation   
25                   Multi-angle Analysis of Problems   
26  Identification and Discussion of Research Limi...   

    ICC (Intraclass Correlation Coefficient) ICC 95% Confidence Interval  \
0                                   0.612916                [0.52, 0.71]   
1                                   0.833320                [0.77, 0.89]   
2                                   0.444373                [0.34, 0.56]   
3                                   0.736598                [0.66, 0.81]   
4                                   0.782409                [0.71, 0.85]   
5                                   0.739142                [0.66, 0.82]   
6                                   0.725774                [0.64, 0.81]   
7                                   0.713147                 [0.63, 0.8]   
8                                   0.625831                [0.53, 0.72]   
9                                   0.688213                 [0.6, 0.78]   
10                                  0.330150                [0.24, 0.45]   
11                                  0.746951                [0.67, 0.82]   
12                                  0.637719                [0.54, 0.73]   
13                                  0.713157                 [0.63, 0.8]   
14                                  0.693399                [0.61, 0.78]   
15                                  0.695190                [0.61, 0.78]   
16                                  0.689846                 [0.6, 0.78]   
17                                  0.699010                [0.61, 0.78]   
18                                  0.689945                 [0.6, 0.78]   
19                                  0.668765                [0.58, 0.76]   
20                                  0.655227                [0.56, 0.75]   
21                                  0.632654                [0.54, 0.73]   
22                                  0.723596                 [0.64, 0.8]   
23                                  0.679810                [0.59, 0.77]   
24                                  0.710237                [0.62, 0.79]   
25                                  0.706830                [0.62, 0.79]   
26                                  0.676897                [0.59, 0.77]   

    Transitivity Consistency Ratio (%)  
0                            76.969697  
1                            80.000000  
2                            83.636364  
3                            76.969697  
4                            81.818182  
5                            75.757576  
6                            80.000000  
7                            75.757576  
8                            80.000000  
9                            79.393939  
10                           80.606061  
11                           76.969697  
12                           78.181818  
13                           76.969697  
14                           74.545455  
15                           78.787879  
16                           78.787879  
17                           79.393939  
18                           81.212121  
19                           80.000000  
20                           75.757576  
21                           79.393939  
22                           76.969697  
23                           76.969697  
24                           80.000000  
25                           81.212121  
26                           76.363636  

Results have been saved to 'reliability_analysis.csv'
Author
10      0.000000
8       5.995008
0       6.554814
2       8.257168
6       9.225272
3      21.661164
7      46.162490
5      58.625502
1      65.237154
4      74.093027
9     100.000000
Name: Score, dtype: float64

Results have been saved to 'pagerank_results_balanced.csv'
Combined Results:
                                          Subcategory  \
0                                     Topic Relevance   
1                    Comprehensiveness of Information   
2                             Accuracy of Information   
3                        Innovativeness of Viewpoints   
4       Integration of Interdisciplinary Perspectives   
5                        Clarity of Logical Structure   
6               Reasonableness of Chapter Arrangement   
7              Quality of Introduction and Conclusion   
8              Accuracy and Completeness of Citations   
9              Timeliness and Relevance of References   
10   Avoidance of Plagiarism and Appropriate Citation   
11             Critical Analysis of Existing Research   
12   Proposal of New Research Directions or Questions   
13                Potential Contribution to the Field   
14             Clarity of Research Method Description   
15                    Rationality of Method Selection   
16                           Rigor of Research Design   
17               Inclusion of Latest Research Results   
18            Reflection of Current Research Hotspots   
19                     Fluency of Language Expression   
20    Appropriateness of Professional Terminology Use   
21                          Conciseness of Expression   
22  Practical Application Potential of Research Re...   
23                Feasibility of Proposed Suggestions   
24                             Logic of Argumentation   
25                   Multi-angle Analysis of Problems   
26  Identification and Discussion of Research Limi...   

    ICC (Intraclass Correlation Coefficient) ICC 95% Confidence Interval  \
0                                   0.612916                [0.52, 0.71]   
1                                   0.833320                [0.77, 0.89]   
2                                   0.444373                [0.34, 0.56]   
3                                   0.736598                [0.66, 0.81]   
4                                   0.782409                [0.71, 0.85]   
5                                   0.739142                [0.66, 0.82]   
6                                   0.725774                [0.64, 0.81]   
7                                   0.713147                 [0.63, 0.8]   
8                                   0.625831                [0.53, 0.72]   
9                                   0.688213                 [0.6, 0.78]   
10                                  0.330150                [0.24, 0.45]   
11                                  0.746951                [0.67, 0.82]   
12                                  0.637719                [0.54, 0.73]   
13                                  0.713157                 [0.63, 0.8]   
14                                  0.693399                [0.61, 0.78]   
15                                  0.695190                [0.61, 0.78]   
16                                  0.689846                 [0.6, 0.78]   
17                                  0.699010                [0.61, 0.78]   
18                                  0.689945                 [0.6, 0.78]   
19                                  0.668765                [0.58, 0.76]   
20                                  0.655227                [0.56, 0.75]   
21                                  0.632654                [0.54, 0.73]   
22                                  0.723596                 [0.64, 0.8]   
23                                  0.679810                [0.59, 0.77]   
24                                  0.710237                [0.62, 0.79]   
25                                  0.706830                [0.62, 0.79]   
26                                  0.676897                [0.59, 0.77]   

    Transitivity Consistency Ratio (%)  
0                            68.333333  
1                            80.000000  
2                            51.785714  
3                            76.969697  
4                            80.769231  
5                            75.308642  
6                            80.000000  
7                            75.757576  
8                            73.600000  
9                            79.393939  
10                           54.929577  
11                           76.969697  
12                           78.181818  
13                           76.969697  
14                           74.233129  
15                           78.787879  
16                           78.787879  
17                           79.393939  
18                           81.212121  
19                           80.000000  
20                           74.193548  
21                           78.481013  
22                           76.969697  
23                           76.969697  
24                           80.000000  
25                           81.212121  
26                           76.363636  

Results have been saved to 'reliability_analysis.csv'
Author
10      0.000000
8       5.995008
0       6.554814
2       8.257168
6       9.225272
3      21.661164
7      46.162490
5      58.625502
1      65.237154
4      74.093027
9     100.000000
Name: Score, dtype: float64

Results have been saved to 'pagerank_results_balanced.csv'
Combined Results:
                                          Subcategory  \
0                                     Topic Relevance   
1                    Comprehensiveness of Information   
2                             Accuracy of Information   
3                        Innovativeness of Viewpoints   
4       Integration of Interdisciplinary Perspectives   
5                        Clarity of Logical Structure   
6               Reasonableness of Chapter Arrangement   
7              Quality of Introduction and Conclusion   
8              Accuracy and Completeness of Citations   
9              Timeliness and Relevance of References   
10   Avoidance of Plagiarism and Appropriate Citation   
11             Critical Analysis of Existing Research   
12   Proposal of New Research Directions or Questions   
13                Potential Contribution to the Field   
14             Clarity of Research Method Description   
15                    Rationality of Method Selection   
16                           Rigor of Research Design   
17               Inclusion of Latest Research Results   
18            Reflection of Current Research Hotspots   
19                     Fluency of Language Expression   
20    Appropriateness of Professional Terminology Use   
21                          Conciseness of Expression   
22  Practical Application Potential of Research Re...   
23                Feasibility of Proposed Suggestions   
24                             Logic of Argumentation   
25                   Multi-angle Analysis of Problems   
26  Identification and Discussion of Research Limi...   

    ICC (Intraclass Correlation Coefficient) ICC 95% Confidence Interval  \
0                                   0.612916                [0.52, 0.71]   
1                                   0.833320                [0.77, 0.89]   
2                                   0.444373                [0.34, 0.56]   
3                                   0.736598                [0.66, 0.81]   
4                                   0.782409                [0.71, 0.85]   
5                                   0.739142                [0.66, 0.82]   
6                                   0.725774                [0.64, 0.81]   
7                                   0.713147                 [0.63, 0.8]   
8                                   0.625831                [0.53, 0.72]   
9                                   0.688213                 [0.6, 0.78]   
10                                  0.330150                [0.24, 0.45]   
11                                  0.746951                [0.67, 0.82]   
12                                  0.637719                [0.54, 0.73]   
13                                  0.713157                 [0.63, 0.8]   
14                                  0.693399                [0.61, 0.78]   
15                                  0.695190                [0.61, 0.78]   
16                                  0.689846                 [0.6, 0.78]   
17                                  0.699010                [0.61, 0.78]   
18                                  0.689945                 [0.6, 0.78]   
19                                  0.668765                [0.58, 0.76]   
20                                  0.655227                [0.56, 0.75]   
21                                  0.632654                [0.54, 0.73]   
22                                  0.723596                 [0.64, 0.8]   
23                                  0.679810                [0.59, 0.77]   
24                                  0.710237                [0.62, 0.79]   
25                                  0.706830                [0.62, 0.79]   
26                                  0.676897                [0.59, 0.77]   

    Transitivity Consistency Ratio (%)  
0                            68.333333  
1                            80.000000  
2                            51.785714  
3                            76.969697  
4                            80.769231  
5                            75.308642  
6                            80.000000  
7                            75.757576  
8                            73.600000  
9                            79.393939  
10                           54.929577  
11                           76.969697  
12                           78.181818  
13                           76.969697  
14                           74.233129  
15                           78.787879  
16                           78.787879  
17                           79.393939  
18                           81.212121  
19                           80.000000  
20                           74.193548  
21                           78.481013  
22                           76.969697  
23                           76.969697  
24                           80.000000  
25                           81.212121  
26                           76.363636  

Results have been saved to 'reliability_analysis.csv'
