Author
10      1.216356
1       2.734654
8       3.516846
0       4.157877
4       4.707965
3       6.185464
2      15.317663
7      17.113191
5      40.942255
6      62.045580
9     100.000000
Name: Score, dtype: float64

Results have been saved to 'pagerank_results_balanced.csv'
Combined Results:
                                          Subcategory  \
0                                     Topic Relevance   
1                    Comprehensiveness of Information   
2                             Accuracy of Information   
3                        Innovativeness of Viewpoints   
4       Integration of Interdisciplinary Perspectives   
5                        Clarity of Logical Structure   
6               Reasonableness of Chapter Arrangement   
7              Quality of Introduction and Conclusion   
8              Accuracy and Completeness of Citations   
9              Timeliness and Relevance of References   
10   Avoidance of Plagiarism and Appropriate Citation   
11             Critical Analysis of Existing Research   
12   Proposal of New Research Directions or Questions   
13                Potential Contribution to the Field   
14             Clarity of Research Method Description   
15                    Rationality of Method Selection   
16                           Rigor of Research Design   
17               Inclusion of Latest Research Results   
18            Reflection of Current Research Hotspots   
19                     Fluency of Language Expression   
20    Appropriateness of Professional Terminology Use   
21                          Conciseness of Expression   
22  Practical Application Potential of Research Re...   
23                Feasibility of Proposed Suggestions   
24                             Logic of Argumentation   
25                   Multi-angle Analysis of Problems   
26  Identification and Discussion of Research Limi...   

    ICC (Intraclass Correlation Coefficient) ICC 95% Confidence Interval  \
0                                   0.411460                [0.31, 0.53]   
1                                   0.619154                [0.52, 0.72]   
2                                   0.221215                [0.14, 0.33]   
3                                   0.626427                [0.53, 0.73]   
4                                   0.620902                [0.52, 0.72]   
5                                   0.657806                [0.56, 0.75]   
6                                   0.609224                [0.51, 0.71]   
7                                   0.480314                 [0.38, 0.6]   
8                                   0.564314                [0.46, 0.67]   
9                                   0.607620                [0.51, 0.71]   
10                                  0.206777                [0.13, 0.31]   
11                                  0.634816                [0.54, 0.73]   
12                                  0.535586                [0.43, 0.65]   
13                                  0.630006                [0.53, 0.73]   
14                                  0.542655                [0.44, 0.65]   
15                                  0.545622                [0.44, 0.66]   
16                                  0.525473                [0.42, 0.64]   
17                                  0.603826                [0.51, 0.71]   
18                                  0.614117                [0.52, 0.72]   
19                                  0.555196                [0.45, 0.66]   
20                                  0.524713                [0.42, 0.64]   
21                                  0.533215                [0.43, 0.65]   
22                                  0.542922                [0.44, 0.65]   
23                                  0.540526                [0.44, 0.65]   
24                                  0.553295                [0.45, 0.66]   
25                                  0.568132                [0.47, 0.68]   
26                                  0.531745                [0.43, 0.64]   

    Transitivity Consistency Ratio (%)  
0                            79.393939  
1                            78.181818  
2                            82.424242  
3                            79.393939  
4                            77.575758  
5                            75.757576  
6                            75.757576  
7                            76.969697  
8                            76.363636  
9                            76.363636  
10                           78.787879  
11                           79.393939  
12                           79.393939  
13                           78.181818  
14                           80.000000  
15                           79.393939  
16                           80.000000  
17                           76.363636  
18                           76.363636  
19                           76.969697  
20                           79.393939  
21                           76.969697  
22                           78.181818  
23                           78.181818  
24                           76.969697  
25                           78.181818  
26                           79.393939  

Results have been saved to 'reliability_analysis.csv'
Author
10      0.734834
1       3.139893
4       3.903226
3       5.617009
8       5.717581
0       6.828861
7      14.864910
2      16.857558
5      40.366361
6      58.261685
9     100.000000
Name: Score, dtype: float64

Results have been saved to 'pagerank_results_balanced.csv'
Combined Results:
                                          Subcategory  \
0                                     Topic Relevance   
1                    Comprehensiveness of Information   
2                             Accuracy of Information   
3                        Innovativeness of Viewpoints   
4       Integration of Interdisciplinary Perspectives   
5                        Clarity of Logical Structure   
6               Reasonableness of Chapter Arrangement   
7              Quality of Introduction and Conclusion   
8              Accuracy and Completeness of Citations   
9              Timeliness and Relevance of References   
10   Avoidance of Plagiarism and Appropriate Citation   
11             Critical Analysis of Existing Research   
12   Proposal of New Research Directions or Questions   
13                Potential Contribution to the Field   
14             Clarity of Research Method Description   
15                    Rationality of Method Selection   
16                           Rigor of Research Design   
17               Inclusion of Latest Research Results   
18            Reflection of Current Research Hotspots   
19                     Fluency of Language Expression   
20    Appropriateness of Professional Terminology Use   
21                          Conciseness of Expression   
22  Practical Application Potential of Research Re...   
23                Feasibility of Proposed Suggestions   
24                             Logic of Argumentation   
25                   Multi-angle Analysis of Problems   
26  Identification and Discussion of Research Limi...   

    ICC (Intraclass Correlation Coefficient) ICC 95% Confidence Interval  \
0                                   0.411460                [0.31, 0.53]   
1                                   0.619154                [0.52, 0.72]   
2                                   0.221215                [0.14, 0.33]   
3                                   0.626427                [0.53, 0.73]   
4                                   0.620902                [0.52, 0.72]   
5                                   0.657806                [0.56, 0.75]   
6                                   0.609224                [0.51, 0.71]   
7                                   0.480314                 [0.38, 0.6]   
8                                   0.564314                [0.46, 0.67]   
9                                   0.607620                [0.51, 0.71]   
10                                  0.206777                [0.13, 0.31]   
11                                  0.634816                [0.54, 0.73]   
12                                  0.535586                [0.43, 0.65]   
13                                  0.630006                [0.53, 0.73]   
14                                  0.542655                [0.44, 0.65]   
15                                  0.545622                [0.44, 0.66]   
16                                  0.525473                [0.42, 0.64]   
17                                  0.603826                [0.51, 0.71]   
18                                  0.614117                [0.52, 0.72]   
19                                  0.555196                [0.45, 0.66]   
20                                  0.524713                [0.42, 0.64]   
21                                  0.533215                [0.43, 0.65]   
22                                  0.542922                [0.44, 0.65]   
23                                  0.540526                [0.44, 0.65]   
24                                  0.553295                [0.45, 0.66]   
25                                  0.568132                [0.47, 0.68]   
26                                  0.531745                [0.43, 0.64]   

    Transitivity Consistency Ratio (%)  
0                            78.205128  
1                            78.181818  
2                            71.287129  
3                            79.393939  
4                            77.575758  
5                            75.757576  
6                            75.757576  
7                            76.969697  
8                            69.767442  
9                            76.363636  
10                           66.019417  
11                           79.393939  
12                           78.343949  
13                           78.181818  
14                           80.000000  
15                           78.343949  
16                           80.000000  
17                           76.363636  
18                           76.363636  
19                           76.969697  
20                           79.393939  
21                           76.969697  
22                           78.181818  
23                           78.181818  
24                           76.969697  
25                           77.070064  
26                           79.393939  

Results have been saved to 'reliability_analysis.csv'
Author
10      0.734834
1       3.139893
4       3.903226
3       5.617009
8       5.717581
0       6.828861
7      14.864910
2      16.857558
5      40.366361
6      58.261685
9     100.000000
Name: Score, dtype: float64

Results have been saved to 'pagerank_results_balanced.csv'
Combined Results:
                                          Subcategory  \
0                                     Topic Relevance   
1                    Comprehensiveness of Information   
2                             Accuracy of Information   
3                        Innovativeness of Viewpoints   
4       Integration of Interdisciplinary Perspectives   
5                        Clarity of Logical Structure   
6               Reasonableness of Chapter Arrangement   
7              Quality of Introduction and Conclusion   
8              Accuracy and Completeness of Citations   
9              Timeliness and Relevance of References   
10   Avoidance of Plagiarism and Appropriate Citation   
11             Critical Analysis of Existing Research   
12   Proposal of New Research Directions or Questions   
13                Potential Contribution to the Field   
14             Clarity of Research Method Description   
15                    Rationality of Method Selection   
16                           Rigor of Research Design   
17               Inclusion of Latest Research Results   
18            Reflection of Current Research Hotspots   
19                     Fluency of Language Expression   
20    Appropriateness of Professional Terminology Use   
21                          Conciseness of Expression   
22  Practical Application Potential of Research Re...   
23                Feasibility of Proposed Suggestions   
24                             Logic of Argumentation   
25                   Multi-angle Analysis of Problems   
26  Identification and Discussion of Research Limi...   

    ICC (Intraclass Correlation Coefficient) ICC 95% Confidence Interval  \
0                                   0.411460                [0.31, 0.53]   
1                                   0.619154                [0.52, 0.72]   
2                                   0.221215                [0.14, 0.33]   
3                                   0.626427                [0.53, 0.73]   
4                                   0.620902                [0.52, 0.72]   
5                                   0.657806                [0.56, 0.75]   
6                                   0.609224                [0.51, 0.71]   
7                                   0.480314                 [0.38, 0.6]   
8                                   0.564314                [0.46, 0.67]   
9                                   0.607620                [0.51, 0.71]   
10                                  0.206777                [0.13, 0.31]   
11                                  0.634816                [0.54, 0.73]   
12                                  0.535586                [0.43, 0.65]   
13                                  0.630006                [0.53, 0.73]   
14                                  0.542655                [0.44, 0.65]   
15                                  0.545622                [0.44, 0.66]   
16                                  0.525473                [0.42, 0.64]   
17                                  0.603826                [0.51, 0.71]   
18                                  0.614117                [0.52, 0.72]   
19                                  0.555196                [0.45, 0.66]   
20                                  0.524713                [0.42, 0.64]   
21                                  0.533215                [0.43, 0.65]   
22                                  0.542922                [0.44, 0.65]   
23                                  0.540526                [0.44, 0.65]   
24                                  0.553295                [0.45, 0.66]   
25                                  0.568132                [0.47, 0.68]   
26                                  0.531745                [0.43, 0.64]   

    Transitivity Consistency Ratio (%)  
0                            78.205128  
1                            78.181818  
2                            71.287129  
3                            79.393939  
4                            77.575758  
5                            75.757576  
6                            75.757576  
7                            76.969697  
8                            69.767442  
9                            76.363636  
10                           66.019417  
11                           79.393939  
12                           78.343949  
13                           78.181818  
14                           80.000000  
15                           78.343949  
16                           80.000000  
17                           76.363636  
18                           76.363636  
19                           76.969697  
20                           79.393939  
21                           76.969697  
22                           78.181818  
23                           78.181818  
24                           76.969697  
25                           77.070064  
26                           79.393939  

Results have been saved to 'reliability_analysis.csv'
