Author
5       0.101007
7       0.162137
8       0.705447
6       2.956442
1      10.930476
3      16.154690
2      31.984920
0      39.323203
4      52.753922
10     85.899259
9     100.000000
Name: Score, dtype: float64

Results have been saved to 'pagerank_results_balanced.csv'
Combined Results:
                                          Subcategory  \
0                                     Topic Relevance   
1                    Comprehensiveness of Information   
2                             Accuracy of Information   
3                        Innovativeness of Viewpoints   
4       Integration of Interdisciplinary Perspectives   
5                        Clarity of Logical Structure   
6               Reasonableness of Chapter Arrangement   
7              Quality of Introduction and Conclusion   
8              Accuracy and Completeness of Citations   
9              Timeliness and Relevance of References   
10   Avoidance of Plagiarism and Appropriate Citation   
11             Critical Analysis of Existing Research   
12   Proposal of New Research Directions or Questions   
13                Potential Contribution to the Field   
14             Clarity of Research Method Description   
15                    Rationality of Method Selection   
16                           Rigor of Research Design   
17               Inclusion of Latest Research Results   
18            Reflection of Current Research Hotspots   
19                     Fluency of Language Expression   
20    Appropriateness of Professional Terminology Use   
21                          Conciseness of Expression   
22  Practical Application Potential of Research Re...   
23                Feasibility of Proposed Suggestions   
24                             Logic of Argumentation   
25                   Multi-angle Analysis of Problems   
26  Identification and Discussion of Research Limi...   

    ICC (Intraclass Correlation Coefficient) ICC 95% Confidence Interval  \
0                                   0.685271                 [0.6, 0.77]   
1                                   0.861515                [0.81, 0.91]   
2                                   0.457200                [0.36, 0.58]   
3                                   0.754364                [0.68, 0.83]   
4                                   0.847311                 [0.79, 0.9]   
5                                   0.776444                 [0.7, 0.84]   
6                                   0.796912                [0.73, 0.86]   
7                                   0.683737                [0.59, 0.77]   
8                                   0.675440                [0.58, 0.77]   
9                                   0.782641                [0.71, 0.85]   
10                                  0.378420                 [0.28, 0.5]   
11                                  0.778667                [0.71, 0.85]   
12                                  0.645696                [0.55, 0.74]   
13                                  0.768562                [0.69, 0.84]   
14                                  0.775518                 [0.7, 0.84]   
15                                  0.780891                [0.71, 0.85]   
16                                  0.770727                 [0.7, 0.84]   
17                                  0.780196                [0.71, 0.85]   
18                                  0.765738                [0.69, 0.84]   
19                                  0.655406                [0.56, 0.75]   
20                                  0.674845                [0.58, 0.77]   
21                                  0.630869                [0.54, 0.73]   
22                                  0.764300                [0.69, 0.83]   
23                                  0.506913                [0.41, 0.62]   
24                                  0.761319                [0.69, 0.83]   
25                                  0.786110                [0.72, 0.85]   
26                                  0.697384                [0.61, 0.78]   

    Transitivity Consistency Ratio (%)  
0                            81.212121  
1                            78.181818  
2                            87.272727  
3                            77.575758  
4                            77.575758  
5                            74.545455  
6                            76.363636  
7                            74.545455  
8                            77.575758  
9                            77.575758  
10                           86.666667  
11                           77.575758  
12                           77.575758  
13                           77.575758  
14                           77.575758  
15                           77.575758  
16                           77.575758  
17                           77.575758  
18                           77.575758  
19                           76.363636  
20                           78.181818  
21                           77.575758  
22                           78.181818  
23                           78.181818  
24                           77.575758  
25                           77.575758  
26                           77.575758  

Results have been saved to 'reliability_analysis.csv'
