Author
10     0.700123
5      1.722114
6      3.715012
1      6.468173
8     11.928361
2     15.824599
7     27.154000
4     37.007645
0     73.660474
3     89.377931
9     99.370974
Name: Score, dtype: float64

Results have been saved to 'pagerank_results_balanced.csv'
Combined Results:
                                          Subcategory  \
0                                     Topic Relevance   
1                    Comprehensiveness of Information   
2                             Accuracy of Information   
3                        Innovativeness of Viewpoints   
4       Integration of Interdisciplinary Perspectives   
5                        Clarity of Logical Structure   
6               Reasonableness of Chapter Arrangement   
7              Quality of Introduction and Conclusion   
8              Accuracy and Completeness of Citations   
9              Timeliness and Relevance of References   
10   Avoidance of Plagiarism and Appropriate Citation   
11             Critical Analysis of Existing Research   
12   Proposal of New Research Directions or Questions   
13                Potential Contribution to the Field   
14             Clarity of Research Method Description   
15                    Rationality of Method Selection   
16                           Rigor of Research Design   
17               Inclusion of Latest Research Results   
18            Reflection of Current Research Hotspots   
19                     Fluency of Language Expression   
20    Appropriateness of Professional Terminology Use   
21                          Conciseness of Expression   
22  Practical Application Potential of Research Re...   
23                Feasibility of Proposed Suggestions   
24                             Logic of Argumentation   
25                   Multi-angle Analysis of Problems   
26  Identification and Discussion of Research Limi...   

    ICC (Intraclass Correlation Coefficient) ICC 95% Confidence Interval  \
0                                   0.508255                [0.41, 0.62]   
1                                   0.758145                [0.68, 0.83]   
2                                   0.257417                [0.17, 0.37]   
3                                   0.637017                [0.54, 0.73]   
4                                   0.724691                 [0.64, 0.8]   
5                                   0.753650                [0.67, 0.83]   
6                                   0.730089                [0.65, 0.81]   
7                                   0.717466                 [0.63, 0.8]   
8                                   0.597766                  [0.5, 0.7]   
9                                   0.698353                [0.61, 0.78]   
10                                  0.305793                [0.22, 0.42]   
11                                  0.757906                [0.68, 0.83]   
12                                  0.526875                [0.43, 0.64]   
13                                  0.711241                [0.63, 0.79]   
14                                  0.696961                [0.61, 0.78]   
15                                  0.696562                [0.61, 0.78]   
16                                  0.696368                [0.61, 0.78]   
17                                  0.707837                [0.62, 0.79]   
18                                  0.673752                [0.58, 0.76]   
19                                  0.677484                [0.59, 0.77]   
20                                  0.696632                [0.61, 0.78]   
21                                  0.658462                [0.57, 0.75]   
22                                  0.691988                 [0.6, 0.78]   
23                                  0.681406                [0.59, 0.77]   
24                                  0.725560                [0.64, 0.81]   
25                                  0.704795                [0.62, 0.79]   
26                                  0.682898                [0.59, 0.77]   

    Transitivity Consistency Ratio (%)  
0                            76.969697  
1                            80.000000  
2                            80.606061  
3                            78.787879  
4                            80.000000  
5                            80.000000  
6                            81.818182  
7                            80.606061  
8                            79.393939  
9                            79.393939  
10                           78.181818  
11                           77.575758  
12                           78.787879  
13                           77.575758  
14                           81.212121  
15                           81.818182  
16                           81.212121  
17                           77.575758  
18                           76.969697  
19                           81.212121  
20                           82.424242  
21                           84.242424  
22                           79.393939  
23                           77.575758  
24                           81.818182  
25                           80.000000  
26                           80.000000  

Results have been saved to 'reliability_analysis.csv'
Author
10     0.614610
5      1.732472
6      4.127717
1      6.198431
8     13.480760
2     18.286000
7     27.464848
4     33.599809
0     75.402190
3     88.912464
9     99.329043
Name: Score, dtype: float64

Results have been saved to 'pagerank_results_balanced.csv'
Combined Results:
                                          Subcategory  \
0                                     Topic Relevance   
1                    Comprehensiveness of Information   
2                             Accuracy of Information   
3                        Innovativeness of Viewpoints   
4       Integration of Interdisciplinary Perspectives   
5                        Clarity of Logical Structure   
6               Reasonableness of Chapter Arrangement   
7              Quality of Introduction and Conclusion   
8              Accuracy and Completeness of Citations   
9              Timeliness and Relevance of References   
10   Avoidance of Plagiarism and Appropriate Citation   
11             Critical Analysis of Existing Research   
12   Proposal of New Research Directions or Questions   
13                Potential Contribution to the Field   
14             Clarity of Research Method Description   
15                    Rationality of Method Selection   
16                           Rigor of Research Design   
17               Inclusion of Latest Research Results   
18            Reflection of Current Research Hotspots   
19                     Fluency of Language Expression   
20    Appropriateness of Professional Terminology Use   
21                          Conciseness of Expression   
22  Practical Application Potential of Research Re...   
23                Feasibility of Proposed Suggestions   
24                             Logic of Argumentation   
25                   Multi-angle Analysis of Problems   
26  Identification and Discussion of Research Limi...   

    ICC (Intraclass Correlation Coefficient) ICC 95% Confidence Interval  \
0                                   0.508255                [0.41, 0.62]   
1                                   0.758145                [0.68, 0.83]   
2                                   0.257417                [0.17, 0.37]   
3                                   0.637017                [0.54, 0.73]   
4                                   0.724691                 [0.64, 0.8]   
5                                   0.753650                [0.67, 0.83]   
6                                   0.730089                [0.65, 0.81]   
7                                   0.717466                 [0.63, 0.8]   
8                                   0.597766                  [0.5, 0.7]   
9                                   0.698353                [0.61, 0.78]   
10                                  0.305793                [0.22, 0.42]   
11                                  0.757906                [0.68, 0.83]   
12                                  0.526875                [0.43, 0.64]   
13                                  0.711241                [0.63, 0.79]   
14                                  0.696961                [0.61, 0.78]   
15                                  0.696562                [0.61, 0.78]   
16                                  0.696368                [0.61, 0.78]   
17                                  0.707837                [0.62, 0.79]   
18                                  0.673752                [0.58, 0.76]   
19                                  0.677484                [0.59, 0.77]   
20                                  0.696632                [0.61, 0.78]   
21                                  0.658462                [0.57, 0.75]   
22                                  0.691988                 [0.6, 0.78]   
23                                  0.681406                [0.59, 0.77]   
24                                  0.725560                [0.64, 0.81]   
25                                  0.704795                [0.62, 0.79]   
26                                  0.682898                [0.59, 0.77]   

    Transitivity Consistency Ratio (%)  
0                            73.611111  
1                            80.000000  
2                            62.352941  
3                            78.787879  
4                            80.000000  
5                            80.000000  
6                            81.818182  
7                            79.617834  
8                            78.616352  
9                            78.343949  
10                           70.247934  
11                           77.575758  
12                           78.787879  
13                           77.575758  
14                           81.212121  
15                           80.891720  
16                           81.212121  
17                           77.575758  
18                           76.969697  
19                           81.212121  
20                           82.424242  
21                           84.242424  
22                           79.393939  
23                           77.575758  
24                           81.818182  
25                           80.000000  
26                           80.000000  

Results have been saved to 'reliability_analysis.csv'
Author
10     0.614610
5      1.732472
6      4.127717
1      6.198431
8     13.480760
2     18.286000
7     27.464848
4     33.599809
0     75.402190
3     88.912464
9     99.329043
Name: Score, dtype: float64

Results have been saved to 'pagerank_results_balanced.csv'
Combined Results:
                                          Subcategory  \
0                                     Topic Relevance   
1                    Comprehensiveness of Information   
2                             Accuracy of Information   
3                        Innovativeness of Viewpoints   
4       Integration of Interdisciplinary Perspectives   
5                        Clarity of Logical Structure   
6               Reasonableness of Chapter Arrangement   
7              Quality of Introduction and Conclusion   
8              Accuracy and Completeness of Citations   
9              Timeliness and Relevance of References   
10   Avoidance of Plagiarism and Appropriate Citation   
11             Critical Analysis of Existing Research   
12   Proposal of New Research Directions or Questions   
13                Potential Contribution to the Field   
14             Clarity of Research Method Description   
15                    Rationality of Method Selection   
16                           Rigor of Research Design   
17               Inclusion of Latest Research Results   
18            Reflection of Current Research Hotspots   
19                     Fluency of Language Expression   
20    Appropriateness of Professional Terminology Use   
21                          Conciseness of Expression   
22  Practical Application Potential of Research Re...   
23                Feasibility of Proposed Suggestions   
24                             Logic of Argumentation   
25                   Multi-angle Analysis of Problems   
26  Identification and Discussion of Research Limi...   

    ICC (Intraclass Correlation Coefficient) ICC 95% Confidence Interval  \
0                                   0.508255                [0.41, 0.62]   
1                                   0.758145                [0.68, 0.83]   
2                                   0.257417                [0.17, 0.37]   
3                                   0.637017                [0.54, 0.73]   
4                                   0.724691                 [0.64, 0.8]   
5                                   0.753650                [0.67, 0.83]   
6                                   0.730089                [0.65, 0.81]   
7                                   0.717466                 [0.63, 0.8]   
8                                   0.597766                  [0.5, 0.7]   
9                                   0.698353                [0.61, 0.78]   
10                                  0.305793                [0.22, 0.42]   
11                                  0.757906                [0.68, 0.83]   
12                                  0.526875                [0.43, 0.64]   
13                                  0.711241                [0.63, 0.79]   
14                                  0.696961                [0.61, 0.78]   
15                                  0.696562                [0.61, 0.78]   
16                                  0.696368                [0.61, 0.78]   
17                                  0.707837                [0.62, 0.79]   
18                                  0.673752                [0.58, 0.76]   
19                                  0.677484                [0.59, 0.77]   
20                                  0.696632                [0.61, 0.78]   
21                                  0.658462                [0.57, 0.75]   
22                                  0.691988                 [0.6, 0.78]   
23                                  0.681406                [0.59, 0.77]   
24                                  0.725560                [0.64, 0.81]   
25                                  0.704795                [0.62, 0.79]   
26                                  0.682898                [0.59, 0.77]   

    Transitivity Consistency Ratio (%)  
0                            73.611111  
1                            80.000000  
2                            62.352941  
3                            78.787879  
4                            80.000000  
5                            80.000000  
6                            81.818182  
7                            79.617834  
8                            78.616352  
9                            78.343949  
10                           70.247934  
11                           77.575758  
12                           78.787879  
13                           77.575758  
14                           81.212121  
15                           80.891720  
16                           81.212121  
17                           77.575758  
18                           76.969697  
19                           81.212121  
20                           82.424242  
21                           84.242424  
22                           79.393939  
23                           77.575758  
24                           81.818182  
25                           80.000000  
26                           80.000000  

Results have been saved to 'reliability_analysis.csv'
