Author
10      0.138038
6       2.551352
2       4.142863
5       5.102933
0      13.997326
3      31.298161
1      37.981437
8      52.203582
4      61.408572
7      72.970253
9     100.000000
Name: Score, dtype: float64

Results have been saved to 'pagerank_results_balanced.csv'
Combined Results:
                                          Subcategory  \
0                                     Topic Relevance   
1                    Comprehensiveness of Information   
2                             Accuracy of Information   
3                        Innovativeness of Viewpoints   
4       Integration of Interdisciplinary Perspectives   
5                        Clarity of Logical Structure   
6               Reasonableness of Chapter Arrangement   
7              Quality of Introduction and Conclusion   
8              Accuracy and Completeness of Citations   
9              Timeliness and Relevance of References   
10   Avoidance of Plagiarism and Appropriate Citation   
11             Critical Analysis of Existing Research   
12   Proposal of New Research Directions or Questions   
13                Potential Contribution to the Field   
14             Clarity of Research Method Description   
15                    Rationality of Method Selection   
16                           Rigor of Research Design   
17               Inclusion of Latest Research Results   
18            Reflection of Current Research Hotspots   
19                     Fluency of Language Expression   
20    Appropriateness of Professional Terminology Use   
21                          Conciseness of Expression   
22  Practical Application Potential of Research Re...   
23                Feasibility of Proposed Suggestions   
24                             Logic of Argumentation   
25                   Multi-angle Analysis of Problems   
26  Identification and Discussion of Research Limi...   

    ICC (Intraclass Correlation Coefficient) ICC 95% Confidence Interval  \
0                                   0.502855                 [0.4, 0.62]   
1                                   0.739450                [0.66, 0.82]   
2                                   0.276029                [0.19, 0.39]   
3                                   0.703925                [0.62, 0.79]   
4                                   0.717247                 [0.63, 0.8]   
5                                   0.646934                [0.55, 0.74]   
6                                   0.625621                [0.53, 0.72]   
7                                   0.651265                [0.56, 0.75]   
8                                   0.595646                  [0.5, 0.7]   
9                                   0.679669                [0.59, 0.77]   
10                                  0.262666                [0.18, 0.38]   
11                                  0.674760                [0.58, 0.76]   
12                                  0.619121                [0.52, 0.72]   
13                                  0.669794                [0.58, 0.76]   
14                                  0.626688                [0.53, 0.73]   
15                                  0.633122                [0.54, 0.73]   
16                                  0.621934                [0.53, 0.72]   
17                                  0.670675                [0.58, 0.76]   
18                                  0.664814                [0.57, 0.76]   
19                                  0.599379                  [0.5, 0.7]   
20                                  0.545480                [0.44, 0.66]   
21                                  0.599391                  [0.5, 0.7]   
22                                  0.636368                [0.54, 0.73]   
23                                  0.629615                [0.53, 0.73]   
24                                  0.633007                [0.54, 0.73]   
25                                  0.659086                [0.57, 0.75]   
26                                  0.643503                [0.55, 0.74]   

    Transitivity Consistency Ratio (%)  
0                            70.909091  
1                            74.545455  
2                            77.575758  
3                            69.696970  
4                            71.515152  
5                            74.545455  
6                            73.939394  
7                            74.545455  
8                            72.121212  
9                            74.545455  
10                           80.000000  
11                           71.515152  
12                           69.090909  
13                           70.909091  
14                           72.121212  
15                           71.515152  
16                           72.121212  
17                           74.545455  
18                           71.515152  
19                           74.545455  
20                           73.939394  
21                           74.545455  
22                           70.909091  
23                           70.909091  
24                           72.121212  
25                           70.909091  
26                           72.121212  

Results have been saved to 'reliability_analysis.csv'
Author
10      0.098425
6       2.263815
5       3.790694
2       4.247617
0      14.863491
3      34.284642
1      38.879640
8      48.777463
4      59.151024
7      75.509261
9     100.000000
Name: Score, dtype: float64

Results have been saved to 'pagerank_results_balanced.csv'
Combined Results:
                                          Subcategory  \
0                                     Topic Relevance   
1                    Comprehensiveness of Information   
2                             Accuracy of Information   
3                        Innovativeness of Viewpoints   
4       Integration of Interdisciplinary Perspectives   
5                        Clarity of Logical Structure   
6               Reasonableness of Chapter Arrangement   
7              Quality of Introduction and Conclusion   
8              Accuracy and Completeness of Citations   
9              Timeliness and Relevance of References   
10   Avoidance of Plagiarism and Appropriate Citation   
11             Critical Analysis of Existing Research   
12   Proposal of New Research Directions or Questions   
13                Potential Contribution to the Field   
14             Clarity of Research Method Description   
15                    Rationality of Method Selection   
16                           Rigor of Research Design   
17               Inclusion of Latest Research Results   
18            Reflection of Current Research Hotspots   
19                     Fluency of Language Expression   
20    Appropriateness of Professional Terminology Use   
21                          Conciseness of Expression   
22  Practical Application Potential of Research Re...   
23                Feasibility of Proposed Suggestions   
24                             Logic of Argumentation   
25                   Multi-angle Analysis of Problems   
26  Identification and Discussion of Research Limi...   

    ICC (Intraclass Correlation Coefficient) ICC 95% Confidence Interval  \
0                                   0.502855                 [0.4, 0.62]   
1                                   0.739450                [0.66, 0.82]   
2                                   0.276029                [0.19, 0.39]   
3                                   0.703925                [0.62, 0.79]   
4                                   0.717247                 [0.63, 0.8]   
5                                   0.646934                [0.55, 0.74]   
6                                   0.625621                [0.53, 0.72]   
7                                   0.651265                [0.56, 0.75]   
8                                   0.595646                  [0.5, 0.7]   
9                                   0.679669                [0.59, 0.77]   
10                                  0.262666                [0.18, 0.38]   
11                                  0.674760                [0.58, 0.76]   
12                                  0.619121                [0.52, 0.72]   
13                                  0.669794                [0.58, 0.76]   
14                                  0.626688                [0.53, 0.73]   
15                                  0.633122                [0.54, 0.73]   
16                                  0.621934                [0.53, 0.72]   
17                                  0.670675                [0.58, 0.76]   
18                                  0.664814                [0.57, 0.76]   
19                                  0.599379                  [0.5, 0.7]   
20                                  0.545480                [0.44, 0.66]   
21                                  0.599391                  [0.5, 0.7]   
22                                  0.636368                [0.54, 0.73]   
23                                  0.629615                [0.53, 0.73]   
24                                  0.633007                [0.54, 0.73]   
25                                  0.659086                [0.57, 0.75]   
26                                  0.643503                [0.55, 0.74]   

    Transitivity Consistency Ratio (%)  
0                            70.186335  
1                            74.545455  
2                            60.215054  
3                            69.696970  
4                            71.515152  
5                            73.248408  
6                            73.939394  
7                            73.248408  
8                            70.700637  
9                            74.545455  
10                           56.578947  
11                           70.063694  
12                           67.924528  
13                           70.909091  
14                           69.736842  
15                           70.440252  
16                           69.736842  
17                           74.545455  
18                           70.440252  
19                           74.545455  
20                           73.939394  
21                           73.248408  
22                           70.909091  
23                           70.909091  
24                           70.700637  
25                           70.909091  
26                           69.127517  

Results have been saved to 'reliability_analysis.csv'
Author
10      0.098425
6       2.263815
5       3.790694
2       4.247617
0      14.863491
3      34.284642
1      38.879640
8      48.777463
4      59.151024
7      75.509261
9     100.000000
Name: Score, dtype: float64

Results have been saved to 'pagerank_results_balanced.csv'
Combined Results:
                                          Subcategory  \
0                                     Topic Relevance   
1                    Comprehensiveness of Information   
2                             Accuracy of Information   
3                        Innovativeness of Viewpoints   
4       Integration of Interdisciplinary Perspectives   
5                        Clarity of Logical Structure   
6               Reasonableness of Chapter Arrangement   
7              Quality of Introduction and Conclusion   
8              Accuracy and Completeness of Citations   
9              Timeliness and Relevance of References   
10   Avoidance of Plagiarism and Appropriate Citation   
11             Critical Analysis of Existing Research   
12   Proposal of New Research Directions or Questions   
13                Potential Contribution to the Field   
14             Clarity of Research Method Description   
15                    Rationality of Method Selection   
16                           Rigor of Research Design   
17               Inclusion of Latest Research Results   
18            Reflection of Current Research Hotspots   
19                     Fluency of Language Expression   
20    Appropriateness of Professional Terminology Use   
21                          Conciseness of Expression   
22  Practical Application Potential of Research Re...   
23                Feasibility of Proposed Suggestions   
24                             Logic of Argumentation   
25                   Multi-angle Analysis of Problems   
26  Identification and Discussion of Research Limi...   

    ICC (Intraclass Correlation Coefficient) ICC 95% Confidence Interval  \
0                                   0.502855                 [0.4, 0.62]   
1                                   0.739450                [0.66, 0.82]   
2                                   0.276029                [0.19, 0.39]   
3                                   0.703925                [0.62, 0.79]   
4                                   0.717247                 [0.63, 0.8]   
5                                   0.646934                [0.55, 0.74]   
6                                   0.625621                [0.53, 0.72]   
7                                   0.651265                [0.56, 0.75]   
8                                   0.595646                  [0.5, 0.7]   
9                                   0.679669                [0.59, 0.77]   
10                                  0.262666                [0.18, 0.38]   
11                                  0.674760                [0.58, 0.76]   
12                                  0.619121                [0.52, 0.72]   
13                                  0.669794                [0.58, 0.76]   
14                                  0.626688                [0.53, 0.73]   
15                                  0.633122                [0.54, 0.73]   
16                                  0.621934                [0.53, 0.72]   
17                                  0.670675                [0.58, 0.76]   
18                                  0.664814                [0.57, 0.76]   
19                                  0.599379                  [0.5, 0.7]   
20                                  0.545480                [0.44, 0.66]   
21                                  0.599391                  [0.5, 0.7]   
22                                  0.636368                [0.54, 0.73]   
23                                  0.629615                [0.53, 0.73]   
24                                  0.633007                [0.54, 0.73]   
25                                  0.659086                [0.57, 0.75]   
26                                  0.643503                [0.55, 0.74]   

    Transitivity Consistency Ratio (%)  
0                            70.186335  
1                            74.545455  
2                            60.215054  
3                            69.696970  
4                            71.515152  
5                            73.248408  
6                            73.939394  
7                            73.248408  
8                            70.700637  
9                            74.545455  
10                           56.578947  
11                           70.063694  
12                           67.924528  
13                           70.909091  
14                           69.736842  
15                           70.440252  
16                           69.736842  
17                           74.545455  
18                           70.440252  
19                           74.545455  
20                           73.939394  
21                           73.248408  
22                           70.909091  
23                           70.909091  
24                           70.700637  
25                           70.909091  
26                           69.127517  

Results have been saved to 'reliability_analysis.csv'
