Author
7      0.334258
6      0.764831
0      7.062938
8      9.782996
5     11.836725
4     19.531036
10    46.732438
2     57.461424
3     67.891861
1     70.076588
9     98.346116
Name: Score, dtype: float64

Results have been saved to 'pagerank_results_balanced.csv'
Combined Results:
                                          Subcategory  \
0                                     Topic Relevance   
1                    Comprehensiveness of Information   
2                             Accuracy of Information   
3                        Innovativeness of Viewpoints   
4       Integration of Interdisciplinary Perspectives   
5                        Clarity of Logical Structure   
6               Reasonableness of Chapter Arrangement   
7              Quality of Introduction and Conclusion   
8              Accuracy and Completeness of Citations   
9              Timeliness and Relevance of References   
10   Avoidance of Plagiarism and Appropriate Citation   
11             Critical Analysis of Existing Research   
12   Proposal of New Research Directions or Questions   
13                Potential Contribution to the Field   
14             Clarity of Research Method Description   
15                    Rationality of Method Selection   
16                           Rigor of Research Design   
17               Inclusion of Latest Research Results   
18            Reflection of Current Research Hotspots   
19                     Fluency of Language Expression   
20    Appropriateness of Professional Terminology Use   
21                          Conciseness of Expression   
22  Practical Application Potential of Research Re...   
23                Feasibility of Proposed Suggestions   
24                             Logic of Argumentation   
25                   Multi-angle Analysis of Problems   
26  Identification and Discussion of Research Limi...   

    ICC (Intraclass Correlation Coefficient) ICC 95% Confidence Interval  \
0                                   0.474795                [0.37, 0.59]   
1                                   0.760996                [0.68, 0.83]   
2                                   0.400464                 [0.3, 0.52]   
3                                   0.462406                [0.36, 0.58]   
4                                   0.588727                [0.49, 0.69]   
5                                   0.711705                [0.63, 0.79]   
6                                   0.673380                [0.58, 0.76]   
7                                   0.546412                [0.45, 0.66]   
8                                   0.454813                [0.35, 0.57]   
9                                   0.499137                 [0.4, 0.61]   
10                                  0.205694                [0.13, 0.31]   
11                                  0.641136                [0.55, 0.74]   
12                                  0.325864                [0.23, 0.44]   
13                                  0.558507                [0.46, 0.67]   
14                                  0.698607                [0.61, 0.78]   
15                                  0.686057                 [0.6, 0.77]   
16                                  0.672832                [0.58, 0.76]   
17                                  0.493847                [0.39, 0.61]   
18                                  0.493771                [0.39, 0.61]   
19                                  0.497264                 [0.4, 0.61]   
20                                  0.593355                 [0.49, 0.7]   
21                                  0.476196                [0.37, 0.59]   
22                                  0.564624                [0.46, 0.67]   
23                                  0.448205                [0.35, 0.57]   
24                                  0.629277                [0.53, 0.73]   
25                                  0.609675                [0.51, 0.71]   
26                                  0.609887                [0.51, 0.71]   

    Transitivity Consistency Ratio (%)  
0                            82.424242  
1                            75.151515  
2                            80.000000  
3                            72.121212  
4                            76.363636  
5                            76.969697  
6                            75.757576  
7                            77.575758  
8                            78.787879  
9                            73.939394  
10                           83.636364  
11                           72.727273  
12                           75.757576  
13                           73.939394  
14                           75.757576  
15                           73.939394  
16                           75.757576  
17                           73.939394  
18                           76.363636  
19                           78.787879  
20                           78.181818  
21                           76.969697  
22                           71.515152  
23                           71.515152  
24                           76.969697  
25                           76.363636  
26                           77.575758  

Results have been saved to 'reliability_analysis.csv'
Author
7      0.698287
6      0.787571
0      7.674020
8      9.156942
5     11.350296
4     19.174585
10    45.997331
2     56.922056
1     69.451655
3     69.874065
9     98.181760
Name: Score, dtype: float64

Results have been saved to 'pagerank_results_balanced.csv'
Combined Results:
                                          Subcategory  \
0                                     Topic Relevance   
1                    Comprehensiveness of Information   
2                             Accuracy of Information   
3                        Innovativeness of Viewpoints   
4       Integration of Interdisciplinary Perspectives   
5                        Clarity of Logical Structure   
6               Reasonableness of Chapter Arrangement   
7              Quality of Introduction and Conclusion   
8              Accuracy and Completeness of Citations   
9              Timeliness and Relevance of References   
10   Avoidance of Plagiarism and Appropriate Citation   
11             Critical Analysis of Existing Research   
12   Proposal of New Research Directions or Questions   
13                Potential Contribution to the Field   
14             Clarity of Research Method Description   
15                    Rationality of Method Selection   
16                           Rigor of Research Design   
17               Inclusion of Latest Research Results   
18            Reflection of Current Research Hotspots   
19                     Fluency of Language Expression   
20    Appropriateness of Professional Terminology Use   
21                          Conciseness of Expression   
22  Practical Application Potential of Research Re...   
23                Feasibility of Proposed Suggestions   
24                             Logic of Argumentation   
25                   Multi-angle Analysis of Problems   
26  Identification and Discussion of Research Limi...   

    ICC (Intraclass Correlation Coefficient) ICC 95% Confidence Interval  \
0                                   0.474795                [0.37, 0.59]   
1                                   0.760996                [0.68, 0.83]   
2                                   0.400464                 [0.3, 0.52]   
3                                   0.462406                [0.36, 0.58]   
4                                   0.588727                [0.49, 0.69]   
5                                   0.711705                [0.63, 0.79]   
6                                   0.673380                [0.58, 0.76]   
7                                   0.546412                [0.45, 0.66]   
8                                   0.454813                [0.35, 0.57]   
9                                   0.499137                 [0.4, 0.61]   
10                                  0.205694                [0.13, 0.31]   
11                                  0.641136                [0.55, 0.74]   
12                                  0.325864                [0.23, 0.44]   
13                                  0.558507                [0.46, 0.67]   
14                                  0.698607                [0.61, 0.78]   
15                                  0.686057                 [0.6, 0.77]   
16                                  0.672832                [0.58, 0.76]   
17                                  0.493847                [0.39, 0.61]   
18                                  0.493771                [0.39, 0.61]   
19                                  0.497264                 [0.4, 0.61]   
20                                  0.593355                 [0.49, 0.7]   
21                                  0.476196                [0.37, 0.59]   
22                                  0.564624                [0.46, 0.67]   
23                                  0.448205                [0.35, 0.57]   
24                                  0.629277                [0.53, 0.73]   
25                                  0.609675                [0.51, 0.71]   
26                                  0.609887                [0.51, 0.71]   

    Transitivity Consistency Ratio (%)  
0                            75.213675  
1                            75.151515  
2                            40.000000  
3                            71.604938  
4                            76.363636  
5                            76.969697  
6                            75.757576  
7                            76.282051  
8                            51.388889  
9                            73.939394  
10                           38.636364  
11                           72.727273  
12                           74.522293  
13                           73.939394  
14                           75.757576  
15                           73.939394  
16                           75.757576  
17                           73.939394  
18                           76.363636  
19                           73.076923  
20                           77.070064  
21                           74.834437  
22                           71.515152  
23                           71.515152  
24                           76.969697  
25                           76.363636  
26                           76.729560  

Results have been saved to 'reliability_analysis.csv'
Author
7      0.698287
6      0.787571
0      7.674020
8      9.156942
5     11.350296
4     19.174585
10    45.997331
2     56.922056
1     69.451655
3     69.874065
9     98.181760
Name: Score, dtype: float64

Results have been saved to 'pagerank_results_balanced.csv'
Combined Results:
                                          Subcategory  \
0                                     Topic Relevance   
1                    Comprehensiveness of Information   
2                             Accuracy of Information   
3                        Innovativeness of Viewpoints   
4       Integration of Interdisciplinary Perspectives   
5                        Clarity of Logical Structure   
6               Reasonableness of Chapter Arrangement   
7              Quality of Introduction and Conclusion   
8              Accuracy and Completeness of Citations   
9              Timeliness and Relevance of References   
10   Avoidance of Plagiarism and Appropriate Citation   
11             Critical Analysis of Existing Research   
12   Proposal of New Research Directions or Questions   
13                Potential Contribution to the Field   
14             Clarity of Research Method Description   
15                    Rationality of Method Selection   
16                           Rigor of Research Design   
17               Inclusion of Latest Research Results   
18            Reflection of Current Research Hotspots   
19                     Fluency of Language Expression   
20    Appropriateness of Professional Terminology Use   
21                          Conciseness of Expression   
22  Practical Application Potential of Research Re...   
23                Feasibility of Proposed Suggestions   
24                             Logic of Argumentation   
25                   Multi-angle Analysis of Problems   
26  Identification and Discussion of Research Limi...   

    ICC (Intraclass Correlation Coefficient) ICC 95% Confidence Interval  \
0                                   0.474795                [0.37, 0.59]   
1                                   0.760996                [0.68, 0.83]   
2                                   0.400464                 [0.3, 0.52]   
3                                   0.462406                [0.36, 0.58]   
4                                   0.588727                [0.49, 0.69]   
5                                   0.711705                [0.63, 0.79]   
6                                   0.673380                [0.58, 0.76]   
7                                   0.546412                [0.45, 0.66]   
8                                   0.454813                [0.35, 0.57]   
9                                   0.499137                 [0.4, 0.61]   
10                                  0.205694                [0.13, 0.31]   
11                                  0.641136                [0.55, 0.74]   
12                                  0.325864                [0.23, 0.44]   
13                                  0.558507                [0.46, 0.67]   
14                                  0.698607                [0.61, 0.78]   
15                                  0.686057                 [0.6, 0.77]   
16                                  0.672832                [0.58, 0.76]   
17                                  0.493847                [0.39, 0.61]   
18                                  0.493771                [0.39, 0.61]   
19                                  0.497264                 [0.4, 0.61]   
20                                  0.593355                 [0.49, 0.7]   
21                                  0.476196                [0.37, 0.59]   
22                                  0.564624                [0.46, 0.67]   
23                                  0.448205                [0.35, 0.57]   
24                                  0.629277                [0.53, 0.73]   
25                                  0.609675                [0.51, 0.71]   
26                                  0.609887                [0.51, 0.71]   

    Transitivity Consistency Ratio (%)  
0                            75.213675  
1                            75.151515  
2                            40.000000  
3                            71.604938  
4                            76.363636  
5                            76.969697  
6                            75.757576  
7                            76.282051  
8                            51.388889  
9                            73.939394  
10                           38.636364  
11                           72.727273  
12                           74.522293  
13                           73.939394  
14                           75.757576  
15                           73.939394  
16                           75.757576  
17                           73.939394  
18                           76.363636  
19                           73.076923  
20                           77.070064  
21                           74.834437  
22                           71.515152  
23                           71.515152  
24                           76.969697  
25                           76.363636  
26                           76.729560  

Results have been saved to 'reliability_analysis.csv'
