Author
0      0.139676
4     10.196865
3     13.055013
10    16.968119
8     24.739578
2     26.401575
6     48.186169
5     72.299491
7     83.786957
1     92.155293
9     98.991170
Name: Score, dtype: float64

Results have been saved to 'pagerank_results_balanced.csv'
Combined Results:
                                          Subcategory  \
0                                     Topic Relevance   
1                    Comprehensiveness of Information   
2                             Accuracy of Information   
3                        Innovativeness of Viewpoints   
4       Integration of Interdisciplinary Perspectives   
5                        Clarity of Logical Structure   
6               Reasonableness of Chapter Arrangement   
7              Quality of Introduction and Conclusion   
8              Accuracy and Completeness of Citations   
9              Timeliness and Relevance of References   
10   Avoidance of Plagiarism and Appropriate Citation   
11             Critical Analysis of Existing Research   
12   Proposal of New Research Directions or Questions   
13                Potential Contribution to the Field   
14             Clarity of Research Method Description   
15                    Rationality of Method Selection   
16                           Rigor of Research Design   
17               Inclusion of Latest Research Results   
18            Reflection of Current Research Hotspots   
19                     Fluency of Language Expression   
20    Appropriateness of Professional Terminology Use   
21                          Conciseness of Expression   
22  Practical Application Potential of Research Re...   
23                Feasibility of Proposed Suggestions   
24                             Logic of Argumentation   
25                   Multi-angle Analysis of Problems   
26  Identification and Discussion of Research Limi...   

    ICC (Intraclass Correlation Coefficient) ICC 95% Confidence Interval  \
0                                   0.501834                 [0.4, 0.62]   
1                                   0.710956                [0.63, 0.79]   
2                                   0.199613                 [0.12, 0.3]   
3                                   0.532940                [0.43, 0.64]   
4                                   0.579526                [0.48, 0.69]   
5                                   0.641282                [0.55, 0.74]   
6                                   0.632239                [0.54, 0.73]   
7                                   0.608029                [0.51, 0.71]   
8                                   0.530491                [0.43, 0.64]   
9                                   0.675129                [0.58, 0.77]   
10                                  0.201375                [0.13, 0.31]   
11                                  0.553631                [0.45, 0.66]   
12                                  0.477124                [0.38, 0.59]   
13                                  0.553794                [0.45, 0.66]   
14                                  0.514305                [0.41, 0.63]   
15                                  0.510922                [0.41, 0.62]   
16                                  0.515848                [0.41, 0.63]   
17                                  0.672297                [0.58, 0.76]   
18                                  0.599068                  [0.5, 0.7]   
19                                  0.604013                [0.51, 0.71]   
20                                  0.528328                [0.43, 0.64]   
21                                  0.580370                [0.48, 0.69]   
22                                  0.466321                [0.36, 0.58]   
23                                  0.446524                [0.35, 0.56]   
24                                  0.600329                  [0.5, 0.7]   
25                                  0.576368                [0.48, 0.68]   
26                                  0.517265                [0.42, 0.63]   

    Transitivity Consistency Ratio (%)  
0                            81.212121  
1                            79.393939  
2                            81.212121  
3                            79.393939  
4                            79.393939  
5                            83.030303  
6                            81.212121  
7                            82.424242  
8                            76.363636  
9                            79.393939  
10                           80.000000  
11                           79.393939  
12                           75.151515  
13                           80.606061  
14                           76.363636  
15                           78.787879  
16                           76.969697  
17                           79.393939  
18                           80.606061  
19                           82.424242  
20                           78.787879  
21                           81.212121  
22                           80.606061  
23                           80.000000  
24                           81.212121  
25                           77.575758  
26                           76.363636  

Results have been saved to 'reliability_analysis.csv'
Author
0      0.089996
4      9.309401
3     13.287521
10    14.313774
8     24.105095
2     24.948256
6     49.611689
5     74.835478
7     83.242897
1     92.460926
9     99.054004
Name: Score, dtype: float64

Results have been saved to 'pagerank_results_balanced.csv'
Combined Results:
                                          Subcategory  \
0                                     Topic Relevance   
1                    Comprehensiveness of Information   
2                             Accuracy of Information   
3                        Innovativeness of Viewpoints   
4       Integration of Interdisciplinary Perspectives   
5                        Clarity of Logical Structure   
6               Reasonableness of Chapter Arrangement   
7              Quality of Introduction and Conclusion   
8              Accuracy and Completeness of Citations   
9              Timeliness and Relevance of References   
10   Avoidance of Plagiarism and Appropriate Citation   
11             Critical Analysis of Existing Research   
12   Proposal of New Research Directions or Questions   
13                Potential Contribution to the Field   
14             Clarity of Research Method Description   
15                    Rationality of Method Selection   
16                           Rigor of Research Design   
17               Inclusion of Latest Research Results   
18            Reflection of Current Research Hotspots   
19                     Fluency of Language Expression   
20    Appropriateness of Professional Terminology Use   
21                          Conciseness of Expression   
22  Practical Application Potential of Research Re...   
23                Feasibility of Proposed Suggestions   
24                             Logic of Argumentation   
25                   Multi-angle Analysis of Problems   
26  Identification and Discussion of Research Limi...   

    ICC (Intraclass Correlation Coefficient) ICC 95% Confidence Interval  \
0                                   0.501834                 [0.4, 0.62]   
1                                   0.710956                [0.63, 0.79]   
2                                   0.199613                 [0.12, 0.3]   
3                                   0.532940                [0.43, 0.64]   
4                                   0.579526                [0.48, 0.69]   
5                                   0.641282                [0.55, 0.74]   
6                                   0.632239                [0.54, 0.73]   
7                                   0.608029                [0.51, 0.71]   
8                                   0.530491                [0.43, 0.64]   
9                                   0.675129                [0.58, 0.77]   
10                                  0.201375                [0.13, 0.31]   
11                                  0.553631                [0.45, 0.66]   
12                                  0.477124                [0.38, 0.59]   
13                                  0.553794                [0.45, 0.66]   
14                                  0.514305                [0.41, 0.63]   
15                                  0.510922                [0.41, 0.62]   
16                                  0.515848                [0.41, 0.63]   
17                                  0.672297                [0.58, 0.76]   
18                                  0.599068                  [0.5, 0.7]   
19                                  0.604013                [0.51, 0.71]   
20                                  0.528328                [0.43, 0.64]   
21                                  0.580370                [0.48, 0.69]   
22                                  0.466321                [0.36, 0.58]   
23                                  0.446524                [0.35, 0.56]   
24                                  0.600329                  [0.5, 0.7]   
25                                  0.576368                [0.48, 0.68]   
26                                  0.517265                [0.42, 0.63]   

    Transitivity Consistency Ratio (%)  
0                            78.911565  
1                            79.393939  
2                            55.714286  
3                            79.393939  
4                            79.393939  
5                            82.051282  
6                            81.212121  
7                            82.424242  
8                            64.220183  
9                            79.393939  
10                           58.227848  
11                           78.205128  
12                           75.151515  
13                           80.606061  
14                           75.776398  
15                           78.260870  
16                           76.397516  
17                           79.393939  
18                           80.606061  
19                           82.424242  
20                           77.564103  
21                           81.212121  
22                           79.487179  
23                           77.852349  
24                           81.212121  
25                           76.875000  
26                           76.363636  

Results have been saved to 'reliability_analysis.csv'
Author
0      0.089996
4      9.309401
3     13.287521
10    14.313774
8     24.105095
2     24.948256
6     49.611689
5     74.835478
7     83.242897
1     92.460926
9     99.054004
Name: Score, dtype: float64

Results have been saved to 'pagerank_results_balanced.csv'
Combined Results:
                                          Subcategory  \
0                                     Topic Relevance   
1                    Comprehensiveness of Information   
2                             Accuracy of Information   
3                        Innovativeness of Viewpoints   
4       Integration of Interdisciplinary Perspectives   
5                        Clarity of Logical Structure   
6               Reasonableness of Chapter Arrangement   
7              Quality of Introduction and Conclusion   
8              Accuracy and Completeness of Citations   
9              Timeliness and Relevance of References   
10   Avoidance of Plagiarism and Appropriate Citation   
11             Critical Analysis of Existing Research   
12   Proposal of New Research Directions or Questions   
13                Potential Contribution to the Field   
14             Clarity of Research Method Description   
15                    Rationality of Method Selection   
16                           Rigor of Research Design   
17               Inclusion of Latest Research Results   
18            Reflection of Current Research Hotspots   
19                     Fluency of Language Expression   
20    Appropriateness of Professional Terminology Use   
21                          Conciseness of Expression   
22  Practical Application Potential of Research Re...   
23                Feasibility of Proposed Suggestions   
24                             Logic of Argumentation   
25                   Multi-angle Analysis of Problems   
26  Identification and Discussion of Research Limi...   

    ICC (Intraclass Correlation Coefficient) ICC 95% Confidence Interval  \
0                                   0.501834                 [0.4, 0.62]   
1                                   0.710956                [0.63, 0.79]   
2                                   0.199613                 [0.12, 0.3]   
3                                   0.532940                [0.43, 0.64]   
4                                   0.579526                [0.48, 0.69]   
5                                   0.641282                [0.55, 0.74]   
6                                   0.632239                [0.54, 0.73]   
7                                   0.608029                [0.51, 0.71]   
8                                   0.530491                [0.43, 0.64]   
9                                   0.675129                [0.58, 0.77]   
10                                  0.201375                [0.13, 0.31]   
11                                  0.553631                [0.45, 0.66]   
12                                  0.477124                [0.38, 0.59]   
13                                  0.553794                [0.45, 0.66]   
14                                  0.514305                [0.41, 0.63]   
15                                  0.510922                [0.41, 0.62]   
16                                  0.515848                [0.41, 0.63]   
17                                  0.672297                [0.58, 0.76]   
18                                  0.599068                  [0.5, 0.7]   
19                                  0.604013                [0.51, 0.71]   
20                                  0.528328                [0.43, 0.64]   
21                                  0.580370                [0.48, 0.69]   
22                                  0.466321                [0.36, 0.58]   
23                                  0.446524                [0.35, 0.56]   
24                                  0.600329                  [0.5, 0.7]   
25                                  0.576368                [0.48, 0.68]   
26                                  0.517265                [0.42, 0.63]   

    Transitivity Consistency Ratio (%)  
0                            78.911565  
1                            79.393939  
2                            55.714286  
3                            79.393939  
4                            79.393939  
5                            82.051282  
6                            81.212121  
7                            82.424242  
8                            64.220183  
9                            79.393939  
10                           58.227848  
11                           78.205128  
12                           75.151515  
13                           80.606061  
14                           75.776398  
15                           78.260870  
16                           76.397516  
17                           79.393939  
18                           80.606061  
19                           82.424242  
20                           77.564103  
21                           81.212121  
22                           79.487179  
23                           77.852349  
24                           81.212121  
25                           76.875000  
26                           76.363636  

Results have been saved to 'reliability_analysis.csv'
