Author
10     0.022459
4      2.608504
7     16.097559
1     17.207010
2     17.749978
5     25.880135
3     31.521982
0     47.345460
6     65.392863
8     80.719599
9     99.923566
Name: Score, dtype: float64

Results have been saved to 'pagerank_results_balanced.csv'
Combined Results:
                                          Subcategory  \
0                                     Topic Relevance   
1                    Comprehensiveness of Information   
2                             Accuracy of Information   
3                        Innovativeness of Viewpoints   
4       Integration of Interdisciplinary Perspectives   
5                        Clarity of Logical Structure   
6               Reasonableness of Chapter Arrangement   
7              Quality of Introduction and Conclusion   
8              Accuracy and Completeness of Citations   
9              Timeliness and Relevance of References   
10   Avoidance of Plagiarism and Appropriate Citation   
11             Critical Analysis of Existing Research   
12   Proposal of New Research Directions or Questions   
13                Potential Contribution to the Field   
14             Clarity of Research Method Description   
15                    Rationality of Method Selection   
16                           Rigor of Research Design   
17               Inclusion of Latest Research Results   
18            Reflection of Current Research Hotspots   
19                     Fluency of Language Expression   
20    Appropriateness of Professional Terminology Use   
21                          Conciseness of Expression   
22  Practical Application Potential of Research Re...   
23                Feasibility of Proposed Suggestions   
24                             Logic of Argumentation   
25                   Multi-angle Analysis of Problems   
26  Identification and Discussion of Research Limi...   

    ICC (Intraclass Correlation Coefficient) ICC 95% Confidence Interval  \
0                                   0.529380                [0.43, 0.64]   
1                                   0.792487                [0.72, 0.86]   
2                                   0.366511                [0.27, 0.49]   
3                                   0.542937                [0.44, 0.65]   
4                                   0.635568                [0.54, 0.73]   
5                                   0.675324                [0.58, 0.77]   
6                                   0.671143                [0.58, 0.76]   
7                                   0.540430                [0.44, 0.65]   
8                                   0.563488                [0.46, 0.67]   
9                                   0.649510                [0.56, 0.74]   
10                                  0.290959                 [0.2, 0.41]   
11                                  0.571510                [0.47, 0.68]   
12                                  0.455438                [0.35, 0.57]   
13                                  0.586824                [0.49, 0.69]   
14                                  0.659672                [0.57, 0.75]   
15                                  0.661338                [0.57, 0.75]   
16                                  0.653140                [0.56, 0.75]   
17                                  0.668188                [0.58, 0.76]   
18                                  0.626707                [0.53, 0.73]   
19                                  0.568203                [0.47, 0.68]   
20                                  0.601891                  [0.5, 0.7]   
21                                  0.555212                [0.45, 0.66]   
22                                  0.628404                [0.53, 0.73]   
23                                  0.495693                [0.39, 0.61]   
24                                  0.650211                [0.56, 0.75]   
25                                  0.593941                  [0.5, 0.7]   
26                                  0.593860                 [0.49, 0.7]   

    Transitivity Consistency Ratio (%)  
0                            81.818182  
1                            86.666667  
2                            84.242424  
3                            83.636364  
4                            84.242424  
5                            85.454545  
6                            84.848485  
7                            84.242424  
8                            84.242424  
9                            83.030303  
10                           84.242424  
11                           87.272727  
12                           80.000000  
13                           86.666667  
14                           87.272727  
15                           87.272727  
16                           87.272727  
17                           83.030303  
18                           81.212121  
19                           84.242424  
20                           86.666667  
21                           85.454545  
22                           86.666667  
23                           86.666667  
24                           86.666667  
25                           84.848485  
26                           84.242424  

Results have been saved to 'reliability_analysis.csv'
Author
10     0.023338
4      1.618077
1     13.840586
7     14.636531
2     17.378174
5     24.616145
3     30.960770
0     47.005352
6     68.094544
8     80.480623
9     99.949423
Name: Score, dtype: float64

Results have been saved to 'pagerank_results_balanced.csv'
Combined Results:
                                          Subcategory  \
0                                     Topic Relevance   
1                    Comprehensiveness of Information   
2                             Accuracy of Information   
3                        Innovativeness of Viewpoints   
4       Integration of Interdisciplinary Perspectives   
5                        Clarity of Logical Structure   
6               Reasonableness of Chapter Arrangement   
7              Quality of Introduction and Conclusion   
8              Accuracy and Completeness of Citations   
9              Timeliness and Relevance of References   
10   Avoidance of Plagiarism and Appropriate Citation   
11             Critical Analysis of Existing Research   
12   Proposal of New Research Directions or Questions   
13                Potential Contribution to the Field   
14             Clarity of Research Method Description   
15                    Rationality of Method Selection   
16                           Rigor of Research Design   
17               Inclusion of Latest Research Results   
18            Reflection of Current Research Hotspots   
19                     Fluency of Language Expression   
20    Appropriateness of Professional Terminology Use   
21                          Conciseness of Expression   
22  Practical Application Potential of Research Re...   
23                Feasibility of Proposed Suggestions   
24                             Logic of Argumentation   
25                   Multi-angle Analysis of Problems   
26  Identification and Discussion of Research Limi...   

    ICC (Intraclass Correlation Coefficient) ICC 95% Confidence Interval  \
0                                   0.529380                [0.43, 0.64]   
1                                   0.792487                [0.72, 0.86]   
2                                   0.366511                [0.27, 0.49]   
3                                   0.542937                [0.44, 0.65]   
4                                   0.635568                [0.54, 0.73]   
5                                   0.675324                [0.58, 0.77]   
6                                   0.671143                [0.58, 0.76]   
7                                   0.540430                [0.44, 0.65]   
8                                   0.563488                [0.46, 0.67]   
9                                   0.649510                [0.56, 0.74]   
10                                  0.290959                 [0.2, 0.41]   
11                                  0.571510                [0.47, 0.68]   
12                                  0.455438                [0.35, 0.57]   
13                                  0.586824                [0.49, 0.69]   
14                                  0.659672                [0.57, 0.75]   
15                                  0.661338                [0.57, 0.75]   
16                                  0.653140                [0.56, 0.75]   
17                                  0.668188                [0.58, 0.76]   
18                                  0.626707                [0.53, 0.73]   
19                                  0.568203                [0.47, 0.68]   
20                                  0.601891                  [0.5, 0.7]   
21                                  0.555212                [0.45, 0.66]   
22                                  0.628404                [0.53, 0.73]   
23                                  0.495693                [0.39, 0.61]   
24                                  0.650211                [0.56, 0.75]   
25                                  0.593941                  [0.5, 0.7]   
26                                  0.593860                 [0.49, 0.7]   

    Transitivity Consistency Ratio (%)  
0                            80.132450  
1                            86.666667  
2                            75.000000  
3                            83.636364  
4                            83.750000  
5                            85.454545  
6                            84.848485  
7                            84.242424  
8                            79.527559  
9                            82.051282  
10                           76.576577  
11                           87.272727  
12                           80.000000  
13                           86.666667  
14                           87.272727  
15                           87.272727  
16                           87.272727  
17                           82.051282  
18                           81.212121  
19                           84.242424  
20                           86.666667  
21                           85.454545  
22                           86.666667  
23                           86.666667  
24                           85.897436  
25                           84.848485  
26                           84.242424  

Results have been saved to 'reliability_analysis.csv'
Author
10     0.023338
4      1.618077
1     13.840586
7     14.636531
2     17.378174
5     24.616145
3     30.960770
0     47.005352
6     68.094544
8     80.480623
9     99.949423
Name: Score, dtype: float64

Results have been saved to 'pagerank_results_balanced.csv'
Combined Results:
                                          Subcategory  \
0                                     Topic Relevance   
1                    Comprehensiveness of Information   
2                             Accuracy of Information   
3                        Innovativeness of Viewpoints   
4       Integration of Interdisciplinary Perspectives   
5                        Clarity of Logical Structure   
6               Reasonableness of Chapter Arrangement   
7              Quality of Introduction and Conclusion   
8              Accuracy and Completeness of Citations   
9              Timeliness and Relevance of References   
10   Avoidance of Plagiarism and Appropriate Citation   
11             Critical Analysis of Existing Research   
12   Proposal of New Research Directions or Questions   
13                Potential Contribution to the Field   
14             Clarity of Research Method Description   
15                    Rationality of Method Selection   
16                           Rigor of Research Design   
17               Inclusion of Latest Research Results   
18            Reflection of Current Research Hotspots   
19                     Fluency of Language Expression   
20    Appropriateness of Professional Terminology Use   
21                          Conciseness of Expression   
22  Practical Application Potential of Research Re...   
23                Feasibility of Proposed Suggestions   
24                             Logic of Argumentation   
25                   Multi-angle Analysis of Problems   
26  Identification and Discussion of Research Limi...   

    ICC (Intraclass Correlation Coefficient) ICC 95% Confidence Interval  \
0                                   0.529380                [0.43, 0.64]   
1                                   0.792487                [0.72, 0.86]   
2                                   0.366511                [0.27, 0.49]   
3                                   0.542937                [0.44, 0.65]   
4                                   0.635568                [0.54, 0.73]   
5                                   0.675324                [0.58, 0.77]   
6                                   0.671143                [0.58, 0.76]   
7                                   0.540430                [0.44, 0.65]   
8                                   0.563488                [0.46, 0.67]   
9                                   0.649510                [0.56, 0.74]   
10                                  0.290959                 [0.2, 0.41]   
11                                  0.571510                [0.47, 0.68]   
12                                  0.455438                [0.35, 0.57]   
13                                  0.586824                [0.49, 0.69]   
14                                  0.659672                [0.57, 0.75]   
15                                  0.661338                [0.57, 0.75]   
16                                  0.653140                [0.56, 0.75]   
17                                  0.668188                [0.58, 0.76]   
18                                  0.626707                [0.53, 0.73]   
19                                  0.568203                [0.47, 0.68]   
20                                  0.601891                  [0.5, 0.7]   
21                                  0.555212                [0.45, 0.66]   
22                                  0.628404                [0.53, 0.73]   
23                                  0.495693                [0.39, 0.61]   
24                                  0.650211                [0.56, 0.75]   
25                                  0.593941                  [0.5, 0.7]   
26                                  0.593860                 [0.49, 0.7]   

    Transitivity Consistency Ratio (%)  
0                            80.132450  
1                            86.666667  
2                            75.000000  
3                            83.636364  
4                            83.750000  
5                            85.454545  
6                            84.848485  
7                            84.242424  
8                            79.527559  
9                            82.051282  
10                           76.576577  
11                           87.272727  
12                           80.000000  
13                           86.666667  
14                           87.272727  
15                           87.272727  
16                           87.272727  
17                           82.051282  
18                           81.212121  
19                           84.242424  
20                           86.666667  
21                           85.454545  
22                           86.666667  
23                           86.666667  
24                           85.897436  
25                           84.848485  
26                           84.242424  

Results have been saved to 'reliability_analysis.csv'
