Author
10     1.295772
0      6.493883
4      6.981353
6     10.855127
8     12.184859
5     32.375356
1     33.384466
2     42.877700
3     45.817604
7     52.979576
9     98.307524
Name: Score, dtype: float64

Results have been saved to 'pagerank_results_balanced.csv'
Combined Results:
                                          Subcategory  \
0                                     Topic Relevance   
1                    Comprehensiveness of Information   
2                             Accuracy of Information   
3                        Innovativeness of Viewpoints   
4       Integration of Interdisciplinary Perspectives   
5                        Clarity of Logical Structure   
6               Reasonableness of Chapter Arrangement   
7              Quality of Introduction and Conclusion   
8              Accuracy and Completeness of Citations   
9              Timeliness and Relevance of References   
10   Avoidance of Plagiarism and Appropriate Citation   
11             Critical Analysis of Existing Research   
12   Proposal of New Research Directions or Questions   
13                Potential Contribution to the Field   
14             Clarity of Research Method Description   
15                    Rationality of Method Selection   
16                           Rigor of Research Design   
17               Inclusion of Latest Research Results   
18            Reflection of Current Research Hotspots   
19                     Fluency of Language Expression   
20    Appropriateness of Professional Terminology Use   
21                          Conciseness of Expression   
22  Practical Application Potential of Research Re...   
23                Feasibility of Proposed Suggestions   
24                             Logic of Argumentation   
25                   Multi-angle Analysis of Problems   
26  Identification and Discussion of Research Limi...   

    ICC (Intraclass Correlation Coefficient) ICC 95% Confidence Interval  \
0                                   0.564415                [0.46, 0.67]   
1                                   0.732152                [0.65, 0.81]   
2                                   0.369878                [0.27, 0.49]   
3                                   0.529602                [0.43, 0.64]   
4                                   0.598949                  [0.5, 0.7]   
5                                   0.703897                [0.62, 0.79]   
6                                   0.690112                 [0.6, 0.78]   
7                                   0.471057                [0.37, 0.59]   
8                                   0.516512                [0.41, 0.63]   
9                                   0.631380                [0.54, 0.73]   
10                                  0.150169                [0.08, 0.25]   
11                                  0.568351                [0.47, 0.68]   
12                                  0.475365                [0.37, 0.59]   
13                                  0.576840                [0.48, 0.68]   
14                                  0.549337                [0.45, 0.66]   
15                                  0.542763                [0.44, 0.65]   
16                                  0.564480                [0.46, 0.67]   
17                                  0.623555                [0.53, 0.72]   
18                                  0.660904                [0.57, 0.75]   
19                                  0.522237                [0.42, 0.63]   
20                                  0.581349                [0.48, 0.69]   
21                                  0.475308                [0.37, 0.59]   
22                                  0.478704                 [0.38, 0.6]   
23                                  0.364929                [0.27, 0.48]   
24                                  0.611367                [0.51, 0.71]   
25                                  0.586032                [0.49, 0.69]   
26                                  0.496629                [0.39, 0.61]   

    Transitivity Consistency Ratio (%)  
0                            82.424242  
1                            76.969697  
2                            86.666667  
3                            79.393939  
4                            73.939394  
5                            83.030303  
6                            80.606061  
7                            83.636364  
8                            83.636364  
9                            76.363636  
10                           84.848485  
11                           79.393939  
12                           81.212121  
13                           78.181818  
14                           75.151515  
15                           73.939394  
16                           75.151515  
17                           76.363636  
18                           75.757576  
19                           81.212121  
20                           80.606061  
21                           80.606061  
22                           79.393939  
23                           82.424242  
24                           78.181818  
25                           76.969697  
26                           76.969697  

Results have been saved to 'reliability_analysis.csv'
Author
10     0.913819
0      3.367865
4      4.347290
6      8.029983
8      8.290404
5     27.646432
1     31.831248
2     40.647309
3     43.126487
7     53.169058
9     98.218100
Name: Score, dtype: float64

Results have been saved to 'pagerank_results_balanced.csv'
Combined Results:
                                          Subcategory  \
0                                     Topic Relevance   
1                    Comprehensiveness of Information   
2                             Accuracy of Information   
3                        Innovativeness of Viewpoints   
4       Integration of Interdisciplinary Perspectives   
5                        Clarity of Logical Structure   
6               Reasonableness of Chapter Arrangement   
7              Quality of Introduction and Conclusion   
8              Accuracy and Completeness of Citations   
9              Timeliness and Relevance of References   
10   Avoidance of Plagiarism and Appropriate Citation   
11             Critical Analysis of Existing Research   
12   Proposal of New Research Directions or Questions   
13                Potential Contribution to the Field   
14             Clarity of Research Method Description   
15                    Rationality of Method Selection   
16                           Rigor of Research Design   
17               Inclusion of Latest Research Results   
18            Reflection of Current Research Hotspots   
19                     Fluency of Language Expression   
20    Appropriateness of Professional Terminology Use   
21                          Conciseness of Expression   
22  Practical Application Potential of Research Re...   
23                Feasibility of Proposed Suggestions   
24                             Logic of Argumentation   
25                   Multi-angle Analysis of Problems   
26  Identification and Discussion of Research Limi...   

    ICC (Intraclass Correlation Coefficient) ICC 95% Confidence Interval  \
0                                   0.564415                [0.46, 0.67]   
1                                   0.732152                [0.65, 0.81]   
2                                   0.369878                [0.27, 0.49]   
3                                   0.529602                [0.43, 0.64]   
4                                   0.598949                  [0.5, 0.7]   
5                                   0.703897                [0.62, 0.79]   
6                                   0.690112                 [0.6, 0.78]   
7                                   0.471057                [0.37, 0.59]   
8                                   0.516512                [0.41, 0.63]   
9                                   0.631380                [0.54, 0.73]   
10                                  0.150169                [0.08, 0.25]   
11                                  0.568351                [0.47, 0.68]   
12                                  0.475365                [0.37, 0.59]   
13                                  0.576840                [0.48, 0.68]   
14                                  0.549337                [0.45, 0.66]   
15                                  0.542763                [0.44, 0.65]   
16                                  0.564480                [0.46, 0.67]   
17                                  0.623555                [0.53, 0.72]   
18                                  0.660904                [0.57, 0.75]   
19                                  0.522237                [0.42, 0.63]   
20                                  0.581349                [0.48, 0.69]   
21                                  0.475308                [0.37, 0.59]   
22                                  0.478704                 [0.38, 0.6]   
23                                  0.364929                [0.27, 0.48]   
24                                  0.611367                [0.51, 0.71]   
25                                  0.586032                [0.49, 0.69]   
26                                  0.496629                [0.39, 0.61]   

    Transitivity Consistency Ratio (%)  
0                            78.832117  
1                            76.969697  
2                            59.259259  
3                            78.205128  
4                            72.435897  
5                            83.030303  
6                            80.606061  
7                            83.636364  
8                            75.454545  
9                            75.159236  
10                           64.285714  
11                           79.393939  
12                           81.212121  
13                           78.181818  
14                           75.151515  
15                           73.939394  
16                           75.151515  
17                           75.159236  
18                           75.757576  
19                           81.212121  
20                           80.606061  
21                           80.606061  
22                           78.343949  
23                           81.410256  
24                           78.181818  
25                           76.969697  
26                           76.969697  

Results have been saved to 'reliability_analysis.csv'
Author
10     0.913819
0      3.367865
4      4.347290
6      8.029983
8      8.290404
5     27.646432
1     31.831248
2     40.647309
3     43.126487
7     53.169058
9     98.218100
Name: Score, dtype: float64

Results have been saved to 'pagerank_results_balanced.csv'
Combined Results:
                                          Subcategory  \
0                                     Topic Relevance   
1                    Comprehensiveness of Information   
2                             Accuracy of Information   
3                        Innovativeness of Viewpoints   
4       Integration of Interdisciplinary Perspectives   
5                        Clarity of Logical Structure   
6               Reasonableness of Chapter Arrangement   
7              Quality of Introduction and Conclusion   
8              Accuracy and Completeness of Citations   
9              Timeliness and Relevance of References   
10   Avoidance of Plagiarism and Appropriate Citation   
11             Critical Analysis of Existing Research   
12   Proposal of New Research Directions or Questions   
13                Potential Contribution to the Field   
14             Clarity of Research Method Description   
15                    Rationality of Method Selection   
16                           Rigor of Research Design   
17               Inclusion of Latest Research Results   
18            Reflection of Current Research Hotspots   
19                     Fluency of Language Expression   
20    Appropriateness of Professional Terminology Use   
21                          Conciseness of Expression   
22  Practical Application Potential of Research Re...   
23                Feasibility of Proposed Suggestions   
24                             Logic of Argumentation   
25                   Multi-angle Analysis of Problems   
26  Identification and Discussion of Research Limi...   

    ICC (Intraclass Correlation Coefficient) ICC 95% Confidence Interval  \
0                                   0.564415                [0.46, 0.67]   
1                                   0.732152                [0.65, 0.81]   
2                                   0.369878                [0.27, 0.49]   
3                                   0.529602                [0.43, 0.64]   
4                                   0.598949                  [0.5, 0.7]   
5                                   0.703897                [0.62, 0.79]   
6                                   0.690112                 [0.6, 0.78]   
7                                   0.471057                [0.37, 0.59]   
8                                   0.516512                [0.41, 0.63]   
9                                   0.631380                [0.54, 0.73]   
10                                  0.150169                [0.08, 0.25]   
11                                  0.568351                [0.47, 0.68]   
12                                  0.475365                [0.37, 0.59]   
13                                  0.576840                [0.48, 0.68]   
14                                  0.549337                [0.45, 0.66]   
15                                  0.542763                [0.44, 0.65]   
16                                  0.564480                [0.46, 0.67]   
17                                  0.623555                [0.53, 0.72]   
18                                  0.660904                [0.57, 0.75]   
19                                  0.522237                [0.42, 0.63]   
20                                  0.581349                [0.48, 0.69]   
21                                  0.475308                [0.37, 0.59]   
22                                  0.478704                 [0.38, 0.6]   
23                                  0.364929                [0.27, 0.48]   
24                                  0.611367                [0.51, 0.71]   
25                                  0.586032                [0.49, 0.69]   
26                                  0.496629                [0.39, 0.61]   

    Transitivity Consistency Ratio (%)  
0                            78.832117  
1                            76.969697  
2                            59.259259  
3                            78.205128  
4                            72.435897  
5                            83.030303  
6                            80.606061  
7                            83.636364  
8                            75.454545  
9                            75.159236  
10                           64.285714  
11                           79.393939  
12                           81.212121  
13                           78.181818  
14                           75.151515  
15                           73.939394  
16                           75.151515  
17                           75.159236  
18                           75.757576  
19                           81.212121  
20                           80.606061  
21                           80.606061  
22                           78.343949  
23                           81.410256  
24                           78.181818  
25                           76.969697  
26                           76.969697  

Results have been saved to 'reliability_analysis.csv'
