Author
6      0.045772
2      3.253012
5      5.913825
8      6.384747
3     35.891768
4     43.447185
1     45.560604
7     49.053565
10    57.232293
0     63.688459
9     99.932688
Name: Score, dtype: float64

Results have been saved to 'pagerank_results_balanced.csv'
Combined Results:
                                          Subcategory  \
0                                     Topic Relevance   
1                    Comprehensiveness of Information   
2                             Accuracy of Information   
3                        Innovativeness of Viewpoints   
4       Integration of Interdisciplinary Perspectives   
5                        Clarity of Logical Structure   
6               Reasonableness of Chapter Arrangement   
7              Quality of Introduction and Conclusion   
8              Accuracy and Completeness of Citations   
9              Timeliness and Relevance of References   
10   Avoidance of Plagiarism and Appropriate Citation   
11             Critical Analysis of Existing Research   
12   Proposal of New Research Directions or Questions   
13                Potential Contribution to the Field   
14             Clarity of Research Method Description   
15                    Rationality of Method Selection   
16                           Rigor of Research Design   
17               Inclusion of Latest Research Results   
18            Reflection of Current Research Hotspots   
19                     Fluency of Language Expression   
20    Appropriateness of Professional Terminology Use   
21                          Conciseness of Expression   
22  Practical Application Potential of Research Re...   
23                Feasibility of Proposed Suggestions   
24                             Logic of Argumentation   
25                   Multi-angle Analysis of Problems   
26  Identification and Discussion of Research Limi...   

    ICC (Intraclass Correlation Coefficient) ICC 95% Confidence Interval  \
0                                   0.423731                [0.32, 0.54]   
1                                   0.781420                [0.71, 0.85]   
2                                   0.449319                [0.35, 0.57]   
3                                   0.636833                [0.54, 0.74]   
4                                   0.757882                [0.68, 0.83]   
5                                   0.730973                [0.64, 0.81]   
6                                   0.759355                [0.68, 0.83]   
7                                   0.654868                [0.56, 0.75]   
8                                   0.536566                [0.44, 0.65]   
9                                   0.630630                [0.54, 0.73]   
10                                  0.268571                [0.18, 0.38]   
11                                  0.685640                [0.59, 0.78]   
12                                  0.501544                 [0.4, 0.62]   
13                                  0.642784                [0.55, 0.74]   
14                                  0.730128                [0.64, 0.81]   
15                                  0.747402                [0.66, 0.82]   
16                                  0.707476                [0.62, 0.79]   
17                                  0.624097                [0.53, 0.72]   
18                                  0.658440                [0.57, 0.75]   
19                                  0.634423                [0.53, 0.73]   
20                                  0.633729                [0.54, 0.73]   
21                                  0.604739                [0.51, 0.71]   
22                                  0.637254                [0.54, 0.73]   
23                                  0.464983                [0.36, 0.58]   
24                                  0.701742                [0.61, 0.79]   
25                                  0.713414                 [0.63, 0.8]   
26                                  0.654793                [0.56, 0.75]   

    Transitivity Consistency Ratio (%)  
0                            84.242424  
1                            73.939394  
2                            80.000000  
3                            78.181818  
4                            76.363636  
5                            73.939394  
6                            73.333333  
7                            73.939394  
8                            78.181818  
9                            73.333333  
10                           80.606061  
11                           73.939394  
12                           77.575758  
13                           73.939394  
14                           75.757576  
15                           74.545455  
16                           73.333333  
17                           73.939394  
18                           73.939394  
19                           73.333333  
20                           75.151515  
21                           75.151515  
22                           75.151515  
23                           73.939394  
24                           74.545455  
25                           74.545455  
26                           73.333333  

Results have been saved to 'reliability_analysis.csv'
