Author
10      0.410507
0       0.959708
7       6.055045
4       7.333645
2       9.739019
5      13.203622
6      17.285790
1      26.911445
8      42.843308
3      77.571604
9     100.000000
Name: Score, dtype: float64

Results have been saved to 'pagerank_results_balanced.csv'
Combined Results:
                                          Subcategory  \
0                                     Topic Relevance   
1                    Comprehensiveness of Information   
2                             Accuracy of Information   
3                        Innovativeness of Viewpoints   
4       Integration of Interdisciplinary Perspectives   
5                        Clarity of Logical Structure   
6               Reasonableness of Chapter Arrangement   
7              Quality of Introduction and Conclusion   
8              Accuracy and Completeness of Citations   
9              Timeliness and Relevance of References   
10   Avoidance of Plagiarism and Appropriate Citation   
11             Critical Analysis of Existing Research   
12   Proposal of New Research Directions or Questions   
13                Potential Contribution to the Field   
14             Clarity of Research Method Description   
15                    Rationality of Method Selection   
16                           Rigor of Research Design   
17               Inclusion of Latest Research Results   
18            Reflection of Current Research Hotspots   
19                     Fluency of Language Expression   
20    Appropriateness of Professional Terminology Use   
21                          Conciseness of Expression   
22  Practical Application Potential of Research Re...   
23                Feasibility of Proposed Suggestions   
24                             Logic of Argumentation   
25                   Multi-angle Analysis of Problems   
26  Identification and Discussion of Research Limi...   

    ICC (Intraclass Correlation Coefficient) ICC 95% Confidence Interval  \
0                                   0.466087                [0.36, 0.58]   
1                                   0.677199                [0.59, 0.77]   
2                                   0.354645                [0.26, 0.47]   
3                                   0.687444                 [0.6, 0.78]   
4                                   0.595469                 [0.49, 0.7]   
5                                   0.595216                  [0.5, 0.7]   
6                                   0.550478                [0.45, 0.66]   
7                                   0.518967                [0.42, 0.63]   
8                                   0.518171                [0.42, 0.63]   
9                                   0.582292                [0.48, 0.69]   
10                                  0.316069                [0.22, 0.43]   
11                                  0.673930                [0.58, 0.76]   
12                                  0.573457                [0.47, 0.68]   
13                                  0.636910                [0.54, 0.73]   
14                                  0.669025                [0.58, 0.76]   
15                                  0.650528                [0.56, 0.75]   
16                                  0.630109                [0.53, 0.73]   
17                                  0.605155                [0.51, 0.71]   
18                                  0.585988                [0.49, 0.69]   
19                                  0.457016                [0.36, 0.57]   
20                                  0.480557                 [0.38, 0.6]   
21                                  0.488273                 [0.39, 0.6]   
22                                  0.629574                [0.53, 0.73]   
23                                  0.616166                [0.52, 0.72]   
24                                  0.555210                [0.45, 0.66]   
25                                  0.577340                [0.48, 0.68]   
26                                  0.579036                [0.48, 0.69]   

    Transitivity Consistency Ratio (%)  
0                            83.030303  
1                            79.393939  
2                            79.393939  
3                            76.969697  
4                            84.848485  
5                            80.606061  
6                            81.818182  
7                            76.363636  
8                            80.000000  
9                            80.000000  
10                           78.181818  
11                           76.969697  
12                           79.393939  
13                           78.181818  
14                           77.575758  
15                           77.575758  
16                           78.181818  
17                           80.000000  
18                           83.636364  
19                           80.606061  
20                           75.757576  
21                           80.000000  
22                           80.000000  
23                           80.000000  
24                           78.787879  
25                           87.272727  
26                           81.212121  

Results have been saved to 'reliability_analysis.csv'
Author
10      0.200772
0       1.603834
7       5.847514
4       8.576199
2       9.453790
5      10.280975
6      18.043671
1      28.999934
8      46.960096
3      76.079456
9     100.000000
Name: Score, dtype: float64

Results have been saved to 'pagerank_results_balanced.csv'
Combined Results:
                                          Subcategory  \
0                                     Topic Relevance   
1                    Comprehensiveness of Information   
2                             Accuracy of Information   
3                        Innovativeness of Viewpoints   
4       Integration of Interdisciplinary Perspectives   
5                        Clarity of Logical Structure   
6               Reasonableness of Chapter Arrangement   
7              Quality of Introduction and Conclusion   
8              Accuracy and Completeness of Citations   
9              Timeliness and Relevance of References   
10   Avoidance of Plagiarism and Appropriate Citation   
11             Critical Analysis of Existing Research   
12   Proposal of New Research Directions or Questions   
13                Potential Contribution to the Field   
14             Clarity of Research Method Description   
15                    Rationality of Method Selection   
16                           Rigor of Research Design   
17               Inclusion of Latest Research Results   
18            Reflection of Current Research Hotspots   
19                     Fluency of Language Expression   
20    Appropriateness of Professional Terminology Use   
21                          Conciseness of Expression   
22  Practical Application Potential of Research Re...   
23                Feasibility of Proposed Suggestions   
24                             Logic of Argumentation   
25                   Multi-angle Analysis of Problems   
26  Identification and Discussion of Research Limi...   

    ICC (Intraclass Correlation Coefficient) ICC 95% Confidence Interval  \
0                                   0.466087                [0.36, 0.58]   
1                                   0.677199                [0.59, 0.77]   
2                                   0.354645                [0.26, 0.47]   
3                                   0.687444                 [0.6, 0.78]   
4                                   0.595469                 [0.49, 0.7]   
5                                   0.595216                  [0.5, 0.7]   
6                                   0.550478                [0.45, 0.66]   
7                                   0.518967                [0.42, 0.63]   
8                                   0.518171                [0.42, 0.63]   
9                                   0.582292                [0.48, 0.69]   
10                                  0.316069                [0.22, 0.43]   
11                                  0.673930                [0.58, 0.76]   
12                                  0.573457                [0.47, 0.68]   
13                                  0.636910                [0.54, 0.73]   
14                                  0.669025                [0.58, 0.76]   
15                                  0.650528                [0.56, 0.75]   
16                                  0.630109                [0.53, 0.73]   
17                                  0.605155                [0.51, 0.71]   
18                                  0.585988                [0.49, 0.69]   
19                                  0.457016                [0.36, 0.57]   
20                                  0.480557                 [0.38, 0.6]   
21                                  0.488273                 [0.39, 0.6]   
22                                  0.629574                [0.53, 0.73]   
23                                  0.616166                [0.52, 0.72]   
24                                  0.555210                [0.45, 0.66]   
25                                  0.577340                [0.48, 0.68]   
26                                  0.579036                [0.48, 0.69]   

    Transitivity Consistency Ratio (%)  
0                            82.165605  
1                            79.393939  
2                            70.940171  
3                            76.969697  
4                            84.848485  
5                            80.606061  
6                            81.012658  
7                            76.363636  
8                            80.000000  
9                            80.000000  
10                           69.230769  
11                           76.969697  
12                           79.393939  
13                           78.181818  
14                           77.575758  
15                           77.575758  
16                           78.181818  
17                           80.000000  
18                           83.636364  
19                           80.606061  
20                           75.000000  
21                           80.000000  
22                           80.000000  
23                           80.000000  
24                           78.787879  
25                           87.272727  
26                           80.254777  

Results have been saved to 'reliability_analysis.csv'
Author
10      0.200772
0       1.603834
7       5.847514
4       8.576199
2       9.453790
5      10.280975
6      18.043671
1      28.999934
8      46.960096
3      76.079456
9     100.000000
Name: Score, dtype: float64

Results have been saved to 'pagerank_results_balanced.csv'
Combined Results:
                                          Subcategory  \
0                                     Topic Relevance   
1                    Comprehensiveness of Information   
2                             Accuracy of Information   
3                        Innovativeness of Viewpoints   
4       Integration of Interdisciplinary Perspectives   
5                        Clarity of Logical Structure   
6               Reasonableness of Chapter Arrangement   
7              Quality of Introduction and Conclusion   
8              Accuracy and Completeness of Citations   
9              Timeliness and Relevance of References   
10   Avoidance of Plagiarism and Appropriate Citation   
11             Critical Analysis of Existing Research   
12   Proposal of New Research Directions or Questions   
13                Potential Contribution to the Field   
14             Clarity of Research Method Description   
15                    Rationality of Method Selection   
16                           Rigor of Research Design   
17               Inclusion of Latest Research Results   
18            Reflection of Current Research Hotspots   
19                     Fluency of Language Expression   
20    Appropriateness of Professional Terminology Use   
21                          Conciseness of Expression   
22  Practical Application Potential of Research Re...   
23                Feasibility of Proposed Suggestions   
24                             Logic of Argumentation   
25                   Multi-angle Analysis of Problems   
26  Identification and Discussion of Research Limi...   

    ICC (Intraclass Correlation Coefficient) ICC 95% Confidence Interval  \
0                                   0.466087                [0.36, 0.58]   
1                                   0.677199                [0.59, 0.77]   
2                                   0.354645                [0.26, 0.47]   
3                                   0.687444                 [0.6, 0.78]   
4                                   0.595469                 [0.49, 0.7]   
5                                   0.595216                  [0.5, 0.7]   
6                                   0.550478                [0.45, 0.66]   
7                                   0.518967                [0.42, 0.63]   
8                                   0.518171                [0.42, 0.63]   
9                                   0.582292                [0.48, 0.69]   
10                                  0.316069                [0.22, 0.43]   
11                                  0.673930                [0.58, 0.76]   
12                                  0.573457                [0.47, 0.68]   
13                                  0.636910                [0.54, 0.73]   
14                                  0.669025                [0.58, 0.76]   
15                                  0.650528                [0.56, 0.75]   
16                                  0.630109                [0.53, 0.73]   
17                                  0.605155                [0.51, 0.71]   
18                                  0.585988                [0.49, 0.69]   
19                                  0.457016                [0.36, 0.57]   
20                                  0.480557                 [0.38, 0.6]   
21                                  0.488273                 [0.39, 0.6]   
22                                  0.629574                [0.53, 0.73]   
23                                  0.616166                [0.52, 0.72]   
24                                  0.555210                [0.45, 0.66]   
25                                  0.577340                [0.48, 0.68]   
26                                  0.579036                [0.48, 0.69]   

    Transitivity Consistency Ratio (%)  
0                            82.165605  
1                            79.393939  
2                            70.940171  
3                            76.969697  
4                            84.848485  
5                            80.606061  
6                            81.012658  
7                            76.363636  
8                            80.000000  
9                            80.000000  
10                           69.230769  
11                           76.969697  
12                           79.393939  
13                           78.181818  
14                           77.575758  
15                           77.575758  
16                           78.181818  
17                           80.000000  
18                           83.636364  
19                           80.606061  
20                           75.000000  
21                           80.000000  
22                           80.000000  
23                           80.000000  
24                           78.787879  
25                           87.272727  
26                           80.254777  

Results have been saved to 'reliability_analysis.csv'
