Author
10      0.489423
0       0.992410
8       2.253754
4      10.806605
3      13.585141
7      28.067661
2      47.273967
5      56.729946
6      70.619869
1      88.230379
9     100.000000
Name: Score, dtype: float64

Results have been saved to 'pagerank_results_balanced.csv'
Combined Results:
                                          Subcategory  \
0                                     Topic Relevance   
1                    Comprehensiveness of Information   
2                             Accuracy of Information   
3                        Innovativeness of Viewpoints   
4       Integration of Interdisciplinary Perspectives   
5                        Clarity of Logical Structure   
6               Reasonableness of Chapter Arrangement   
7              Quality of Introduction and Conclusion   
8              Accuracy and Completeness of Citations   
9              Timeliness and Relevance of References   
10   Avoidance of Plagiarism and Appropriate Citation   
11             Critical Analysis of Existing Research   
12   Proposal of New Research Directions or Questions   
13                Potential Contribution to the Field   
14             Clarity of Research Method Description   
15                    Rationality of Method Selection   
16                           Rigor of Research Design   
17               Inclusion of Latest Research Results   
18            Reflection of Current Research Hotspots   
19                     Fluency of Language Expression   
20    Appropriateness of Professional Terminology Use   
21                          Conciseness of Expression   
22  Practical Application Potential of Research Re...   
23                Feasibility of Proposed Suggestions   
24                             Logic of Argumentation   
25                   Multi-angle Analysis of Problems   
26  Identification and Discussion of Research Limi...   

    ICC (Intraclass Correlation Coefficient) ICC 95% Confidence Interval  \
0                                   0.521096                [0.42, 0.63]   
1                                   0.818961                [0.76, 0.88]   
2                                   0.329986                [0.24, 0.45]   
3                                   0.755728                [0.68, 0.83]   
4                                   0.789758                [0.72, 0.85]   
5                                   0.759875                [0.68, 0.83]   
6                                   0.759446                [0.68, 0.83]   
7                                   0.690291                 [0.6, 0.78]   
8                                   0.644775                [0.55, 0.74]   
9                                   0.756249                [0.68, 0.83]   
10                                  0.284684                  [0.2, 0.4]   
11                                  0.752296                [0.67, 0.83]   
12                                  0.653697                [0.56, 0.75]   
13                                  0.739999                [0.66, 0.82]   
14                                  0.710656                [0.63, 0.79]   
15                                  0.709401                [0.62, 0.79]   
16                                  0.714904                 [0.63, 0.8]   
17                                  0.743930                [0.66, 0.82]   
18                                  0.720133                 [0.64, 0.8]   
19                                  0.681712                [0.59, 0.77]   
20                                  0.662456                [0.57, 0.76]   
21                                  0.643531                [0.55, 0.74]   
22                                  0.719696                 [0.63, 0.8]   
23                                  0.689710                 [0.6, 0.78]   
24                                  0.730636                [0.65, 0.81]   
25                                  0.746469                [0.67, 0.82]   
26                                  0.699617                [0.61, 0.78]   

    Transitivity Consistency Ratio (%)  
0                            81.212121  
1                            82.424242  
2                            83.030303  
3                            73.333333  
4                            81.818182  
5                            82.424242  
6                            82.424242  
7                            82.424242  
8                            76.969697  
9                            80.000000  
10                           82.424242  
11                           75.757576  
12                           73.939394  
13                           75.151515  
14                           80.606061  
15                           79.393939  
16                           79.393939  
17                           80.000000  
18                           80.000000  
19                           83.030303  
20                           83.636364  
21                           82.424242  
22                           75.151515  
23                           78.181818  
24                           84.848485  
25                           81.818182  
26                           77.575758  

Results have been saved to 'reliability_analysis.csv'
Author
10      0.522665
0       0.921229
8       1.867068
4       9.951441
3      14.299476
7      28.319645
2      51.717614
5      54.654276
6      74.564995
1      89.627223
9     100.000000
Name: Score, dtype: float64

Results have been saved to 'pagerank_results_balanced.csv'
Combined Results:
                                          Subcategory  \
0                                     Topic Relevance   
1                    Comprehensiveness of Information   
2                             Accuracy of Information   
3                        Innovativeness of Viewpoints   
4       Integration of Interdisciplinary Perspectives   
5                        Clarity of Logical Structure   
6               Reasonableness of Chapter Arrangement   
7              Quality of Introduction and Conclusion   
8              Accuracy and Completeness of Citations   
9              Timeliness and Relevance of References   
10   Avoidance of Plagiarism and Appropriate Citation   
11             Critical Analysis of Existing Research   
12   Proposal of New Research Directions or Questions   
13                Potential Contribution to the Field   
14             Clarity of Research Method Description   
15                    Rationality of Method Selection   
16                           Rigor of Research Design   
17               Inclusion of Latest Research Results   
18            Reflection of Current Research Hotspots   
19                     Fluency of Language Expression   
20    Appropriateness of Professional Terminology Use   
21                          Conciseness of Expression   
22  Practical Application Potential of Research Re...   
23                Feasibility of Proposed Suggestions   
24                             Logic of Argumentation   
25                   Multi-angle Analysis of Problems   
26  Identification and Discussion of Research Limi...   

    ICC (Intraclass Correlation Coefficient) ICC 95% Confidence Interval  \
0                                   0.521096                [0.42, 0.63]   
1                                   0.818961                [0.76, 0.88]   
2                                   0.329986                [0.24, 0.45]   
3                                   0.755728                [0.68, 0.83]   
4                                   0.789758                [0.72, 0.85]   
5                                   0.759875                [0.68, 0.83]   
6                                   0.759446                [0.68, 0.83]   
7                                   0.690291                 [0.6, 0.78]   
8                                   0.644775                [0.55, 0.74]   
9                                   0.756249                [0.68, 0.83]   
10                                  0.284684                  [0.2, 0.4]   
11                                  0.752296                [0.67, 0.83]   
12                                  0.653697                [0.56, 0.75]   
13                                  0.739999                [0.66, 0.82]   
14                                  0.710656                [0.63, 0.79]   
15                                  0.709401                [0.62, 0.79]   
16                                  0.714904                 [0.63, 0.8]   
17                                  0.743930                [0.66, 0.82]   
18                                  0.720133                 [0.64, 0.8]   
19                                  0.681712                [0.59, 0.77]   
20                                  0.662456                [0.57, 0.76]   
21                                  0.643531                [0.55, 0.74]   
22                                  0.719696                 [0.63, 0.8]   
23                                  0.689710                 [0.6, 0.78]   
24                                  0.730636                [0.65, 0.81]   
25                                  0.746469                [0.67, 0.82]   
26                                  0.699617                [0.61, 0.78]   

    Transitivity Consistency Ratio (%)  
0                            80.625000  
1                            82.424242  
2                            73.333333  
3                            73.333333  
4                            81.818182  
5                            82.424242  
6                            82.424242  
7                            82.424242  
8                            74.496644  
9                            80.000000  
10                           65.476190  
11                           75.757576  
12                           73.939394  
13                           75.151515  
14                           80.606061  
15                           79.393939  
16                           79.393939  
17                           80.000000  
18                           80.000000  
19                           83.030303  
20                           83.636364  
21                           82.424242  
22                           75.151515  
23                           78.181818  
24                           84.848485  
25                           81.818182  
26                           77.575758  

Results have been saved to 'reliability_analysis.csv'
Author
10      0.522665
0       0.921229
8       1.867068
4       9.951441
3      14.299476
7      28.319645
2      51.717614
5      54.654276
6      74.564995
1      89.627223
9     100.000000
Name: Score, dtype: float64

Results have been saved to 'pagerank_results_balanced.csv'
Combined Results:
                                          Subcategory  \
0                                     Topic Relevance   
1                    Comprehensiveness of Information   
2                             Accuracy of Information   
3                        Innovativeness of Viewpoints   
4       Integration of Interdisciplinary Perspectives   
5                        Clarity of Logical Structure   
6               Reasonableness of Chapter Arrangement   
7              Quality of Introduction and Conclusion   
8              Accuracy and Completeness of Citations   
9              Timeliness and Relevance of References   
10   Avoidance of Plagiarism and Appropriate Citation   
11             Critical Analysis of Existing Research   
12   Proposal of New Research Directions or Questions   
13                Potential Contribution to the Field   
14             Clarity of Research Method Description   
15                    Rationality of Method Selection   
16                           Rigor of Research Design   
17               Inclusion of Latest Research Results   
18            Reflection of Current Research Hotspots   
19                     Fluency of Language Expression   
20    Appropriateness of Professional Terminology Use   
21                          Conciseness of Expression   
22  Practical Application Potential of Research Re...   
23                Feasibility of Proposed Suggestions   
24                             Logic of Argumentation   
25                   Multi-angle Analysis of Problems   
26  Identification and Discussion of Research Limi...   

    ICC (Intraclass Correlation Coefficient) ICC 95% Confidence Interval  \
0                                   0.521096                [0.42, 0.63]   
1                                   0.818961                [0.76, 0.88]   
2                                   0.329986                [0.24, 0.45]   
3                                   0.755728                [0.68, 0.83]   
4                                   0.789758                [0.72, 0.85]   
5                                   0.759875                [0.68, 0.83]   
6                                   0.759446                [0.68, 0.83]   
7                                   0.690291                 [0.6, 0.78]   
8                                   0.644775                [0.55, 0.74]   
9                                   0.756249                [0.68, 0.83]   
10                                  0.284684                  [0.2, 0.4]   
11                                  0.752296                [0.67, 0.83]   
12                                  0.653697                [0.56, 0.75]   
13                                  0.739999                [0.66, 0.82]   
14                                  0.710656                [0.63, 0.79]   
15                                  0.709401                [0.62, 0.79]   
16                                  0.714904                 [0.63, 0.8]   
17                                  0.743930                [0.66, 0.82]   
18                                  0.720133                 [0.64, 0.8]   
19                                  0.681712                [0.59, 0.77]   
20                                  0.662456                [0.57, 0.76]   
21                                  0.643531                [0.55, 0.74]   
22                                  0.719696                 [0.63, 0.8]   
23                                  0.689710                 [0.6, 0.78]   
24                                  0.730636                [0.65, 0.81]   
25                                  0.746469                [0.67, 0.82]   
26                                  0.699617                [0.61, 0.78]   

    Transitivity Consistency Ratio (%)  
0                            80.625000  
1                            82.424242  
2                            73.333333  
3                            73.333333  
4                            81.818182  
5                            82.424242  
6                            82.424242  
7                            82.424242  
8                            74.496644  
9                            80.000000  
10                           65.476190  
11                           75.757576  
12                           73.939394  
13                           75.151515  
14                           80.606061  
15                           79.393939  
16                           79.393939  
17                           80.000000  
18                           80.000000  
19                           83.030303  
20                           83.636364  
21                           82.424242  
22                           75.151515  
23                           78.181818  
24                           84.848485  
25                           81.818182  
26                           77.575758  

Results have been saved to 'reliability_analysis.csv'
