Author
2      0.219708
5      8.564186
10     9.903063
4     27.436333
6     31.270551
0     39.674275
8     48.125797
7     58.214130
3     58.851098
1     93.538370
9     99.843734
Name: Score, dtype: float64

Results have been saved to 'pagerank_results_balanced.csv'
Combined Results:
                                          Subcategory  \
0                                     Topic Relevance   
1                    Comprehensiveness of Information   
2                             Accuracy of Information   
3                        Innovativeness of Viewpoints   
4       Integration of Interdisciplinary Perspectives   
5                        Clarity of Logical Structure   
6               Reasonableness of Chapter Arrangement   
7              Quality of Introduction and Conclusion   
8              Accuracy and Completeness of Citations   
9              Timeliness and Relevance of References   
10   Avoidance of Plagiarism and Appropriate Citation   
11             Critical Analysis of Existing Research   
12   Proposal of New Research Directions or Questions   
13                Potential Contribution to the Field   
14             Clarity of Research Method Description   
15                    Rationality of Method Selection   
16                           Rigor of Research Design   
17               Inclusion of Latest Research Results   
18            Reflection of Current Research Hotspots   
19                     Fluency of Language Expression   
20    Appropriateness of Professional Terminology Use   
21                          Conciseness of Expression   
22  Practical Application Potential of Research Re...   
23                Feasibility of Proposed Suggestions   
24                             Logic of Argumentation   
25                   Multi-angle Analysis of Problems   
26  Identification and Discussion of Research Limi...   

    ICC (Intraclass Correlation Coefficient) ICC 95% Confidence Interval  \
0                                   0.514377                [0.41, 0.63]   
1                                   0.751510                [0.67, 0.83]   
2                                   0.355384                [0.26, 0.47]   
3                                   0.630348                [0.53, 0.73]   
4                                   0.656293                [0.56, 0.75]   
5                                   0.573755                [0.47, 0.68]   
6                                   0.566992                [0.47, 0.67]   
7                                   0.477509                [0.38, 0.59]   
8                                   0.472619                [0.37, 0.59]   
9                                   0.611783                [0.51, 0.71]   
10                                  0.315810                [0.22, 0.43]   
11                                  0.603707                [0.51, 0.71]   
12                                  0.524909                [0.42, 0.64]   
13                                  0.598998                  [0.5, 0.7]   
14                                  0.606572                [0.51, 0.71]   
15                                  0.583458                [0.48, 0.69]   
16                                  0.581852                [0.48, 0.69]   
17                                  0.611853                [0.51, 0.71]   
18                                  0.602570                 [0.5, 0.71]   
19                                  0.471825                [0.37, 0.59]   
20                                  0.531138                [0.43, 0.64]   
21                                  0.491675                [0.39, 0.61]   
22                                  0.601398                  [0.5, 0.7]   
23                                  0.583433                [0.48, 0.69]   
24                                  0.600912                  [0.5, 0.7]   
25                                  0.612641                [0.52, 0.71]   
26                                  0.586042                [0.49, 0.69]   

    Transitivity Consistency Ratio (%)  
0                            76.969697  
1                            75.151515  
2                            81.212121  
3                            73.333333  
4                            78.787879  
5                            73.939394  
6                            74.545455  
7                            74.545455  
8                            76.969697  
9                            75.151515  
10                           83.636364  
11                           73.333333  
12                           73.333333  
13                           75.151515  
14                           72.121212  
15                           72.121212  
16                           72.727273  
17                           75.151515  
18                           75.757576  
19                           73.939394  
20                           75.151515  
21                           74.545455  
22                           75.151515  
23                           73.939394  
24                           74.545455  
25                           78.787879  
26                           73.333333  

Results have been saved to 'reliability_analysis.csv'
Author
2      0.244825
5      5.839828
10     7.618862
4     24.263848
6     27.164287
0     33.069695
8     50.028860
3     58.591520
7     59.879231
1     94.443700
9     99.764140
Name: Score, dtype: float64

Results have been saved to 'pagerank_results_balanced.csv'
Combined Results:
                                          Subcategory  \
0                                     Topic Relevance   
1                    Comprehensiveness of Information   
2                             Accuracy of Information   
3                        Innovativeness of Viewpoints   
4       Integration of Interdisciplinary Perspectives   
5                        Clarity of Logical Structure   
6               Reasonableness of Chapter Arrangement   
7              Quality of Introduction and Conclusion   
8              Accuracy and Completeness of Citations   
9              Timeliness and Relevance of References   
10   Avoidance of Plagiarism and Appropriate Citation   
11             Critical Analysis of Existing Research   
12   Proposal of New Research Directions or Questions   
13                Potential Contribution to the Field   
14             Clarity of Research Method Description   
15                    Rationality of Method Selection   
16                           Rigor of Research Design   
17               Inclusion of Latest Research Results   
18            Reflection of Current Research Hotspots   
19                     Fluency of Language Expression   
20    Appropriateness of Professional Terminology Use   
21                          Conciseness of Expression   
22  Practical Application Potential of Research Re...   
23                Feasibility of Proposed Suggestions   
24                             Logic of Argumentation   
25                   Multi-angle Analysis of Problems   
26  Identification and Discussion of Research Limi...   

    ICC (Intraclass Correlation Coefficient) ICC 95% Confidence Interval  \
0                                   0.514377                [0.41, 0.63]   
1                                   0.751510                [0.67, 0.83]   
2                                   0.355384                [0.26, 0.47]   
3                                   0.630348                [0.53, 0.73]   
4                                   0.656293                [0.56, 0.75]   
5                                   0.573755                [0.47, 0.68]   
6                                   0.566992                [0.47, 0.67]   
7                                   0.477509                [0.38, 0.59]   
8                                   0.472619                [0.37, 0.59]   
9                                   0.611783                [0.51, 0.71]   
10                                  0.315810                [0.22, 0.43]   
11                                  0.603707                [0.51, 0.71]   
12                                  0.524909                [0.42, 0.64]   
13                                  0.598998                  [0.5, 0.7]   
14                                  0.606572                [0.51, 0.71]   
15                                  0.583458                [0.48, 0.69]   
16                                  0.581852                [0.48, 0.69]   
17                                  0.611853                [0.51, 0.71]   
18                                  0.602570                 [0.5, 0.71]   
19                                  0.471825                [0.37, 0.59]   
20                                  0.531138                [0.43, 0.64]   
21                                  0.491675                [0.39, 0.61]   
22                                  0.601398                  [0.5, 0.7]   
23                                  0.583433                [0.48, 0.69]   
24                                  0.600912                  [0.5, 0.7]   
25                                  0.612641                [0.52, 0.71]   
26                                  0.586042                [0.49, 0.69]   

    Transitivity Consistency Ratio (%)  
0                            75.949367  
1                            75.151515  
2                            67.708333  
3                            73.333333  
4                            78.787879  
5                            73.291925  
6                            73.584906  
7                            74.545455  
8                            72.463768  
9                            75.151515  
10                           69.318182  
11                           73.333333  
12                           73.333333  
13                           75.151515  
14                           71.428571  
15                           71.428571  
16                           72.727273  
17                           74.050633  
18                           75.757576  
19                           73.291925  
20                           75.151515  
21                           74.545455  
22                           75.151515  
23                           73.939394  
24                           74.545455  
25                           78.787879  
26                           73.333333  

Results have been saved to 'reliability_analysis.csv'
Author
2      0.244825
5      5.839828
10     7.618862
4     24.263848
6     27.164287
0     33.069695
8     50.028860
3     58.591520
7     59.879231
1     94.443700
9     99.764140
Name: Score, dtype: float64

Results have been saved to 'pagerank_results_balanced.csv'
Combined Results:
                                          Subcategory  \
0                                     Topic Relevance   
1                    Comprehensiveness of Information   
2                             Accuracy of Information   
3                        Innovativeness of Viewpoints   
4       Integration of Interdisciplinary Perspectives   
5                        Clarity of Logical Structure   
6               Reasonableness of Chapter Arrangement   
7              Quality of Introduction and Conclusion   
8              Accuracy and Completeness of Citations   
9              Timeliness and Relevance of References   
10   Avoidance of Plagiarism and Appropriate Citation   
11             Critical Analysis of Existing Research   
12   Proposal of New Research Directions or Questions   
13                Potential Contribution to the Field   
14             Clarity of Research Method Description   
15                    Rationality of Method Selection   
16                           Rigor of Research Design   
17               Inclusion of Latest Research Results   
18            Reflection of Current Research Hotspots   
19                     Fluency of Language Expression   
20    Appropriateness of Professional Terminology Use   
21                          Conciseness of Expression   
22  Practical Application Potential of Research Re...   
23                Feasibility of Proposed Suggestions   
24                             Logic of Argumentation   
25                   Multi-angle Analysis of Problems   
26  Identification and Discussion of Research Limi...   

    ICC (Intraclass Correlation Coefficient) ICC 95% Confidence Interval  \
0                                   0.514377                [0.41, 0.63]   
1                                   0.751510                [0.67, 0.83]   
2                                   0.355384                [0.26, 0.47]   
3                                   0.630348                [0.53, 0.73]   
4                                   0.656293                [0.56, 0.75]   
5                                   0.573755                [0.47, 0.68]   
6                                   0.566992                [0.47, 0.67]   
7                                   0.477509                [0.38, 0.59]   
8                                   0.472619                [0.37, 0.59]   
9                                   0.611783                [0.51, 0.71]   
10                                  0.315810                [0.22, 0.43]   
11                                  0.603707                [0.51, 0.71]   
12                                  0.524909                [0.42, 0.64]   
13                                  0.598998                  [0.5, 0.7]   
14                                  0.606572                [0.51, 0.71]   
15                                  0.583458                [0.48, 0.69]   
16                                  0.581852                [0.48, 0.69]   
17                                  0.611853                [0.51, 0.71]   
18                                  0.602570                 [0.5, 0.71]   
19                                  0.471825                [0.37, 0.59]   
20                                  0.531138                [0.43, 0.64]   
21                                  0.491675                [0.39, 0.61]   
22                                  0.601398                  [0.5, 0.7]   
23                                  0.583433                [0.48, 0.69]   
24                                  0.600912                  [0.5, 0.7]   
25                                  0.612641                [0.52, 0.71]   
26                                  0.586042                [0.49, 0.69]   

    Transitivity Consistency Ratio (%)  
0                            75.949367  
1                            75.151515  
2                            67.708333  
3                            73.333333  
4                            78.787879  
5                            73.291925  
6                            73.584906  
7                            74.545455  
8                            72.463768  
9                            75.151515  
10                           69.318182  
11                           73.333333  
12                           73.333333  
13                           75.151515  
14                           71.428571  
15                           71.428571  
16                           72.727273  
17                           74.050633  
18                           75.757576  
19                           73.291925  
20                           75.151515  
21                           74.545455  
22                           75.151515  
23                           73.939394  
24                           74.545455  
25                           78.787879  
26                           73.333333  

Results have been saved to 'reliability_analysis.csv'
