Author
10      0.000000
8      14.281807
4      19.857789
3      21.605689
5      41.216218
0      51.786297
2      52.030955
1      56.205072
7      78.213303
6      82.279330
9     100.000000
Name: Score, dtype: float64

Results have been saved to 'pagerank_results_balanced.csv'
Combined Results:
                                          Subcategory  \
0                                     Topic Relevance   
1                    Comprehensiveness of Information   
2                             Accuracy of Information   
3                        Innovativeness of Viewpoints   
4       Integration of Interdisciplinary Perspectives   
5                        Clarity of Logical Structure   
6               Reasonableness of Chapter Arrangement   
7              Quality of Introduction and Conclusion   
8              Accuracy and Completeness of Citations   
9              Timeliness and Relevance of References   
10   Avoidance of Plagiarism and Appropriate Citation   
11             Critical Analysis of Existing Research   
12   Proposal of New Research Directions or Questions   
13                Potential Contribution to the Field   
14             Clarity of Research Method Description   
15                    Rationality of Method Selection   
16                           Rigor of Research Design   
17               Inclusion of Latest Research Results   
18            Reflection of Current Research Hotspots   
19                     Fluency of Language Expression   
20    Appropriateness of Professional Terminology Use   
21                          Conciseness of Expression   
22  Practical Application Potential of Research Re...   
23                Feasibility of Proposed Suggestions   
24                             Logic of Argumentation   
25                   Multi-angle Analysis of Problems   
26  Identification and Discussion of Research Limi...   

    ICC (Intraclass Correlation Coefficient) ICC 95% Confidence Interval  \
0                                   0.611849                [0.51, 0.71]   
1                                   0.760305                [0.68, 0.83]   
2                                   0.401016                 [0.3, 0.52]   
3                                   0.746695                [0.67, 0.82]   
4                                   0.724127                 [0.64, 0.8]   
5                                   0.709566                [0.62, 0.79]   
6                                   0.672045                [0.58, 0.76]   
7                                   0.664949                [0.57, 0.76]   
8                                   0.638451                [0.54, 0.74]   
9                                   0.681306                [0.59, 0.77]   
10                                  0.300957                [0.21, 0.42]   
11                                  0.727985                [0.65, 0.81]   
12                                  0.709714                [0.62, 0.79]   
13                                  0.726412                [0.64, 0.81]   
14                                  0.672622                [0.58, 0.76]   
15                                  0.688437                 [0.6, 0.78]   
16                                  0.642511                [0.55, 0.74]   
17                                  0.679635                [0.59, 0.77]   
18                                  0.671336                [0.58, 0.76]   
19                                  0.650970                [0.56, 0.75]   
20                                  0.585646                [0.49, 0.69]   
21                                  0.643317                [0.55, 0.74]   
22                                  0.703915                [0.62, 0.79]   
23                                  0.681357                [0.59, 0.77]   
24                                  0.676067                [0.59, 0.77]   
25                                  0.674266                [0.58, 0.76]   
26                                  0.652727                [0.56, 0.75]   

    Transitivity Consistency Ratio (%)  
0                            84.848485  
1                            78.181818  
2                            88.484848  
3                            80.000000  
4                            78.181818  
5                            82.424242  
6                            80.000000  
7                            82.424242  
8                            88.484848  
9                            80.606061  
10                           89.090909  
11                           81.212121  
12                           80.000000  
13                           81.212121  
14                           78.181818  
15                           78.181818  
16                           78.181818  
17                           80.606061  
18                           78.181818  
19                           82.424242  
20                           81.212121  
21                           82.424242  
22                           81.212121  
23                           81.212121  
24                           81.212121  
25                           81.818182  
26                           81.212121  

Results have been saved to 'reliability_analysis.csv'
Author
10      0.000000
8      13.326141
4      16.731306
3      22.957669
5      35.377849
0      49.654532
2      49.893292
1      55.254830
7      79.944059
6      82.592897
9     100.000000
Name: Score, dtype: float64

Results have been saved to 'pagerank_results_balanced.csv'
Combined Results:
                                          Subcategory  \
0                                     Topic Relevance   
1                    Comprehensiveness of Information   
2                             Accuracy of Information   
3                        Innovativeness of Viewpoints   
4       Integration of Interdisciplinary Perspectives   
5                        Clarity of Logical Structure   
6               Reasonableness of Chapter Arrangement   
7              Quality of Introduction and Conclusion   
8              Accuracy and Completeness of Citations   
9              Timeliness and Relevance of References   
10   Avoidance of Plagiarism and Appropriate Citation   
11             Critical Analysis of Existing Research   
12   Proposal of New Research Directions or Questions   
13                Potential Contribution to the Field   
14             Clarity of Research Method Description   
15                    Rationality of Method Selection   
16                           Rigor of Research Design   
17               Inclusion of Latest Research Results   
18            Reflection of Current Research Hotspots   
19                     Fluency of Language Expression   
20    Appropriateness of Professional Terminology Use   
21                          Conciseness of Expression   
22  Practical Application Potential of Research Re...   
23                Feasibility of Proposed Suggestions   
24                             Logic of Argumentation   
25                   Multi-angle Analysis of Problems   
26  Identification and Discussion of Research Limi...   

    ICC (Intraclass Correlation Coefficient) ICC 95% Confidence Interval  \
0                                   0.611849                [0.51, 0.71]   
1                                   0.760305                [0.68, 0.83]   
2                                   0.401016                 [0.3, 0.52]   
3                                   0.746695                [0.67, 0.82]   
4                                   0.724127                 [0.64, 0.8]   
5                                   0.709566                [0.62, 0.79]   
6                                   0.672045                [0.58, 0.76]   
7                                   0.664949                [0.57, 0.76]   
8                                   0.638451                [0.54, 0.74]   
9                                   0.681306                [0.59, 0.77]   
10                                  0.300957                [0.21, 0.42]   
11                                  0.727985                [0.65, 0.81]   
12                                  0.709714                [0.62, 0.79]   
13                                  0.726412                [0.64, 0.81]   
14                                  0.672622                [0.58, 0.76]   
15                                  0.688437                 [0.6, 0.78]   
16                                  0.642511                [0.55, 0.74]   
17                                  0.679635                [0.59, 0.77]   
18                                  0.671336                [0.58, 0.76]   
19                                  0.650970                [0.56, 0.75]   
20                                  0.585646                [0.49, 0.69]   
21                                  0.643317                [0.55, 0.74]   
22                                  0.703915                [0.62, 0.79]   
23                                  0.681357                [0.59, 0.77]   
24                                  0.676067                [0.59, 0.77]   
25                                  0.674266                [0.58, 0.76]   
26                                  0.652727                [0.56, 0.75]   

    Transitivity Consistency Ratio (%)  
0                            78.448276  
1                            77.500000  
2                            67.241379  
3                            80.000000  
4                            77.500000  
5                            82.424242  
6                            80.000000  
7                            81.410256  
8                            79.787234  
9                            80.606061  
10                           66.666667  
11                           81.212121  
12                           80.000000  
13                           81.212121  
14                           78.181818  
15                           78.181818  
16                           78.181818  
17                           80.606061  
18                           77.500000  
19                           82.424242  
20                           81.212121  
21                           82.424242  
22                           81.212121  
23                           81.212121  
24                           81.212121  
25                           81.818182  
26                           81.212121  

Results have been saved to 'reliability_analysis.csv'
Author
10      0.000000
8      13.326141
4      16.731306
3      22.957669
5      35.377849
0      49.654532
2      49.893292
1      55.254830
7      79.944059
6      82.592897
9     100.000000
Name: Score, dtype: float64

Results have been saved to 'pagerank_results_balanced.csv'
Combined Results:
                                          Subcategory  \
0                                     Topic Relevance   
1                    Comprehensiveness of Information   
2                             Accuracy of Information   
3                        Innovativeness of Viewpoints   
4       Integration of Interdisciplinary Perspectives   
5                        Clarity of Logical Structure   
6               Reasonableness of Chapter Arrangement   
7              Quality of Introduction and Conclusion   
8              Accuracy and Completeness of Citations   
9              Timeliness and Relevance of References   
10   Avoidance of Plagiarism and Appropriate Citation   
11             Critical Analysis of Existing Research   
12   Proposal of New Research Directions or Questions   
13                Potential Contribution to the Field   
14             Clarity of Research Method Description   
15                    Rationality of Method Selection   
16                           Rigor of Research Design   
17               Inclusion of Latest Research Results   
18            Reflection of Current Research Hotspots   
19                     Fluency of Language Expression   
20    Appropriateness of Professional Terminology Use   
21                          Conciseness of Expression   
22  Practical Application Potential of Research Re...   
23                Feasibility of Proposed Suggestions   
24                             Logic of Argumentation   
25                   Multi-angle Analysis of Problems   
26  Identification and Discussion of Research Limi...   

    ICC (Intraclass Correlation Coefficient) ICC 95% Confidence Interval  \
0                                   0.611849                [0.51, 0.71]   
1                                   0.760305                [0.68, 0.83]   
2                                   0.401016                 [0.3, 0.52]   
3                                   0.746695                [0.67, 0.82]   
4                                   0.724127                 [0.64, 0.8]   
5                                   0.709566                [0.62, 0.79]   
6                                   0.672045                [0.58, 0.76]   
7                                   0.664949                [0.57, 0.76]   
8                                   0.638451                [0.54, 0.74]   
9                                   0.681306                [0.59, 0.77]   
10                                  0.300957                [0.21, 0.42]   
11                                  0.727985                [0.65, 0.81]   
12                                  0.709714                [0.62, 0.79]   
13                                  0.726412                [0.64, 0.81]   
14                                  0.672622                [0.58, 0.76]   
15                                  0.688437                 [0.6, 0.78]   
16                                  0.642511                [0.55, 0.74]   
17                                  0.679635                [0.59, 0.77]   
18                                  0.671336                [0.58, 0.76]   
19                                  0.650970                [0.56, 0.75]   
20                                  0.585646                [0.49, 0.69]   
21                                  0.643317                [0.55, 0.74]   
22                                  0.703915                [0.62, 0.79]   
23                                  0.681357                [0.59, 0.77]   
24                                  0.676067                [0.59, 0.77]   
25                                  0.674266                [0.58, 0.76]   
26                                  0.652727                [0.56, 0.75]   

    Transitivity Consistency Ratio (%)  
0                            78.448276  
1                            77.500000  
2                            67.241379  
3                            80.000000  
4                            77.500000  
5                            82.424242  
6                            80.000000  
7                            81.410256  
8                            79.787234  
9                            80.606061  
10                           66.666667  
11                           81.212121  
12                           80.000000  
13                           81.212121  
14                           78.181818  
15                           78.181818  
16                           78.181818  
17                           80.606061  
18                           77.500000  
19                           82.424242  
20                           81.212121  
21                           82.424242  
22                           81.212121  
23                           81.212121  
24                           81.212121  
25                           81.818182  
26                           81.212121  

Results have been saved to 'reliability_analysis.csv'
