Author
10      0.000000
5       8.897133
4      10.698944
6      20.021422
7      30.106194
8      39.072725
0      52.484360
3      77.724191
2      80.301008
1      82.584564
9     100.000000
Name: Score, dtype: float64

Results have been saved to 'pagerank_results_balanced.csv'
Combined Results:
                                          Subcategory  \
0                                     Topic Relevance   
1                    Comprehensiveness of Information   
2                             Accuracy of Information   
3                        Innovativeness of Viewpoints   
4       Integration of Interdisciplinary Perspectives   
5                        Clarity of Logical Structure   
6               Reasonableness of Chapter Arrangement   
7              Quality of Introduction and Conclusion   
8              Accuracy and Completeness of Citations   
9              Timeliness and Relevance of References   
10   Avoidance of Plagiarism and Appropriate Citation   
11             Critical Analysis of Existing Research   
12   Proposal of New Research Directions or Questions   
13                Potential Contribution to the Field   
14             Clarity of Research Method Description   
15                    Rationality of Method Selection   
16                           Rigor of Research Design   
17               Inclusion of Latest Research Results   
18            Reflection of Current Research Hotspots   
19                     Fluency of Language Expression   
20    Appropriateness of Professional Terminology Use   
21                          Conciseness of Expression   
22  Practical Application Potential of Research Re...   
23                Feasibility of Proposed Suggestions   
24                             Logic of Argumentation   
25                   Multi-angle Analysis of Problems   
26  Identification and Discussion of Research Limi...   

    ICC (Intraclass Correlation Coefficient) ICC 95% Confidence Interval  \
0                                   0.525720                [0.42, 0.64]   
1                                   0.789723                [0.72, 0.85]   
2                                   0.341598                [0.25, 0.46]   
3                                   0.661031                [0.57, 0.75]   
4                                   0.699421                [0.61, 0.78]   
5                                   0.715771                 [0.63, 0.8]   
6                                   0.699788                [0.61, 0.78]   
7                                   0.601414                  [0.5, 0.7]   
8                                   0.620821                [0.52, 0.72]   
9                                   0.741560                [0.66, 0.82]   
10                                  0.332459                [0.24, 0.45]   
11                                  0.641078                [0.55, 0.74]   
12                                  0.636521                [0.54, 0.73]   
13                                  0.667281                [0.58, 0.76]   
14                                  0.681600                [0.59, 0.77]   
15                                  0.703661                [0.62, 0.79]   
16                                  0.697413                [0.61, 0.78]   
17                                  0.741510                [0.66, 0.82]   
18                                  0.718954                 [0.63, 0.8]   
19                                  0.557672                [0.46, 0.67]   
20                                  0.632829                [0.54, 0.73]   
21                                  0.577606                [0.48, 0.68]   
22                                  0.675905                [0.59, 0.77]   
23                                  0.669798                [0.58, 0.76]   
24                                  0.681117                [0.59, 0.77]   
25                                  0.682699                [0.59, 0.77]   
26                                  0.668315                [0.58, 0.76]   

    Transitivity Consistency Ratio (%)  
0                            76.363636  
1                            75.757576  
2                            81.212121  
3                            75.151515  
4                            73.939394  
5                            73.939394  
6                            73.939394  
7                            72.727273  
8                            81.212121  
9                            75.151515  
10                           81.818182  
11                           75.151515  
12                           75.151515  
13                           75.151515  
14                           76.969697  
15                           73.939394  
16                           73.939394  
17                           75.151515  
18                           75.151515  
19                           72.121212  
20                           78.787879  
21                           72.121212  
22                           75.151515  
23                           75.151515  
24                           73.333333  
25                           73.939394  
26                           73.333333  

Results have been saved to 'reliability_analysis.csv'
Author
10      0.000000
5       9.931012
4      11.655997
6      19.146713
7      28.526599
8      36.243722
0      54.533227
3      78.267030
2      80.600569
1      84.256672
9     100.000000
Name: Score, dtype: float64

Results have been saved to 'pagerank_results_balanced.csv'
Combined Results:
                                          Subcategory  \
0                                     Topic Relevance   
1                    Comprehensiveness of Information   
2                             Accuracy of Information   
3                        Innovativeness of Viewpoints   
4       Integration of Interdisciplinary Perspectives   
5                        Clarity of Logical Structure   
6               Reasonableness of Chapter Arrangement   
7              Quality of Introduction and Conclusion   
8              Accuracy and Completeness of Citations   
9              Timeliness and Relevance of References   
10   Avoidance of Plagiarism and Appropriate Citation   
11             Critical Analysis of Existing Research   
12   Proposal of New Research Directions or Questions   
13                Potential Contribution to the Field   
14             Clarity of Research Method Description   
15                    Rationality of Method Selection   
16                           Rigor of Research Design   
17               Inclusion of Latest Research Results   
18            Reflection of Current Research Hotspots   
19                     Fluency of Language Expression   
20    Appropriateness of Professional Terminology Use   
21                          Conciseness of Expression   
22  Practical Application Potential of Research Re...   
23                Feasibility of Proposed Suggestions   
24                             Logic of Argumentation   
25                   Multi-angle Analysis of Problems   
26  Identification and Discussion of Research Limi...   

    ICC (Intraclass Correlation Coefficient) ICC 95% Confidence Interval  \
0                                   0.525720                [0.42, 0.64]   
1                                   0.789723                [0.72, 0.85]   
2                                   0.341598                [0.25, 0.46]   
3                                   0.661031                [0.57, 0.75]   
4                                   0.699421                [0.61, 0.78]   
5                                   0.715771                 [0.63, 0.8]   
6                                   0.699788                [0.61, 0.78]   
7                                   0.601414                  [0.5, 0.7]   
8                                   0.620821                [0.52, 0.72]   
9                                   0.741560                [0.66, 0.82]   
10                                  0.332459                [0.24, 0.45]   
11                                  0.641078                [0.55, 0.74]   
12                                  0.636521                [0.54, 0.73]   
13                                  0.667281                [0.58, 0.76]   
14                                  0.681600                [0.59, 0.77]   
15                                  0.703661                [0.62, 0.79]   
16                                  0.697413                [0.61, 0.78]   
17                                  0.741510                [0.66, 0.82]   
18                                  0.718954                 [0.63, 0.8]   
19                                  0.557672                [0.46, 0.67]   
20                                  0.632829                [0.54, 0.73]   
21                                  0.577606                [0.48, 0.68]   
22                                  0.675905                [0.59, 0.77]   
23                                  0.669798                [0.58, 0.76]   
24                                  0.681117                [0.59, 0.77]   
25                                  0.682699                [0.59, 0.77]   
26                                  0.668315                [0.58, 0.76]   

    Transitivity Consistency Ratio (%)  
0                            64.545455  
1                            75.757576  
2                            61.250000  
3                            75.151515  
4                            73.939394  
5                            73.939394  
6                            73.939394  
7                            72.727273  
8                            70.192308  
9                            75.151515  
10                           54.545455  
11                           75.151515  
12                           75.151515  
13                           75.151515  
14                           75.796178  
15                           73.939394  
16                           73.939394  
17                           75.151515  
18                           75.151515  
19                           72.121212  
20                           77.707006  
21                           72.121212  
22                           75.151515  
23                           75.151515  
24                           73.333333  
25                           73.939394  
26                           73.333333  

Results have been saved to 'reliability_analysis.csv'
Author
10      0.000000
5       9.931012
4      11.655997
6      19.146713
7      28.526599
8      36.243722
0      54.533227
3      78.267030
2      80.600569
1      84.256672
9     100.000000
Name: Score, dtype: float64

Results have been saved to 'pagerank_results_balanced.csv'
Combined Results:
                                          Subcategory  \
0                                     Topic Relevance   
1                    Comprehensiveness of Information   
2                             Accuracy of Information   
3                        Innovativeness of Viewpoints   
4       Integration of Interdisciplinary Perspectives   
5                        Clarity of Logical Structure   
6               Reasonableness of Chapter Arrangement   
7              Quality of Introduction and Conclusion   
8              Accuracy and Completeness of Citations   
9              Timeliness and Relevance of References   
10   Avoidance of Plagiarism and Appropriate Citation   
11             Critical Analysis of Existing Research   
12   Proposal of New Research Directions or Questions   
13                Potential Contribution to the Field   
14             Clarity of Research Method Description   
15                    Rationality of Method Selection   
16                           Rigor of Research Design   
17               Inclusion of Latest Research Results   
18            Reflection of Current Research Hotspots   
19                     Fluency of Language Expression   
20    Appropriateness of Professional Terminology Use   
21                          Conciseness of Expression   
22  Practical Application Potential of Research Re...   
23                Feasibility of Proposed Suggestions   
24                             Logic of Argumentation   
25                   Multi-angle Analysis of Problems   
26  Identification and Discussion of Research Limi...   

    ICC (Intraclass Correlation Coefficient) ICC 95% Confidence Interval  \
0                                   0.525720                [0.42, 0.64]   
1                                   0.789723                [0.72, 0.85]   
2                                   0.341598                [0.25, 0.46]   
3                                   0.661031                [0.57, 0.75]   
4                                   0.699421                [0.61, 0.78]   
5                                   0.715771                 [0.63, 0.8]   
6                                   0.699788                [0.61, 0.78]   
7                                   0.601414                  [0.5, 0.7]   
8                                   0.620821                [0.52, 0.72]   
9                                   0.741560                [0.66, 0.82]   
10                                  0.332459                [0.24, 0.45]   
11                                  0.641078                [0.55, 0.74]   
12                                  0.636521                [0.54, 0.73]   
13                                  0.667281                [0.58, 0.76]   
14                                  0.681600                [0.59, 0.77]   
15                                  0.703661                [0.62, 0.79]   
16                                  0.697413                [0.61, 0.78]   
17                                  0.741510                [0.66, 0.82]   
18                                  0.718954                 [0.63, 0.8]   
19                                  0.557672                [0.46, 0.67]   
20                                  0.632829                [0.54, 0.73]   
21                                  0.577606                [0.48, 0.68]   
22                                  0.675905                [0.59, 0.77]   
23                                  0.669798                [0.58, 0.76]   
24                                  0.681117                [0.59, 0.77]   
25                                  0.682699                [0.59, 0.77]   
26                                  0.668315                [0.58, 0.76]   

    Transitivity Consistency Ratio (%)  
0                            64.545455  
1                            75.757576  
2                            61.250000  
3                            75.151515  
4                            73.939394  
5                            73.939394  
6                            73.939394  
7                            72.727273  
8                            70.192308  
9                            75.151515  
10                           54.545455  
11                           75.151515  
12                           75.151515  
13                           75.151515  
14                           75.796178  
15                           73.939394  
16                           73.939394  
17                           75.151515  
18                           75.151515  
19                           72.121212  
20                           77.707006  
21                           72.121212  
22                           75.151515  
23                           75.151515  
24                           73.333333  
25                           73.939394  
26                           73.333333  

Results have been saved to 'reliability_analysis.csv'
