Author
8       0.039911
2       1.882913
3       3.762679
6       5.812614
10     10.195593
0      14.694394
4      36.968263
1      56.576020
7      64.229540
5      72.924705
9     100.000000
Name: Score, dtype: float64

Results have been saved to 'pagerank_results_balanced.csv'
Combined Results:
                                          Subcategory  \
0                                     Topic Relevance   
1                    Comprehensiveness of Information   
2                             Accuracy of Information   
3                        Innovativeness of Viewpoints   
4       Integration of Interdisciplinary Perspectives   
5                        Clarity of Logical Structure   
6               Reasonableness of Chapter Arrangement   
7              Quality of Introduction and Conclusion   
8              Accuracy and Completeness of Citations   
9              Timeliness and Relevance of References   
10   Avoidance of Plagiarism and Appropriate Citation   
11             Critical Analysis of Existing Research   
12   Proposal of New Research Directions or Questions   
13                Potential Contribution to the Field   
14             Clarity of Research Method Description   
15                    Rationality of Method Selection   
16                           Rigor of Research Design   
17               Inclusion of Latest Research Results   
18            Reflection of Current Research Hotspots   
19                     Fluency of Language Expression   
20    Appropriateness of Professional Terminology Use   
21                          Conciseness of Expression   
22  Practical Application Potential of Research Re...   
23                Feasibility of Proposed Suggestions   
24                             Logic of Argumentation   
25                   Multi-angle Analysis of Problems   
26  Identification and Discussion of Research Limi...   

    ICC (Intraclass Correlation Coefficient) ICC 95% Confidence Interval  \
0                                   0.624758                [0.53, 0.72]   
1                                   0.790933                [0.72, 0.86]   
2                                   0.348290                [0.25, 0.47]   
3                                   0.681551                [0.59, 0.77]   
4                                   0.709837                 [0.61, 0.8]   
5                                   0.663037                [0.57, 0.76]   
6                                   0.658154                [0.56, 0.75]   
7                                   0.628667                [0.53, 0.73]   
8                                   0.680746                [0.59, 0.77]   
9                                   0.679959                [0.58, 0.77]   
10                                  0.296006                [0.21, 0.41]   
11                                  0.716052                 [0.63, 0.8]   
12                                  0.523200                [0.42, 0.64]   
13                                  0.693925                 [0.6, 0.78]   
14                                  0.681283                [0.59, 0.77]   
15                                  0.682653                [0.59, 0.77]   
16                                  0.662279                [0.57, 0.76]   
17                                  0.689297                [0.59, 0.78]   
18                                  0.641560                [0.53, 0.74]   
19                                  0.608255                [0.51, 0.71]   
20                                  0.623031                [0.53, 0.72]   
21                                  0.582301                [0.48, 0.69]   
22                                  0.658317                [0.56, 0.75]   
23                                  0.571392                [0.47, 0.68]   
24                                  0.628654                [0.53, 0.73]   
25                                  0.685790                [0.59, 0.78]   
26                                  0.670283                [0.58, 0.76]   

    Transitivity Consistency Ratio (%)  
0                            75.151515  
1                            75.151515  
2                            78.787879  
3                            72.727273  
4                            73.333333  
5                            78.181818  
6                            78.787879  
7                            80.606061  
8                            73.333333  
9                            74.545455  
10                           76.363636  
11                           76.969697  
12                           72.727273  
13                           74.545455  
14                           75.757576  
15                           75.757576  
16                           75.757576  
17                           74.545455  
18                           74.545455  
19                           78.181818  
20                           76.969697  
21                           78.181818  
22                           76.969697  
23                           76.969697  
24                           78.787879  
25                           73.939394  
26                           73.939394  

Results have been saved to 'reliability_analysis.csv'
Author
8       0.027447
2       2.323443
3       3.524177
6       5.474052
10     10.849537
0      14.411944
4      39.376564
1      58.436389
7      64.374922
5      73.795108
9     100.000000
Name: Score, dtype: float64

Results have been saved to 'pagerank_results_balanced.csv'
Combined Results:
                                          Subcategory  \
0                                     Topic Relevance   
1                    Comprehensiveness of Information   
2                             Accuracy of Information   
3                        Innovativeness of Viewpoints   
4       Integration of Interdisciplinary Perspectives   
5                        Clarity of Logical Structure   
6               Reasonableness of Chapter Arrangement   
7              Quality of Introduction and Conclusion   
8              Accuracy and Completeness of Citations   
9              Timeliness and Relevance of References   
10   Avoidance of Plagiarism and Appropriate Citation   
11             Critical Analysis of Existing Research   
12   Proposal of New Research Directions or Questions   
13                Potential Contribution to the Field   
14             Clarity of Research Method Description   
15                    Rationality of Method Selection   
16                           Rigor of Research Design   
17               Inclusion of Latest Research Results   
18            Reflection of Current Research Hotspots   
19                     Fluency of Language Expression   
20    Appropriateness of Professional Terminology Use   
21                          Conciseness of Expression   
22  Practical Application Potential of Research Re...   
23                Feasibility of Proposed Suggestions   
24                             Logic of Argumentation   
25                   Multi-angle Analysis of Problems   
26  Identification and Discussion of Research Limi...   

    ICC (Intraclass Correlation Coefficient) ICC 95% Confidence Interval  \
0                                   0.624758                [0.53, 0.72]   
1                                   0.790933                [0.72, 0.86]   
2                                   0.348290                [0.25, 0.47]   
3                                   0.681551                [0.59, 0.77]   
4                                   0.709837                 [0.61, 0.8]   
5                                   0.663037                [0.57, 0.76]   
6                                   0.658154                [0.56, 0.75]   
7                                   0.628667                [0.53, 0.73]   
8                                   0.680746                [0.59, 0.77]   
9                                   0.679959                [0.58, 0.77]   
10                                  0.296006                [0.21, 0.41]   
11                                  0.716052                 [0.63, 0.8]   
12                                  0.523200                [0.42, 0.64]   
13                                  0.693925                 [0.6, 0.78]   
14                                  0.681283                [0.59, 0.77]   
15                                  0.682653                [0.59, 0.77]   
16                                  0.662279                [0.57, 0.76]   
17                                  0.689297                [0.59, 0.78]   
18                                  0.641560                [0.53, 0.74]   
19                                  0.608255                [0.51, 0.71]   
20                                  0.623031                [0.53, 0.72]   
21                                  0.582301                [0.48, 0.69]   
22                                  0.658317                [0.56, 0.75]   
23                                  0.571392                [0.47, 0.68]   
24                                  0.628654                [0.53, 0.73]   
25                                  0.685790                [0.59, 0.78]   
26                                  0.670283                [0.58, 0.76]   

    Transitivity Consistency Ratio (%)  
0                            71.917808  
1                            75.151515  
2                            56.790123  
3                            71.337580  
4                            73.333333  
5                            78.181818  
6                            78.787879  
7                            80.606061  
8                            66.917293  
9                            73.417722  
10                           56.179775  
11                           76.969697  
12                           71.875000  
13                           74.545455  
14                           75.757576  
15                           75.757576  
16                           75.757576  
17                           73.417722  
18                           73.417722  
19                           78.181818  
20                           76.969697  
21                           78.181818  
22                           76.969697  
23                           76.969697  
24                           78.787879  
25                           73.939394  
26                           73.939394  

Results have been saved to 'reliability_analysis.csv'
Author
8       0.027447
2       2.323443
3       3.524177
6       5.474052
10     10.849537
0      14.411944
4      39.376564
1      58.436389
7      64.374922
5      73.795108
9     100.000000
Name: Score, dtype: float64

Results have been saved to 'pagerank_results_balanced.csv'
Combined Results:
                                          Subcategory  \
0                                     Topic Relevance   
1                    Comprehensiveness of Information   
2                             Accuracy of Information   
3                        Innovativeness of Viewpoints   
4       Integration of Interdisciplinary Perspectives   
5                        Clarity of Logical Structure   
6               Reasonableness of Chapter Arrangement   
7              Quality of Introduction and Conclusion   
8              Accuracy and Completeness of Citations   
9              Timeliness and Relevance of References   
10   Avoidance of Plagiarism and Appropriate Citation   
11             Critical Analysis of Existing Research   
12   Proposal of New Research Directions or Questions   
13                Potential Contribution to the Field   
14             Clarity of Research Method Description   
15                    Rationality of Method Selection   
16                           Rigor of Research Design   
17               Inclusion of Latest Research Results   
18            Reflection of Current Research Hotspots   
19                     Fluency of Language Expression   
20    Appropriateness of Professional Terminology Use   
21                          Conciseness of Expression   
22  Practical Application Potential of Research Re...   
23                Feasibility of Proposed Suggestions   
24                             Logic of Argumentation   
25                   Multi-angle Analysis of Problems   
26  Identification and Discussion of Research Limi...   

    ICC (Intraclass Correlation Coefficient) ICC 95% Confidence Interval  \
0                                   0.624758                [0.53, 0.72]   
1                                   0.790933                [0.72, 0.86]   
2                                   0.348290                [0.25, 0.47]   
3                                   0.681551                [0.59, 0.77]   
4                                   0.709837                 [0.61, 0.8]   
5                                   0.663037                [0.57, 0.76]   
6                                   0.658154                [0.56, 0.75]   
7                                   0.628667                [0.53, 0.73]   
8                                   0.680746                [0.59, 0.77]   
9                                   0.679959                [0.58, 0.77]   
10                                  0.296006                [0.21, 0.41]   
11                                  0.716052                 [0.63, 0.8]   
12                                  0.523200                [0.42, 0.64]   
13                                  0.693925                 [0.6, 0.78]   
14                                  0.681283                [0.59, 0.77]   
15                                  0.682653                [0.59, 0.77]   
16                                  0.662279                [0.57, 0.76]   
17                                  0.689297                [0.59, 0.78]   
18                                  0.641560                [0.53, 0.74]   
19                                  0.608255                [0.51, 0.71]   
20                                  0.623031                [0.53, 0.72]   
21                                  0.582301                [0.48, 0.69]   
22                                  0.658317                [0.56, 0.75]   
23                                  0.571392                [0.47, 0.68]   
24                                  0.628654                [0.53, 0.73]   
25                                  0.685790                [0.59, 0.78]   
26                                  0.670283                [0.58, 0.76]   

    Transitivity Consistency Ratio (%)  
0                            71.917808  
1                            75.151515  
2                            56.790123  
3                            71.337580  
4                            73.333333  
5                            78.181818  
6                            78.787879  
7                            80.606061  
8                            66.917293  
9                            73.417722  
10                           56.179775  
11                           76.969697  
12                           71.875000  
13                           74.545455  
14                           75.757576  
15                           75.757576  
16                           75.757576  
17                           73.417722  
18                           73.417722  
19                           78.181818  
20                           76.969697  
21                           78.181818  
22                           76.969697  
23                           76.969697  
24                           78.787879  
25                           73.939394  
26                           73.939394  

Results have been saved to 'reliability_analysis.csv'
