Author
8       0.321927
7       4.729916
0      15.201208
2      18.315689
4      20.384797
10     36.719449
6      46.043957
1      58.101767
5      74.498016
3      85.898456
9     100.000000
Name: Score, dtype: float64

Results have been saved to 'pagerank_results_balanced.csv'
Combined Results:
                                          Subcategory  \
0                                     Topic Relevance   
1                    Comprehensiveness of Information   
2                             Accuracy of Information   
3                        Innovativeness of Viewpoints   
4       Integration of Interdisciplinary Perspectives   
5                        Clarity of Logical Structure   
6               Reasonableness of Chapter Arrangement   
7              Quality of Introduction and Conclusion   
8              Accuracy and Completeness of Citations   
9              Timeliness and Relevance of References   
10   Avoidance of Plagiarism and Appropriate Citation   
11             Critical Analysis of Existing Research   
12   Proposal of New Research Directions or Questions   
13                Potential Contribution to the Field   
14             Clarity of Research Method Description   
15                    Rationality of Method Selection   
16                           Rigor of Research Design   
17               Inclusion of Latest Research Results   
18            Reflection of Current Research Hotspots   
19                     Fluency of Language Expression   
20    Appropriateness of Professional Terminology Use   
21                          Conciseness of Expression   
22  Practical Application Potential of Research Re...   
23                Feasibility of Proposed Suggestions   
24                             Logic of Argumentation   
25                   Multi-angle Analysis of Problems   
26  Identification and Discussion of Research Limi...   

    ICC (Intraclass Correlation Coefficient) ICC 95% Confidence Interval  \
0                                   0.456690                [0.35, 0.57]   
1                                   0.834199                [0.78, 0.89]   
2                                   0.446351                [0.35, 0.56]   
3                                   0.807455                [0.74, 0.87]   
4                                   0.802122                [0.74, 0.86]   
5                                   0.821121                [0.76, 0.88]   
6                                   0.803168                [0.74, 0.86]   
7                                   0.794572                [0.73, 0.86]   
8                                   0.478303                [0.38, 0.59]   
9                                   0.741367                [0.66, 0.82]   
10                                  0.331060                [0.24, 0.45]   
11                                  0.783288                [0.71, 0.85]   
12                                  0.744553                [0.67, 0.82]   
13                                  0.795932                [0.73, 0.86]   
14                                  0.804440                [0.74, 0.86]   
15                                  0.802465                [0.74, 0.86]   
16                                  0.806847                [0.74, 0.87]   
17                                  0.745608                [0.67, 0.82]   
18                                  0.744973                [0.67, 0.82]   
19                                  0.797113                [0.73, 0.86]   
20                                  0.775634                 [0.7, 0.84]   
21                                  0.793706                [0.72, 0.86]   
22                                  0.776460                 [0.7, 0.84]   
23                                  0.754613                [0.68, 0.83]   
24                                  0.783335                [0.71, 0.85]   
25                                  0.803861                [0.74, 0.86]   
26                                  0.791891                [0.72, 0.86]   

    Transitivity Consistency Ratio (%)  
0                            85.454545  
1                            72.727273  
2                            83.030303  
3                            74.545455  
4                            72.727273  
5                            75.151515  
6                            75.151515  
7                            74.545455  
8                            88.484848  
9                            74.545455  
10                           85.454545  
11                           73.939394  
12                           75.151515  
13                           75.151515  
14                           72.121212  
15                           74.545455  
16                           73.333333  
17                           74.545455  
18                           73.939394  
19                           75.151515  
20                           72.727273  
21                           74.545455  
22                           74.545455  
23                           74.545455  
24                           75.151515  
25                           72.727273  
26                           73.939394  

Results have been saved to 'reliability_analysis.csv'
Author
3     30.840332
5     35.637631
9     36.776485
6     43.888575
4     51.504462
2     56.555556
8     56.560923
10    60.026128
0     61.733011
1     86.796746
7     87.721967
Name: Score, dtype: float64

Results have been saved to 'pagerank_results_balanced.csv'
Combined Results:
                                          Subcategory  \
0                                     Topic Relevance   
1                    Comprehensiveness of Information   
2                             Accuracy of Information   
3                        Innovativeness of Viewpoints   
4       Integration of Interdisciplinary Perspectives   
5                        Clarity of Logical Structure   
6               Reasonableness of Chapter Arrangement   
7              Quality of Introduction and Conclusion   
8              Accuracy and Completeness of Citations   
9              Timeliness and Relevance of References   
10   Avoidance of Plagiarism and Appropriate Citation   
11             Critical Analysis of Existing Research   
12   Proposal of New Research Directions or Questions   
13                Potential Contribution to the Field   
14             Clarity of Research Method Description   
15                    Rationality of Method Selection   
16                           Rigor of Research Design   
17               Inclusion of Latest Research Results   
18            Reflection of Current Research Hotspots   
19                     Fluency of Language Expression   
20    Appropriateness of Professional Terminology Use   
21                          Conciseness of Expression   
22  Practical Application Potential of Research Re...   
23                Feasibility of Proposed Suggestions   
24                             Logic of Argumentation   
25                   Multi-angle Analysis of Problems   
26  Identification and Discussion of Research Limi...   

    ICC (Intraclass Correlation Coefficient) ICC 95% Confidence Interval  \
0                                   0.801630                [0.73, 0.86]   
1                                   0.922568                [0.89, 0.95]   
2                                   0.578824                [0.48, 0.68]   
3                                   0.898553                [0.86, 0.93]   
4                                   0.896868                [0.86, 0.93]   
5                                   0.904186                [0.87, 0.94]   
6                                   0.881902                [0.84, 0.92]   
7                                   0.869815                [0.82, 0.91]   
8                                   0.759544                [0.68, 0.83]   
9                                   0.788157                [0.72, 0.85]   
10                                  0.480165                 [0.38, 0.6]   
11                                  0.880600                [0.83, 0.92]   
12                                  0.865760                [0.81, 0.91]   
13                                  0.856705                  [0.8, 0.9]   
14                                  0.781599                [0.71, 0.85]   
15                                  0.779775                [0.71, 0.85]   
16                                  0.770564                [0.69, 0.84]   
17                                  0.800199                [0.73, 0.86]   
18                                  0.797348                [0.73, 0.86]   
19                                  0.822876                [0.76, 0.88]   
20                                  0.813230                [0.75, 0.87]   
21                                  0.801207                [0.73, 0.86]   
22                                  0.808673                [0.74, 0.87]   
23                                  0.767357                [0.69, 0.84]   
24                                  0.863500                [0.81, 0.91]   
25                                  0.850684                  [0.8, 0.9]   
26                                  0.782909                [0.71, 0.85]   

    Transitivity Consistency Ratio (%)  
0                            83.636364  
1                            75.151515  
2                            83.030303  
3                            75.151515  
4                            75.151515  
5                            74.545455  
6                            74.545455  
7                            73.333333  
8                            87.272727  
9                            75.151515  
10                           84.848485  
11                           75.151515  
12                           75.151515  
13                           75.151515  
14                           73.333333  
15                           75.151515  
16                           73.939394  
17                           75.151515  
18                           75.151515  
19                           74.545455  
20                           74.545455  
21                           74.545455  
22                           75.151515  
23                           75.151515  
24                           73.333333  
25                           75.151515  
26                           75.151515  

Results have been saved to 'reliability_analysis.csv'
Author
3     30.840332
5     35.637631
9     36.776485
6     43.888575
4     51.504462
2     56.555556
8     56.560923
10    60.026128
0     61.733011
1     86.796746
7     87.721967
Name: Score, dtype: float64

Results have been saved to 'pagerank_results_balanced.csv'
Combined Results:
                                          Subcategory  \
0                                     Topic Relevance   
1                    Comprehensiveness of Information   
2                             Accuracy of Information   
3                        Innovativeness of Viewpoints   
4       Integration of Interdisciplinary Perspectives   
5                        Clarity of Logical Structure   
6               Reasonableness of Chapter Arrangement   
7              Quality of Introduction and Conclusion   
8              Accuracy and Completeness of Citations   
9              Timeliness and Relevance of References   
10   Avoidance of Plagiarism and Appropriate Citation   
11             Critical Analysis of Existing Research   
12   Proposal of New Research Directions or Questions   
13                Potential Contribution to the Field   
14             Clarity of Research Method Description   
15                    Rationality of Method Selection   
16                           Rigor of Research Design   
17               Inclusion of Latest Research Results   
18            Reflection of Current Research Hotspots   
19                     Fluency of Language Expression   
20    Appropriateness of Professional Terminology Use   
21                          Conciseness of Expression   
22  Practical Application Potential of Research Re...   
23                Feasibility of Proposed Suggestions   
24                             Logic of Argumentation   
25                   Multi-angle Analysis of Problems   
26  Identification and Discussion of Research Limi...   

    ICC (Intraclass Correlation Coefficient) ICC 95% Confidence Interval  \
0                                   0.801630                [0.73, 0.86]   
1                                   0.922568                [0.89, 0.95]   
2                                   0.578824                [0.48, 0.68]   
3                                   0.898553                [0.86, 0.93]   
4                                   0.896868                [0.86, 0.93]   
5                                   0.904186                [0.87, 0.94]   
6                                   0.881902                [0.84, 0.92]   
7                                   0.869815                [0.82, 0.91]   
8                                   0.759544                [0.68, 0.83]   
9                                   0.788157                [0.72, 0.85]   
10                                  0.480165                 [0.38, 0.6]   
11                                  0.880600                [0.83, 0.92]   
12                                  0.865760                [0.81, 0.91]   
13                                  0.856705                  [0.8, 0.9]   
14                                  0.781599                [0.71, 0.85]   
15                                  0.779775                [0.71, 0.85]   
16                                  0.770564                [0.69, 0.84]   
17                                  0.800199                [0.73, 0.86]   
18                                  0.797348                [0.73, 0.86]   
19                                  0.822876                [0.76, 0.88]   
20                                  0.813230                [0.75, 0.87]   
21                                  0.801207                [0.73, 0.86]   
22                                  0.808673                [0.74, 0.87]   
23                                  0.767357                [0.69, 0.84]   
24                                  0.863500                [0.81, 0.91]   
25                                  0.850684                  [0.8, 0.9]   
26                                  0.782909                [0.71, 0.85]   

    Transitivity Consistency Ratio (%)  
0                            83.636364  
1                            75.151515  
2                            83.030303  
3                            75.151515  
4                            75.151515  
5                            74.545455  
6                            74.545455  
7                            73.333333  
8                            87.272727  
9                            75.151515  
10                           84.848485  
11                           75.151515  
12                           75.151515  
13                           75.151515  
14                           73.333333  
15                           75.151515  
16                           73.939394  
17                           75.151515  
18                           75.151515  
19                           74.545455  
20                           74.545455  
21                           74.545455  
22                           75.151515  
23                           75.151515  
24                           73.333333  
25                           75.151515  
26                           75.151515  

Results have been saved to 'reliability_analysis.csv'
Author
10      0.000000
8      49.056249
7      66.988549
0      79.786485
4      82.239906
2      83.591915
6      91.130850
1      94.222080
5      96.917200
3      98.710128
9     100.000000
Name: Score, dtype: float64

Results have been saved to 'pagerank_results_balanced.csv'
Combined Results:
                                          Subcategory  \
0                                     Topic Relevance   
1                    Comprehensiveness of Information   
2                             Accuracy of Information   
3                        Innovativeness of Viewpoints   
4       Integration of Interdisciplinary Perspectives   
5                        Clarity of Logical Structure   
6               Reasonableness of Chapter Arrangement   
7              Quality of Introduction and Conclusion   
8              Accuracy and Completeness of Citations   
9              Timeliness and Relevance of References   
10   Avoidance of Plagiarism and Appropriate Citation   
11             Critical Analysis of Existing Research   
12   Proposal of New Research Directions or Questions   
13                Potential Contribution to the Field   
14             Clarity of Research Method Description   
15                    Rationality of Method Selection   
16                           Rigor of Research Design   
17               Inclusion of Latest Research Results   
18            Reflection of Current Research Hotspots   
19                     Fluency of Language Expression   
20    Appropriateness of Professional Terminology Use   
21                          Conciseness of Expression   
22  Practical Application Potential of Research Re...   
23                Feasibility of Proposed Suggestions   
24                             Logic of Argumentation   
25                   Multi-angle Analysis of Problems   
26  Identification and Discussion of Research Limi...   

    ICC (Intraclass Correlation Coefficient) ICC 95% Confidence Interval  \
0                                   0.801630                [0.73, 0.86]   
1                                   0.922568                [0.89, 0.95]   
2                                   0.578824                [0.48, 0.68]   
3                                   0.898553                [0.86, 0.93]   
4                                   0.896868                [0.86, 0.93]   
5                                   0.904186                [0.87, 0.94]   
6                                   0.881902                [0.84, 0.92]   
7                                   0.869815                [0.82, 0.91]   
8                                   0.759544                [0.68, 0.83]   
9                                   0.788157                [0.72, 0.85]   
10                                  0.480165                 [0.38, 0.6]   
11                                  0.880600                [0.83, 0.92]   
12                                  0.865760                [0.81, 0.91]   
13                                  0.856705                  [0.8, 0.9]   
14                                  0.781599                [0.71, 0.85]   
15                                  0.779775                [0.71, 0.85]   
16                                  0.770564                [0.69, 0.84]   
17                                  0.800199                [0.73, 0.86]   
18                                  0.797348                [0.73, 0.86]   
19                                  0.822876                [0.76, 0.88]   
20                                  0.813230                [0.75, 0.87]   
21                                  0.801207                [0.73, 0.86]   
22                                  0.808673                [0.74, 0.87]   
23                                  0.767357                [0.69, 0.84]   
24                                  0.863500                [0.81, 0.91]   
25                                  0.850684                  [0.8, 0.9]   
26                                  0.782909                [0.71, 0.85]   

    Transitivity Consistency Ratio (%)  
0                            55.000000  
1                            75.151515  
2                            42.857143  
3                            75.151515  
4                            75.151515  
5                            74.545455  
6                            74.545455  
7                            72.500000  
8                            38.235294  
9                            75.151515  
10                           43.181818  
11                           73.885350  
12                           73.885350  
13                           73.885350  
14                           72.670807  
15                           75.151515  
16                           73.125000  
17                           75.151515  
18                           75.151515  
19                           74.545455  
20                           73.417722  
21                           74.545455  
22                           73.885350  
23                           73.885350  
24                           72.500000  
25                           75.151515  
26                           75.151515  

Results have been saved to 'reliability_analysis.csv'
Author
10      0.000000
8      49.056249
7      66.988549
0      79.786485
4      82.239906
2      83.591915
6      91.130850
1      94.222080
5      96.917200
3      98.710128
9     100.000000
Name: Score, dtype: float64

Results have been saved to 'pagerank_results_balanced.csv'
Combined Results:
                                          Subcategory  \
0                                     Topic Relevance   
1                    Comprehensiveness of Information   
2                             Accuracy of Information   
3                        Innovativeness of Viewpoints   
4       Integration of Interdisciplinary Perspectives   
5                        Clarity of Logical Structure   
6               Reasonableness of Chapter Arrangement   
7              Quality of Introduction and Conclusion   
8              Accuracy and Completeness of Citations   
9              Timeliness and Relevance of References   
10   Avoidance of Plagiarism and Appropriate Citation   
11             Critical Analysis of Existing Research   
12   Proposal of New Research Directions or Questions   
13                Potential Contribution to the Field   
14             Clarity of Research Method Description   
15                    Rationality of Method Selection   
16                           Rigor of Research Design   
17               Inclusion of Latest Research Results   
18            Reflection of Current Research Hotspots   
19                     Fluency of Language Expression   
20    Appropriateness of Professional Terminology Use   
21                          Conciseness of Expression   
22  Practical Application Potential of Research Re...   
23                Feasibility of Proposed Suggestions   
24                             Logic of Argumentation   
25                   Multi-angle Analysis of Problems   
26  Identification and Discussion of Research Limi...   

    ICC (Intraclass Correlation Coefficient) ICC 95% Confidence Interval  \
0                                   0.801630                [0.73, 0.86]   
1                                   0.922568                [0.89, 0.95]   
2                                   0.578824                [0.48, 0.68]   
3                                   0.898553                [0.86, 0.93]   
4                                   0.896868                [0.86, 0.93]   
5                                   0.904186                [0.87, 0.94]   
6                                   0.881902                [0.84, 0.92]   
7                                   0.869815                [0.82, 0.91]   
8                                   0.759544                [0.68, 0.83]   
9                                   0.788157                [0.72, 0.85]   
10                                  0.480165                 [0.38, 0.6]   
11                                  0.880600                [0.83, 0.92]   
12                                  0.865760                [0.81, 0.91]   
13                                  0.856705                  [0.8, 0.9]   
14                                  0.781599                [0.71, 0.85]   
15                                  0.779775                [0.71, 0.85]   
16                                  0.770564                [0.69, 0.84]   
17                                  0.800199                [0.73, 0.86]   
18                                  0.797348                [0.73, 0.86]   
19                                  0.822876                [0.76, 0.88]   
20                                  0.813230                [0.75, 0.87]   
21                                  0.801207                [0.73, 0.86]   
22                                  0.808673                [0.74, 0.87]   
23                                  0.767357                [0.69, 0.84]   
24                                  0.863500                [0.81, 0.91]   
25                                  0.850684                  [0.8, 0.9]   
26                                  0.782909                [0.71, 0.85]   

    Transitivity Consistency Ratio (%)  
0                            55.000000  
1                            75.151515  
2                            42.857143  
3                            75.151515  
4                            75.151515  
5                            74.545455  
6                            74.545455  
7                            72.500000  
8                            38.235294  
9                            75.151515  
10                           43.181818  
11                           73.885350  
12                           73.885350  
13                           73.885350  
14                           72.670807  
15                           75.151515  
16                           73.125000  
17                           75.151515  
18                           75.151515  
19                           74.545455  
20                           73.417722  
21                           74.545455  
22                           73.885350  
23                           73.885350  
24                           72.500000  
25                           75.151515  
26                           75.151515  

Results have been saved to 'reliability_analysis.csv'
