Author
9      1.301886
6     15.031057
7     25.203449
3     30.243164
8     45.776066
10    50.920705
0     51.098060
5     66.199455
2     89.406180
4     99.434060
1     99.558456
Name: Score, dtype: float64

Results have been saved to 'pagerank_results_balanced.csv'
Combined Results:
                                          Subcategory  \
0                                     Topic Relevance   
1                    Comprehensiveness of Information   
2                             Accuracy of Information   
3                        Innovativeness of Viewpoints   
4       Integration of Interdisciplinary Perspectives   
5                        Clarity of Logical Structure   
6               Reasonableness of Chapter Arrangement   
7              Quality of Introduction and Conclusion   
8              Accuracy and Completeness of Citations   
9              Timeliness and Relevance of References   
10   Avoidance of Plagiarism and Appropriate Citation   
11             Critical Analysis of Existing Research   
12   Proposal of New Research Directions or Questions   
13                Potential Contribution to the Field   
14             Clarity of Research Method Description   
15                    Rationality of Method Selection   
16                           Rigor of Research Design   
17               Inclusion of Latest Research Results   
18            Reflection of Current Research Hotspots   
19                     Fluency of Language Expression   
20    Appropriateness of Professional Terminology Use   
21                          Conciseness of Expression   
22  Practical Application Potential of Research Re...   
23                Feasibility of Proposed Suggestions   
24                             Logic of Argumentation   
25                   Multi-angle Analysis of Problems   
26  Identification and Discussion of Research Limi...   

    ICC (Intraclass Correlation Coefficient) ICC 95% Confidence Interval  \
0                                   0.223210                [0.14, 0.33]   
1                                   0.497310                [0.39, 0.62]   
2                                   0.582931                [0.48, 0.69]   
3                                   0.747693                [0.67, 0.82]   
4                                   0.528193                 [0.4, 0.65]   
5                                   0.474952                 [0.37, 0.6]   
6                                   0.465539                [0.36, 0.59]   
7                                   0.478180                 [0.37, 0.6]   
8                                   0.576928                [0.48, 0.68]   
9                                   0.434653                [0.33, 0.56]   
10                                  0.335481                [0.24, 0.45]   
11                                  0.710538                [0.63, 0.79]   
12                                  0.683771                [0.59, 0.77]   
13                                  0.664156                [0.57, 0.76]   
14                                  0.574476                [0.47, 0.68]   
15                                  0.561298                [0.46, 0.67]   
16                                  0.556444                [0.46, 0.67]   
17                                  0.484104                [0.37, 0.61]   
18                                  0.472198                [0.36, 0.59]   
19                                  0.486611                 [0.38, 0.6]   
20                                  0.546281                [0.45, 0.66]   
21                                  0.486727                 [0.38, 0.6]   
22                                  0.561217                [0.46, 0.67]   
23                                  0.515670                [0.41, 0.63]   
24                                  0.450953                [0.34, 0.57]   
25                                  0.489339                [0.38, 0.61]   
26                                  0.501571                 [0.4, 0.62]   

    Transitivity Consistency Ratio (%)  
0                            90.303030  
1                            77.575758  
2                            90.909091  
3                            71.515152  
4                            81.818182  
5                            77.575758  
6                            78.181818  
7                            77.575758  
8                            87.272727  
9                            77.575758  
10                           87.878788  
11                           71.515152  
12                           73.333333  
13                           73.333333  
14                           78.787879  
15                           81.212121  
16                           78.181818  
17                           75.757576  
18                           76.969697  
19                           78.181818  
20                           78.787879  
21                           80.606061  
22                           75.757576  
23                           79.393939  
24                           78.787879  
25                           78.787879  
26                           78.787879  

Results have been saved to 'reliability_analysis.csv'
Author
10     0.042652
9     13.954314
6     24.790554
7     49.508069
3     51.872084
8     66.650083
0     72.814952
5     79.579620
2     93.967510
4     99.661101
1     99.890025
Name: Score, dtype: float64

Results have been saved to 'pagerank_results_balanced.csv'
Combined Results:
                                          Subcategory  \
0                                     Topic Relevance   
1                    Comprehensiveness of Information   
2                             Accuracy of Information   
3                        Innovativeness of Viewpoints   
4       Integration of Interdisciplinary Perspectives   
5                        Clarity of Logical Structure   
6               Reasonableness of Chapter Arrangement   
7              Quality of Introduction and Conclusion   
8              Accuracy and Completeness of Citations   
9              Timeliness and Relevance of References   
10   Avoidance of Plagiarism and Appropriate Citation   
11             Critical Analysis of Existing Research   
12   Proposal of New Research Directions or Questions   
13                Potential Contribution to the Field   
14             Clarity of Research Method Description   
15                    Rationality of Method Selection   
16                           Rigor of Research Design   
17               Inclusion of Latest Research Results   
18            Reflection of Current Research Hotspots   
19                     Fluency of Language Expression   
20    Appropriateness of Professional Terminology Use   
21                          Conciseness of Expression   
22  Practical Application Potential of Research Re...   
23                Feasibility of Proposed Suggestions   
24                             Logic of Argumentation   
25                   Multi-angle Analysis of Problems   
26  Identification and Discussion of Research Limi...   

    ICC (Intraclass Correlation Coefficient) ICC 95% Confidence Interval  \
0                                   0.619460                [0.52, 0.72]   
1                                   0.801634                [0.73, 0.86]   
2                                   0.476854                [0.37, 0.59]   
3                                   0.829167                [0.77, 0.88]   
4                                   0.762850                [0.68, 0.84]   
5                                   0.596753                  [0.5, 0.7]   
6                                   0.607496                [0.51, 0.71]   
7                                   0.587746                [0.48, 0.69]   
8                                   0.553327                [0.45, 0.66]   
9                                   0.595526                  [0.5, 0.7]   
10                                  0.295972                [0.21, 0.41]   
11                                  0.798054                [0.73, 0.86]   
12                                  0.746829                [0.67, 0.82]   
13                                  0.792925                [0.72, 0.86]   
14                                  0.605299                [0.51, 0.71]   
15                                  0.604534                [0.51, 0.71]   
16                                  0.609494                [0.51, 0.71]   
17                                  0.610228                [0.51, 0.71]   
18                                  0.727301                [0.64, 0.81]   
19                                  0.531258                [0.43, 0.64]   
20                                  0.670102                [0.58, 0.76]   
21                                  0.572397                [0.47, 0.68]   
22                                  0.759376                [0.68, 0.83]   
23                                  0.638327                [0.54, 0.74]   
24                                  0.680712                [0.59, 0.77]   
25                                  0.709518                [0.62, 0.79]   
26                                  0.622043                [0.53, 0.72]   

    Transitivity Consistency Ratio (%)  
0                            85.454545  
1                            74.545455  
2                            90.909091  
3                            73.939394  
4                            76.363636  
5                            73.333333  
6                            75.757576  
7                            73.333333  
8                            87.272727  
9                            73.939394  
10                           87.272727  
11                           73.939394  
12                           73.939394  
13                           73.939394  
14                           75.757576  
15                           75.151515  
16                           75.151515  
17                           74.545455  
18                           73.333333  
19                           75.151515  
20                           75.757576  
21                           74.545455  
22                           73.939394  
23                           73.939394  
24                           74.545455  
25                           73.333333  
26                           73.333333  

Results have been saved to 'reliability_analysis.csv'
Author
10     0.042652
9     13.954314
6     24.790554
7     49.508069
3     51.872084
8     66.650083
0     72.814952
5     79.579620
2     93.967510
4     99.661101
1     99.890025
Name: Score, dtype: float64

Results have been saved to 'pagerank_results_balanced.csv'
Combined Results:
                                          Subcategory  \
0                                     Topic Relevance   
1                    Comprehensiveness of Information   
2                             Accuracy of Information   
3                        Innovativeness of Viewpoints   
4       Integration of Interdisciplinary Perspectives   
5                        Clarity of Logical Structure   
6               Reasonableness of Chapter Arrangement   
7              Quality of Introduction and Conclusion   
8              Accuracy and Completeness of Citations   
9              Timeliness and Relevance of References   
10   Avoidance of Plagiarism and Appropriate Citation   
11             Critical Analysis of Existing Research   
12   Proposal of New Research Directions or Questions   
13                Potential Contribution to the Field   
14             Clarity of Research Method Description   
15                    Rationality of Method Selection   
16                           Rigor of Research Design   
17               Inclusion of Latest Research Results   
18            Reflection of Current Research Hotspots   
19                     Fluency of Language Expression   
20    Appropriateness of Professional Terminology Use   
21                          Conciseness of Expression   
22  Practical Application Potential of Research Re...   
23                Feasibility of Proposed Suggestions   
24                             Logic of Argumentation   
25                   Multi-angle Analysis of Problems   
26  Identification and Discussion of Research Limi...   

    ICC (Intraclass Correlation Coefficient) ICC 95% Confidence Interval  \
0                                   0.619460                [0.52, 0.72]   
1                                   0.801634                [0.73, 0.86]   
2                                   0.476854                [0.37, 0.59]   
3                                   0.829167                [0.77, 0.88]   
4                                   0.762850                [0.68, 0.84]   
5                                   0.596753                  [0.5, 0.7]   
6                                   0.607496                [0.51, 0.71]   
7                                   0.587746                [0.48, 0.69]   
8                                   0.553327                [0.45, 0.66]   
9                                   0.595526                  [0.5, 0.7]   
10                                  0.295972                [0.21, 0.41]   
11                                  0.798054                [0.73, 0.86]   
12                                  0.746829                [0.67, 0.82]   
13                                  0.792925                [0.72, 0.86]   
14                                  0.605299                [0.51, 0.71]   
15                                  0.604534                [0.51, 0.71]   
16                                  0.609494                [0.51, 0.71]   
17                                  0.610228                [0.51, 0.71]   
18                                  0.727301                [0.64, 0.81]   
19                                  0.531258                [0.43, 0.64]   
20                                  0.670102                [0.58, 0.76]   
21                                  0.572397                [0.47, 0.68]   
22                                  0.759376                [0.68, 0.83]   
23                                  0.638327                [0.54, 0.74]   
24                                  0.680712                [0.59, 0.77]   
25                                  0.709518                [0.62, 0.79]   
26                                  0.622043                [0.53, 0.72]   

    Transitivity Consistency Ratio (%)  
0                            85.454545  
1                            74.545455  
2                            90.909091  
3                            73.939394  
4                            76.363636  
5                            73.333333  
6                            75.757576  
7                            73.333333  
8                            87.272727  
9                            73.939394  
10                           87.272727  
11                           73.939394  
12                           73.939394  
13                           73.939394  
14                           75.757576  
15                           75.151515  
16                           75.151515  
17                           74.545455  
18                           73.333333  
19                           75.151515  
20                           75.757576  
21                           74.545455  
22                           73.939394  
23                           73.939394  
24                           74.545455  
25                           73.333333  
26                           73.333333  

Results have been saved to 'reliability_analysis.csv'
Author
10     0.055487
9     10.419885
6     23.537742
7     43.337550
3     47.368610
8     64.516725
0     68.666558
5     78.420498
2     93.257280
4     99.694223
1     99.880803
Name: Score, dtype: float64

Results have been saved to 'pagerank_results_balanced.csv'
Combined Results:
                                          Subcategory  \
0                                     Topic Relevance   
1                    Comprehensiveness of Information   
2                             Accuracy of Information   
3                        Innovativeness of Viewpoints   
4       Integration of Interdisciplinary Perspectives   
5                        Clarity of Logical Structure   
6               Reasonableness of Chapter Arrangement   
7              Quality of Introduction and Conclusion   
8              Accuracy and Completeness of Citations   
9              Timeliness and Relevance of References   
10   Avoidance of Plagiarism and Appropriate Citation   
11             Critical Analysis of Existing Research   
12   Proposal of New Research Directions or Questions   
13                Potential Contribution to the Field   
14             Clarity of Research Method Description   
15                    Rationality of Method Selection   
16                           Rigor of Research Design   
17               Inclusion of Latest Research Results   
18            Reflection of Current Research Hotspots   
19                     Fluency of Language Expression   
20    Appropriateness of Professional Terminology Use   
21                          Conciseness of Expression   
22  Practical Application Potential of Research Re...   
23                Feasibility of Proposed Suggestions   
24                             Logic of Argumentation   
25                   Multi-angle Analysis of Problems   
26  Identification and Discussion of Research Limi...   

    ICC (Intraclass Correlation Coefficient) ICC 95% Confidence Interval  \
0                                   0.619460                [0.52, 0.72]   
1                                   0.801634                [0.73, 0.86]   
2                                   0.476854                [0.37, 0.59]   
3                                   0.829167                [0.77, 0.88]   
4                                   0.762850                [0.68, 0.84]   
5                                   0.596753                  [0.5, 0.7]   
6                                   0.607496                [0.51, 0.71]   
7                                   0.587746                [0.48, 0.69]   
8                                   0.553327                [0.45, 0.66]   
9                                   0.595526                  [0.5, 0.7]   
10                                  0.295972                [0.21, 0.41]   
11                                  0.798054                [0.73, 0.86]   
12                                  0.746829                [0.67, 0.82]   
13                                  0.792925                [0.72, 0.86]   
14                                  0.605299                [0.51, 0.71]   
15                                  0.604534                [0.51, 0.71]   
16                                  0.609494                [0.51, 0.71]   
17                                  0.610228                [0.51, 0.71]   
18                                  0.727301                [0.64, 0.81]   
19                                  0.531258                [0.43, 0.64]   
20                                  0.670102                [0.58, 0.76]   
21                                  0.572397                [0.47, 0.68]   
22                                  0.759376                [0.68, 0.83]   
23                                  0.638327                [0.54, 0.74]   
24                                  0.680712                [0.59, 0.77]   
25                                  0.709518                [0.62, 0.79]   
26                                  0.622043                [0.53, 0.72]   

    Transitivity Consistency Ratio (%)  
0                            52.000000  
1                            74.545455  
2                            55.882353  
3                            73.939394  
4                            76.363636  
5                            73.333333  
6                            73.333333  
7                            73.333333  
8                            48.780488  
9                            72.611465  
10                           46.153846  
11                           73.939394  
12                           73.939394  
13                           73.939394  
14                           74.683544  
15                           75.151515  
16                           75.151515  
17                           74.545455  
18                           73.333333  
19                           75.151515  
20                           74.683544  
21                           74.545455  
22                           73.939394  
23                           73.939394  
24                           74.545455  
25                           73.333333  
26                           73.333333  

Results have been saved to 'reliability_analysis.csv'
Author
10     0.055487
9     10.419885
6     23.537742
7     43.337550
3     47.368610
8     64.516725
0     68.666558
5     78.420498
2     93.257280
4     99.694223
1     99.880803
Name: Score, dtype: float64

Results have been saved to 'pagerank_results_balanced.csv'
Combined Results:
                                          Subcategory  \
0                                     Topic Relevance   
1                    Comprehensiveness of Information   
2                             Accuracy of Information   
3                        Innovativeness of Viewpoints   
4       Integration of Interdisciplinary Perspectives   
5                        Clarity of Logical Structure   
6               Reasonableness of Chapter Arrangement   
7              Quality of Introduction and Conclusion   
8              Accuracy and Completeness of Citations   
9              Timeliness and Relevance of References   
10   Avoidance of Plagiarism and Appropriate Citation   
11             Critical Analysis of Existing Research   
12   Proposal of New Research Directions or Questions   
13                Potential Contribution to the Field   
14             Clarity of Research Method Description   
15                    Rationality of Method Selection   
16                           Rigor of Research Design   
17               Inclusion of Latest Research Results   
18            Reflection of Current Research Hotspots   
19                     Fluency of Language Expression   
20    Appropriateness of Professional Terminology Use   
21                          Conciseness of Expression   
22  Practical Application Potential of Research Re...   
23                Feasibility of Proposed Suggestions   
24                             Logic of Argumentation   
25                   Multi-angle Analysis of Problems   
26  Identification and Discussion of Research Limi...   

    ICC (Intraclass Correlation Coefficient) ICC 95% Confidence Interval  \
0                                   0.619460                [0.52, 0.72]   
1                                   0.801634                [0.73, 0.86]   
2                                   0.476854                [0.37, 0.59]   
3                                   0.829167                [0.77, 0.88]   
4                                   0.762850                [0.68, 0.84]   
5                                   0.596753                  [0.5, 0.7]   
6                                   0.607496                [0.51, 0.71]   
7                                   0.587746                [0.48, 0.69]   
8                                   0.553327                [0.45, 0.66]   
9                                   0.595526                  [0.5, 0.7]   
10                                  0.295972                [0.21, 0.41]   
11                                  0.798054                [0.73, 0.86]   
12                                  0.746829                [0.67, 0.82]   
13                                  0.792925                [0.72, 0.86]   
14                                  0.605299                [0.51, 0.71]   
15                                  0.604534                [0.51, 0.71]   
16                                  0.609494                [0.51, 0.71]   
17                                  0.610228                [0.51, 0.71]   
18                                  0.727301                [0.64, 0.81]   
19                                  0.531258                [0.43, 0.64]   
20                                  0.670102                [0.58, 0.76]   
21                                  0.572397                [0.47, 0.68]   
22                                  0.759376                [0.68, 0.83]   
23                                  0.638327                [0.54, 0.74]   
24                                  0.680712                [0.59, 0.77]   
25                                  0.709518                [0.62, 0.79]   
26                                  0.622043                [0.53, 0.72]   

    Transitivity Consistency Ratio (%)  
0                            52.000000  
1                            74.545455  
2                            55.882353  
3                            73.939394  
4                            76.363636  
5                            73.333333  
6                            73.333333  
7                            73.333333  
8                            48.780488  
9                            72.611465  
10                           46.153846  
11                           73.939394  
12                           73.939394  
13                           73.939394  
14                           74.683544  
15                           75.151515  
16                           75.151515  
17                           74.545455  
18                           73.333333  
19                           75.151515  
20                           74.683544  
21                           74.545455  
22                           73.939394  
23                           73.939394  
24                           74.545455  
25                           73.333333  
26                           73.333333  

Results have been saved to 'reliability_analysis.csv'
