Author
0      1.021772
6      3.680193
10     7.425297
7     31.958939
3     43.401970
5     63.210202
1     68.592808
2     84.660274
4     92.528715
8     93.819664
9     97.609054
Name: Score, dtype: float64

Results have been saved to 'pagerank_results_balanced.csv'
Combined Results:
                                          Subcategory  \
0                                     Topic Relevance   
1                    Comprehensiveness of Information   
2                             Accuracy of Information   
3                        Innovativeness of Viewpoints   
4       Integration of Interdisciplinary Perspectives   
5                        Clarity of Logical Structure   
6               Reasonableness of Chapter Arrangement   
7              Quality of Introduction and Conclusion   
8              Accuracy and Completeness of Citations   
9              Timeliness and Relevance of References   
10   Avoidance of Plagiarism and Appropriate Citation   
11             Critical Analysis of Existing Research   
12   Proposal of New Research Directions or Questions   
13                Potential Contribution to the Field   
14             Clarity of Research Method Description   
15                    Rationality of Method Selection   
16                           Rigor of Research Design   
17               Inclusion of Latest Research Results   
18            Reflection of Current Research Hotspots   
19                     Fluency of Language Expression   
20    Appropriateness of Professional Terminology Use   
21                          Conciseness of Expression   
22  Practical Application Potential of Research Re...   
23                Feasibility of Proposed Suggestions   
24                             Logic of Argumentation   
25                   Multi-angle Analysis of Problems   
26  Identification and Discussion of Research Limi...   

    ICC (Intraclass Correlation Coefficient) ICC 95% Confidence Interval  \
0                                   0.455385                [0.35, 0.57]   
1                                   0.695380                [0.61, 0.78]   
2                                   0.201635                [0.13, 0.31]   
3                                   0.522019                [0.42, 0.63]   
4                                   0.665929                [0.57, 0.76]   
5                                   0.630499                [0.53, 0.73]   
6                                   0.645254                [0.55, 0.74]   
7                                   0.600289                  [0.5, 0.7]   
8                                   0.468017                [0.37, 0.59]   
9                                   0.553443                [0.45, 0.66]   
10                                  0.224513                [0.15, 0.33]   
11                                  0.583708                [0.48, 0.69]   
12                                  0.394351                 [0.3, 0.51]   
13                                  0.556792                [0.46, 0.67]   
14                                  0.622795                [0.53, 0.72]   
15                                  0.616584                [0.52, 0.72]   
16                                  0.646396                [0.55, 0.74]   
17                                  0.553556                [0.45, 0.66]   
18                                  0.519665                [0.42, 0.63]   
19                                  0.551435                [0.45, 0.66]   
20                                  0.575895                [0.48, 0.68]   
21                                  0.589693                [0.49, 0.69]   
22                                  0.569912                [0.47, 0.68]   
23                                  0.528513                [0.43, 0.64]   
24                                  0.599005                  [0.5, 0.7]   
25                                  0.596197                  [0.5, 0.7]   
26                                  0.541637                [0.44, 0.65]   

    Transitivity Consistency Ratio (%)  
0                            86.666667  
1                            87.878788  
2                            87.878788  
3                            79.393939  
4                            86.666667  
5                            83.636364  
6                            83.636364  
7                            83.636364  
8                            83.030303  
9                            86.060606  
10                           87.272727  
11                           78.181818  
12                           78.787879  
13                           76.363636  
14                           83.030303  
15                           80.000000  
16                           80.000000  
17                           86.060606  
18                           84.848485  
19                           83.636364  
20                           88.484848  
21                           83.636364  
22                           78.181818  
23                           78.181818  
24                           84.848485  
25                           80.606061  
26                           80.606061  

Results have been saved to 'reliability_analysis.csv'
Author
0      0.790559
6      2.418842
10     5.000637
7     28.279873
3     42.796264
5     60.962826
1     66.036399
2     85.364629
4     93.048866
8     94.265234
9     96.591773
Name: Score, dtype: float64

Results have been saved to 'pagerank_results_balanced.csv'
Combined Results:
                                          Subcategory  \
0                                     Topic Relevance   
1                    Comprehensiveness of Information   
2                             Accuracy of Information   
3                        Innovativeness of Viewpoints   
4       Integration of Interdisciplinary Perspectives   
5                        Clarity of Logical Structure   
6               Reasonableness of Chapter Arrangement   
7              Quality of Introduction and Conclusion   
8              Accuracy and Completeness of Citations   
9              Timeliness and Relevance of References   
10   Avoidance of Plagiarism and Appropriate Citation   
11             Critical Analysis of Existing Research   
12   Proposal of New Research Directions or Questions   
13                Potential Contribution to the Field   
14             Clarity of Research Method Description   
15                    Rationality of Method Selection   
16                           Rigor of Research Design   
17               Inclusion of Latest Research Results   
18            Reflection of Current Research Hotspots   
19                     Fluency of Language Expression   
20    Appropriateness of Professional Terminology Use   
21                          Conciseness of Expression   
22  Practical Application Potential of Research Re...   
23                Feasibility of Proposed Suggestions   
24                             Logic of Argumentation   
25                   Multi-angle Analysis of Problems   
26  Identification and Discussion of Research Limi...   

    ICC (Intraclass Correlation Coefficient) ICC 95% Confidence Interval  \
0                                   0.455385                [0.35, 0.57]   
1                                   0.695380                [0.61, 0.78]   
2                                   0.201635                [0.13, 0.31]   
3                                   0.522019                [0.42, 0.63]   
4                                   0.665929                [0.57, 0.76]   
5                                   0.630499                [0.53, 0.73]   
6                                   0.645254                [0.55, 0.74]   
7                                   0.600289                  [0.5, 0.7]   
8                                   0.468017                [0.37, 0.59]   
9                                   0.553443                [0.45, 0.66]   
10                                  0.224513                [0.15, 0.33]   
11                                  0.583708                [0.48, 0.69]   
12                                  0.394351                 [0.3, 0.51]   
13                                  0.556792                [0.46, 0.67]   
14                                  0.622795                [0.53, 0.72]   
15                                  0.616584                [0.52, 0.72]   
16                                  0.646396                [0.55, 0.74]   
17                                  0.553556                [0.45, 0.66]   
18                                  0.519665                [0.42, 0.63]   
19                                  0.551435                [0.45, 0.66]   
20                                  0.575895                [0.48, 0.68]   
21                                  0.589693                [0.49, 0.69]   
22                                  0.569912                [0.47, 0.68]   
23                                  0.528513                [0.43, 0.64]   
24                                  0.599005                  [0.5, 0.7]   
25                                  0.596197                  [0.5, 0.7]   
26                                  0.541637                [0.44, 0.65]   

    Transitivity Consistency Ratio (%)  
0                            85.034014  
1                            87.878788  
2                            65.517241  
3                            79.393939  
4                            85.987261  
5                            83.636364  
6                            83.636364  
7                            83.636364  
8                            68.181818  
9                            86.060606  
10                           62.500000  
11                           78.181818  
12                           78.787879  
13                           75.625000  
14                           83.030303  
15                           80.000000  
16                           80.000000  
17                           86.060606  
18                           84.276730  
19                           83.636364  
20                           88.484848  
21                           83.636364  
22                           77.500000  
23                           77.500000  
24                           84.848485  
25                           80.606061  
26                           78.807947  

Results have been saved to 'reliability_analysis.csv'
Author
0      0.790559
6      2.418842
10     5.000637
7     28.279873
3     42.796264
5     60.962826
1     66.036399
2     85.364629
4     93.048866
8     94.265234
9     96.591773
Name: Score, dtype: float64

Results have been saved to 'pagerank_results_balanced.csv'
Combined Results:
                                          Subcategory  \
0                                     Topic Relevance   
1                    Comprehensiveness of Information   
2                             Accuracy of Information   
3                        Innovativeness of Viewpoints   
4       Integration of Interdisciplinary Perspectives   
5                        Clarity of Logical Structure   
6               Reasonableness of Chapter Arrangement   
7              Quality of Introduction and Conclusion   
8              Accuracy and Completeness of Citations   
9              Timeliness and Relevance of References   
10   Avoidance of Plagiarism and Appropriate Citation   
11             Critical Analysis of Existing Research   
12   Proposal of New Research Directions or Questions   
13                Potential Contribution to the Field   
14             Clarity of Research Method Description   
15                    Rationality of Method Selection   
16                           Rigor of Research Design   
17               Inclusion of Latest Research Results   
18            Reflection of Current Research Hotspots   
19                     Fluency of Language Expression   
20    Appropriateness of Professional Terminology Use   
21                          Conciseness of Expression   
22  Practical Application Potential of Research Re...   
23                Feasibility of Proposed Suggestions   
24                             Logic of Argumentation   
25                   Multi-angle Analysis of Problems   
26  Identification and Discussion of Research Limi...   

    ICC (Intraclass Correlation Coefficient) ICC 95% Confidence Interval  \
0                                   0.455385                [0.35, 0.57]   
1                                   0.695380                [0.61, 0.78]   
2                                   0.201635                [0.13, 0.31]   
3                                   0.522019                [0.42, 0.63]   
4                                   0.665929                [0.57, 0.76]   
5                                   0.630499                [0.53, 0.73]   
6                                   0.645254                [0.55, 0.74]   
7                                   0.600289                  [0.5, 0.7]   
8                                   0.468017                [0.37, 0.59]   
9                                   0.553443                [0.45, 0.66]   
10                                  0.224513                [0.15, 0.33]   
11                                  0.583708                [0.48, 0.69]   
12                                  0.394351                 [0.3, 0.51]   
13                                  0.556792                [0.46, 0.67]   
14                                  0.622795                [0.53, 0.72]   
15                                  0.616584                [0.52, 0.72]   
16                                  0.646396                [0.55, 0.74]   
17                                  0.553556                [0.45, 0.66]   
18                                  0.519665                [0.42, 0.63]   
19                                  0.551435                [0.45, 0.66]   
20                                  0.575895                [0.48, 0.68]   
21                                  0.589693                [0.49, 0.69]   
22                                  0.569912                [0.47, 0.68]   
23                                  0.528513                [0.43, 0.64]   
24                                  0.599005                  [0.5, 0.7]   
25                                  0.596197                  [0.5, 0.7]   
26                                  0.541637                [0.44, 0.65]   

    Transitivity Consistency Ratio (%)  
0                            85.034014  
1                            87.878788  
2                            65.517241  
3                            79.393939  
4                            85.987261  
5                            83.636364  
6                            83.636364  
7                            83.636364  
8                            68.181818  
9                            86.060606  
10                           62.500000  
11                           78.181818  
12                           78.787879  
13                           75.625000  
14                           83.030303  
15                           80.000000  
16                           80.000000  
17                           86.060606  
18                           84.276730  
19                           83.636364  
20                           88.484848  
21                           83.636364  
22                           77.500000  
23                           77.500000  
24                           84.848485  
25                           80.606061  
26                           78.807947  

Results have been saved to 'reliability_analysis.csv'
