Author
3       1.159663
2       2.915419
5       6.630419
1       6.759774
0       6.846445
4      16.656489
7      38.897147
8      41.882796
10     52.034510
6      63.856381
9     100.000000
Name: Score, dtype: float64

Results have been saved to 'pagerank_results_balanced.csv'
Combined Results:
                                          Subcategory  \
0                                     Topic Relevance   
1                    Comprehensiveness of Information   
2                             Accuracy of Information   
3                        Innovativeness of Viewpoints   
4       Integration of Interdisciplinary Perspectives   
5                        Clarity of Logical Structure   
6               Reasonableness of Chapter Arrangement   
7              Quality of Introduction and Conclusion   
8              Accuracy and Completeness of Citations   
9              Timeliness and Relevance of References   
10   Avoidance of Plagiarism and Appropriate Citation   
11             Critical Analysis of Existing Research   
12   Proposal of New Research Directions or Questions   
13                Potential Contribution to the Field   
14             Clarity of Research Method Description   
15                    Rationality of Method Selection   
16                           Rigor of Research Design   
17               Inclusion of Latest Research Results   
18            Reflection of Current Research Hotspots   
19                     Fluency of Language Expression   
20    Appropriateness of Professional Terminology Use   
21                          Conciseness of Expression   
22  Practical Application Potential of Research Re...   
23                Feasibility of Proposed Suggestions   
24                             Logic of Argumentation   
25                   Multi-angle Analysis of Problems   
26  Identification and Discussion of Research Limi...   

    ICC (Intraclass Correlation Coefficient) ICC 95% Confidence Interval  \
0                                   0.756351                [0.68, 0.83]   
1                                   0.837614                [0.78, 0.89]   
2                                   0.522349                [0.42, 0.64]   
3                                   0.718137                 [0.63, 0.8]   
4                                   0.823275                [0.75, 0.88]   
5                                   0.773095                 [0.7, 0.84]   
6                                   0.795105                [0.72, 0.86]   
7                                   0.697513                [0.61, 0.78]   
8                                   0.544751                [0.44, 0.66]   
9                                   0.577843                [0.47, 0.69]   
10                                  0.319992                [0.23, 0.44]   
11                                  0.721139                 [0.64, 0.8]   
12                                  0.546691                [0.45, 0.66]   
13                                  0.715729                 [0.63, 0.8]   
14                                  0.742417                [0.66, 0.82]   
15                                  0.731521                [0.65, 0.81]   
16                                  0.736494                [0.65, 0.81]   
17                                  0.600176                [0.49, 0.71]   
18                                  0.763849                [0.68, 0.84]   
19                                  0.683983                [0.59, 0.77]   
20                                  0.645097                [0.55, 0.74]   
21                                  0.588188                [0.49, 0.69]   
22                                  0.696582                [0.61, 0.78]   
23                                  0.262922                [0.18, 0.38]   
24                                  0.734915                [0.65, 0.81]   
25                                  0.789209                [0.72, 0.85]   
26                                  0.619304                [0.52, 0.72]   

    Transitivity Consistency Ratio (%)  
0                            90.303030  
1                            81.818182  
2                            87.272727  
3                            83.636364  
4                            76.969697  
5                            76.363636  
6                            77.575758  
7                            75.757576  
8                            87.272727  
9                            80.000000  
10                           91.515152  
11                           81.212121  
12                           78.181818  
13                           81.212121  
14                           78.181818  
15                           80.606061  
16                           81.212121  
17                           80.000000  
18                           77.575758  
19                           75.757576  
20                           78.181818  
21                           77.575758  
22                           82.424242  
23                           87.878788  
24                           75.757576  
25                           77.575758  
26                           77.575758  

Results have been saved to 'reliability_analysis.csv'
