Author
7      6.065066
1      8.239403
3     12.830413
10    14.996062
6     19.908113
2     25.433860
4     63.273668
8     65.682201
5     68.730142
9     78.810445
0     86.273078
Name: Score, dtype: float64

Results have been saved to 'pagerank_results_balanced.csv'
Combined Results:
                                          Subcategory  \
0                                     Topic Relevance   
1                    Comprehensiveness of Information   
2                             Accuracy of Information   
3                        Innovativeness of Viewpoints   
4       Integration of Interdisciplinary Perspectives   
5                        Clarity of Logical Structure   
6               Reasonableness of Chapter Arrangement   
7              Quality of Introduction and Conclusion   
8              Accuracy and Completeness of Citations   
9              Timeliness and Relevance of References   
10   Avoidance of Plagiarism and Appropriate Citation   
11             Critical Analysis of Existing Research   
12   Proposal of New Research Directions or Questions   
13                Potential Contribution to the Field   
14             Clarity of Research Method Description   
15                    Rationality of Method Selection   
16                           Rigor of Research Design   
17               Inclusion of Latest Research Results   
18            Reflection of Current Research Hotspots   
19                     Fluency of Language Expression   
20    Appropriateness of Professional Terminology Use   
21                          Conciseness of Expression   
22  Practical Application Potential of Research Re...   
23                Feasibility of Proposed Suggestions   
24                             Logic of Argumentation   
25                   Multi-angle Analysis of Problems   
26  Identification and Discussion of Research Limi...   

    ICC (Intraclass Correlation Coefficient) ICC 95% Confidence Interval  \
0                                   0.452052                [0.35, 0.57]   
1                                   0.803991                [0.74, 0.86]   
2                                   0.368511                [0.27, 0.49]   
3                                   0.566599                [0.47, 0.67]   
4                                   0.716022                 [0.63, 0.8]   
5                                   0.649175                [0.56, 0.74]   
6                                   0.646663                [0.55, 0.74]   
7                                   0.489911                [0.39, 0.61]   
8                                   0.448219                [0.35, 0.57]   
9                                   0.576311                [0.48, 0.68]   
10                                  0.121921                [0.06, 0.21]   
11                                  0.468481                [0.37, 0.59]   
12                                  0.599069                  [0.5, 0.7]   
13                                  0.519852                [0.42, 0.63]   
14                                  0.711072                [0.63, 0.79]   
15                                  0.741637                [0.66, 0.82]   
16                                  0.735647                [0.65, 0.81]   
17                                  0.562453                [0.46, 0.67]   
18                                  0.645150                [0.55, 0.74]   
19                                  0.515329                [0.41, 0.63]   
20                                  0.577991                [0.48, 0.68]   
21                                  0.472554                [0.37, 0.59]   
22                                  0.463746                [0.36, 0.58]   
23                                  0.438462                [0.34, 0.56]   
24                                  0.480445                 [0.38, 0.6]   
25                                  0.616362                [0.52, 0.72]   
26                                  0.542868                [0.44, 0.65]   

    Transitivity Consistency Ratio (%)  
0                            95.151515  
1                            83.636364  
2                            88.484848  
3                            93.939394  
4                            84.848485  
5                            80.606061  
6                            80.606061  
7                            81.818182  
8                            86.666667  
9                            86.060606  
10                           93.939394  
11                           92.121212  
12                           87.878788  
13                           91.515152  
14                           88.484848  
15                           87.878788  
16                           87.878788  
17                           86.060606  
18                           87.878788  
19                           81.818182  
20                           86.060606  
21                           81.818182  
22                           92.727273  
23                           92.727273  
24                           86.666667  
25                           87.878788  
26                           87.272727  

Results have been saved to 'reliability_analysis.csv'
Author
10     0.000000
7     22.205485
1     26.901613
3     35.691798
6     47.833928
2     50.878398
4     78.060734
8     79.874037
5     80.713606
9     86.828120
0     90.592880
Name: Score, dtype: float64

Results have been saved to 'pagerank_results_balanced.csv'
Combined Results:
                                          Subcategory  \
0                                     Topic Relevance   
1                    Comprehensiveness of Information   
2                             Accuracy of Information   
3                        Innovativeness of Viewpoints   
4       Integration of Interdisciplinary Perspectives   
5                        Clarity of Logical Structure   
6               Reasonableness of Chapter Arrangement   
7              Quality of Introduction and Conclusion   
8              Accuracy and Completeness of Citations   
9              Timeliness and Relevance of References   
10   Avoidance of Plagiarism and Appropriate Citation   
11             Critical Analysis of Existing Research   
12   Proposal of New Research Directions or Questions   
13                Potential Contribution to the Field   
14             Clarity of Research Method Description   
15                    Rationality of Method Selection   
16                           Rigor of Research Design   
17               Inclusion of Latest Research Results   
18            Reflection of Current Research Hotspots   
19                     Fluency of Language Expression   
20    Appropriateness of Professional Terminology Use   
21                          Conciseness of Expression   
22  Practical Application Potential of Research Re...   
23                Feasibility of Proposed Suggestions   
24                             Logic of Argumentation   
25                   Multi-angle Analysis of Problems   
26  Identification and Discussion of Research Limi...   

    ICC (Intraclass Correlation Coefficient) ICC 95% Confidence Interval  \
0                                   0.448800                [0.35, 0.57]   
1                                   0.826604                [0.77, 0.88]   
2                                   0.386691                [0.29, 0.51]   
3                                   0.686084                 [0.6, 0.77]   
4                                   0.760737                [0.68, 0.83]   
5                                   0.716719                 [0.63, 0.8]   
6                                   0.694818                [0.61, 0.78]   
7                                   0.599618                  [0.5, 0.7]   
8                                   0.622143                [0.53, 0.72]   
9                                   0.614663                [0.52, 0.72]   
10                                  0.331263                [0.24, 0.45]   
11                                  0.606743                [0.51, 0.71]   
12                                  0.690046                 [0.6, 0.78]   
13                                  0.634128                [0.54, 0.73]   
14                                  0.744641                [0.67, 0.82]   
15                                  0.757542                [0.68, 0.83]   
16                                  0.761540                [0.69, 0.83]   
17                                  0.614478                [0.52, 0.72]   
18                                  0.648609                [0.55, 0.74]   
19                                  0.572590                [0.47, 0.68]   
20                                  0.602345                  [0.5, 0.7]   
21                                  0.521468                [0.42, 0.63]   
22                                  0.570626                [0.47, 0.68]   
23                                  0.493254                [0.39, 0.61]   
24                                  0.593074                 [0.49, 0.7]   
25                                  0.662823                [0.57, 0.76]   
26                                  0.575898                [0.48, 0.68]   

    Transitivity Consistency Ratio (%)  
0                            93.939394  
1                            84.848485  
2                            87.878788  
3                            92.121212  
4                            86.060606  
5                            87.878788  
6                            87.272727  
7                            89.090909  
8                            86.666667  
9                            87.272727  
10                           92.121212  
11                           92.121212  
12                           86.060606  
13                           91.515152  
14                           87.272727  
15                           87.272727  
16                           87.272727  
17                           87.272727  
18                           89.090909  
19                           89.696970  
20                           87.272727  
21                           87.878788  
22                           92.727273  
23                           92.727273  
24                           89.696970  
25                           89.090909  
26                           87.878788  

Results have been saved to 'reliability_analysis.csv'
Author
10     0.000000
7     22.205485
1     26.901613
3     35.691798
6     47.833928
2     50.878398
4     78.060734
8     79.874037
5     80.713606
9     86.828120
0     90.592880
Name: Score, dtype: float64

Results have been saved to 'pagerank_results_balanced.csv'
Combined Results:
                                          Subcategory  \
0                                     Topic Relevance   
1                    Comprehensiveness of Information   
2                             Accuracy of Information   
3                        Innovativeness of Viewpoints   
4       Integration of Interdisciplinary Perspectives   
5                        Clarity of Logical Structure   
6               Reasonableness of Chapter Arrangement   
7              Quality of Introduction and Conclusion   
8              Accuracy and Completeness of Citations   
9              Timeliness and Relevance of References   
10   Avoidance of Plagiarism and Appropriate Citation   
11             Critical Analysis of Existing Research   
12   Proposal of New Research Directions or Questions   
13                Potential Contribution to the Field   
14             Clarity of Research Method Description   
15                    Rationality of Method Selection   
16                           Rigor of Research Design   
17               Inclusion of Latest Research Results   
18            Reflection of Current Research Hotspots   
19                     Fluency of Language Expression   
20    Appropriateness of Professional Terminology Use   
21                          Conciseness of Expression   
22  Practical Application Potential of Research Re...   
23                Feasibility of Proposed Suggestions   
24                             Logic of Argumentation   
25                   Multi-angle Analysis of Problems   
26  Identification and Discussion of Research Limi...   

    ICC (Intraclass Correlation Coefficient) ICC 95% Confidence Interval  \
0                                   0.448800                [0.35, 0.57]   
1                                   0.826604                [0.77, 0.88]   
2                                   0.386691                [0.29, 0.51]   
3                                   0.686084                 [0.6, 0.77]   
4                                   0.760737                [0.68, 0.83]   
5                                   0.716719                 [0.63, 0.8]   
6                                   0.694818                [0.61, 0.78]   
7                                   0.599618                  [0.5, 0.7]   
8                                   0.622143                [0.53, 0.72]   
9                                   0.614663                [0.52, 0.72]   
10                                  0.331263                [0.24, 0.45]   
11                                  0.606743                [0.51, 0.71]   
12                                  0.690046                 [0.6, 0.78]   
13                                  0.634128                [0.54, 0.73]   
14                                  0.744641                [0.67, 0.82]   
15                                  0.757542                [0.68, 0.83]   
16                                  0.761540                [0.69, 0.83]   
17                                  0.614478                [0.52, 0.72]   
18                                  0.648609                [0.55, 0.74]   
19                                  0.572590                [0.47, 0.68]   
20                                  0.602345                  [0.5, 0.7]   
21                                  0.521468                [0.42, 0.63]   
22                                  0.570626                [0.47, 0.68]   
23                                  0.493254                [0.39, 0.61]   
24                                  0.593074                 [0.49, 0.7]   
25                                  0.662823                [0.57, 0.76]   
26                                  0.575898                [0.48, 0.68]   

    Transitivity Consistency Ratio (%)  
0                            93.939394  
1                            84.848485  
2                            87.878788  
3                            92.121212  
4                            86.060606  
5                            87.878788  
6                            87.272727  
7                            89.090909  
8                            86.666667  
9                            87.272727  
10                           92.121212  
11                           92.121212  
12                           86.060606  
13                           91.515152  
14                           87.272727  
15                           87.272727  
16                           87.272727  
17                           87.272727  
18                           89.090909  
19                           89.696970  
20                           87.272727  
21                           87.878788  
22                           92.727273  
23                           92.727273  
24                           89.696970  
25                           89.090909  
26                           87.878788  

Results have been saved to 'reliability_analysis.csv'
Author
10     0.000000
7     22.155505
1     25.745031
3     35.637251
6     46.607150
2     49.108035
4     78.919151
5     81.511872
8     81.601192
9     86.991875
0     91.425516
Name: Score, dtype: float64

Results have been saved to 'pagerank_results_balanced.csv'
Combined Results:
                                          Subcategory  \
0                                     Topic Relevance   
1                    Comprehensiveness of Information   
2                             Accuracy of Information   
3                        Innovativeness of Viewpoints   
4       Integration of Interdisciplinary Perspectives   
5                        Clarity of Logical Structure   
6               Reasonableness of Chapter Arrangement   
7              Quality of Introduction and Conclusion   
8              Accuracy and Completeness of Citations   
9              Timeliness and Relevance of References   
10   Avoidance of Plagiarism and Appropriate Citation   
11             Critical Analysis of Existing Research   
12   Proposal of New Research Directions or Questions   
13                Potential Contribution to the Field   
14             Clarity of Research Method Description   
15                    Rationality of Method Selection   
16                           Rigor of Research Design   
17               Inclusion of Latest Research Results   
18            Reflection of Current Research Hotspots   
19                     Fluency of Language Expression   
20    Appropriateness of Professional Terminology Use   
21                          Conciseness of Expression   
22  Practical Application Potential of Research Re...   
23                Feasibility of Proposed Suggestions   
24                             Logic of Argumentation   
25                   Multi-angle Analysis of Problems   
26  Identification and Discussion of Research Limi...   

    ICC (Intraclass Correlation Coefficient) ICC 95% Confidence Interval  \
0                                   0.448800                [0.35, 0.57]   
1                                   0.826604                [0.77, 0.88]   
2                                   0.386691                [0.29, 0.51]   
3                                   0.686084                 [0.6, 0.77]   
4                                   0.760737                [0.68, 0.83]   
5                                   0.716719                 [0.63, 0.8]   
6                                   0.694818                [0.61, 0.78]   
7                                   0.599618                  [0.5, 0.7]   
8                                   0.622143                [0.53, 0.72]   
9                                   0.614663                [0.52, 0.72]   
10                                  0.331263                [0.24, 0.45]   
11                                  0.606743                [0.51, 0.71]   
12                                  0.690046                 [0.6, 0.78]   
13                                  0.634128                [0.54, 0.73]   
14                                  0.744641                [0.67, 0.82]   
15                                  0.757542                [0.68, 0.83]   
16                                  0.761540                [0.69, 0.83]   
17                                  0.614478                [0.52, 0.72]   
18                                  0.648609                [0.55, 0.74]   
19                                  0.572590                [0.47, 0.68]   
20                                  0.602345                  [0.5, 0.7]   
21                                  0.521468                [0.42, 0.63]   
22                                  0.570626                [0.47, 0.68]   
23                                  0.493254                [0.39, 0.61]   
24                                  0.593074                 [0.49, 0.7]   
25                                  0.662823                [0.57, 0.76]   
26                                  0.575898                [0.48, 0.68]   

    Transitivity Consistency Ratio (%)  
0                            16.666667  
1                            84.276730  
2                            31.034483  
3                            91.772152  
4                            86.060606  
5                            86.754967  
6                            87.272727  
7                            89.090909  
8                            42.105263  
9                            87.272727  
10                           27.777778  
11                           91.772152  
12                           86.060606  
13                           91.515152  
14                           87.272727  
15                           87.272727  
16                           87.272727  
17                           87.272727  
18                           89.090909  
19                           89.696970  
20                           87.272727  
21                           87.878788  
22                           92.727273  
23                           92.727273  
24                           88.741722  
25                           89.090909  
26                           87.878788  

Results have been saved to 'reliability_analysis.csv'
Author
10     0.000000
7     22.155505
1     25.745031
3     35.637251
6     46.607150
2     49.108035
4     78.919151
5     81.511872
8     81.601192
9     86.991875
0     91.425516
Name: Score, dtype: float64

Results have been saved to 'pagerank_results_balanced.csv'
Combined Results:
                                          Subcategory  \
0                                     Topic Relevance   
1                    Comprehensiveness of Information   
2                             Accuracy of Information   
3                        Innovativeness of Viewpoints   
4       Integration of Interdisciplinary Perspectives   
5                        Clarity of Logical Structure   
6               Reasonableness of Chapter Arrangement   
7              Quality of Introduction and Conclusion   
8              Accuracy and Completeness of Citations   
9              Timeliness and Relevance of References   
10   Avoidance of Plagiarism and Appropriate Citation   
11             Critical Analysis of Existing Research   
12   Proposal of New Research Directions or Questions   
13                Potential Contribution to the Field   
14             Clarity of Research Method Description   
15                    Rationality of Method Selection   
16                           Rigor of Research Design   
17               Inclusion of Latest Research Results   
18            Reflection of Current Research Hotspots   
19                     Fluency of Language Expression   
20    Appropriateness of Professional Terminology Use   
21                          Conciseness of Expression   
22  Practical Application Potential of Research Re...   
23                Feasibility of Proposed Suggestions   
24                             Logic of Argumentation   
25                   Multi-angle Analysis of Problems   
26  Identification and Discussion of Research Limi...   

    ICC (Intraclass Correlation Coefficient) ICC 95% Confidence Interval  \
0                                   0.448800                [0.35, 0.57]   
1                                   0.826604                [0.77, 0.88]   
2                                   0.386691                [0.29, 0.51]   
3                                   0.686084                 [0.6, 0.77]   
4                                   0.760737                [0.68, 0.83]   
5                                   0.716719                 [0.63, 0.8]   
6                                   0.694818                [0.61, 0.78]   
7                                   0.599618                  [0.5, 0.7]   
8                                   0.622143                [0.53, 0.72]   
9                                   0.614663                [0.52, 0.72]   
10                                  0.331263                [0.24, 0.45]   
11                                  0.606743                [0.51, 0.71]   
12                                  0.690046                 [0.6, 0.78]   
13                                  0.634128                [0.54, 0.73]   
14                                  0.744641                [0.67, 0.82]   
15                                  0.757542                [0.68, 0.83]   
16                                  0.761540                [0.69, 0.83]   
17                                  0.614478                [0.52, 0.72]   
18                                  0.648609                [0.55, 0.74]   
19                                  0.572590                [0.47, 0.68]   
20                                  0.602345                  [0.5, 0.7]   
21                                  0.521468                [0.42, 0.63]   
22                                  0.570626                [0.47, 0.68]   
23                                  0.493254                [0.39, 0.61]   
24                                  0.593074                 [0.49, 0.7]   
25                                  0.662823                [0.57, 0.76]   
26                                  0.575898                [0.48, 0.68]   

    Transitivity Consistency Ratio (%)  
0                            16.666667  
1                            84.276730  
2                            31.034483  
3                            91.772152  
4                            86.060606  
5                            86.754967  
6                            87.272727  
7                            89.090909  
8                            42.105263  
9                            87.272727  
10                           27.777778  
11                           91.772152  
12                           86.060606  
13                           91.515152  
14                           87.272727  
15                           87.272727  
16                           87.272727  
17                           87.272727  
18                           89.090909  
19                           89.696970  
20                           87.272727  
21                           87.878788  
22                           92.727273  
23                           92.727273  
24                           88.741722  
25                           89.090909  
26                           87.878788  

Results have been saved to 'reliability_analysis.csv'
