Author
10      0.022589
5       8.750627
0       9.641988
6      13.930198
1      16.012339
3      18.570349
8      18.814660
4      27.004806
2      38.397445
7      59.028293
9     100.000000
Name: Score, dtype: float64

Results have been saved to 'pagerank_results_balanced.csv'
Combined Results:
                                          Subcategory  \
0                                     Topic Relevance   
1                    Comprehensiveness of Information   
2                             Accuracy of Information   
3                        Innovativeness of Viewpoints   
4       Integration of Interdisciplinary Perspectives   
5                        Clarity of Logical Structure   
6               Reasonableness of Chapter Arrangement   
7              Quality of Introduction and Conclusion   
8              Accuracy and Completeness of Citations   
9              Timeliness and Relevance of References   
10   Avoidance of Plagiarism and Appropriate Citation   
11             Critical Analysis of Existing Research   
12   Proposal of New Research Directions or Questions   
13                Potential Contribution to the Field   
14             Clarity of Research Method Description   
15                    Rationality of Method Selection   
16                           Rigor of Research Design   
17               Inclusion of Latest Research Results   
18            Reflection of Current Research Hotspots   
19                     Fluency of Language Expression   
20    Appropriateness of Professional Terminology Use   
21                          Conciseness of Expression   
22  Practical Application Potential of Research Re...   
23                Feasibility of Proposed Suggestions   
24                             Logic of Argumentation   
25                   Multi-angle Analysis of Problems   
26  Identification and Discussion of Research Limi...   

    ICC (Intraclass Correlation Coefficient) ICC 95% Confidence Interval  \
0                                   0.287820                  [0.2, 0.4]   
1                                   0.741485                [0.66, 0.82]   
2                                   0.355535                [0.26, 0.47]   
3                                   0.643596                [0.55, 0.74]   
4                                   0.685998                [0.59, 0.78]   
5                                   0.590430                 [0.48, 0.7]   
6                                   0.588770                 [0.49, 0.7]   
7                                   0.576606                [0.47, 0.68]   
8                                   0.701689                [0.61, 0.79]   
9                                   0.713311                 [0.63, 0.8]   
10                                  0.180996                [0.11, 0.28]   
11                                  0.658892                [0.56, 0.75]   
12                                  0.620370                [0.52, 0.72]   
13                                  0.658286                [0.56, 0.75]   
14                                  0.601989                 [0.5, 0.71]   
15                                  0.653665                [0.56, 0.75]   
16                                  0.630191                [0.53, 0.73]   
17                                  0.706620                [0.62, 0.79]   
18                                  0.709610                [0.62, 0.79]   
19                                  0.508246                 [0.4, 0.62]   
20                                  0.541251                [0.43, 0.66]   
21                                  0.539270                [0.44, 0.65]   
22                                  0.649490                [0.55, 0.75]   
23                                  0.635340                [0.54, 0.73]   
24                                  0.616906                [0.52, 0.72]   
25                                  0.693458                 [0.6, 0.78]   
26                                  0.686806                 [0.6, 0.78]   

    Transitivity Consistency Ratio (%)  
0                            94.545455  
1                            76.363636  
2                            93.939394  
3                            77.575758  
4                            72.727273  
5                            79.393939  
6                            75.151515  
7                            76.363636  
8                            87.878788  
9                            78.181818  
10                           94.545455  
11                           77.575758  
12                           75.757576  
13                           77.575758  
14                           76.969697  
15                           77.575758  
16                           78.181818  
17                           78.181818  
18                           77.575758  
19                           74.545455  
20                           72.727273  
21                           76.363636  
22                           77.575758  
23                           77.575758  
24                           75.151515  
25                           77.575758  
26                           77.575758  

Results have been saved to 'reliability_analysis.csv'
Author
10      0.022589
5       8.750627
0       9.641988
6      13.930198
1      16.012339
3      18.570349
8      18.814660
4      27.004806
2      38.397445
7      59.028293
9     100.000000
Name: Score, dtype: float64

Results have been saved to 'pagerank_results_balanced.csv'
Combined Results:
                                          Subcategory  \
0                                     Topic Relevance   
1                    Comprehensiveness of Information   
2                             Accuracy of Information   
3                        Innovativeness of Viewpoints   
4       Integration of Interdisciplinary Perspectives   
5                        Clarity of Logical Structure   
6               Reasonableness of Chapter Arrangement   
7              Quality of Introduction and Conclusion   
8              Accuracy and Completeness of Citations   
9              Timeliness and Relevance of References   
10   Avoidance of Plagiarism and Appropriate Citation   
11             Critical Analysis of Existing Research   
12   Proposal of New Research Directions or Questions   
13                Potential Contribution to the Field   
14             Clarity of Research Method Description   
15                    Rationality of Method Selection   
16                           Rigor of Research Design   
17               Inclusion of Latest Research Results   
18            Reflection of Current Research Hotspots   
19                     Fluency of Language Expression   
20    Appropriateness of Professional Terminology Use   
21                          Conciseness of Expression   
22  Practical Application Potential of Research Re...   
23                Feasibility of Proposed Suggestions   
24                             Logic of Argumentation   
25                   Multi-angle Analysis of Problems   
26  Identification and Discussion of Research Limi...   

    ICC (Intraclass Correlation Coefficient) ICC 95% Confidence Interval  \
0                                   0.287820                  [0.2, 0.4]   
1                                   0.741485                [0.66, 0.82]   
2                                   0.355535                [0.26, 0.47]   
3                                   0.643596                [0.55, 0.74]   
4                                   0.685998                [0.59, 0.78]   
5                                   0.590430                 [0.48, 0.7]   
6                                   0.588770                 [0.49, 0.7]   
7                                   0.576606                [0.47, 0.68]   
8                                   0.701689                [0.61, 0.79]   
9                                   0.713311                 [0.63, 0.8]   
10                                  0.180996                [0.11, 0.28]   
11                                  0.658892                [0.56, 0.75]   
12                                  0.620370                [0.52, 0.72]   
13                                  0.658286                [0.56, 0.75]   
14                                  0.601989                 [0.5, 0.71]   
15                                  0.653665                [0.56, 0.75]   
16                                  0.630191                [0.53, 0.73]   
17                                  0.706620                [0.62, 0.79]   
18                                  0.709610                [0.62, 0.79]   
19                                  0.508246                 [0.4, 0.62]   
20                                  0.541251                [0.43, 0.66]   
21                                  0.539270                [0.44, 0.65]   
22                                  0.649490                [0.55, 0.75]   
23                                  0.635340                [0.54, 0.73]   
24                                  0.616906                [0.52, 0.72]   
25                                  0.693458                 [0.6, 0.78]   
26                                  0.686806                 [0.6, 0.78]   

    Transitivity Consistency Ratio (%)  
0                            94.545455  
1                            76.363636  
2                            93.939394  
3                            77.575758  
4                            72.727273  
5                            79.393939  
6                            75.151515  
7                            76.363636  
8                            87.878788  
9                            78.181818  
10                           94.545455  
11                           77.575758  
12                           75.757576  
13                           77.575758  
14                           76.969697  
15                           77.575758  
16                           78.181818  
17                           78.181818  
18                           77.575758  
19                           74.545455  
20                           72.727273  
21                           76.363636  
22                           77.575758  
23                           77.575758  
24                           75.151515  
25                           77.575758  
26                           77.575758  

Results have been saved to 'reliability_analysis.csv'
Author
10      0.000000
0      12.115748
5      12.310272
6      18.200014
1      21.065267
8      22.248262
3      24.287597
4      31.494271
2      49.015940
7      65.118120
9     100.000000
Name: Score, dtype: float64

Results have been saved to 'pagerank_results_balanced.csv'
Combined Results:
                                          Subcategory  \
0                                     Topic Relevance   
1                    Comprehensiveness of Information   
2                             Accuracy of Information   
3                        Innovativeness of Viewpoints   
4       Integration of Interdisciplinary Perspectives   
5                        Clarity of Logical Structure   
6               Reasonableness of Chapter Arrangement   
7              Quality of Introduction and Conclusion   
8              Accuracy and Completeness of Citations   
9              Timeliness and Relevance of References   
10   Avoidance of Plagiarism and Appropriate Citation   
11             Critical Analysis of Existing Research   
12   Proposal of New Research Directions or Questions   
13                Potential Contribution to the Field   
14             Clarity of Research Method Description   
15                    Rationality of Method Selection   
16                           Rigor of Research Design   
17               Inclusion of Latest Research Results   
18            Reflection of Current Research Hotspots   
19                     Fluency of Language Expression   
20    Appropriateness of Professional Terminology Use   
21                          Conciseness of Expression   
22  Practical Application Potential of Research Re...   
23                Feasibility of Proposed Suggestions   
24                             Logic of Argumentation   
25                   Multi-angle Analysis of Problems   
26  Identification and Discussion of Research Limi...   

    ICC (Intraclass Correlation Coefficient) ICC 95% Confidence Interval  \
0                                   0.287820                  [0.2, 0.4]   
1                                   0.741485                [0.66, 0.82]   
2                                   0.355535                [0.26, 0.47]   
3                                   0.643596                [0.55, 0.74]   
4                                   0.685998                [0.59, 0.78]   
5                                   0.590430                 [0.48, 0.7]   
6                                   0.588770                 [0.49, 0.7]   
7                                   0.576606                [0.47, 0.68]   
8                                   0.701689                [0.61, 0.79]   
9                                   0.713311                 [0.63, 0.8]   
10                                  0.180996                [0.11, 0.28]   
11                                  0.658892                [0.56, 0.75]   
12                                  0.620370                [0.52, 0.72]   
13                                  0.658286                [0.56, 0.75]   
14                                  0.601989                 [0.5, 0.71]   
15                                  0.653665                [0.56, 0.75]   
16                                  0.630191                [0.53, 0.73]   
17                                  0.706620                [0.62, 0.79]   
18                                  0.709610                [0.62, 0.79]   
19                                  0.508246                 [0.4, 0.62]   
20                                  0.541251                [0.43, 0.66]   
21                                  0.539270                [0.44, 0.65]   
22                                  0.649490                [0.55, 0.75]   
23                                  0.635340                [0.54, 0.73]   
24                                  0.616906                [0.52, 0.72]   
25                                  0.693458                 [0.6, 0.78]   
26                                  0.686806                 [0.6, 0.78]   

    Transitivity Consistency Ratio (%)  
0                            18.181818  
1                            76.363636  
2                            23.076923  
3                            77.575758  
4                            65.384615  
5                            72.357724  
6                            73.717949  
7                            75.000000  
8                            23.076923  
9                            77.070064  
10                           25.000000  
11                           77.575758  
12                           75.757576  
13                           77.575758  
14                           67.521368  
15                           77.575758  
16                           75.838926  
17                           77.070064  
18                           77.575758  
19                           69.565217  
20                           65.384615  
21                           75.000000  
22                           77.575758  
23                           77.575758  
24                           73.548387  
25                           77.575758  
26                           77.575758  

Results have been saved to 'reliability_analysis.csv'
Author
10      0.000000
0      12.115748
5      12.310272
6      18.200014
1      21.065267
8      22.248262
3      24.287597
4      31.494271
2      49.015940
7      65.118120
9     100.000000
Name: Score, dtype: float64

Results have been saved to 'pagerank_results_balanced.csv'
Combined Results:
                                          Subcategory  \
0                                     Topic Relevance   
1                    Comprehensiveness of Information   
2                             Accuracy of Information   
3                        Innovativeness of Viewpoints   
4       Integration of Interdisciplinary Perspectives   
5                        Clarity of Logical Structure   
6               Reasonableness of Chapter Arrangement   
7              Quality of Introduction and Conclusion   
8              Accuracy and Completeness of Citations   
9              Timeliness and Relevance of References   
10   Avoidance of Plagiarism and Appropriate Citation   
11             Critical Analysis of Existing Research   
12   Proposal of New Research Directions or Questions   
13                Potential Contribution to the Field   
14             Clarity of Research Method Description   
15                    Rationality of Method Selection   
16                           Rigor of Research Design   
17               Inclusion of Latest Research Results   
18            Reflection of Current Research Hotspots   
19                     Fluency of Language Expression   
20    Appropriateness of Professional Terminology Use   
21                          Conciseness of Expression   
22  Practical Application Potential of Research Re...   
23                Feasibility of Proposed Suggestions   
24                             Logic of Argumentation   
25                   Multi-angle Analysis of Problems   
26  Identification and Discussion of Research Limi...   

    ICC (Intraclass Correlation Coefficient) ICC 95% Confidence Interval  \
0                                   0.287820                  [0.2, 0.4]   
1                                   0.741485                [0.66, 0.82]   
2                                   0.355535                [0.26, 0.47]   
3                                   0.643596                [0.55, 0.74]   
4                                   0.685998                [0.59, 0.78]   
5                                   0.590430                 [0.48, 0.7]   
6                                   0.588770                 [0.49, 0.7]   
7                                   0.576606                [0.47, 0.68]   
8                                   0.701689                [0.61, 0.79]   
9                                   0.713311                 [0.63, 0.8]   
10                                  0.180996                [0.11, 0.28]   
11                                  0.658892                [0.56, 0.75]   
12                                  0.620370                [0.52, 0.72]   
13                                  0.658286                [0.56, 0.75]   
14                                  0.601989                 [0.5, 0.71]   
15                                  0.653665                [0.56, 0.75]   
16                                  0.630191                [0.53, 0.73]   
17                                  0.706620                [0.62, 0.79]   
18                                  0.709610                [0.62, 0.79]   
19                                  0.508246                 [0.4, 0.62]   
20                                  0.541251                [0.43, 0.66]   
21                                  0.539270                [0.44, 0.65]   
22                                  0.649490                [0.55, 0.75]   
23                                  0.635340                [0.54, 0.73]   
24                                  0.616906                [0.52, 0.72]   
25                                  0.693458                 [0.6, 0.78]   
26                                  0.686806                 [0.6, 0.78]   

    Transitivity Consistency Ratio (%)  
0                            18.181818  
1                            76.363636  
2                            23.076923  
3                            77.575758  
4                            65.384615  
5                            72.357724  
6                            73.717949  
7                            75.000000  
8                            23.076923  
9                            77.070064  
10                           25.000000  
11                           77.575758  
12                           75.757576  
13                           77.575758  
14                           67.521368  
15                           77.575758  
16                           75.838926  
17                           77.070064  
18                           77.575758  
19                           69.565217  
20                           65.384615  
21                           75.000000  
22                           77.575758  
23                           77.575758  
24                           73.548387  
25                           77.575758  
26                           77.575758  

Results have been saved to 'reliability_analysis.csv'
