Author
5       0.238342
0       0.373492
6       1.502475
8       1.614943
3       2.425011
1       2.621891
4       5.972210
7      13.157031
2      13.996619
10     66.581312
9     100.000000
Name: Score, dtype: float64

Results have been saved to 'pagerank_results_balanced.csv'
Combined Results:
                                          Subcategory  \
0                                     Topic Relevance   
1                    Comprehensiveness of Information   
2                             Accuracy of Information   
3                        Innovativeness of Viewpoints   
4       Integration of Interdisciplinary Perspectives   
5                        Clarity of Logical Structure   
6               Reasonableness of Chapter Arrangement   
7              Quality of Introduction and Conclusion   
8              Accuracy and Completeness of Citations   
9              Timeliness and Relevance of References   
10   Avoidance of Plagiarism and Appropriate Citation   
11             Critical Analysis of Existing Research   
12   Proposal of New Research Directions or Questions   
13                Potential Contribution to the Field   
14             Clarity of Research Method Description   
15                    Rationality of Method Selection   
16                           Rigor of Research Design   
17               Inclusion of Latest Research Results   
18            Reflection of Current Research Hotspots   
19                     Fluency of Language Expression   
20    Appropriateness of Professional Terminology Use   
21                          Conciseness of Expression   
22  Practical Application Potential of Research Re...   
23                Feasibility of Proposed Suggestions   
24                             Logic of Argumentation   
25                   Multi-angle Analysis of Problems   
26  Identification and Discussion of Research Limi...   

    ICC (Intraclass Correlation Coefficient) ICC 95% Confidence Interval  \
0                                   0.345519                [0.25, 0.46]   
1                                   0.773066                 [0.7, 0.84]   
2                                   0.369832                [0.27, 0.49]   
3                                   0.596644                  [0.5, 0.7]   
4                                   0.705780                [0.62, 0.79]   
5                                   0.704331                [0.61, 0.79]   
6                                   0.686635                [0.59, 0.78]   
7                                   0.649856                [0.55, 0.75]   
8                                   0.472198                [0.37, 0.59]   
9                                   0.565311                [0.46, 0.67]   
10                                  0.119880                [0.06, 0.21]   
11                                  0.695382                [0.61, 0.78]   
12                                  0.635144                [0.54, 0.73]   
13                                  0.689166                 [0.6, 0.78]   
14                                  0.715274                 [0.63, 0.8]   
15                                  0.749252                [0.67, 0.82]   
16                                  0.722121                 [0.64, 0.8]   
17                                  0.573330                [0.47, 0.68]   
18                                  0.634687                [0.54, 0.73]   
19                                  0.611218                [0.51, 0.71]   
20                                  0.629012                [0.53, 0.73]   
21                                  0.611330                [0.51, 0.71]   
22                                  0.702370                [0.62, 0.79]   
23                                  0.684404                [0.59, 0.77]   
24                                  0.675937                [0.58, 0.77]   
25                                  0.730731                [0.65, 0.81]   
26                                  0.724210                 [0.64, 0.8]   

    Transitivity Consistency Ratio (%)  
0                            94.545455  
1                            73.333333  
2                            89.696970  
3                            75.151515  
4                            72.121212  
5                            78.181818  
6                            75.151515  
7                            75.151515  
8                            89.090909  
9                            76.969697  
10                           90.909091  
11                           75.757576  
12                           75.757576  
13                           75.757576  
14                           75.151515  
15                           73.333333  
16                           70.909091  
17                           76.969697  
18                           76.969697  
19                           72.727273  
20                           72.121212  
21                           75.151515  
22                           75.757576  
23                           75.757576  
24                           70.303030  
25                           75.757576  
26                           75.757576  

Results have been saved to 'reliability_analysis.csv'
