Author
5      6.287060
0      7.632824
1      7.640665
10    12.333259
7     19.303760
8     30.396502
6     45.530784
2     58.852344
4     93.946738
3     94.040558
9     99.133516
Name: Score, dtype: float64

Results have been saved to 'pagerank_results_balanced.csv'
Combined Results:
                                          Subcategory  \
0                                     Topic Relevance   
1                    Comprehensiveness of Information   
2                             Accuracy of Information   
3                        Innovativeness of Viewpoints   
4       Integration of Interdisciplinary Perspectives   
5                        Clarity of Logical Structure   
6               Reasonableness of Chapter Arrangement   
7              Quality of Introduction and Conclusion   
8              Accuracy and Completeness of Citations   
9              Timeliness and Relevance of References   
10   Avoidance of Plagiarism and Appropriate Citation   
11             Critical Analysis of Existing Research   
12   Proposal of New Research Directions or Questions   
13                Potential Contribution to the Field   
14             Clarity of Research Method Description   
15                    Rationality of Method Selection   
16                           Rigor of Research Design   
17               Inclusion of Latest Research Results   
18            Reflection of Current Research Hotspots   
19                     Fluency of Language Expression   
20    Appropriateness of Professional Terminology Use   
21                          Conciseness of Expression   
22  Practical Application Potential of Research Re...   
23                Feasibility of Proposed Suggestions   
24                             Logic of Argumentation   
25                   Multi-angle Analysis of Problems   
26  Identification and Discussion of Research Limi...   

    ICC (Intraclass Correlation Coefficient) ICC 95% Confidence Interval  \
0                                   0.514047                [0.41, 0.63]   
1                                   0.848620                 [0.79, 0.9]   
2                                   0.514796                [0.41, 0.63]   
3                                   0.703504                [0.62, 0.79]   
4                                   0.772351                 [0.7, 0.84]   
5                                   0.720635                 [0.64, 0.8]   
6                                   0.723209                 [0.64, 0.8]   
7                                   0.640605                [0.55, 0.74]   
8                                   0.594327                  [0.5, 0.7]   
9                                   0.745953                [0.67, 0.82]   
10                                  0.304550                [0.21, 0.42]   
11                                  0.706808                [0.62, 0.79]   
12                                  0.600270                  [0.5, 0.7]   
13                                  0.696881                [0.61, 0.78]   
14                                  0.743228                [0.66, 0.82]   
15                                  0.727266                [0.64, 0.81]   
16                                  0.718826                 [0.63, 0.8]   
17                                  0.750532                [0.67, 0.82]   
18                                  0.711805                [0.63, 0.79]   
19                                  0.616206                [0.52, 0.72]   
20                                  0.632230                [0.54, 0.73]   
21                                  0.571434                [0.47, 0.68]   
22                                  0.683560                [0.59, 0.77]   
23                                  0.520059                [0.42, 0.63]   
24                                  0.654651                [0.56, 0.75]   
25                                  0.713173                 [0.63, 0.8]   
26                                  0.623765                [0.53, 0.72]   

    Transitivity Consistency Ratio (%)  
0                            81.818182  
1                            72.727273  
2                            83.636364  
3                            72.727273  
4                            75.757576  
5                            72.121212  
6                            72.121212  
7                            73.939394  
8                            80.000000  
9                            73.939394  
10                           85.454545  
11                           77.575758  
12                           72.727273  
13                           77.575758  
14                           74.545455  
15                           78.787879  
16                           74.545455  
17                           73.939394  
18                           77.575758  
19                           73.939394  
20                           72.727273  
21                           73.939394  
22                           75.757576  
23                           77.575758  
24                           75.757576  
25                           75.151515  
26                           74.545455  

Results have been saved to 'reliability_analysis.csv'
Author
10     0.010834
5     13.805544
0     19.149339
1     20.104692
7     41.334180
8     49.131501
6     63.000353
2     76.133110
4     96.730004
3     96.863207
9     99.530932
Name: Score, dtype: float64

Results have been saved to 'pagerank_results_balanced.csv'
Combined Results:
                                          Subcategory  \
0                                     Topic Relevance   
1                    Comprehensiveness of Information   
2                             Accuracy of Information   
3                        Innovativeness of Viewpoints   
4       Integration of Interdisciplinary Perspectives   
5                        Clarity of Logical Structure   
6               Reasonableness of Chapter Arrangement   
7              Quality of Introduction and Conclusion   
8              Accuracy and Completeness of Citations   
9              Timeliness and Relevance of References   
10   Avoidance of Plagiarism and Appropriate Citation   
11             Critical Analysis of Existing Research   
12   Proposal of New Research Directions or Questions   
13                Potential Contribution to the Field   
14             Clarity of Research Method Description   
15                    Rationality of Method Selection   
16                           Rigor of Research Design   
17               Inclusion of Latest Research Results   
18            Reflection of Current Research Hotspots   
19                     Fluency of Language Expression   
20    Appropriateness of Professional Terminology Use   
21                          Conciseness of Expression   
22  Practical Application Potential of Research Re...   
23                Feasibility of Proposed Suggestions   
24                             Logic of Argumentation   
25                   Multi-angle Analysis of Problems   
26  Identification and Discussion of Research Limi...   

    ICC (Intraclass Correlation Coefficient) ICC 95% Confidence Interval  \
0                                   0.572665                [0.47, 0.68]   
1                                   0.875916                [0.83, 0.92]   
2                                   0.516057                [0.41, 0.63]   
3                                   0.768291                [0.69, 0.84]   
4                                   0.840485                [0.78, 0.89]   
5                                   0.765727                [0.69, 0.84]   
6                                   0.761841                [0.69, 0.83]   
7                                   0.699773                [0.61, 0.78]   
8                                   0.641207                [0.55, 0.74]   
9                                   0.788393                [0.72, 0.85]   
10                                  0.499537                 [0.4, 0.61]   
11                                  0.756730                [0.68, 0.83]   
12                                  0.710188                [0.62, 0.79]   
13                                  0.760440                [0.68, 0.83]   
14                                  0.764128                [0.69, 0.83]   
15                                  0.765646                [0.69, 0.84]   
16                                  0.744316                [0.66, 0.82]   
17                                  0.795434                [0.73, 0.86]   
18                                  0.777442                 [0.7, 0.84]   
19                                  0.656900                [0.56, 0.75]   
20                                  0.691105                 [0.6, 0.78]   
21                                  0.609419                [0.51, 0.71]   
22                                  0.743717                [0.66, 0.82]   
23                                  0.562392                [0.46, 0.67]   
24                                  0.731661                [0.65, 0.81]   
25                                  0.758662                [0.68, 0.83]   
26                                  0.637436                [0.54, 0.73]   

    Transitivity Consistency Ratio (%)  
0                            79.393939  
1                            72.121212  
2                            83.636364  
3                            72.727273  
4                            72.121212  
5                            72.121212  
6                            72.121212  
7                            73.939394  
8                            80.000000  
9                            73.939394  
10                           85.454545  
11                           73.939394  
12                           71.515152  
13                           73.939394  
14                           72.121212  
15                           73.939394  
16                           72.121212  
17                           73.939394  
18                           73.939394  
19                           73.939394  
20                           72.727273  
21                           73.939394  
22                           72.121212  
23                           74.545455  
24                           72.727273  
25                           71.515152  
26                           71.515152  

Results have been saved to 'reliability_analysis.csv'
Author
10     0.010834
5     13.805544
0     19.149339
1     20.104692
7     41.334180
8     49.131501
6     63.000353
2     76.133110
4     96.730004
3     96.863207
9     99.530932
Name: Score, dtype: float64

Results have been saved to 'pagerank_results_balanced.csv'
Combined Results:
                                          Subcategory  \
0                                     Topic Relevance   
1                    Comprehensiveness of Information   
2                             Accuracy of Information   
3                        Innovativeness of Viewpoints   
4       Integration of Interdisciplinary Perspectives   
5                        Clarity of Logical Structure   
6               Reasonableness of Chapter Arrangement   
7              Quality of Introduction and Conclusion   
8              Accuracy and Completeness of Citations   
9              Timeliness and Relevance of References   
10   Avoidance of Plagiarism and Appropriate Citation   
11             Critical Analysis of Existing Research   
12   Proposal of New Research Directions or Questions   
13                Potential Contribution to the Field   
14             Clarity of Research Method Description   
15                    Rationality of Method Selection   
16                           Rigor of Research Design   
17               Inclusion of Latest Research Results   
18            Reflection of Current Research Hotspots   
19                     Fluency of Language Expression   
20    Appropriateness of Professional Terminology Use   
21                          Conciseness of Expression   
22  Practical Application Potential of Research Re...   
23                Feasibility of Proposed Suggestions   
24                             Logic of Argumentation   
25                   Multi-angle Analysis of Problems   
26  Identification and Discussion of Research Limi...   

    ICC (Intraclass Correlation Coefficient) ICC 95% Confidence Interval  \
0                                   0.572665                [0.47, 0.68]   
1                                   0.875916                [0.83, 0.92]   
2                                   0.516057                [0.41, 0.63]   
3                                   0.768291                [0.69, 0.84]   
4                                   0.840485                [0.78, 0.89]   
5                                   0.765727                [0.69, 0.84]   
6                                   0.761841                [0.69, 0.83]   
7                                   0.699773                [0.61, 0.78]   
8                                   0.641207                [0.55, 0.74]   
9                                   0.788393                [0.72, 0.85]   
10                                  0.499537                 [0.4, 0.61]   
11                                  0.756730                [0.68, 0.83]   
12                                  0.710188                [0.62, 0.79]   
13                                  0.760440                [0.68, 0.83]   
14                                  0.764128                [0.69, 0.83]   
15                                  0.765646                [0.69, 0.84]   
16                                  0.744316                [0.66, 0.82]   
17                                  0.795434                [0.73, 0.86]   
18                                  0.777442                 [0.7, 0.84]   
19                                  0.656900                [0.56, 0.75]   
20                                  0.691105                 [0.6, 0.78]   
21                                  0.609419                [0.51, 0.71]   
22                                  0.743717                [0.66, 0.82]   
23                                  0.562392                [0.46, 0.67]   
24                                  0.731661                [0.65, 0.81]   
25                                  0.758662                [0.68, 0.83]   
26                                  0.637436                [0.54, 0.73]   

    Transitivity Consistency Ratio (%)  
0                            79.393939  
1                            72.121212  
2                            83.636364  
3                            72.727273  
4                            72.121212  
5                            72.121212  
6                            72.121212  
7                            73.939394  
8                            80.000000  
9                            73.939394  
10                           85.454545  
11                           73.939394  
12                           71.515152  
13                           73.939394  
14                           72.121212  
15                           73.939394  
16                           72.121212  
17                           73.939394  
18                           73.939394  
19                           73.939394  
20                           72.727273  
21                           73.939394  
22                           72.121212  
23                           74.545455  
24                           72.727273  
25                           71.515152  
26                           71.515152  

Results have been saved to 'reliability_analysis.csv'
Author
10     0.009347
5     15.695773
0     20.426028
1     22.021778
7     43.591524
8     51.184040
6     64.456643
2     79.196972
4     97.224183
3     97.565451
9     99.555314
Name: Score, dtype: float64

Results have been saved to 'pagerank_results_balanced.csv'
Combined Results:
                                          Subcategory  \
0                                     Topic Relevance   
1                    Comprehensiveness of Information   
2                             Accuracy of Information   
3                        Innovativeness of Viewpoints   
4       Integration of Interdisciplinary Perspectives   
5                        Clarity of Logical Structure   
6               Reasonableness of Chapter Arrangement   
7              Quality of Introduction and Conclusion   
8              Accuracy and Completeness of Citations   
9              Timeliness and Relevance of References   
10   Avoidance of Plagiarism and Appropriate Citation   
11             Critical Analysis of Existing Research   
12   Proposal of New Research Directions or Questions   
13                Potential Contribution to the Field   
14             Clarity of Research Method Description   
15                    Rationality of Method Selection   
16                           Rigor of Research Design   
17               Inclusion of Latest Research Results   
18            Reflection of Current Research Hotspots   
19                     Fluency of Language Expression   
20    Appropriateness of Professional Terminology Use   
21                          Conciseness of Expression   
22  Practical Application Potential of Research Re...   
23                Feasibility of Proposed Suggestions   
24                             Logic of Argumentation   
25                   Multi-angle Analysis of Problems   
26  Identification and Discussion of Research Limi...   

    ICC (Intraclass Correlation Coefficient) ICC 95% Confidence Interval  \
0                                   0.572665                [0.47, 0.68]   
1                                   0.875916                [0.83, 0.92]   
2                                   0.516057                [0.41, 0.63]   
3                                   0.768291                [0.69, 0.84]   
4                                   0.840485                [0.78, 0.89]   
5                                   0.765727                [0.69, 0.84]   
6                                   0.761841                [0.69, 0.83]   
7                                   0.699773                [0.61, 0.78]   
8                                   0.641207                [0.55, 0.74]   
9                                   0.788393                [0.72, 0.85]   
10                                  0.499537                 [0.4, 0.61]   
11                                  0.756730                [0.68, 0.83]   
12                                  0.710188                [0.62, 0.79]   
13                                  0.760440                [0.68, 0.83]   
14                                  0.764128                [0.69, 0.83]   
15                                  0.765646                [0.69, 0.84]   
16                                  0.744316                [0.66, 0.82]   
17                                  0.795434                [0.73, 0.86]   
18                                  0.777442                 [0.7, 0.84]   
19                                  0.656900                [0.56, 0.75]   
20                                  0.691105                 [0.6, 0.78]   
21                                  0.609419                [0.51, 0.71]   
22                                  0.743717                [0.66, 0.82]   
23                                  0.562392                [0.46, 0.67]   
24                                  0.731661                [0.65, 0.81]   
25                                  0.758662                [0.68, 0.83]   
26                                  0.637436                [0.54, 0.73]   

    Transitivity Consistency Ratio (%)  
0                            60.919540  
1                            72.121212  
2                            54.237288  
3                            71.698113  
4                            72.121212  
5                            72.121212  
6                            72.121212  
7                            73.939394  
8                            60.714286  
9                            73.939394  
10                           48.936170  
11                           73.939394  
12                           70.063694  
13                           73.939394  
14                           72.121212  
15                           73.939394  
16                           72.121212  
17                           73.939394  
18                           73.939394  
19                           73.939394  
20                           72.727273  
21                           73.939394  
22                           72.121212  
23                           74.545455  
24                           72.727273  
25                           70.440252  
26                           71.515152  

Results have been saved to 'reliability_analysis.csv'
Author
10     0.009347
5     15.695773
0     20.426028
1     22.021778
7     43.591524
8     51.184040
6     64.456643
2     79.196972
4     97.224183
3     97.565451
9     99.555314
Name: Score, dtype: float64

Results have been saved to 'pagerank_results_balanced.csv'
Combined Results:
                                          Subcategory  \
0                                     Topic Relevance   
1                    Comprehensiveness of Information   
2                             Accuracy of Information   
3                        Innovativeness of Viewpoints   
4       Integration of Interdisciplinary Perspectives   
5                        Clarity of Logical Structure   
6               Reasonableness of Chapter Arrangement   
7              Quality of Introduction and Conclusion   
8              Accuracy and Completeness of Citations   
9              Timeliness and Relevance of References   
10   Avoidance of Plagiarism and Appropriate Citation   
11             Critical Analysis of Existing Research   
12   Proposal of New Research Directions or Questions   
13                Potential Contribution to the Field   
14             Clarity of Research Method Description   
15                    Rationality of Method Selection   
16                           Rigor of Research Design   
17               Inclusion of Latest Research Results   
18            Reflection of Current Research Hotspots   
19                     Fluency of Language Expression   
20    Appropriateness of Professional Terminology Use   
21                          Conciseness of Expression   
22  Practical Application Potential of Research Re...   
23                Feasibility of Proposed Suggestions   
24                             Logic of Argumentation   
25                   Multi-angle Analysis of Problems   
26  Identification and Discussion of Research Limi...   

    ICC (Intraclass Correlation Coefficient) ICC 95% Confidence Interval  \
0                                   0.572665                [0.47, 0.68]   
1                                   0.875916                [0.83, 0.92]   
2                                   0.516057                [0.41, 0.63]   
3                                   0.768291                [0.69, 0.84]   
4                                   0.840485                [0.78, 0.89]   
5                                   0.765727                [0.69, 0.84]   
6                                   0.761841                [0.69, 0.83]   
7                                   0.699773                [0.61, 0.78]   
8                                   0.641207                [0.55, 0.74]   
9                                   0.788393                [0.72, 0.85]   
10                                  0.499537                 [0.4, 0.61]   
11                                  0.756730                [0.68, 0.83]   
12                                  0.710188                [0.62, 0.79]   
13                                  0.760440                [0.68, 0.83]   
14                                  0.764128                [0.69, 0.83]   
15                                  0.765646                [0.69, 0.84]   
16                                  0.744316                [0.66, 0.82]   
17                                  0.795434                [0.73, 0.86]   
18                                  0.777442                 [0.7, 0.84]   
19                                  0.656900                [0.56, 0.75]   
20                                  0.691105                 [0.6, 0.78]   
21                                  0.609419                [0.51, 0.71]   
22                                  0.743717                [0.66, 0.82]   
23                                  0.562392                [0.46, 0.67]   
24                                  0.731661                [0.65, 0.81]   
25                                  0.758662                [0.68, 0.83]   
26                                  0.637436                [0.54, 0.73]   

    Transitivity Consistency Ratio (%)  
0                            60.919540  
1                            72.121212  
2                            54.237288  
3                            71.698113  
4                            72.121212  
5                            72.121212  
6                            72.121212  
7                            73.939394  
8                            60.714286  
9                            73.939394  
10                           48.936170  
11                           73.939394  
12                           70.063694  
13                           73.939394  
14                           72.121212  
15                           73.939394  
16                           72.121212  
17                           73.939394  
18                           73.939394  
19                           73.939394  
20                           72.727273  
21                           73.939394  
22                           72.121212  
23                           74.545455  
24                           72.727273  
25                           70.440252  
26                           71.515152  

Results have been saved to 'reliability_analysis.csv'
