Author
10      0.835821
2       7.775959
4      15.344558
5      15.349506
0      31.310898
3      50.288253
1      52.193642
6      55.284535
7      56.383166
8      58.433055
9     100.000000
Name: Score, dtype: float64

Results have been saved to 'pagerank_results_balanced.csv'
Combined Results:
                                          Subcategory  \
0                                     Topic Relevance   
1                    Comprehensiveness of Information   
2                             Accuracy of Information   
3                        Innovativeness of Viewpoints   
4       Integration of Interdisciplinary Perspectives   
5                        Clarity of Logical Structure   
6               Reasonableness of Chapter Arrangement   
7              Quality of Introduction and Conclusion   
8              Accuracy and Completeness of Citations   
9              Timeliness and Relevance of References   
10   Avoidance of Plagiarism and Appropriate Citation   
11             Critical Analysis of Existing Research   
12   Proposal of New Research Directions or Questions   
13                Potential Contribution to the Field   
14             Clarity of Research Method Description   
15                    Rationality of Method Selection   
16                           Rigor of Research Design   
17               Inclusion of Latest Research Results   
18            Reflection of Current Research Hotspots   
19                     Fluency of Language Expression   
20    Appropriateness of Professional Terminology Use   
21                          Conciseness of Expression   
22  Practical Application Potential of Research Re...   
23                Feasibility of Proposed Suggestions   
24                             Logic of Argumentation   
25                   Multi-angle Analysis of Problems   
26  Identification and Discussion of Research Limi...   

    ICC (Intraclass Correlation Coefficient) ICC 95% Confidence Interval  \
0                                   0.651510                [0.56, 0.75]   
1                                   0.816512                [0.75, 0.87]   
2                                   0.547862                [0.45, 0.66]   
3                                   0.767176                [0.69, 0.84]   
4                                   0.808013                [0.74, 0.87]   
5                                   0.729083                [0.64, 0.81]   
6                                   0.720585                 [0.63, 0.8]   
7                                   0.688432                 [0.6, 0.78]   
8                                   0.570031                [0.47, 0.68]   
9                                   0.604411                [0.51, 0.71]   
10                                  0.386164                [0.29, 0.51]   
11                                  0.722359                [0.63, 0.81]   
12                                  0.688517                 [0.6, 0.78]   
13                                  0.723909                [0.64, 0.81]   
14                                  0.649349                [0.56, 0.74]   
15                                  0.656457                [0.56, 0.75]   
16                                  0.656771                [0.56, 0.75]   
17                                  0.622872                [0.53, 0.72]   
18                                  0.689094                 [0.6, 0.78]   
19                                  0.591458                 [0.49, 0.7]   
20                                  0.591246                 [0.49, 0.7]   
21                                  0.544803                [0.44, 0.66]   
22                                  0.702790                [0.61, 0.79]   
23                                  0.602782                 [0.5, 0.71]   
24                                  0.672760                [0.58, 0.77]   
25                                  0.702130                [0.61, 0.79]   
26                                  0.606459                [0.51, 0.71]   

    Transitivity Consistency Ratio (%)  
0                            87.272727  
1                            84.848485  
2                            87.272727  
3                            89.090909  
4                            84.848485  
5                            81.818182  
6                            83.030303  
7                            81.818182  
8                            86.666667  
9                            84.242424  
10                           89.090909  
11                           89.090909  
12                           87.878788  
13                           87.878788  
14                           82.424242  
15                           82.424242  
16                           82.424242  
17                           84.242424  
18                           85.454545  
19                           81.818182  
20                           83.030303  
21                           83.636364  
22                           87.878788  
23                           87.878788  
24                           84.848485  
25                           86.060606  
26                           87.272727  

Results have been saved to 'reliability_analysis.csv'
Author
10     3.714124
2     14.791319
4     24.431803
5     26.688828
0     48.194837
3     62.806203
1     64.218268
7     67.278486
6     67.393668
8     68.072256
9     96.296296
Name: Score, dtype: float64

Results have been saved to 'pagerank_results_balanced.csv'
Combined Results:
                                          Subcategory  \
0                                     Topic Relevance   
1                    Comprehensiveness of Information   
2                             Accuracy of Information   
3                        Innovativeness of Viewpoints   
4       Integration of Interdisciplinary Perspectives   
5                        Clarity of Logical Structure   
6               Reasonableness of Chapter Arrangement   
7              Quality of Introduction and Conclusion   
8              Accuracy and Completeness of Citations   
9              Timeliness and Relevance of References   
10   Avoidance of Plagiarism and Appropriate Citation   
11             Critical Analysis of Existing Research   
12   Proposal of New Research Directions or Questions   
13                Potential Contribution to the Field   
14             Clarity of Research Method Description   
15                    Rationality of Method Selection   
16                           Rigor of Research Design   
17               Inclusion of Latest Research Results   
18            Reflection of Current Research Hotspots   
19                     Fluency of Language Expression   
20    Appropriateness of Professional Terminology Use   
21                          Conciseness of Expression   
22  Practical Application Potential of Research Re...   
23                Feasibility of Proposed Suggestions   
24                             Logic of Argumentation   
25                   Multi-angle Analysis of Problems   
26  Identification and Discussion of Research Limi...   

    ICC (Intraclass Correlation Coefficient) ICC 95% Confidence Interval  \
0                                   0.710187                 [0.62, 0.8]   
1                                   0.854011                 [0.79, 0.9]   
2                                   0.625537                [0.53, 0.72]   
3                                   0.811084                [0.74, 0.87]   
4                                   0.843761                [0.79, 0.89]   
5                                   0.807464                [0.74, 0.87]   
6                                   0.803886                [0.73, 0.87]   
7                                   0.777619                 [0.7, 0.85]   
8                                   0.765878                [0.69, 0.84]   
9                                   0.714269                 [0.63, 0.8]   
10                                  0.411937                [0.31, 0.53]   
11                                  0.786390                 [0.7, 0.86]   
12                                  0.787630                [0.71, 0.85]   
13                                  0.783671                 [0.7, 0.85]   
14                                  0.768674                [0.69, 0.84]   
15                                  0.768207                [0.69, 0.84]   
16                                  0.749384                [0.66, 0.83]   
17                                  0.733744                [0.65, 0.81]   
18                                  0.764252                [0.69, 0.84]   
19                                  0.644236                [0.54, 0.74]   
20                                  0.608806                [0.51, 0.71]   
21                                  0.572384                [0.47, 0.68]   
22                                  0.766617                [0.68, 0.84]   
23                                  0.686245                [0.59, 0.78]   
24                                  0.754055                [0.67, 0.83]   
25                                  0.746951                [0.66, 0.82]   
26                                  0.694399                 [0.6, 0.78]   

    Transitivity Consistency Ratio (%)  
0                            87.272727  
1                            84.848485  
2                            87.272727  
3                            89.090909  
4                            84.848485  
5                            83.030303  
6                            84.242424  
7                            83.030303  
8                            86.666667  
9                            84.242424  
10                           89.090909  
11                           89.090909  
12                           87.878788  
13                           87.878788  
14                           82.424242  
15                           82.424242  
16                           82.424242  
17                           84.242424  
18                           85.454545  
19                           83.030303  
20                           83.636364  
21                           81.212121  
22                           87.878788  
23                           87.878788  
24                           84.848485  
25                           86.060606  
26                           87.272727  

Results have been saved to 'reliability_analysis.csv'
Author
10     3.714124
2     14.791319
4     24.431803
5     26.688828
0     48.194837
3     62.806203
1     64.218268
7     67.278486
6     67.393668
8     68.072256
9     96.296296
Name: Score, dtype: float64

Results have been saved to 'pagerank_results_balanced.csv'
Combined Results:
                                          Subcategory  \
0                                     Topic Relevance   
1                    Comprehensiveness of Information   
2                             Accuracy of Information   
3                        Innovativeness of Viewpoints   
4       Integration of Interdisciplinary Perspectives   
5                        Clarity of Logical Structure   
6               Reasonableness of Chapter Arrangement   
7              Quality of Introduction and Conclusion   
8              Accuracy and Completeness of Citations   
9              Timeliness and Relevance of References   
10   Avoidance of Plagiarism and Appropriate Citation   
11             Critical Analysis of Existing Research   
12   Proposal of New Research Directions or Questions   
13                Potential Contribution to the Field   
14             Clarity of Research Method Description   
15                    Rationality of Method Selection   
16                           Rigor of Research Design   
17               Inclusion of Latest Research Results   
18            Reflection of Current Research Hotspots   
19                     Fluency of Language Expression   
20    Appropriateness of Professional Terminology Use   
21                          Conciseness of Expression   
22  Practical Application Potential of Research Re...   
23                Feasibility of Proposed Suggestions   
24                             Logic of Argumentation   
25                   Multi-angle Analysis of Problems   
26  Identification and Discussion of Research Limi...   

    ICC (Intraclass Correlation Coefficient) ICC 95% Confidence Interval  \
0                                   0.710187                 [0.62, 0.8]   
1                                   0.854011                 [0.79, 0.9]   
2                                   0.625537                [0.53, 0.72]   
3                                   0.811084                [0.74, 0.87]   
4                                   0.843761                [0.79, 0.89]   
5                                   0.807464                [0.74, 0.87]   
6                                   0.803886                [0.73, 0.87]   
7                                   0.777619                 [0.7, 0.85]   
8                                   0.765878                [0.69, 0.84]   
9                                   0.714269                 [0.63, 0.8]   
10                                  0.411937                [0.31, 0.53]   
11                                  0.786390                 [0.7, 0.86]   
12                                  0.787630                [0.71, 0.85]   
13                                  0.783671                 [0.7, 0.85]   
14                                  0.768674                [0.69, 0.84]   
15                                  0.768207                [0.69, 0.84]   
16                                  0.749384                [0.66, 0.83]   
17                                  0.733744                [0.65, 0.81]   
18                                  0.764252                [0.69, 0.84]   
19                                  0.644236                [0.54, 0.74]   
20                                  0.608806                [0.51, 0.71]   
21                                  0.572384                [0.47, 0.68]   
22                                  0.766617                [0.68, 0.84]   
23                                  0.686245                [0.59, 0.78]   
24                                  0.754055                [0.67, 0.83]   
25                                  0.746951                [0.66, 0.82]   
26                                  0.694399                 [0.6, 0.78]   

    Transitivity Consistency Ratio (%)  
0                            87.272727  
1                            84.848485  
2                            87.272727  
3                            89.090909  
4                            84.848485  
5                            83.030303  
6                            84.242424  
7                            83.030303  
8                            86.666667  
9                            84.242424  
10                           89.090909  
11                           89.090909  
12                           87.878788  
13                           87.878788  
14                           82.424242  
15                           82.424242  
16                           82.424242  
17                           84.242424  
18                           85.454545  
19                           83.030303  
20                           83.636364  
21                           81.212121  
22                           87.878788  
23                           87.878788  
24                           84.848485  
25                           86.060606  
26                           87.272727  

Results have been saved to 'reliability_analysis.csv'
Author
10      0.059564
2      12.406951
4      20.630515
5      21.255227
0      46.624541
3      61.910502
6      65.894805
1      66.338918
7      66.954064
8      69.316530
9     100.000000
Name: Score, dtype: float64

Results have been saved to 'pagerank_results_balanced.csv'
Combined Results:
                                          Subcategory  \
0                                     Topic Relevance   
1                    Comprehensiveness of Information   
2                             Accuracy of Information   
3                        Innovativeness of Viewpoints   
4       Integration of Interdisciplinary Perspectives   
5                        Clarity of Logical Structure   
6               Reasonableness of Chapter Arrangement   
7              Quality of Introduction and Conclusion   
8              Accuracy and Completeness of Citations   
9              Timeliness and Relevance of References   
10   Avoidance of Plagiarism and Appropriate Citation   
11             Critical Analysis of Existing Research   
12   Proposal of New Research Directions or Questions   
13                Potential Contribution to the Field   
14             Clarity of Research Method Description   
15                    Rationality of Method Selection   
16                           Rigor of Research Design   
17               Inclusion of Latest Research Results   
18            Reflection of Current Research Hotspots   
19                     Fluency of Language Expression   
20    Appropriateness of Professional Terminology Use   
21                          Conciseness of Expression   
22  Practical Application Potential of Research Re...   
23                Feasibility of Proposed Suggestions   
24                             Logic of Argumentation   
25                   Multi-angle Analysis of Problems   
26  Identification and Discussion of Research Limi...   

    ICC (Intraclass Correlation Coefficient) ICC 95% Confidence Interval  \
0                                   0.710187                 [0.62, 0.8]   
1                                   0.854011                 [0.79, 0.9]   
2                                   0.625537                [0.53, 0.72]   
3                                   0.811084                [0.74, 0.87]   
4                                   0.843761                [0.79, 0.89]   
5                                   0.807464                [0.74, 0.87]   
6                                   0.803886                [0.73, 0.87]   
7                                   0.777619                 [0.7, 0.85]   
8                                   0.765878                [0.69, 0.84]   
9                                   0.714269                 [0.63, 0.8]   
10                                  0.411937                [0.31, 0.53]   
11                                  0.786390                 [0.7, 0.86]   
12                                  0.787630                [0.71, 0.85]   
13                                  0.783671                 [0.7, 0.85]   
14                                  0.768674                [0.69, 0.84]   
15                                  0.768207                [0.69, 0.84]   
16                                  0.749384                [0.66, 0.83]   
17                                  0.733744                [0.65, 0.81]   
18                                  0.764252                [0.69, 0.84]   
19                                  0.644236                [0.54, 0.74]   
20                                  0.608806                [0.51, 0.71]   
21                                  0.572384                [0.47, 0.68]   
22                                  0.766617                [0.68, 0.84]   
23                                  0.686245                [0.59, 0.78]   
24                                  0.754055                [0.67, 0.83]   
25                                  0.746951                [0.66, 0.82]   
26                                  0.694399                 [0.6, 0.78]   

    Transitivity Consistency Ratio (%)  
0                            19.230769  
1                            84.848485  
2                             8.695652  
3                            89.090909  
4                            84.848485  
5                            83.030303  
6                            84.242424  
7                            83.030303  
8                            24.137931  
9                            83.647799  
10                           14.285714  
11                           89.090909  
12                           87.878788  
13                           87.878788  
14                           81.761006  
15                           81.761006  
16                           81.761006  
17                           83.647799  
18                           84.905660  
19                           83.030303  
20                           82.236842  
21                           81.212121  
22                           87.878788  
23                           87.878788  
24                           84.177215  
25                           85.534591  
26                           86.792453  

Results have been saved to 'reliability_analysis.csv'
Author
10      0.059564
2      12.406951
4      20.630515
5      21.255227
0      46.624541
3      61.910502
6      65.894805
1      66.338918
7      66.954064
8      69.316530
9     100.000000
Name: Score, dtype: float64

Results have been saved to 'pagerank_results_balanced.csv'
Combined Results:
                                          Subcategory  \
0                                     Topic Relevance   
1                    Comprehensiveness of Information   
2                             Accuracy of Information   
3                        Innovativeness of Viewpoints   
4       Integration of Interdisciplinary Perspectives   
5                        Clarity of Logical Structure   
6               Reasonableness of Chapter Arrangement   
7              Quality of Introduction and Conclusion   
8              Accuracy and Completeness of Citations   
9              Timeliness and Relevance of References   
10   Avoidance of Plagiarism and Appropriate Citation   
11             Critical Analysis of Existing Research   
12   Proposal of New Research Directions or Questions   
13                Potential Contribution to the Field   
14             Clarity of Research Method Description   
15                    Rationality of Method Selection   
16                           Rigor of Research Design   
17               Inclusion of Latest Research Results   
18            Reflection of Current Research Hotspots   
19                     Fluency of Language Expression   
20    Appropriateness of Professional Terminology Use   
21                          Conciseness of Expression   
22  Practical Application Potential of Research Re...   
23                Feasibility of Proposed Suggestions   
24                             Logic of Argumentation   
25                   Multi-angle Analysis of Problems   
26  Identification and Discussion of Research Limi...   

    ICC (Intraclass Correlation Coefficient) ICC 95% Confidence Interval  \
0                                   0.710187                 [0.62, 0.8]   
1                                   0.854011                 [0.79, 0.9]   
2                                   0.625537                [0.53, 0.72]   
3                                   0.811084                [0.74, 0.87]   
4                                   0.843761                [0.79, 0.89]   
5                                   0.807464                [0.74, 0.87]   
6                                   0.803886                [0.73, 0.87]   
7                                   0.777619                 [0.7, 0.85]   
8                                   0.765878                [0.69, 0.84]   
9                                   0.714269                 [0.63, 0.8]   
10                                  0.411937                [0.31, 0.53]   
11                                  0.786390                 [0.7, 0.86]   
12                                  0.787630                [0.71, 0.85]   
13                                  0.783671                 [0.7, 0.85]   
14                                  0.768674                [0.69, 0.84]   
15                                  0.768207                [0.69, 0.84]   
16                                  0.749384                [0.66, 0.83]   
17                                  0.733744                [0.65, 0.81]   
18                                  0.764252                [0.69, 0.84]   
19                                  0.644236                [0.54, 0.74]   
20                                  0.608806                [0.51, 0.71]   
21                                  0.572384                [0.47, 0.68]   
22                                  0.766617                [0.68, 0.84]   
23                                  0.686245                [0.59, 0.78]   
24                                  0.754055                [0.67, 0.83]   
25                                  0.746951                [0.66, 0.82]   
26                                  0.694399                 [0.6, 0.78]   

    Transitivity Consistency Ratio (%)  
0                            19.230769  
1                            84.848485  
2                             8.695652  
3                            89.090909  
4                            84.848485  
5                            83.030303  
6                            84.242424  
7                            83.030303  
8                            24.137931  
9                            83.647799  
10                           14.285714  
11                           89.090909  
12                           87.878788  
13                           87.878788  
14                           81.761006  
15                           81.761006  
16                           81.761006  
17                           83.647799  
18                           84.905660  
19                           83.030303  
20                           82.236842  
21                           81.212121  
22                           87.878788  
23                           87.878788  
24                           84.177215  
25                           85.534591  
26                           86.792453  

Results have been saved to 'reliability_analysis.csv'
