Author
10     0.086123
1     10.096562
3     32.507916
5     36.234222
2     45.553179
8     60.607087
6     64.490445
9     82.470416
7     90.119898
0     95.744365
4     99.045948
Name: Score, dtype: float64

Results have been saved to 'pagerank_results_balanced.csv'
Combined Results:
                                          Subcategory  \
0                                     Topic Relevance   
1                    Comprehensiveness of Information   
2                             Accuracy of Information   
3                        Innovativeness of Viewpoints   
4       Integration of Interdisciplinary Perspectives   
5                        Clarity of Logical Structure   
6               Reasonableness of Chapter Arrangement   
7              Quality of Introduction and Conclusion   
8              Accuracy and Completeness of Citations   
9              Timeliness and Relevance of References   
10   Avoidance of Plagiarism and Appropriate Citation   
11             Critical Analysis of Existing Research   
12   Proposal of New Research Directions or Questions   
13                Potential Contribution to the Field   
14             Clarity of Research Method Description   
15                    Rationality of Method Selection   
16                           Rigor of Research Design   
17               Inclusion of Latest Research Results   
18            Reflection of Current Research Hotspots   
19                     Fluency of Language Expression   
20    Appropriateness of Professional Terminology Use   
21                          Conciseness of Expression   
22  Practical Application Potential of Research Re...   
23                Feasibility of Proposed Suggestions   
24                             Logic of Argumentation   
25                   Multi-angle Analysis of Problems   
26  Identification and Discussion of Research Limi...   

    ICC (Intraclass Correlation Coefficient) ICC 95% Confidence Interval  \
0                                   0.678798                [0.59, 0.77]   
1                                   0.803552                [0.73, 0.87]   
2                                   0.624901                [0.53, 0.72]   
3                                   0.742852                [0.66, 0.82]   
4                                   0.799303                [0.72, 0.87]   
5                                   0.768436                [0.69, 0.84]   
6                                   0.759917                [0.68, 0.83]   
7                                   0.708836                [0.62, 0.79]   
8                                   0.725008                 [0.64, 0.8]   
9                                   0.722730                 [0.64, 0.8]   
10                                  0.519763                [0.42, 0.63]   
11                                  0.735059                [0.65, 0.81]   
12                                  0.731600                [0.65, 0.81]   
13                                  0.729812                [0.65, 0.81]   
14                                  0.743019                [0.66, 0.82]   
15                                  0.738861                [0.66, 0.82]   
16                                  0.681241                [0.59, 0.77]   
17                                  0.734568                [0.65, 0.81]   
18                                  0.727312                [0.64, 0.81]   
19                                  0.644734                [0.55, 0.74]   
20                                  0.659251                [0.57, 0.75]   
21                                  0.608316                [0.51, 0.71]   
22                                  0.711853                [0.63, 0.79]   
23                                  0.661966                [0.57, 0.75]   
24                                  0.707601                [0.62, 0.79]   
25                                  0.698734                [0.61, 0.78]   
26                                  0.653215                [0.56, 0.75]   

    Transitivity Consistency Ratio (%)  
0                            89.090909  
1                            90.303030  
2                            87.878788  
3                            90.303030  
4                            85.454545  
5                            92.727273  
6                            90.303030  
7                            90.303030  
8                            87.272727  
9                            90.303030  
10                           87.878788  
11                           87.878788  
12                           86.666667  
13                           85.454545  
14                           90.303030  
15                           90.303030  
16                           90.303030  
17                           90.303030  
18                           90.303030  
19                           88.484848  
20                           86.060606  
21                           88.484848  
22                           84.242424  
23                           86.060606  
24                           90.303030  
25                           92.121212  
26                           89.090909  

Results have been saved to 'reliability_analysis.csv'
Author
10     0.086123
1     10.096562
3     32.507916
5     36.234222
2     45.553179
8     60.607087
6     64.490445
9     82.470416
7     90.119898
0     95.744365
4     99.045948
Name: Score, dtype: float64

Results have been saved to 'pagerank_results_balanced.csv'
Combined Results:
                                          Subcategory  \
0                                     Topic Relevance   
1                    Comprehensiveness of Information   
2                             Accuracy of Information   
3                        Innovativeness of Viewpoints   
4       Integration of Interdisciplinary Perspectives   
5                        Clarity of Logical Structure   
6               Reasonableness of Chapter Arrangement   
7              Quality of Introduction and Conclusion   
8              Accuracy and Completeness of Citations   
9              Timeliness and Relevance of References   
10   Avoidance of Plagiarism and Appropriate Citation   
11             Critical Analysis of Existing Research   
12   Proposal of New Research Directions or Questions   
13                Potential Contribution to the Field   
14             Clarity of Research Method Description   
15                    Rationality of Method Selection   
16                           Rigor of Research Design   
17               Inclusion of Latest Research Results   
18            Reflection of Current Research Hotspots   
19                     Fluency of Language Expression   
20    Appropriateness of Professional Terminology Use   
21                          Conciseness of Expression   
22  Practical Application Potential of Research Re...   
23                Feasibility of Proposed Suggestions   
24                             Logic of Argumentation   
25                   Multi-angle Analysis of Problems   
26  Identification and Discussion of Research Limi...   

    ICC (Intraclass Correlation Coefficient) ICC 95% Confidence Interval  \
0                                   0.678798                [0.59, 0.77]   
1                                   0.803552                [0.73, 0.87]   
2                                   0.624901                [0.53, 0.72]   
3                                   0.742852                [0.66, 0.82]   
4                                   0.799303                [0.72, 0.87]   
5                                   0.768436                [0.69, 0.84]   
6                                   0.759917                [0.68, 0.83]   
7                                   0.708836                [0.62, 0.79]   
8                                   0.725008                 [0.64, 0.8]   
9                                   0.722730                 [0.64, 0.8]   
10                                  0.519763                [0.42, 0.63]   
11                                  0.735059                [0.65, 0.81]   
12                                  0.731600                [0.65, 0.81]   
13                                  0.729812                [0.65, 0.81]   
14                                  0.743019                [0.66, 0.82]   
15                                  0.738861                [0.66, 0.82]   
16                                  0.681241                [0.59, 0.77]   
17                                  0.734568                [0.65, 0.81]   
18                                  0.727312                [0.64, 0.81]   
19                                  0.644734                [0.55, 0.74]   
20                                  0.659251                [0.57, 0.75]   
21                                  0.608316                [0.51, 0.71]   
22                                  0.711853                [0.63, 0.79]   
23                                  0.661966                [0.57, 0.75]   
24                                  0.707601                [0.62, 0.79]   
25                                  0.698734                [0.61, 0.78]   
26                                  0.653215                [0.56, 0.75]   

    Transitivity Consistency Ratio (%)  
0                            89.090909  
1                            90.303030  
2                            87.878788  
3                            90.303030  
4                            85.454545  
5                            92.727273  
6                            90.303030  
7                            90.303030  
8                            87.272727  
9                            90.303030  
10                           87.878788  
11                           87.878788  
12                           86.666667  
13                           85.454545  
14                           90.303030  
15                           90.303030  
16                           90.303030  
17                           90.303030  
18                           90.303030  
19                           88.484848  
20                           86.060606  
21                           88.484848  
22                           84.242424  
23                           86.060606  
24                           90.303030  
25                           92.121212  
26                           89.090909  

Results have been saved to 'reliability_analysis.csv'
Author
10     0.073311
1      9.827892
3     32.860960
5     37.166867
2     45.751574
8     62.014244
6     67.678797
9     83.819683
7     91.109291
0     96.635982
4     99.047045
Name: Score, dtype: float64

Results have been saved to 'pagerank_results_balanced.csv'
Combined Results:
                                          Subcategory  \
0                                     Topic Relevance   
1                    Comprehensiveness of Information   
2                             Accuracy of Information   
3                        Innovativeness of Viewpoints   
4       Integration of Interdisciplinary Perspectives   
5                        Clarity of Logical Structure   
6               Reasonableness of Chapter Arrangement   
7              Quality of Introduction and Conclusion   
8              Accuracy and Completeness of Citations   
9              Timeliness and Relevance of References   
10   Avoidance of Plagiarism and Appropriate Citation   
11             Critical Analysis of Existing Research   
12   Proposal of New Research Directions or Questions   
13                Potential Contribution to the Field   
14             Clarity of Research Method Description   
15                    Rationality of Method Selection   
16                           Rigor of Research Design   
17               Inclusion of Latest Research Results   
18            Reflection of Current Research Hotspots   
19                     Fluency of Language Expression   
20    Appropriateness of Professional Terminology Use   
21                          Conciseness of Expression   
22  Practical Application Potential of Research Re...   
23                Feasibility of Proposed Suggestions   
24                             Logic of Argumentation   
25                   Multi-angle Analysis of Problems   
26  Identification and Discussion of Research Limi...   

    ICC (Intraclass Correlation Coefficient) ICC 95% Confidence Interval  \
0                                   0.678798                [0.59, 0.77]   
1                                   0.803552                [0.73, 0.87]   
2                                   0.624901                [0.53, 0.72]   
3                                   0.742852                [0.66, 0.82]   
4                                   0.799303                [0.72, 0.87]   
5                                   0.768436                [0.69, 0.84]   
6                                   0.759917                [0.68, 0.83]   
7                                   0.708836                [0.62, 0.79]   
8                                   0.725008                 [0.64, 0.8]   
9                                   0.722730                 [0.64, 0.8]   
10                                  0.519763                [0.42, 0.63]   
11                                  0.735059                [0.65, 0.81]   
12                                  0.731600                [0.65, 0.81]   
13                                  0.729812                [0.65, 0.81]   
14                                  0.743019                [0.66, 0.82]   
15                                  0.738861                [0.66, 0.82]   
16                                  0.681241                [0.59, 0.77]   
17                                  0.734568                [0.65, 0.81]   
18                                  0.727312                [0.64, 0.81]   
19                                  0.644734                [0.55, 0.74]   
20                                  0.659251                [0.57, 0.75]   
21                                  0.608316                [0.51, 0.71]   
22                                  0.711853                [0.63, 0.79]   
23                                  0.661966                [0.57, 0.75]   
24                                  0.707601                [0.62, 0.79]   
25                                  0.698734                [0.61, 0.78]   
26                                  0.653215                [0.56, 0.75]   

    Transitivity Consistency Ratio (%)  
0                            66.037736  
1                            90.303030  
2                            57.446809  
3                            90.303030  
4                            85.454545  
5                            92.356688  
6                            89.808917  
7                            90.303030  
8                            65.000000  
9                            90.303030  
10                           57.446809  
11                           87.878788  
12                           86.666667  
13                           85.454545  
14                           90.303030  
15                           90.303030  
16                           90.303030  
17                           90.303030  
18                           90.303030  
19                           87.898089  
20                           86.060606  
21                           87.898089  
22                           84.242424  
23                           85.256410  
24                           90.303030  
25                           92.121212  
26                           89.090909  

Results have been saved to 'reliability_analysis.csv'
Author
10     0.073311
1      9.827892
3     32.860960
5     37.166867
2     45.751574
8     62.014244
6     67.678797
9     83.819683
7     91.109291
0     96.635982
4     99.047045
Name: Score, dtype: float64

Results have been saved to 'pagerank_results_balanced.csv'
Combined Results:
                                          Subcategory  \
0                                     Topic Relevance   
1                    Comprehensiveness of Information   
2                             Accuracy of Information   
3                        Innovativeness of Viewpoints   
4       Integration of Interdisciplinary Perspectives   
5                        Clarity of Logical Structure   
6               Reasonableness of Chapter Arrangement   
7              Quality of Introduction and Conclusion   
8              Accuracy and Completeness of Citations   
9              Timeliness and Relevance of References   
10   Avoidance of Plagiarism and Appropriate Citation   
11             Critical Analysis of Existing Research   
12   Proposal of New Research Directions or Questions   
13                Potential Contribution to the Field   
14             Clarity of Research Method Description   
15                    Rationality of Method Selection   
16                           Rigor of Research Design   
17               Inclusion of Latest Research Results   
18            Reflection of Current Research Hotspots   
19                     Fluency of Language Expression   
20    Appropriateness of Professional Terminology Use   
21                          Conciseness of Expression   
22  Practical Application Potential of Research Re...   
23                Feasibility of Proposed Suggestions   
24                             Logic of Argumentation   
25                   Multi-angle Analysis of Problems   
26  Identification and Discussion of Research Limi...   

    ICC (Intraclass Correlation Coefficient) ICC 95% Confidence Interval  \
0                                   0.678798                [0.59, 0.77]   
1                                   0.803552                [0.73, 0.87]   
2                                   0.624901                [0.53, 0.72]   
3                                   0.742852                [0.66, 0.82]   
4                                   0.799303                [0.72, 0.87]   
5                                   0.768436                [0.69, 0.84]   
6                                   0.759917                [0.68, 0.83]   
7                                   0.708836                [0.62, 0.79]   
8                                   0.725008                 [0.64, 0.8]   
9                                   0.722730                 [0.64, 0.8]   
10                                  0.519763                [0.42, 0.63]   
11                                  0.735059                [0.65, 0.81]   
12                                  0.731600                [0.65, 0.81]   
13                                  0.729812                [0.65, 0.81]   
14                                  0.743019                [0.66, 0.82]   
15                                  0.738861                [0.66, 0.82]   
16                                  0.681241                [0.59, 0.77]   
17                                  0.734568                [0.65, 0.81]   
18                                  0.727312                [0.64, 0.81]   
19                                  0.644734                [0.55, 0.74]   
20                                  0.659251                [0.57, 0.75]   
21                                  0.608316                [0.51, 0.71]   
22                                  0.711853                [0.63, 0.79]   
23                                  0.661966                [0.57, 0.75]   
24                                  0.707601                [0.62, 0.79]   
25                                  0.698734                [0.61, 0.78]   
26                                  0.653215                [0.56, 0.75]   

    Transitivity Consistency Ratio (%)  
0                            66.037736  
1                            90.303030  
2                            57.446809  
3                            90.303030  
4                            85.454545  
5                            92.356688  
6                            89.808917  
7                            90.303030  
8                            65.000000  
9                            90.303030  
10                           57.446809  
11                           87.878788  
12                           86.666667  
13                           85.454545  
14                           90.303030  
15                           90.303030  
16                           90.303030  
17                           90.303030  
18                           90.303030  
19                           87.898089  
20                           86.060606  
21                           87.898089  
22                           84.242424  
23                           85.256410  
24                           90.303030  
25                           92.121212  
26                           89.090909  

Results have been saved to 'reliability_analysis.csv'
