Author
10     3.703704
2     19.838026
8     20.000280
1     20.724164
5     21.209303
4     21.378785
3     21.787304
7     24.151287
6     26.318055
0     26.535823
9     96.760474
Name: Score, dtype: float64

Results have been saved to 'pagerank_results_balanced.csv'
Combined Results:
                                          Subcategory  \
0                                     Topic Relevance   
1                    Comprehensiveness of Information   
2                             Accuracy of Information   
3                        Innovativeness of Viewpoints   
4       Integration of Interdisciplinary Perspectives   
5                        Clarity of Logical Structure   
6               Reasonableness of Chapter Arrangement   
7              Quality of Introduction and Conclusion   
8              Accuracy and Completeness of Citations   
9              Timeliness and Relevance of References   
10   Avoidance of Plagiarism and Appropriate Citation   
11             Critical Analysis of Existing Research   
12   Proposal of New Research Directions or Questions   
13                Potential Contribution to the Field   
14             Clarity of Research Method Description   
15                    Rationality of Method Selection   
16                           Rigor of Research Design   
17               Inclusion of Latest Research Results   
18            Reflection of Current Research Hotspots   
19                     Fluency of Language Expression   
20    Appropriateness of Professional Terminology Use   
21                          Conciseness of Expression   
22  Practical Application Potential of Research Re...   
23                Feasibility of Proposed Suggestions   
24                             Logic of Argumentation   
25                   Multi-angle Analysis of Problems   
26  Identification and Discussion of Research Limi...   

    ICC (Intraclass Correlation Coefficient) ICC 95% Confidence Interval  \
0                                   0.550238                [0.45, 0.66]   
1                                   0.862239                [0.81, 0.91]   
2                                   0.448357                [0.35, 0.57]   
3                                   0.750138                [0.67, 0.82]   
4                                   0.741892                [0.66, 0.82]   
5                                   0.688610                 [0.6, 0.78]   
6                                   0.693492                [0.61, 0.78]   
7                                   0.615091                [0.52, 0.72]   
8                                   0.726553                [0.64, 0.81]   
9                                   0.707699                [0.62, 0.79]   
10                                  0.491969                [0.39, 0.61]   
11                                  0.755969                [0.68, 0.83]   
12                                  0.701758                [0.61, 0.79]   
13                                  0.694477                [0.61, 0.78]   
14                                  0.743786                [0.66, 0.82]   
15                                  0.722195                 [0.64, 0.8]   
16                                  0.734962                [0.65, 0.81]   
17                                  0.713125                 [0.63, 0.8]   
18                                  0.587885                [0.49, 0.69]   
19                                  0.480216                 [0.38, 0.6]   
20                                  0.640440                [0.55, 0.74]   
21                                  0.489579                [0.39, 0.61]   
22                                  0.619851                [0.52, 0.72]   
23                                  0.502486                 [0.4, 0.62]   
24                                  0.698146                [0.61, 0.78]   
25                                  0.590239                [0.49, 0.69]   
26                                  0.631496                [0.54, 0.73]   

    Transitivity Consistency Ratio (%)  
0                            89.090909  
1                            89.090909  
2                            86.666667  
3                            87.272727  
4                            87.272727  
5                            83.030303  
6                            86.666667  
7                            89.090909  
8                            86.666667  
9                            88.484848  
10                           87.878788  
11                           88.484848  
12                           88.484848  
13                           89.696970  
14                           87.272727  
15                           88.484848  
16                           87.272727  
17                           88.484848  
18                           87.272727  
19                           86.060606  
20                           86.666667  
21                           88.484848  
22                           86.060606  
23                           89.090909  
24                           89.090909  
25                           83.636364  
26                           90.909091  

Results have been saved to 'reliability_analysis.csv'
Author
10     3.703704
2     19.838026
8     20.000280
1     20.724164
5     21.209303
4     21.378785
3     21.787304
7     24.151287
6     26.318055
0     26.535823
9     96.760474
Name: Score, dtype: float64

Results have been saved to 'pagerank_results_balanced.csv'
Combined Results:
                                          Subcategory  \
0                                     Topic Relevance   
1                    Comprehensiveness of Information   
2                             Accuracy of Information   
3                        Innovativeness of Viewpoints   
4       Integration of Interdisciplinary Perspectives   
5                        Clarity of Logical Structure   
6               Reasonableness of Chapter Arrangement   
7              Quality of Introduction and Conclusion   
8              Accuracy and Completeness of Citations   
9              Timeliness and Relevance of References   
10   Avoidance of Plagiarism and Appropriate Citation   
11             Critical Analysis of Existing Research   
12   Proposal of New Research Directions or Questions   
13                Potential Contribution to the Field   
14             Clarity of Research Method Description   
15                    Rationality of Method Selection   
16                           Rigor of Research Design   
17               Inclusion of Latest Research Results   
18            Reflection of Current Research Hotspots   
19                     Fluency of Language Expression   
20    Appropriateness of Professional Terminology Use   
21                          Conciseness of Expression   
22  Practical Application Potential of Research Re...   
23                Feasibility of Proposed Suggestions   
24                             Logic of Argumentation   
25                   Multi-angle Analysis of Problems   
26  Identification and Discussion of Research Limi...   

    ICC (Intraclass Correlation Coefficient) ICC 95% Confidence Interval  \
0                                   0.550238                [0.45, 0.66]   
1                                   0.862239                [0.81, 0.91]   
2                                   0.448357                [0.35, 0.57]   
3                                   0.750138                [0.67, 0.82]   
4                                   0.741892                [0.66, 0.82]   
5                                   0.688610                 [0.6, 0.78]   
6                                   0.693492                [0.61, 0.78]   
7                                   0.615091                [0.52, 0.72]   
8                                   0.726553                [0.64, 0.81]   
9                                   0.707699                [0.62, 0.79]   
10                                  0.491969                [0.39, 0.61]   
11                                  0.755969                [0.68, 0.83]   
12                                  0.701758                [0.61, 0.79]   
13                                  0.694477                [0.61, 0.78]   
14                                  0.743786                [0.66, 0.82]   
15                                  0.722195                 [0.64, 0.8]   
16                                  0.734962                [0.65, 0.81]   
17                                  0.713125                 [0.63, 0.8]   
18                                  0.587885                [0.49, 0.69]   
19                                  0.480216                 [0.38, 0.6]   
20                                  0.640440                [0.55, 0.74]   
21                                  0.489579                [0.39, 0.61]   
22                                  0.619851                [0.52, 0.72]   
23                                  0.502486                 [0.4, 0.62]   
24                                  0.698146                [0.61, 0.78]   
25                                  0.590239                [0.49, 0.69]   
26                                  0.631496                [0.54, 0.73]   

    Transitivity Consistency Ratio (%)  
0                            89.090909  
1                            89.090909  
2                            86.666667  
3                            87.272727  
4                            87.272727  
5                            83.030303  
6                            86.666667  
7                            89.090909  
8                            86.666667  
9                            88.484848  
10                           87.878788  
11                           88.484848  
12                           88.484848  
13                           89.696970  
14                           87.272727  
15                           88.484848  
16                           87.272727  
17                           88.484848  
18                           87.272727  
19                           86.060606  
20                           86.666667  
21                           88.484848  
22                           86.060606  
23                           89.090909  
24                           89.090909  
25                           83.636364  
26                           90.909091  

Results have been saved to 'reliability_analysis.csv'
Author
10      0.000000
2      15.597680
8      17.121981
4      17.310923
1      17.900144
3      18.055274
5      18.304960
7      21.491989
0      24.899041
6      27.296713
9     100.000000
Name: Score, dtype: float64

Results have been saved to 'pagerank_results_balanced.csv'
Combined Results:
                                          Subcategory  \
0                                     Topic Relevance   
1                    Comprehensiveness of Information   
2                             Accuracy of Information   
3                        Innovativeness of Viewpoints   
4       Integration of Interdisciplinary Perspectives   
5                        Clarity of Logical Structure   
6               Reasonableness of Chapter Arrangement   
7              Quality of Introduction and Conclusion   
8              Accuracy and Completeness of Citations   
9              Timeliness and Relevance of References   
10   Avoidance of Plagiarism and Appropriate Citation   
11             Critical Analysis of Existing Research   
12   Proposal of New Research Directions or Questions   
13                Potential Contribution to the Field   
14             Clarity of Research Method Description   
15                    Rationality of Method Selection   
16                           Rigor of Research Design   
17               Inclusion of Latest Research Results   
18            Reflection of Current Research Hotspots   
19                     Fluency of Language Expression   
20    Appropriateness of Professional Terminology Use   
21                          Conciseness of Expression   
22  Practical Application Potential of Research Re...   
23                Feasibility of Proposed Suggestions   
24                             Logic of Argumentation   
25                   Multi-angle Analysis of Problems   
26  Identification and Discussion of Research Limi...   

    ICC (Intraclass Correlation Coefficient) ICC 95% Confidence Interval  \
0                                   0.550238                [0.45, 0.66]   
1                                   0.862239                [0.81, 0.91]   
2                                   0.448357                [0.35, 0.57]   
3                                   0.750138                [0.67, 0.82]   
4                                   0.741892                [0.66, 0.82]   
5                                   0.688610                 [0.6, 0.78]   
6                                   0.693492                [0.61, 0.78]   
7                                   0.615091                [0.52, 0.72]   
8                                   0.726553                [0.64, 0.81]   
9                                   0.707699                [0.62, 0.79]   
10                                  0.491969                [0.39, 0.61]   
11                                  0.755969                [0.68, 0.83]   
12                                  0.701758                [0.61, 0.79]   
13                                  0.694477                [0.61, 0.78]   
14                                  0.743786                [0.66, 0.82]   
15                                  0.722195                 [0.64, 0.8]   
16                                  0.734962                [0.65, 0.81]   
17                                  0.713125                 [0.63, 0.8]   
18                                  0.587885                [0.49, 0.69]   
19                                  0.480216                 [0.38, 0.6]   
20                                  0.640440                [0.55, 0.74]   
21                                  0.489579                [0.39, 0.61]   
22                                  0.619851                [0.52, 0.72]   
23                                  0.502486                 [0.4, 0.62]   
24                                  0.698146                [0.61, 0.78]   
25                                  0.590239                [0.49, 0.69]   
26                                  0.631496                [0.54, 0.73]   

    Transitivity Consistency Ratio (%)  
0                             5.263158  
1                            58.139535  
2                            24.137931  
3                            75.581395  
4                            22.222222  
5                            42.857143  
6                            37.142857  
7                            73.134328  
8                            42.105263  
9                            58.695652  
10                           23.076923  
11                           77.647059  
12                           80.412371  
13                           81.318681  
14                           34.375000  
15                           50.000000  
16                           41.666667  
17                           58.695652  
18                           59.615385  
19                           28.125000  
20                           24.137931  
21                           47.222222  
22                           73.863636  
23                           77.500000  
24                           59.090909  
25                           59.090909  
26                           75.000000  

Results have been saved to 'reliability_analysis.csv'
Author
10      0.000000
2      15.597680
8      17.121981
4      17.310923
1      17.900144
3      18.055274
5      18.304960
7      21.491989
0      24.899041
6      27.296713
9     100.000000
Name: Score, dtype: float64

Results have been saved to 'pagerank_results_balanced.csv'
Combined Results:
                                          Subcategory  \
0                                     Topic Relevance   
1                    Comprehensiveness of Information   
2                             Accuracy of Information   
3                        Innovativeness of Viewpoints   
4       Integration of Interdisciplinary Perspectives   
5                        Clarity of Logical Structure   
6               Reasonableness of Chapter Arrangement   
7              Quality of Introduction and Conclusion   
8              Accuracy and Completeness of Citations   
9              Timeliness and Relevance of References   
10   Avoidance of Plagiarism and Appropriate Citation   
11             Critical Analysis of Existing Research   
12   Proposal of New Research Directions or Questions   
13                Potential Contribution to the Field   
14             Clarity of Research Method Description   
15                    Rationality of Method Selection   
16                           Rigor of Research Design   
17               Inclusion of Latest Research Results   
18            Reflection of Current Research Hotspots   
19                     Fluency of Language Expression   
20    Appropriateness of Professional Terminology Use   
21                          Conciseness of Expression   
22  Practical Application Potential of Research Re...   
23                Feasibility of Proposed Suggestions   
24                             Logic of Argumentation   
25                   Multi-angle Analysis of Problems   
26  Identification and Discussion of Research Limi...   

    ICC (Intraclass Correlation Coefficient) ICC 95% Confidence Interval  \
0                                   0.550238                [0.45, 0.66]   
1                                   0.862239                [0.81, 0.91]   
2                                   0.448357                [0.35, 0.57]   
3                                   0.750138                [0.67, 0.82]   
4                                   0.741892                [0.66, 0.82]   
5                                   0.688610                 [0.6, 0.78]   
6                                   0.693492                [0.61, 0.78]   
7                                   0.615091                [0.52, 0.72]   
8                                   0.726553                [0.64, 0.81]   
9                                   0.707699                [0.62, 0.79]   
10                                  0.491969                [0.39, 0.61]   
11                                  0.755969                [0.68, 0.83]   
12                                  0.701758                [0.61, 0.79]   
13                                  0.694477                [0.61, 0.78]   
14                                  0.743786                [0.66, 0.82]   
15                                  0.722195                 [0.64, 0.8]   
16                                  0.734962                [0.65, 0.81]   
17                                  0.713125                 [0.63, 0.8]   
18                                  0.587885                [0.49, 0.69]   
19                                  0.480216                 [0.38, 0.6]   
20                                  0.640440                [0.55, 0.74]   
21                                  0.489579                [0.39, 0.61]   
22                                  0.619851                [0.52, 0.72]   
23                                  0.502486                 [0.4, 0.62]   
24                                  0.698146                [0.61, 0.78]   
25                                  0.590239                [0.49, 0.69]   
26                                  0.631496                [0.54, 0.73]   

    Transitivity Consistency Ratio (%)  
0                             5.263158  
1                            58.139535  
2                            24.137931  
3                            75.581395  
4                            22.222222  
5                            42.857143  
6                            37.142857  
7                            73.134328  
8                            42.105263  
9                            58.695652  
10                           23.076923  
11                           77.647059  
12                           80.412371  
13                           81.318681  
14                           34.375000  
15                           50.000000  
16                           41.666667  
17                           58.695652  
18                           59.615385  
19                           28.125000  
20                           24.137931  
21                           47.222222  
22                           73.863636  
23                           77.500000  
24                           59.090909  
25                           59.090909  
26                           75.000000  

Results have been saved to 'reliability_analysis.csv'
