Author
10     0.256906
8      0.980974
6      8.809360
3     44.912624
9     58.887461
5     59.646805
4     67.228967
1     68.841931
2     94.031527
7     95.792685
0     99.077162
Name: Score, dtype: float64

Results have been saved to 'pagerank_results_balanced.csv'
Combined Results:
                                          Subcategory  \
0                                     Topic Relevance   
1                    Comprehensiveness of Information   
2                             Accuracy of Information   
3                        Innovativeness of Viewpoints   
4       Integration of Interdisciplinary Perspectives   
5                        Clarity of Logical Structure   
6               Reasonableness of Chapter Arrangement   
7              Quality of Introduction and Conclusion   
8              Accuracy and Completeness of Citations   
9              Timeliness and Relevance of References   
10   Avoidance of Plagiarism and Appropriate Citation   
11             Critical Analysis of Existing Research   
12   Proposal of New Research Directions or Questions   
13                Potential Contribution to the Field   
14             Clarity of Research Method Description   
15                    Rationality of Method Selection   
16                           Rigor of Research Design   
17               Inclusion of Latest Research Results   
18            Reflection of Current Research Hotspots   
19                     Fluency of Language Expression   
20    Appropriateness of Professional Terminology Use   
21                          Conciseness of Expression   
22  Practical Application Potential of Research Re...   
23                Feasibility of Proposed Suggestions   
24                             Logic of Argumentation   
25                   Multi-angle Analysis of Problems   
26  Identification and Discussion of Research Limi...   

    ICC (Intraclass Correlation Coefficient) ICC 95% Confidence Interval  \
0                                   0.616633                [0.52, 0.72]   
1                                   0.730167                [0.65, 0.81]   
2                                   0.535624                [0.43, 0.65]   
3                                   0.703284                [0.62, 0.79]   
4                                   0.717559                 [0.63, 0.8]   
5                                   0.646637                [0.55, 0.74]   
6                                   0.658964                [0.57, 0.75]   
7                                   0.569529                [0.47, 0.68]   
8                                   0.676750                [0.59, 0.77]   
9                                   0.721517                 [0.64, 0.8]   
10                                  0.415527                [0.32, 0.54]   
11                                  0.716317                 [0.63, 0.8]   
12                                  0.610251                [0.51, 0.71]   
13                                  0.708445                [0.62, 0.79]   
14                                  0.750509                [0.67, 0.82]   
15                                  0.727456                [0.64, 0.81]   
16                                  0.711138                [0.63, 0.79]   
17                                  0.726142                [0.64, 0.81]   
18                                  0.689117                 [0.6, 0.78]   
19                                  0.569184                [0.47, 0.68]   
20                                  0.624929                [0.53, 0.72]   
21                                  0.563678                [0.46, 0.67]   
22                                  0.700488                [0.61, 0.79]   
23                                  0.646865                [0.55, 0.74]   
24                                  0.693248                [0.61, 0.78]   
25                                  0.677778                [0.59, 0.77]   
26                                  0.678149                [0.59, 0.77]   

    Transitivity Consistency Ratio (%)  
0                            80.000000  
1                            86.060606  
2                            78.181818  
3                            89.696970  
4                            87.272727  
5                            86.060606  
6                            84.242424  
7                            89.696970  
8                            82.424242  
9                            81.818182  
10                           82.424242  
11                           86.060606  
12                           87.878788  
13                           84.242424  
14                           82.424242  
15                           81.818182  
16                           81.818182  
17                           81.818182  
18                           82.424242  
19                           89.696970  
20                           86.666667  
21                           92.121212  
22                           84.242424  
23                           89.090909  
24                           83.030303  
25                           86.060606  
26                           85.454545  

Results have been saved to 'reliability_analysis.csv'
Author
10     3.597898
8     29.241815
6     51.992679
3     79.513037
9     81.631308
5     85.594642
4     86.573184
1     87.381578
7     94.604076
0     96.156606
2     96.646347
Name: Score, dtype: float64

Results have been saved to 'pagerank_results_balanced.csv'
Combined Results:
                                          Subcategory  \
0                                     Topic Relevance   
1                    Comprehensiveness of Information   
2                             Accuracy of Information   
3                        Innovativeness of Viewpoints   
4       Integration of Interdisciplinary Perspectives   
5                        Clarity of Logical Structure   
6               Reasonableness of Chapter Arrangement   
7              Quality of Introduction and Conclusion   
8              Accuracy and Completeness of Citations   
9              Timeliness and Relevance of References   
10   Avoidance of Plagiarism and Appropriate Citation   
11             Critical Analysis of Existing Research   
12   Proposal of New Research Directions or Questions   
13                Potential Contribution to the Field   
14             Clarity of Research Method Description   
15                    Rationality of Method Selection   
16                           Rigor of Research Design   
17               Inclusion of Latest Research Results   
18            Reflection of Current Research Hotspots   
19                     Fluency of Language Expression   
20    Appropriateness of Professional Terminology Use   
21                          Conciseness of Expression   
22  Practical Application Potential of Research Re...   
23                Feasibility of Proposed Suggestions   
24                             Logic of Argumentation   
25                   Multi-angle Analysis of Problems   
26  Identification and Discussion of Research Limi...   

    ICC (Intraclass Correlation Coefficient) ICC 95% Confidence Interval  \
0                                   0.658727                [0.57, 0.75]   
1                                   0.794876                [0.73, 0.86]   
2                                   0.556017                [0.46, 0.67]   
3                                   0.757616                [0.68, 0.83]   
4                                   0.790492                [0.72, 0.85]   
5                                   0.779127                [0.71, 0.85]   
6                                   0.786633                [0.72, 0.85]   
7                                   0.705440                [0.62, 0.79]   
8                                   0.540429                [0.44, 0.65]   
9                                   0.617297                [0.52, 0.72]   
10                                  0.315099                [0.22, 0.43]   
11                                  0.766000                [0.69, 0.84]   
12                                  0.710566                [0.62, 0.79]   
13                                  0.728032                [0.64, 0.81]   
14                                  0.662242                [0.57, 0.76]   
15                                  0.657511                [0.56, 0.75]   
16                                  0.665607                [0.57, 0.76]   
17                                  0.623190                [0.53, 0.72]   
18                                  0.724464                 [0.64, 0.8]   
19                                  0.651731                [0.56, 0.75]   
20                                  0.659437                [0.57, 0.75]   
21                                  0.619062                [0.52, 0.72]   
22                                  0.727422                [0.64, 0.81]   
23                                  0.650609                [0.56, 0.75]   
24                                  0.755168                [0.68, 0.83]   
25                                  0.757234                [0.68, 0.83]   
26                                  0.659441                [0.57, 0.75]   

    Transitivity Consistency Ratio (%)  
0                            79.393939  
1                            83.030303  
2                            78.181818  
3                            89.696970  
4                            84.242424  
5                            83.030303  
6                            81.212121  
7                            85.454545  
8                            82.424242  
9                            81.212121  
10                           81.818182  
11                           86.060606  
12                           87.878788  
13                           84.242424  
14                           82.424242  
15                           81.818182  
16                           81.818182  
17                           81.212121  
18                           81.818182  
19                           86.060606  
20                           83.636364  
21                           89.090909  
22                           84.242424  
23                           89.090909  
24                           83.030303  
25                           85.454545  
26                           85.454545  

Results have been saved to 'reliability_analysis.csv'
Author
10     3.597898
8     29.241815
6     51.992679
3     79.513037
9     81.631308
5     85.594642
4     86.573184
1     87.381578
7     94.604076
0     96.156606
2     96.646347
Name: Score, dtype: float64

Results have been saved to 'pagerank_results_balanced.csv'
Combined Results:
                                          Subcategory  \
0                                     Topic Relevance   
1                    Comprehensiveness of Information   
2                             Accuracy of Information   
3                        Innovativeness of Viewpoints   
4       Integration of Interdisciplinary Perspectives   
5                        Clarity of Logical Structure   
6               Reasonableness of Chapter Arrangement   
7              Quality of Introduction and Conclusion   
8              Accuracy and Completeness of Citations   
9              Timeliness and Relevance of References   
10   Avoidance of Plagiarism and Appropriate Citation   
11             Critical Analysis of Existing Research   
12   Proposal of New Research Directions or Questions   
13                Potential Contribution to the Field   
14             Clarity of Research Method Description   
15                    Rationality of Method Selection   
16                           Rigor of Research Design   
17               Inclusion of Latest Research Results   
18            Reflection of Current Research Hotspots   
19                     Fluency of Language Expression   
20    Appropriateness of Professional Terminology Use   
21                          Conciseness of Expression   
22  Practical Application Potential of Research Re...   
23                Feasibility of Proposed Suggestions   
24                             Logic of Argumentation   
25                   Multi-angle Analysis of Problems   
26  Identification and Discussion of Research Limi...   

    ICC (Intraclass Correlation Coefficient) ICC 95% Confidence Interval  \
0                                   0.658727                [0.57, 0.75]   
1                                   0.794876                [0.73, 0.86]   
2                                   0.556017                [0.46, 0.67]   
3                                   0.757616                [0.68, 0.83]   
4                                   0.790492                [0.72, 0.85]   
5                                   0.779127                [0.71, 0.85]   
6                                   0.786633                [0.72, 0.85]   
7                                   0.705440                [0.62, 0.79]   
8                                   0.540429                [0.44, 0.65]   
9                                   0.617297                [0.52, 0.72]   
10                                  0.315099                [0.22, 0.43]   
11                                  0.766000                [0.69, 0.84]   
12                                  0.710566                [0.62, 0.79]   
13                                  0.728032                [0.64, 0.81]   
14                                  0.662242                [0.57, 0.76]   
15                                  0.657511                [0.56, 0.75]   
16                                  0.665607                [0.57, 0.76]   
17                                  0.623190                [0.53, 0.72]   
18                                  0.724464                 [0.64, 0.8]   
19                                  0.651731                [0.56, 0.75]   
20                                  0.659437                [0.57, 0.75]   
21                                  0.619062                [0.52, 0.72]   
22                                  0.727422                [0.64, 0.81]   
23                                  0.650609                [0.56, 0.75]   
24                                  0.755168                [0.68, 0.83]   
25                                  0.757234                [0.68, 0.83]   
26                                  0.659441                [0.57, 0.75]   

    Transitivity Consistency Ratio (%)  
0                            79.393939  
1                            83.030303  
2                            78.181818  
3                            89.696970  
4                            84.242424  
5                            83.030303  
6                            81.212121  
7                            85.454545  
8                            82.424242  
9                            81.212121  
10                           81.818182  
11                           86.060606  
12                           87.878788  
13                           84.242424  
14                           82.424242  
15                           81.818182  
16                           81.818182  
17                           81.212121  
18                           81.818182  
19                           86.060606  
20                           83.636364  
21                           89.090909  
22                           84.242424  
23                           89.090909  
24                           83.030303  
25                           85.454545  
26                           85.454545  

Results have been saved to 'reliability_analysis.csv'
Author
10     0.000000
8     30.658510
6     51.474893
3     80.839939
9     82.620017
5     84.966057
4     88.690606
1     90.254565
2     97.337729
7     98.317315
0     99.593839
Name: Score, dtype: float64

Results have been saved to 'pagerank_results_balanced.csv'
Combined Results:
                                          Subcategory  \
0                                     Topic Relevance   
1                    Comprehensiveness of Information   
2                             Accuracy of Information   
3                        Innovativeness of Viewpoints   
4       Integration of Interdisciplinary Perspectives   
5                        Clarity of Logical Structure   
6               Reasonableness of Chapter Arrangement   
7              Quality of Introduction and Conclusion   
8              Accuracy and Completeness of Citations   
9              Timeliness and Relevance of References   
10   Avoidance of Plagiarism and Appropriate Citation   
11             Critical Analysis of Existing Research   
12   Proposal of New Research Directions or Questions   
13                Potential Contribution to the Field   
14             Clarity of Research Method Description   
15                    Rationality of Method Selection   
16                           Rigor of Research Design   
17               Inclusion of Latest Research Results   
18            Reflection of Current Research Hotspots   
19                     Fluency of Language Expression   
20    Appropriateness of Professional Terminology Use   
21                          Conciseness of Expression   
22  Practical Application Potential of Research Re...   
23                Feasibility of Proposed Suggestions   
24                             Logic of Argumentation   
25                   Multi-angle Analysis of Problems   
26  Identification and Discussion of Research Limi...   

    ICC (Intraclass Correlation Coefficient) ICC 95% Confidence Interval  \
0                                   0.658727                [0.57, 0.75]   
1                                   0.794876                [0.73, 0.86]   
2                                   0.556017                [0.46, 0.67]   
3                                   0.757616                [0.68, 0.83]   
4                                   0.790492                [0.72, 0.85]   
5                                   0.779127                [0.71, 0.85]   
6                                   0.786633                [0.72, 0.85]   
7                                   0.705440                [0.62, 0.79]   
8                                   0.540429                [0.44, 0.65]   
9                                   0.617297                [0.52, 0.72]   
10                                  0.315099                [0.22, 0.43]   
11                                  0.766000                [0.69, 0.84]   
12                                  0.710566                [0.62, 0.79]   
13                                  0.728032                [0.64, 0.81]   
14                                  0.662242                [0.57, 0.76]   
15                                  0.657511                [0.56, 0.75]   
16                                  0.665607                [0.57, 0.76]   
17                                  0.623190                [0.53, 0.72]   
18                                  0.724464                 [0.64, 0.8]   
19                                  0.651731                [0.56, 0.75]   
20                                  0.659437                [0.57, 0.75]   
21                                  0.619062                [0.52, 0.72]   
22                                  0.727422                [0.64, 0.81]   
23                                  0.650609                [0.56, 0.75]   
24                                  0.755168                [0.68, 0.83]   
25                                  0.757234                [0.68, 0.83]   
26                                  0.659441                [0.57, 0.75]   

    Transitivity Consistency Ratio (%)  
0                            70.940171  
1                            83.030303  
2                            68.141593  
3                            89.696970  
4                            84.242424  
5                            81.081081  
6                            81.212121  
7                            84.000000  
8                            71.568627  
9                            81.212121  
10                           70.000000  
11                           86.060606  
12                           87.878788  
13                           84.242424  
14                           82.424242  
15                           80.891720  
16                           80.891720  
17                           81.212121  
18                           81.818182  
19                           85.350318  
20                           83.636364  
21                           88.535032  
22                           84.242424  
23                           88.535032  
24                           81.081081  
25                           84.713376  
26                           84.713376  

Results have been saved to 'reliability_analysis.csv'
Author
10     0.000000
8     30.658510
6     51.474893
3     80.839939
9     82.620017
5     84.966057
4     88.690606
1     90.254565
2     97.337729
7     98.317315
0     99.593839
Name: Score, dtype: float64

Results have been saved to 'pagerank_results_balanced.csv'
Combined Results:
                                          Subcategory  \
0                                     Topic Relevance   
1                    Comprehensiveness of Information   
2                             Accuracy of Information   
3                        Innovativeness of Viewpoints   
4       Integration of Interdisciplinary Perspectives   
5                        Clarity of Logical Structure   
6               Reasonableness of Chapter Arrangement   
7              Quality of Introduction and Conclusion   
8              Accuracy and Completeness of Citations   
9              Timeliness and Relevance of References   
10   Avoidance of Plagiarism and Appropriate Citation   
11             Critical Analysis of Existing Research   
12   Proposal of New Research Directions or Questions   
13                Potential Contribution to the Field   
14             Clarity of Research Method Description   
15                    Rationality of Method Selection   
16                           Rigor of Research Design   
17               Inclusion of Latest Research Results   
18            Reflection of Current Research Hotspots   
19                     Fluency of Language Expression   
20    Appropriateness of Professional Terminology Use   
21                          Conciseness of Expression   
22  Practical Application Potential of Research Re...   
23                Feasibility of Proposed Suggestions   
24                             Logic of Argumentation   
25                   Multi-angle Analysis of Problems   
26  Identification and Discussion of Research Limi...   

    ICC (Intraclass Correlation Coefficient) ICC 95% Confidence Interval  \
0                                   0.658727                [0.57, 0.75]   
1                                   0.794876                [0.73, 0.86]   
2                                   0.556017                [0.46, 0.67]   
3                                   0.757616                [0.68, 0.83]   
4                                   0.790492                [0.72, 0.85]   
5                                   0.779127                [0.71, 0.85]   
6                                   0.786633                [0.72, 0.85]   
7                                   0.705440                [0.62, 0.79]   
8                                   0.540429                [0.44, 0.65]   
9                                   0.617297                [0.52, 0.72]   
10                                  0.315099                [0.22, 0.43]   
11                                  0.766000                [0.69, 0.84]   
12                                  0.710566                [0.62, 0.79]   
13                                  0.728032                [0.64, 0.81]   
14                                  0.662242                [0.57, 0.76]   
15                                  0.657511                [0.56, 0.75]   
16                                  0.665607                [0.57, 0.76]   
17                                  0.623190                [0.53, 0.72]   
18                                  0.724464                 [0.64, 0.8]   
19                                  0.651731                [0.56, 0.75]   
20                                  0.659437                [0.57, 0.75]   
21                                  0.619062                [0.52, 0.72]   
22                                  0.727422                [0.64, 0.81]   
23                                  0.650609                [0.56, 0.75]   
24                                  0.755168                [0.68, 0.83]   
25                                  0.757234                [0.68, 0.83]   
26                                  0.659441                [0.57, 0.75]   

    Transitivity Consistency Ratio (%)  
0                            70.940171  
1                            83.030303  
2                            68.141593  
3                            89.696970  
4                            84.242424  
5                            81.081081  
6                            81.212121  
7                            84.000000  
8                            71.568627  
9                            81.212121  
10                           70.000000  
11                           86.060606  
12                           87.878788  
13                           84.242424  
14                           82.424242  
15                           80.891720  
16                           80.891720  
17                           81.212121  
18                           81.818182  
19                           85.350318  
20                           83.636364  
21                           88.535032  
22                           84.242424  
23                           88.535032  
24                           81.081081  
25                           84.713376  
26                           84.713376  

Results have been saved to 'reliability_analysis.csv'
