Author
10     0.000000
6     39.755490
7     43.293904
4     57.383918
8     59.516136
1     62.891014
0     76.197533
2     78.778070
3     97.431739
5     99.354059
9     99.902345
Name: Score, dtype: float64

Results have been saved to 'pagerank_results_balanced.csv'
Combined Results:
                                          Subcategory  \
0                                     Topic Relevance   
1                    Comprehensiveness of Information   
2                             Accuracy of Information   
3                        Innovativeness of Viewpoints   
4       Integration of Interdisciplinary Perspectives   
5                        Clarity of Logical Structure   
6               Reasonableness of Chapter Arrangement   
7              Quality of Introduction and Conclusion   
8              Accuracy and Completeness of Citations   
9              Timeliness and Relevance of References   
10   Avoidance of Plagiarism and Appropriate Citation   
11             Critical Analysis of Existing Research   
12   Proposal of New Research Directions or Questions   
13                Potential Contribution to the Field   
14             Clarity of Research Method Description   
15                    Rationality of Method Selection   
16                           Rigor of Research Design   
17               Inclusion of Latest Research Results   
18            Reflection of Current Research Hotspots   
19                     Fluency of Language Expression   
20    Appropriateness of Professional Terminology Use   
21                          Conciseness of Expression   
22  Practical Application Potential of Research Re...   
23                Feasibility of Proposed Suggestions   
24                             Logic of Argumentation   
25                   Multi-angle Analysis of Problems   
26  Identification and Discussion of Research Limi...   

    ICC (Intraclass Correlation Coefficient) ICC 95% Confidence Interval  \
0                                   0.544004                [0.44, 0.65]   
1                                   0.826204                [0.77, 0.88]   
2                                   0.253366                [0.17, 0.37]   
3                                   0.806873                [0.74, 0.87]   
4                                   0.779084                [0.71, 0.85]   
5                                   0.768457                [0.69, 0.84]   
6                                   0.750535                [0.67, 0.82]   
7                                   0.745327                [0.67, 0.82]   
8                                   0.604355                [0.51, 0.71]   
9                                   0.714375                 [0.63, 0.8]   
10                                  0.326168                [0.23, 0.44]   
11                                  0.785686                [0.71, 0.85]   
12                                  0.748884                [0.67, 0.82]   
13                                  0.778363                [0.71, 0.85]   
14                                  0.701128                [0.61, 0.79]   
15                                  0.713201                 [0.63, 0.8]   
16                                  0.694897                [0.61, 0.78]   
17                                  0.733437                [0.65, 0.81]   
18                                  0.731606                [0.65, 0.81]   
19                                  0.674127                [0.58, 0.76]   
20                                  0.657527                [0.56, 0.75]   
21                                  0.717902                 [0.63, 0.8]   
22                                  0.737654                [0.66, 0.81]   
23                                  0.721823                 [0.64, 0.8]   
24                                  0.747223                [0.67, 0.82]   
25                                  0.736611                [0.66, 0.81]   
26                                  0.711132                [0.63, 0.79]   

    Transitivity Consistency Ratio (%)  
0                            74.545455  
1                            69.696970  
2                            85.454545  
3                            72.121212  
4                            71.515152  
5                            71.515152  
6                            72.121212  
7                            71.515152  
8                            73.333333  
9                            70.909091  
10                           81.212121  
11                           72.121212  
12                           70.303030  
13                           72.121212  
14                           75.151515  
15                           72.727273  
16                           73.333333  
17                           70.909091  
18                           70.303030  
19                           71.515152  
20                           75.151515  
21                           71.515152  
22                           72.121212  
23                           72.121212  
24                           72.121212  
25                           72.121212  
26                           70.909091  

Results have been saved to 'reliability_analysis.csv'
Author
10     0.000000
6     36.661570
7     37.700014
4     56.725936
8     58.656403
1     61.841761
0     74.628215
2     79.342431
3     97.485715
5     99.285122
9     99.957022
Name: Score, dtype: float64

Results have been saved to 'pagerank_results_balanced.csv'
Combined Results:
                                          Subcategory  \
0                                     Topic Relevance   
1                    Comprehensiveness of Information   
2                             Accuracy of Information   
3                        Innovativeness of Viewpoints   
4       Integration of Interdisciplinary Perspectives   
5                        Clarity of Logical Structure   
6               Reasonableness of Chapter Arrangement   
7              Quality of Introduction and Conclusion   
8              Accuracy and Completeness of Citations   
9              Timeliness and Relevance of References   
10   Avoidance of Plagiarism and Appropriate Citation   
11             Critical Analysis of Existing Research   
12   Proposal of New Research Directions or Questions   
13                Potential Contribution to the Field   
14             Clarity of Research Method Description   
15                    Rationality of Method Selection   
16                           Rigor of Research Design   
17               Inclusion of Latest Research Results   
18            Reflection of Current Research Hotspots   
19                     Fluency of Language Expression   
20    Appropriateness of Professional Terminology Use   
21                          Conciseness of Expression   
22  Practical Application Potential of Research Re...   
23                Feasibility of Proposed Suggestions   
24                             Logic of Argumentation   
25                   Multi-angle Analysis of Problems   
26  Identification and Discussion of Research Limi...   

    ICC (Intraclass Correlation Coefficient) ICC 95% Confidence Interval  \
0                                   0.544004                [0.44, 0.65]   
1                                   0.826204                [0.77, 0.88]   
2                                   0.253366                [0.17, 0.37]   
3                                   0.806873                [0.74, 0.87]   
4                                   0.779084                [0.71, 0.85]   
5                                   0.768457                [0.69, 0.84]   
6                                   0.750535                [0.67, 0.82]   
7                                   0.745327                [0.67, 0.82]   
8                                   0.604355                [0.51, 0.71]   
9                                   0.714375                 [0.63, 0.8]   
10                                  0.326168                [0.23, 0.44]   
11                                  0.785686                [0.71, 0.85]   
12                                  0.748884                [0.67, 0.82]   
13                                  0.778363                [0.71, 0.85]   
14                                  0.701128                [0.61, 0.79]   
15                                  0.713201                 [0.63, 0.8]   
16                                  0.694897                [0.61, 0.78]   
17                                  0.733437                [0.65, 0.81]   
18                                  0.731606                [0.65, 0.81]   
19                                  0.674127                [0.58, 0.76]   
20                                  0.657527                [0.56, 0.75]   
21                                  0.717902                 [0.63, 0.8]   
22                                  0.737654                [0.66, 0.81]   
23                                  0.721823                 [0.64, 0.8]   
24                                  0.747223                [0.67, 0.82]   
25                                  0.736611                [0.66, 0.81]   
26                                  0.711132                [0.63, 0.79]   

    Transitivity Consistency Ratio (%)  
0                            60.000000  
1                            69.696970  
2                            52.000000  
3                            72.121212  
4                            71.515152  
5                            71.515152  
6                            72.121212  
7                            71.515152  
8                            60.360360  
9                            70.909091  
10                           45.614035  
11                           72.121212  
12                           69.375000  
13                           72.121212  
14                           75.151515  
15                           72.727273  
16                           73.333333  
17                           70.909091  
18                           70.303030  
19                           71.515152  
20                           73.717949  
21                           71.515152  
22                           72.121212  
23                           72.121212  
24                           72.121212  
25                           72.121212  
26                           70.909091  

Results have been saved to 'reliability_analysis.csv'
Author
10     0.000000
6     36.661570
7     37.700014
4     56.725936
8     58.656403
1     61.841761
0     74.628215
2     79.342431
3     97.485715
5     99.285122
9     99.957022
Name: Score, dtype: float64

Results have been saved to 'pagerank_results_balanced.csv'
Combined Results:
                                          Subcategory  \
0                                     Topic Relevance   
1                    Comprehensiveness of Information   
2                             Accuracy of Information   
3                        Innovativeness of Viewpoints   
4       Integration of Interdisciplinary Perspectives   
5                        Clarity of Logical Structure   
6               Reasonableness of Chapter Arrangement   
7              Quality of Introduction and Conclusion   
8              Accuracy and Completeness of Citations   
9              Timeliness and Relevance of References   
10   Avoidance of Plagiarism and Appropriate Citation   
11             Critical Analysis of Existing Research   
12   Proposal of New Research Directions or Questions   
13                Potential Contribution to the Field   
14             Clarity of Research Method Description   
15                    Rationality of Method Selection   
16                           Rigor of Research Design   
17               Inclusion of Latest Research Results   
18            Reflection of Current Research Hotspots   
19                     Fluency of Language Expression   
20    Appropriateness of Professional Terminology Use   
21                          Conciseness of Expression   
22  Practical Application Potential of Research Re...   
23                Feasibility of Proposed Suggestions   
24                             Logic of Argumentation   
25                   Multi-angle Analysis of Problems   
26  Identification and Discussion of Research Limi...   

    ICC (Intraclass Correlation Coefficient) ICC 95% Confidence Interval  \
0                                   0.544004                [0.44, 0.65]   
1                                   0.826204                [0.77, 0.88]   
2                                   0.253366                [0.17, 0.37]   
3                                   0.806873                [0.74, 0.87]   
4                                   0.779084                [0.71, 0.85]   
5                                   0.768457                [0.69, 0.84]   
6                                   0.750535                [0.67, 0.82]   
7                                   0.745327                [0.67, 0.82]   
8                                   0.604355                [0.51, 0.71]   
9                                   0.714375                 [0.63, 0.8]   
10                                  0.326168                [0.23, 0.44]   
11                                  0.785686                [0.71, 0.85]   
12                                  0.748884                [0.67, 0.82]   
13                                  0.778363                [0.71, 0.85]   
14                                  0.701128                [0.61, 0.79]   
15                                  0.713201                 [0.63, 0.8]   
16                                  0.694897                [0.61, 0.78]   
17                                  0.733437                [0.65, 0.81]   
18                                  0.731606                [0.65, 0.81]   
19                                  0.674127                [0.58, 0.76]   
20                                  0.657527                [0.56, 0.75]   
21                                  0.717902                 [0.63, 0.8]   
22                                  0.737654                [0.66, 0.81]   
23                                  0.721823                 [0.64, 0.8]   
24                                  0.747223                [0.67, 0.82]   
25                                  0.736611                [0.66, 0.81]   
26                                  0.711132                [0.63, 0.79]   

    Transitivity Consistency Ratio (%)  
0                            60.000000  
1                            69.696970  
2                            52.000000  
3                            72.121212  
4                            71.515152  
5                            71.515152  
6                            72.121212  
7                            71.515152  
8                            60.360360  
9                            70.909091  
10                           45.614035  
11                           72.121212  
12                           69.375000  
13                           72.121212  
14                           75.151515  
15                           72.727273  
16                           73.333333  
17                           70.909091  
18                           70.303030  
19                           71.515152  
20                           73.717949  
21                           71.515152  
22                           72.121212  
23                           72.121212  
24                           72.121212  
25                           72.121212  
26                           70.909091  

Results have been saved to 'reliability_analysis.csv'
