Author
10     0.000000
4     52.074817
5     60.395960
2     62.797135
0     70.892769
1     72.839995
6     76.260367
7     77.756091
3     83.644440
8     90.076638
9     99.846169
Name: Score, dtype: float64

Results have been saved to 'pagerank_results_balanced.csv'
Combined Results:
                                          Subcategory  \
0                                     Topic Relevance   
1                    Comprehensiveness of Information   
2                             Accuracy of Information   
3                        Innovativeness of Viewpoints   
4       Integration of Interdisciplinary Perspectives   
5                        Clarity of Logical Structure   
6               Reasonableness of Chapter Arrangement   
7              Quality of Introduction and Conclusion   
8              Accuracy and Completeness of Citations   
9              Timeliness and Relevance of References   
10   Avoidance of Plagiarism and Appropriate Citation   
11             Critical Analysis of Existing Research   
12   Proposal of New Research Directions or Questions   
13                Potential Contribution to the Field   
14             Clarity of Research Method Description   
15                    Rationality of Method Selection   
16                           Rigor of Research Design   
17               Inclusion of Latest Research Results   
18            Reflection of Current Research Hotspots   
19                     Fluency of Language Expression   
20    Appropriateness of Professional Terminology Use   
21                          Conciseness of Expression   
22  Practical Application Potential of Research Re...   
23                Feasibility of Proposed Suggestions   
24                             Logic of Argumentation   
25                   Multi-angle Analysis of Problems   
26  Identification and Discussion of Research Limi...   

    ICC (Intraclass Correlation Coefficient) ICC 95% Confidence Interval  \
0                                   0.528826                [0.42, 0.65]   
1                                   0.791930                [0.69, 0.87]   
2                                   0.515241                [0.41, 0.63]   
3                                   0.603959                [0.49, 0.71]   
4                                   0.784844                [0.71, 0.85]   
5                                   0.800725                [0.73, 0.86]   
6                                   0.753113                [0.66, 0.83]   
7                                   0.591401                 [0.48, 0.7]   
8                                   0.610689                [0.51, 0.71]   
9                                   0.572166                [0.47, 0.68]   
10                                  0.367250                [0.27, 0.49]   
11                                  0.706585                 [0.61, 0.8]   
12                                  0.635710                [0.53, 0.74]   
13                                  0.698627                 [0.6, 0.79]   
14                                  0.612689                [0.51, 0.72]   
15                                  0.604139                 [0.5, 0.71]   
16                                  0.577662                [0.48, 0.69]   
17                                  0.576543                [0.48, 0.68]   
18                                  0.662737                [0.57, 0.76]   
19                                  0.564502                [0.46, 0.67]   
20                                  0.643599                [0.55, 0.74]   
21                                  0.509994                [0.41, 0.63]   
22                                  0.679563                [0.58, 0.77]   
23                                  0.514749                [0.41, 0.63]   
24                                  0.675932                [0.58, 0.77]   
25                                  0.710498                 [0.62, 0.8]   
26                                  0.583418                [0.48, 0.69]   

    Transitivity Consistency Ratio (%)  
0                            90.909091  
1                            86.060606  
2                            88.484848  
3                            85.454545  
4                            82.424242  
5                            83.030303  
6                            81.818182  
7                            87.272727  
8                            88.484848  
9                            82.424242  
10                           92.727273  
11                           83.636364  
12                           85.454545  
13                           83.030303  
14                           84.848485  
15                           81.818182  
16                           80.606061  
17                           82.424242  
18                           80.000000  
19                           89.090909  
20                           83.636364  
21                           85.454545  
22                           83.030303  
23                           86.060606  
24                           78.787879  
25                           79.393939  
26                           78.787879  

Results have been saved to 'reliability_analysis.csv'
Author
10     0.000000
4     52.074817
5     60.395960
2     62.797135
0     70.892769
1     72.839995
6     76.260367
7     77.756091
3     83.644440
8     90.076638
9     99.846169
Name: Score, dtype: float64

Results have been saved to 'pagerank_results_balanced.csv'
Combined Results:
                                          Subcategory  \
0                                     Topic Relevance   
1                    Comprehensiveness of Information   
2                             Accuracy of Information   
3                        Innovativeness of Viewpoints   
4       Integration of Interdisciplinary Perspectives   
5                        Clarity of Logical Structure   
6               Reasonableness of Chapter Arrangement   
7              Quality of Introduction and Conclusion   
8              Accuracy and Completeness of Citations   
9              Timeliness and Relevance of References   
10   Avoidance of Plagiarism and Appropriate Citation   
11             Critical Analysis of Existing Research   
12   Proposal of New Research Directions or Questions   
13                Potential Contribution to the Field   
14             Clarity of Research Method Description   
15                    Rationality of Method Selection   
16                           Rigor of Research Design   
17               Inclusion of Latest Research Results   
18            Reflection of Current Research Hotspots   
19                     Fluency of Language Expression   
20    Appropriateness of Professional Terminology Use   
21                          Conciseness of Expression   
22  Practical Application Potential of Research Re...   
23                Feasibility of Proposed Suggestions   
24                             Logic of Argumentation   
25                   Multi-angle Analysis of Problems   
26  Identification and Discussion of Research Limi...   

    ICC (Intraclass Correlation Coefficient) ICC 95% Confidence Interval  \
0                                   0.528826                [0.42, 0.65]   
1                                   0.791930                [0.69, 0.87]   
2                                   0.515241                [0.41, 0.63]   
3                                   0.603959                [0.49, 0.71]   
4                                   0.784844                [0.71, 0.85]   
5                                   0.800725                [0.73, 0.86]   
6                                   0.753113                [0.66, 0.83]   
7                                   0.591401                 [0.48, 0.7]   
8                                   0.610689                [0.51, 0.71]   
9                                   0.572166                [0.47, 0.68]   
10                                  0.367250                [0.27, 0.49]   
11                                  0.706585                 [0.61, 0.8]   
12                                  0.635710                [0.53, 0.74]   
13                                  0.698627                 [0.6, 0.79]   
14                                  0.612689                [0.51, 0.72]   
15                                  0.604139                 [0.5, 0.71]   
16                                  0.577662                [0.48, 0.69]   
17                                  0.576543                [0.48, 0.68]   
18                                  0.662737                [0.57, 0.76]   
19                                  0.564502                [0.46, 0.67]   
20                                  0.643599                [0.55, 0.74]   
21                                  0.509994                [0.41, 0.63]   
22                                  0.679563                [0.58, 0.77]   
23                                  0.514749                [0.41, 0.63]   
24                                  0.675932                [0.58, 0.77]   
25                                  0.710498                 [0.62, 0.8]   
26                                  0.583418                [0.48, 0.69]   

    Transitivity Consistency Ratio (%)  
0                            90.909091  
1                            86.060606  
2                            88.484848  
3                            85.454545  
4                            82.424242  
5                            83.030303  
6                            81.818182  
7                            87.272727  
8                            88.484848  
9                            82.424242  
10                           92.727273  
11                           83.636364  
12                           85.454545  
13                           83.030303  
14                           84.848485  
15                           81.818182  
16                           80.606061  
17                           82.424242  
18                           80.000000  
19                           89.090909  
20                           83.636364  
21                           85.454545  
22                           83.030303  
23                           86.060606  
24                           78.787879  
25                           79.393939  
26                           78.787879  

Results have been saved to 'reliability_analysis.csv'
Author
10     0.000000
4     48.802370
5     57.194945
2     60.809324
0     71.172440
1     73.173360
7     74.922442
6     76.879693
3     82.895496
8     91.173648
9     99.973899
Name: Score, dtype: float64

Results have been saved to 'pagerank_results_balanced.csv'
Combined Results:
                                          Subcategory  \
0                                     Topic Relevance   
1                    Comprehensiveness of Information   
2                             Accuracy of Information   
3                        Innovativeness of Viewpoints   
4       Integration of Interdisciplinary Perspectives   
5                        Clarity of Logical Structure   
6               Reasonableness of Chapter Arrangement   
7              Quality of Introduction and Conclusion   
8              Accuracy and Completeness of Citations   
9              Timeliness and Relevance of References   
10   Avoidance of Plagiarism and Appropriate Citation   
11             Critical Analysis of Existing Research   
12   Proposal of New Research Directions or Questions   
13                Potential Contribution to the Field   
14             Clarity of Research Method Description   
15                    Rationality of Method Selection   
16                           Rigor of Research Design   
17               Inclusion of Latest Research Results   
18            Reflection of Current Research Hotspots   
19                     Fluency of Language Expression   
20    Appropriateness of Professional Terminology Use   
21                          Conciseness of Expression   
22  Practical Application Potential of Research Re...   
23                Feasibility of Proposed Suggestions   
24                             Logic of Argumentation   
25                   Multi-angle Analysis of Problems   
26  Identification and Discussion of Research Limi...   

    ICC (Intraclass Correlation Coefficient) ICC 95% Confidence Interval  \
0                                   0.528826                [0.42, 0.65]   
1                                   0.791930                [0.69, 0.87]   
2                                   0.515241                [0.41, 0.63]   
3                                   0.603959                [0.49, 0.71]   
4                                   0.784844                [0.71, 0.85]   
5                                   0.800725                [0.73, 0.86]   
6                                   0.753113                [0.66, 0.83]   
7                                   0.591401                 [0.48, 0.7]   
8                                   0.610689                [0.51, 0.71]   
9                                   0.572166                [0.47, 0.68]   
10                                  0.367250                [0.27, 0.49]   
11                                  0.706585                 [0.61, 0.8]   
12                                  0.635710                [0.53, 0.74]   
13                                  0.698627                 [0.6, 0.79]   
14                                  0.612689                [0.51, 0.72]   
15                                  0.604139                 [0.5, 0.71]   
16                                  0.577662                [0.48, 0.69]   
17                                  0.576543                [0.48, 0.68]   
18                                  0.662737                [0.57, 0.76]   
19                                  0.564502                [0.46, 0.67]   
20                                  0.643599                [0.55, 0.74]   
21                                  0.509994                [0.41, 0.63]   
22                                  0.679563                [0.58, 0.77]   
23                                  0.514749                [0.41, 0.63]   
24                                  0.675932                [0.58, 0.77]   
25                                  0.710498                 [0.62, 0.8]   
26                                  0.583418                [0.48, 0.69]   

    Transitivity Consistency Ratio (%)  
0                            50.000000  
1                            79.646018  
2                            50.000000  
3                            85.454545  
4                            68.478261  
5                            60.563380  
6                            73.684211  
7                            82.644628  
8                            50.000000  
9                            75.213675  
10                           55.555556  
11                           82.236842  
12                           85.454545  
13                           82.500000  
14                           59.016393  
15                           75.206612  
16                           72.649573  
17                           76.612903  
18                           75.000000  
19                           75.342466  
20                           66.666667  
21                           80.645161  
22                           80.555556  
23                           85.534591  
24                           70.085470  
25                           77.631579  
26                           74.637681  

Results have been saved to 'reliability_analysis.csv'
Author
10     0.000000
4     48.802370
5     57.194945
2     60.809324
0     71.172440
1     73.173360
7     74.922442
6     76.879693
3     82.895496
8     91.173648
9     99.973899
Name: Score, dtype: float64

Results have been saved to 'pagerank_results_balanced.csv'
Combined Results:
                                          Subcategory  \
0                                     Topic Relevance   
1                    Comprehensiveness of Information   
2                             Accuracy of Information   
3                        Innovativeness of Viewpoints   
4       Integration of Interdisciplinary Perspectives   
5                        Clarity of Logical Structure   
6               Reasonableness of Chapter Arrangement   
7              Quality of Introduction and Conclusion   
8              Accuracy and Completeness of Citations   
9              Timeliness and Relevance of References   
10   Avoidance of Plagiarism and Appropriate Citation   
11             Critical Analysis of Existing Research   
12   Proposal of New Research Directions or Questions   
13                Potential Contribution to the Field   
14             Clarity of Research Method Description   
15                    Rationality of Method Selection   
16                           Rigor of Research Design   
17               Inclusion of Latest Research Results   
18            Reflection of Current Research Hotspots   
19                     Fluency of Language Expression   
20    Appropriateness of Professional Terminology Use   
21                          Conciseness of Expression   
22  Practical Application Potential of Research Re...   
23                Feasibility of Proposed Suggestions   
24                             Logic of Argumentation   
25                   Multi-angle Analysis of Problems   
26  Identification and Discussion of Research Limi...   

    ICC (Intraclass Correlation Coefficient) ICC 95% Confidence Interval  \
0                                   0.528826                [0.42, 0.65]   
1                                   0.791930                [0.69, 0.87]   
2                                   0.515241                [0.41, 0.63]   
3                                   0.603959                [0.49, 0.71]   
4                                   0.784844                [0.71, 0.85]   
5                                   0.800725                [0.73, 0.86]   
6                                   0.753113                [0.66, 0.83]   
7                                   0.591401                 [0.48, 0.7]   
8                                   0.610689                [0.51, 0.71]   
9                                   0.572166                [0.47, 0.68]   
10                                  0.367250                [0.27, 0.49]   
11                                  0.706585                 [0.61, 0.8]   
12                                  0.635710                [0.53, 0.74]   
13                                  0.698627                 [0.6, 0.79]   
14                                  0.612689                [0.51, 0.72]   
15                                  0.604139                 [0.5, 0.71]   
16                                  0.577662                [0.48, 0.69]   
17                                  0.576543                [0.48, 0.68]   
18                                  0.662737                [0.57, 0.76]   
19                                  0.564502                [0.46, 0.67]   
20                                  0.643599                [0.55, 0.74]   
21                                  0.509994                [0.41, 0.63]   
22                                  0.679563                [0.58, 0.77]   
23                                  0.514749                [0.41, 0.63]   
24                                  0.675932                [0.58, 0.77]   
25                                  0.710498                 [0.62, 0.8]   
26                                  0.583418                [0.48, 0.69]   

    Transitivity Consistency Ratio (%)  
0                            50.000000  
1                            79.646018  
2                            50.000000  
3                            85.454545  
4                            68.478261  
5                            60.563380  
6                            73.684211  
7                            82.644628  
8                            50.000000  
9                            75.213675  
10                           55.555556  
11                           82.236842  
12                           85.454545  
13                           82.500000  
14                           59.016393  
15                           75.206612  
16                           72.649573  
17                           76.612903  
18                           75.000000  
19                           75.342466  
20                           66.666667  
21                           80.645161  
22                           80.555556  
23                           85.534591  
24                           70.085470  
25                           77.631579  
26                           74.637681  

Results have been saved to 'reliability_analysis.csv'
