Author
8       0.814798
7       1.668758
6       2.077902
1       2.415716
3       2.510573
4      20.432324
2      24.447573
0      37.291283
5      47.268801
10     56.499746
9     100.000000
Name: Score, dtype: float64

Results have been saved to 'pagerank_results_balanced.csv'
Combined Results:
                                          Subcategory  \
0                                     Topic Relevance   
1                    Comprehensiveness of Information   
2                             Accuracy of Information   
3                        Innovativeness of Viewpoints   
4       Integration of Interdisciplinary Perspectives   
5                        Clarity of Logical Structure   
6               Reasonableness of Chapter Arrangement   
7              Quality of Introduction and Conclusion   
8              Accuracy and Completeness of Citations   
9              Timeliness and Relevance of References   
10   Avoidance of Plagiarism and Appropriate Citation   
11             Critical Analysis of Existing Research   
12   Proposal of New Research Directions or Questions   
13                Potential Contribution to the Field   
14             Clarity of Research Method Description   
15                    Rationality of Method Selection   
16                           Rigor of Research Design   
17               Inclusion of Latest Research Results   
18            Reflection of Current Research Hotspots   
19                     Fluency of Language Expression   
20    Appropriateness of Professional Terminology Use   
21                          Conciseness of Expression   
22  Practical Application Potential of Research Re...   
23                Feasibility of Proposed Suggestions   
24                             Logic of Argumentation   
25                   Multi-angle Analysis of Problems   
26  Identification and Discussion of Research Limi...   

    ICC (Intraclass Correlation Coefficient) ICC 95% Confidence Interval  \
0                                   0.641400                [0.55, 0.74]   
1                                   0.838293                [0.78, 0.89]   
2                                   0.515571                [0.41, 0.63]   
3                                   0.792738                [0.72, 0.86]   
4                                   0.789908                [0.72, 0.85]   
5                                   0.793835                [0.72, 0.86]   
6                                   0.791813                [0.72, 0.86]   
7                                   0.699790                [0.61, 0.78]   
8                                   0.600966                  [0.5, 0.7]   
9                                   0.656881                [0.56, 0.75]   
10                                  0.422198                [0.32, 0.54]   
11                                  0.784871                [0.71, 0.85]   
12                                  0.687199                 [0.6, 0.77]   
13                                  0.772775                 [0.7, 0.84]   
14                                  0.723741                 [0.64, 0.8]   
15                                  0.729377                [0.65, 0.81]   
16                                  0.723890                 [0.64, 0.8]   
17                                  0.657403                [0.56, 0.75]   
18                                  0.683306                [0.59, 0.77]   
19                                  0.674652                [0.58, 0.76]   
20                                  0.660813                [0.57, 0.75]   
21                                  0.693554                [0.61, 0.78]   
22                                  0.775345                 [0.7, 0.84]   
23                                  0.584936                [0.49, 0.69]   
24                                  0.777653                 [0.7, 0.84]   
25                                  0.790658                [0.72, 0.85]   
26                                  0.706921                [0.62, 0.79]   

    Transitivity Consistency Ratio (%)  
0                            83.636364  
1                            80.000000  
2                            84.848485  
3                            81.818182  
4                            81.818182  
5                            76.969697  
6                            78.181818  
7                            81.818182  
8                            84.848485  
9                            81.818182  
10                           85.454545  
11                           84.242424  
12                           81.818182  
13                           80.606061  
14                           84.242424  
15                           83.636364  
16                           83.636364  
17                           83.636364  
18                           80.606061  
19                           81.818182  
20                           83.030303  
21                           80.606061  
22                           80.606061  
23                           81.818182  
24                           80.606061  
25                           80.606061  
26                           80.606061  

Results have been saved to 'reliability_analysis.csv'
