Author
6      2.733650
4      6.510230
8      7.851132
5     10.086772
2     14.720902
1     65.222083
7     65.384614
0     71.597246
3     76.636038
10    83.994493
9     91.544195
Name: Score, dtype: float64

Results have been saved to 'pagerank_results_balanced.csv'
Combined Results:
                                          Subcategory  \
0                                     Topic Relevance   
1                    Comprehensiveness of Information   
2                             Accuracy of Information   
3                        Innovativeness of Viewpoints   
4       Integration of Interdisciplinary Perspectives   
5                        Clarity of Logical Structure   
6               Reasonableness of Chapter Arrangement   
7              Quality of Introduction and Conclusion   
8              Accuracy and Completeness of Citations   
9              Timeliness and Relevance of References   
10   Avoidance of Plagiarism and Appropriate Citation   
11             Critical Analysis of Existing Research   
12   Proposal of New Research Directions or Questions   
13                Potential Contribution to the Field   
14             Clarity of Research Method Description   
15                    Rationality of Method Selection   
16                           Rigor of Research Design   
17               Inclusion of Latest Research Results   
18            Reflection of Current Research Hotspots   
19                     Fluency of Language Expression   
20    Appropriateness of Professional Terminology Use   
21                          Conciseness of Expression   
22  Practical Application Potential of Research Re...   
23                Feasibility of Proposed Suggestions   
24                             Logic of Argumentation   
25                   Multi-angle Analysis of Problems   
26  Identification and Discussion of Research Limi...   

    ICC (Intraclass Correlation Coefficient) ICC 95% Confidence Interval  \
0                                   0.502400                [0.39, 0.62]   
1                                   0.866102                [0.82, 0.91]   
2                                   0.229042                [0.15, 0.34]   
3                                   0.420385                [0.31, 0.55]   
4                                   0.673913                [0.58, 0.76]   
5                                   0.801814                [0.73, 0.86]   
6                                   0.776267                 [0.7, 0.84]   
7                                   0.681015                [0.59, 0.77]   
8                                   0.228984                [0.15, 0.34]   
9                                   0.451142                [0.35, 0.57]   
10                                  0.135429                [0.07, 0.23]   
11                                  0.544375                [0.43, 0.66]   
12                                  0.351851                [0.26, 0.47]   
13                                  0.550213                [0.45, 0.66]   
14                                  0.663722                [0.57, 0.76]   
15                                  0.653640                [0.56, 0.75]   
16                                  0.664936                [0.57, 0.76]   
17                                  0.459172                [0.36, 0.58]   
18                                  0.626032                [0.53, 0.73]   
19                                  0.622738                [0.52, 0.72]   
20                                  0.530968                [0.43, 0.64]   
21                                  0.482219                 [0.38, 0.6]   
22                                  0.614258                [0.52, 0.72]   
23                                  0.583283                [0.48, 0.69]   
24                                  0.700788                [0.61, 0.79]   
25                                  0.712066                 [0.63, 0.8]   
26                                  0.645017                [0.55, 0.74]   

    Transitivity Consistency Ratio (%)  
0                            83.636364  
1                            73.939394  
2                            89.696970  
3                            84.848485  
4                            75.151515  
5                            76.969697  
6                            76.363636  
7                            75.151515  
8                            80.606061  
9                            73.939394  
10                           92.727273  
11                           75.757576  
12                           82.424242  
13                           78.181818  
14                           75.151515  
15                           76.969697  
16                           76.363636  
17                           73.939394  
18                           73.939394  
19                           74.545455  
20                           80.000000  
21                           76.969697  
22                           73.939394  
23                           72.727273  
24                           76.363636  
25                           72.727273  
26                           72.727273  

Results have been saved to 'reliability_analysis.csv'
