Author
10    32.768433
7     42.568893
2     45.588677
0     46.269184
8     50.939160
1     52.145659
6     52.956061
5     53.792004
3     60.719797
4     63.624346
9     82.271076
Name: Score, dtype: float64

Results have been saved to 'pagerank_results_balanced.csv'
Combined Results:
                                          Subcategory  \
0                                     Topic Relevance   
1                    Comprehensiveness of Information   
2                             Accuracy of Information   
3                        Innovativeness of Viewpoints   
4       Integration of Interdisciplinary Perspectives   
5                        Clarity of Logical Structure   
6               Reasonableness of Chapter Arrangement   
7              Quality of Introduction and Conclusion   
8              Accuracy and Completeness of Citations   
9              Timeliness and Relevance of References   
10   Avoidance of Plagiarism and Appropriate Citation   
11             Critical Analysis of Existing Research   
12   Proposal of New Research Directions or Questions   
13                Potential Contribution to the Field   
14             Clarity of Research Method Description   
15                    Rationality of Method Selection   
16                           Rigor of Research Design   
17               Inclusion of Latest Research Results   
18            Reflection of Current Research Hotspots   
19                     Fluency of Language Expression   
20    Appropriateness of Professional Terminology Use   
21                          Conciseness of Expression   
22  Practical Application Potential of Research Re...   
23                Feasibility of Proposed Suggestions   
24                             Logic of Argumentation   
25                   Multi-angle Analysis of Problems   
26  Identification and Discussion of Research Limi...   

    ICC (Intraclass Correlation Coefficient) ICC 95% Confidence Interval  \
0                                   0.695402                 [0.6, 0.79]   
1                                   0.898630                [0.86, 0.93]   
2                                   0.557762                [0.46, 0.67]   
3                                   0.783788                [0.71, 0.85]   
4                                   0.823527                [0.76, 0.88]   
5                                   0.823511                [0.76, 0.88]   
6                                   0.810830                [0.75, 0.87]   
7                                   0.778945                [0.71, 0.85]   
8                                   0.701455                [0.61, 0.79]   
9                                   0.704493                [0.62, 0.79]   
10                                  0.350764                [0.26, 0.47]   
11                                  0.832264                [0.77, 0.89]   
12                                  0.774128                 [0.7, 0.84]   
13                                  0.777960                [0.71, 0.85]   
14                                  0.732197                [0.65, 0.81]   
15                                  0.731801                [0.65, 0.81]   
16                                  0.705861                [0.62, 0.79]   
17                                  0.733447                [0.65, 0.81]   
18                                  0.732319                [0.65, 0.81]   
19                                  0.693016                 [0.6, 0.78]   
20                                  0.741844                [0.66, 0.82]   
21                                  0.680911                [0.59, 0.77]   
22                                  0.750946                [0.67, 0.82]   
23                                  0.617836                [0.52, 0.72]   
24                                  0.789173                [0.72, 0.85]   
25                                  0.800196                [0.73, 0.86]   
26                                  0.681646                [0.59, 0.77]   

    Transitivity Consistency Ratio (%)  
0                            84.242424  
1                            73.939394  
2                            80.606061  
3                            77.575758  
4                            76.363636  
5                            76.363636  
6                            75.151515  
7                            75.151515  
8                            81.818182  
9                            75.757576  
10                           83.636364  
11                           83.636364  
12                           74.545455  
13                           74.545455  
14                           76.363636  
15                           75.757576  
16                           75.757576  
17                           75.757576  
18                           75.757576  
19                           75.151515  
20                           72.727273  
21                           75.151515  
22                           75.151515  
23                           75.151515  
24                           75.757576  
25                           76.363636  
26                           78.787879  

Results have been saved to 'reliability_analysis.csv'
Author
10    32.768433
7     42.568893
2     45.588677
0     46.269184
8     50.939160
1     52.145659
6     52.956061
5     53.792004
3     60.719797
4     63.624346
9     82.271076
Name: Score, dtype: float64

Results have been saved to 'pagerank_results_balanced.csv'
Combined Results:
                                          Subcategory  \
0                                     Topic Relevance   
1                    Comprehensiveness of Information   
2                             Accuracy of Information   
3                        Innovativeness of Viewpoints   
4       Integration of Interdisciplinary Perspectives   
5                        Clarity of Logical Structure   
6               Reasonableness of Chapter Arrangement   
7              Quality of Introduction and Conclusion   
8              Accuracy and Completeness of Citations   
9              Timeliness and Relevance of References   
10   Avoidance of Plagiarism and Appropriate Citation   
11             Critical Analysis of Existing Research   
12   Proposal of New Research Directions or Questions   
13                Potential Contribution to the Field   
14             Clarity of Research Method Description   
15                    Rationality of Method Selection   
16                           Rigor of Research Design   
17               Inclusion of Latest Research Results   
18            Reflection of Current Research Hotspots   
19                     Fluency of Language Expression   
20    Appropriateness of Professional Terminology Use   
21                          Conciseness of Expression   
22  Practical Application Potential of Research Re...   
23                Feasibility of Proposed Suggestions   
24                             Logic of Argumentation   
25                   Multi-angle Analysis of Problems   
26  Identification and Discussion of Research Limi...   

    ICC (Intraclass Correlation Coefficient) ICC 95% Confidence Interval  \
0                                   0.695402                 [0.6, 0.79]   
1                                   0.898630                [0.86, 0.93]   
2                                   0.557762                [0.46, 0.67]   
3                                   0.783788                [0.71, 0.85]   
4                                   0.823527                [0.76, 0.88]   
5                                   0.823511                [0.76, 0.88]   
6                                   0.810830                [0.75, 0.87]   
7                                   0.778945                [0.71, 0.85]   
8                                   0.701455                [0.61, 0.79]   
9                                   0.704493                [0.62, 0.79]   
10                                  0.350764                [0.26, 0.47]   
11                                  0.832264                [0.77, 0.89]   
12                                  0.774128                 [0.7, 0.84]   
13                                  0.777960                [0.71, 0.85]   
14                                  0.732197                [0.65, 0.81]   
15                                  0.731801                [0.65, 0.81]   
16                                  0.705861                [0.62, 0.79]   
17                                  0.733447                [0.65, 0.81]   
18                                  0.732319                [0.65, 0.81]   
19                                  0.693016                 [0.6, 0.78]   
20                                  0.741844                [0.66, 0.82]   
21                                  0.680911                [0.59, 0.77]   
22                                  0.750946                [0.67, 0.82]   
23                                  0.617836                [0.52, 0.72]   
24                                  0.789173                [0.72, 0.85]   
25                                  0.800196                [0.73, 0.86]   
26                                  0.681646                [0.59, 0.77]   

    Transitivity Consistency Ratio (%)  
0                            84.242424  
1                            73.939394  
2                            80.606061  
3                            77.575758  
4                            76.363636  
5                            76.363636  
6                            75.151515  
7                            75.151515  
8                            81.818182  
9                            75.757576  
10                           83.636364  
11                           83.636364  
12                           74.545455  
13                           74.545455  
14                           76.363636  
15                           75.757576  
16                           75.757576  
17                           75.757576  
18                           75.757576  
19                           75.151515  
20                           72.727273  
21                           75.151515  
22                           75.151515  
23                           75.151515  
24                           75.757576  
25                           76.363636  
26                           78.787879  

Results have been saved to 'reliability_analysis.csv'
Author
10     0.000000
7     36.548673
3     48.235748
8     60.478429
4     65.019245
2     76.865179
0     79.444269
5     81.454926
6     85.613914
1     86.766865
9     99.957804
Name: Score, dtype: float64

Results have been saved to 'pagerank_results_balanced.csv'
Combined Results:
                                          Subcategory  \
0                                     Topic Relevance   
1                    Comprehensiveness of Information   
2                             Accuracy of Information   
3                        Innovativeness of Viewpoints   
4       Integration of Interdisciplinary Perspectives   
5                        Clarity of Logical Structure   
6               Reasonableness of Chapter Arrangement   
7              Quality of Introduction and Conclusion   
8              Accuracy and Completeness of Citations   
9              Timeliness and Relevance of References   
10   Avoidance of Plagiarism and Appropriate Citation   
11             Critical Analysis of Existing Research   
12   Proposal of New Research Directions or Questions   
13                Potential Contribution to the Field   
14             Clarity of Research Method Description   
15                    Rationality of Method Selection   
16                           Rigor of Research Design   
17               Inclusion of Latest Research Results   
18            Reflection of Current Research Hotspots   
19                     Fluency of Language Expression   
20    Appropriateness of Professional Terminology Use   
21                          Conciseness of Expression   
22  Practical Application Potential of Research Re...   
23                Feasibility of Proposed Suggestions   
24                             Logic of Argumentation   
25                   Multi-angle Analysis of Problems   
26  Identification and Discussion of Research Limi...   

    ICC (Intraclass Correlation Coefficient) ICC 95% Confidence Interval  \
0                                   0.695402                 [0.6, 0.79]   
1                                   0.898630                [0.86, 0.93]   
2                                   0.557762                [0.46, 0.67]   
3                                   0.783788                [0.71, 0.85]   
4                                   0.823527                [0.76, 0.88]   
5                                   0.823511                [0.76, 0.88]   
6                                   0.810830                [0.75, 0.87]   
7                                   0.778945                [0.71, 0.85]   
8                                   0.701455                [0.61, 0.79]   
9                                   0.704493                [0.62, 0.79]   
10                                  0.350764                [0.26, 0.47]   
11                                  0.832264                [0.77, 0.89]   
12                                  0.774128                 [0.7, 0.84]   
13                                  0.777960                [0.71, 0.85]   
14                                  0.732197                [0.65, 0.81]   
15                                  0.731801                [0.65, 0.81]   
16                                  0.705861                [0.62, 0.79]   
17                                  0.733447                [0.65, 0.81]   
18                                  0.732319                [0.65, 0.81]   
19                                  0.693016                 [0.6, 0.78]   
20                                  0.741844                [0.66, 0.82]   
21                                  0.680911                [0.59, 0.77]   
22                                  0.750946                [0.67, 0.82]   
23                                  0.617836                [0.52, 0.72]   
24                                  0.789173                [0.72, 0.85]   
25                                  0.800196                [0.73, 0.86]   
26                                  0.681646                [0.59, 0.77]   

    Transitivity Consistency Ratio (%)  
0                            42.222222  
1                            73.939394  
2                            27.272727  
3                            77.575758  
4                            69.767442  
5                            75.159236  
6                            75.151515  
7                            75.151515  
8                            47.368421  
9                            75.757576  
10                           35.714286  
11                           83.636364  
12                           74.545455  
13                           73.913043  
14                           74.172185  
15                           75.757576  
16                           74.842767  
17                           75.757576  
18                           75.757576  
19                           75.151515  
20                           69.178082  
21                           75.151515  
22                           75.151515  
23                           75.151515  
24                           75.757576  
25                           75.625000  
26                           78.787879  

Results have been saved to 'reliability_analysis.csv'
Author
10     0.000000
7     36.548673
3     48.235748
8     60.478429
4     65.019245
2     76.865179
0     79.444269
5     81.454926
6     85.613914
1     86.766865
9     99.957804
Name: Score, dtype: float64

Results have been saved to 'pagerank_results_balanced.csv'
Combined Results:
                                          Subcategory  \
0                                     Topic Relevance   
1                    Comprehensiveness of Information   
2                             Accuracy of Information   
3                        Innovativeness of Viewpoints   
4       Integration of Interdisciplinary Perspectives   
5                        Clarity of Logical Structure   
6               Reasonableness of Chapter Arrangement   
7              Quality of Introduction and Conclusion   
8              Accuracy and Completeness of Citations   
9              Timeliness and Relevance of References   
10   Avoidance of Plagiarism and Appropriate Citation   
11             Critical Analysis of Existing Research   
12   Proposal of New Research Directions or Questions   
13                Potential Contribution to the Field   
14             Clarity of Research Method Description   
15                    Rationality of Method Selection   
16                           Rigor of Research Design   
17               Inclusion of Latest Research Results   
18            Reflection of Current Research Hotspots   
19                     Fluency of Language Expression   
20    Appropriateness of Professional Terminology Use   
21                          Conciseness of Expression   
22  Practical Application Potential of Research Re...   
23                Feasibility of Proposed Suggestions   
24                             Logic of Argumentation   
25                   Multi-angle Analysis of Problems   
26  Identification and Discussion of Research Limi...   

    ICC (Intraclass Correlation Coefficient) ICC 95% Confidence Interval  \
0                                   0.695402                 [0.6, 0.79]   
1                                   0.898630                [0.86, 0.93]   
2                                   0.557762                [0.46, 0.67]   
3                                   0.783788                [0.71, 0.85]   
4                                   0.823527                [0.76, 0.88]   
5                                   0.823511                [0.76, 0.88]   
6                                   0.810830                [0.75, 0.87]   
7                                   0.778945                [0.71, 0.85]   
8                                   0.701455                [0.61, 0.79]   
9                                   0.704493                [0.62, 0.79]   
10                                  0.350764                [0.26, 0.47]   
11                                  0.832264                [0.77, 0.89]   
12                                  0.774128                 [0.7, 0.84]   
13                                  0.777960                [0.71, 0.85]   
14                                  0.732197                [0.65, 0.81]   
15                                  0.731801                [0.65, 0.81]   
16                                  0.705861                [0.62, 0.79]   
17                                  0.733447                [0.65, 0.81]   
18                                  0.732319                [0.65, 0.81]   
19                                  0.693016                 [0.6, 0.78]   
20                                  0.741844                [0.66, 0.82]   
21                                  0.680911                [0.59, 0.77]   
22                                  0.750946                [0.67, 0.82]   
23                                  0.617836                [0.52, 0.72]   
24                                  0.789173                [0.72, 0.85]   
25                                  0.800196                [0.73, 0.86]   
26                                  0.681646                [0.59, 0.77]   

    Transitivity Consistency Ratio (%)  
0                            42.222222  
1                            73.939394  
2                            27.272727  
3                            77.575758  
4                            69.767442  
5                            75.159236  
6                            75.151515  
7                            75.151515  
8                            47.368421  
9                            75.757576  
10                           35.714286  
11                           83.636364  
12                           74.545455  
13                           73.913043  
14                           74.172185  
15                           75.757576  
16                           74.842767  
17                           75.757576  
18                           75.757576  
19                           75.151515  
20                           69.178082  
21                           75.151515  
22                           75.151515  
23                           75.151515  
24                           75.757576  
25                           75.625000  
26                           78.787879  

Results have been saved to 'reliability_analysis.csv'
