Author
10     0.000000
7     20.372214
1     63.612542
6     64.321815
2     71.000413
8     77.411985
4     88.012822
0     89.972102
5     94.120631
3     97.238219
9     99.983965
Name: Score, dtype: float64

Results have been saved to 'pagerank_results_balanced.csv'
Combined Results:
                                          Subcategory  \
0                                     Topic Relevance   
1                    Comprehensiveness of Information   
2                             Accuracy of Information   
3                        Innovativeness of Viewpoints   
4       Integration of Interdisciplinary Perspectives   
5                        Clarity of Logical Structure   
6               Reasonableness of Chapter Arrangement   
7              Quality of Introduction and Conclusion   
8              Accuracy and Completeness of Citations   
9              Timeliness and Relevance of References   
10   Avoidance of Plagiarism and Appropriate Citation   
11             Critical Analysis of Existing Research   
12   Proposal of New Research Directions or Questions   
13                Potential Contribution to the Field   
14             Clarity of Research Method Description   
15                    Rationality of Method Selection   
16                           Rigor of Research Design   
17               Inclusion of Latest Research Results   
18            Reflection of Current Research Hotspots   
19                     Fluency of Language Expression   
20    Appropriateness of Professional Terminology Use   
21                          Conciseness of Expression   
22  Practical Application Potential of Research Re...   
23                Feasibility of Proposed Suggestions   
24                             Logic of Argumentation   
25                   Multi-angle Analysis of Problems   
26  Identification and Discussion of Research Limi...   

    ICC (Intraclass Correlation Coefficient) ICC 95% Confidence Interval  \
0                                   0.494633                [0.39, 0.61]   
1                                   0.817320                [0.75, 0.87]   
2                                   0.306574                [0.22, 0.42]   
3                                   0.752452                [0.67, 0.83]   
4                                   0.791767                [0.72, 0.86]   
5                                   0.749055                [0.67, 0.82]   
6                                   0.752090                [0.67, 0.83]   
7                                   0.671109                [0.58, 0.76]   
8                                   0.656374                [0.56, 0.75]   
9                                   0.712351                [0.63, 0.79]   
10                                  0.446953                [0.35, 0.57]   
11                                  0.762323                [0.69, 0.83]   
12                                  0.694205                [0.61, 0.78]   
13                                  0.765587                [0.69, 0.84]   
14                                  0.643816                [0.55, 0.74]   
15                                  0.652412                [0.56, 0.75]   
16                                  0.644486                [0.55, 0.74]   
17                                  0.708594                [0.62, 0.79]   
18                                  0.725727                [0.64, 0.81]   
19                                  0.655199                [0.56, 0.75]   
20                                  0.662661                [0.57, 0.76]   
21                                  0.641543                [0.55, 0.74]   
22                                  0.730366                [0.65, 0.81]   
23                                  0.705652                [0.62, 0.79]   
24                                  0.720716                 [0.64, 0.8]   
25                                  0.747327                [0.67, 0.82]   
26                                  0.660094                [0.57, 0.75]   

    Transitivity Consistency Ratio (%)  
0                            74.545455  
1                            74.545455  
2                            82.424242  
3                            72.727273  
4                            75.151515  
5                            72.727273  
6                            71.515152  
7                            71.515152  
8                            80.000000  
9                            72.121212  
10                           78.787879  
11                           72.727273  
12                           72.727273  
13                           73.939394  
14                           75.757576  
15                           75.757576  
16                           75.757576  
17                           72.121212  
18                           73.939394  
19                           72.727273  
20                           75.151515  
21                           75.757576  
22                           73.939394  
23                           73.939394  
24                           73.939394  
25                           75.757576  
26                           73.333333  

Results have been saved to 'reliability_analysis.csv'
Author
10     0.000000
7     20.248615
1     58.182500
6     61.851627
2     68.663281
8     73.739316
4     87.814752
0     89.323646
5     94.459424
3     97.818730
9     99.973662
Name: Score, dtype: float64

Results have been saved to 'pagerank_results_balanced.csv'
Combined Results:
                                          Subcategory  \
0                                     Topic Relevance   
1                    Comprehensiveness of Information   
2                             Accuracy of Information   
3                        Innovativeness of Viewpoints   
4       Integration of Interdisciplinary Perspectives   
5                        Clarity of Logical Structure   
6               Reasonableness of Chapter Arrangement   
7              Quality of Introduction and Conclusion   
8              Accuracy and Completeness of Citations   
9              Timeliness and Relevance of References   
10   Avoidance of Plagiarism and Appropriate Citation   
11             Critical Analysis of Existing Research   
12   Proposal of New Research Directions or Questions   
13                Potential Contribution to the Field   
14             Clarity of Research Method Description   
15                    Rationality of Method Selection   
16                           Rigor of Research Design   
17               Inclusion of Latest Research Results   
18            Reflection of Current Research Hotspots   
19                     Fluency of Language Expression   
20    Appropriateness of Professional Terminology Use   
21                          Conciseness of Expression   
22  Practical Application Potential of Research Re...   
23                Feasibility of Proposed Suggestions   
24                             Logic of Argumentation   
25                   Multi-angle Analysis of Problems   
26  Identification and Discussion of Research Limi...   

    ICC (Intraclass Correlation Coefficient) ICC 95% Confidence Interval  \
0                                   0.494633                [0.39, 0.61]   
1                                   0.817320                [0.75, 0.87]   
2                                   0.306574                [0.22, 0.42]   
3                                   0.752452                [0.67, 0.83]   
4                                   0.791767                [0.72, 0.86]   
5                                   0.749055                [0.67, 0.82]   
6                                   0.752090                [0.67, 0.83]   
7                                   0.671109                [0.58, 0.76]   
8                                   0.656374                [0.56, 0.75]   
9                                   0.712351                [0.63, 0.79]   
10                                  0.446953                [0.35, 0.57]   
11                                  0.762323                [0.69, 0.83]   
12                                  0.694205                [0.61, 0.78]   
13                                  0.765587                [0.69, 0.84]   
14                                  0.643816                [0.55, 0.74]   
15                                  0.652412                [0.56, 0.75]   
16                                  0.644486                [0.55, 0.74]   
17                                  0.708594                [0.62, 0.79]   
18                                  0.725727                [0.64, 0.81]   
19                                  0.655199                [0.56, 0.75]   
20                                  0.662661                [0.57, 0.76]   
21                                  0.641543                [0.55, 0.74]   
22                                  0.730366                [0.65, 0.81]   
23                                  0.705652                [0.62, 0.79]   
24                                  0.720716                 [0.64, 0.8]   
25                                  0.747327                [0.67, 0.82]   
26                                  0.660094                [0.57, 0.75]   

    Transitivity Consistency Ratio (%)  
0                            63.157895  
1                            74.545455  
2                            46.296296  
3                            72.727273  
4                            75.151515  
5                            72.727273  
6                            71.515152  
7                            71.515152  
8                            68.571429  
9                            72.121212  
10                           42.622951  
11                           72.727273  
12                           72.727273  
13                           73.939394  
14                           75.757576  
15                           75.757576  
16                           75.757576  
17                           72.121212  
18                           73.939394  
19                           72.727273  
20                           75.151515  
21                           75.757576  
22                           73.939394  
23                           73.939394  
24                           73.939394  
25                           75.757576  
26                           73.333333  

Results have been saved to 'reliability_analysis.csv'
Author
10     0.000000
7     20.248615
1     58.182500
6     61.851627
2     68.663281
8     73.739316
4     87.814752
0     89.323646
5     94.459424
3     97.818730
9     99.973662
Name: Score, dtype: float64

Results have been saved to 'pagerank_results_balanced.csv'
Combined Results:
                                          Subcategory  \
0                                     Topic Relevance   
1                    Comprehensiveness of Information   
2                             Accuracy of Information   
3                        Innovativeness of Viewpoints   
4       Integration of Interdisciplinary Perspectives   
5                        Clarity of Logical Structure   
6               Reasonableness of Chapter Arrangement   
7              Quality of Introduction and Conclusion   
8              Accuracy and Completeness of Citations   
9              Timeliness and Relevance of References   
10   Avoidance of Plagiarism and Appropriate Citation   
11             Critical Analysis of Existing Research   
12   Proposal of New Research Directions or Questions   
13                Potential Contribution to the Field   
14             Clarity of Research Method Description   
15                    Rationality of Method Selection   
16                           Rigor of Research Design   
17               Inclusion of Latest Research Results   
18            Reflection of Current Research Hotspots   
19                     Fluency of Language Expression   
20    Appropriateness of Professional Terminology Use   
21                          Conciseness of Expression   
22  Practical Application Potential of Research Re...   
23                Feasibility of Proposed Suggestions   
24                             Logic of Argumentation   
25                   Multi-angle Analysis of Problems   
26  Identification and Discussion of Research Limi...   

    ICC (Intraclass Correlation Coefficient) ICC 95% Confidence Interval  \
0                                   0.494633                [0.39, 0.61]   
1                                   0.817320                [0.75, 0.87]   
2                                   0.306574                [0.22, 0.42]   
3                                   0.752452                [0.67, 0.83]   
4                                   0.791767                [0.72, 0.86]   
5                                   0.749055                [0.67, 0.82]   
6                                   0.752090                [0.67, 0.83]   
7                                   0.671109                [0.58, 0.76]   
8                                   0.656374                [0.56, 0.75]   
9                                   0.712351                [0.63, 0.79]   
10                                  0.446953                [0.35, 0.57]   
11                                  0.762323                [0.69, 0.83]   
12                                  0.694205                [0.61, 0.78]   
13                                  0.765587                [0.69, 0.84]   
14                                  0.643816                [0.55, 0.74]   
15                                  0.652412                [0.56, 0.75]   
16                                  0.644486                [0.55, 0.74]   
17                                  0.708594                [0.62, 0.79]   
18                                  0.725727                [0.64, 0.81]   
19                                  0.655199                [0.56, 0.75]   
20                                  0.662661                [0.57, 0.76]   
21                                  0.641543                [0.55, 0.74]   
22                                  0.730366                [0.65, 0.81]   
23                                  0.705652                [0.62, 0.79]   
24                                  0.720716                 [0.64, 0.8]   
25                                  0.747327                [0.67, 0.82]   
26                                  0.660094                [0.57, 0.75]   

    Transitivity Consistency Ratio (%)  
0                            63.157895  
1                            74.545455  
2                            46.296296  
3                            72.727273  
4                            75.151515  
5                            72.727273  
6                            71.515152  
7                            71.515152  
8                            68.571429  
9                            72.121212  
10                           42.622951  
11                           72.727273  
12                           72.727273  
13                           73.939394  
14                           75.757576  
15                           75.757576  
16                           75.757576  
17                           72.121212  
18                           73.939394  
19                           72.727273  
20                           75.151515  
21                           75.757576  
22                           73.939394  
23                           73.939394  
24                           73.939394  
25                           75.757576  
26                           73.333333  

Results have been saved to 'reliability_analysis.csv'
