Author
3      8.895757
2     14.194992
10    19.886763
1     23.596753
5     58.577582
6     69.979181
7     74.728775
4     76.988063
8     86.005642
0     90.318471
9     92.258171
Name: Score, dtype: float64

Results have been saved to 'pagerank_results_balanced.csv'
Combined Results:
                                          Subcategory  \
0                                     Topic Relevance   
1                    Comprehensiveness of Information   
2                             Accuracy of Information   
3                        Innovativeness of Viewpoints   
4       Integration of Interdisciplinary Perspectives   
5                        Clarity of Logical Structure   
6               Reasonableness of Chapter Arrangement   
7              Quality of Introduction and Conclusion   
8              Accuracy and Completeness of Citations   
9              Timeliness and Relevance of References   
10   Avoidance of Plagiarism and Appropriate Citation   
11             Critical Analysis of Existing Research   
12   Proposal of New Research Directions or Questions   
13                Potential Contribution to the Field   
14             Clarity of Research Method Description   
15                    Rationality of Method Selection   
16                           Rigor of Research Design   
17               Inclusion of Latest Research Results   
18            Reflection of Current Research Hotspots   
19                     Fluency of Language Expression   
20    Appropriateness of Professional Terminology Use   
21                          Conciseness of Expression   
22  Practical Application Potential of Research Re...   
23                Feasibility of Proposed Suggestions   
24                             Logic of Argumentation   
25                   Multi-angle Analysis of Problems   
26  Identification and Discussion of Research Limi...   

    ICC (Intraclass Correlation Coefficient) ICC 95% Confidence Interval  \
0                                   0.277094                [0.19, 0.39]   
1                                   0.697777                 [0.6, 0.79]   
2                                   0.285484                  [0.2, 0.4]   
3                                   0.534679                [0.43, 0.65]   
4                                   0.644539                [0.55, 0.74]   
5                                   0.426040                [0.33, 0.55]   
6                                   0.455198                [0.35, 0.57]   
7                                   0.396774                 [0.3, 0.52]   
8                                   0.449579                [0.35, 0.57]   
9                                   0.619264                [0.52, 0.72]   
10                                  0.205548                [0.13, 0.31]   
11                                  0.540313                [0.44, 0.65]   
12                                  0.510006                [0.41, 0.62]   
13                                  0.557257                [0.45, 0.67]   
14                                  0.501614                 [0.4, 0.62]   
15                                  0.516073                [0.41, 0.63]   
16                                  0.513908                [0.41, 0.63]   
17                                  0.617354                [0.52, 0.72]   
18                                  0.626407                [0.53, 0.73]   
19                                  0.379706                 [0.28, 0.5]   
20                                  0.500179                 [0.4, 0.61]   
21                                  0.405846                [0.31, 0.53]   
22                                  0.551721                [0.45, 0.66]   
23                                  0.350291                [0.26, 0.47]   
24                                  0.441043                [0.34, 0.56]   
25                                  0.587541                [0.49, 0.69]   
26                                  0.472218                [0.37, 0.59]   

    Transitivity Consistency Ratio (%)  
0                            97.575758  
1                            90.303030  
2                            96.363636  
3                            91.515152  
4                            90.909091  
5                            86.666667  
6                            86.060606  
7                            86.060606  
8                            92.121212  
9                            90.909091  
10                           95.757576  
11                           92.121212  
12                           92.121212  
13                           92.121212  
14                           90.303030  
15                           90.909091  
16                           90.303030  
17                           90.909091  
18                           90.909091  
19                           86.666667  
20                           86.666667  
21                           85.454545  
22                           92.727273  
23                           87.878788  
24                           86.060606  
25                           89.090909  
26                           90.909091  

Results have been saved to 'reliability_analysis.csv'
Author
10    19.628537
3     60.794745
2     66.512131
1     70.219771
4     70.534698
8     71.898558
0     75.728856
7     77.735074
5     77.835705
6     83.981864
9     87.032845
Name: Score, dtype: float64

Results have been saved to 'pagerank_results_balanced.csv'
Combined Results:
                                          Subcategory  \
0                                     Topic Relevance   
1                    Comprehensiveness of Information   
2                             Accuracy of Information   
3                        Innovativeness of Viewpoints   
4       Integration of Interdisciplinary Perspectives   
5                        Clarity of Logical Structure   
6               Reasonableness of Chapter Arrangement   
7              Quality of Introduction and Conclusion   
8              Accuracy and Completeness of Citations   
9              Timeliness and Relevance of References   
10   Avoidance of Plagiarism and Appropriate Citation   
11             Critical Analysis of Existing Research   
12   Proposal of New Research Directions or Questions   
13                Potential Contribution to the Field   
14             Clarity of Research Method Description   
15                    Rationality of Method Selection   
16                           Rigor of Research Design   
17               Inclusion of Latest Research Results   
18            Reflection of Current Research Hotspots   
19                     Fluency of Language Expression   
20    Appropriateness of Professional Terminology Use   
21                          Conciseness of Expression   
22  Practical Application Potential of Research Re...   
23                Feasibility of Proposed Suggestions   
24                             Logic of Argumentation   
25                   Multi-angle Analysis of Problems   
26  Identification and Discussion of Research Limi...   

    ICC (Intraclass Correlation Coefficient) ICC 95% Confidence Interval  \
0                                   0.344819                [0.25, 0.46]   
1                                   0.788683                 [0.7, 0.86]   
2                                   0.366634                [0.27, 0.49]   
3                                   0.729790                [0.63, 0.82]   
4                                   0.782489                 [0.7, 0.85]   
5                                   0.743753                [0.66, 0.82]   
6                                   0.731830                [0.64, 0.81]   
7                                   0.695507                 [0.6, 0.78]   
8                                   0.723912                 [0.64, 0.8]   
9                                   0.720718                 [0.64, 0.8]   
10                                  0.227010                [0.15, 0.34]   
11                                  0.748205                [0.66, 0.83]   
12                                  0.741068                [0.65, 0.82]   
13                                  0.747750                [0.66, 0.83]   
14                                  0.673994                [0.58, 0.77]   
15                                  0.683005                [0.59, 0.77]   
16                                  0.641430                [0.54, 0.74]   
17                                  0.735819                [0.65, 0.81]   
18                                  0.748989                [0.67, 0.82]   
19                                  0.569938                [0.47, 0.68]   
20                                  0.565937                [0.46, 0.67]   
21                                  0.529626                [0.43, 0.64]   
22                                  0.731884                [0.64, 0.81]   
23                                  0.555405                [0.45, 0.67]   
24                                  0.728102                [0.64, 0.81]   
25                                  0.753167                [0.67, 0.83]   
26                                  0.612620                [0.51, 0.71]   

    Transitivity Consistency Ratio (%)  
0                            95.757576  
1                            92.121212  
2                            94.545455  
3                            91.515152  
4                            92.727273  
5                            91.515152  
6                            92.727273  
7                            92.121212  
8                            92.727273  
9                            92.727273  
10                           94.545455  
11                           92.121212  
12                           92.121212  
13                           92.121212  
14                           92.121212  
15                           92.727273  
16                           92.121212  
17                           92.727273  
18                           92.727273  
19                           91.515152  
20                           90.909091  
21                           90.909091  
22                           92.727273  
23                           87.878788  
24                           92.121212  
25                           92.727273  
26                           92.727273  

Results have been saved to 'reliability_analysis.csv'
Author
10    19.628537
3     60.794745
2     66.512131
1     70.219771
4     70.534698
8     71.898558
0     75.728856
7     77.735074
5     77.835705
6     83.981864
9     87.032845
Name: Score, dtype: float64

Results have been saved to 'pagerank_results_balanced.csv'
Combined Results:
                                          Subcategory  \
0                                     Topic Relevance   
1                    Comprehensiveness of Information   
2                             Accuracy of Information   
3                        Innovativeness of Viewpoints   
4       Integration of Interdisciplinary Perspectives   
5                        Clarity of Logical Structure   
6               Reasonableness of Chapter Arrangement   
7              Quality of Introduction and Conclusion   
8              Accuracy and Completeness of Citations   
9              Timeliness and Relevance of References   
10   Avoidance of Plagiarism and Appropriate Citation   
11             Critical Analysis of Existing Research   
12   Proposal of New Research Directions or Questions   
13                Potential Contribution to the Field   
14             Clarity of Research Method Description   
15                    Rationality of Method Selection   
16                           Rigor of Research Design   
17               Inclusion of Latest Research Results   
18            Reflection of Current Research Hotspots   
19                     Fluency of Language Expression   
20    Appropriateness of Professional Terminology Use   
21                          Conciseness of Expression   
22  Practical Application Potential of Research Re...   
23                Feasibility of Proposed Suggestions   
24                             Logic of Argumentation   
25                   Multi-angle Analysis of Problems   
26  Identification and Discussion of Research Limi...   

    ICC (Intraclass Correlation Coefficient) ICC 95% Confidence Interval  \
0                                   0.344819                [0.25, 0.46]   
1                                   0.788683                 [0.7, 0.86]   
2                                   0.366634                [0.27, 0.49]   
3                                   0.729790                [0.63, 0.82]   
4                                   0.782489                 [0.7, 0.85]   
5                                   0.743753                [0.66, 0.82]   
6                                   0.731830                [0.64, 0.81]   
7                                   0.695507                 [0.6, 0.78]   
8                                   0.723912                 [0.64, 0.8]   
9                                   0.720718                 [0.64, 0.8]   
10                                  0.227010                [0.15, 0.34]   
11                                  0.748205                [0.66, 0.83]   
12                                  0.741068                [0.65, 0.82]   
13                                  0.747750                [0.66, 0.83]   
14                                  0.673994                [0.58, 0.77]   
15                                  0.683005                [0.59, 0.77]   
16                                  0.641430                [0.54, 0.74]   
17                                  0.735819                [0.65, 0.81]   
18                                  0.748989                [0.67, 0.82]   
19                                  0.569938                [0.47, 0.68]   
20                                  0.565937                [0.46, 0.67]   
21                                  0.529626                [0.43, 0.64]   
22                                  0.731884                [0.64, 0.81]   
23                                  0.555405                [0.45, 0.67]   
24                                  0.728102                [0.64, 0.81]   
25                                  0.753167                [0.67, 0.83]   
26                                  0.612620                [0.51, 0.71]   

    Transitivity Consistency Ratio (%)  
0                            95.757576  
1                            92.121212  
2                            94.545455  
3                            91.515152  
4                            92.727273  
5                            91.515152  
6                            92.727273  
7                            92.121212  
8                            92.727273  
9                            92.727273  
10                           94.545455  
11                           92.121212  
12                           92.121212  
13                           92.121212  
14                           92.121212  
15                           92.727273  
16                           92.121212  
17                           92.727273  
18                           92.727273  
19                           91.515152  
20                           90.909091  
21                           90.909091  
22                           92.727273  
23                           87.878788  
24                           92.121212  
25                           92.727273  
26                           92.727273  

Results have been saved to 'reliability_analysis.csv'
Author
10     0.000000
3     51.819224
2     65.286020
1     78.987531
5     91.729684
6     93.855590
4     94.746347
7     95.162099
9     95.663504
8     97.766083
0     98.135997
Name: Score, dtype: float64

Results have been saved to 'pagerank_results_balanced.csv'
Combined Results:
                                          Subcategory  \
0                                     Topic Relevance   
1                    Comprehensiveness of Information   
2                             Accuracy of Information   
3                        Innovativeness of Viewpoints   
4       Integration of Interdisciplinary Perspectives   
5                        Clarity of Logical Structure   
6               Reasonableness of Chapter Arrangement   
7              Quality of Introduction and Conclusion   
8              Accuracy and Completeness of Citations   
9              Timeliness and Relevance of References   
10   Avoidance of Plagiarism and Appropriate Citation   
11             Critical Analysis of Existing Research   
12   Proposal of New Research Directions or Questions   
13                Potential Contribution to the Field   
14             Clarity of Research Method Description   
15                    Rationality of Method Selection   
16                           Rigor of Research Design   
17               Inclusion of Latest Research Results   
18            Reflection of Current Research Hotspots   
19                     Fluency of Language Expression   
20    Appropriateness of Professional Terminology Use   
21                          Conciseness of Expression   
22  Practical Application Potential of Research Re...   
23                Feasibility of Proposed Suggestions   
24                             Logic of Argumentation   
25                   Multi-angle Analysis of Problems   
26  Identification and Discussion of Research Limi...   

    ICC (Intraclass Correlation Coefficient) ICC 95% Confidence Interval  \
0                                   0.344819                [0.25, 0.46]   
1                                   0.788683                 [0.7, 0.86]   
2                                   0.366634                [0.27, 0.49]   
3                                   0.729790                [0.63, 0.82]   
4                                   0.782489                 [0.7, 0.85]   
5                                   0.743753                [0.66, 0.82]   
6                                   0.731830                [0.64, 0.81]   
7                                   0.695507                 [0.6, 0.78]   
8                                   0.723912                 [0.64, 0.8]   
9                                   0.720718                 [0.64, 0.8]   
10                                  0.227010                [0.15, 0.34]   
11                                  0.748205                [0.66, 0.83]   
12                                  0.741068                [0.65, 0.82]   
13                                  0.747750                [0.66, 0.83]   
14                                  0.673994                [0.58, 0.77]   
15                                  0.683005                [0.59, 0.77]   
16                                  0.641430                [0.54, 0.74]   
17                                  0.735819                [0.65, 0.81]   
18                                  0.748989                [0.67, 0.82]   
19                                  0.569938                [0.47, 0.68]   
20                                  0.565937                [0.46, 0.67]   
21                                  0.529626                [0.43, 0.64]   
22                                  0.731884                [0.64, 0.81]   
23                                  0.555405                [0.45, 0.67]   
24                                  0.728102                [0.64, 0.81]   
25                                  0.753167                [0.67, 0.83]   
26                                  0.612620                [0.51, 0.71]   

    Transitivity Consistency Ratio (%)  
0                            30.000000  
1                            92.121212  
2                             0.000000  
3                            91.082803  
4                            92.356688  
5                            90.666667  
6                            92.727273  
7                            92.121212  
8                            50.000000  
9                            92.727273  
10                           30.769231  
11                           91.719745  
12                           92.121212  
13                           92.121212  
14                           91.333333  
15                           92.727273  
16                           91.772152  
17                           92.727273  
18                           92.727273  
19                           90.140845  
20                           87.903226  
21                           89.864865  
22                           92.727273  
23                           87.577640  
24                           91.719745  
25                           92.727273  
26                           92.727273  

Results have been saved to 'reliability_analysis.csv'
Author
10     0.000000
3     51.819224
2     65.286020
1     78.987531
5     91.729684
6     93.855590
4     94.746347
7     95.162099
9     95.663504
8     97.766083
0     98.135997
Name: Score, dtype: float64

Results have been saved to 'pagerank_results_balanced.csv'
Combined Results:
                                          Subcategory  \
0                                     Topic Relevance   
1                    Comprehensiveness of Information   
2                             Accuracy of Information   
3                        Innovativeness of Viewpoints   
4       Integration of Interdisciplinary Perspectives   
5                        Clarity of Logical Structure   
6               Reasonableness of Chapter Arrangement   
7              Quality of Introduction and Conclusion   
8              Accuracy and Completeness of Citations   
9              Timeliness and Relevance of References   
10   Avoidance of Plagiarism and Appropriate Citation   
11             Critical Analysis of Existing Research   
12   Proposal of New Research Directions or Questions   
13                Potential Contribution to the Field   
14             Clarity of Research Method Description   
15                    Rationality of Method Selection   
16                           Rigor of Research Design   
17               Inclusion of Latest Research Results   
18            Reflection of Current Research Hotspots   
19                     Fluency of Language Expression   
20    Appropriateness of Professional Terminology Use   
21                          Conciseness of Expression   
22  Practical Application Potential of Research Re...   
23                Feasibility of Proposed Suggestions   
24                             Logic of Argumentation   
25                   Multi-angle Analysis of Problems   
26  Identification and Discussion of Research Limi...   

    ICC (Intraclass Correlation Coefficient) ICC 95% Confidence Interval  \
0                                   0.344819                [0.25, 0.46]   
1                                   0.788683                 [0.7, 0.86]   
2                                   0.366634                [0.27, 0.49]   
3                                   0.729790                [0.63, 0.82]   
4                                   0.782489                 [0.7, 0.85]   
5                                   0.743753                [0.66, 0.82]   
6                                   0.731830                [0.64, 0.81]   
7                                   0.695507                 [0.6, 0.78]   
8                                   0.723912                 [0.64, 0.8]   
9                                   0.720718                 [0.64, 0.8]   
10                                  0.227010                [0.15, 0.34]   
11                                  0.748205                [0.66, 0.83]   
12                                  0.741068                [0.65, 0.82]   
13                                  0.747750                [0.66, 0.83]   
14                                  0.673994                [0.58, 0.77]   
15                                  0.683005                [0.59, 0.77]   
16                                  0.641430                [0.54, 0.74]   
17                                  0.735819                [0.65, 0.81]   
18                                  0.748989                [0.67, 0.82]   
19                                  0.569938                [0.47, 0.68]   
20                                  0.565937                [0.46, 0.67]   
21                                  0.529626                [0.43, 0.64]   
22                                  0.731884                [0.64, 0.81]   
23                                  0.555405                [0.45, 0.67]   
24                                  0.728102                [0.64, 0.81]   
25                                  0.753167                [0.67, 0.83]   
26                                  0.612620                [0.51, 0.71]   

    Transitivity Consistency Ratio (%)  
0                            30.000000  
1                            92.121212  
2                             0.000000  
3                            91.082803  
4                            92.356688  
5                            90.666667  
6                            92.727273  
7                            92.121212  
8                            50.000000  
9                            92.727273  
10                           30.769231  
11                           91.719745  
12                           92.121212  
13                           92.121212  
14                           91.333333  
15                           92.727273  
16                           91.772152  
17                           92.727273  
18                           92.727273  
19                           90.140845  
20                           87.903226  
21                           89.864865  
22                           92.727273  
23                           87.577640  
24                           91.719745  
25                           92.727273  
26                           92.727273  

Results have been saved to 'reliability_analysis.csv'
