Author
6      8.312780
8      8.798103
10    15.318642
3     47.927732
5     48.128277
9     59.834957
7     70.863576
4     77.332756
1     85.701711
2     91.744638
0     92.818853
Name: Score, dtype: float64

Results have been saved to 'pagerank_results_balanced.csv'
Combined Results:
                                          Subcategory  \
0                                     Topic Relevance   
1                    Comprehensiveness of Information   
2                             Accuracy of Information   
3                        Innovativeness of Viewpoints   
4       Integration of Interdisciplinary Perspectives   
5                        Clarity of Logical Structure   
6               Reasonableness of Chapter Arrangement   
7              Quality of Introduction and Conclusion   
8              Accuracy and Completeness of Citations   
9              Timeliness and Relevance of References   
10   Avoidance of Plagiarism and Appropriate Citation   
11             Critical Analysis of Existing Research   
12   Proposal of New Research Directions or Questions   
13                Potential Contribution to the Field   
14             Clarity of Research Method Description   
15                    Rationality of Method Selection   
16                           Rigor of Research Design   
17               Inclusion of Latest Research Results   
18            Reflection of Current Research Hotspots   
19                     Fluency of Language Expression   
20    Appropriateness of Professional Terminology Use   
21                          Conciseness of Expression   
22  Practical Application Potential of Research Re...   
23                Feasibility of Proposed Suggestions   
24                             Logic of Argumentation   
25                   Multi-angle Analysis of Problems   
26  Identification and Discussion of Research Limi...   

    ICC (Intraclass Correlation Coefficient) ICC 95% Confidence Interval  \
0                                   0.355623                [0.26, 0.48]   
1                                   0.726456                [0.64, 0.81]   
2                                   0.169706                 [0.1, 0.27]   
3                                   0.814711                [0.75, 0.87]   
4                                   0.657384                [0.56, 0.75]   
5                                   0.526711                [0.42, 0.64]   
6                                   0.556636                [0.45, 0.67]   
7                                   0.439366                [0.34, 0.56]   
8                                   0.314704                [0.22, 0.43]   
9                                   0.454413                [0.35, 0.57]   
10                                  0.159088                [0.09, 0.26]   
11                                  0.761626                [0.69, 0.83]   
12                                  0.680966                [0.59, 0.77]   
13                                  0.773930                 [0.7, 0.84]   
14                                  0.686775                 [0.6, 0.77]   
15                                  0.676044                [0.58, 0.77]   
16                                  0.680612                [0.59, 0.77]   
17                                  0.465554                [0.36, 0.59]   
18                                  0.504241                 [0.4, 0.62]   
19                                  0.459062                [0.36, 0.58]   
20                                  0.637628                [0.54, 0.73]   
21                                  0.463167                [0.36, 0.58]   
22                                  0.658607                [0.57, 0.75]   
23                                  0.566834                [0.47, 0.67]   
24                                  0.605521                [0.51, 0.71]   
25                                  0.628324                [0.53, 0.73]   
26                                  0.528373                [0.43, 0.64]   

    Transitivity Consistency Ratio (%)  
0                            98.181818  
1                            84.242424  
2                            97.575758  
3                            82.424242  
4                            83.636364  
5                            81.212121  
6                            82.424242  
7                            83.030303  
8                            92.727273  
9                            80.000000  
10                           98.787879  
11                           82.424242  
12                           81.212121  
13                           82.424242  
14                           83.636364  
15                           84.242424  
16                           84.242424  
17                           80.000000  
18                           80.000000  
19                           78.181818  
20                           83.030303  
21                           80.000000  
22                           84.848485  
23                           83.636364  
24                           79.393939  
25                           82.424242  
26                           82.424242  

Results have been saved to 'reliability_analysis.csv'
Author
10     7.991502
6     37.359915
8     40.900479
5     74.017816
3     75.988863
7     78.304320
1     83.068209
9     83.389993
2     84.209537
0     85.882594
4     87.607167
Name: Score, dtype: float64

Results have been saved to 'pagerank_results_balanced.csv'
Combined Results:
                                          Subcategory  \
0                                     Topic Relevance   
1                    Comprehensiveness of Information   
2                             Accuracy of Information   
3                        Innovativeness of Viewpoints   
4       Integration of Interdisciplinary Perspectives   
5                        Clarity of Logical Structure   
6               Reasonableness of Chapter Arrangement   
7              Quality of Introduction and Conclusion   
8              Accuracy and Completeness of Citations   
9              Timeliness and Relevance of References   
10   Avoidance of Plagiarism and Appropriate Citation   
11             Critical Analysis of Existing Research   
12   Proposal of New Research Directions or Questions   
13                Potential Contribution to the Field   
14             Clarity of Research Method Description   
15                    Rationality of Method Selection   
16                           Rigor of Research Design   
17               Inclusion of Latest Research Results   
18            Reflection of Current Research Hotspots   
19                     Fluency of Language Expression   
20    Appropriateness of Professional Terminology Use   
21                          Conciseness of Expression   
22  Practical Application Potential of Research Re...   
23                Feasibility of Proposed Suggestions   
24                             Logic of Argumentation   
25                   Multi-angle Analysis of Problems   
26  Identification and Discussion of Research Limi...   

    ICC (Intraclass Correlation Coefficient) ICC 95% Confidence Interval  \
0                                   0.518294                [0.42, 0.63]   
1                                   0.821561                [0.76, 0.88]   
2                                   0.529605                [0.43, 0.64]   
3                                   0.857322                  [0.8, 0.9]   
4                                   0.790745                [0.72, 0.86]   
5                                   0.777713                 [0.7, 0.84]   
6                                   0.784809                [0.71, 0.85]   
7                                   0.757201                [0.68, 0.83]   
8                                   0.614625                [0.52, 0.72]   
9                                   0.626117                [0.53, 0.73]   
10                                  0.393422                [0.29, 0.51]   
11                                  0.771425                 [0.7, 0.84]   
12                                  0.763993                [0.69, 0.83]   
13                                  0.772256                 [0.7, 0.84]   
14                                  0.705077                [0.62, 0.79]   
15                                  0.681774                [0.59, 0.77]   
16                                  0.655110                [0.56, 0.75]   
17                                  0.630222                [0.53, 0.73]   
18                                  0.637063                [0.54, 0.73]   
19                                  0.671754                [0.58, 0.76]   
20                                  0.706435                [0.62, 0.79]   
21                                  0.599925                  [0.5, 0.7]   
22                                  0.742542                [0.66, 0.82]   
23                                  0.646576                [0.55, 0.74]   
24                                  0.737315                [0.66, 0.81]   
25                                  0.742194                [0.66, 0.82]   
26                                  0.626589                [0.53, 0.73]   

    Transitivity Consistency Ratio (%)  
0                            93.939394  
1                            82.424242  
2                            93.333333  
3                            82.424242  
4                            81.818182  
5                            81.212121  
6                            82.424242  
7                            82.424242  
8                            92.727273  
9                            80.000000  
10                           94.545455  
11                           82.424242  
12                           81.212121  
13                           82.424242  
14                           81.212121  
15                           82.424242  
16                           82.424242  
17                           80.000000  
18                           80.000000  
19                           80.000000  
20                           81.212121  
21                           84.242424  
22                           84.848485  
23                           83.636364  
24                           80.606061  
25                           82.424242  
26                           82.424242  

Results have been saved to 'reliability_analysis.csv'
Author
10     7.991502
6     37.359915
8     40.900479
5     74.017816
3     75.988863
7     78.304320
1     83.068209
9     83.389993
2     84.209537
0     85.882594
4     87.607167
Name: Score, dtype: float64

Results have been saved to 'pagerank_results_balanced.csv'
Combined Results:
                                          Subcategory  \
0                                     Topic Relevance   
1                    Comprehensiveness of Information   
2                             Accuracy of Information   
3                        Innovativeness of Viewpoints   
4       Integration of Interdisciplinary Perspectives   
5                        Clarity of Logical Structure   
6               Reasonableness of Chapter Arrangement   
7              Quality of Introduction and Conclusion   
8              Accuracy and Completeness of Citations   
9              Timeliness and Relevance of References   
10   Avoidance of Plagiarism and Appropriate Citation   
11             Critical Analysis of Existing Research   
12   Proposal of New Research Directions or Questions   
13                Potential Contribution to the Field   
14             Clarity of Research Method Description   
15                    Rationality of Method Selection   
16                           Rigor of Research Design   
17               Inclusion of Latest Research Results   
18            Reflection of Current Research Hotspots   
19                     Fluency of Language Expression   
20    Appropriateness of Professional Terminology Use   
21                          Conciseness of Expression   
22  Practical Application Potential of Research Re...   
23                Feasibility of Proposed Suggestions   
24                             Logic of Argumentation   
25                   Multi-angle Analysis of Problems   
26  Identification and Discussion of Research Limi...   

    ICC (Intraclass Correlation Coefficient) ICC 95% Confidence Interval  \
0                                   0.518294                [0.42, 0.63]   
1                                   0.821561                [0.76, 0.88]   
2                                   0.529605                [0.43, 0.64]   
3                                   0.857322                  [0.8, 0.9]   
4                                   0.790745                [0.72, 0.86]   
5                                   0.777713                 [0.7, 0.84]   
6                                   0.784809                [0.71, 0.85]   
7                                   0.757201                [0.68, 0.83]   
8                                   0.614625                [0.52, 0.72]   
9                                   0.626117                [0.53, 0.73]   
10                                  0.393422                [0.29, 0.51]   
11                                  0.771425                 [0.7, 0.84]   
12                                  0.763993                [0.69, 0.83]   
13                                  0.772256                 [0.7, 0.84]   
14                                  0.705077                [0.62, 0.79]   
15                                  0.681774                [0.59, 0.77]   
16                                  0.655110                [0.56, 0.75]   
17                                  0.630222                [0.53, 0.73]   
18                                  0.637063                [0.54, 0.73]   
19                                  0.671754                [0.58, 0.76]   
20                                  0.706435                [0.62, 0.79]   
21                                  0.599925                  [0.5, 0.7]   
22                                  0.742542                [0.66, 0.82]   
23                                  0.646576                [0.55, 0.74]   
24                                  0.737315                [0.66, 0.81]   
25                                  0.742194                [0.66, 0.82]   
26                                  0.626589                [0.53, 0.73]   

    Transitivity Consistency Ratio (%)  
0                            93.939394  
1                            82.424242  
2                            93.333333  
3                            82.424242  
4                            81.818182  
5                            81.212121  
6                            82.424242  
7                            82.424242  
8                            92.727273  
9                            80.000000  
10                           94.545455  
11                           82.424242  
12                           81.212121  
13                           82.424242  
14                           81.212121  
15                           82.424242  
16                           82.424242  
17                           80.000000  
18                           80.000000  
19                           80.000000  
20                           81.212121  
21                           84.242424  
22                           84.848485  
23                           83.636364  
24                           80.606061  
25                           82.424242  
26                           82.424242  

Results have been saved to 'reliability_analysis.csv'
Author
10     0.072602
6     45.513522
8     47.757329
9     81.060600
3     84.061005
5     84.554896
7     91.252513
4     95.562958
1     97.076651
2     98.501395
0     99.157170
Name: Score, dtype: float64

Results have been saved to 'pagerank_results_balanced.csv'
Combined Results:
                                          Subcategory  \
0                                     Topic Relevance   
1                    Comprehensiveness of Information   
2                             Accuracy of Information   
3                        Innovativeness of Viewpoints   
4       Integration of Interdisciplinary Perspectives   
5                        Clarity of Logical Structure   
6               Reasonableness of Chapter Arrangement   
7              Quality of Introduction and Conclusion   
8              Accuracy and Completeness of Citations   
9              Timeliness and Relevance of References   
10   Avoidance of Plagiarism and Appropriate Citation   
11             Critical Analysis of Existing Research   
12   Proposal of New Research Directions or Questions   
13                Potential Contribution to the Field   
14             Clarity of Research Method Description   
15                    Rationality of Method Selection   
16                           Rigor of Research Design   
17               Inclusion of Latest Research Results   
18            Reflection of Current Research Hotspots   
19                     Fluency of Language Expression   
20    Appropriateness of Professional Terminology Use   
21                          Conciseness of Expression   
22  Practical Application Potential of Research Re...   
23                Feasibility of Proposed Suggestions   
24                             Logic of Argumentation   
25                   Multi-angle Analysis of Problems   
26  Identification and Discussion of Research Limi...   

    ICC (Intraclass Correlation Coefficient) ICC 95% Confidence Interval  \
0                                   0.518294                [0.42, 0.63]   
1                                   0.821561                [0.76, 0.88]   
2                                   0.529605                [0.43, 0.64]   
3                                   0.857322                  [0.8, 0.9]   
4                                   0.790745                [0.72, 0.86]   
5                                   0.777713                 [0.7, 0.84]   
6                                   0.784809                [0.71, 0.85]   
7                                   0.757201                [0.68, 0.83]   
8                                   0.614625                [0.52, 0.72]   
9                                   0.626117                [0.53, 0.73]   
10                                  0.393422                [0.29, 0.51]   
11                                  0.771425                 [0.7, 0.84]   
12                                  0.763993                [0.69, 0.83]   
13                                  0.772256                 [0.7, 0.84]   
14                                  0.705077                [0.62, 0.79]   
15                                  0.681774                [0.59, 0.77]   
16                                  0.655110                [0.56, 0.75]   
17                                  0.630222                [0.53, 0.73]   
18                                  0.637063                [0.54, 0.73]   
19                                  0.671754                [0.58, 0.76]   
20                                  0.706435                [0.62, 0.79]   
21                                  0.599925                  [0.5, 0.7]   
22                                  0.742542                [0.66, 0.82]   
23                                  0.646576                [0.55, 0.74]   
24                                  0.737315                [0.66, 0.81]   
25                                  0.742194                [0.66, 0.82]   
26                                  0.626589                [0.53, 0.73]   

    Transitivity Consistency Ratio (%)  
0                            16.666667  
1                            81.645570  
2                            21.428571  
3                            82.424242  
4                            80.000000  
5                            79.470199  
6                            81.645570  
7                            81.645570  
8                            33.333333  
9                            79.113924  
10                           18.181818  
11                           82.424242  
12                           80.503145  
13                           82.424242  
14                           80.128205  
15                           81.645570  
16                           81.645570  
17                           79.113924  
18                           79.113924  
19                           78.846154  
20                           80.379747  
21                           82.781457  
22                           84.848485  
23                           83.636364  
24                           79.746835  
25                           81.645570  
26                           81.645570  

Results have been saved to 'reliability_analysis.csv'
Author
10     0.072602
6     45.513522
8     47.757329
9     81.060600
3     84.061005
5     84.554896
7     91.252513
4     95.562958
1     97.076651
2     98.501395
0     99.157170
Name: Score, dtype: float64

Results have been saved to 'pagerank_results_balanced.csv'
Combined Results:
                                          Subcategory  \
0                                     Topic Relevance   
1                    Comprehensiveness of Information   
2                             Accuracy of Information   
3                        Innovativeness of Viewpoints   
4       Integration of Interdisciplinary Perspectives   
5                        Clarity of Logical Structure   
6               Reasonableness of Chapter Arrangement   
7              Quality of Introduction and Conclusion   
8              Accuracy and Completeness of Citations   
9              Timeliness and Relevance of References   
10   Avoidance of Plagiarism and Appropriate Citation   
11             Critical Analysis of Existing Research   
12   Proposal of New Research Directions or Questions   
13                Potential Contribution to the Field   
14             Clarity of Research Method Description   
15                    Rationality of Method Selection   
16                           Rigor of Research Design   
17               Inclusion of Latest Research Results   
18            Reflection of Current Research Hotspots   
19                     Fluency of Language Expression   
20    Appropriateness of Professional Terminology Use   
21                          Conciseness of Expression   
22  Practical Application Potential of Research Re...   
23                Feasibility of Proposed Suggestions   
24                             Logic of Argumentation   
25                   Multi-angle Analysis of Problems   
26  Identification and Discussion of Research Limi...   

    ICC (Intraclass Correlation Coefficient) ICC 95% Confidence Interval  \
0                                   0.518294                [0.42, 0.63]   
1                                   0.821561                [0.76, 0.88]   
2                                   0.529605                [0.43, 0.64]   
3                                   0.857322                  [0.8, 0.9]   
4                                   0.790745                [0.72, 0.86]   
5                                   0.777713                 [0.7, 0.84]   
6                                   0.784809                [0.71, 0.85]   
7                                   0.757201                [0.68, 0.83]   
8                                   0.614625                [0.52, 0.72]   
9                                   0.626117                [0.53, 0.73]   
10                                  0.393422                [0.29, 0.51]   
11                                  0.771425                 [0.7, 0.84]   
12                                  0.763993                [0.69, 0.83]   
13                                  0.772256                 [0.7, 0.84]   
14                                  0.705077                [0.62, 0.79]   
15                                  0.681774                [0.59, 0.77]   
16                                  0.655110                [0.56, 0.75]   
17                                  0.630222                [0.53, 0.73]   
18                                  0.637063                [0.54, 0.73]   
19                                  0.671754                [0.58, 0.76]   
20                                  0.706435                [0.62, 0.79]   
21                                  0.599925                  [0.5, 0.7]   
22                                  0.742542                [0.66, 0.82]   
23                                  0.646576                [0.55, 0.74]   
24                                  0.737315                [0.66, 0.81]   
25                                  0.742194                [0.66, 0.82]   
26                                  0.626589                [0.53, 0.73]   

    Transitivity Consistency Ratio (%)  
0                            16.666667  
1                            81.645570  
2                            21.428571  
3                            82.424242  
4                            80.000000  
5                            79.470199  
6                            81.645570  
7                            81.645570  
8                            33.333333  
9                            79.113924  
10                           18.181818  
11                           82.424242  
12                           80.503145  
13                           82.424242  
14                           80.128205  
15                           81.645570  
16                           81.645570  
17                           79.113924  
18                           79.113924  
19                           78.846154  
20                           80.379747  
21                           82.781457  
22                           84.848485  
23                           83.636364  
24                           79.746835  
25                           81.645570  
26                           81.645570  

Results have been saved to 'reliability_analysis.csv'
