Author
1      1.078132
6      1.577401
5      2.876166
0      4.249016
8      4.317834
3      5.382459
4      6.432829
7      9.248634
2     17.608395
10    50.820990
9     99.987501
Name: Score, dtype: float64

Results have been saved to 'pagerank_results_balanced.csv'
Combined Results:
                                          Subcategory  \
0                                     Topic Relevance   
1                    Comprehensiveness of Information   
2                             Accuracy of Information   
3                        Innovativeness of Viewpoints   
4       Integration of Interdisciplinary Perspectives   
5                        Clarity of Logical Structure   
6               Reasonableness of Chapter Arrangement   
7              Quality of Introduction and Conclusion   
8              Accuracy and Completeness of Citations   
9              Timeliness and Relevance of References   
10   Avoidance of Plagiarism and Appropriate Citation   
11             Critical Analysis of Existing Research   
12   Proposal of New Research Directions or Questions   
13                Potential Contribution to the Field   
14             Clarity of Research Method Description   
15                    Rationality of Method Selection   
16                           Rigor of Research Design   
17               Inclusion of Latest Research Results   
18            Reflection of Current Research Hotspots   
19                     Fluency of Language Expression   
20    Appropriateness of Professional Terminology Use   
21                          Conciseness of Expression   
22  Practical Application Potential of Research Re...   
23                Feasibility of Proposed Suggestions   
24                             Logic of Argumentation   
25                   Multi-angle Analysis of Problems   
26  Identification and Discussion of Research Limi...   

    ICC (Intraclass Correlation Coefficient) ICC 95% Confidence Interval  \
0                                   0.541318                [0.43, 0.66]   
1                                   0.872702                [0.82, 0.91]   
2                                   0.263256                [0.18, 0.38]   
3                                   0.789340                [0.72, 0.85]   
4                                   0.874058                [0.83, 0.91]   
5                                   0.852426                  [0.8, 0.9]   
6                                   0.831350                [0.77, 0.88]   
7                                   0.661418                [0.57, 0.75]   
8                                   0.270024                [0.18, 0.38]   
9                                   0.434243                [0.33, 0.55]   
10                                  0.164665                 [0.1, 0.26]   
11                                  0.786064                [0.71, 0.85]   
12                                  0.591629                 [0.49, 0.7]   
13                                  0.780694                [0.71, 0.85]   
14                                  0.612871                [0.52, 0.71]   
15                                  0.633145                [0.54, 0.73]   
16                                  0.642008                [0.55, 0.74]   
17                                  0.464250                [0.36, 0.58]   
18                                  0.628951                [0.53, 0.73]   
19                                  0.608589                [0.51, 0.71]   
20                                  0.627450                [0.53, 0.73]   
21                                  0.487559                 [0.39, 0.6]   
22                                  0.791961                [0.72, 0.86]   
23                                  0.443712                [0.34, 0.56]   
24                                  0.743924                [0.66, 0.82]   
25                                  0.775434                 [0.7, 0.84]   
26                                  0.563653                [0.46, 0.67]   

    Transitivity Consistency Ratio (%)  
0                            84.848485  
1                            71.515152  
2                            90.909091  
3                            73.939394  
4                            70.303030  
5                            78.787879  
6                            71.515152  
7                            71.515152  
8                            86.666667  
9                            74.545455  
10                           93.333333  
11                           73.939394  
12                           73.939394  
13                           73.939394  
14                           68.484848  
15                           69.696970  
16                           69.090909  
17                           74.545455  
18                           71.515152  
19                           76.363636  
20                           80.606061  
21                           74.545455  
22                           73.333333  
23                           69.696970  
24                           73.333333  
25                           73.939394  
26                           68.484848  

Results have been saved to 'reliability_analysis.csv'
