Author
2      0.826634
0      7.789607
3      9.840657
10    17.524053
8     25.066902
1     25.609121
4     34.920684
6     71.174787
7     75.982476
5     94.709168
9     98.102434
Name: Score, dtype: float64

Results have been saved to 'pagerank_results_balanced.csv'
Combined Results:
                                          Subcategory  \
0                                     Topic Relevance   
1                    Comprehensiveness of Information   
2                             Accuracy of Information   
3                        Innovativeness of Viewpoints   
4       Integration of Interdisciplinary Perspectives   
5                        Clarity of Logical Structure   
6               Reasonableness of Chapter Arrangement   
7              Quality of Introduction and Conclusion   
8              Accuracy and Completeness of Citations   
9              Timeliness and Relevance of References   
10   Avoidance of Plagiarism and Appropriate Citation   
11             Critical Analysis of Existing Research   
12   Proposal of New Research Directions or Questions   
13                Potential Contribution to the Field   
14             Clarity of Research Method Description   
15                    Rationality of Method Selection   
16                           Rigor of Research Design   
17               Inclusion of Latest Research Results   
18            Reflection of Current Research Hotspots   
19                     Fluency of Language Expression   
20    Appropriateness of Professional Terminology Use   
21                          Conciseness of Expression   
22  Practical Application Potential of Research Re...   
23                Feasibility of Proposed Suggestions   
24                             Logic of Argumentation   
25                   Multi-angle Analysis of Problems   
26  Identification and Discussion of Research Limi...   

    ICC (Intraclass Correlation Coefficient) ICC 95% Confidence Interval  \
0                                   0.490423                [0.39, 0.61]   
1                                   0.809246                [0.74, 0.87]   
2                                   0.444509                [0.34, 0.56]   
3                                   0.645942                [0.55, 0.74]   
4                                   0.782274                [0.71, 0.85]   
5                                   0.757476                [0.68, 0.83]   
6                                   0.763347                [0.69, 0.83]   
7                                   0.711352                [0.63, 0.79]   
8                                   0.558276                [0.46, 0.67]   
9                                   0.664349                [0.57, 0.76]   
10                                  0.321205                [0.23, 0.44]   
11                                  0.592227                 [0.49, 0.7]   
12                                  0.622284                [0.53, 0.72]   
13                                  0.616150                [0.52, 0.72]   
14                                  0.738071                [0.66, 0.81]   
15                                  0.743512                [0.66, 0.82]   
16                                  0.716033                 [0.63, 0.8]   
17                                  0.672657                [0.58, 0.76]   
18                                  0.671959                [0.58, 0.76]   
19                                  0.657951                [0.57, 0.75]   
20                                  0.614427                [0.52, 0.72]   
21                                  0.610821                [0.51, 0.71]   
22                                  0.667526                [0.58, 0.76]   
23                                  0.516504                [0.41, 0.63]   
24                                  0.694135                [0.61, 0.78]   
25                                  0.723284                 [0.64, 0.8]   
26                                  0.613761                [0.52, 0.71]   

    Transitivity Consistency Ratio (%)  
0                            81.818182  
1                            77.575758  
2                            86.060606  
3                            76.363636  
4                            79.393939  
5                            80.606061  
6                            80.606061  
7                            81.212121  
8                            85.454545  
9                            76.363636  
10                           87.878788  
11                           73.333333  
12                           75.757576  
13                           73.333333  
14                           76.363636  
15                           76.363636  
16                           76.363636  
17                           76.363636  
18                           77.575758  
19                           80.606061  
20                           78.787879  
21                           76.969697  
22                           74.545455  
23                           74.545455  
24                           82.424242  
25                           79.393939  
26                           78.181818  

Results have been saved to 'reliability_analysis.csv'
Author
2     21.588866
0     24.243681
5     49.902306
10    54.888826
8     60.106973
6     60.614939
9     64.422354
3     64.888165
7     64.966109
1     71.734800
4     80.168782
Name: Score, dtype: float64

Results have been saved to 'pagerank_results_balanced.csv'
Combined Results:
                                          Subcategory  \
0                                     Topic Relevance   
1                    Comprehensiveness of Information   
2                             Accuracy of Information   
3                        Innovativeness of Viewpoints   
4       Integration of Interdisciplinary Perspectives   
5                        Clarity of Logical Structure   
6               Reasonableness of Chapter Arrangement   
7              Quality of Introduction and Conclusion   
8              Accuracy and Completeness of Citations   
9              Timeliness and Relevance of References   
10   Avoidance of Plagiarism and Appropriate Citation   
11             Critical Analysis of Existing Research   
12   Proposal of New Research Directions or Questions   
13                Potential Contribution to the Field   
14             Clarity of Research Method Description   
15                    Rationality of Method Selection   
16                           Rigor of Research Design   
17               Inclusion of Latest Research Results   
18            Reflection of Current Research Hotspots   
19                     Fluency of Language Expression   
20    Appropriateness of Professional Terminology Use   
21                          Conciseness of Expression   
22  Practical Application Potential of Research Re...   
23                Feasibility of Proposed Suggestions   
24                             Logic of Argumentation   
25                   Multi-angle Analysis of Problems   
26  Identification and Discussion of Research Limi...   

    ICC (Intraclass Correlation Coefficient) ICC 95% Confidence Interval  \
0                                   0.594086                 [0.49, 0.7]   
1                                   0.846328                 [0.79, 0.9]   
2                                   0.441135                [0.34, 0.56]   
3                                   0.752549                [0.67, 0.83]   
4                                   0.813095                [0.75, 0.87]   
5                                   0.800293                [0.73, 0.86]   
6                                   0.801981                [0.73, 0.86]   
7                                   0.744157                [0.66, 0.82]   
8                                   0.677413                [0.59, 0.77]   
9                                   0.654353                [0.56, 0.75]   
10                                  0.470645                [0.37, 0.59]   
11                                  0.740279                [0.66, 0.82]   
12                                  0.750626                [0.67, 0.82]   
13                                  0.731027                [0.65, 0.81]   
14                                  0.657206                [0.56, 0.75]   
15                                  0.661206                [0.57, 0.75]   
16                                  0.640596                [0.55, 0.74]   
17                                  0.663695                [0.57, 0.76]   
18                                  0.699060                [0.61, 0.78]   
19                                  0.714963                 [0.63, 0.8]   
20                                  0.722714                 [0.64, 0.8]   
21                                  0.666162                [0.57, 0.76]   
22                                  0.708743                [0.62, 0.79]   
23                                  0.551522                [0.45, 0.66]   
24                                  0.779513                [0.71, 0.85]   
25                                  0.746703                [0.67, 0.82]   
26                                  0.615279                [0.52, 0.72]   

    Transitivity Consistency Ratio (%)  
0                            83.636364  
1                            78.181818  
2                            87.878788  
3                            76.363636  
4                            78.181818  
5                            80.606061  
6                            80.606061  
7                            79.393939  
8                            87.878788  
9                            78.181818  
10                           89.696970  
11                           73.333333  
12                           77.575758  
13                           74.545455  
14                           78.181818  
15                           78.181818  
16                           78.181818  
17                           78.181818  
18                           78.181818  
19                           80.606061  
20                           78.181818  
21                           80.000000  
22                           75.757576  
23                           75.757576  
24                           80.606061  
25                           78.181818  
26                           78.181818  

Results have been saved to 'reliability_analysis.csv'
Author
2     21.588866
0     24.243681
5     49.902306
10    54.888826
8     60.106973
6     60.614939
9     64.422354
3     64.888165
7     64.966109
1     71.734800
4     80.168782
Name: Score, dtype: float64

Results have been saved to 'pagerank_results_balanced.csv'
Combined Results:
                                          Subcategory  \
0                                     Topic Relevance   
1                    Comprehensiveness of Information   
2                             Accuracy of Information   
3                        Innovativeness of Viewpoints   
4       Integration of Interdisciplinary Perspectives   
5                        Clarity of Logical Structure   
6               Reasonableness of Chapter Arrangement   
7              Quality of Introduction and Conclusion   
8              Accuracy and Completeness of Citations   
9              Timeliness and Relevance of References   
10   Avoidance of Plagiarism and Appropriate Citation   
11             Critical Analysis of Existing Research   
12   Proposal of New Research Directions or Questions   
13                Potential Contribution to the Field   
14             Clarity of Research Method Description   
15                    Rationality of Method Selection   
16                           Rigor of Research Design   
17               Inclusion of Latest Research Results   
18            Reflection of Current Research Hotspots   
19                     Fluency of Language Expression   
20    Appropriateness of Professional Terminology Use   
21                          Conciseness of Expression   
22  Practical Application Potential of Research Re...   
23                Feasibility of Proposed Suggestions   
24                             Logic of Argumentation   
25                   Multi-angle Analysis of Problems   
26  Identification and Discussion of Research Limi...   

    ICC (Intraclass Correlation Coefficient) ICC 95% Confidence Interval  \
0                                   0.594086                 [0.49, 0.7]   
1                                   0.846328                 [0.79, 0.9]   
2                                   0.441135                [0.34, 0.56]   
3                                   0.752549                [0.67, 0.83]   
4                                   0.813095                [0.75, 0.87]   
5                                   0.800293                [0.73, 0.86]   
6                                   0.801981                [0.73, 0.86]   
7                                   0.744157                [0.66, 0.82]   
8                                   0.677413                [0.59, 0.77]   
9                                   0.654353                [0.56, 0.75]   
10                                  0.470645                [0.37, 0.59]   
11                                  0.740279                [0.66, 0.82]   
12                                  0.750626                [0.67, 0.82]   
13                                  0.731027                [0.65, 0.81]   
14                                  0.657206                [0.56, 0.75]   
15                                  0.661206                [0.57, 0.75]   
16                                  0.640596                [0.55, 0.74]   
17                                  0.663695                [0.57, 0.76]   
18                                  0.699060                [0.61, 0.78]   
19                                  0.714963                 [0.63, 0.8]   
20                                  0.722714                 [0.64, 0.8]   
21                                  0.666162                [0.57, 0.76]   
22                                  0.708743                [0.62, 0.79]   
23                                  0.551522                [0.45, 0.66]   
24                                  0.779513                [0.71, 0.85]   
25                                  0.746703                [0.67, 0.82]   
26                                  0.615279                [0.52, 0.72]   

    Transitivity Consistency Ratio (%)  
0                            83.636364  
1                            78.181818  
2                            87.878788  
3                            76.363636  
4                            78.181818  
5                            80.606061  
6                            80.606061  
7                            79.393939  
8                            87.878788  
9                            78.181818  
10                           89.696970  
11                           73.333333  
12                           77.575758  
13                           74.545455  
14                           78.181818  
15                           78.181818  
16                           78.181818  
17                           78.181818  
18                           78.181818  
19                           80.606061  
20                           78.181818  
21                           80.000000  
22                           75.757576  
23                           75.757576  
24                           80.606061  
25                           78.181818  
26                           78.181818  

Results have been saved to 'reliability_analysis.csv'
Author
10     0.000000
2     42.515825
0     61.225144
3     61.317604
8     76.592606
1     77.419217
4     83.419107
6     93.733246
7     95.128921
5     98.431876
9     99.559032
Name: Score, dtype: float64

Results have been saved to 'pagerank_results_balanced.csv'
Combined Results:
                                          Subcategory  \
0                                     Topic Relevance   
1                    Comprehensiveness of Information   
2                             Accuracy of Information   
3                        Innovativeness of Viewpoints   
4       Integration of Interdisciplinary Perspectives   
5                        Clarity of Logical Structure   
6               Reasonableness of Chapter Arrangement   
7              Quality of Introduction and Conclusion   
8              Accuracy and Completeness of Citations   
9              Timeliness and Relevance of References   
10   Avoidance of Plagiarism and Appropriate Citation   
11             Critical Analysis of Existing Research   
12   Proposal of New Research Directions or Questions   
13                Potential Contribution to the Field   
14             Clarity of Research Method Description   
15                    Rationality of Method Selection   
16                           Rigor of Research Design   
17               Inclusion of Latest Research Results   
18            Reflection of Current Research Hotspots   
19                     Fluency of Language Expression   
20    Appropriateness of Professional Terminology Use   
21                          Conciseness of Expression   
22  Practical Application Potential of Research Re...   
23                Feasibility of Proposed Suggestions   
24                             Logic of Argumentation   
25                   Multi-angle Analysis of Problems   
26  Identification and Discussion of Research Limi...   

    ICC (Intraclass Correlation Coefficient) ICC 95% Confidence Interval  \
0                                   0.594086                 [0.49, 0.7]   
1                                   0.846328                 [0.79, 0.9]   
2                                   0.441135                [0.34, 0.56]   
3                                   0.752549                [0.67, 0.83]   
4                                   0.813095                [0.75, 0.87]   
5                                   0.800293                [0.73, 0.86]   
6                                   0.801981                [0.73, 0.86]   
7                                   0.744157                [0.66, 0.82]   
8                                   0.677413                [0.59, 0.77]   
9                                   0.654353                [0.56, 0.75]   
10                                  0.470645                [0.37, 0.59]   
11                                  0.740279                [0.66, 0.82]   
12                                  0.750626                [0.67, 0.82]   
13                                  0.731027                [0.65, 0.81]   
14                                  0.657206                [0.56, 0.75]   
15                                  0.661206                [0.57, 0.75]   
16                                  0.640596                [0.55, 0.74]   
17                                  0.663695                [0.57, 0.76]   
18                                  0.699060                [0.61, 0.78]   
19                                  0.714963                 [0.63, 0.8]   
20                                  0.722714                 [0.64, 0.8]   
21                                  0.666162                [0.57, 0.76]   
22                                  0.708743                [0.62, 0.79]   
23                                  0.551522                [0.45, 0.66]   
24                                  0.779513                [0.71, 0.85]   
25                                  0.746703                [0.67, 0.82]   
26                                  0.615279                [0.52, 0.72]   

    Transitivity Consistency Ratio (%)  
0                            42.553191  
1                            78.181818  
2                            39.393939  
3                            75.471698  
4                            78.181818  
5                            80.606061  
6                            80.606061  
7                            78.616352  
8                            51.219512  
9                            78.181818  
10                           48.484848  
11                           73.333333  
12                           77.575758  
13                           73.584906  
14                           78.181818  
15                           78.181818  
16                           78.181818  
17                           78.181818  
18                           78.181818  
19                           80.606061  
20                           78.181818  
21                           80.000000  
22                           75.757576  
23                           75.757576  
24                           80.606061  
25                           78.181818  
26                           78.181818  

Results have been saved to 'reliability_analysis.csv'
Author
10     0.000000
2     42.515825
0     61.225144
3     61.317604
8     76.592606
1     77.419217
4     83.419107
6     93.733246
7     95.128921
5     98.431876
9     99.559032
Name: Score, dtype: float64

Results have been saved to 'pagerank_results_balanced.csv'
Combined Results:
                                          Subcategory  \
0                                     Topic Relevance   
1                    Comprehensiveness of Information   
2                             Accuracy of Information   
3                        Innovativeness of Viewpoints   
4       Integration of Interdisciplinary Perspectives   
5                        Clarity of Logical Structure   
6               Reasonableness of Chapter Arrangement   
7              Quality of Introduction and Conclusion   
8              Accuracy and Completeness of Citations   
9              Timeliness and Relevance of References   
10   Avoidance of Plagiarism and Appropriate Citation   
11             Critical Analysis of Existing Research   
12   Proposal of New Research Directions or Questions   
13                Potential Contribution to the Field   
14             Clarity of Research Method Description   
15                    Rationality of Method Selection   
16                           Rigor of Research Design   
17               Inclusion of Latest Research Results   
18            Reflection of Current Research Hotspots   
19                     Fluency of Language Expression   
20    Appropriateness of Professional Terminology Use   
21                          Conciseness of Expression   
22  Practical Application Potential of Research Re...   
23                Feasibility of Proposed Suggestions   
24                             Logic of Argumentation   
25                   Multi-angle Analysis of Problems   
26  Identification and Discussion of Research Limi...   

    ICC (Intraclass Correlation Coefficient) ICC 95% Confidence Interval  \
0                                   0.594086                 [0.49, 0.7]   
1                                   0.846328                 [0.79, 0.9]   
2                                   0.441135                [0.34, 0.56]   
3                                   0.752549                [0.67, 0.83]   
4                                   0.813095                [0.75, 0.87]   
5                                   0.800293                [0.73, 0.86]   
6                                   0.801981                [0.73, 0.86]   
7                                   0.744157                [0.66, 0.82]   
8                                   0.677413                [0.59, 0.77]   
9                                   0.654353                [0.56, 0.75]   
10                                  0.470645                [0.37, 0.59]   
11                                  0.740279                [0.66, 0.82]   
12                                  0.750626                [0.67, 0.82]   
13                                  0.731027                [0.65, 0.81]   
14                                  0.657206                [0.56, 0.75]   
15                                  0.661206                [0.57, 0.75]   
16                                  0.640596                [0.55, 0.74]   
17                                  0.663695                [0.57, 0.76]   
18                                  0.699060                [0.61, 0.78]   
19                                  0.714963                 [0.63, 0.8]   
20                                  0.722714                 [0.64, 0.8]   
21                                  0.666162                [0.57, 0.76]   
22                                  0.708743                [0.62, 0.79]   
23                                  0.551522                [0.45, 0.66]   
24                                  0.779513                [0.71, 0.85]   
25                                  0.746703                [0.67, 0.82]   
26                                  0.615279                [0.52, 0.72]   

    Transitivity Consistency Ratio (%)  
0                            42.553191  
1                            78.181818  
2                            39.393939  
3                            75.471698  
4                            78.181818  
5                            80.606061  
6                            80.606061  
7                            78.616352  
8                            51.219512  
9                            78.181818  
10                           48.484848  
11                           73.333333  
12                           77.575758  
13                           73.584906  
14                           78.181818  
15                           78.181818  
16                           78.181818  
17                           78.181818  
18                           78.181818  
19                           80.606061  
20                           78.181818  
21                           80.000000  
22                           75.757576  
23                           75.757576  
24                           80.606061  
25                           78.181818  
26                           78.181818  

Results have been saved to 'reliability_analysis.csv'
