Author
5       3.888125
2       3.892838
4       4.103649
8       4.458586
3       4.726915
6       5.116862
0       5.322505
1       5.415420
7      13.340028
10     33.935958
9     100.000000
Name: Score, dtype: float64

Results have been saved to 'pagerank_results_balanced.csv'
Combined Results:
                                          Subcategory  \
0                                     Topic Relevance   
1                    Comprehensiveness of Information   
2                             Accuracy of Information   
3                        Innovativeness of Viewpoints   
4       Integration of Interdisciplinary Perspectives   
5                        Clarity of Logical Structure   
6               Reasonableness of Chapter Arrangement   
7              Quality of Introduction and Conclusion   
8              Accuracy and Completeness of Citations   
9              Timeliness and Relevance of References   
10   Avoidance of Plagiarism and Appropriate Citation   
11             Critical Analysis of Existing Research   
12   Proposal of New Research Directions or Questions   
13                Potential Contribution to the Field   
14             Clarity of Research Method Description   
15                    Rationality of Method Selection   
16                           Rigor of Research Design   
17               Inclusion of Latest Research Results   
18            Reflection of Current Research Hotspots   
19                     Fluency of Language Expression   
20    Appropriateness of Professional Terminology Use   
21                          Conciseness of Expression   
22  Practical Application Potential of Research Re...   
23                Feasibility of Proposed Suggestions   
24                             Logic of Argumentation   
25                   Multi-angle Analysis of Problems   
26  Identification and Discussion of Research Limi...   

    ICC (Intraclass Correlation Coefficient) ICC 95% Confidence Interval  \
0                                   0.559456                [0.46, 0.67]   
1                                   0.779807                [0.65, 0.86]   
2                                   0.458186                [0.36, 0.58]   
3                                   0.528570                [0.38, 0.67]   
4                                   0.779292                 [0.7, 0.85]   
5                                   0.668904                [0.54, 0.78]   
6                                   0.617709                [0.47, 0.74]   
7                                   0.544258                [0.39, 0.68]   
8                                   0.378520                 [0.28, 0.5]   
9                                   0.326746                [0.23, 0.45]   
10                                  0.200544                 [0.13, 0.3]   
11                                  0.562412                  [0.4, 0.7]   
12                                  0.402810                 [0.3, 0.52]   
13                                  0.505922                [0.37, 0.64]   
14                                  0.435945                [0.34, 0.55]   
15                                  0.416821                [0.32, 0.54]   
16                                  0.437658                [0.34, 0.56]   
17                                  0.344958                [0.25, 0.46]   
18                                  0.340205                [0.25, 0.46]   
19                                  0.499844                [0.39, 0.62]   
20                                  0.671829                [0.58, 0.76]   
21                                  0.368598                 [0.26, 0.5]   
22                                  0.412641                 [0.3, 0.54]   
23                                  0.337901                [0.24, 0.46]   
24                                  0.577901                 [0.46, 0.7]   
25                                  0.600279                [0.47, 0.72]   
26                                  0.504198                 [0.4, 0.62]   

    Transitivity Consistency Ratio (%)  
0                            87.272727  
1                            79.393939  
2                            93.939394  
3                            78.181818  
4                            75.757576  
5                            76.363636  
6                            80.000000  
7                            80.000000  
8                            80.000000  
9                            77.575758  
10                           94.545455  
11                           80.000000  
12                           78.181818  
13                           81.212121  
14                           78.787879  
15                           79.393939  
16                           79.393939  
17                           76.363636  
18                           76.363636  
19                           78.181818  
20                           84.242424  
21                           80.000000  
22                           78.787879  
23                           80.000000  
24                           78.181818  
25                           76.363636  
26                           80.000000  

Results have been saved to 'reliability_analysis.csv'
