Author
0       0.878605
6       1.269070
8       1.305059
2       3.335753
1       4.972477
3       5.533272
5       6.014720
7      20.548087
4      57.659142
10     62.654515
9     100.000000
Name: Score, dtype: float64

Results have been saved to 'pagerank_results_balanced.csv'
Combined Results:
                                          Subcategory  \
0                                     Topic Relevance   
1                    Comprehensiveness of Information   
2                             Accuracy of Information   
3                        Innovativeness of Viewpoints   
4       Integration of Interdisciplinary Perspectives   
5                        Clarity of Logical Structure   
6               Reasonableness of Chapter Arrangement   
7              Quality of Introduction and Conclusion   
8              Accuracy and Completeness of Citations   
9              Timeliness and Relevance of References   
10   Avoidance of Plagiarism and Appropriate Citation   
11             Critical Analysis of Existing Research   
12   Proposal of New Research Directions or Questions   
13                Potential Contribution to the Field   
14             Clarity of Research Method Description   
15                    Rationality of Method Selection   
16                           Rigor of Research Design   
17               Inclusion of Latest Research Results   
18            Reflection of Current Research Hotspots   
19                     Fluency of Language Expression   
20    Appropriateness of Professional Terminology Use   
21                          Conciseness of Expression   
22  Practical Application Potential of Research Re...   
23                Feasibility of Proposed Suggestions   
24                             Logic of Argumentation   
25                   Multi-angle Analysis of Problems   
26  Identification and Discussion of Research Limi...   

    ICC (Intraclass Correlation Coefficient) ICC 95% Confidence Interval  \
0                                   0.506217                 [0.4, 0.62]   
1                                   0.720547                 [0.64, 0.8]   
2                                   0.579035                [0.48, 0.69]   
3                                   0.620207                [0.52, 0.72]   
4                                   0.638439                [0.54, 0.74]   
5                                   0.701707                [0.61, 0.79]   
6                                   0.726893                [0.64, 0.81]   
7                                   0.695217                [0.61, 0.78]   
8                                   0.456813                [0.36, 0.57]   
9                                   0.476430                [0.37, 0.59]   
10                                  0.231522                [0.15, 0.34]   
11                                  0.625937                [0.53, 0.72]   
12                                  0.568540                [0.47, 0.68]   
13                                  0.628930                [0.53, 0.73]   
14                                  0.659879                [0.57, 0.75]   
15                                  0.679125                [0.59, 0.77]   
16                                  0.638043                [0.54, 0.73]   
17                                  0.473151                [0.37, 0.59]   
18                                  0.492629                [0.39, 0.61]   
19                                  0.642304                [0.55, 0.74]   
20                                  0.616760                [0.52, 0.72]   
21                                  0.623810                [0.53, 0.72]   
22                                  0.636396                [0.54, 0.73]   
23                                  0.609288                [0.51, 0.71]   
24                                  0.693995                [0.61, 0.78]   
25                                  0.635017                [0.54, 0.73]   
26                                  0.633222                [0.54, 0.73]   

    Transitivity Consistency Ratio (%)  
0                            87.878788  
1                            73.333333  
2                            87.878788  
3                            75.151515  
4                            75.151515  
5                            76.363636  
6                            76.363636  
7                            76.363636  
8                            87.878788  
9                            76.969697  
10                           89.090909  
11                           76.969697  
12                           78.787879  
13                           78.787879  
14                           75.151515  
15                           73.939394  
16                           74.545455  
17                           76.969697  
18                           78.787879  
19                           76.969697  
20                           75.151515  
21                           76.969697  
22                           78.181818  
23                           78.787879  
24                           76.969697  
25                           78.181818  
26                           78.787879  

Results have been saved to 'reliability_analysis.csv'
