Author
7       0.182749
6       0.935338
4       2.553524
10      5.185373
2      10.041397
8      13.402366
1      14.178686
0      36.963461
3      47.560429
5      64.988266
9     100.000000
Name: Score, dtype: float64

Results have been saved to 'pagerank_results_balanced.csv'
Combined Results:
                                          Subcategory  \
0                                     Topic Relevance   
1                    Comprehensiveness of Information   
2                             Accuracy of Information   
3                        Innovativeness of Viewpoints   
4       Integration of Interdisciplinary Perspectives   
5                        Clarity of Logical Structure   
6               Reasonableness of Chapter Arrangement   
7              Quality of Introduction and Conclusion   
8              Accuracy and Completeness of Citations   
9              Timeliness and Relevance of References   
10   Avoidance of Plagiarism and Appropriate Citation   
11             Critical Analysis of Existing Research   
12   Proposal of New Research Directions or Questions   
13                Potential Contribution to the Field   
14             Clarity of Research Method Description   
15                    Rationality of Method Selection   
16                           Rigor of Research Design   
17               Inclusion of Latest Research Results   
18            Reflection of Current Research Hotspots   
19                     Fluency of Language Expression   
20    Appropriateness of Professional Terminology Use   
21                          Conciseness of Expression   
22  Practical Application Potential of Research Re...   
23                Feasibility of Proposed Suggestions   
24                             Logic of Argumentation   
25                   Multi-angle Analysis of Problems   
26  Identification and Discussion of Research Limi...   

    ICC (Intraclass Correlation Coefficient) ICC 95% Confidence Interval  \
0                                   0.619432                [0.52, 0.72]   
1                                   0.823194                [0.76, 0.88]   
2                                   0.239585                [0.16, 0.35]   
3                                   0.672806                [0.58, 0.76]   
4                                   0.713184                 [0.63, 0.8]   
5                                   0.684321                 [0.6, 0.77]   
6                                   0.677440                [0.59, 0.77]   
7                                   0.585721                [0.49, 0.69]   
8                                   0.568664                [0.47, 0.68]   
9                                   0.660410                [0.57, 0.75]   
10                                  0.151521                [0.09, 0.25]   
11                                  0.723666                 [0.64, 0.8]   
12                                  0.566574                [0.47, 0.67]   
13                                  0.719900                 [0.64, 0.8]   
14                                  0.627988                [0.53, 0.73]   
15                                  0.630975                [0.54, 0.73]   
16                                  0.614721                [0.52, 0.72]   
17                                  0.671989                [0.58, 0.76]   
18                                  0.684953                 [0.6, 0.77]   
19                                  0.604678                [0.51, 0.71]   
20                                  0.563450                [0.46, 0.67]   
21                                  0.600215                  [0.5, 0.7]   
22                                  0.721225                 [0.64, 0.8]   
23                                  0.701814                [0.62, 0.79]   
24                                  0.652022                [0.56, 0.75]   
25                                  0.688279                 [0.6, 0.78]   
26                                  0.648406                [0.55, 0.74]   

    Transitivity Consistency Ratio (%)  
0                            71.515152  
1                            73.333333  
2                            89.090909  
3                            76.969697  
4                            72.727273  
5                            75.151515  
6                            75.151515  
7                            73.939394  
8                            76.969697  
9                            74.545455  
10                           82.424242  
11                           74.545455  
12                           77.575758  
13                           76.969697  
14                           75.151515  
15                           75.151515  
16                           75.151515  
17                           74.545455  
18                           73.333333  
19                           75.151515  
20                           76.363636  
21                           75.151515  
22                           76.969697  
23                           76.969697  
24                           73.939394  
25                           72.727273  
26                           73.333333  

Results have been saved to 'reliability_analysis.csv'
Author
7       0.311737
6       1.540572
4       2.619573
10      5.595061
2       9.306895
8      12.314641
1      16.684001
0      42.484264
3      48.122043
5      71.088466
9     100.000000
Name: Score, dtype: float64

Results have been saved to 'pagerank_results_balanced.csv'
Combined Results:
                                          Subcategory  \
0                                     Topic Relevance   
1                    Comprehensiveness of Information   
2                             Accuracy of Information   
3                        Innovativeness of Viewpoints   
4       Integration of Interdisciplinary Perspectives   
5                        Clarity of Logical Structure   
6               Reasonableness of Chapter Arrangement   
7              Quality of Introduction and Conclusion   
8              Accuracy and Completeness of Citations   
9              Timeliness and Relevance of References   
10   Avoidance of Plagiarism and Appropriate Citation   
11             Critical Analysis of Existing Research   
12   Proposal of New Research Directions or Questions   
13                Potential Contribution to the Field   
14             Clarity of Research Method Description   
15                    Rationality of Method Selection   
16                           Rigor of Research Design   
17               Inclusion of Latest Research Results   
18            Reflection of Current Research Hotspots   
19                     Fluency of Language Expression   
20    Appropriateness of Professional Terminology Use   
21                          Conciseness of Expression   
22  Practical Application Potential of Research Re...   
23                Feasibility of Proposed Suggestions   
24                             Logic of Argumentation   
25                   Multi-angle Analysis of Problems   
26  Identification and Discussion of Research Limi...   

    ICC (Intraclass Correlation Coefficient) ICC 95% Confidence Interval  \
0                                   0.619432                [0.52, 0.72]   
1                                   0.823194                [0.76, 0.88]   
2                                   0.239585                [0.16, 0.35]   
3                                   0.672806                [0.58, 0.76]   
4                                   0.713184                 [0.63, 0.8]   
5                                   0.684321                 [0.6, 0.77]   
6                                   0.677440                [0.59, 0.77]   
7                                   0.585721                [0.49, 0.69]   
8                                   0.568664                [0.47, 0.68]   
9                                   0.660410                [0.57, 0.75]   
10                                  0.151521                [0.09, 0.25]   
11                                  0.723666                 [0.64, 0.8]   
12                                  0.566574                [0.47, 0.67]   
13                                  0.719900                 [0.64, 0.8]   
14                                  0.627988                [0.53, 0.73]   
15                                  0.630975                [0.54, 0.73]   
16                                  0.614721                [0.52, 0.72]   
17                                  0.671989                [0.58, 0.76]   
18                                  0.684953                 [0.6, 0.77]   
19                                  0.604678                [0.51, 0.71]   
20                                  0.563450                [0.46, 0.67]   
21                                  0.600215                  [0.5, 0.7]   
22                                  0.721225                 [0.64, 0.8]   
23                                  0.701814                [0.62, 0.79]   
24                                  0.652022                [0.56, 0.75]   
25                                  0.688279                 [0.6, 0.78]   
26                                  0.648406                [0.55, 0.74]   

    Transitivity Consistency Ratio (%)  
0                            69.480519  
1                            71.794872  
2                            56.097561  
3                            76.969697  
4                            72.727273  
5                            75.151515  
6                            75.151515  
7                            73.939394  
8                            63.809524  
9                            73.076923  
10                           50.000000  
11                           74.545455  
12                           76.282051  
13                           76.969697  
14                           75.151515  
15                           75.151515  
16                           75.151515  
17                           73.076923  
18                           73.333333  
19                           75.151515  
20                           76.363636  
21                           75.151515  
22                           76.969697  
23                           76.969697  
24                           73.939394  
25                           72.727273  
26                           73.333333  

Results have been saved to 'reliability_analysis.csv'
Author
7       0.311737
6       1.540572
4       2.619573
10      5.595061
2       9.306895
8      12.314641
1      16.684001
0      42.484264
3      48.122043
5      71.088466
9     100.000000
Name: Score, dtype: float64

Results have been saved to 'pagerank_results_balanced.csv'
Combined Results:
                                          Subcategory  \
0                                     Topic Relevance   
1                    Comprehensiveness of Information   
2                             Accuracy of Information   
3                        Innovativeness of Viewpoints   
4       Integration of Interdisciplinary Perspectives   
5                        Clarity of Logical Structure   
6               Reasonableness of Chapter Arrangement   
7              Quality of Introduction and Conclusion   
8              Accuracy and Completeness of Citations   
9              Timeliness and Relevance of References   
10   Avoidance of Plagiarism and Appropriate Citation   
11             Critical Analysis of Existing Research   
12   Proposal of New Research Directions or Questions   
13                Potential Contribution to the Field   
14             Clarity of Research Method Description   
15                    Rationality of Method Selection   
16                           Rigor of Research Design   
17               Inclusion of Latest Research Results   
18            Reflection of Current Research Hotspots   
19                     Fluency of Language Expression   
20    Appropriateness of Professional Terminology Use   
21                          Conciseness of Expression   
22  Practical Application Potential of Research Re...   
23                Feasibility of Proposed Suggestions   
24                             Logic of Argumentation   
25                   Multi-angle Analysis of Problems   
26  Identification and Discussion of Research Limi...   

    ICC (Intraclass Correlation Coefficient) ICC 95% Confidence Interval  \
0                                   0.619432                [0.52, 0.72]   
1                                   0.823194                [0.76, 0.88]   
2                                   0.239585                [0.16, 0.35]   
3                                   0.672806                [0.58, 0.76]   
4                                   0.713184                 [0.63, 0.8]   
5                                   0.684321                 [0.6, 0.77]   
6                                   0.677440                [0.59, 0.77]   
7                                   0.585721                [0.49, 0.69]   
8                                   0.568664                [0.47, 0.68]   
9                                   0.660410                [0.57, 0.75]   
10                                  0.151521                [0.09, 0.25]   
11                                  0.723666                 [0.64, 0.8]   
12                                  0.566574                [0.47, 0.67]   
13                                  0.719900                 [0.64, 0.8]   
14                                  0.627988                [0.53, 0.73]   
15                                  0.630975                [0.54, 0.73]   
16                                  0.614721                [0.52, 0.72]   
17                                  0.671989                [0.58, 0.76]   
18                                  0.684953                 [0.6, 0.77]   
19                                  0.604678                [0.51, 0.71]   
20                                  0.563450                [0.46, 0.67]   
21                                  0.600215                  [0.5, 0.7]   
22                                  0.721225                 [0.64, 0.8]   
23                                  0.701814                [0.62, 0.79]   
24                                  0.652022                [0.56, 0.75]   
25                                  0.688279                 [0.6, 0.78]   
26                                  0.648406                [0.55, 0.74]   

    Transitivity Consistency Ratio (%)  
0                            69.480519  
1                            71.794872  
2                            56.097561  
3                            76.969697  
4                            72.727273  
5                            75.151515  
6                            75.151515  
7                            73.939394  
8                            63.809524  
9                            73.076923  
10                           50.000000  
11                           74.545455  
12                           76.282051  
13                           76.969697  
14                           75.151515  
15                           75.151515  
16                           75.151515  
17                           73.076923  
18                           73.333333  
19                           75.151515  
20                           76.363636  
21                           75.151515  
22                           76.969697  
23                           76.969697  
24                           73.939394  
25                           72.727273  
26                           73.333333  

Results have been saved to 'reliability_analysis.csv'
