Author
6      0.285205
10    12.802077
7     16.235999
8     28.146321
3     52.475258
2     79.593265
5     87.536260
9     91.911157
4     93.195157
1     95.999128
0     96.438335
Name: Score, dtype: float64

Results have been saved to 'pagerank_results_balanced.csv'
Combined Results:
                                          Subcategory  \
0                                     Topic Relevance   
1                    Comprehensiveness of Information   
2                             Accuracy of Information   
3                        Innovativeness of Viewpoints   
4       Integration of Interdisciplinary Perspectives   
5                        Clarity of Logical Structure   
6               Reasonableness of Chapter Arrangement   
7              Quality of Introduction and Conclusion   
8              Accuracy and Completeness of Citations   
9              Timeliness and Relevance of References   
10   Avoidance of Plagiarism and Appropriate Citation   
11             Critical Analysis of Existing Research   
12   Proposal of New Research Directions or Questions   
13                Potential Contribution to the Field   
14             Clarity of Research Method Description   
15                    Rationality of Method Selection   
16                           Rigor of Research Design   
17               Inclusion of Latest Research Results   
18            Reflection of Current Research Hotspots   
19                     Fluency of Language Expression   
20    Appropriateness of Professional Terminology Use   
21                          Conciseness of Expression   
22  Practical Application Potential of Research Re...   
23                Feasibility of Proposed Suggestions   
24                             Logic of Argumentation   
25                   Multi-angle Analysis of Problems   
26  Identification and Discussion of Research Limi...   

    ICC (Intraclass Correlation Coefficient) ICC 95% Confidence Interval  \
0                                   0.440110                [0.34, 0.56]   
1                                   0.669801                [0.58, 0.76]   
2                                   0.236986                [0.16, 0.35]   
3                                   0.521911                [0.42, 0.63]   
4                                   0.561039                [0.46, 0.67]   
5                                   0.541378                [0.44, 0.65]   
6                                   0.507092                 [0.4, 0.62]   
7                                   0.524263                [0.42, 0.64]   
8                                   0.469404                [0.37, 0.59]   
9                                   0.624890                [0.53, 0.72]   
10                                  0.213946                [0.14, 0.32]   
11                                  0.549266                [0.45, 0.66]   
12                                  0.507132                [0.41, 0.62]   
13                                  0.562630                [0.46, 0.67]   
14                                  0.599129                  [0.5, 0.7]   
15                                  0.620091                [0.52, 0.72]   
16                                  0.625766                [0.53, 0.72]   
17                                  0.636290                [0.54, 0.73]   
18                                  0.577371                [0.48, 0.68]   
19                                  0.559641                [0.46, 0.67]   
20                                  0.560070                [0.46, 0.67]   
21                                  0.527682                [0.43, 0.64]   
22                                  0.571727                [0.47, 0.68]   
23                                  0.547001                [0.45, 0.66]   
24                                  0.596062                  [0.5, 0.7]   
25                                  0.552987                [0.45, 0.66]   
26                                  0.561059                [0.46, 0.67]   

    Transitivity Consistency Ratio (%)  
0                            76.969697  
1                            76.363636  
2                            89.696970  
3                            83.636364  
4                            75.151515  
5                            79.393939  
6                            80.606061  
7                            80.000000  
8                            77.575758  
9                            72.121212  
10                           84.848485  
11                           81.212121  
12                           81.212121  
13                           80.000000  
14                           76.363636  
15                           76.363636  
16                           76.969697  
17                           72.121212  
18                           72.727273  
19                           80.000000  
20                           81.212121  
21                           78.787879  
22                           78.787879  
23                           80.000000  
24                           78.181818  
25                           73.333333  
26                           76.363636  

Results have been saved to 'reliability_analysis.csv'
Author
6      0.228534
10     9.292942
7      9.796712
8     21.607380
3     40.722983
2     68.511915
5     86.797478
9     87.888365
4     91.580251
1     95.205489
0     96.547561
Name: Score, dtype: float64

Results have been saved to 'pagerank_results_balanced.csv'
Combined Results:
                                          Subcategory  \
0                                     Topic Relevance   
1                    Comprehensiveness of Information   
2                             Accuracy of Information   
3                        Innovativeness of Viewpoints   
4       Integration of Interdisciplinary Perspectives   
5                        Clarity of Logical Structure   
6               Reasonableness of Chapter Arrangement   
7              Quality of Introduction and Conclusion   
8              Accuracy and Completeness of Citations   
9              Timeliness and Relevance of References   
10   Avoidance of Plagiarism and Appropriate Citation   
11             Critical Analysis of Existing Research   
12   Proposal of New Research Directions or Questions   
13                Potential Contribution to the Field   
14             Clarity of Research Method Description   
15                    Rationality of Method Selection   
16                           Rigor of Research Design   
17               Inclusion of Latest Research Results   
18            Reflection of Current Research Hotspots   
19                     Fluency of Language Expression   
20    Appropriateness of Professional Terminology Use   
21                          Conciseness of Expression   
22  Practical Application Potential of Research Re...   
23                Feasibility of Proposed Suggestions   
24                             Logic of Argumentation   
25                   Multi-angle Analysis of Problems   
26  Identification and Discussion of Research Limi...   

    ICC (Intraclass Correlation Coefficient) ICC 95% Confidence Interval  \
0                                   0.440110                [0.34, 0.56]   
1                                   0.669801                [0.58, 0.76]   
2                                   0.236986                [0.16, 0.35]   
3                                   0.521911                [0.42, 0.63]   
4                                   0.561039                [0.46, 0.67]   
5                                   0.541378                [0.44, 0.65]   
6                                   0.507092                 [0.4, 0.62]   
7                                   0.524263                [0.42, 0.64]   
8                                   0.469404                [0.37, 0.59]   
9                                   0.624890                [0.53, 0.72]   
10                                  0.213946                [0.14, 0.32]   
11                                  0.549266                [0.45, 0.66]   
12                                  0.507132                [0.41, 0.62]   
13                                  0.562630                [0.46, 0.67]   
14                                  0.599129                  [0.5, 0.7]   
15                                  0.620091                [0.52, 0.72]   
16                                  0.625766                [0.53, 0.72]   
17                                  0.636290                [0.54, 0.73]   
18                                  0.577371                [0.48, 0.68]   
19                                  0.559641                [0.46, 0.67]   
20                                  0.560070                [0.46, 0.67]   
21                                  0.527682                [0.43, 0.64]   
22                                  0.571727                [0.47, 0.68]   
23                                  0.547001                [0.45, 0.66]   
24                                  0.596062                  [0.5, 0.7]   
25                                  0.552987                [0.45, 0.66]   
26                                  0.561059                [0.46, 0.67]   

    Transitivity Consistency Ratio (%)  
0                            68.067227  
1                            75.471698  
2                            67.924528  
3                            83.125000  
4                            75.151515  
5                            79.393939  
6                            80.606061  
7                            80.000000  
8                            65.094340  
9                            72.121212  
10                           50.980392  
11                           81.212121  
12                           81.212121  
13                           79.375000  
14                           76.363636  
15                           76.363636  
16                           76.969697  
17                           72.121212  
18                           71.518987  
19                           80.000000  
20                           81.212121  
21                           78.787879  
22                           77.987421  
23                           80.000000  
24                           77.500000  
25                           71.974522  
26                           76.363636  

Results have been saved to 'reliability_analysis.csv'
Author
6      0.228534
10     9.292942
7      9.796712
8     21.607380
3     40.722983
2     68.511915
5     86.797478
9     87.888365
4     91.580251
1     95.205489
0     96.547561
Name: Score, dtype: float64

Results have been saved to 'pagerank_results_balanced.csv'
Combined Results:
                                          Subcategory  \
0                                     Topic Relevance   
1                    Comprehensiveness of Information   
2                             Accuracy of Information   
3                        Innovativeness of Viewpoints   
4       Integration of Interdisciplinary Perspectives   
5                        Clarity of Logical Structure   
6               Reasonableness of Chapter Arrangement   
7              Quality of Introduction and Conclusion   
8              Accuracy and Completeness of Citations   
9              Timeliness and Relevance of References   
10   Avoidance of Plagiarism and Appropriate Citation   
11             Critical Analysis of Existing Research   
12   Proposal of New Research Directions or Questions   
13                Potential Contribution to the Field   
14             Clarity of Research Method Description   
15                    Rationality of Method Selection   
16                           Rigor of Research Design   
17               Inclusion of Latest Research Results   
18            Reflection of Current Research Hotspots   
19                     Fluency of Language Expression   
20    Appropriateness of Professional Terminology Use   
21                          Conciseness of Expression   
22  Practical Application Potential of Research Re...   
23                Feasibility of Proposed Suggestions   
24                             Logic of Argumentation   
25                   Multi-angle Analysis of Problems   
26  Identification and Discussion of Research Limi...   

    ICC (Intraclass Correlation Coefficient) ICC 95% Confidence Interval  \
0                                   0.440110                [0.34, 0.56]   
1                                   0.669801                [0.58, 0.76]   
2                                   0.236986                [0.16, 0.35]   
3                                   0.521911                [0.42, 0.63]   
4                                   0.561039                [0.46, 0.67]   
5                                   0.541378                [0.44, 0.65]   
6                                   0.507092                 [0.4, 0.62]   
7                                   0.524263                [0.42, 0.64]   
8                                   0.469404                [0.37, 0.59]   
9                                   0.624890                [0.53, 0.72]   
10                                  0.213946                [0.14, 0.32]   
11                                  0.549266                [0.45, 0.66]   
12                                  0.507132                [0.41, 0.62]   
13                                  0.562630                [0.46, 0.67]   
14                                  0.599129                  [0.5, 0.7]   
15                                  0.620091                [0.52, 0.72]   
16                                  0.625766                [0.53, 0.72]   
17                                  0.636290                [0.54, 0.73]   
18                                  0.577371                [0.48, 0.68]   
19                                  0.559641                [0.46, 0.67]   
20                                  0.560070                [0.46, 0.67]   
21                                  0.527682                [0.43, 0.64]   
22                                  0.571727                [0.47, 0.68]   
23                                  0.547001                [0.45, 0.66]   
24                                  0.596062                  [0.5, 0.7]   
25                                  0.552987                [0.45, 0.66]   
26                                  0.561059                [0.46, 0.67]   

    Transitivity Consistency Ratio (%)  
0                            68.067227  
1                            75.471698  
2                            67.924528  
3                            83.125000  
4                            75.151515  
5                            79.393939  
6                            80.606061  
7                            80.000000  
8                            65.094340  
9                            72.121212  
10                           50.980392  
11                           81.212121  
12                           81.212121  
13                           79.375000  
14                           76.363636  
15                           76.363636  
16                           76.969697  
17                           72.121212  
18                           71.518987  
19                           80.000000  
20                           81.212121  
21                           78.787879  
22                           77.987421  
23                           80.000000  
24                           77.500000  
25                           71.974522  
26                           76.363636  

Results have been saved to 'reliability_analysis.csv'
