Author
5      5.502501
0      9.526618
10    19.292945
1     21.256417
2     21.765361
4     56.784644
6     59.247804
8     59.680617
3     65.766743
7     69.254215
9     84.843425
Name: Score, dtype: float64

Results have been saved to 'pagerank_results_balanced.csv'
Combined Results:
                                          Subcategory  \
0                                     Topic Relevance   
1                    Comprehensiveness of Information   
2                             Accuracy of Information   
3                        Innovativeness of Viewpoints   
4       Integration of Interdisciplinary Perspectives   
5                        Clarity of Logical Structure   
6               Reasonableness of Chapter Arrangement   
7              Quality of Introduction and Conclusion   
8              Accuracy and Completeness of Citations   
9              Timeliness and Relevance of References   
10   Avoidance of Plagiarism and Appropriate Citation   
11             Critical Analysis of Existing Research   
12   Proposal of New Research Directions or Questions   
13                Potential Contribution to the Field   
14             Clarity of Research Method Description   
15                    Rationality of Method Selection   
16                           Rigor of Research Design   
17               Inclusion of Latest Research Results   
18            Reflection of Current Research Hotspots   
19                     Fluency of Language Expression   
20    Appropriateness of Professional Terminology Use   
21                          Conciseness of Expression   
22  Practical Application Potential of Research Re...   
23                Feasibility of Proposed Suggestions   
24                             Logic of Argumentation   
25                   Multi-angle Analysis of Problems   
26  Identification and Discussion of Research Limi...   

    ICC (Intraclass Correlation Coefficient) ICC 95% Confidence Interval  \
0                                   0.466627                [0.36, 0.58]   
1                                   0.701463                [0.61, 0.79]   
2                                   0.314901                [0.22, 0.43]   
3                                   0.650191                [0.56, 0.74]   
4                                   0.646920                [0.55, 0.74]   
5                                   0.641687                [0.55, 0.74]   
6                                   0.632491                [0.54, 0.73]   
7                                   0.576809                [0.48, 0.68]   
8                                   0.547150                [0.45, 0.66]   
9                                   0.595584                  [0.5, 0.7]   
10                                  0.308377                [0.22, 0.43]   
11                                  0.640038                [0.54, 0.74]   
12                                  0.529660                [0.43, 0.64]   
13                                  0.659882                [0.57, 0.75]   
14                                  0.525903                [0.42, 0.64]   
15                                  0.535406                [0.43, 0.65]   
16                                  0.503801                 [0.4, 0.62]   
17                                  0.608481                [0.51, 0.71]   
18                                  0.536407                [0.43, 0.65]   
19                                  0.543009                [0.44, 0.65]   
20                                  0.519221                [0.42, 0.63]   
21                                  0.529188                [0.43, 0.64]   
22                                  0.590110                [0.49, 0.69]   
23                                  0.543872                [0.44, 0.65]   
24                                  0.539701                [0.44, 0.65]   
25                                  0.523362                [0.42, 0.64]   
26                                  0.501688                 [0.4, 0.62]   

    Transitivity Consistency Ratio (%)  
0                            80.000000  
1                            78.787879  
2                            87.272727  
3                            76.363636  
4                            80.606061  
5                            80.606061  
6                            80.606061  
7                            80.606061  
8                            78.787879  
9                            79.393939  
10                           84.242424  
11                           76.363636  
12                           78.787879  
13                           76.363636  
14                           83.030303  
15                           83.030303  
16                           83.030303  
17                           78.787879  
18                           81.212121  
19                           81.818182  
20                           80.606061  
21                           80.606061  
22                           76.363636  
23                           76.969697  
24                           83.030303  
25                           80.606061  
26                           75.757576  

Results have been saved to 'reliability_analysis.csv'
Author
10     0.719065
0      2.096664
5      3.152584
2      6.120869
1      6.781981
6     50.986789
4     55.254336
8     59.870201
3     75.418699
7     85.640866
9     99.971391
Name: Score, dtype: float64

Results have been saved to 'pagerank_results_balanced.csv'
Combined Results:
                                          Subcategory  \
0                                     Topic Relevance   
1                    Comprehensiveness of Information   
2                             Accuracy of Information   
3                        Innovativeness of Viewpoints   
4       Integration of Interdisciplinary Perspectives   
5                        Clarity of Logical Structure   
6               Reasonableness of Chapter Arrangement   
7              Quality of Introduction and Conclusion   
8              Accuracy and Completeness of Citations   
9              Timeliness and Relevance of References   
10   Avoidance of Plagiarism and Appropriate Citation   
11             Critical Analysis of Existing Research   
12   Proposal of New Research Directions or Questions   
13                Potential Contribution to the Field   
14             Clarity of Research Method Description   
15                    Rationality of Method Selection   
16                           Rigor of Research Design   
17               Inclusion of Latest Research Results   
18            Reflection of Current Research Hotspots   
19                     Fluency of Language Expression   
20    Appropriateness of Professional Terminology Use   
21                          Conciseness of Expression   
22  Practical Application Potential of Research Re...   
23                Feasibility of Proposed Suggestions   
24                             Logic of Argumentation   
25                   Multi-angle Analysis of Problems   
26  Identification and Discussion of Research Limi...   

    ICC (Intraclass Correlation Coefficient) ICC 95% Confidence Interval  \
0                                   0.466627                [0.36, 0.58]   
1                                   0.701463                [0.61, 0.79]   
2                                   0.314901                [0.22, 0.43]   
3                                   0.650191                [0.56, 0.74]   
4                                   0.646920                [0.55, 0.74]   
5                                   0.641687                [0.55, 0.74]   
6                                   0.632491                [0.54, 0.73]   
7                                   0.576809                [0.48, 0.68]   
8                                   0.547150                [0.45, 0.66]   
9                                   0.595584                  [0.5, 0.7]   
10                                  0.308377                [0.22, 0.43]   
11                                  0.640038                [0.54, 0.74]   
12                                  0.529660                [0.43, 0.64]   
13                                  0.659882                [0.57, 0.75]   
14                                  0.525903                [0.42, 0.64]   
15                                  0.535406                [0.43, 0.65]   
16                                  0.503801                 [0.4, 0.62]   
17                                  0.608481                [0.51, 0.71]   
18                                  0.536407                [0.43, 0.65]   
19                                  0.543009                [0.44, 0.65]   
20                                  0.519221                [0.42, 0.63]   
21                                  0.529188                [0.43, 0.64]   
22                                  0.590110                [0.49, 0.69]   
23                                  0.543872                [0.44, 0.65]   
24                                  0.539701                [0.44, 0.65]   
25                                  0.523362                [0.42, 0.64]   
26                                  0.501688                 [0.4, 0.62]   

    Transitivity Consistency Ratio (%)  
0                            79.245283  
1                            78.787879  
2                            64.406780  
3                            76.363636  
4                            80.606061  
5                            80.606061  
6                            80.606061  
7                            80.606061  
8                            73.484848  
9                            78.343949  
10                           58.064516  
11                           76.363636  
12                           78.787879  
13                           76.363636  
14                           83.030303  
15                           83.030303  
16                           83.030303  
17                           78.787879  
18                           81.212121  
19                           80.769231  
20                           80.606061  
21                           80.606061  
22                           76.363636  
23                           76.100629  
24                           83.030303  
25                           80.606061  
26                           75.757576  

Results have been saved to 'reliability_analysis.csv'
Author
10     0.719065
0      2.096664
5      3.152584
2      6.120869
1      6.781981
6     50.986789
4     55.254336
8     59.870201
3     75.418699
7     85.640866
9     99.971391
Name: Score, dtype: float64

Results have been saved to 'pagerank_results_balanced.csv'
Combined Results:
                                          Subcategory  \
0                                     Topic Relevance   
1                    Comprehensiveness of Information   
2                             Accuracy of Information   
3                        Innovativeness of Viewpoints   
4       Integration of Interdisciplinary Perspectives   
5                        Clarity of Logical Structure   
6               Reasonableness of Chapter Arrangement   
7              Quality of Introduction and Conclusion   
8              Accuracy and Completeness of Citations   
9              Timeliness and Relevance of References   
10   Avoidance of Plagiarism and Appropriate Citation   
11             Critical Analysis of Existing Research   
12   Proposal of New Research Directions or Questions   
13                Potential Contribution to the Field   
14             Clarity of Research Method Description   
15                    Rationality of Method Selection   
16                           Rigor of Research Design   
17               Inclusion of Latest Research Results   
18            Reflection of Current Research Hotspots   
19                     Fluency of Language Expression   
20    Appropriateness of Professional Terminology Use   
21                          Conciseness of Expression   
22  Practical Application Potential of Research Re...   
23                Feasibility of Proposed Suggestions   
24                             Logic of Argumentation   
25                   Multi-angle Analysis of Problems   
26  Identification and Discussion of Research Limi...   

    ICC (Intraclass Correlation Coefficient) ICC 95% Confidence Interval  \
0                                   0.466627                [0.36, 0.58]   
1                                   0.701463                [0.61, 0.79]   
2                                   0.314901                [0.22, 0.43]   
3                                   0.650191                [0.56, 0.74]   
4                                   0.646920                [0.55, 0.74]   
5                                   0.641687                [0.55, 0.74]   
6                                   0.632491                [0.54, 0.73]   
7                                   0.576809                [0.48, 0.68]   
8                                   0.547150                [0.45, 0.66]   
9                                   0.595584                  [0.5, 0.7]   
10                                  0.308377                [0.22, 0.43]   
11                                  0.640038                [0.54, 0.74]   
12                                  0.529660                [0.43, 0.64]   
13                                  0.659882                [0.57, 0.75]   
14                                  0.525903                [0.42, 0.64]   
15                                  0.535406                [0.43, 0.65]   
16                                  0.503801                 [0.4, 0.62]   
17                                  0.608481                [0.51, 0.71]   
18                                  0.536407                [0.43, 0.65]   
19                                  0.543009                [0.44, 0.65]   
20                                  0.519221                [0.42, 0.63]   
21                                  0.529188                [0.43, 0.64]   
22                                  0.590110                [0.49, 0.69]   
23                                  0.543872                [0.44, 0.65]   
24                                  0.539701                [0.44, 0.65]   
25                                  0.523362                [0.42, 0.64]   
26                                  0.501688                 [0.4, 0.62]   

    Transitivity Consistency Ratio (%)  
0                            79.245283  
1                            78.787879  
2                            64.406780  
3                            76.363636  
4                            80.606061  
5                            80.606061  
6                            80.606061  
7                            80.606061  
8                            73.484848  
9                            78.343949  
10                           58.064516  
11                           76.363636  
12                           78.787879  
13                           76.363636  
14                           83.030303  
15                           83.030303  
16                           83.030303  
17                           78.787879  
18                           81.212121  
19                           80.769231  
20                           80.606061  
21                           80.606061  
22                           76.363636  
23                           76.100629  
24                           83.030303  
25                           80.606061  
26                           75.757576  

Results have been saved to 'reliability_analysis.csv'
