Author
4      0.554243
0      1.319673
7      1.907266
3      3.231129
6      3.446863
5      5.406133
2      5.983192
1      8.372840
8     12.191064
10    62.509283
9     98.380678
Name: Score, dtype: float64

Results have been saved to 'pagerank_results_balanced.csv'
Combined Results:
                                          Subcategory  \
0                                     Topic Relevance   
1                    Comprehensiveness of Information   
2                             Accuracy of Information   
3                        Innovativeness of Viewpoints   
4       Integration of Interdisciplinary Perspectives   
5                        Clarity of Logical Structure   
6               Reasonableness of Chapter Arrangement   
7              Quality of Introduction and Conclusion   
8              Accuracy and Completeness of Citations   
9              Timeliness and Relevance of References   
10   Avoidance of Plagiarism and Appropriate Citation   
11             Critical Analysis of Existing Research   
12   Proposal of New Research Directions or Questions   
13                Potential Contribution to the Field   
14             Clarity of Research Method Description   
15                    Rationality of Method Selection   
16                           Rigor of Research Design   
17               Inclusion of Latest Research Results   
18            Reflection of Current Research Hotspots   
19                     Fluency of Language Expression   
20    Appropriateness of Professional Terminology Use   
21                          Conciseness of Expression   
22  Practical Application Potential of Research Re...   
23                Feasibility of Proposed Suggestions   
24                             Logic of Argumentation   
25                   Multi-angle Analysis of Problems   
26  Identification and Discussion of Research Limi...   

    ICC (Intraclass Correlation Coefficient) ICC 95% Confidence Interval  \
0                                   0.659306                [0.57, 0.75]   
1                                   0.573849                [0.46, 0.69]   
2                                   0.679018                [0.59, 0.77]   
3                                   0.388477                [0.28, 0.51]   
4                                   0.561882                [0.46, 0.67]   
5                                   0.596462                [0.49, 0.71]   
6                                   0.616461                [0.51, 0.72]   
7                                   0.592778                 [0.49, 0.7]   
8                                   0.511040                [0.41, 0.62]   
9                                   0.286218                  [0.2, 0.4]   
10                                  0.405939                [0.31, 0.53]   
11                                  0.388797                [0.28, 0.52]   
12                                  0.403356                 [0.3, 0.53]   
13                                  0.407465                 [0.3, 0.53]   
14                                  0.451073                [0.35, 0.57]   
15                                  0.446699                [0.34, 0.57]   
16                                  0.445430                [0.34, 0.57]   
17                                  0.285329                  [0.2, 0.4]   
18                                  0.314744                [0.22, 0.43]   
19                                  0.522470                [0.41, 0.64]   
20                                  0.481753                [0.37, 0.61]   
21                                  0.425079                [0.32, 0.55]   
22                                  0.466857                [0.35, 0.59]   
23                                  0.373419                [0.27, 0.49]   
24                                  0.533456                [0.42, 0.65]   
25                                  0.517321                 [0.4, 0.64]   
26                                  0.454119                [0.34, 0.58]   

    Transitivity Consistency Ratio (%)  
0                            86.666667  
1                            79.393939  
2                            86.666667  
3                            82.424242  
4                            80.606061  
5                            77.575758  
6                            77.575758  
7                            80.606061  
8                            86.666667  
9                            77.575758  
10                           87.878788  
11                           82.424242  
12                           79.393939  
13                           79.393939  
14                           79.393939  
15                           79.393939  
16                           79.393939  
17                           77.575758  
18                           77.575758  
19                           77.575758  
20                           79.393939  
21                           76.969697  
22                           79.393939  
23                           81.818182  
24                           77.575758  
25                           79.393939  
26                           79.393939  

Results have been saved to 'reliability_analysis.csv'
