Author
1      7.723903
5     12.112595
10    17.793698
7     25.603831
8     28.068701
2     51.139268
3     66.227664
6     74.745801
4     84.072869
9     96.954848
0     99.608046
Name: Score, dtype: float64

Results have been saved to 'pagerank_results_balanced.csv'
Combined Results:
                                          Subcategory  \
0                                     Topic Relevance   
1                    Comprehensiveness of Information   
2                             Accuracy of Information   
3                        Innovativeness of Viewpoints   
4       Integration of Interdisciplinary Perspectives   
5                        Clarity of Logical Structure   
6               Reasonableness of Chapter Arrangement   
7              Quality of Introduction and Conclusion   
8              Accuracy and Completeness of Citations   
9              Timeliness and Relevance of References   
10   Avoidance of Plagiarism and Appropriate Citation   
11             Critical Analysis of Existing Research   
12   Proposal of New Research Directions or Questions   
13                Potential Contribution to the Field   
14             Clarity of Research Method Description   
15                    Rationality of Method Selection   
16                           Rigor of Research Design   
17               Inclusion of Latest Research Results   
18            Reflection of Current Research Hotspots   
19                     Fluency of Language Expression   
20    Appropriateness of Professional Terminology Use   
21                          Conciseness of Expression   
22  Practical Application Potential of Research Re...   
23                Feasibility of Proposed Suggestions   
24                             Logic of Argumentation   
25                   Multi-angle Analysis of Problems   
26  Identification and Discussion of Research Limi...   

    ICC (Intraclass Correlation Coefficient) ICC 95% Confidence Interval  \
0                                   0.365888                [0.27, 0.49]   
1                                   0.708753                [0.62, 0.79]   
2                                   0.342537                [0.25, 0.46]   
3                                   0.712670                 [0.63, 0.8]   
4                                   0.602924                 [0.5, 0.71]   
5                                   0.462866                [0.35, 0.59]   
6                                   0.450502                [0.34, 0.58]   
7                                   0.443715                [0.33, 0.57]   
8                                   0.548406                [0.45, 0.66]   
9                                   0.595252                 [0.49, 0.7]   
10                                  0.153200                [0.09, 0.25]   
11                                  0.691116                 [0.6, 0.78]   
12                                  0.599501                  [0.5, 0.7]   
13                                  0.690076                 [0.6, 0.78]   
14                                  0.659448                [0.57, 0.75]   
15                                  0.662916                [0.57, 0.76]   
16                                  0.651813                [0.56, 0.75]   
17                                  0.592763                 [0.49, 0.7]   
18                                  0.548168                [0.44, 0.66]   
19                                  0.479457                 [0.37, 0.6]   
20                                  0.517626                [0.42, 0.63]   
21                                  0.448874                [0.35, 0.57]   
22                                  0.676262                [0.59, 0.77]   
23                                  0.548334                [0.45, 0.66]   
24                                  0.506428                [0.39, 0.63]   
25                                  0.567357                [0.46, 0.68]   
26                                  0.599325                  [0.5, 0.7]   

    Transitivity Consistency Ratio (%)  
0                            93.333333  
1                            84.848485  
2                            91.515152  
3                            82.424242  
4                            88.484848  
5                            86.060606  
6                            87.272727  
7                            86.060606  
8                            93.939394  
9                            89.090909  
10                           95.151515  
11                           81.818182  
12                           90.303030  
13                           89.696970  
14                           84.242424  
15                           84.242424  
16                           84.848485  
17                           87.878788  
18                           90.303030  
19                           86.060606  
20                           86.666667  
21                           91.515152  
22                           90.303030  
23                           90.909091  
24                           81.212121  
25                           86.666667  
26                           84.848485  

Results have been saved to 'reliability_analysis.csv'
Author
0     48.221946
9     52.243049
10    55.538064
3     56.011324
6     63.404213
5     64.417198
4     72.724911
8     76.582177
1     82.653029
2     83.069943
7     86.247358
Name: Score, dtype: float64

Results have been saved to 'pagerank_results_balanced.csv'
Combined Results:
                                          Subcategory  \
0                                     Topic Relevance   
1                    Comprehensiveness of Information   
2                             Accuracy of Information   
3                        Innovativeness of Viewpoints   
4       Integration of Interdisciplinary Perspectives   
5                        Clarity of Logical Structure   
6               Reasonableness of Chapter Arrangement   
7              Quality of Introduction and Conclusion   
8              Accuracy and Completeness of Citations   
9              Timeliness and Relevance of References   
10   Avoidance of Plagiarism and Appropriate Citation   
11             Critical Analysis of Existing Research   
12   Proposal of New Research Directions or Questions   
13                Potential Contribution to the Field   
14             Clarity of Research Method Description   
15                    Rationality of Method Selection   
16                           Rigor of Research Design   
17               Inclusion of Latest Research Results   
18            Reflection of Current Research Hotspots   
19                     Fluency of Language Expression   
20    Appropriateness of Professional Terminology Use   
21                          Conciseness of Expression   
22  Practical Application Potential of Research Re...   
23                Feasibility of Proposed Suggestions   
24                             Logic of Argumentation   
25                   Multi-angle Analysis of Problems   
26  Identification and Discussion of Research Limi...   

    ICC (Intraclass Correlation Coefficient) ICC 95% Confidence Interval  \
0                                   0.754028                [0.68, 0.83]   
1                                   0.838341                [0.78, 0.89]   
2                                   0.501060                 [0.4, 0.62]   
3                                   0.822335                [0.76, 0.88]   
4                                   0.805499                [0.74, 0.87]   
5                                   0.777445                 [0.7, 0.85]   
6                                   0.778764                [0.71, 0.85]   
7                                   0.737273                [0.66, 0.81]   
8                                   0.661589                [0.57, 0.75]   
9                                   0.677226                [0.59, 0.77]   
10                                  0.287077                  [0.2, 0.4]   
11                                  0.833925                [0.77, 0.89]   
12                                  0.786041                [0.72, 0.85]   
13                                  0.816131                [0.75, 0.87]   
14                                  0.696528                [0.61, 0.78]   
15                                  0.707647                [0.62, 0.79]   
16                                  0.680684                [0.59, 0.77]   
17                                  0.698907                [0.61, 0.78]   
18                                  0.722621                 [0.64, 0.8]   
19                                  0.654270                [0.56, 0.75]   
20                                  0.674007                [0.58, 0.76]   
21                                  0.550312                [0.45, 0.66]   
22                                  0.809229                [0.74, 0.87]   
23                                  0.668592                [0.58, 0.76]   
24                                  0.772440                 [0.7, 0.84]   
25                                  0.775830                 [0.7, 0.84]   
26                                  0.663142                [0.57, 0.76]   

    Transitivity Consistency Ratio (%)  
0                            93.939394  
1                            84.848485  
2                            91.515152  
3                            82.424242  
4                            87.878788  
5                            89.696970  
6                            89.696970  
7                            89.696970  
8                            93.939394  
9                            89.090909  
10                           93.939394  
11                           81.818182  
12                           90.303030  
13                           89.696970  
14                           84.242424  
15                           84.242424  
16                           84.848485  
17                           87.878788  
18                           89.696970  
19                           89.696970  
20                           86.666667  
21                           89.696970  
22                           89.090909  
23                           89.696970  
24                           89.696970  
25                           89.696970  
26                           89.090909  

Results have been saved to 'reliability_analysis.csv'
Author
0     48.221946
9     52.243049
10    55.538064
3     56.011324
6     63.404213
5     64.417198
4     72.724911
8     76.582177
1     82.653029
2     83.069943
7     86.247358
Name: Score, dtype: float64

Results have been saved to 'pagerank_results_balanced.csv'
Combined Results:
                                          Subcategory  \
0                                     Topic Relevance   
1                    Comprehensiveness of Information   
2                             Accuracy of Information   
3                        Innovativeness of Viewpoints   
4       Integration of Interdisciplinary Perspectives   
5                        Clarity of Logical Structure   
6               Reasonableness of Chapter Arrangement   
7              Quality of Introduction and Conclusion   
8              Accuracy and Completeness of Citations   
9              Timeliness and Relevance of References   
10   Avoidance of Plagiarism and Appropriate Citation   
11             Critical Analysis of Existing Research   
12   Proposal of New Research Directions or Questions   
13                Potential Contribution to the Field   
14             Clarity of Research Method Description   
15                    Rationality of Method Selection   
16                           Rigor of Research Design   
17               Inclusion of Latest Research Results   
18            Reflection of Current Research Hotspots   
19                     Fluency of Language Expression   
20    Appropriateness of Professional Terminology Use   
21                          Conciseness of Expression   
22  Practical Application Potential of Research Re...   
23                Feasibility of Proposed Suggestions   
24                             Logic of Argumentation   
25                   Multi-angle Analysis of Problems   
26  Identification and Discussion of Research Limi...   

    ICC (Intraclass Correlation Coefficient) ICC 95% Confidence Interval  \
0                                   0.754028                [0.68, 0.83]   
1                                   0.838341                [0.78, 0.89]   
2                                   0.501060                 [0.4, 0.62]   
3                                   0.822335                [0.76, 0.88]   
4                                   0.805499                [0.74, 0.87]   
5                                   0.777445                 [0.7, 0.85]   
6                                   0.778764                [0.71, 0.85]   
7                                   0.737273                [0.66, 0.81]   
8                                   0.661589                [0.57, 0.75]   
9                                   0.677226                [0.59, 0.77]   
10                                  0.287077                  [0.2, 0.4]   
11                                  0.833925                [0.77, 0.89]   
12                                  0.786041                [0.72, 0.85]   
13                                  0.816131                [0.75, 0.87]   
14                                  0.696528                [0.61, 0.78]   
15                                  0.707647                [0.62, 0.79]   
16                                  0.680684                [0.59, 0.77]   
17                                  0.698907                [0.61, 0.78]   
18                                  0.722621                 [0.64, 0.8]   
19                                  0.654270                [0.56, 0.75]   
20                                  0.674007                [0.58, 0.76]   
21                                  0.550312                [0.45, 0.66]   
22                                  0.809229                [0.74, 0.87]   
23                                  0.668592                [0.58, 0.76]   
24                                  0.772440                 [0.7, 0.84]   
25                                  0.775830                 [0.7, 0.84]   
26                                  0.663142                [0.57, 0.76]   

    Transitivity Consistency Ratio (%)  
0                            93.939394  
1                            84.848485  
2                            91.515152  
3                            82.424242  
4                            87.878788  
5                            89.696970  
6                            89.696970  
7                            89.696970  
8                            93.939394  
9                            89.090909  
10                           93.939394  
11                           81.818182  
12                           90.303030  
13                           89.696970  
14                           84.242424  
15                           84.242424  
16                           84.848485  
17                           87.878788  
18                           89.696970  
19                           89.696970  
20                           86.666667  
21                           89.696970  
22                           89.090909  
23                           89.696970  
24                           89.696970  
25                           89.696970  
26                           89.090909  

Results have been saved to 'reliability_analysis.csv'
Author
10     0.000000
1     75.732474
5     80.057728
7     88.246506
8     88.684824
2     94.194599
3     96.225413
6     96.602932
4     97.668566
9     99.457921
0     99.900607
Name: Score, dtype: float64

Results have been saved to 'pagerank_results_balanced.csv'
Combined Results:
                                          Subcategory  \
0                                     Topic Relevance   
1                    Comprehensiveness of Information   
2                             Accuracy of Information   
3                        Innovativeness of Viewpoints   
4       Integration of Interdisciplinary Perspectives   
5                        Clarity of Logical Structure   
6               Reasonableness of Chapter Arrangement   
7              Quality of Introduction and Conclusion   
8              Accuracy and Completeness of Citations   
9              Timeliness and Relevance of References   
10   Avoidance of Plagiarism and Appropriate Citation   
11             Critical Analysis of Existing Research   
12   Proposal of New Research Directions or Questions   
13                Potential Contribution to the Field   
14             Clarity of Research Method Description   
15                    Rationality of Method Selection   
16                           Rigor of Research Design   
17               Inclusion of Latest Research Results   
18            Reflection of Current Research Hotspots   
19                     Fluency of Language Expression   
20    Appropriateness of Professional Terminology Use   
21                          Conciseness of Expression   
22  Practical Application Potential of Research Re...   
23                Feasibility of Proposed Suggestions   
24                             Logic of Argumentation   
25                   Multi-angle Analysis of Problems   
26  Identification and Discussion of Research Limi...   

    ICC (Intraclass Correlation Coefficient) ICC 95% Confidence Interval  \
0                                   0.754028                [0.68, 0.83]   
1                                   0.838341                [0.78, 0.89]   
2                                   0.501060                 [0.4, 0.62]   
3                                   0.822335                [0.76, 0.88]   
4                                   0.805499                [0.74, 0.87]   
5                                   0.777445                 [0.7, 0.85]   
6                                   0.778764                [0.71, 0.85]   
7                                   0.737273                [0.66, 0.81]   
8                                   0.661589                [0.57, 0.75]   
9                                   0.677226                [0.59, 0.77]   
10                                  0.287077                  [0.2, 0.4]   
11                                  0.833925                [0.77, 0.89]   
12                                  0.786041                [0.72, 0.85]   
13                                  0.816131                [0.75, 0.87]   
14                                  0.696528                [0.61, 0.78]   
15                                  0.707647                [0.62, 0.79]   
16                                  0.680684                [0.59, 0.77]   
17                                  0.698907                [0.61, 0.78]   
18                                  0.722621                 [0.64, 0.8]   
19                                  0.654270                [0.56, 0.75]   
20                                  0.674007                [0.58, 0.76]   
21                                  0.550312                [0.45, 0.66]   
22                                  0.809229                [0.74, 0.87]   
23                                  0.668592                [0.58, 0.76]   
24                                  0.772440                 [0.7, 0.84]   
25                                  0.775830                 [0.7, 0.84]   
26                                  0.663142                [0.57, 0.76]   

    Transitivity Consistency Ratio (%)  
0                            74.358974  
1                            84.848485  
2                            56.250000  
3                            81.410256  
4                            87.341772  
5                            89.696970  
6                            89.696970  
7                            89.696970  
8                            60.000000  
9                            89.090909  
10                           62.962963  
11                           81.818182  
12                           90.303030  
13                           89.102564  
14                           83.333333  
15                           84.242424  
16                           83.974359  
17                           87.500000  
18                           89.696970  
19                           89.696970  
20                           85.987261  
21                           89.696970  
22                           87.837838  
23                           89.171975  
24                           89.696970  
25                           89.696970  
26                           88.535032  

Results have been saved to 'reliability_analysis.csv'
Author
10     0.000000
1     75.732474
5     80.057728
7     88.246506
8     88.684824
2     94.194599
3     96.225413
6     96.602932
4     97.668566
9     99.457921
0     99.900607
Name: Score, dtype: float64

Results have been saved to 'pagerank_results_balanced.csv'
Combined Results:
                                          Subcategory  \
0                                     Topic Relevance   
1                    Comprehensiveness of Information   
2                             Accuracy of Information   
3                        Innovativeness of Viewpoints   
4       Integration of Interdisciplinary Perspectives   
5                        Clarity of Logical Structure   
6               Reasonableness of Chapter Arrangement   
7              Quality of Introduction and Conclusion   
8              Accuracy and Completeness of Citations   
9              Timeliness and Relevance of References   
10   Avoidance of Plagiarism and Appropriate Citation   
11             Critical Analysis of Existing Research   
12   Proposal of New Research Directions or Questions   
13                Potential Contribution to the Field   
14             Clarity of Research Method Description   
15                    Rationality of Method Selection   
16                           Rigor of Research Design   
17               Inclusion of Latest Research Results   
18            Reflection of Current Research Hotspots   
19                     Fluency of Language Expression   
20    Appropriateness of Professional Terminology Use   
21                          Conciseness of Expression   
22  Practical Application Potential of Research Re...   
23                Feasibility of Proposed Suggestions   
24                             Logic of Argumentation   
25                   Multi-angle Analysis of Problems   
26  Identification and Discussion of Research Limi...   

    ICC (Intraclass Correlation Coefficient) ICC 95% Confidence Interval  \
0                                   0.754028                [0.68, 0.83]   
1                                   0.838341                [0.78, 0.89]   
2                                   0.501060                 [0.4, 0.62]   
3                                   0.822335                [0.76, 0.88]   
4                                   0.805499                [0.74, 0.87]   
5                                   0.777445                 [0.7, 0.85]   
6                                   0.778764                [0.71, 0.85]   
7                                   0.737273                [0.66, 0.81]   
8                                   0.661589                [0.57, 0.75]   
9                                   0.677226                [0.59, 0.77]   
10                                  0.287077                  [0.2, 0.4]   
11                                  0.833925                [0.77, 0.89]   
12                                  0.786041                [0.72, 0.85]   
13                                  0.816131                [0.75, 0.87]   
14                                  0.696528                [0.61, 0.78]   
15                                  0.707647                [0.62, 0.79]   
16                                  0.680684                [0.59, 0.77]   
17                                  0.698907                [0.61, 0.78]   
18                                  0.722621                 [0.64, 0.8]   
19                                  0.654270                [0.56, 0.75]   
20                                  0.674007                [0.58, 0.76]   
21                                  0.550312                [0.45, 0.66]   
22                                  0.809229                [0.74, 0.87]   
23                                  0.668592                [0.58, 0.76]   
24                                  0.772440                 [0.7, 0.84]   
25                                  0.775830                 [0.7, 0.84]   
26                                  0.663142                [0.57, 0.76]   

    Transitivity Consistency Ratio (%)  
0                            74.358974  
1                            84.848485  
2                            56.250000  
3                            81.410256  
4                            87.341772  
5                            89.696970  
6                            89.696970  
7                            89.696970  
8                            60.000000  
9                            89.090909  
10                           62.962963  
11                           81.818182  
12                           90.303030  
13                           89.102564  
14                           83.333333  
15                           84.242424  
16                           83.974359  
17                           87.500000  
18                           89.696970  
19                           89.696970  
20                           85.987261  
21                           89.696970  
22                           87.837838  
23                           89.171975  
24                           89.696970  
25                           89.696970  
26                           88.535032  

Results have been saved to 'reliability_analysis.csv'
