Author
10    18.459682
8     52.258116
6     57.021837
0     63.987884
2     70.548382
4     70.939128
5     79.233602
9     84.800372
1     90.602607
3     91.779530
7     94.355110
Name: Score, dtype: float64

Results have been saved to 'pagerank_results_balanced.csv'
Combined Results:
                                          Subcategory  \
0                                     Topic Relevance   
1                    Comprehensiveness of Information   
2                             Accuracy of Information   
3                        Innovativeness of Viewpoints   
4       Integration of Interdisciplinary Perspectives   
5                        Clarity of Logical Structure   
6               Reasonableness of Chapter Arrangement   
7              Quality of Introduction and Conclusion   
8              Accuracy and Completeness of Citations   
9              Timeliness and Relevance of References   
10   Avoidance of Plagiarism and Appropriate Citation   
11             Critical Analysis of Existing Research   
12   Proposal of New Research Directions or Questions   
13                Potential Contribution to the Field   
14             Clarity of Research Method Description   
15                    Rationality of Method Selection   
16                           Rigor of Research Design   
17               Inclusion of Latest Research Results   
18            Reflection of Current Research Hotspots   
19                     Fluency of Language Expression   
20    Appropriateness of Professional Terminology Use   
21                          Conciseness of Expression   
22  Practical Application Potential of Research Re...   
23                Feasibility of Proposed Suggestions   
24                             Logic of Argumentation   
25                   Multi-angle Analysis of Problems   
26  Identification and Discussion of Research Limi...   

    ICC (Intraclass Correlation Coefficient) ICC 95% Confidence Interval  \
0                                   0.590239                [0.49, 0.69]   
1                                   0.778311                [0.71, 0.85]   
2                                   0.404490                [0.31, 0.52]   
3                                   0.728905                [0.65, 0.81]   
4                                   0.707701                [0.62, 0.79]   
5                                   0.737806                [0.66, 0.81]   
6                                   0.738073                [0.66, 0.81]   
7                                   0.690809                 [0.6, 0.78]   
8                                   0.599843                  [0.5, 0.7]   
9                                   0.592444                 [0.49, 0.7]   
10                                  0.334125                [0.24, 0.45]   
11                                  0.718999                 [0.64, 0.8]   
12                                  0.705508                [0.62, 0.79]   
13                                  0.678693                [0.59, 0.77]   
14                                  0.662008                [0.57, 0.75]   
15                                  0.654144                [0.56, 0.75]   
16                                  0.669534                [0.58, 0.76]   
17                                  0.611675                [0.51, 0.71]   
18                                  0.623971                [0.53, 0.72]   
19                                  0.647744                [0.55, 0.74]   
20                                  0.648327                [0.55, 0.74]   
21                                  0.649485                [0.56, 0.74]   
22                                  0.670300                [0.58, 0.76]   
23                                  0.634208                [0.54, 0.73]   
24                                  0.727581                [0.65, 0.81]   
25                                  0.728396                [0.65, 0.81]   
26                                  0.632718                [0.54, 0.73]   

    Transitivity Consistency Ratio (%)  
0                            73.939394  
1                            76.363636  
2                            81.818182  
3                            74.545455  
4                            76.363636  
5                            75.757576  
6                            76.969697  
7                            77.575758  
8                            78.787879  
9                            78.181818  
10                           83.636364  
11                           72.121212  
12                           80.000000  
13                           74.545455  
14                           75.151515  
15                           79.393939  
16                           77.575758  
17                           78.181818  
18                           81.212121  
19                           80.000000  
20                           76.363636  
21                           83.636364  
22                           75.757576  
23                           80.000000  
24                           73.333333  
25                           75.151515  
26                           76.363636  

Results have been saved to 'reliability_analysis.csv'
Author
10     0.000000
6     60.865702
8     61.628305
0     78.373689
2     80.388514
9     86.488719
4     87.528650
1     90.859660
7     95.619279
5     97.632634
3     99.659408
Name: Score, dtype: float64

Results have been saved to 'pagerank_results_balanced.csv'
Combined Results:
                                          Subcategory  \
0                                     Topic Relevance   
1                    Comprehensiveness of Information   
2                             Accuracy of Information   
3                        Innovativeness of Viewpoints   
4       Integration of Interdisciplinary Perspectives   
5                        Clarity of Logical Structure   
6               Reasonableness of Chapter Arrangement   
7              Quality of Introduction and Conclusion   
8              Accuracy and Completeness of Citations   
9              Timeliness and Relevance of References   
10   Avoidance of Plagiarism and Appropriate Citation   
11             Critical Analysis of Existing Research   
12   Proposal of New Research Directions or Questions   
13                Potential Contribution to the Field   
14             Clarity of Research Method Description   
15                    Rationality of Method Selection   
16                           Rigor of Research Design   
17               Inclusion of Latest Research Results   
18            Reflection of Current Research Hotspots   
19                     Fluency of Language Expression   
20    Appropriateness of Professional Terminology Use   
21                          Conciseness of Expression   
22  Practical Application Potential of Research Re...   
23                Feasibility of Proposed Suggestions   
24                             Logic of Argumentation   
25                   Multi-angle Analysis of Problems   
26  Identification and Discussion of Research Limi...   

    ICC (Intraclass Correlation Coefficient) ICC 95% Confidence Interval  \
0                                   0.590239                [0.49, 0.69]   
1                                   0.778311                [0.71, 0.85]   
2                                   0.404490                [0.31, 0.52]   
3                                   0.728905                [0.65, 0.81]   
4                                   0.707701                [0.62, 0.79]   
5                                   0.737806                [0.66, 0.81]   
6                                   0.738073                [0.66, 0.81]   
7                                   0.690809                 [0.6, 0.78]   
8                                   0.599843                  [0.5, 0.7]   
9                                   0.592444                 [0.49, 0.7]   
10                                  0.334125                [0.24, 0.45]   
11                                  0.718999                 [0.64, 0.8]   
12                                  0.705508                [0.62, 0.79]   
13                                  0.678693                [0.59, 0.77]   
14                                  0.662008                [0.57, 0.75]   
15                                  0.654144                [0.56, 0.75]   
16                                  0.669534                [0.58, 0.76]   
17                                  0.611675                [0.51, 0.71]   
18                                  0.623971                [0.53, 0.72]   
19                                  0.647744                [0.55, 0.74]   
20                                  0.648327                [0.55, 0.74]   
21                                  0.649485                [0.56, 0.74]   
22                                  0.670300                [0.58, 0.76]   
23                                  0.634208                [0.54, 0.73]   
24                                  0.727581                [0.65, 0.81]   
25                                  0.728396                [0.65, 0.81]   
26                                  0.632718                [0.54, 0.73]   

    Transitivity Consistency Ratio (%)  
0                            69.064748  
1                            76.363636  
2                            55.882353  
3                            73.584906  
4                            76.363636  
5                            75.757576  
6                            76.969697  
7                            77.575758  
8                            60.227273  
9                            78.181818  
10                           61.428571  
11                           72.121212  
12                           80.000000  
13                           74.545455  
14                           75.151515  
15                           79.393939  
16                           77.575758  
17                           78.181818  
18                           79.054054  
19                           80.000000  
20                           75.159236  
21                           83.636364  
22                           74.358974  
23                           80.000000  
24                           73.333333  
25                           75.151515  
26                           76.363636  

Results have been saved to 'reliability_analysis.csv'
Author
10     0.000000
6     60.865702
8     61.628305
0     78.373689
2     80.388514
9     86.488719
4     87.528650
1     90.859660
7     95.619279
5     97.632634
3     99.659408
Name: Score, dtype: float64

Results have been saved to 'pagerank_results_balanced.csv'
Combined Results:
                                          Subcategory  \
0                                     Topic Relevance   
1                    Comprehensiveness of Information   
2                             Accuracy of Information   
3                        Innovativeness of Viewpoints   
4       Integration of Interdisciplinary Perspectives   
5                        Clarity of Logical Structure   
6               Reasonableness of Chapter Arrangement   
7              Quality of Introduction and Conclusion   
8              Accuracy and Completeness of Citations   
9              Timeliness and Relevance of References   
10   Avoidance of Plagiarism and Appropriate Citation   
11             Critical Analysis of Existing Research   
12   Proposal of New Research Directions or Questions   
13                Potential Contribution to the Field   
14             Clarity of Research Method Description   
15                    Rationality of Method Selection   
16                           Rigor of Research Design   
17               Inclusion of Latest Research Results   
18            Reflection of Current Research Hotspots   
19                     Fluency of Language Expression   
20    Appropriateness of Professional Terminology Use   
21                          Conciseness of Expression   
22  Practical Application Potential of Research Re...   
23                Feasibility of Proposed Suggestions   
24                             Logic of Argumentation   
25                   Multi-angle Analysis of Problems   
26  Identification and Discussion of Research Limi...   

    ICC (Intraclass Correlation Coefficient) ICC 95% Confidence Interval  \
0                                   0.590239                [0.49, 0.69]   
1                                   0.778311                [0.71, 0.85]   
2                                   0.404490                [0.31, 0.52]   
3                                   0.728905                [0.65, 0.81]   
4                                   0.707701                [0.62, 0.79]   
5                                   0.737806                [0.66, 0.81]   
6                                   0.738073                [0.66, 0.81]   
7                                   0.690809                 [0.6, 0.78]   
8                                   0.599843                  [0.5, 0.7]   
9                                   0.592444                 [0.49, 0.7]   
10                                  0.334125                [0.24, 0.45]   
11                                  0.718999                 [0.64, 0.8]   
12                                  0.705508                [0.62, 0.79]   
13                                  0.678693                [0.59, 0.77]   
14                                  0.662008                [0.57, 0.75]   
15                                  0.654144                [0.56, 0.75]   
16                                  0.669534                [0.58, 0.76]   
17                                  0.611675                [0.51, 0.71]   
18                                  0.623971                [0.53, 0.72]   
19                                  0.647744                [0.55, 0.74]   
20                                  0.648327                [0.55, 0.74]   
21                                  0.649485                [0.56, 0.74]   
22                                  0.670300                [0.58, 0.76]   
23                                  0.634208                [0.54, 0.73]   
24                                  0.727581                [0.65, 0.81]   
25                                  0.728396                [0.65, 0.81]   
26                                  0.632718                [0.54, 0.73]   

    Transitivity Consistency Ratio (%)  
0                            69.064748  
1                            76.363636  
2                            55.882353  
3                            73.584906  
4                            76.363636  
5                            75.757576  
6                            76.969697  
7                            77.575758  
8                            60.227273  
9                            78.181818  
10                           61.428571  
11                           72.121212  
12                           80.000000  
13                           74.545455  
14                           75.151515  
15                           79.393939  
16                           77.575758  
17                           78.181818  
18                           79.054054  
19                           80.000000  
20                           75.159236  
21                           83.636364  
22                           74.358974  
23                           80.000000  
24                           73.333333  
25                           75.151515  
26                           76.363636  

Results have been saved to 'reliability_analysis.csv'
