Author
10      0.000000
4      13.990160
0      20.199649
7      28.750529
3      31.375170
6      33.174361
2      35.052795
5      39.557923
1      46.771394
8      51.114985
9     100.000000
Name: Score, dtype: float64

Results have been saved to 'pagerank_results_balanced.csv'
Combined Results:
                                          Subcategory  \
0                                     Topic Relevance   
1                    Comprehensiveness of Information   
2                             Accuracy of Information   
3                        Innovativeness of Viewpoints   
4       Integration of Interdisciplinary Perspectives   
5                        Clarity of Logical Structure   
6               Reasonableness of Chapter Arrangement   
7              Quality of Introduction and Conclusion   
8              Accuracy and Completeness of Citations   
9              Timeliness and Relevance of References   
10   Avoidance of Plagiarism and Appropriate Citation   
11             Critical Analysis of Existing Research   
12   Proposal of New Research Directions or Questions   
13                Potential Contribution to the Field   
14             Clarity of Research Method Description   
15                    Rationality of Method Selection   
16                           Rigor of Research Design   
17               Inclusion of Latest Research Results   
18            Reflection of Current Research Hotspots   
19                     Fluency of Language Expression   
20    Appropriateness of Professional Terminology Use   
21                          Conciseness of Expression   
22  Practical Application Potential of Research Re...   
23                Feasibility of Proposed Suggestions   
24                             Logic of Argumentation   
25                   Multi-angle Analysis of Problems   
26  Identification and Discussion of Research Limi...   

    ICC (Intraclass Correlation Coefficient) ICC 95% Confidence Interval  \
0                                   0.692958                 [0.6, 0.78]   
1                                   0.640964                [0.49, 0.76]   
2                                   0.686462                [0.59, 0.78]   
3                                   0.485694                [0.35, 0.62]   
4                                   0.593660                 [0.48, 0.7]   
5                                   0.475442                 [0.37, 0.6]   
6                                   0.503736                 [0.4, 0.62]   
7                                   0.482035                 [0.38, 0.6]   
8                                   0.760575                [0.68, 0.83]   
9                                   0.564350                [0.45, 0.68]   
10                                  0.508899                [0.41, 0.62]   
11                                  0.477291                [0.34, 0.62]   
12                                  0.447761                [0.32, 0.58]   
13                                  0.475975                [0.35, 0.61]   
14                                  0.517797                 [0.4, 0.64]   
15                                  0.513788                [0.39, 0.64]   
16                                  0.514694                [0.39, 0.64]   
17                                  0.573147                [0.46, 0.69]   
18                                  0.560297                [0.44, 0.68]   
19                                  0.418485                [0.31, 0.54]   
20                                  0.410036                 [0.3, 0.54]   
21                                  0.314866                [0.22, 0.43]   
22                                  0.488135                [0.36, 0.62]   
23                                  0.456883                [0.33, 0.59]   
24                                  0.511325                [0.39, 0.63]   
25                                  0.505177                [0.38, 0.63]   
26                                  0.501990                [0.38, 0.63]   

    Transitivity Consistency Ratio (%)  
0                            86.060606  
1                            84.848485  
2                            86.666667  
3                            84.848485  
4                            84.848485  
5                            79.393939  
6                            78.181818  
7                            79.393939  
8                            86.666667  
9                            86.060606  
10                           87.272727  
11                           84.848485  
12                           89.696970  
13                           86.060606  
14                           84.848485  
15                           84.848485  
16                           84.848485  
17                           86.060606  
18                           86.060606  
19                           79.393939  
20                           84.848485  
21                           80.606061  
22                           86.060606  
23                           86.060606  
24                           86.060606  
25                           84.848485  
26                           84.848485  

Results have been saved to 'reliability_analysis.csv'
Author
10      0.000000
4      13.990160
0      20.199649
7      28.750529
3      31.375170
6      33.174361
2      35.052795
5      39.557923
1      46.771394
8      51.114985
9     100.000000
Name: Score, dtype: float64

Results have been saved to 'pagerank_results_balanced.csv'
Combined Results:
                                          Subcategory  \
0                                     Topic Relevance   
1                    Comprehensiveness of Information   
2                             Accuracy of Information   
3                        Innovativeness of Viewpoints   
4       Integration of Interdisciplinary Perspectives   
5                        Clarity of Logical Structure   
6               Reasonableness of Chapter Arrangement   
7              Quality of Introduction and Conclusion   
8              Accuracy and Completeness of Citations   
9              Timeliness and Relevance of References   
10   Avoidance of Plagiarism and Appropriate Citation   
11             Critical Analysis of Existing Research   
12   Proposal of New Research Directions or Questions   
13                Potential Contribution to the Field   
14             Clarity of Research Method Description   
15                    Rationality of Method Selection   
16                           Rigor of Research Design   
17               Inclusion of Latest Research Results   
18            Reflection of Current Research Hotspots   
19                     Fluency of Language Expression   
20    Appropriateness of Professional Terminology Use   
21                          Conciseness of Expression   
22  Practical Application Potential of Research Re...   
23                Feasibility of Proposed Suggestions   
24                             Logic of Argumentation   
25                   Multi-angle Analysis of Problems   
26  Identification and Discussion of Research Limi...   

    ICC (Intraclass Correlation Coefficient) ICC 95% Confidence Interval  \
0                                   0.692958                 [0.6, 0.78]   
1                                   0.640964                [0.49, 0.76]   
2                                   0.686462                [0.59, 0.78]   
3                                   0.485694                [0.35, 0.62]   
4                                   0.593660                 [0.48, 0.7]   
5                                   0.475442                 [0.37, 0.6]   
6                                   0.503736                 [0.4, 0.62]   
7                                   0.482035                 [0.38, 0.6]   
8                                   0.760575                [0.68, 0.83]   
9                                   0.564350                [0.45, 0.68]   
10                                  0.508899                [0.41, 0.62]   
11                                  0.477291                [0.34, 0.62]   
12                                  0.447761                [0.32, 0.58]   
13                                  0.475975                [0.35, 0.61]   
14                                  0.517797                 [0.4, 0.64]   
15                                  0.513788                [0.39, 0.64]   
16                                  0.514694                [0.39, 0.64]   
17                                  0.573147                [0.46, 0.69]   
18                                  0.560297                [0.44, 0.68]   
19                                  0.418485                [0.31, 0.54]   
20                                  0.410036                 [0.3, 0.54]   
21                                  0.314866                [0.22, 0.43]   
22                                  0.488135                [0.36, 0.62]   
23                                  0.456883                [0.33, 0.59]   
24                                  0.511325                [0.39, 0.63]   
25                                  0.505177                [0.38, 0.63]   
26                                  0.501990                [0.38, 0.63]   

    Transitivity Consistency Ratio (%)  
0                            86.060606  
1                            84.848485  
2                            86.666667  
3                            84.848485  
4                            84.848485  
5                            79.393939  
6                            78.181818  
7                            79.393939  
8                            86.666667  
9                            86.060606  
10                           87.272727  
11                           84.848485  
12                           89.696970  
13                           86.060606  
14                           84.848485  
15                           84.848485  
16                           84.848485  
17                           86.060606  
18                           86.060606  
19                           79.393939  
20                           84.848485  
21                           80.606061  
22                           86.060606  
23                           86.060606  
24                           86.060606  
25                           84.848485  
26                           84.848485  

Results have been saved to 'reliability_analysis.csv'
Author
10      0.000000
4      13.661623
0      19.868396
3      28.022929
7      29.983549
6      32.412784
2      32.419709
5      35.521389
1      43.749161
8      49.258468
9     100.000000
Name: Score, dtype: float64

Results have been saved to 'pagerank_results_balanced.csv'
Combined Results:
                                          Subcategory  \
0                                     Topic Relevance   
1                    Comprehensiveness of Information   
2                             Accuracy of Information   
3                        Innovativeness of Viewpoints   
4       Integration of Interdisciplinary Perspectives   
5                        Clarity of Logical Structure   
6               Reasonableness of Chapter Arrangement   
7              Quality of Introduction and Conclusion   
8              Accuracy and Completeness of Citations   
9              Timeliness and Relevance of References   
10   Avoidance of Plagiarism and Appropriate Citation   
11             Critical Analysis of Existing Research   
12   Proposal of New Research Directions or Questions   
13                Potential Contribution to the Field   
14             Clarity of Research Method Description   
15                    Rationality of Method Selection   
16                           Rigor of Research Design   
17               Inclusion of Latest Research Results   
18            Reflection of Current Research Hotspots   
19                     Fluency of Language Expression   
20    Appropriateness of Professional Terminology Use   
21                          Conciseness of Expression   
22  Practical Application Potential of Research Re...   
23                Feasibility of Proposed Suggestions   
24                             Logic of Argumentation   
25                   Multi-angle Analysis of Problems   
26  Identification and Discussion of Research Limi...   

    ICC (Intraclass Correlation Coefficient) ICC 95% Confidence Interval  \
0                                   0.692958                 [0.6, 0.78]   
1                                   0.640964                [0.49, 0.76]   
2                                   0.686462                [0.59, 0.78]   
3                                   0.485694                [0.35, 0.62]   
4                                   0.593660                 [0.48, 0.7]   
5                                   0.475442                 [0.37, 0.6]   
6                                   0.503736                 [0.4, 0.62]   
7                                   0.482035                 [0.38, 0.6]   
8                                   0.760575                [0.68, 0.83]   
9                                   0.564350                [0.45, 0.68]   
10                                  0.508899                [0.41, 0.62]   
11                                  0.477291                [0.34, 0.62]   
12                                  0.447761                [0.32, 0.58]   
13                                  0.475975                [0.35, 0.61]   
14                                  0.517797                 [0.4, 0.64]   
15                                  0.513788                [0.39, 0.64]   
16                                  0.514694                [0.39, 0.64]   
17                                  0.573147                [0.46, 0.69]   
18                                  0.560297                [0.44, 0.68]   
19                                  0.418485                [0.31, 0.54]   
20                                  0.410036                 [0.3, 0.54]   
21                                  0.314866                [0.22, 0.43]   
22                                  0.488135                [0.36, 0.62]   
23                                  0.456883                [0.33, 0.59]   
24                                  0.511325                [0.39, 0.63]   
25                                  0.505177                [0.38, 0.63]   
26                                  0.501990                [0.38, 0.63]   

    Transitivity Consistency Ratio (%)  
0                            39.473684  
1                            84.848485  
2                            29.032258  
3                            84.848485  
4                            84.848485  
5                            79.393939  
6                            78.181818  
7                            78.343949  
8                            31.250000  
9                            86.060606  
10                           27.586207  
11                           84.848485  
12                           89.696970  
13                           86.060606  
14                           84.848485  
15                           84.848485  
16                           84.848485  
17                           86.060606  
18                           86.060606  
19                           79.393939  
20                           84.848485  
21                           80.124224  
22                           86.060606  
23                           86.060606  
24                           86.060606  
25                           84.848485  
26                           84.848485  

Results have been saved to 'reliability_analysis.csv'
Author
10      0.000000
4      13.661623
0      19.868396
3      28.022929
7      29.983549
6      32.412784
2      32.419709
5      35.521389
1      43.749161
8      49.258468
9     100.000000
Name: Score, dtype: float64

Results have been saved to 'pagerank_results_balanced.csv'
Combined Results:
                                          Subcategory  \
0                                     Topic Relevance   
1                    Comprehensiveness of Information   
2                             Accuracy of Information   
3                        Innovativeness of Viewpoints   
4       Integration of Interdisciplinary Perspectives   
5                        Clarity of Logical Structure   
6               Reasonableness of Chapter Arrangement   
7              Quality of Introduction and Conclusion   
8              Accuracy and Completeness of Citations   
9              Timeliness and Relevance of References   
10   Avoidance of Plagiarism and Appropriate Citation   
11             Critical Analysis of Existing Research   
12   Proposal of New Research Directions or Questions   
13                Potential Contribution to the Field   
14             Clarity of Research Method Description   
15                    Rationality of Method Selection   
16                           Rigor of Research Design   
17               Inclusion of Latest Research Results   
18            Reflection of Current Research Hotspots   
19                     Fluency of Language Expression   
20    Appropriateness of Professional Terminology Use   
21                          Conciseness of Expression   
22  Practical Application Potential of Research Re...   
23                Feasibility of Proposed Suggestions   
24                             Logic of Argumentation   
25                   Multi-angle Analysis of Problems   
26  Identification and Discussion of Research Limi...   

    ICC (Intraclass Correlation Coefficient) ICC 95% Confidence Interval  \
0                                   0.692958                 [0.6, 0.78]   
1                                   0.640964                [0.49, 0.76]   
2                                   0.686462                [0.59, 0.78]   
3                                   0.485694                [0.35, 0.62]   
4                                   0.593660                 [0.48, 0.7]   
5                                   0.475442                 [0.37, 0.6]   
6                                   0.503736                 [0.4, 0.62]   
7                                   0.482035                 [0.38, 0.6]   
8                                   0.760575                [0.68, 0.83]   
9                                   0.564350                [0.45, 0.68]   
10                                  0.508899                [0.41, 0.62]   
11                                  0.477291                [0.34, 0.62]   
12                                  0.447761                [0.32, 0.58]   
13                                  0.475975                [0.35, 0.61]   
14                                  0.517797                 [0.4, 0.64]   
15                                  0.513788                [0.39, 0.64]   
16                                  0.514694                [0.39, 0.64]   
17                                  0.573147                [0.46, 0.69]   
18                                  0.560297                [0.44, 0.68]   
19                                  0.418485                [0.31, 0.54]   
20                                  0.410036                 [0.3, 0.54]   
21                                  0.314866                [0.22, 0.43]   
22                                  0.488135                [0.36, 0.62]   
23                                  0.456883                [0.33, 0.59]   
24                                  0.511325                [0.39, 0.63]   
25                                  0.505177                [0.38, 0.63]   
26                                  0.501990                [0.38, 0.63]   

    Transitivity Consistency Ratio (%)  
0                            39.473684  
1                            84.848485  
2                            29.032258  
3                            84.848485  
4                            84.848485  
5                            79.393939  
6                            78.181818  
7                            78.343949  
8                            31.250000  
9                            86.060606  
10                           27.586207  
11                           84.848485  
12                           89.696970  
13                           86.060606  
14                           84.848485  
15                           84.848485  
16                           84.848485  
17                           86.060606  
18                           86.060606  
19                           79.393939  
20                           84.848485  
21                           80.124224  
22                           86.060606  
23                           86.060606  
24                           86.060606  
25                           84.848485  
26                           84.848485  

Results have been saved to 'reliability_analysis.csv'
