Author
10     5.685777
6     26.913390
0     53.341939
2     55.530054
4     56.682648
1     63.187863
7     69.406860
8     70.165883
9     74.833388
3     74.984968
5     76.418159
Name: Score, dtype: float64

Results have been saved to 'pagerank_results_balanced.csv'
Combined Results:
                                          Subcategory  \
0                                     Topic Relevance   
1                    Comprehensiveness of Information   
2                             Accuracy of Information   
3                        Innovativeness of Viewpoints   
4       Integration of Interdisciplinary Perspectives   
5                        Clarity of Logical Structure   
6               Reasonableness of Chapter Arrangement   
7              Quality of Introduction and Conclusion   
8              Accuracy and Completeness of Citations   
9              Timeliness and Relevance of References   
10   Avoidance of Plagiarism and Appropriate Citation   
11             Critical Analysis of Existing Research   
12   Proposal of New Research Directions or Questions   
13                Potential Contribution to the Field   
14             Clarity of Research Method Description   
15                    Rationality of Method Selection   
16                           Rigor of Research Design   
17               Inclusion of Latest Research Results   
18            Reflection of Current Research Hotspots   
19                     Fluency of Language Expression   
20    Appropriateness of Professional Terminology Use   
21                          Conciseness of Expression   
22  Practical Application Potential of Research Re...   
23                Feasibility of Proposed Suggestions   
24                             Logic of Argumentation   
25                   Multi-angle Analysis of Problems   
26  Identification and Discussion of Research Limi...   

    ICC (Intraclass Correlation Coefficient) ICC 95% Confidence Interval  \
0                                   0.583529                [0.48, 0.69]   
1                                   0.680297                 [0.51, 0.8]   
2                                   0.380826                 [0.28, 0.5]   
3                                   0.414918                 [0.3, 0.54]   
4                                   0.579372                [0.48, 0.69]   
5                                   0.409871                [0.31, 0.53]   
6                                   0.536742                [0.43, 0.65]   
7                                   0.265688                [0.18, 0.38]   
8                                   0.641035                [0.55, 0.74]   
9                                   0.526436                [0.42, 0.64]   
10                                  0.463156                [0.36, 0.58]   
11                                  0.404859                [0.29, 0.53]   
12                                  0.591668                 [0.49, 0.7]   
13                                  0.539867                [0.43, 0.66]   
14                                  0.353339                [0.26, 0.47]   
15                                  0.359542                [0.26, 0.48]   
16                                  0.369724                [0.27, 0.49]   
17                                  0.491308                [0.39, 0.61]   
18                                  0.368150                [0.27, 0.49]   
19                                  0.266914                [0.18, 0.38]   
20                                  0.161841                 [0.1, 0.26]   
21                                  0.267948                [0.18, 0.38]   
22                                  0.547893                [0.44, 0.66]   
23                                  0.340198                [0.25, 0.46]   
24                                  0.313014                [0.22, 0.43]   
25                                  0.288271                 [0.2, 0.41]   
26                                  0.294009                 [0.2, 0.41]   

    Transitivity Consistency Ratio (%)  
0                            87.272727  
1                            90.909091  
2                            96.969697  
3                            92.727273  
4                            84.848485  
5                            83.030303  
6                            85.454545  
7                            87.878788  
8                            89.696970  
9                            89.696970  
10                           96.363636  
11                           93.939394  
12                           92.121212  
13                           94.545455  
14                           86.060606  
15                           84.242424  
16                           86.666667  
17                           90.909091  
18                           83.636364  
19                           92.727273  
20                           91.515152  
21                           92.121212  
22                           91.515152  
23                           91.515152  
24                           83.030303  
25                           87.272727  
26                           86.666667  

Results have been saved to 'reliability_analysis.csv'
Author
10     5.685777
6     26.913390
0     53.341939
2     55.530054
4     56.682648
1     63.187863
7     69.406860
8     70.165883
9     74.833388
3     74.984968
5     76.418159
Name: Score, dtype: float64

Results have been saved to 'pagerank_results_balanced.csv'
Combined Results:
                                          Subcategory  \
0                                     Topic Relevance   
1                    Comprehensiveness of Information   
2                             Accuracy of Information   
3                        Innovativeness of Viewpoints   
4       Integration of Interdisciplinary Perspectives   
5                        Clarity of Logical Structure   
6               Reasonableness of Chapter Arrangement   
7              Quality of Introduction and Conclusion   
8              Accuracy and Completeness of Citations   
9              Timeliness and Relevance of References   
10   Avoidance of Plagiarism and Appropriate Citation   
11             Critical Analysis of Existing Research   
12   Proposal of New Research Directions or Questions   
13                Potential Contribution to the Field   
14             Clarity of Research Method Description   
15                    Rationality of Method Selection   
16                           Rigor of Research Design   
17               Inclusion of Latest Research Results   
18            Reflection of Current Research Hotspots   
19                     Fluency of Language Expression   
20    Appropriateness of Professional Terminology Use   
21                          Conciseness of Expression   
22  Practical Application Potential of Research Re...   
23                Feasibility of Proposed Suggestions   
24                             Logic of Argumentation   
25                   Multi-angle Analysis of Problems   
26  Identification and Discussion of Research Limi...   

    ICC (Intraclass Correlation Coefficient) ICC 95% Confidence Interval  \
0                                   0.583529                [0.48, 0.69]   
1                                   0.680297                 [0.51, 0.8]   
2                                   0.380826                 [0.28, 0.5]   
3                                   0.414918                 [0.3, 0.54]   
4                                   0.579372                [0.48, 0.69]   
5                                   0.409871                [0.31, 0.53]   
6                                   0.536742                [0.43, 0.65]   
7                                   0.265688                [0.18, 0.38]   
8                                   0.641035                [0.55, 0.74]   
9                                   0.526436                [0.42, 0.64]   
10                                  0.463156                [0.36, 0.58]   
11                                  0.404859                [0.29, 0.53]   
12                                  0.591668                 [0.49, 0.7]   
13                                  0.539867                [0.43, 0.66]   
14                                  0.353339                [0.26, 0.47]   
15                                  0.359542                [0.26, 0.48]   
16                                  0.369724                [0.27, 0.49]   
17                                  0.491308                [0.39, 0.61]   
18                                  0.368150                [0.27, 0.49]   
19                                  0.266914                [0.18, 0.38]   
20                                  0.161841                 [0.1, 0.26]   
21                                  0.267948                [0.18, 0.38]   
22                                  0.547893                [0.44, 0.66]   
23                                  0.340198                [0.25, 0.46]   
24                                  0.313014                [0.22, 0.43]   
25                                  0.288271                 [0.2, 0.41]   
26                                  0.294009                 [0.2, 0.41]   

    Transitivity Consistency Ratio (%)  
0                            87.272727  
1                            90.909091  
2                            96.969697  
3                            92.727273  
4                            84.848485  
5                            83.030303  
6                            85.454545  
7                            87.878788  
8                            89.696970  
9                            89.696970  
10                           96.363636  
11                           93.939394  
12                           92.121212  
13                           94.545455  
14                           86.060606  
15                           84.242424  
16                           86.666667  
17                           90.909091  
18                           83.636364  
19                           92.727273  
20                           91.515152  
21                           92.121212  
22                           91.515152  
23                           91.515152  
24                           83.030303  
25                           87.272727  
26                           86.666667  

Results have been saved to 'reliability_analysis.csv'
Author
10     9.111968
6     20.198160
0     53.199489
2     53.587130
4     58.391757
1     61.625259
7     65.372973
8     68.579643
3     69.088836
9     71.592764
5     76.096244
Name: Score, dtype: float64

Results have been saved to 'pagerank_results_balanced.csv'
Combined Results:
                                          Subcategory  \
0                                     Topic Relevance   
1                    Comprehensiveness of Information   
2                             Accuracy of Information   
3                        Innovativeness of Viewpoints   
4       Integration of Interdisciplinary Perspectives   
5                        Clarity of Logical Structure   
6               Reasonableness of Chapter Arrangement   
7              Quality of Introduction and Conclusion   
8              Accuracy and Completeness of Citations   
9              Timeliness and Relevance of References   
10   Avoidance of Plagiarism and Appropriate Citation   
11             Critical Analysis of Existing Research   
12   Proposal of New Research Directions or Questions   
13                Potential Contribution to the Field   
14             Clarity of Research Method Description   
15                    Rationality of Method Selection   
16                           Rigor of Research Design   
17               Inclusion of Latest Research Results   
18            Reflection of Current Research Hotspots   
19                     Fluency of Language Expression   
20    Appropriateness of Professional Terminology Use   
21                          Conciseness of Expression   
22  Practical Application Potential of Research Re...   
23                Feasibility of Proposed Suggestions   
24                             Logic of Argumentation   
25                   Multi-angle Analysis of Problems   
26  Identification and Discussion of Research Limi...   

    ICC (Intraclass Correlation Coefficient) ICC 95% Confidence Interval  \
0                                   0.583529                [0.48, 0.69]   
1                                   0.680297                 [0.51, 0.8]   
2                                   0.380826                 [0.28, 0.5]   
3                                   0.414918                 [0.3, 0.54]   
4                                   0.579372                [0.48, 0.69]   
5                                   0.409871                [0.31, 0.53]   
6                                   0.536742                [0.43, 0.65]   
7                                   0.265688                [0.18, 0.38]   
8                                   0.641035                [0.55, 0.74]   
9                                   0.526436                [0.42, 0.64]   
10                                  0.463156                [0.36, 0.58]   
11                                  0.404859                [0.29, 0.53]   
12                                  0.591668                 [0.49, 0.7]   
13                                  0.539867                [0.43, 0.66]   
14                                  0.353339                [0.26, 0.47]   
15                                  0.359542                [0.26, 0.48]   
16                                  0.369724                [0.27, 0.49]   
17                                  0.491308                [0.39, 0.61]   
18                                  0.368150                [0.27, 0.49]   
19                                  0.266914                [0.18, 0.38]   
20                                  0.161841                 [0.1, 0.26]   
21                                  0.267948                [0.18, 0.38]   
22                                  0.547893                [0.44, 0.66]   
23                                  0.340198                [0.25, 0.46]   
24                                  0.313014                [0.22, 0.43]   
25                                  0.288271                 [0.2, 0.41]   
26                                  0.294009                 [0.2, 0.41]   

    Transitivity Consistency Ratio (%)  
0                             4.545455  
1                            90.909091  
2                            37.500000  
3                            92.727273  
4                            82.014388  
5                            83.030303  
6                            85.454545  
7                            87.261146  
8                            66.666667  
9                            89.171975  
10                            0.000000  
11                           93.939394  
12                           92.121212  
13                           94.230769  
14                           83.802817  
15                           82.894737  
16                           83.823529  
17                           90.445860  
18                           83.636364  
19                           91.549296  
20                           88.888889  
21                           91.333333  
22                           91.515152  
23                           91.515152  
24                           83.030303  
25                           86.624204  
26                           86.666667  

Results have been saved to 'reliability_analysis.csv'
Author
10     9.111968
6     20.198160
0     53.199489
2     53.587130
4     58.391757
1     61.625259
7     65.372973
8     68.579643
3     69.088836
9     71.592764
5     76.096244
Name: Score, dtype: float64

Results have been saved to 'pagerank_results_balanced.csv'
Combined Results:
                                          Subcategory  \
0                                     Topic Relevance   
1                    Comprehensiveness of Information   
2                             Accuracy of Information   
3                        Innovativeness of Viewpoints   
4       Integration of Interdisciplinary Perspectives   
5                        Clarity of Logical Structure   
6               Reasonableness of Chapter Arrangement   
7              Quality of Introduction and Conclusion   
8              Accuracy and Completeness of Citations   
9              Timeliness and Relevance of References   
10   Avoidance of Plagiarism and Appropriate Citation   
11             Critical Analysis of Existing Research   
12   Proposal of New Research Directions or Questions   
13                Potential Contribution to the Field   
14             Clarity of Research Method Description   
15                    Rationality of Method Selection   
16                           Rigor of Research Design   
17               Inclusion of Latest Research Results   
18            Reflection of Current Research Hotspots   
19                     Fluency of Language Expression   
20    Appropriateness of Professional Terminology Use   
21                          Conciseness of Expression   
22  Practical Application Potential of Research Re...   
23                Feasibility of Proposed Suggestions   
24                             Logic of Argumentation   
25                   Multi-angle Analysis of Problems   
26  Identification and Discussion of Research Limi...   

    ICC (Intraclass Correlation Coefficient) ICC 95% Confidence Interval  \
0                                   0.583529                [0.48, 0.69]   
1                                   0.680297                 [0.51, 0.8]   
2                                   0.380826                 [0.28, 0.5]   
3                                   0.414918                 [0.3, 0.54]   
4                                   0.579372                [0.48, 0.69]   
5                                   0.409871                [0.31, 0.53]   
6                                   0.536742                [0.43, 0.65]   
7                                   0.265688                [0.18, 0.38]   
8                                   0.641035                [0.55, 0.74]   
9                                   0.526436                [0.42, 0.64]   
10                                  0.463156                [0.36, 0.58]   
11                                  0.404859                [0.29, 0.53]   
12                                  0.591668                 [0.49, 0.7]   
13                                  0.539867                [0.43, 0.66]   
14                                  0.353339                [0.26, 0.47]   
15                                  0.359542                [0.26, 0.48]   
16                                  0.369724                [0.27, 0.49]   
17                                  0.491308                [0.39, 0.61]   
18                                  0.368150                [0.27, 0.49]   
19                                  0.266914                [0.18, 0.38]   
20                                  0.161841                 [0.1, 0.26]   
21                                  0.267948                [0.18, 0.38]   
22                                  0.547893                [0.44, 0.66]   
23                                  0.340198                [0.25, 0.46]   
24                                  0.313014                [0.22, 0.43]   
25                                  0.288271                 [0.2, 0.41]   
26                                  0.294009                 [0.2, 0.41]   

    Transitivity Consistency Ratio (%)  
0                             4.545455  
1                            90.909091  
2                            37.500000  
3                            92.727273  
4                            82.014388  
5                            83.030303  
6                            85.454545  
7                            87.261146  
8                            66.666667  
9                            89.171975  
10                            0.000000  
11                           93.939394  
12                           92.121212  
13                           94.230769  
14                           83.802817  
15                           82.894737  
16                           83.823529  
17                           90.445860  
18                           83.636364  
19                           91.549296  
20                           88.888889  
21                           91.333333  
22                           91.515152  
23                           91.515152  
24                           83.030303  
25                           86.624204  
26                           86.666667  

Results have been saved to 'reliability_analysis.csv'
