Author
10     2.626861
5      6.230916
0     10.267161
4     10.890323
2     13.356273
3     15.482223
8     15.700328
1     30.654474
7     60.269366
6     63.744514
9     99.993804
Name: Score, dtype: float64

Results have been saved to 'pagerank_results_balanced.csv'
Combined Results:
                                          Subcategory  \
0                                     Topic Relevance   
1                    Comprehensiveness of Information   
2                             Accuracy of Information   
3                        Innovativeness of Viewpoints   
4       Integration of Interdisciplinary Perspectives   
5                        Clarity of Logical Structure   
6               Reasonableness of Chapter Arrangement   
7              Quality of Introduction and Conclusion   
8              Accuracy and Completeness of Citations   
9              Timeliness and Relevance of References   
10   Avoidance of Plagiarism and Appropriate Citation   
11             Critical Analysis of Existing Research   
12   Proposal of New Research Directions or Questions   
13                Potential Contribution to the Field   
14             Clarity of Research Method Description   
15                    Rationality of Method Selection   
16                           Rigor of Research Design   
17               Inclusion of Latest Research Results   
18            Reflection of Current Research Hotspots   
19                     Fluency of Language Expression   
20    Appropriateness of Professional Terminology Use   
21                          Conciseness of Expression   
22  Practical Application Potential of Research Re...   
23                Feasibility of Proposed Suggestions   
24                             Logic of Argumentation   
25                   Multi-angle Analysis of Problems   
26  Identification and Discussion of Research Limi...   

    ICC (Intraclass Correlation Coefficient) ICC 95% Confidence Interval  \
0                                   0.476224                [0.37, 0.59]   
1                                   0.637789                [0.54, 0.73]   
2                                   0.183628                [0.11, 0.29]   
3                                   0.485790                 [0.38, 0.6]   
4                                   0.571644                [0.47, 0.68]   
5                                   0.598486                  [0.5, 0.7]   
6                                   0.542398                [0.44, 0.65]   
7                                   0.506780                 [0.4, 0.62]   
8                                   0.533577                [0.43, 0.65]   
9                                   0.563271                [0.46, 0.67]   
10                                  0.170163                 [0.1, 0.27]   
11                                  0.501550                 [0.4, 0.62]   
12                                  0.487347                 [0.39, 0.6]   
13                                  0.526518                [0.42, 0.64]   
14                                  0.560054                [0.46, 0.67]   
15                                  0.544344                [0.44, 0.65]   
16                                  0.537761                [0.44, 0.65]   
17                                  0.554805                [0.45, 0.66]   
18                                  0.497794                 [0.4, 0.61]   
19                                  0.465049                [0.36, 0.58]   
20                                  0.422900                [0.32, 0.54]   
21                                  0.416016                [0.32, 0.54]   
22                                  0.501161                 [0.4, 0.62]   
23                                  0.437318                [0.34, 0.56]   
24                                  0.556547                [0.46, 0.67]   
25                                  0.535876                [0.43, 0.65]   
26                                  0.521601                [0.42, 0.63]   

    Transitivity Consistency Ratio (%)  
0                            76.969697  
1                            77.575758  
2                            89.696970  
3                            73.333333  
4                            75.757576  
5                            81.818182  
6                            83.030303  
7                            81.818182  
8                            81.818182  
9                            80.606061  
10                           87.878788  
11                           76.969697  
12                           73.939394  
13                           77.575758  
14                           82.424242  
15                           81.212121  
16                           81.818182  
17                           80.606061  
18                           81.818182  
19                           81.818182  
20                           81.818182  
21                           81.818182  
22                           76.363636  
23                           75.151515  
24                           81.818182  
25                           78.787879  
26                           75.757576  

Results have been saved to 'reliability_analysis.csv'
Author
10      3.208563
5       3.897367
0       7.425877
4       9.067472
2       9.534611
3      11.572279
8      13.325144
1      28.584619
7      55.233421
6      65.089424
9     100.000000
Name: Score, dtype: float64

Results have been saved to 'pagerank_results_balanced.csv'
Combined Results:
                                          Subcategory  \
0                                     Topic Relevance   
1                    Comprehensiveness of Information   
2                             Accuracy of Information   
3                        Innovativeness of Viewpoints   
4       Integration of Interdisciplinary Perspectives   
5                        Clarity of Logical Structure   
6               Reasonableness of Chapter Arrangement   
7              Quality of Introduction and Conclusion   
8              Accuracy and Completeness of Citations   
9              Timeliness and Relevance of References   
10   Avoidance of Plagiarism and Appropriate Citation   
11             Critical Analysis of Existing Research   
12   Proposal of New Research Directions or Questions   
13                Potential Contribution to the Field   
14             Clarity of Research Method Description   
15                    Rationality of Method Selection   
16                           Rigor of Research Design   
17               Inclusion of Latest Research Results   
18            Reflection of Current Research Hotspots   
19                     Fluency of Language Expression   
20    Appropriateness of Professional Terminology Use   
21                          Conciseness of Expression   
22  Practical Application Potential of Research Re...   
23                Feasibility of Proposed Suggestions   
24                             Logic of Argumentation   
25                   Multi-angle Analysis of Problems   
26  Identification and Discussion of Research Limi...   

    ICC (Intraclass Correlation Coefficient) ICC 95% Confidence Interval  \
0                                   0.476224                [0.37, 0.59]   
1                                   0.637789                [0.54, 0.73]   
2                                   0.183628                [0.11, 0.29]   
3                                   0.485790                 [0.38, 0.6]   
4                                   0.571644                [0.47, 0.68]   
5                                   0.598486                  [0.5, 0.7]   
6                                   0.542398                [0.44, 0.65]   
7                                   0.506780                 [0.4, 0.62]   
8                                   0.533577                [0.43, 0.65]   
9                                   0.563271                [0.46, 0.67]   
10                                  0.170163                 [0.1, 0.27]   
11                                  0.501550                 [0.4, 0.62]   
12                                  0.487347                 [0.39, 0.6]   
13                                  0.526518                [0.42, 0.64]   
14                                  0.560054                [0.46, 0.67]   
15                                  0.544344                [0.44, 0.65]   
16                                  0.537761                [0.44, 0.65]   
17                                  0.554805                [0.45, 0.66]   
18                                  0.497794                 [0.4, 0.61]   
19                                  0.465049                [0.36, 0.58]   
20                                  0.422900                [0.32, 0.54]   
21                                  0.416016                [0.32, 0.54]   
22                                  0.501161                 [0.4, 0.62]   
23                                  0.437318                [0.34, 0.56]   
24                                  0.556547                [0.46, 0.67]   
25                                  0.535876                [0.43, 0.65]   
26                                  0.521601                [0.42, 0.63]   

    Transitivity Consistency Ratio (%)  
0                            62.745098  
1                            77.575758  
2                            52.777778  
3                            73.333333  
4                            74.842767  
5                            81.818182  
6                            83.030303  
7                            81.818182  
8                            75.609756  
9                            80.606061  
10                           42.857143  
11                           75.641026  
12                           73.939394  
13                           76.282051  
14                           82.424242  
15                           81.212121  
16                           81.818182  
17                           80.606061  
18                           81.818182  
19                           80.000000  
20                           81.818182  
21                           80.000000  
22                           76.363636  
23                           74.050633  
24                           81.132075  
25                           78.787879  
26                           75.757576  

Results have been saved to 'reliability_analysis.csv'
Author
10      3.208563
5       3.897367
0       7.425877
4       9.067472
2       9.534611
3      11.572279
8      13.325144
1      28.584619
7      55.233421
6      65.089424
9     100.000000
Name: Score, dtype: float64

Results have been saved to 'pagerank_results_balanced.csv'
Combined Results:
                                          Subcategory  \
0                                     Topic Relevance   
1                    Comprehensiveness of Information   
2                             Accuracy of Information   
3                        Innovativeness of Viewpoints   
4       Integration of Interdisciplinary Perspectives   
5                        Clarity of Logical Structure   
6               Reasonableness of Chapter Arrangement   
7              Quality of Introduction and Conclusion   
8              Accuracy and Completeness of Citations   
9              Timeliness and Relevance of References   
10   Avoidance of Plagiarism and Appropriate Citation   
11             Critical Analysis of Existing Research   
12   Proposal of New Research Directions or Questions   
13                Potential Contribution to the Field   
14             Clarity of Research Method Description   
15                    Rationality of Method Selection   
16                           Rigor of Research Design   
17               Inclusion of Latest Research Results   
18            Reflection of Current Research Hotspots   
19                     Fluency of Language Expression   
20    Appropriateness of Professional Terminology Use   
21                          Conciseness of Expression   
22  Practical Application Potential of Research Re...   
23                Feasibility of Proposed Suggestions   
24                             Logic of Argumentation   
25                   Multi-angle Analysis of Problems   
26  Identification and Discussion of Research Limi...   

    ICC (Intraclass Correlation Coefficient) ICC 95% Confidence Interval  \
0                                   0.476224                [0.37, 0.59]   
1                                   0.637789                [0.54, 0.73]   
2                                   0.183628                [0.11, 0.29]   
3                                   0.485790                 [0.38, 0.6]   
4                                   0.571644                [0.47, 0.68]   
5                                   0.598486                  [0.5, 0.7]   
6                                   0.542398                [0.44, 0.65]   
7                                   0.506780                 [0.4, 0.62]   
8                                   0.533577                [0.43, 0.65]   
9                                   0.563271                [0.46, 0.67]   
10                                  0.170163                 [0.1, 0.27]   
11                                  0.501550                 [0.4, 0.62]   
12                                  0.487347                 [0.39, 0.6]   
13                                  0.526518                [0.42, 0.64]   
14                                  0.560054                [0.46, 0.67]   
15                                  0.544344                [0.44, 0.65]   
16                                  0.537761                [0.44, 0.65]   
17                                  0.554805                [0.45, 0.66]   
18                                  0.497794                 [0.4, 0.61]   
19                                  0.465049                [0.36, 0.58]   
20                                  0.422900                [0.32, 0.54]   
21                                  0.416016                [0.32, 0.54]   
22                                  0.501161                 [0.4, 0.62]   
23                                  0.437318                [0.34, 0.56]   
24                                  0.556547                [0.46, 0.67]   
25                                  0.535876                [0.43, 0.65]   
26                                  0.521601                [0.42, 0.63]   

    Transitivity Consistency Ratio (%)  
0                            62.745098  
1                            77.575758  
2                            52.777778  
3                            73.333333  
4                            74.842767  
5                            81.818182  
6                            83.030303  
7                            81.818182  
8                            75.609756  
9                            80.606061  
10                           42.857143  
11                           75.641026  
12                           73.939394  
13                           76.282051  
14                           82.424242  
15                           81.212121  
16                           81.818182  
17                           80.606061  
18                           81.818182  
19                           80.000000  
20                           81.818182  
21                           80.000000  
22                           76.363636  
23                           74.050633  
24                           81.132075  
25                           78.787879  
26                           75.757576  

Results have been saved to 'reliability_analysis.csv'
