Author
0      1.087511
4      9.876161
3     12.950719
1     22.240488
10    34.154494
2     34.846442
8     51.657280
5     51.907029
6     68.644339
7     72.125248
9     88.977832
Name: Score, dtype: float64

Results have been saved to 'pagerank_results_balanced.csv'
Combined Results:
                                          Subcategory  \
0                                     Topic Relevance   
1                    Comprehensiveness of Information   
2                             Accuracy of Information   
3                        Innovativeness of Viewpoints   
4       Integration of Interdisciplinary Perspectives   
5                        Clarity of Logical Structure   
6               Reasonableness of Chapter Arrangement   
7              Quality of Introduction and Conclusion   
8              Accuracy and Completeness of Citations   
9              Timeliness and Relevance of References   
10   Avoidance of Plagiarism and Appropriate Citation   
11             Critical Analysis of Existing Research   
12   Proposal of New Research Directions or Questions   
13                Potential Contribution to the Field   
14             Clarity of Research Method Description   
15                    Rationality of Method Selection   
16                           Rigor of Research Design   
17               Inclusion of Latest Research Results   
18            Reflection of Current Research Hotspots   
19                     Fluency of Language Expression   
20    Appropriateness of Professional Terminology Use   
21                          Conciseness of Expression   
22  Practical Application Potential of Research Re...   
23                Feasibility of Proposed Suggestions   
24                             Logic of Argumentation   
25                   Multi-angle Analysis of Problems   
26  Identification and Discussion of Research Limi...   

    ICC (Intraclass Correlation Coefficient) ICC 95% Confidence Interval  \
0                                   0.560819                [0.45, 0.68]   
1                                   0.743810                [0.66, 0.82]   
2                                   0.491496                [0.39, 0.61]   
3                                   0.655642                [0.56, 0.75]   
4                                   0.711365                [0.63, 0.79]   
5                                   0.762169                [0.69, 0.83]   
6                                   0.733128                [0.65, 0.81]   
7                                   0.665095                [0.57, 0.76]   
8                                   0.416122                [0.32, 0.54]   
9                                   0.525349                [0.42, 0.64]   
10                                  0.326129                [0.23, 0.44]   
11                                  0.608789                [0.51, 0.71]   
12                                  0.646198                [0.55, 0.74]   
13                                  0.638998                [0.54, 0.74]   
14                                  0.635661                [0.54, 0.73]   
15                                  0.636093                [0.54, 0.73]   
16                                  0.611169                [0.51, 0.71]   
17                                  0.527259                [0.43, 0.64]   
18                                  0.563521                [0.46, 0.67]   
19                                  0.720016                 [0.64, 0.8]   
20                                  0.624705                [0.53, 0.72]   
21                                  0.661723                [0.57, 0.75]   
22                                  0.615439                [0.52, 0.72]   
23                                  0.470100                [0.37, 0.59]   
24                                  0.668550                [0.58, 0.76]   
25                                  0.672332                [0.58, 0.76]   
26                                  0.551580                [0.45, 0.66]   

    Transitivity Consistency Ratio (%)  
0                            87.272727  
1                            83.636364  
2                            88.484848  
3                            76.969697  
4                            83.636364  
5                            82.424242  
6                            82.424242  
7                            82.424242  
8                            88.484848  
9                            84.242424  
10                           87.878788  
11                           78.181818  
12                           76.969697  
13                           76.363636  
14                           84.242424  
15                           83.636364  
16                           83.636364  
17                           85.454545  
18                           84.242424  
19                           82.424242  
20                           82.424242  
21                           82.424242  
22                           78.181818  
23                           78.787879  
24                           84.848485  
25                           83.636364  
26                           83.030303  

Results have been saved to 'reliability_analysis.csv'
Author
9     37.037037
10    38.385473
3     38.565301
5     43.836815
6     45.744322
7     51.452995
1     58.427070
0     59.462109
4     62.825868
2     76.838479
8     77.765098
Name: Score, dtype: float64

Results have been saved to 'pagerank_results_balanced.csv'
Combined Results:
                                          Subcategory  \
0                                     Topic Relevance   
1                    Comprehensiveness of Information   
2                             Accuracy of Information   
3                        Innovativeness of Viewpoints   
4       Integration of Interdisciplinary Perspectives   
5                        Clarity of Logical Structure   
6               Reasonableness of Chapter Arrangement   
7              Quality of Introduction and Conclusion   
8              Accuracy and Completeness of Citations   
9              Timeliness and Relevance of References   
10   Avoidance of Plagiarism and Appropriate Citation   
11             Critical Analysis of Existing Research   
12   Proposal of New Research Directions or Questions   
13                Potential Contribution to the Field   
14             Clarity of Research Method Description   
15                    Rationality of Method Selection   
16                           Rigor of Research Design   
17               Inclusion of Latest Research Results   
18            Reflection of Current Research Hotspots   
19                     Fluency of Language Expression   
20    Appropriateness of Professional Terminology Use   
21                          Conciseness of Expression   
22  Practical Application Potential of Research Re...   
23                Feasibility of Proposed Suggestions   
24                             Logic of Argumentation   
25                   Multi-angle Analysis of Problems   
26  Identification and Discussion of Research Limi...   

    ICC (Intraclass Correlation Coefficient) ICC 95% Confidence Interval  \
0                                   0.582342                 [0.46, 0.7]   
1                                   0.792565                [0.72, 0.86]   
2                                   0.512786                [0.41, 0.63]   
3                                   0.717223                 [0.62, 0.8]   
4                                   0.776396                 [0.7, 0.84]   
5                                   0.789135                [0.72, 0.85]   
6                                   0.756288                [0.68, 0.83]   
7                                   0.708998                [0.62, 0.79]   
8                                   0.651353                [0.56, 0.75]   
9                                   0.697073                [0.61, 0.78]   
10                                  0.432274                [0.33, 0.55]   
11                                  0.724015                [0.63, 0.81]   
12                                  0.725672                [0.64, 0.81]   
13                                  0.710758                 [0.62, 0.8]   
14                                  0.688363                 [0.6, 0.78]   
15                                  0.686242                 [0.6, 0.77]   
16                                  0.659386                [0.57, 0.75]   
17                                  0.695245                [0.61, 0.78]   
18                                  0.729775                [0.65, 0.81]   
19                                  0.700787                [0.61, 0.79]   
20                                  0.647586                [0.55, 0.74]   
21                                  0.665232                [0.57, 0.76]   
22                                  0.688387                [0.59, 0.78]   
23                                  0.596408                  [0.5, 0.7]   
24                                  0.721316                 [0.64, 0.8]   
25                                  0.715286                 [0.63, 0.8]   
26                                  0.647549                [0.55, 0.74]   

    Transitivity Consistency Ratio (%)  
0                            84.848485  
1                            81.212121  
2                            85.454545  
3                            76.969697  
4                            81.212121  
5                            85.454545  
6                            85.454545  
7                            85.454545  
8                            84.242424  
9                            80.606061  
10                           85.454545  
11                           78.181818  
12                           76.969697  
13                           76.363636  
14                           82.424242  
15                           81.212121  
16                           81.212121  
17                           81.818182  
18                           80.606061  
19                           85.454545  
20                           82.424242  
21                           84.848485  
22                           78.787879  
23                           78.787879  
24                           85.454545  
25                           81.212121  
26                           80.606061  

Results have been saved to 'reliability_analysis.csv'
Author
9     37.037037
10    38.385473
3     38.565301
5     43.836815
6     45.744322
7     51.452995
1     58.427070
0     59.462109
4     62.825868
2     76.838479
8     77.765098
Name: Score, dtype: float64

Results have been saved to 'pagerank_results_balanced.csv'
Combined Results:
                                          Subcategory  \
0                                     Topic Relevance   
1                    Comprehensiveness of Information   
2                             Accuracy of Information   
3                        Innovativeness of Viewpoints   
4       Integration of Interdisciplinary Perspectives   
5                        Clarity of Logical Structure   
6               Reasonableness of Chapter Arrangement   
7              Quality of Introduction and Conclusion   
8              Accuracy and Completeness of Citations   
9              Timeliness and Relevance of References   
10   Avoidance of Plagiarism and Appropriate Citation   
11             Critical Analysis of Existing Research   
12   Proposal of New Research Directions or Questions   
13                Potential Contribution to the Field   
14             Clarity of Research Method Description   
15                    Rationality of Method Selection   
16                           Rigor of Research Design   
17               Inclusion of Latest Research Results   
18            Reflection of Current Research Hotspots   
19                     Fluency of Language Expression   
20    Appropriateness of Professional Terminology Use   
21                          Conciseness of Expression   
22  Practical Application Potential of Research Re...   
23                Feasibility of Proposed Suggestions   
24                             Logic of Argumentation   
25                   Multi-angle Analysis of Problems   
26  Identification and Discussion of Research Limi...   

    ICC (Intraclass Correlation Coefficient) ICC 95% Confidence Interval  \
0                                   0.582342                 [0.46, 0.7]   
1                                   0.792565                [0.72, 0.86]   
2                                   0.512786                [0.41, 0.63]   
3                                   0.717223                 [0.62, 0.8]   
4                                   0.776396                 [0.7, 0.84]   
5                                   0.789135                [0.72, 0.85]   
6                                   0.756288                [0.68, 0.83]   
7                                   0.708998                [0.62, 0.79]   
8                                   0.651353                [0.56, 0.75]   
9                                   0.697073                [0.61, 0.78]   
10                                  0.432274                [0.33, 0.55]   
11                                  0.724015                [0.63, 0.81]   
12                                  0.725672                [0.64, 0.81]   
13                                  0.710758                 [0.62, 0.8]   
14                                  0.688363                 [0.6, 0.78]   
15                                  0.686242                 [0.6, 0.77]   
16                                  0.659386                [0.57, 0.75]   
17                                  0.695245                [0.61, 0.78]   
18                                  0.729775                [0.65, 0.81]   
19                                  0.700787                [0.61, 0.79]   
20                                  0.647586                [0.55, 0.74]   
21                                  0.665232                [0.57, 0.76]   
22                                  0.688387                [0.59, 0.78]   
23                                  0.596408                  [0.5, 0.7]   
24                                  0.721316                 [0.64, 0.8]   
25                                  0.715286                 [0.63, 0.8]   
26                                  0.647549                [0.55, 0.74]   

    Transitivity Consistency Ratio (%)  
0                            84.848485  
1                            81.212121  
2                            85.454545  
3                            76.969697  
4                            81.212121  
5                            85.454545  
6                            85.454545  
7                            85.454545  
8                            84.242424  
9                            80.606061  
10                           85.454545  
11                           78.181818  
12                           76.969697  
13                           76.363636  
14                           82.424242  
15                           81.212121  
16                           81.212121  
17                           81.818182  
18                           80.606061  
19                           85.454545  
20                           82.424242  
21                           84.848485  
22                           78.787879  
23                           78.787879  
24                           85.454545  
25                           81.212121  
26                           80.606061  

Results have been saved to 'reliability_analysis.csv'
Author
10      0.000000
4       9.463174
0       9.845127
3      36.187084
1      48.179621
2      57.543831
8      75.167381
5      80.029362
6      91.202921
7      92.078432
9     100.000000
Name: Score, dtype: float64

Results have been saved to 'pagerank_results_balanced.csv'
Combined Results:
                                          Subcategory  \
0                                     Topic Relevance   
1                    Comprehensiveness of Information   
2                             Accuracy of Information   
3                        Innovativeness of Viewpoints   
4       Integration of Interdisciplinary Perspectives   
5                        Clarity of Logical Structure   
6               Reasonableness of Chapter Arrangement   
7              Quality of Introduction and Conclusion   
8              Accuracy and Completeness of Citations   
9              Timeliness and Relevance of References   
10   Avoidance of Plagiarism and Appropriate Citation   
11             Critical Analysis of Existing Research   
12   Proposal of New Research Directions or Questions   
13                Potential Contribution to the Field   
14             Clarity of Research Method Description   
15                    Rationality of Method Selection   
16                           Rigor of Research Design   
17               Inclusion of Latest Research Results   
18            Reflection of Current Research Hotspots   
19                     Fluency of Language Expression   
20    Appropriateness of Professional Terminology Use   
21                          Conciseness of Expression   
22  Practical Application Potential of Research Re...   
23                Feasibility of Proposed Suggestions   
24                             Logic of Argumentation   
25                   Multi-angle Analysis of Problems   
26  Identification and Discussion of Research Limi...   

    ICC (Intraclass Correlation Coefficient) ICC 95% Confidence Interval  \
0                                   0.582342                 [0.46, 0.7]   
1                                   0.792565                [0.72, 0.86]   
2                                   0.512786                [0.41, 0.63]   
3                                   0.717223                 [0.62, 0.8]   
4                                   0.776396                 [0.7, 0.84]   
5                                   0.789135                [0.72, 0.85]   
6                                   0.756288                [0.68, 0.83]   
7                                   0.708998                [0.62, 0.79]   
8                                   0.651353                [0.56, 0.75]   
9                                   0.697073                [0.61, 0.78]   
10                                  0.432274                [0.33, 0.55]   
11                                  0.724015                [0.63, 0.81]   
12                                  0.725672                [0.64, 0.81]   
13                                  0.710758                 [0.62, 0.8]   
14                                  0.688363                 [0.6, 0.78]   
15                                  0.686242                 [0.6, 0.77]   
16                                  0.659386                [0.57, 0.75]   
17                                  0.695245                [0.61, 0.78]   
18                                  0.729775                [0.65, 0.81]   
19                                  0.700787                [0.61, 0.79]   
20                                  0.647586                [0.55, 0.74]   
21                                  0.665232                [0.57, 0.76]   
22                                  0.688387                [0.59, 0.78]   
23                                  0.596408                  [0.5, 0.7]   
24                                  0.721316                 [0.64, 0.8]   
25                                  0.715286                 [0.63, 0.8]   
26                                  0.647549                [0.55, 0.74]   

    Transitivity Consistency Ratio (%)  
0                            59.677419  
1                            81.212121  
2                            50.000000  
3                            76.100629  
4                            81.212121  
5                            85.454545  
6                            85.454545  
7                            85.454545  
8                            55.172414  
9                            79.874214  
10                           46.666667  
11                           77.358491  
12                           76.969697  
13                           75.471698  
14                           81.528662  
15                           81.212121  
16                           81.212121  
17                           81.818182  
18                           79.874214  
19                           85.454545  
20                           81.528662  
21                           84.177215  
22                           78.787879  
23                           78.787879  
24                           85.454545  
25                           81.212121  
26                           80.606061  

Results have been saved to 'reliability_analysis.csv'
Author
10      0.000000
4       9.463174
0       9.845127
3      36.187084
1      48.179621
2      57.543831
8      75.167381
5      80.029362
6      91.202921
7      92.078432
9     100.000000
Name: Score, dtype: float64

Results have been saved to 'pagerank_results_balanced.csv'
Combined Results:
                                          Subcategory  \
0                                     Topic Relevance   
1                    Comprehensiveness of Information   
2                             Accuracy of Information   
3                        Innovativeness of Viewpoints   
4       Integration of Interdisciplinary Perspectives   
5                        Clarity of Logical Structure   
6               Reasonableness of Chapter Arrangement   
7              Quality of Introduction and Conclusion   
8              Accuracy and Completeness of Citations   
9              Timeliness and Relevance of References   
10   Avoidance of Plagiarism and Appropriate Citation   
11             Critical Analysis of Existing Research   
12   Proposal of New Research Directions or Questions   
13                Potential Contribution to the Field   
14             Clarity of Research Method Description   
15                    Rationality of Method Selection   
16                           Rigor of Research Design   
17               Inclusion of Latest Research Results   
18            Reflection of Current Research Hotspots   
19                     Fluency of Language Expression   
20    Appropriateness of Professional Terminology Use   
21                          Conciseness of Expression   
22  Practical Application Potential of Research Re...   
23                Feasibility of Proposed Suggestions   
24                             Logic of Argumentation   
25                   Multi-angle Analysis of Problems   
26  Identification and Discussion of Research Limi...   

    ICC (Intraclass Correlation Coefficient) ICC 95% Confidence Interval  \
0                                   0.582342                 [0.46, 0.7]   
1                                   0.792565                [0.72, 0.86]   
2                                   0.512786                [0.41, 0.63]   
3                                   0.717223                 [0.62, 0.8]   
4                                   0.776396                 [0.7, 0.84]   
5                                   0.789135                [0.72, 0.85]   
6                                   0.756288                [0.68, 0.83]   
7                                   0.708998                [0.62, 0.79]   
8                                   0.651353                [0.56, 0.75]   
9                                   0.697073                [0.61, 0.78]   
10                                  0.432274                [0.33, 0.55]   
11                                  0.724015                [0.63, 0.81]   
12                                  0.725672                [0.64, 0.81]   
13                                  0.710758                 [0.62, 0.8]   
14                                  0.688363                 [0.6, 0.78]   
15                                  0.686242                 [0.6, 0.77]   
16                                  0.659386                [0.57, 0.75]   
17                                  0.695245                [0.61, 0.78]   
18                                  0.729775                [0.65, 0.81]   
19                                  0.700787                [0.61, 0.79]   
20                                  0.647586                [0.55, 0.74]   
21                                  0.665232                [0.57, 0.76]   
22                                  0.688387                [0.59, 0.78]   
23                                  0.596408                  [0.5, 0.7]   
24                                  0.721316                 [0.64, 0.8]   
25                                  0.715286                 [0.63, 0.8]   
26                                  0.647549                [0.55, 0.74]   

    Transitivity Consistency Ratio (%)  
0                            59.677419  
1                            81.212121  
2                            50.000000  
3                            76.100629  
4                            81.212121  
5                            85.454545  
6                            85.454545  
7                            85.454545  
8                            55.172414  
9                            79.874214  
10                           46.666667  
11                           77.358491  
12                           76.969697  
13                           75.471698  
14                           81.528662  
15                           81.212121  
16                           81.212121  
17                           81.818182  
18                           79.874214  
19                           85.454545  
20                           81.528662  
21                           84.177215  
22                           78.787879  
23                           78.787879  
24                           85.454545  
25                           81.212121  
26                           80.606061  

Results have been saved to 'reliability_analysis.csv'
