Author
1      0.863538
2      4.479778
10    26.756928
4     46.943851
6     64.699946
5     71.897482
9     75.862410
7     80.536304
3     85.102591
0     87.656345
8     94.281284
Name: Score, dtype: float64

Results have been saved to 'pagerank_results_balanced.csv'
Combined Results:
                                          Subcategory  \
0                                     Topic Relevance   
1                    Comprehensiveness of Information   
2                             Accuracy of Information   
3                        Innovativeness of Viewpoints   
4       Integration of Interdisciplinary Perspectives   
5                        Clarity of Logical Structure   
6               Reasonableness of Chapter Arrangement   
7              Quality of Introduction and Conclusion   
8              Accuracy and Completeness of Citations   
9              Timeliness and Relevance of References   
10   Avoidance of Plagiarism and Appropriate Citation   
11             Critical Analysis of Existing Research   
12   Proposal of New Research Directions or Questions   
13                Potential Contribution to the Field   
14             Clarity of Research Method Description   
15                    Rationality of Method Selection   
16                           Rigor of Research Design   
17               Inclusion of Latest Research Results   
18            Reflection of Current Research Hotspots   
19                     Fluency of Language Expression   
20    Appropriateness of Professional Terminology Use   
21                          Conciseness of Expression   
22  Practical Application Potential of Research Re...   
23                Feasibility of Proposed Suggestions   
24                             Logic of Argumentation   
25                   Multi-angle Analysis of Problems   
26  Identification and Discussion of Research Limi...   

    ICC (Intraclass Correlation Coefficient) ICC 95% Confidence Interval  \
0                                   0.470094                [0.37, 0.59]   
1                                   0.801919                [0.73, 0.86]   
2                                   0.303902                [0.21, 0.42]   
3                                   0.732451                [0.65, 0.81]   
4                                   0.762223                [0.69, 0.83]   
5                                   0.683547                [0.59, 0.77]   
6                                   0.697702                [0.61, 0.78]   
7                                   0.494291                [0.39, 0.61]   
8                                   0.541952                [0.44, 0.65]   
9                                   0.627174                [0.53, 0.73]   
10                                  0.306258                [0.22, 0.42]   
11                                  0.604193                [0.51, 0.71]   
12                                  0.672833                [0.58, 0.76]   
13                                  0.614111                [0.52, 0.71]   
14                                  0.630893                [0.54, 0.73]   
15                                  0.622922                [0.53, 0.72]   
16                                  0.595557                  [0.5, 0.7]   
17                                  0.640827                [0.55, 0.74]   
18                                  0.584558                [0.48, 0.69]   
19                                  0.551479                [0.45, 0.66]   
20                                  0.482262                 [0.38, 0.6]   
21                                  0.452363                [0.35, 0.57]   
22                                  0.527403                [0.43, 0.64]   
23                                  0.514339                [0.41, 0.63]   
24                                  0.536875                [0.44, 0.65]   
25                                  0.630651                [0.53, 0.73]   
26                                  0.455057                [0.35, 0.57]   

    Transitivity Consistency Ratio (%)  
0                            93.333333  
1                            83.030303  
2                            89.696970  
3                            83.030303  
4                            75.151515  
5                            78.181818  
6                            74.545455  
7                            79.393939  
8                            86.060606  
9                            80.000000  
10                           92.121212  
11                           83.030303  
12                           82.424242  
13                           80.000000  
14                           85.454545  
15                           84.848485  
16                           84.848485  
17                           80.000000  
18                           78.181818  
19                           80.606061  
20                           83.636364  
21                           76.969697  
22                           86.666667  
23                           81.212121  
24                           81.818182  
25                           76.363636  
26                           73.939394  

Results have been saved to 'reliability_analysis.csv'
Author
10     0.257597
1     11.431838
2     14.773458
4     57.869172
6     68.909580
5     74.202575
7     81.783808
9     83.718146
3     84.881366
0     87.240846
8     91.773076
Name: Score, dtype: float64

Results have been saved to 'pagerank_results_balanced.csv'
Combined Results:
                                          Subcategory  \
0                                     Topic Relevance   
1                    Comprehensiveness of Information   
2                             Accuracy of Information   
3                        Innovativeness of Viewpoints   
4       Integration of Interdisciplinary Perspectives   
5                        Clarity of Logical Structure   
6               Reasonableness of Chapter Arrangement   
7              Quality of Introduction and Conclusion   
8              Accuracy and Completeness of Citations   
9              Timeliness and Relevance of References   
10   Avoidance of Plagiarism and Appropriate Citation   
11             Critical Analysis of Existing Research   
12   Proposal of New Research Directions or Questions   
13                Potential Contribution to the Field   
14             Clarity of Research Method Description   
15                    Rationality of Method Selection   
16                           Rigor of Research Design   
17               Inclusion of Latest Research Results   
18            Reflection of Current Research Hotspots   
19                     Fluency of Language Expression   
20    Appropriateness of Professional Terminology Use   
21                          Conciseness of Expression   
22  Practical Application Potential of Research Re...   
23                Feasibility of Proposed Suggestions   
24                             Logic of Argumentation   
25                   Multi-angle Analysis of Problems   
26  Identification and Discussion of Research Limi...   

    ICC (Intraclass Correlation Coefficient) ICC 95% Confidence Interval  \
0                                   0.436767                [0.34, 0.56]   
1                                   0.787226                [0.72, 0.85]   
2                                   0.323352                [0.23, 0.44]   
3                                   0.752221                [0.67, 0.83]   
4                                   0.745058                [0.67, 0.82]   
5                                   0.635337                [0.54, 0.73]   
6                                   0.645472                [0.55, 0.74]   
7                                   0.512933                [0.41, 0.63]   
8                                   0.684452                 [0.6, 0.77]   
9                                   0.647071                [0.55, 0.74]   
10                                  0.384124                 [0.29, 0.5]   
11                                  0.665665                [0.57, 0.76]   
12                                  0.708924                [0.62, 0.79]   
13                                  0.664589                [0.57, 0.76]   
14                                  0.617258                [0.52, 0.72]   
15                                  0.615442                [0.52, 0.72]   
16                                  0.587849                [0.49, 0.69]   
17                                  0.670696                [0.58, 0.76]   
18                                  0.608470                [0.51, 0.71]   
19                                  0.504231                 [0.4, 0.62]   
20                                  0.539373                [0.44, 0.65]   
21                                  0.444506                [0.34, 0.56]   
22                                  0.617389                [0.52, 0.72]   
23                                  0.554118                [0.45, 0.66]   
24                                  0.607077                [0.51, 0.71]   
25                                  0.637798                [0.54, 0.73]   
26                                  0.498544                 [0.4, 0.61]   

    Transitivity Consistency Ratio (%)  
0                            93.333333  
1                            81.818182  
2                            90.909091  
3                            83.030303  
4                            75.151515  
5                            80.606061  
6                            78.181818  
7                            78.787879  
8                            86.666667  
9                            78.787879  
10                           91.515152  
11                           83.030303  
12                           82.424242  
13                           80.000000  
14                           85.454545  
15                           84.848485  
16                           84.848485  
17                           78.787879  
18                           74.545455  
19                           80.606061  
20                           83.636364  
21                           80.606061  
22                           86.060606  
23                           80.606061  
24                           84.242424  
25                           76.363636  
26                           76.363636  

Results have been saved to 'reliability_analysis.csv'
Author
10     0.257597
1     11.431838
2     14.773458
4     57.869172
6     68.909580
5     74.202575
7     81.783808
9     83.718146
3     84.881366
0     87.240846
8     91.773076
Name: Score, dtype: float64

Results have been saved to 'pagerank_results_balanced.csv'
Combined Results:
                                          Subcategory  \
0                                     Topic Relevance   
1                    Comprehensiveness of Information   
2                             Accuracy of Information   
3                        Innovativeness of Viewpoints   
4       Integration of Interdisciplinary Perspectives   
5                        Clarity of Logical Structure   
6               Reasonableness of Chapter Arrangement   
7              Quality of Introduction and Conclusion   
8              Accuracy and Completeness of Citations   
9              Timeliness and Relevance of References   
10   Avoidance of Plagiarism and Appropriate Citation   
11             Critical Analysis of Existing Research   
12   Proposal of New Research Directions or Questions   
13                Potential Contribution to the Field   
14             Clarity of Research Method Description   
15                    Rationality of Method Selection   
16                           Rigor of Research Design   
17               Inclusion of Latest Research Results   
18            Reflection of Current Research Hotspots   
19                     Fluency of Language Expression   
20    Appropriateness of Professional Terminology Use   
21                          Conciseness of Expression   
22  Practical Application Potential of Research Re...   
23                Feasibility of Proposed Suggestions   
24                             Logic of Argumentation   
25                   Multi-angle Analysis of Problems   
26  Identification and Discussion of Research Limi...   

    ICC (Intraclass Correlation Coefficient) ICC 95% Confidence Interval  \
0                                   0.436767                [0.34, 0.56]   
1                                   0.787226                [0.72, 0.85]   
2                                   0.323352                [0.23, 0.44]   
3                                   0.752221                [0.67, 0.83]   
4                                   0.745058                [0.67, 0.82]   
5                                   0.635337                [0.54, 0.73]   
6                                   0.645472                [0.55, 0.74]   
7                                   0.512933                [0.41, 0.63]   
8                                   0.684452                 [0.6, 0.77]   
9                                   0.647071                [0.55, 0.74]   
10                                  0.384124                 [0.29, 0.5]   
11                                  0.665665                [0.57, 0.76]   
12                                  0.708924                [0.62, 0.79]   
13                                  0.664589                [0.57, 0.76]   
14                                  0.617258                [0.52, 0.72]   
15                                  0.615442                [0.52, 0.72]   
16                                  0.587849                [0.49, 0.69]   
17                                  0.670696                [0.58, 0.76]   
18                                  0.608470                [0.51, 0.71]   
19                                  0.504231                 [0.4, 0.62]   
20                                  0.539373                [0.44, 0.65]   
21                                  0.444506                [0.34, 0.56]   
22                                  0.617389                [0.52, 0.72]   
23                                  0.554118                [0.45, 0.66]   
24                                  0.607077                [0.51, 0.71]   
25                                  0.637798                [0.54, 0.73]   
26                                  0.498544                 [0.4, 0.61]   

    Transitivity Consistency Ratio (%)  
0                            93.333333  
1                            81.818182  
2                            90.909091  
3                            83.030303  
4                            75.151515  
5                            80.606061  
6                            78.181818  
7                            78.787879  
8                            86.666667  
9                            78.787879  
10                           91.515152  
11                           83.030303  
12                           82.424242  
13                           80.000000  
14                           85.454545  
15                           84.848485  
16                           84.848485  
17                           78.787879  
18                           74.545455  
19                           80.606061  
20                           83.636364  
21                           80.606061  
22                           86.060606  
23                           80.606061  
24                           84.242424  
25                           76.363636  
26                           76.363636  

Results have been saved to 'reliability_analysis.csv'
Author
10     0.270027
1      7.973997
2     12.653195
4     57.256370
6     73.180633
5     79.418400
9     80.784120
7     85.891659
0     89.675877
3     89.932720
8     97.025055
Name: Score, dtype: float64

Results have been saved to 'pagerank_results_balanced.csv'
Combined Results:
                                          Subcategory  \
0                                     Topic Relevance   
1                    Comprehensiveness of Information   
2                             Accuracy of Information   
3                        Innovativeness of Viewpoints   
4       Integration of Interdisciplinary Perspectives   
5                        Clarity of Logical Structure   
6               Reasonableness of Chapter Arrangement   
7              Quality of Introduction and Conclusion   
8              Accuracy and Completeness of Citations   
9              Timeliness and Relevance of References   
10   Avoidance of Plagiarism and Appropriate Citation   
11             Critical Analysis of Existing Research   
12   Proposal of New Research Directions or Questions   
13                Potential Contribution to the Field   
14             Clarity of Research Method Description   
15                    Rationality of Method Selection   
16                           Rigor of Research Design   
17               Inclusion of Latest Research Results   
18            Reflection of Current Research Hotspots   
19                     Fluency of Language Expression   
20    Appropriateness of Professional Terminology Use   
21                          Conciseness of Expression   
22  Practical Application Potential of Research Re...   
23                Feasibility of Proposed Suggestions   
24                             Logic of Argumentation   
25                   Multi-angle Analysis of Problems   
26  Identification and Discussion of Research Limi...   

    ICC (Intraclass Correlation Coefficient) ICC 95% Confidence Interval  \
0                                   0.436767                [0.34, 0.56]   
1                                   0.787226                [0.72, 0.85]   
2                                   0.323352                [0.23, 0.44]   
3                                   0.752221                [0.67, 0.83]   
4                                   0.745058                [0.67, 0.82]   
5                                   0.635337                [0.54, 0.73]   
6                                   0.645472                [0.55, 0.74]   
7                                   0.512933                [0.41, 0.63]   
8                                   0.684452                 [0.6, 0.77]   
9                                   0.647071                [0.55, 0.74]   
10                                  0.384124                 [0.29, 0.5]   
11                                  0.665665                [0.57, 0.76]   
12                                  0.708924                [0.62, 0.79]   
13                                  0.664589                [0.57, 0.76]   
14                                  0.617258                [0.52, 0.72]   
15                                  0.615442                [0.52, 0.72]   
16                                  0.587849                [0.49, 0.69]   
17                                  0.670696                [0.58, 0.76]   
18                                  0.608470                [0.51, 0.71]   
19                                  0.504231                 [0.4, 0.62]   
20                                  0.539373                [0.44, 0.65]   
21                                  0.444506                [0.34, 0.56]   
22                                  0.617389                [0.52, 0.72]   
23                                  0.554118                [0.45, 0.66]   
24                                  0.607077                [0.51, 0.71]   
25                                  0.637798                [0.54, 0.73]   
26                                  0.498544                 [0.4, 0.61]   

    Transitivity Consistency Ratio (%)  
0                            26.666667  
1                            81.012658  
2                            31.818182  
3                            83.030303  
4                            74.050633  
5                            80.606061  
6                            77.215190  
7                            76.973684  
8                            52.173913  
9                            77.848101  
10                           26.315789  
11                           83.030303  
12                           82.424242  
13                           80.000000  
14                           84.810127  
15                           84.177215  
16                           84.177215  
17                           77.848101  
18                           73.417722  
19                           79.746835  
20                           80.985915  
21                           79.746835  
22                           86.060606  
23                           80.606061  
24                           84.242424  
25                           75.316456  
26                           75.316456  

Results have been saved to 'reliability_analysis.csv'
Author
10     0.270027
1      7.973997
2     12.653195
4     57.256370
6     73.180633
5     79.418400
9     80.784120
7     85.891659
0     89.675877
3     89.932720
8     97.025055
Name: Score, dtype: float64

Results have been saved to 'pagerank_results_balanced.csv'
Combined Results:
                                          Subcategory  \
0                                     Topic Relevance   
1                    Comprehensiveness of Information   
2                             Accuracy of Information   
3                        Innovativeness of Viewpoints   
4       Integration of Interdisciplinary Perspectives   
5                        Clarity of Logical Structure   
6               Reasonableness of Chapter Arrangement   
7              Quality of Introduction and Conclusion   
8              Accuracy and Completeness of Citations   
9              Timeliness and Relevance of References   
10   Avoidance of Plagiarism and Appropriate Citation   
11             Critical Analysis of Existing Research   
12   Proposal of New Research Directions or Questions   
13                Potential Contribution to the Field   
14             Clarity of Research Method Description   
15                    Rationality of Method Selection   
16                           Rigor of Research Design   
17               Inclusion of Latest Research Results   
18            Reflection of Current Research Hotspots   
19                     Fluency of Language Expression   
20    Appropriateness of Professional Terminology Use   
21                          Conciseness of Expression   
22  Practical Application Potential of Research Re...   
23                Feasibility of Proposed Suggestions   
24                             Logic of Argumentation   
25                   Multi-angle Analysis of Problems   
26  Identification and Discussion of Research Limi...   

    ICC (Intraclass Correlation Coefficient) ICC 95% Confidence Interval  \
0                                   0.436767                [0.34, 0.56]   
1                                   0.787226                [0.72, 0.85]   
2                                   0.323352                [0.23, 0.44]   
3                                   0.752221                [0.67, 0.83]   
4                                   0.745058                [0.67, 0.82]   
5                                   0.635337                [0.54, 0.73]   
6                                   0.645472                [0.55, 0.74]   
7                                   0.512933                [0.41, 0.63]   
8                                   0.684452                 [0.6, 0.77]   
9                                   0.647071                [0.55, 0.74]   
10                                  0.384124                 [0.29, 0.5]   
11                                  0.665665                [0.57, 0.76]   
12                                  0.708924                [0.62, 0.79]   
13                                  0.664589                [0.57, 0.76]   
14                                  0.617258                [0.52, 0.72]   
15                                  0.615442                [0.52, 0.72]   
16                                  0.587849                [0.49, 0.69]   
17                                  0.670696                [0.58, 0.76]   
18                                  0.608470                [0.51, 0.71]   
19                                  0.504231                 [0.4, 0.62]   
20                                  0.539373                [0.44, 0.65]   
21                                  0.444506                [0.34, 0.56]   
22                                  0.617389                [0.52, 0.72]   
23                                  0.554118                [0.45, 0.66]   
24                                  0.607077                [0.51, 0.71]   
25                                  0.637798                [0.54, 0.73]   
26                                  0.498544                 [0.4, 0.61]   

    Transitivity Consistency Ratio (%)  
0                            26.666667  
1                            81.012658  
2                            31.818182  
3                            83.030303  
4                            74.050633  
5                            80.606061  
6                            77.215190  
7                            76.973684  
8                            52.173913  
9                            77.848101  
10                           26.315789  
11                           83.030303  
12                           82.424242  
13                           80.000000  
14                           84.810127  
15                           84.177215  
16                           84.177215  
17                           77.848101  
18                           73.417722  
19                           79.746835  
20                           80.985915  
21                           79.746835  
22                           86.060606  
23                           80.606061  
24                           84.242424  
25                           75.316456  
26                           75.316456  

Results have been saved to 'reliability_analysis.csv'
