Author
5      4.003766
6     11.386129
4     13.689355
2     14.431455
7     15.599913
1     20.819688
0     30.922549
8     40.538138
10    50.735289
3     54.256839
9     85.185185
Name: Score, dtype: float64

Results have been saved to 'pagerank_results_balanced.csv'
Combined Results:
                                          Subcategory  \
0                                     Topic Relevance   
1                    Comprehensiveness of Information   
2                             Accuracy of Information   
3                        Innovativeness of Viewpoints   
4       Integration of Interdisciplinary Perspectives   
5                        Clarity of Logical Structure   
6               Reasonableness of Chapter Arrangement   
7              Quality of Introduction and Conclusion   
8              Accuracy and Completeness of Citations   
9              Timeliness and Relevance of References   
10   Avoidance of Plagiarism and Appropriate Citation   
11             Critical Analysis of Existing Research   
12   Proposal of New Research Directions or Questions   
13                Potential Contribution to the Field   
14             Clarity of Research Method Description   
15                    Rationality of Method Selection   
16                           Rigor of Research Design   
17               Inclusion of Latest Research Results   
18            Reflection of Current Research Hotspots   
19                     Fluency of Language Expression   
20    Appropriateness of Professional Terminology Use   
21                          Conciseness of Expression   
22  Practical Application Potential of Research Re...   
23                Feasibility of Proposed Suggestions   
24                             Logic of Argumentation   
25                   Multi-angle Analysis of Problems   
26  Identification and Discussion of Research Limi...   

    ICC (Intraclass Correlation Coefficient) ICC 95% Confidence Interval  \
0                                   0.549296                [0.44, 0.66]   
1                                   0.800742                [0.73, 0.86]   
2                                   0.295861                [0.21, 0.41]   
3                                   0.598718                  [0.5, 0.7]   
4                                   0.747695                [0.67, 0.82]   
5                                   0.744771                [0.66, 0.82]   
6                                   0.707940                [0.62, 0.79]   
7                                   0.706834                [0.62, 0.79]   
8                                   0.382839                 [0.28, 0.5]   
9                                   0.514116                [0.41, 0.63]   
10                                  0.228116                [0.15, 0.34]   
11                                  0.661607                [0.56, 0.76]   
12                                  0.446017                [0.34, 0.56]   
13                                  0.644365                [0.55, 0.74]   
14                                  0.560934                [0.46, 0.67]   
15                                  0.576516                [0.48, 0.68]   
16                                  0.598211                  [0.5, 0.7]   
17                                  0.495952                [0.39, 0.61]   
18                                  0.583081                [0.48, 0.69]   
19                                  0.668018                [0.58, 0.76]   
20                                  0.648391                [0.55, 0.74]   
21                                  0.662732                [0.57, 0.76]   
22                                  0.610860                [0.51, 0.71]   
23                                  0.538540                [0.44, 0.65]   
24                                  0.681894                [0.59, 0.77]   
25                                  0.699351                [0.61, 0.79]   
26                                  0.628066                [0.53, 0.73]   

    Transitivity Consistency Ratio (%)  
0                            73.939394  
1                            70.909091  
2                            81.212121  
3                            77.575758  
4                            70.909091  
5                            70.909091  
6                            70.909091  
7                            70.909091  
8                            80.000000  
9                            71.515152  
10                           83.636364  
11                           76.363636  
12                           71.515152  
13                           73.333333  
14                           70.303030  
15                           70.909091  
16                           70.909091  
17                           71.515152  
18                           71.515152  
19                           70.909091  
20                           70.909091  
21                           70.909091  
22                           73.333333  
23                           73.333333  
24                           70.909091  
25                           70.909091  
26                           70.909091  

Results have been saved to 'reliability_analysis.csv'
Author
5       0.078512
6       1.381936
2       2.251375
7       4.257364
4       8.640105
1       8.664410
0      19.522530
8      35.592881
10     53.321039
3      56.179307
9     100.000000
Name: Score, dtype: float64

Results have been saved to 'pagerank_results_balanced.csv'
Combined Results:
                                          Subcategory  \
0                                     Topic Relevance   
1                    Comprehensiveness of Information   
2                             Accuracy of Information   
3                        Innovativeness of Viewpoints   
4       Integration of Interdisciplinary Perspectives   
5                        Clarity of Logical Structure   
6               Reasonableness of Chapter Arrangement   
7              Quality of Introduction and Conclusion   
8              Accuracy and Completeness of Citations   
9              Timeliness and Relevance of References   
10   Avoidance of Plagiarism and Appropriate Citation   
11             Critical Analysis of Existing Research   
12   Proposal of New Research Directions or Questions   
13                Potential Contribution to the Field   
14             Clarity of Research Method Description   
15                    Rationality of Method Selection   
16                           Rigor of Research Design   
17               Inclusion of Latest Research Results   
18            Reflection of Current Research Hotspots   
19                     Fluency of Language Expression   
20    Appropriateness of Professional Terminology Use   
21                          Conciseness of Expression   
22  Practical Application Potential of Research Re...   
23                Feasibility of Proposed Suggestions   
24                             Logic of Argumentation   
25                   Multi-angle Analysis of Problems   
26  Identification and Discussion of Research Limi...   

    ICC (Intraclass Correlation Coefficient) ICC 95% Confidence Interval  \
0                                   0.549296                [0.44, 0.66]   
1                                   0.800742                [0.73, 0.86]   
2                                   0.295861                [0.21, 0.41]   
3                                   0.598718                  [0.5, 0.7]   
4                                   0.747695                [0.67, 0.82]   
5                                   0.744771                [0.66, 0.82]   
6                                   0.707940                [0.62, 0.79]   
7                                   0.706834                [0.62, 0.79]   
8                                   0.382839                 [0.28, 0.5]   
9                                   0.514116                [0.41, 0.63]   
10                                  0.228116                [0.15, 0.34]   
11                                  0.661607                [0.56, 0.76]   
12                                  0.446017                [0.34, 0.56]   
13                                  0.644365                [0.55, 0.74]   
14                                  0.560934                [0.46, 0.67]   
15                                  0.576516                [0.48, 0.68]   
16                                  0.598211                  [0.5, 0.7]   
17                                  0.495952                [0.39, 0.61]   
18                                  0.583081                [0.48, 0.69]   
19                                  0.668018                [0.58, 0.76]   
20                                  0.648391                [0.55, 0.74]   
21                                  0.662732                [0.57, 0.76]   
22                                  0.610860                [0.51, 0.71]   
23                                  0.538540                [0.44, 0.65]   
24                                  0.681894                [0.59, 0.77]   
25                                  0.699351                [0.61, 0.79]   
26                                  0.628066                [0.53, 0.73]   

    Transitivity Consistency Ratio (%)  
0                            68.148148  
1                            70.909091  
2                            47.457627  
3                            76.282051  
4                            70.909091  
5                            70.909091  
6                            70.909091  
7                            70.909091  
8                            58.750000  
9                            71.515152  
10                           59.701493  
11                           75.000000  
12                           71.515152  
13                           73.333333  
14                           69.565217  
15                           70.909091  
16                           70.909091  
17                           71.515152  
18                           71.515152  
19                           70.909091  
20                           70.909091  
21                           70.909091  
22                           73.333333  
23                           73.333333  
24                           70.909091  
25                           70.909091  
26                           70.909091  

Results have been saved to 'reliability_analysis.csv'
Author
5       0.078512
6       1.381936
2       2.251375
7       4.257364
4       8.640105
1       8.664410
0      19.522530
8      35.592881
10     53.321039
3      56.179307
9     100.000000
Name: Score, dtype: float64

Results have been saved to 'pagerank_results_balanced.csv'
Combined Results:
                                          Subcategory  \
0                                     Topic Relevance   
1                    Comprehensiveness of Information   
2                             Accuracy of Information   
3                        Innovativeness of Viewpoints   
4       Integration of Interdisciplinary Perspectives   
5                        Clarity of Logical Structure   
6               Reasonableness of Chapter Arrangement   
7              Quality of Introduction and Conclusion   
8              Accuracy and Completeness of Citations   
9              Timeliness and Relevance of References   
10   Avoidance of Plagiarism and Appropriate Citation   
11             Critical Analysis of Existing Research   
12   Proposal of New Research Directions or Questions   
13                Potential Contribution to the Field   
14             Clarity of Research Method Description   
15                    Rationality of Method Selection   
16                           Rigor of Research Design   
17               Inclusion of Latest Research Results   
18            Reflection of Current Research Hotspots   
19                     Fluency of Language Expression   
20    Appropriateness of Professional Terminology Use   
21                          Conciseness of Expression   
22  Practical Application Potential of Research Re...   
23                Feasibility of Proposed Suggestions   
24                             Logic of Argumentation   
25                   Multi-angle Analysis of Problems   
26  Identification and Discussion of Research Limi...   

    ICC (Intraclass Correlation Coefficient) ICC 95% Confidence Interval  \
0                                   0.549296                [0.44, 0.66]   
1                                   0.800742                [0.73, 0.86]   
2                                   0.295861                [0.21, 0.41]   
3                                   0.598718                  [0.5, 0.7]   
4                                   0.747695                [0.67, 0.82]   
5                                   0.744771                [0.66, 0.82]   
6                                   0.707940                [0.62, 0.79]   
7                                   0.706834                [0.62, 0.79]   
8                                   0.382839                 [0.28, 0.5]   
9                                   0.514116                [0.41, 0.63]   
10                                  0.228116                [0.15, 0.34]   
11                                  0.661607                [0.56, 0.76]   
12                                  0.446017                [0.34, 0.56]   
13                                  0.644365                [0.55, 0.74]   
14                                  0.560934                [0.46, 0.67]   
15                                  0.576516                [0.48, 0.68]   
16                                  0.598211                  [0.5, 0.7]   
17                                  0.495952                [0.39, 0.61]   
18                                  0.583081                [0.48, 0.69]   
19                                  0.668018                [0.58, 0.76]   
20                                  0.648391                [0.55, 0.74]   
21                                  0.662732                [0.57, 0.76]   
22                                  0.610860                [0.51, 0.71]   
23                                  0.538540                [0.44, 0.65]   
24                                  0.681894                [0.59, 0.77]   
25                                  0.699351                [0.61, 0.79]   
26                                  0.628066                [0.53, 0.73]   

    Transitivity Consistency Ratio (%)  
0                            68.148148  
1                            70.909091  
2                            47.457627  
3                            76.282051  
4                            70.909091  
5                            70.909091  
6                            70.909091  
7                            70.909091  
8                            58.750000  
9                            71.515152  
10                           59.701493  
11                           75.000000  
12                           71.515152  
13                           73.333333  
14                           69.565217  
15                           70.909091  
16                           70.909091  
17                           71.515152  
18                           71.515152  
19                           70.909091  
20                           70.909091  
21                           70.909091  
22                           73.333333  
23                           73.333333  
24                           70.909091  
25                           70.909091  
26                           70.909091  

Results have been saved to 'reliability_analysis.csv'
