Author
4      6.786371
7      7.522192
5     11.468841
3     18.013202
10    18.771849
0     28.348794
6     43.913113
1     48.553215
2     63.938376
8     87.111316
9     99.395435
Name: Score, dtype: float64

Results have been saved to 'pagerank_results_balanced.csv'
Combined Results:
                                          Subcategory  \
0                                     Topic Relevance   
1                    Comprehensiveness of Information   
2                             Accuracy of Information   
3                        Innovativeness of Viewpoints   
4       Integration of Interdisciplinary Perspectives   
5                        Clarity of Logical Structure   
6               Reasonableness of Chapter Arrangement   
7              Quality of Introduction and Conclusion   
8              Accuracy and Completeness of Citations   
9              Timeliness and Relevance of References   
10   Avoidance of Plagiarism and Appropriate Citation   
11             Critical Analysis of Existing Research   
12   Proposal of New Research Directions or Questions   
13                Potential Contribution to the Field   
14             Clarity of Research Method Description   
15                    Rationality of Method Selection   
16                           Rigor of Research Design   
17               Inclusion of Latest Research Results   
18            Reflection of Current Research Hotspots   
19                     Fluency of Language Expression   
20    Appropriateness of Professional Terminology Use   
21                          Conciseness of Expression   
22  Practical Application Potential of Research Re...   
23                Feasibility of Proposed Suggestions   
24                             Logic of Argumentation   
25                   Multi-angle Analysis of Problems   
26  Identification and Discussion of Research Limi...   

    ICC (Intraclass Correlation Coefficient) ICC 95% Confidence Interval  \
0                                   0.635173                [0.54, 0.73]   
1                                   0.816629                [0.75, 0.87]   
2                                   0.635184                [0.54, 0.73]   
3                                   0.621885                [0.52, 0.72]   
4                                   0.682788                [0.59, 0.77]   
5                                   0.759662                [0.68, 0.83]   
6                                   0.740708                [0.66, 0.82]   
7                                   0.681857                [0.59, 0.77]   
8                                   0.598173                  [0.5, 0.7]   
9                                   0.740055                [0.66, 0.82]   
10                                  0.361636                [0.27, 0.48]   
11                                  0.675036                [0.58, 0.77]   
12                                  0.580389                [0.48, 0.69]   
13                                  0.622990                [0.53, 0.72]   
14                                  0.725201                 [0.64, 0.8]   
15                                  0.754234                [0.68, 0.83]   
16                                  0.740246                [0.66, 0.82]   
17                                  0.736859                [0.66, 0.81]   
18                                  0.726016                [0.64, 0.81]   
19                                  0.663228                [0.57, 0.76]   
20                                  0.574962                [0.47, 0.68]   
21                                  0.580480                [0.48, 0.69]   
22                                  0.593864                 [0.49, 0.7]   
23                                  0.430952                [0.33, 0.55]   
24                                  0.655425                [0.56, 0.75]   
25                                  0.697076                [0.61, 0.78]   
26                                  0.705395                [0.62, 0.79]   

    Transitivity Consistency Ratio (%)  
0                            86.666667  
1                            75.151515  
2                            86.060606  
3                            78.787879  
4                            72.727273  
5                            72.727273  
6                            73.939394  
7                            72.727273  
8                            86.060606  
9                            77.575758  
10                           86.060606  
11                           78.787879  
12                           76.363636  
13                           78.787879  
14                           76.969697  
15                           77.575758  
16                           78.181818  
17                           77.575758  
18                           76.363636  
19                           72.727273  
20                           78.181818  
21                           76.363636  
22                           76.363636  
23                           76.969697  
24                           78.787879  
25                           75.757576  
26                           75.757576  

Results have been saved to 'reliability_analysis.csv'
Author
10     3.673163
4     50.597344
7     59.109468
5     65.149858
3     77.030240
0     78.720265
6     83.620613
2     87.228293
1     87.235339
8     92.010105
9     96.293906
Name: Score, dtype: float64

Results have been saved to 'pagerank_results_balanced.csv'
Combined Results:
                                          Subcategory  \
0                                     Topic Relevance   
1                    Comprehensiveness of Information   
2                             Accuracy of Information   
3                        Innovativeness of Viewpoints   
4       Integration of Interdisciplinary Perspectives   
5                        Clarity of Logical Structure   
6               Reasonableness of Chapter Arrangement   
7              Quality of Introduction and Conclusion   
8              Accuracy and Completeness of Citations   
9              Timeliness and Relevance of References   
10   Avoidance of Plagiarism and Appropriate Citation   
11             Critical Analysis of Existing Research   
12   Proposal of New Research Directions or Questions   
13                Potential Contribution to the Field   
14             Clarity of Research Method Description   
15                    Rationality of Method Selection   
16                           Rigor of Research Design   
17               Inclusion of Latest Research Results   
18            Reflection of Current Research Hotspots   
19                     Fluency of Language Expression   
20    Appropriateness of Professional Terminology Use   
21                          Conciseness of Expression   
22  Practical Application Potential of Research Re...   
23                Feasibility of Proposed Suggestions   
24                             Logic of Argumentation   
25                   Multi-angle Analysis of Problems   
26  Identification and Discussion of Research Limi...   

    ICC (Intraclass Correlation Coefficient) ICC 95% Confidence Interval  \
0                                   0.639731                [0.54, 0.74]   
1                                   0.882084                [0.84, 0.92]   
2                                   0.386730                [0.29, 0.51]   
3                                   0.809980                [0.74, 0.87]   
4                                   0.797839                [0.73, 0.86]   
5                                   0.857238                  [0.8, 0.9]   
6                                   0.828051                [0.77, 0.88]   
7                                   0.793285                [0.72, 0.86]   
8                                   0.743460                [0.66, 0.82]   
9                                   0.812968                [0.75, 0.87]   
10                                  0.246570                [0.16, 0.36]   
11                                  0.841518                [0.78, 0.89]   
12                                  0.824845                [0.76, 0.88]   
13                                  0.800254                [0.73, 0.86]   
14                                  0.795404                [0.73, 0.86]   
15                                  0.800744                [0.73, 0.86]   
16                                  0.753220                [0.68, 0.83]   
17                                  0.811701                [0.75, 0.87]   
18                                  0.835062                [0.78, 0.89]   
19                                  0.728350                [0.65, 0.81]   
20                                  0.719261                 [0.64, 0.8]   
21                                  0.699878                [0.61, 0.78]   
22                                  0.786423                [0.71, 0.85]   
23                                  0.669156                [0.58, 0.76]   
24                                  0.818375                [0.76, 0.88]   
25                                  0.838926                [0.78, 0.89]   
26                                  0.772750                 [0.7, 0.84]   

    Transitivity Consistency Ratio (%)  
0                            86.060606  
1                            76.363636  
2                            86.666667  
3                            78.787879  
4                            73.939394  
5                            78.181818  
6                            78.787879  
7                            79.393939  
8                            86.060606  
9                            77.575758  
10                           85.454545  
11                           78.787879  
12                           76.363636  
13                           78.787879  
14                           76.969697  
15                           77.575758  
16                           78.181818  
17                           77.575758  
18                           77.575758  
19                           78.181818  
20                           80.000000  
21                           78.787879  
22                           76.363636  
23                           76.969697  
24                           78.787879  
25                           77.575758  
26                           77.575758  

Results have been saved to 'reliability_analysis.csv'
Author
10     3.673163
4     50.597344
7     59.109468
5     65.149858
3     77.030240
0     78.720265
6     83.620613
2     87.228293
1     87.235339
8     92.010105
9     96.293906
Name: Score, dtype: float64

Results have been saved to 'pagerank_results_balanced.csv'
Combined Results:
                                          Subcategory  \
0                                     Topic Relevance   
1                    Comprehensiveness of Information   
2                             Accuracy of Information   
3                        Innovativeness of Viewpoints   
4       Integration of Interdisciplinary Perspectives   
5                        Clarity of Logical Structure   
6               Reasonableness of Chapter Arrangement   
7              Quality of Introduction and Conclusion   
8              Accuracy and Completeness of Citations   
9              Timeliness and Relevance of References   
10   Avoidance of Plagiarism and Appropriate Citation   
11             Critical Analysis of Existing Research   
12   Proposal of New Research Directions or Questions   
13                Potential Contribution to the Field   
14             Clarity of Research Method Description   
15                    Rationality of Method Selection   
16                           Rigor of Research Design   
17               Inclusion of Latest Research Results   
18            Reflection of Current Research Hotspots   
19                     Fluency of Language Expression   
20    Appropriateness of Professional Terminology Use   
21                          Conciseness of Expression   
22  Practical Application Potential of Research Re...   
23                Feasibility of Proposed Suggestions   
24                             Logic of Argumentation   
25                   Multi-angle Analysis of Problems   
26  Identification and Discussion of Research Limi...   

    ICC (Intraclass Correlation Coefficient) ICC 95% Confidence Interval  \
0                                   0.639731                [0.54, 0.74]   
1                                   0.882084                [0.84, 0.92]   
2                                   0.386730                [0.29, 0.51]   
3                                   0.809980                [0.74, 0.87]   
4                                   0.797839                [0.73, 0.86]   
5                                   0.857238                  [0.8, 0.9]   
6                                   0.828051                [0.77, 0.88]   
7                                   0.793285                [0.72, 0.86]   
8                                   0.743460                [0.66, 0.82]   
9                                   0.812968                [0.75, 0.87]   
10                                  0.246570                [0.16, 0.36]   
11                                  0.841518                [0.78, 0.89]   
12                                  0.824845                [0.76, 0.88]   
13                                  0.800254                [0.73, 0.86]   
14                                  0.795404                [0.73, 0.86]   
15                                  0.800744                [0.73, 0.86]   
16                                  0.753220                [0.68, 0.83]   
17                                  0.811701                [0.75, 0.87]   
18                                  0.835062                [0.78, 0.89]   
19                                  0.728350                [0.65, 0.81]   
20                                  0.719261                 [0.64, 0.8]   
21                                  0.699878                [0.61, 0.78]   
22                                  0.786423                [0.71, 0.85]   
23                                  0.669156                [0.58, 0.76]   
24                                  0.818375                [0.76, 0.88]   
25                                  0.838926                [0.78, 0.89]   
26                                  0.772750                 [0.7, 0.84]   

    Transitivity Consistency Ratio (%)  
0                            86.060606  
1                            76.363636  
2                            86.666667  
3                            78.787879  
4                            73.939394  
5                            78.181818  
6                            78.787879  
7                            79.393939  
8                            86.060606  
9                            77.575758  
10                           85.454545  
11                           78.787879  
12                           76.363636  
13                           78.787879  
14                           76.969697  
15                           77.575758  
16                           78.181818  
17                           77.575758  
18                           77.575758  
19                           78.181818  
20                           80.000000  
21                           78.787879  
22                           76.363636  
23                           76.969697  
24                           78.787879  
25                           77.575758  
26                           77.575758  

Results have been saved to 'reliability_analysis.csv'
Author
10     0.000000
4     51.805349
7     60.131928
5     67.594396
3     78.410596
0     81.917483
6     87.351485
1     89.474008
2     90.548215
8     94.743217
9     99.860463
Name: Score, dtype: float64

Results have been saved to 'pagerank_results_balanced.csv'
Combined Results:
                                          Subcategory  \
0                                     Topic Relevance   
1                    Comprehensiveness of Information   
2                             Accuracy of Information   
3                        Innovativeness of Viewpoints   
4       Integration of Interdisciplinary Perspectives   
5                        Clarity of Logical Structure   
6               Reasonableness of Chapter Arrangement   
7              Quality of Introduction and Conclusion   
8              Accuracy and Completeness of Citations   
9              Timeliness and Relevance of References   
10   Avoidance of Plagiarism and Appropriate Citation   
11             Critical Analysis of Existing Research   
12   Proposal of New Research Directions or Questions   
13                Potential Contribution to the Field   
14             Clarity of Research Method Description   
15                    Rationality of Method Selection   
16                           Rigor of Research Design   
17               Inclusion of Latest Research Results   
18            Reflection of Current Research Hotspots   
19                     Fluency of Language Expression   
20    Appropriateness of Professional Terminology Use   
21                          Conciseness of Expression   
22  Practical Application Potential of Research Re...   
23                Feasibility of Proposed Suggestions   
24                             Logic of Argumentation   
25                   Multi-angle Analysis of Problems   
26  Identification and Discussion of Research Limi...   

    ICC (Intraclass Correlation Coefficient) ICC 95% Confidence Interval  \
0                                   0.639731                [0.54, 0.74]   
1                                   0.882084                [0.84, 0.92]   
2                                   0.386730                [0.29, 0.51]   
3                                   0.809980                [0.74, 0.87]   
4                                   0.797839                [0.73, 0.86]   
5                                   0.857238                  [0.8, 0.9]   
6                                   0.828051                [0.77, 0.88]   
7                                   0.793285                [0.72, 0.86]   
8                                   0.743460                [0.66, 0.82]   
9                                   0.812968                [0.75, 0.87]   
10                                  0.246570                [0.16, 0.36]   
11                                  0.841518                [0.78, 0.89]   
12                                  0.824845                [0.76, 0.88]   
13                                  0.800254                [0.73, 0.86]   
14                                  0.795404                [0.73, 0.86]   
15                                  0.800744                [0.73, 0.86]   
16                                  0.753220                [0.68, 0.83]   
17                                  0.811701                [0.75, 0.87]   
18                                  0.835062                [0.78, 0.89]   
19                                  0.728350                [0.65, 0.81]   
20                                  0.719261                 [0.64, 0.8]   
21                                  0.699878                [0.61, 0.78]   
22                                  0.786423                [0.71, 0.85]   
23                                  0.669156                [0.58, 0.76]   
24                                  0.818375                [0.76, 0.88]   
25                                  0.838926                [0.78, 0.89]   
26                                  0.772750                 [0.7, 0.84]   

    Transitivity Consistency Ratio (%)  
0                            32.352941  
1                            76.363636  
2                            24.137931  
3                            78.787879  
4                            73.939394  
5                            78.181818  
6                            78.787879  
7                            79.393939  
8                            47.727273  
9                            77.575758  
10                           29.411765  
11                           78.787879  
12                           75.625000  
13                           78.787879  
14                           76.969697  
15                           77.575758  
16                           78.181818  
17                           77.575758  
18                           77.575758  
19                           78.181818  
20                           80.000000  
21                           78.787879  
22                           76.363636  
23                           75.796178  
24                           78.787879  
25                           77.575758  
26                           77.575758  

Results have been saved to 'reliability_analysis.csv'
Author
10     0.000000
4     51.805349
7     60.131928
5     67.594396
3     78.410596
0     81.917483
6     87.351485
1     89.474008
2     90.548215
8     94.743217
9     99.860463
Name: Score, dtype: float64

Results have been saved to 'pagerank_results_balanced.csv'
Combined Results:
                                          Subcategory  \
0                                     Topic Relevance   
1                    Comprehensiveness of Information   
2                             Accuracy of Information   
3                        Innovativeness of Viewpoints   
4       Integration of Interdisciplinary Perspectives   
5                        Clarity of Logical Structure   
6               Reasonableness of Chapter Arrangement   
7              Quality of Introduction and Conclusion   
8              Accuracy and Completeness of Citations   
9              Timeliness and Relevance of References   
10   Avoidance of Plagiarism and Appropriate Citation   
11             Critical Analysis of Existing Research   
12   Proposal of New Research Directions or Questions   
13                Potential Contribution to the Field   
14             Clarity of Research Method Description   
15                    Rationality of Method Selection   
16                           Rigor of Research Design   
17               Inclusion of Latest Research Results   
18            Reflection of Current Research Hotspots   
19                     Fluency of Language Expression   
20    Appropriateness of Professional Terminology Use   
21                          Conciseness of Expression   
22  Practical Application Potential of Research Re...   
23                Feasibility of Proposed Suggestions   
24                             Logic of Argumentation   
25                   Multi-angle Analysis of Problems   
26  Identification and Discussion of Research Limi...   

    ICC (Intraclass Correlation Coefficient) ICC 95% Confidence Interval  \
0                                   0.639731                [0.54, 0.74]   
1                                   0.882084                [0.84, 0.92]   
2                                   0.386730                [0.29, 0.51]   
3                                   0.809980                [0.74, 0.87]   
4                                   0.797839                [0.73, 0.86]   
5                                   0.857238                  [0.8, 0.9]   
6                                   0.828051                [0.77, 0.88]   
7                                   0.793285                [0.72, 0.86]   
8                                   0.743460                [0.66, 0.82]   
9                                   0.812968                [0.75, 0.87]   
10                                  0.246570                [0.16, 0.36]   
11                                  0.841518                [0.78, 0.89]   
12                                  0.824845                [0.76, 0.88]   
13                                  0.800254                [0.73, 0.86]   
14                                  0.795404                [0.73, 0.86]   
15                                  0.800744                [0.73, 0.86]   
16                                  0.753220                [0.68, 0.83]   
17                                  0.811701                [0.75, 0.87]   
18                                  0.835062                [0.78, 0.89]   
19                                  0.728350                [0.65, 0.81]   
20                                  0.719261                 [0.64, 0.8]   
21                                  0.699878                [0.61, 0.78]   
22                                  0.786423                [0.71, 0.85]   
23                                  0.669156                [0.58, 0.76]   
24                                  0.818375                [0.76, 0.88]   
25                                  0.838926                [0.78, 0.89]   
26                                  0.772750                 [0.7, 0.84]   

    Transitivity Consistency Ratio (%)  
0                            32.352941  
1                            76.363636  
2                            24.137931  
3                            78.787879  
4                            73.939394  
5                            78.181818  
6                            78.787879  
7                            79.393939  
8                            47.727273  
9                            77.575758  
10                           29.411765  
11                           78.787879  
12                           75.625000  
13                           78.787879  
14                           76.969697  
15                           77.575758  
16                           78.181818  
17                           77.575758  
18                           77.575758  
19                           78.181818  
20                           80.000000  
21                           78.787879  
22                           76.363636  
23                           75.796178  
24                           78.787879  
25                           77.575758  
26                           77.575758  

Results have been saved to 'reliability_analysis.csv'
