Author
10     0.173532
6      5.947142
2     17.324635
8     22.131748
5     23.561402
3     56.643971
1     64.664496
7     67.764532
4     68.630323
0     80.540568
9     99.984484
Name: Score, dtype: float64

Results have been saved to 'pagerank_results_balanced.csv'
Combined Results:
                                          Subcategory  \
0                                     Topic Relevance   
1                    Comprehensiveness of Information   
2                             Accuracy of Information   
3                        Innovativeness of Viewpoints   
4       Integration of Interdisciplinary Perspectives   
5                        Clarity of Logical Structure   
6               Reasonableness of Chapter Arrangement   
7              Quality of Introduction and Conclusion   
8              Accuracy and Completeness of Citations   
9              Timeliness and Relevance of References   
10   Avoidance of Plagiarism and Appropriate Citation   
11             Critical Analysis of Existing Research   
12   Proposal of New Research Directions or Questions   
13                Potential Contribution to the Field   
14             Clarity of Research Method Description   
15                    Rationality of Method Selection   
16                           Rigor of Research Design   
17               Inclusion of Latest Research Results   
18            Reflection of Current Research Hotspots   
19                     Fluency of Language Expression   
20    Appropriateness of Professional Terminology Use   
21                          Conciseness of Expression   
22  Practical Application Potential of Research Re...   
23                Feasibility of Proposed Suggestions   
24                             Logic of Argumentation   
25                   Multi-angle Analysis of Problems   
26  Identification and Discussion of Research Limi...   

    ICC (Intraclass Correlation Coefficient) ICC 95% Confidence Interval  \
0                                   0.444677                [0.34, 0.56]   
1                                   0.843358                 [0.78, 0.9]   
2                                   0.503900                 [0.4, 0.62]   
3                                   0.746368                [0.65, 0.83]   
4                                   0.824019                [0.76, 0.88]   
5                                   0.771457                [0.69, 0.84]   
6                                   0.766079                [0.69, 0.84]   
7                                   0.678127                [0.59, 0.77]   
8                                   0.698035                [0.61, 0.78]   
9                                   0.774072                 [0.7, 0.84]   
10                                  0.323804                [0.23, 0.44]   
11                                  0.756904                [0.67, 0.83]   
12                                  0.670710                [0.58, 0.76]   
13                                  0.747789                [0.66, 0.82]   
14                                  0.748257                [0.66, 0.83]   
15                                  0.768281                [0.69, 0.84]   
16                                  0.743296                [0.66, 0.82]   
17                                  0.774100                 [0.7, 0.84]   
18                                  0.776765                 [0.7, 0.85]   
19                                  0.650544                [0.56, 0.75]   
20                                  0.667110                [0.57, 0.76]   
21                                  0.561952                [0.46, 0.67]   
22                                  0.737297                [0.65, 0.82]   
23                                  0.643615                [0.55, 0.74]   
24                                  0.754911                [0.67, 0.83]   
25                                  0.777403                 [0.7, 0.85]   
26                                  0.748366                [0.66, 0.82]   

    Transitivity Consistency Ratio (%)  
0                            87.272727  
1                            76.969697  
2                            83.636364  
3                            79.393939  
4                            79.393939  
5                            77.575758  
6                            77.575758  
7                            79.393939  
8                            86.060606  
9                            78.181818  
10                           86.060606  
11                           77.575758  
12                           78.181818  
13                           78.181818  
14                           78.181818  
15                           77.575758  
16                           77.575758  
17                           77.575758  
18                           77.575758  
19                           77.575758  
20                           77.575758  
21                           81.818182  
22                           78.181818  
23                           75.757576  
24                           77.575758  
25                           77.575758  
26                           77.575758  

Results have been saved to 'reliability_analysis.csv'
Author
10     0.173532
6      5.947142
2     17.324635
8     22.131748
5     23.561402
3     56.643971
1     64.664496
7     67.764532
4     68.630323
0     80.540568
9     99.984484
Name: Score, dtype: float64

Results have been saved to 'pagerank_results_balanced.csv'
Combined Results:
                                          Subcategory  \
0                                     Topic Relevance   
1                    Comprehensiveness of Information   
2                             Accuracy of Information   
3                        Innovativeness of Viewpoints   
4       Integration of Interdisciplinary Perspectives   
5                        Clarity of Logical Structure   
6               Reasonableness of Chapter Arrangement   
7              Quality of Introduction and Conclusion   
8              Accuracy and Completeness of Citations   
9              Timeliness and Relevance of References   
10   Avoidance of Plagiarism and Appropriate Citation   
11             Critical Analysis of Existing Research   
12   Proposal of New Research Directions or Questions   
13                Potential Contribution to the Field   
14             Clarity of Research Method Description   
15                    Rationality of Method Selection   
16                           Rigor of Research Design   
17               Inclusion of Latest Research Results   
18            Reflection of Current Research Hotspots   
19                     Fluency of Language Expression   
20    Appropriateness of Professional Terminology Use   
21                          Conciseness of Expression   
22  Practical Application Potential of Research Re...   
23                Feasibility of Proposed Suggestions   
24                             Logic of Argumentation   
25                   Multi-angle Analysis of Problems   
26  Identification and Discussion of Research Limi...   

    ICC (Intraclass Correlation Coefficient) ICC 95% Confidence Interval  \
0                                   0.444677                [0.34, 0.56]   
1                                   0.843358                 [0.78, 0.9]   
2                                   0.503900                 [0.4, 0.62]   
3                                   0.746368                [0.65, 0.83]   
4                                   0.824019                [0.76, 0.88]   
5                                   0.771457                [0.69, 0.84]   
6                                   0.766079                [0.69, 0.84]   
7                                   0.678127                [0.59, 0.77]   
8                                   0.698035                [0.61, 0.78]   
9                                   0.774072                 [0.7, 0.84]   
10                                  0.323804                [0.23, 0.44]   
11                                  0.756904                [0.67, 0.83]   
12                                  0.670710                [0.58, 0.76]   
13                                  0.747789                [0.66, 0.82]   
14                                  0.748257                [0.66, 0.83]   
15                                  0.768281                [0.69, 0.84]   
16                                  0.743296                [0.66, 0.82]   
17                                  0.774100                 [0.7, 0.84]   
18                                  0.776765                 [0.7, 0.85]   
19                                  0.650544                [0.56, 0.75]   
20                                  0.667110                [0.57, 0.76]   
21                                  0.561952                [0.46, 0.67]   
22                                  0.737297                [0.65, 0.82]   
23                                  0.643615                [0.55, 0.74]   
24                                  0.754911                [0.67, 0.83]   
25                                  0.777403                 [0.7, 0.85]   
26                                  0.748366                [0.66, 0.82]   

    Transitivity Consistency Ratio (%)  
0                            87.272727  
1                            76.969697  
2                            83.636364  
3                            79.393939  
4                            79.393939  
5                            77.575758  
6                            77.575758  
7                            79.393939  
8                            86.060606  
9                            78.181818  
10                           86.060606  
11                           77.575758  
12                           78.181818  
13                           78.181818  
14                           78.181818  
15                           77.575758  
16                           77.575758  
17                           77.575758  
18                           77.575758  
19                           77.575758  
20                           77.575758  
21                           81.818182  
22                           78.181818  
23                           75.757576  
24                           77.575758  
25                           77.575758  
26                           77.575758  

Results have been saved to 'reliability_analysis.csv'
Author
10     0.172007
6      5.222938
2     15.037645
8     19.997456
5     22.148456
3     57.227011
4     64.025320
7     66.327062
1     66.455188
0     78.843820
9     99.990572
Name: Score, dtype: float64

Results have been saved to 'pagerank_results_balanced.csv'
Combined Results:
                                          Subcategory  \
0                                     Topic Relevance   
1                    Comprehensiveness of Information   
2                             Accuracy of Information   
3                        Innovativeness of Viewpoints   
4       Integration of Interdisciplinary Perspectives   
5                        Clarity of Logical Structure   
6               Reasonableness of Chapter Arrangement   
7              Quality of Introduction and Conclusion   
8              Accuracy and Completeness of Citations   
9              Timeliness and Relevance of References   
10   Avoidance of Plagiarism and Appropriate Citation   
11             Critical Analysis of Existing Research   
12   Proposal of New Research Directions or Questions   
13                Potential Contribution to the Field   
14             Clarity of Research Method Description   
15                    Rationality of Method Selection   
16                           Rigor of Research Design   
17               Inclusion of Latest Research Results   
18            Reflection of Current Research Hotspots   
19                     Fluency of Language Expression   
20    Appropriateness of Professional Terminology Use   
21                          Conciseness of Expression   
22  Practical Application Potential of Research Re...   
23                Feasibility of Proposed Suggestions   
24                             Logic of Argumentation   
25                   Multi-angle Analysis of Problems   
26  Identification and Discussion of Research Limi...   

    ICC (Intraclass Correlation Coefficient) ICC 95% Confidence Interval  \
0                                   0.444677                [0.34, 0.56]   
1                                   0.843358                 [0.78, 0.9]   
2                                   0.503900                 [0.4, 0.62]   
3                                   0.746368                [0.65, 0.83]   
4                                   0.824019                [0.76, 0.88]   
5                                   0.771457                [0.69, 0.84]   
6                                   0.766079                [0.69, 0.84]   
7                                   0.678127                [0.59, 0.77]   
8                                   0.698035                [0.61, 0.78]   
9                                   0.774072                 [0.7, 0.84]   
10                                  0.323804                [0.23, 0.44]   
11                                  0.756904                [0.67, 0.83]   
12                                  0.670710                [0.58, 0.76]   
13                                  0.747789                [0.66, 0.82]   
14                                  0.748257                [0.66, 0.83]   
15                                  0.768281                [0.69, 0.84]   
16                                  0.743296                [0.66, 0.82]   
17                                  0.774100                 [0.7, 0.84]   
18                                  0.776765                 [0.7, 0.85]   
19                                  0.650544                [0.56, 0.75]   
20                                  0.667110                [0.57, 0.76]   
21                                  0.561952                [0.46, 0.67]   
22                                  0.737297                [0.65, 0.82]   
23                                  0.643615                [0.55, 0.74]   
24                                  0.754911                [0.67, 0.83]   
25                                  0.777403                 [0.7, 0.85]   
26                                  0.748366                [0.66, 0.82]   

    Transitivity Consistency Ratio (%)  
0                            54.347826  
1                            75.949367  
2                            48.076923  
3                            79.393939  
4                            78.205128  
5                            76.582278  
6                            77.575758  
7                            79.393939  
8                            61.666667  
9                            77.070064  
10                           54.901961  
11                           77.575758  
12                           78.181818  
13                           78.181818  
14                           76.000000  
15                           77.575758  
16                           77.575758  
17                           77.575758  
18                           77.575758  
19                           76.582278  
20                           76.433121  
21                           80.769231  
22                           78.181818  
23                           75.757576  
24                           77.575758  
25                           77.575758  
26                           77.575758  

Results have been saved to 'reliability_analysis.csv'
Author
10     0.172007
6      5.222938
2     15.037645
8     19.997456
5     22.148456
3     57.227011
4     64.025320
7     66.327062
1     66.455188
0     78.843820
9     99.990572
Name: Score, dtype: float64

Results have been saved to 'pagerank_results_balanced.csv'
Combined Results:
                                          Subcategory  \
0                                     Topic Relevance   
1                    Comprehensiveness of Information   
2                             Accuracy of Information   
3                        Innovativeness of Viewpoints   
4       Integration of Interdisciplinary Perspectives   
5                        Clarity of Logical Structure   
6               Reasonableness of Chapter Arrangement   
7              Quality of Introduction and Conclusion   
8              Accuracy and Completeness of Citations   
9              Timeliness and Relevance of References   
10   Avoidance of Plagiarism and Appropriate Citation   
11             Critical Analysis of Existing Research   
12   Proposal of New Research Directions or Questions   
13                Potential Contribution to the Field   
14             Clarity of Research Method Description   
15                    Rationality of Method Selection   
16                           Rigor of Research Design   
17               Inclusion of Latest Research Results   
18            Reflection of Current Research Hotspots   
19                     Fluency of Language Expression   
20    Appropriateness of Professional Terminology Use   
21                          Conciseness of Expression   
22  Practical Application Potential of Research Re...   
23                Feasibility of Proposed Suggestions   
24                             Logic of Argumentation   
25                   Multi-angle Analysis of Problems   
26  Identification and Discussion of Research Limi...   

    ICC (Intraclass Correlation Coefficient) ICC 95% Confidence Interval  \
0                                   0.444677                [0.34, 0.56]   
1                                   0.843358                 [0.78, 0.9]   
2                                   0.503900                 [0.4, 0.62]   
3                                   0.746368                [0.65, 0.83]   
4                                   0.824019                [0.76, 0.88]   
5                                   0.771457                [0.69, 0.84]   
6                                   0.766079                [0.69, 0.84]   
7                                   0.678127                [0.59, 0.77]   
8                                   0.698035                [0.61, 0.78]   
9                                   0.774072                 [0.7, 0.84]   
10                                  0.323804                [0.23, 0.44]   
11                                  0.756904                [0.67, 0.83]   
12                                  0.670710                [0.58, 0.76]   
13                                  0.747789                [0.66, 0.82]   
14                                  0.748257                [0.66, 0.83]   
15                                  0.768281                [0.69, 0.84]   
16                                  0.743296                [0.66, 0.82]   
17                                  0.774100                 [0.7, 0.84]   
18                                  0.776765                 [0.7, 0.85]   
19                                  0.650544                [0.56, 0.75]   
20                                  0.667110                [0.57, 0.76]   
21                                  0.561952                [0.46, 0.67]   
22                                  0.737297                [0.65, 0.82]   
23                                  0.643615                [0.55, 0.74]   
24                                  0.754911                [0.67, 0.83]   
25                                  0.777403                 [0.7, 0.85]   
26                                  0.748366                [0.66, 0.82]   

    Transitivity Consistency Ratio (%)  
0                            54.347826  
1                            75.949367  
2                            48.076923  
3                            79.393939  
4                            78.205128  
5                            76.582278  
6                            77.575758  
7                            79.393939  
8                            61.666667  
9                            77.070064  
10                           54.901961  
11                           77.575758  
12                           78.181818  
13                           78.181818  
14                           76.000000  
15                           77.575758  
16                           77.575758  
17                           77.575758  
18                           77.575758  
19                           76.582278  
20                           76.433121  
21                           80.769231  
22                           78.181818  
23                           75.757576  
24                           77.575758  
25                           77.575758  
26                           77.575758  

Results have been saved to 'reliability_analysis.csv'
