Author
10     0.305464
7      2.501950
0      5.337823
5     11.649657
6     14.217416
2     22.194641
8     33.845500
1     67.153971
3     77.274260
4     79.459386
9     99.712724
Name: Score, dtype: float64

Results have been saved to 'pagerank_results_balanced.csv'
Combined Results:
                                          Subcategory  \
0                                     Topic Relevance   
1                    Comprehensiveness of Information   
2                             Accuracy of Information   
3                        Innovativeness of Viewpoints   
4       Integration of Interdisciplinary Perspectives   
5                        Clarity of Logical Structure   
6               Reasonableness of Chapter Arrangement   
7              Quality of Introduction and Conclusion   
8              Accuracy and Completeness of Citations   
9              Timeliness and Relevance of References   
10   Avoidance of Plagiarism and Appropriate Citation   
11             Critical Analysis of Existing Research   
12   Proposal of New Research Directions or Questions   
13                Potential Contribution to the Field   
14             Clarity of Research Method Description   
15                    Rationality of Method Selection   
16                           Rigor of Research Design   
17               Inclusion of Latest Research Results   
18            Reflection of Current Research Hotspots   
19                     Fluency of Language Expression   
20    Appropriateness of Professional Terminology Use   
21                          Conciseness of Expression   
22  Practical Application Potential of Research Re...   
23                Feasibility of Proposed Suggestions   
24                             Logic of Argumentation   
25                   Multi-angle Analysis of Problems   
26  Identification and Discussion of Research Limi...   

    ICC (Intraclass Correlation Coefficient) ICC 95% Confidence Interval  \
0                                   0.412847                [0.31, 0.53]   
1                                   0.798053                [0.73, 0.86]   
2                                   0.374958                [0.28, 0.49]   
3                                   0.733992                [0.65, 0.81]   
4                                   0.634441                [0.54, 0.73]   
5                                   0.731959                [0.65, 0.81]   
6                                   0.714110                 [0.63, 0.8]   
7                                   0.673775                [0.58, 0.76]   
8                                   0.451257                [0.35, 0.57]   
9                                   0.651047                [0.56, 0.75]   
10                                  0.231261                [0.15, 0.34]   
11                                  0.746728                [0.67, 0.82]   
12                                  0.707002                [0.62, 0.79]   
13                                  0.734717                [0.65, 0.81]   
14                                  0.648106                [0.55, 0.74]   
15                                  0.675978                [0.59, 0.77]   
16                                  0.672635                [0.58, 0.76]   
17                                  0.657979                [0.57, 0.75]   
18                                  0.652616                [0.56, 0.75]   
19                                  0.650692                [0.56, 0.75]   
20                                  0.674260                [0.58, 0.76]   
21                                  0.633097                [0.54, 0.73]   
22                                  0.692462                 [0.6, 0.78]   
23                                  0.689608                 [0.6, 0.78]   
24                                  0.696908                [0.61, 0.78]   
25                                  0.689713                 [0.6, 0.78]   
26                                  0.666700                [0.58, 0.76]   

    Transitivity Consistency Ratio (%)  
0                            83.030303  
1                            75.151515  
2                            89.090909  
3                            73.333333  
4                            77.575758  
5                            76.969697  
6                            76.363636  
7                            76.363636  
8                            76.969697  
9                            76.969697  
10                           86.666667  
11                           75.151515  
12                           73.333333  
13                           76.969697  
14                           75.757576  
15                           74.545455  
16                           73.333333  
17                           76.969697  
18                           77.575758  
19                           76.969697  
20                           73.333333  
21                           76.969697  
22                           75.151515  
23                           75.151515  
24                           76.363636  
25                           80.000000  
26                           75.151515  

Results have been saved to 'reliability_analysis.csv'
Author
10     0.244554
7      1.887444
0      5.187045
5     10.525178
6     12.879392
2     20.909438
8     30.619931
1     67.818683
3     75.752599
4     81.803620
9     99.711569
Name: Score, dtype: float64

Results have been saved to 'pagerank_results_balanced.csv'
Combined Results:
                                          Subcategory  \
0                                     Topic Relevance   
1                    Comprehensiveness of Information   
2                             Accuracy of Information   
3                        Innovativeness of Viewpoints   
4       Integration of Interdisciplinary Perspectives   
5                        Clarity of Logical Structure   
6               Reasonableness of Chapter Arrangement   
7              Quality of Introduction and Conclusion   
8              Accuracy and Completeness of Citations   
9              Timeliness and Relevance of References   
10   Avoidance of Plagiarism and Appropriate Citation   
11             Critical Analysis of Existing Research   
12   Proposal of New Research Directions or Questions   
13                Potential Contribution to the Field   
14             Clarity of Research Method Description   
15                    Rationality of Method Selection   
16                           Rigor of Research Design   
17               Inclusion of Latest Research Results   
18            Reflection of Current Research Hotspots   
19                     Fluency of Language Expression   
20    Appropriateness of Professional Terminology Use   
21                          Conciseness of Expression   
22  Practical Application Potential of Research Re...   
23                Feasibility of Proposed Suggestions   
24                             Logic of Argumentation   
25                   Multi-angle Analysis of Problems   
26  Identification and Discussion of Research Limi...   

    ICC (Intraclass Correlation Coefficient) ICC 95% Confidence Interval  \
0                                   0.412847                [0.31, 0.53]   
1                                   0.798053                [0.73, 0.86]   
2                                   0.374958                [0.28, 0.49]   
3                                   0.733992                [0.65, 0.81]   
4                                   0.634441                [0.54, 0.73]   
5                                   0.731959                [0.65, 0.81]   
6                                   0.714110                 [0.63, 0.8]   
7                                   0.673775                [0.58, 0.76]   
8                                   0.451257                [0.35, 0.57]   
9                                   0.651047                [0.56, 0.75]   
10                                  0.231261                [0.15, 0.34]   
11                                  0.746728                [0.67, 0.82]   
12                                  0.707002                [0.62, 0.79]   
13                                  0.734717                [0.65, 0.81]   
14                                  0.648106                [0.55, 0.74]   
15                                  0.675978                [0.59, 0.77]   
16                                  0.672635                [0.58, 0.76]   
17                                  0.657979                [0.57, 0.75]   
18                                  0.652616                [0.56, 0.75]   
19                                  0.650692                [0.56, 0.75]   
20                                  0.674260                [0.58, 0.76]   
21                                  0.633097                [0.54, 0.73]   
22                                  0.692462                 [0.6, 0.78]   
23                                  0.689608                 [0.6, 0.78]   
24                                  0.696908                [0.61, 0.78]   
25                                  0.689713                 [0.6, 0.78]   
26                                  0.666700                [0.58, 0.76]   

    Transitivity Consistency Ratio (%)  
0                            56.250000  
1                            75.151515  
2                            33.333333  
3                            73.333333  
4                            77.575758  
5                            76.969697  
6                            76.363636  
7                            76.363636  
8                            46.478873  
9                            76.969697  
10                           29.032258  
11                           75.151515  
12                           73.333333  
13                           76.969697  
14                           75.757576  
15                           73.248408  
16                           73.333333  
17                           76.969697  
18                           77.575758  
19                           76.969697  
20                           73.333333  
21                           76.969697  
22                           75.151515  
23                           75.151515  
24                           76.363636  
25                           78.980892  
26                           75.151515  

Results have been saved to 'reliability_analysis.csv'
Author
10     0.244554
7      1.887444
0      5.187045
5     10.525178
6     12.879392
2     20.909438
8     30.619931
1     67.818683
3     75.752599
4     81.803620
9     99.711569
Name: Score, dtype: float64

Results have been saved to 'pagerank_results_balanced.csv'
Combined Results:
                                          Subcategory  \
0                                     Topic Relevance   
1                    Comprehensiveness of Information   
2                             Accuracy of Information   
3                        Innovativeness of Viewpoints   
4       Integration of Interdisciplinary Perspectives   
5                        Clarity of Logical Structure   
6               Reasonableness of Chapter Arrangement   
7              Quality of Introduction and Conclusion   
8              Accuracy and Completeness of Citations   
9              Timeliness and Relevance of References   
10   Avoidance of Plagiarism and Appropriate Citation   
11             Critical Analysis of Existing Research   
12   Proposal of New Research Directions or Questions   
13                Potential Contribution to the Field   
14             Clarity of Research Method Description   
15                    Rationality of Method Selection   
16                           Rigor of Research Design   
17               Inclusion of Latest Research Results   
18            Reflection of Current Research Hotspots   
19                     Fluency of Language Expression   
20    Appropriateness of Professional Terminology Use   
21                          Conciseness of Expression   
22  Practical Application Potential of Research Re...   
23                Feasibility of Proposed Suggestions   
24                             Logic of Argumentation   
25                   Multi-angle Analysis of Problems   
26  Identification and Discussion of Research Limi...   

    ICC (Intraclass Correlation Coefficient) ICC 95% Confidence Interval  \
0                                   0.412847                [0.31, 0.53]   
1                                   0.798053                [0.73, 0.86]   
2                                   0.374958                [0.28, 0.49]   
3                                   0.733992                [0.65, 0.81]   
4                                   0.634441                [0.54, 0.73]   
5                                   0.731959                [0.65, 0.81]   
6                                   0.714110                 [0.63, 0.8]   
7                                   0.673775                [0.58, 0.76]   
8                                   0.451257                [0.35, 0.57]   
9                                   0.651047                [0.56, 0.75]   
10                                  0.231261                [0.15, 0.34]   
11                                  0.746728                [0.67, 0.82]   
12                                  0.707002                [0.62, 0.79]   
13                                  0.734717                [0.65, 0.81]   
14                                  0.648106                [0.55, 0.74]   
15                                  0.675978                [0.59, 0.77]   
16                                  0.672635                [0.58, 0.76]   
17                                  0.657979                [0.57, 0.75]   
18                                  0.652616                [0.56, 0.75]   
19                                  0.650692                [0.56, 0.75]   
20                                  0.674260                [0.58, 0.76]   
21                                  0.633097                [0.54, 0.73]   
22                                  0.692462                 [0.6, 0.78]   
23                                  0.689608                 [0.6, 0.78]   
24                                  0.696908                [0.61, 0.78]   
25                                  0.689713                 [0.6, 0.78]   
26                                  0.666700                [0.58, 0.76]   

    Transitivity Consistency Ratio (%)  
0                            56.250000  
1                            75.151515  
2                            33.333333  
3                            73.333333  
4                            77.575758  
5                            76.969697  
6                            76.363636  
7                            76.363636  
8                            46.478873  
9                            76.969697  
10                           29.032258  
11                           75.151515  
12                           73.333333  
13                           76.969697  
14                           75.757576  
15                           73.248408  
16                           73.333333  
17                           76.969697  
18                           77.575758  
19                           76.969697  
20                           73.333333  
21                           76.969697  
22                           75.151515  
23                           75.151515  
24                           76.363636  
25                           78.980892  
26                           75.151515  

Results have been saved to 'reliability_analysis.csv'
