Author
10     1.296086
5      5.131668
1      9.423866
3     12.428207
8     35.085618
6     39.988254
9     76.389042
7     78.348184
0     78.935906
4     80.024863
2     98.360596
Name: Score, dtype: float64

Results have been saved to 'pagerank_results_balanced.csv'
Combined Results:
                                          Subcategory  \
0                                     Topic Relevance   
1                    Comprehensiveness of Information   
2                             Accuracy of Information   
3                        Innovativeness of Viewpoints   
4       Integration of Interdisciplinary Perspectives   
5                        Clarity of Logical Structure   
6               Reasonableness of Chapter Arrangement   
7              Quality of Introduction and Conclusion   
8              Accuracy and Completeness of Citations   
9              Timeliness and Relevance of References   
10   Avoidance of Plagiarism and Appropriate Citation   
11             Critical Analysis of Existing Research   
12   Proposal of New Research Directions or Questions   
13                Potential Contribution to the Field   
14             Clarity of Research Method Description   
15                    Rationality of Method Selection   
16                           Rigor of Research Design   
17               Inclusion of Latest Research Results   
18            Reflection of Current Research Hotspots   
19                     Fluency of Language Expression   
20    Appropriateness of Professional Terminology Use   
21                          Conciseness of Expression   
22  Practical Application Potential of Research Re...   
23                Feasibility of Proposed Suggestions   
24                             Logic of Argumentation   
25                   Multi-angle Analysis of Problems   
26  Identification and Discussion of Research Limi...   

    ICC (Intraclass Correlation Coefficient) ICC 95% Confidence Interval  \
0                                   0.360522                [0.26, 0.48]   
1                                   0.731410                [0.65, 0.81]   
2                                   0.256335                [0.17, 0.37]   
3                                   0.715170                 [0.63, 0.8]   
4                                   0.616350                [0.52, 0.72]   
5                                   0.617777                [0.52, 0.72]   
6                                   0.631940                [0.54, 0.73]   
7                                   0.557351                [0.46, 0.67]   
8                                   0.471065                [0.37, 0.59]   
9                                   0.565238                [0.46, 0.67]   
10                                  0.298314                [0.21, 0.42]   
11                                  0.669561                [0.58, 0.76]   
12                                  0.689051                 [0.6, 0.78]   
13                                  0.660548                [0.57, 0.75]   
14                                  0.632417                [0.54, 0.73]   
15                                  0.663635                [0.57, 0.76]   
16                                  0.659508                [0.57, 0.75]   
17                                  0.557778                [0.46, 0.67]   
18                                  0.609709                [0.51, 0.71]   
19                                  0.541630                [0.44, 0.65]   
20                                  0.612866                [0.52, 0.71]   
21                                  0.552803                [0.45, 0.66]   
22                                  0.640693                [0.55, 0.74]   
23                                  0.620543                [0.52, 0.72]   
24                                  0.579601                [0.48, 0.69]   
25                                  0.631945                [0.54, 0.73]   
26                                  0.601817                  [0.5, 0.7]   

    Transitivity Consistency Ratio (%)  
0                            78.787879  
1                            80.606061  
2                            84.848485  
3                            80.000000  
4                            83.030303  
5                            76.969697  
6                            76.969697  
7                            76.363636  
8                            79.393939  
9                            84.242424  
10                           87.878788  
11                           79.393939  
12                           78.787879  
13                           77.575758  
14                           79.393939  
15                           79.393939  
16                           79.393939  
17                           84.242424  
18                           81.818182  
19                           80.000000  
20                           78.181818  
21                           77.575758  
22                           78.181818  
23                           78.181818  
24                           81.212121  
25                           84.242424  
26                           86.060606  

Results have been saved to 'reliability_analysis.csv'
Author
10     1.188867
5      6.661071
1      9.390176
3     12.009249
8     30.831577
6     37.407201
9     74.245559
0     77.344094
7     79.227776
4     80.721183
2     98.467910
Name: Score, dtype: float64

Results have been saved to 'pagerank_results_balanced.csv'
Combined Results:
                                          Subcategory  \
0                                     Topic Relevance   
1                    Comprehensiveness of Information   
2                             Accuracy of Information   
3                        Innovativeness of Viewpoints   
4       Integration of Interdisciplinary Perspectives   
5                        Clarity of Logical Structure   
6               Reasonableness of Chapter Arrangement   
7              Quality of Introduction and Conclusion   
8              Accuracy and Completeness of Citations   
9              Timeliness and Relevance of References   
10   Avoidance of Plagiarism and Appropriate Citation   
11             Critical Analysis of Existing Research   
12   Proposal of New Research Directions or Questions   
13                Potential Contribution to the Field   
14             Clarity of Research Method Description   
15                    Rationality of Method Selection   
16                           Rigor of Research Design   
17               Inclusion of Latest Research Results   
18            Reflection of Current Research Hotspots   
19                     Fluency of Language Expression   
20    Appropriateness of Professional Terminology Use   
21                          Conciseness of Expression   
22  Practical Application Potential of Research Re...   
23                Feasibility of Proposed Suggestions   
24                             Logic of Argumentation   
25                   Multi-angle Analysis of Problems   
26  Identification and Discussion of Research Limi...   

    ICC (Intraclass Correlation Coefficient) ICC 95% Confidence Interval  \
0                                   0.360522                [0.26, 0.48]   
1                                   0.731410                [0.65, 0.81]   
2                                   0.256335                [0.17, 0.37]   
3                                   0.715170                 [0.63, 0.8]   
4                                   0.616350                [0.52, 0.72]   
5                                   0.617777                [0.52, 0.72]   
6                                   0.631940                [0.54, 0.73]   
7                                   0.557351                [0.46, 0.67]   
8                                   0.471065                [0.37, 0.59]   
9                                   0.565238                [0.46, 0.67]   
10                                  0.298314                [0.21, 0.42]   
11                                  0.669561                [0.58, 0.76]   
12                                  0.689051                 [0.6, 0.78]   
13                                  0.660548                [0.57, 0.75]   
14                                  0.632417                [0.54, 0.73]   
15                                  0.663635                [0.57, 0.76]   
16                                  0.659508                [0.57, 0.75]   
17                                  0.557778                [0.46, 0.67]   
18                                  0.609709                [0.51, 0.71]   
19                                  0.541630                [0.44, 0.65]   
20                                  0.612866                [0.52, 0.71]   
21                                  0.552803                [0.45, 0.66]   
22                                  0.640693                [0.55, 0.74]   
23                                  0.620543                [0.52, 0.72]   
24                                  0.579601                [0.48, 0.69]   
25                                  0.631945                [0.54, 0.73]   
26                                  0.601817                  [0.5, 0.7]   

    Transitivity Consistency Ratio (%)  
0                            66.346154  
1                            80.606061  
2                            44.444444  
3                            80.000000  
4                            83.030303  
5                            76.969697  
6                            76.969697  
7                            76.363636  
8                            62.637363  
9                            83.544304  
10                           52.380952  
11                           79.393939  
12                           78.787879  
13                           77.575758  
14                           79.393939  
15                           79.393939  
16                           79.393939  
17                           83.544304  
18                           81.818182  
19                           78.980892  
20                           78.181818  
21                           76.582278  
22                           78.181818  
23                           78.181818  
24                           79.870130  
25                           84.242424  
26                           86.060606  

Results have been saved to 'reliability_analysis.csv'
Author
10     1.188867
5      6.661071
1      9.390176
3     12.009249
8     30.831577
6     37.407201
9     74.245559
0     77.344094
7     79.227776
4     80.721183
2     98.467910
Name: Score, dtype: float64

Results have been saved to 'pagerank_results_balanced.csv'
Combined Results:
                                          Subcategory  \
0                                     Topic Relevance   
1                    Comprehensiveness of Information   
2                             Accuracy of Information   
3                        Innovativeness of Viewpoints   
4       Integration of Interdisciplinary Perspectives   
5                        Clarity of Logical Structure   
6               Reasonableness of Chapter Arrangement   
7              Quality of Introduction and Conclusion   
8              Accuracy and Completeness of Citations   
9              Timeliness and Relevance of References   
10   Avoidance of Plagiarism and Appropriate Citation   
11             Critical Analysis of Existing Research   
12   Proposal of New Research Directions or Questions   
13                Potential Contribution to the Field   
14             Clarity of Research Method Description   
15                    Rationality of Method Selection   
16                           Rigor of Research Design   
17               Inclusion of Latest Research Results   
18            Reflection of Current Research Hotspots   
19                     Fluency of Language Expression   
20    Appropriateness of Professional Terminology Use   
21                          Conciseness of Expression   
22  Practical Application Potential of Research Re...   
23                Feasibility of Proposed Suggestions   
24                             Logic of Argumentation   
25                   Multi-angle Analysis of Problems   
26  Identification and Discussion of Research Limi...   

    ICC (Intraclass Correlation Coefficient) ICC 95% Confidence Interval  \
0                                   0.360522                [0.26, 0.48]   
1                                   0.731410                [0.65, 0.81]   
2                                   0.256335                [0.17, 0.37]   
3                                   0.715170                 [0.63, 0.8]   
4                                   0.616350                [0.52, 0.72]   
5                                   0.617777                [0.52, 0.72]   
6                                   0.631940                [0.54, 0.73]   
7                                   0.557351                [0.46, 0.67]   
8                                   0.471065                [0.37, 0.59]   
9                                   0.565238                [0.46, 0.67]   
10                                  0.298314                [0.21, 0.42]   
11                                  0.669561                [0.58, 0.76]   
12                                  0.689051                 [0.6, 0.78]   
13                                  0.660548                [0.57, 0.75]   
14                                  0.632417                [0.54, 0.73]   
15                                  0.663635                [0.57, 0.76]   
16                                  0.659508                [0.57, 0.75]   
17                                  0.557778                [0.46, 0.67]   
18                                  0.609709                [0.51, 0.71]   
19                                  0.541630                [0.44, 0.65]   
20                                  0.612866                [0.52, 0.71]   
21                                  0.552803                [0.45, 0.66]   
22                                  0.640693                [0.55, 0.74]   
23                                  0.620543                [0.52, 0.72]   
24                                  0.579601                [0.48, 0.69]   
25                                  0.631945                [0.54, 0.73]   
26                                  0.601817                  [0.5, 0.7]   

    Transitivity Consistency Ratio (%)  
0                            66.346154  
1                            80.606061  
2                            44.444444  
3                            80.000000  
4                            83.030303  
5                            76.969697  
6                            76.969697  
7                            76.363636  
8                            62.637363  
9                            83.544304  
10                           52.380952  
11                           79.393939  
12                           78.787879  
13                           77.575758  
14                           79.393939  
15                           79.393939  
16                           79.393939  
17                           83.544304  
18                           81.818182  
19                           78.980892  
20                           78.181818  
21                           76.582278  
22                           78.181818  
23                           78.181818  
24                           79.870130  
25                           84.242424  
26                           86.060606  

Results have been saved to 'reliability_analysis.csv'
