Author
5      2.603898
10     3.651793
3     10.802562
7     22.382428
8     36.080668
4     36.395864
6     40.522722
0     40.850559
2     69.357364
1     90.822010
9     99.883371
Name: Score, dtype: float64

Results have been saved to 'pagerank_results_balanced.csv'
Combined Results:
                                          Subcategory  \
0                                     Topic Relevance   
1                    Comprehensiveness of Information   
2                             Accuracy of Information   
3                        Innovativeness of Viewpoints   
4       Integration of Interdisciplinary Perspectives   
5                        Clarity of Logical Structure   
6               Reasonableness of Chapter Arrangement   
7              Quality of Introduction and Conclusion   
8              Accuracy and Completeness of Citations   
9              Timeliness and Relevance of References   
10   Avoidance of Plagiarism and Appropriate Citation   
11             Critical Analysis of Existing Research   
12   Proposal of New Research Directions or Questions   
13                Potential Contribution to the Field   
14             Clarity of Research Method Description   
15                    Rationality of Method Selection   
16                           Rigor of Research Design   
17               Inclusion of Latest Research Results   
18            Reflection of Current Research Hotspots   
19                     Fluency of Language Expression   
20    Appropriateness of Professional Terminology Use   
21                          Conciseness of Expression   
22  Practical Application Potential of Research Re...   
23                Feasibility of Proposed Suggestions   
24                             Logic of Argumentation   
25                   Multi-angle Analysis of Problems   
26  Identification and Discussion of Research Limi...   

    ICC (Intraclass Correlation Coefficient) ICC 95% Confidence Interval  \
0                                   0.534588                [0.43, 0.65]   
1                                   0.791632                [0.72, 0.86]   
2                                   0.565944                [0.47, 0.67]   
3                                   0.763706                [0.69, 0.83]   
4                                   0.778051                [0.71, 0.85]   
5                                   0.704252                [0.62, 0.79]   
6                                   0.688707                 [0.6, 0.78]   
7                                   0.553300                [0.45, 0.66]   
8                                   0.529154                [0.43, 0.64]   
9                                   0.673561                [0.58, 0.76]   
10                                  0.314009                [0.22, 0.43]   
11                                  0.769482                [0.69, 0.84]   
12                                  0.628220                [0.53, 0.73]   
13                                  0.758351                [0.68, 0.83]   
14                                  0.648786                [0.56, 0.74]   
15                                  0.661861                [0.57, 0.75]   
16                                  0.661753                [0.57, 0.75]   
17                                  0.682065                [0.59, 0.77]   
18                                  0.718497                 [0.63, 0.8]   
19                                  0.605569                [0.51, 0.71]   
20                                  0.659050                [0.57, 0.75]   
21                                  0.584818                [0.49, 0.69]   
22                                  0.589362                [0.49, 0.69]   
23                                  0.499954                 [0.4, 0.61]   
24                                  0.734441                [0.65, 0.81]   
25                                  0.726392                [0.64, 0.81]   
26                                  0.648423                [0.55, 0.74]   

    Transitivity Consistency Ratio (%)  
0                            73.939394  
1                            79.393939  
2                            76.969697  
3                            79.393939  
4                            74.545455  
5                            75.757576  
6                            78.181818  
7                            75.757576  
8                            78.181818  
9                            79.393939  
10                           75.757576  
11                           80.606061  
12                           77.575758  
13                           80.606061  
14                           76.363636  
15                           77.575758  
16                           76.363636  
17                           79.393939  
18                           75.151515  
19                           75.757576  
20                           74.545455  
21                           72.727273  
22                           78.787879  
23                           77.575758  
24                           73.939394  
25                           75.151515  
26                           75.151515  

Results have been saved to 'reliability_analysis.csv'
Author
10    18.520064
5     22.581437
3     38.091399
7     50.676139
8     60.217706
0     60.525120
4     61.266157
6     62.025998
2     73.614584
1     83.874746
9     90.521254
Name: Score, dtype: float64

Results have been saved to 'pagerank_results_balanced.csv'
Combined Results:
                                          Subcategory  \
0                                     Topic Relevance   
1                    Comprehensiveness of Information   
2                             Accuracy of Information   
3                        Innovativeness of Viewpoints   
4       Integration of Interdisciplinary Perspectives   
5                        Clarity of Logical Structure   
6               Reasonableness of Chapter Arrangement   
7              Quality of Introduction and Conclusion   
8              Accuracy and Completeness of Citations   
9              Timeliness and Relevance of References   
10   Avoidance of Plagiarism and Appropriate Citation   
11             Critical Analysis of Existing Research   
12   Proposal of New Research Directions or Questions   
13                Potential Contribution to the Field   
14             Clarity of Research Method Description   
15                    Rationality of Method Selection   
16                           Rigor of Research Design   
17               Inclusion of Latest Research Results   
18            Reflection of Current Research Hotspots   
19                     Fluency of Language Expression   
20    Appropriateness of Professional Terminology Use   
21                          Conciseness of Expression   
22  Practical Application Potential of Research Re...   
23                Feasibility of Proposed Suggestions   
24                             Logic of Argumentation   
25                   Multi-angle Analysis of Problems   
26  Identification and Discussion of Research Limi...   

    ICC (Intraclass Correlation Coefficient) ICC 95% Confidence Interval  \
0                                   0.642286                [0.54, 0.74]   
1                                   0.851925                 [0.79, 0.9]   
2                                   0.502031                 [0.4, 0.62]   
3                                   0.807456                [0.74, 0.87]   
4                                   0.830283                [0.77, 0.88]   
5                                   0.834559                [0.78, 0.89]   
6                                   0.828118                [0.77, 0.88]   
7                                   0.692670                 [0.6, 0.78]   
8                                   0.693621                [0.61, 0.78]   
9                                   0.741183                [0.66, 0.82]   
10                                  0.516824                [0.41, 0.63]   
11                                  0.828941                [0.76, 0.88]   
12                                  0.727180                [0.64, 0.81]   
13                                  0.803079                [0.73, 0.87]   
14                                  0.733627                [0.65, 0.81]   
15                                  0.739800                [0.66, 0.82]   
16                                  0.718784                 [0.63, 0.8]   
17                                  0.758426                [0.68, 0.83]   
18                                  0.787106                [0.72, 0.85]   
19                                  0.703078                [0.62, 0.79]   
20                                  0.677657                [0.59, 0.77]   
21                                  0.597921                  [0.5, 0.7]   
22                                  0.634860                [0.54, 0.73]   
23                                  0.581955                [0.48, 0.69]   
24                                  0.766245                [0.69, 0.84]   
25                                  0.791018                [0.72, 0.86]   
26                                  0.704136                [0.62, 0.79]   

    Transitivity Consistency Ratio (%)  
0                            75.757576  
1                            81.212121  
2                            76.969697  
3                            80.000000  
4                            76.363636  
5                            74.545455  
6                            76.969697  
7                            73.333333  
8                            78.181818  
9                            81.212121  
10                           76.969697  
11                           81.212121  
12                           78.181818  
13                           81.212121  
14                           76.969697  
15                           78.181818  
16                           76.969697  
17                           81.212121  
18                           76.969697  
19                           73.333333  
20                           75.757576  
21                           75.151515  
22                           79.393939  
23                           78.181818  
24                           76.363636  
25                           76.969697  
26                           76.969697  

Results have been saved to 'reliability_analysis.csv'
Author
10    18.520064
5     22.581437
3     38.091399
7     50.676139
8     60.217706
0     60.525120
4     61.266157
6     62.025998
2     73.614584
1     83.874746
9     90.521254
Name: Score, dtype: float64

Results have been saved to 'pagerank_results_balanced.csv'
Combined Results:
                                          Subcategory  \
0                                     Topic Relevance   
1                    Comprehensiveness of Information   
2                             Accuracy of Information   
3                        Innovativeness of Viewpoints   
4       Integration of Interdisciplinary Perspectives   
5                        Clarity of Logical Structure   
6               Reasonableness of Chapter Arrangement   
7              Quality of Introduction and Conclusion   
8              Accuracy and Completeness of Citations   
9              Timeliness and Relevance of References   
10   Avoidance of Plagiarism and Appropriate Citation   
11             Critical Analysis of Existing Research   
12   Proposal of New Research Directions or Questions   
13                Potential Contribution to the Field   
14             Clarity of Research Method Description   
15                    Rationality of Method Selection   
16                           Rigor of Research Design   
17               Inclusion of Latest Research Results   
18            Reflection of Current Research Hotspots   
19                     Fluency of Language Expression   
20    Appropriateness of Professional Terminology Use   
21                          Conciseness of Expression   
22  Practical Application Potential of Research Re...   
23                Feasibility of Proposed Suggestions   
24                             Logic of Argumentation   
25                   Multi-angle Analysis of Problems   
26  Identification and Discussion of Research Limi...   

    ICC (Intraclass Correlation Coefficient) ICC 95% Confidence Interval  \
0                                   0.642286                [0.54, 0.74]   
1                                   0.851925                 [0.79, 0.9]   
2                                   0.502031                 [0.4, 0.62]   
3                                   0.807456                [0.74, 0.87]   
4                                   0.830283                [0.77, 0.88]   
5                                   0.834559                [0.78, 0.89]   
6                                   0.828118                [0.77, 0.88]   
7                                   0.692670                 [0.6, 0.78]   
8                                   0.693621                [0.61, 0.78]   
9                                   0.741183                [0.66, 0.82]   
10                                  0.516824                [0.41, 0.63]   
11                                  0.828941                [0.76, 0.88]   
12                                  0.727180                [0.64, 0.81]   
13                                  0.803079                [0.73, 0.87]   
14                                  0.733627                [0.65, 0.81]   
15                                  0.739800                [0.66, 0.82]   
16                                  0.718784                 [0.63, 0.8]   
17                                  0.758426                [0.68, 0.83]   
18                                  0.787106                [0.72, 0.85]   
19                                  0.703078                [0.62, 0.79]   
20                                  0.677657                [0.59, 0.77]   
21                                  0.597921                  [0.5, 0.7]   
22                                  0.634860                [0.54, 0.73]   
23                                  0.581955                [0.48, 0.69]   
24                                  0.766245                [0.69, 0.84]   
25                                  0.791018                [0.72, 0.86]   
26                                  0.704136                [0.62, 0.79]   

    Transitivity Consistency Ratio (%)  
0                            75.757576  
1                            81.212121  
2                            76.969697  
3                            80.000000  
4                            76.363636  
5                            74.545455  
6                            76.969697  
7                            73.333333  
8                            78.181818  
9                            81.212121  
10                           76.969697  
11                           81.212121  
12                           78.181818  
13                           81.212121  
14                           76.969697  
15                           78.181818  
16                           76.969697  
17                           81.212121  
18                           76.969697  
19                           73.333333  
20                           75.757576  
21                           75.151515  
22                           79.393939  
23                           78.181818  
24                           76.363636  
25                           76.969697  
26                           76.969697  

Results have been saved to 'reliability_analysis.csv'
Author
10     0.007969
5     21.990454
3     45.892703
7     62.195224
0     72.998341
4     74.277841
8     75.335090
6     77.590348
2     91.657820
1     97.591489
9     99.947535
Name: Score, dtype: float64

Results have been saved to 'pagerank_results_balanced.csv'
Combined Results:
                                          Subcategory  \
0                                     Topic Relevance   
1                    Comprehensiveness of Information   
2                             Accuracy of Information   
3                        Innovativeness of Viewpoints   
4       Integration of Interdisciplinary Perspectives   
5                        Clarity of Logical Structure   
6               Reasonableness of Chapter Arrangement   
7              Quality of Introduction and Conclusion   
8              Accuracy and Completeness of Citations   
9              Timeliness and Relevance of References   
10   Avoidance of Plagiarism and Appropriate Citation   
11             Critical Analysis of Existing Research   
12   Proposal of New Research Directions or Questions   
13                Potential Contribution to the Field   
14             Clarity of Research Method Description   
15                    Rationality of Method Selection   
16                           Rigor of Research Design   
17               Inclusion of Latest Research Results   
18            Reflection of Current Research Hotspots   
19                     Fluency of Language Expression   
20    Appropriateness of Professional Terminology Use   
21                          Conciseness of Expression   
22  Practical Application Potential of Research Re...   
23                Feasibility of Proposed Suggestions   
24                             Logic of Argumentation   
25                   Multi-angle Analysis of Problems   
26  Identification and Discussion of Research Limi...   

    ICC (Intraclass Correlation Coefficient) ICC 95% Confidence Interval  \
0                                   0.642286                [0.54, 0.74]   
1                                   0.851925                 [0.79, 0.9]   
2                                   0.502031                 [0.4, 0.62]   
3                                   0.807456                [0.74, 0.87]   
4                                   0.830283                [0.77, 0.88]   
5                                   0.834559                [0.78, 0.89]   
6                                   0.828118                [0.77, 0.88]   
7                                   0.692670                 [0.6, 0.78]   
8                                   0.693621                [0.61, 0.78]   
9                                   0.741183                [0.66, 0.82]   
10                                  0.516824                [0.41, 0.63]   
11                                  0.828941                [0.76, 0.88]   
12                                  0.727180                [0.64, 0.81]   
13                                  0.803079                [0.73, 0.87]   
14                                  0.733627                [0.65, 0.81]   
15                                  0.739800                [0.66, 0.82]   
16                                  0.718784                 [0.63, 0.8]   
17                                  0.758426                [0.68, 0.83]   
18                                  0.787106                [0.72, 0.85]   
19                                  0.703078                [0.62, 0.79]   
20                                  0.677657                [0.59, 0.77]   
21                                  0.597921                  [0.5, 0.7]   
22                                  0.634860                [0.54, 0.73]   
23                                  0.581955                [0.48, 0.69]   
24                                  0.766245                [0.69, 0.84]   
25                                  0.791018                [0.72, 0.86]   
26                                  0.704136                [0.62, 0.79]   

    Transitivity Consistency Ratio (%)  
0                            54.545455  
1                            81.212121  
2                            57.303371  
3                            80.000000  
4                            76.073620  
5                            74.545455  
6                            76.969697  
7                            73.333333  
8                            59.090909  
9                            81.212121  
10                           57.777778  
11                           81.212121  
12                           78.181818  
13                           81.212121  
14                           75.000000  
15                           77.215190  
16                           75.000000  
17                           81.212121  
18                           76.969697  
19                           73.333333  
20                           75.757576  
21                           75.151515  
22                           79.393939  
23                           78.181818  
24                           76.363636  
25                           76.969697  
26                           75.949367  

Results have been saved to 'reliability_analysis.csv'
Author
10     0.007969
5     21.990454
3     45.892703
7     62.195224
0     72.998341
4     74.277841
8     75.335090
6     77.590348
2     91.657820
1     97.591489
9     99.947535
Name: Score, dtype: float64

Results have been saved to 'pagerank_results_balanced.csv'
Combined Results:
                                          Subcategory  \
0                                     Topic Relevance   
1                    Comprehensiveness of Information   
2                             Accuracy of Information   
3                        Innovativeness of Viewpoints   
4       Integration of Interdisciplinary Perspectives   
5                        Clarity of Logical Structure   
6               Reasonableness of Chapter Arrangement   
7              Quality of Introduction and Conclusion   
8              Accuracy and Completeness of Citations   
9              Timeliness and Relevance of References   
10   Avoidance of Plagiarism and Appropriate Citation   
11             Critical Analysis of Existing Research   
12   Proposal of New Research Directions or Questions   
13                Potential Contribution to the Field   
14             Clarity of Research Method Description   
15                    Rationality of Method Selection   
16                           Rigor of Research Design   
17               Inclusion of Latest Research Results   
18            Reflection of Current Research Hotspots   
19                     Fluency of Language Expression   
20    Appropriateness of Professional Terminology Use   
21                          Conciseness of Expression   
22  Practical Application Potential of Research Re...   
23                Feasibility of Proposed Suggestions   
24                             Logic of Argumentation   
25                   Multi-angle Analysis of Problems   
26  Identification and Discussion of Research Limi...   

    ICC (Intraclass Correlation Coefficient) ICC 95% Confidence Interval  \
0                                   0.642286                [0.54, 0.74]   
1                                   0.851925                 [0.79, 0.9]   
2                                   0.502031                 [0.4, 0.62]   
3                                   0.807456                [0.74, 0.87]   
4                                   0.830283                [0.77, 0.88]   
5                                   0.834559                [0.78, 0.89]   
6                                   0.828118                [0.77, 0.88]   
7                                   0.692670                 [0.6, 0.78]   
8                                   0.693621                [0.61, 0.78]   
9                                   0.741183                [0.66, 0.82]   
10                                  0.516824                [0.41, 0.63]   
11                                  0.828941                [0.76, 0.88]   
12                                  0.727180                [0.64, 0.81]   
13                                  0.803079                [0.73, 0.87]   
14                                  0.733627                [0.65, 0.81]   
15                                  0.739800                [0.66, 0.82]   
16                                  0.718784                 [0.63, 0.8]   
17                                  0.758426                [0.68, 0.83]   
18                                  0.787106                [0.72, 0.85]   
19                                  0.703078                [0.62, 0.79]   
20                                  0.677657                [0.59, 0.77]   
21                                  0.597921                  [0.5, 0.7]   
22                                  0.634860                [0.54, 0.73]   
23                                  0.581955                [0.48, 0.69]   
24                                  0.766245                [0.69, 0.84]   
25                                  0.791018                [0.72, 0.86]   
26                                  0.704136                [0.62, 0.79]   

    Transitivity Consistency Ratio (%)  
0                            54.545455  
1                            81.212121  
2                            57.303371  
3                            80.000000  
4                            76.073620  
5                            74.545455  
6                            76.969697  
7                            73.333333  
8                            59.090909  
9                            81.212121  
10                           57.777778  
11                           81.212121  
12                           78.181818  
13                           81.212121  
14                           75.000000  
15                           77.215190  
16                           75.000000  
17                           81.212121  
18                           76.969697  
19                           73.333333  
20                           75.757576  
21                           75.151515  
22                           79.393939  
23                           78.181818  
24                           76.363636  
25                           76.969697  
26                           75.949367  

Results have been saved to 'reliability_analysis.csv'
