Author
1     24.685359
5     37.113860
9     43.380055
8     49.962329
10    59.871047
6     64.369257
2     65.058182
7     67.813109
0     69.643103
3     71.385437
4     72.579186
Name: Score, dtype: float64

Results have been saved to 'pagerank_results_balanced.csv'
Combined Results:
                                          Subcategory  \
0                                     Topic Relevance   
1                    Comprehensiveness of Information   
2                             Accuracy of Information   
3                        Innovativeness of Viewpoints   
4       Integration of Interdisciplinary Perspectives   
5                        Clarity of Logical Structure   
6               Reasonableness of Chapter Arrangement   
7              Quality of Introduction and Conclusion   
8              Accuracy and Completeness of Citations   
9              Timeliness and Relevance of References   
10   Avoidance of Plagiarism and Appropriate Citation   
11             Critical Analysis of Existing Research   
12   Proposal of New Research Directions or Questions   
13                Potential Contribution to the Field   
14             Clarity of Research Method Description   
15                    Rationality of Method Selection   
16                           Rigor of Research Design   
17               Inclusion of Latest Research Results   
18            Reflection of Current Research Hotspots   
19                     Fluency of Language Expression   
20    Appropriateness of Professional Terminology Use   
21                          Conciseness of Expression   
22  Practical Application Potential of Research Re...   
23                Feasibility of Proposed Suggestions   
24                             Logic of Argumentation   
25                   Multi-angle Analysis of Problems   
26  Identification and Discussion of Research Limi...   

    ICC (Intraclass Correlation Coefficient) ICC 95% Confidence Interval  \
0                                   0.830115                [0.77, 0.88]   
1                                   0.909375                [0.87, 0.94]   
2                                   0.638756                [0.54, 0.74]   
3                                   0.888964                [0.85, 0.93]   
4                                   0.840471                [0.78, 0.89]   
5                                   0.862205                [0.81, 0.91]   
6                                   0.859335                 [0.81, 0.9]   
7                                   0.795210                [0.73, 0.86]   
8                                   0.690178                 [0.6, 0.78]   
9                                   0.687669                 [0.6, 0.78]   
10                                  0.421172                [0.32, 0.54]   
11                                  0.874601                [0.83, 0.92]   
12                                  0.833073                [0.77, 0.89]   
13                                  0.858777                 [0.81, 0.9]   
14                                  0.701503                [0.61, 0.79]   
15                                  0.721657                 [0.64, 0.8]   
16                                  0.677213                [0.59, 0.77]   
17                                  0.704542                [0.62, 0.79]   
18                                  0.766296                [0.69, 0.84]   
19                                  0.715031                 [0.63, 0.8]   
20                                  0.735237                [0.65, 0.81]   
21                                  0.701973                [0.62, 0.79]   
22                                  0.808986                [0.74, 0.87]   
23                                  0.610531                [0.51, 0.71]   
24                                  0.816949                [0.75, 0.87]   
25                                  0.832516                [0.77, 0.89]   
26                                  0.667318                [0.58, 0.76]   

    Transitivity Consistency Ratio (%)  
0                            83.636364  
1                            82.424242  
2                            83.636364  
3                            82.424242  
4                            83.030303  
5                            77.575758  
6                            78.787879  
7                            78.787879  
8                            83.636364  
9                            82.424242  
10                           84.242424  
11                           82.424242  
12                           78.787879  
13                           82.424242  
14                           79.393939  
15                           78.787879  
16                           78.787879  
17                           82.424242  
18                           78.787879  
19                           78.787879  
20                           83.030303  
21                           78.181818  
22                           82.424242  
23                           78.787879  
24                           78.787879  
25                           82.424242  
26                           78.787879  

Results have been saved to 'reliability_analysis.csv'
Author
1     24.685359
5     37.113860
9     43.380055
8     49.962329
10    59.871047
6     64.369257
2     65.058182
7     67.813109
0     69.643103
3     71.385437
4     72.579186
Name: Score, dtype: float64

Results have been saved to 'pagerank_results_balanced.csv'
Combined Results:
                                          Subcategory  \
0                                     Topic Relevance   
1                    Comprehensiveness of Information   
2                             Accuracy of Information   
3                        Innovativeness of Viewpoints   
4       Integration of Interdisciplinary Perspectives   
5                        Clarity of Logical Structure   
6               Reasonableness of Chapter Arrangement   
7              Quality of Introduction and Conclusion   
8              Accuracy and Completeness of Citations   
9              Timeliness and Relevance of References   
10   Avoidance of Plagiarism and Appropriate Citation   
11             Critical Analysis of Existing Research   
12   Proposal of New Research Directions or Questions   
13                Potential Contribution to the Field   
14             Clarity of Research Method Description   
15                    Rationality of Method Selection   
16                           Rigor of Research Design   
17               Inclusion of Latest Research Results   
18            Reflection of Current Research Hotspots   
19                     Fluency of Language Expression   
20    Appropriateness of Professional Terminology Use   
21                          Conciseness of Expression   
22  Practical Application Potential of Research Re...   
23                Feasibility of Proposed Suggestions   
24                             Logic of Argumentation   
25                   Multi-angle Analysis of Problems   
26  Identification and Discussion of Research Limi...   

    ICC (Intraclass Correlation Coefficient) ICC 95% Confidence Interval  \
0                                   0.830115                [0.77, 0.88]   
1                                   0.909375                [0.87, 0.94]   
2                                   0.638756                [0.54, 0.74]   
3                                   0.888964                [0.85, 0.93]   
4                                   0.840471                [0.78, 0.89]   
5                                   0.862205                [0.81, 0.91]   
6                                   0.859335                 [0.81, 0.9]   
7                                   0.795210                [0.73, 0.86]   
8                                   0.690178                 [0.6, 0.78]   
9                                   0.687669                 [0.6, 0.78]   
10                                  0.421172                [0.32, 0.54]   
11                                  0.874601                [0.83, 0.92]   
12                                  0.833073                [0.77, 0.89]   
13                                  0.858777                 [0.81, 0.9]   
14                                  0.701503                [0.61, 0.79]   
15                                  0.721657                 [0.64, 0.8]   
16                                  0.677213                [0.59, 0.77]   
17                                  0.704542                [0.62, 0.79]   
18                                  0.766296                [0.69, 0.84]   
19                                  0.715031                 [0.63, 0.8]   
20                                  0.735237                [0.65, 0.81]   
21                                  0.701973                [0.62, 0.79]   
22                                  0.808986                [0.74, 0.87]   
23                                  0.610531                [0.51, 0.71]   
24                                  0.816949                [0.75, 0.87]   
25                                  0.832516                [0.77, 0.89]   
26                                  0.667318                [0.58, 0.76]   

    Transitivity Consistency Ratio (%)  
0                            83.636364  
1                            82.424242  
2                            83.636364  
3                            82.424242  
4                            83.030303  
5                            77.575758  
6                            78.787879  
7                            78.787879  
8                            83.636364  
9                            82.424242  
10                           84.242424  
11                           82.424242  
12                           78.787879  
13                           82.424242  
14                           79.393939  
15                           78.787879  
16                           78.787879  
17                           82.424242  
18                           78.787879  
19                           78.787879  
20                           83.030303  
21                           78.181818  
22                           82.424242  
23                           78.787879  
24                           78.787879  
25                           82.424242  
26                           78.787879  

Results have been saved to 'reliability_analysis.csv'
Author
10      0.000000
8      40.598961
3      54.666290
6      55.182767
1      60.294531
7      60.666464
4      82.408250
0      88.893207
2      90.039814
5      91.507038
9     100.000000
Name: Score, dtype: float64

Results have been saved to 'pagerank_results_balanced.csv'
Combined Results:
                                          Subcategory  \
0                                     Topic Relevance   
1                    Comprehensiveness of Information   
2                             Accuracy of Information   
3                        Innovativeness of Viewpoints   
4       Integration of Interdisciplinary Perspectives   
5                        Clarity of Logical Structure   
6               Reasonableness of Chapter Arrangement   
7              Quality of Introduction and Conclusion   
8              Accuracy and Completeness of Citations   
9              Timeliness and Relevance of References   
10   Avoidance of Plagiarism and Appropriate Citation   
11             Critical Analysis of Existing Research   
12   Proposal of New Research Directions or Questions   
13                Potential Contribution to the Field   
14             Clarity of Research Method Description   
15                    Rationality of Method Selection   
16                           Rigor of Research Design   
17               Inclusion of Latest Research Results   
18            Reflection of Current Research Hotspots   
19                     Fluency of Language Expression   
20    Appropriateness of Professional Terminology Use   
21                          Conciseness of Expression   
22  Practical Application Potential of Research Re...   
23                Feasibility of Proposed Suggestions   
24                             Logic of Argumentation   
25                   Multi-angle Analysis of Problems   
26  Identification and Discussion of Research Limi...   

    ICC (Intraclass Correlation Coefficient) ICC 95% Confidence Interval  \
0                                   0.830115                [0.77, 0.88]   
1                                   0.909375                [0.87, 0.94]   
2                                   0.638756                [0.54, 0.74]   
3                                   0.888964                [0.85, 0.93]   
4                                   0.840471                [0.78, 0.89]   
5                                   0.862205                [0.81, 0.91]   
6                                   0.859335                 [0.81, 0.9]   
7                                   0.795210                [0.73, 0.86]   
8                                   0.690178                 [0.6, 0.78]   
9                                   0.687669                 [0.6, 0.78]   
10                                  0.421172                [0.32, 0.54]   
11                                  0.874601                [0.83, 0.92]   
12                                  0.833073                [0.77, 0.89]   
13                                  0.858777                 [0.81, 0.9]   
14                                  0.701503                [0.61, 0.79]   
15                                  0.721657                 [0.64, 0.8]   
16                                  0.677213                [0.59, 0.77]   
17                                  0.704542                [0.62, 0.79]   
18                                  0.766296                [0.69, 0.84]   
19                                  0.715031                 [0.63, 0.8]   
20                                  0.735237                [0.65, 0.81]   
21                                  0.701973                [0.62, 0.79]   
22                                  0.808986                [0.74, 0.87]   
23                                  0.610531                [0.51, 0.71]   
24                                  0.816949                [0.75, 0.87]   
25                                  0.832516                [0.77, 0.89]   
26                                  0.667318                [0.58, 0.76]   

    Transitivity Consistency Ratio (%)  
0                            55.737705  
1                            82.424242  
2                            48.076923  
3                            82.424242  
4                            82.051282  
5                            77.575758  
6                            78.787879  
7                            78.787879  
8                            51.785714  
9                            82.424242  
10                           52.727273  
11                           82.424242  
12                           78.787879  
13                           82.424242  
14                           78.205128  
15                           78.787879  
16                           78.787879  
17                           82.424242  
18                           78.787879  
19                           78.787879  
20                           82.051282  
21                           78.181818  
22                           82.424242  
23                           78.787879  
24                           78.787879  
25                           82.424242  
26                           78.787879  

Results have been saved to 'reliability_analysis.csv'
Author
10      0.000000
8      40.598961
3      54.666290
6      55.182767
1      60.294531
7      60.666464
4      82.408250
0      88.893207
2      90.039814
5      91.507038
9     100.000000
Name: Score, dtype: float64

Results have been saved to 'pagerank_results_balanced.csv'
Combined Results:
                                          Subcategory  \
0                                     Topic Relevance   
1                    Comprehensiveness of Information   
2                             Accuracy of Information   
3                        Innovativeness of Viewpoints   
4       Integration of Interdisciplinary Perspectives   
5                        Clarity of Logical Structure   
6               Reasonableness of Chapter Arrangement   
7              Quality of Introduction and Conclusion   
8              Accuracy and Completeness of Citations   
9              Timeliness and Relevance of References   
10   Avoidance of Plagiarism and Appropriate Citation   
11             Critical Analysis of Existing Research   
12   Proposal of New Research Directions or Questions   
13                Potential Contribution to the Field   
14             Clarity of Research Method Description   
15                    Rationality of Method Selection   
16                           Rigor of Research Design   
17               Inclusion of Latest Research Results   
18            Reflection of Current Research Hotspots   
19                     Fluency of Language Expression   
20    Appropriateness of Professional Terminology Use   
21                          Conciseness of Expression   
22  Practical Application Potential of Research Re...   
23                Feasibility of Proposed Suggestions   
24                             Logic of Argumentation   
25                   Multi-angle Analysis of Problems   
26  Identification and Discussion of Research Limi...   

    ICC (Intraclass Correlation Coefficient) ICC 95% Confidence Interval  \
0                                   0.830115                [0.77, 0.88]   
1                                   0.909375                [0.87, 0.94]   
2                                   0.638756                [0.54, 0.74]   
3                                   0.888964                [0.85, 0.93]   
4                                   0.840471                [0.78, 0.89]   
5                                   0.862205                [0.81, 0.91]   
6                                   0.859335                 [0.81, 0.9]   
7                                   0.795210                [0.73, 0.86]   
8                                   0.690178                 [0.6, 0.78]   
9                                   0.687669                 [0.6, 0.78]   
10                                  0.421172                [0.32, 0.54]   
11                                  0.874601                [0.83, 0.92]   
12                                  0.833073                [0.77, 0.89]   
13                                  0.858777                 [0.81, 0.9]   
14                                  0.701503                [0.61, 0.79]   
15                                  0.721657                 [0.64, 0.8]   
16                                  0.677213                [0.59, 0.77]   
17                                  0.704542                [0.62, 0.79]   
18                                  0.766296                [0.69, 0.84]   
19                                  0.715031                 [0.63, 0.8]   
20                                  0.735237                [0.65, 0.81]   
21                                  0.701973                [0.62, 0.79]   
22                                  0.808986                [0.74, 0.87]   
23                                  0.610531                [0.51, 0.71]   
24                                  0.816949                [0.75, 0.87]   
25                                  0.832516                [0.77, 0.89]   
26                                  0.667318                [0.58, 0.76]   

    Transitivity Consistency Ratio (%)  
0                            55.737705  
1                            82.424242  
2                            48.076923  
3                            82.424242  
4                            82.051282  
5                            77.575758  
6                            78.787879  
7                            78.787879  
8                            51.785714  
9                            82.424242  
10                           52.727273  
11                           82.424242  
12                           78.787879  
13                           82.424242  
14                           78.205128  
15                           78.787879  
16                           78.787879  
17                           82.424242  
18                           78.787879  
19                           78.787879  
20                           82.051282  
21                           78.181818  
22                           82.424242  
23                           78.787879  
24                           78.787879  
25                           82.424242  
26                           78.787879  

Results have been saved to 'reliability_analysis.csv'
