Author
4       3.128762
0       3.444414
10      4.604436
2       5.996492
3       8.194875
8      15.121189
7      24.412798
5      45.789102
6      63.795716
1      65.300189
9     100.000000
Name: Score, dtype: float64

Results have been saved to 'pagerank_results_balanced.csv'
Combined Results:
                                          Subcategory  \
0                                     Topic Relevance   
1                    Comprehensiveness of Information   
2                             Accuracy of Information   
3                        Innovativeness of Viewpoints   
4       Integration of Interdisciplinary Perspectives   
5                        Clarity of Logical Structure   
6               Reasonableness of Chapter Arrangement   
7              Quality of Introduction and Conclusion   
8              Accuracy and Completeness of Citations   
9              Timeliness and Relevance of References   
10   Avoidance of Plagiarism and Appropriate Citation   
11             Critical Analysis of Existing Research   
12   Proposal of New Research Directions or Questions   
13                Potential Contribution to the Field   
14             Clarity of Research Method Description   
15                    Rationality of Method Selection   
16                           Rigor of Research Design   
17               Inclusion of Latest Research Results   
18            Reflection of Current Research Hotspots   
19                     Fluency of Language Expression   
20    Appropriateness of Professional Terminology Use   
21                          Conciseness of Expression   
22  Practical Application Potential of Research Re...   
23                Feasibility of Proposed Suggestions   
24                             Logic of Argumentation   
25                   Multi-angle Analysis of Problems   
26  Identification and Discussion of Research Limi...   

    ICC (Intraclass Correlation Coefficient) ICC 95% Confidence Interval  \
0                                   0.583552                [0.48, 0.69]   
1                                   0.871724                [0.82, 0.91]   
2                                   0.477063                [0.38, 0.59]   
3                                   0.631824                [0.54, 0.73]   
4                                   0.789200                [0.72, 0.85]   
5                                   0.631118                [0.53, 0.73]   
6                                   0.619430                [0.52, 0.72]   
7                                   0.500050                 [0.4, 0.61]   
8                                   0.536685                [0.44, 0.65]   
9                                   0.751835                [0.67, 0.83]   
10                                  0.357278                [0.26, 0.48]   
11                                  0.668056                [0.58, 0.76]   
12                                  0.528223                [0.43, 0.64]   
13                                  0.663330                [0.57, 0.76]   
14                                  0.667511                [0.58, 0.76]   
15                                  0.690136                 [0.6, 0.78]   
16                                  0.687719                 [0.6, 0.78]   
17                                  0.746196                [0.67, 0.82]   
18                                  0.716407                 [0.63, 0.8]   
19                                  0.527411                [0.43, 0.64]   
20                                  0.660056                [0.57, 0.75]   
21                                  0.532185                [0.43, 0.64]   
22                                  0.647217                [0.55, 0.74]   
23                                  0.491192                [0.39, 0.61]   
24                                  0.608222                [0.51, 0.71]   
25                                  0.736914                [0.66, 0.81]   
26                                  0.664816                [0.57, 0.76]   

    Transitivity Consistency Ratio (%)  
0                            87.878788  
1                            70.909091  
2                            89.696970  
3                            75.757576  
4                            71.515152  
5                            81.212121  
6                            81.212121  
7                            82.424242  
8                            83.636364  
9                            70.909091  
10                           90.303030  
11                           72.727273  
12                           73.333333  
13                           73.333333  
14                           74.545455  
15                           72.727273  
16                           74.545455  
17                           72.121212  
18                           72.121212  
19                           82.424242  
20                           73.333333  
21                           80.606061  
22                           73.333333  
23                           76.363636  
24                           77.575758  
25                           71.515152  
26                           71.515152  

Results have been saved to 'reliability_analysis.csv'
Author
9     37.880153
6     39.299962
4     49.136623
5     58.737728
10    58.788871
7     64.903105
1     76.957802
8     79.572678
3     80.443003
2     81.150939
0     81.635870
Name: Score, dtype: float64

Results have been saved to 'pagerank_results_balanced.csv'
Combined Results:
                                          Subcategory  \
0                                     Topic Relevance   
1                    Comprehensiveness of Information   
2                             Accuracy of Information   
3                        Innovativeness of Viewpoints   
4       Integration of Interdisciplinary Perspectives   
5                        Clarity of Logical Structure   
6               Reasonableness of Chapter Arrangement   
7              Quality of Introduction and Conclusion   
8              Accuracy and Completeness of Citations   
9              Timeliness and Relevance of References   
10   Avoidance of Plagiarism and Appropriate Citation   
11             Critical Analysis of Existing Research   
12   Proposal of New Research Directions or Questions   
13                Potential Contribution to the Field   
14             Clarity of Research Method Description   
15                    Rationality of Method Selection   
16                           Rigor of Research Design   
17               Inclusion of Latest Research Results   
18            Reflection of Current Research Hotspots   
19                     Fluency of Language Expression   
20    Appropriateness of Professional Terminology Use   
21                          Conciseness of Expression   
22  Practical Application Potential of Research Re...   
23                Feasibility of Proposed Suggestions   
24                             Logic of Argumentation   
25                   Multi-angle Analysis of Problems   
26  Identification and Discussion of Research Limi...   

    ICC (Intraclass Correlation Coefficient) ICC 95% Confidence Interval  \
0                                   0.671587                [0.57, 0.77]   
1                                   0.875307                [0.83, 0.92]   
2                                   0.492036                [0.39, 0.61]   
3                                   0.788372                [0.71, 0.86]   
4                                   0.877963                [0.83, 0.92]   
5                                   0.811389                [0.75, 0.87]   
6                                   0.821602                [0.76, 0.88]   
7                                   0.741621                [0.66, 0.82]   
8                                   0.745943                [0.67, 0.82]   
9                                   0.714605                 [0.63, 0.8]   
10                                  0.440646                [0.34, 0.56]   
11                                  0.825617                [0.76, 0.88]   
12                                  0.803913                [0.74, 0.86]   
13                                  0.805946                [0.74, 0.87]   
14                                  0.726090                [0.64, 0.81]   
15                                  0.736688                [0.66, 0.81]   
16                                  0.702444                [0.62, 0.79]   
17                                  0.739050                [0.66, 0.82]   
18                                  0.735142                [0.65, 0.81]   
19                                  0.701186                [0.61, 0.79]   
20                                  0.758118                [0.68, 0.83]   
21                                  0.683486                [0.59, 0.77]   
22                                  0.792721                [0.72, 0.86]   
23                                  0.677737                [0.59, 0.77]   
24                                  0.785685                [0.71, 0.85]   
25                                  0.825393                [0.76, 0.88]   
26                                  0.686770                 [0.6, 0.77]   

    Transitivity Consistency Ratio (%)  
0                            87.272727  
1                            70.909091  
2                            89.090909  
3                            75.757576  
4                            72.727273  
5                            78.181818  
6                            78.181818  
7                            78.787879  
8                            83.030303  
9                            70.909091  
10                           88.484848  
11                           72.727273  
12                           73.333333  
13                           73.333333  
14                           75.151515  
15                           73.333333  
16                           75.151515  
17                           72.121212  
18                           72.121212  
19                           78.787879  
20                           73.333333  
21                           78.787879  
22                           73.333333  
23                           76.363636  
24                           75.757576  
25                           72.121212  
26                           72.121212  

Results have been saved to 'reliability_analysis.csv'
Author
9     37.880153
6     39.299962
4     49.136623
5     58.737728
10    58.788871
7     64.903105
1     76.957802
8     79.572678
3     80.443003
2     81.150939
0     81.635870
Name: Score, dtype: float64

Results have been saved to 'pagerank_results_balanced.csv'
Combined Results:
                                          Subcategory  \
0                                     Topic Relevance   
1                    Comprehensiveness of Information   
2                             Accuracy of Information   
3                        Innovativeness of Viewpoints   
4       Integration of Interdisciplinary Perspectives   
5                        Clarity of Logical Structure   
6               Reasonableness of Chapter Arrangement   
7              Quality of Introduction and Conclusion   
8              Accuracy and Completeness of Citations   
9              Timeliness and Relevance of References   
10   Avoidance of Plagiarism and Appropriate Citation   
11             Critical Analysis of Existing Research   
12   Proposal of New Research Directions or Questions   
13                Potential Contribution to the Field   
14             Clarity of Research Method Description   
15                    Rationality of Method Selection   
16                           Rigor of Research Design   
17               Inclusion of Latest Research Results   
18            Reflection of Current Research Hotspots   
19                     Fluency of Language Expression   
20    Appropriateness of Professional Terminology Use   
21                          Conciseness of Expression   
22  Practical Application Potential of Research Re...   
23                Feasibility of Proposed Suggestions   
24                             Logic of Argumentation   
25                   Multi-angle Analysis of Problems   
26  Identification and Discussion of Research Limi...   

    ICC (Intraclass Correlation Coefficient) ICC 95% Confidence Interval  \
0                                   0.671587                [0.57, 0.77]   
1                                   0.875307                [0.83, 0.92]   
2                                   0.492036                [0.39, 0.61]   
3                                   0.788372                [0.71, 0.86]   
4                                   0.877963                [0.83, 0.92]   
5                                   0.811389                [0.75, 0.87]   
6                                   0.821602                [0.76, 0.88]   
7                                   0.741621                [0.66, 0.82]   
8                                   0.745943                [0.67, 0.82]   
9                                   0.714605                 [0.63, 0.8]   
10                                  0.440646                [0.34, 0.56]   
11                                  0.825617                [0.76, 0.88]   
12                                  0.803913                [0.74, 0.86]   
13                                  0.805946                [0.74, 0.87]   
14                                  0.726090                [0.64, 0.81]   
15                                  0.736688                [0.66, 0.81]   
16                                  0.702444                [0.62, 0.79]   
17                                  0.739050                [0.66, 0.82]   
18                                  0.735142                [0.65, 0.81]   
19                                  0.701186                [0.61, 0.79]   
20                                  0.758118                [0.68, 0.83]   
21                                  0.683486                [0.59, 0.77]   
22                                  0.792721                [0.72, 0.86]   
23                                  0.677737                [0.59, 0.77]   
24                                  0.785685                [0.71, 0.85]   
25                                  0.825393                [0.76, 0.88]   
26                                  0.686770                 [0.6, 0.77]   

    Transitivity Consistency Ratio (%)  
0                            87.272727  
1                            70.909091  
2                            89.090909  
3                            75.757576  
4                            72.727273  
5                            78.181818  
6                            78.181818  
7                            78.787879  
8                            83.030303  
9                            70.909091  
10                           88.484848  
11                           72.727273  
12                           73.333333  
13                           73.333333  
14                           75.151515  
15                           73.333333  
16                           75.151515  
17                           72.121212  
18                           72.121212  
19                           78.787879  
20                           73.333333  
21                           78.787879  
22                           73.333333  
23                           76.363636  
24                           75.757576  
25                           72.121212  
26                           72.121212  

Results have been saved to 'reliability_analysis.csv'
Author
10      0.000000
4      65.078090
2      67.818751
0      70.529618
3      79.843515
8      85.494924
7      85.653361
5      91.614717
1      94.771539
6      95.321377
9     100.000000
Name: Score, dtype: float64

Results have been saved to 'pagerank_results_balanced.csv'
Combined Results:
                                          Subcategory  \
0                                     Topic Relevance   
1                    Comprehensiveness of Information   
2                             Accuracy of Information   
3                        Innovativeness of Viewpoints   
4       Integration of Interdisciplinary Perspectives   
5                        Clarity of Logical Structure   
6               Reasonableness of Chapter Arrangement   
7              Quality of Introduction and Conclusion   
8              Accuracy and Completeness of Citations   
9              Timeliness and Relevance of References   
10   Avoidance of Plagiarism and Appropriate Citation   
11             Critical Analysis of Existing Research   
12   Proposal of New Research Directions or Questions   
13                Potential Contribution to the Field   
14             Clarity of Research Method Description   
15                    Rationality of Method Selection   
16                           Rigor of Research Design   
17               Inclusion of Latest Research Results   
18            Reflection of Current Research Hotspots   
19                     Fluency of Language Expression   
20    Appropriateness of Professional Terminology Use   
21                          Conciseness of Expression   
22  Practical Application Potential of Research Re...   
23                Feasibility of Proposed Suggestions   
24                             Logic of Argumentation   
25                   Multi-angle Analysis of Problems   
26  Identification and Discussion of Research Limi...   

    ICC (Intraclass Correlation Coefficient) ICC 95% Confidence Interval  \
0                                   0.671587                [0.57, 0.77]   
1                                   0.875307                [0.83, 0.92]   
2                                   0.492036                [0.39, 0.61]   
3                                   0.788372                [0.71, 0.86]   
4                                   0.877963                [0.83, 0.92]   
5                                   0.811389                [0.75, 0.87]   
6                                   0.821602                [0.76, 0.88]   
7                                   0.741621                [0.66, 0.82]   
8                                   0.745943                [0.67, 0.82]   
9                                   0.714605                 [0.63, 0.8]   
10                                  0.440646                [0.34, 0.56]   
11                                  0.825617                [0.76, 0.88]   
12                                  0.803913                [0.74, 0.86]   
13                                  0.805946                [0.74, 0.87]   
14                                  0.726090                [0.64, 0.81]   
15                                  0.736688                [0.66, 0.81]   
16                                  0.702444                [0.62, 0.79]   
17                                  0.739050                [0.66, 0.82]   
18                                  0.735142                [0.65, 0.81]   
19                                  0.701186                [0.61, 0.79]   
20                                  0.758118                [0.68, 0.83]   
21                                  0.683486                [0.59, 0.77]   
22                                  0.792721                [0.72, 0.86]   
23                                  0.677737                [0.59, 0.77]   
24                                  0.785685                [0.71, 0.85]   
25                                  0.825393                [0.76, 0.88]   
26                                  0.686770                 [0.6, 0.77]   

    Transitivity Consistency Ratio (%)  
0                            34.375000  
1                            70.909091  
2                            28.000000  
3                            74.358974  
4                            72.727273  
5                            78.181818  
6                            78.181818  
7                            78.787879  
8                            47.169811  
9                            70.909091  
10                           20.833333  
11                           72.727273  
12                           73.333333  
13                           73.333333  
14                           75.151515  
15                           73.333333  
16                           75.151515  
17                           70.886076  
18                           72.121212  
19                           78.787879  
20                           71.974522  
21                           78.787879  
22                           73.333333  
23                           76.363636  
24                           75.757576  
25                           72.121212  
26                           72.121212  

Results have been saved to 'reliability_analysis.csv'
Author
10      0.000000
4      65.078090
2      67.818751
0      70.529618
3      79.843515
8      85.494924
7      85.653361
5      91.614717
1      94.771539
6      95.321377
9     100.000000
Name: Score, dtype: float64

Results have been saved to 'pagerank_results_balanced.csv'
Combined Results:
                                          Subcategory  \
0                                     Topic Relevance   
1                    Comprehensiveness of Information   
2                             Accuracy of Information   
3                        Innovativeness of Viewpoints   
4       Integration of Interdisciplinary Perspectives   
5                        Clarity of Logical Structure   
6               Reasonableness of Chapter Arrangement   
7              Quality of Introduction and Conclusion   
8              Accuracy and Completeness of Citations   
9              Timeliness and Relevance of References   
10   Avoidance of Plagiarism and Appropriate Citation   
11             Critical Analysis of Existing Research   
12   Proposal of New Research Directions or Questions   
13                Potential Contribution to the Field   
14             Clarity of Research Method Description   
15                    Rationality of Method Selection   
16                           Rigor of Research Design   
17               Inclusion of Latest Research Results   
18            Reflection of Current Research Hotspots   
19                     Fluency of Language Expression   
20    Appropriateness of Professional Terminology Use   
21                          Conciseness of Expression   
22  Practical Application Potential of Research Re...   
23                Feasibility of Proposed Suggestions   
24                             Logic of Argumentation   
25                   Multi-angle Analysis of Problems   
26  Identification and Discussion of Research Limi...   

    ICC (Intraclass Correlation Coefficient) ICC 95% Confidence Interval  \
0                                   0.671587                [0.57, 0.77]   
1                                   0.875307                [0.83, 0.92]   
2                                   0.492036                [0.39, 0.61]   
3                                   0.788372                [0.71, 0.86]   
4                                   0.877963                [0.83, 0.92]   
5                                   0.811389                [0.75, 0.87]   
6                                   0.821602                [0.76, 0.88]   
7                                   0.741621                [0.66, 0.82]   
8                                   0.745943                [0.67, 0.82]   
9                                   0.714605                 [0.63, 0.8]   
10                                  0.440646                [0.34, 0.56]   
11                                  0.825617                [0.76, 0.88]   
12                                  0.803913                [0.74, 0.86]   
13                                  0.805946                [0.74, 0.87]   
14                                  0.726090                [0.64, 0.81]   
15                                  0.736688                [0.66, 0.81]   
16                                  0.702444                [0.62, 0.79]   
17                                  0.739050                [0.66, 0.82]   
18                                  0.735142                [0.65, 0.81]   
19                                  0.701186                [0.61, 0.79]   
20                                  0.758118                [0.68, 0.83]   
21                                  0.683486                [0.59, 0.77]   
22                                  0.792721                [0.72, 0.86]   
23                                  0.677737                [0.59, 0.77]   
24                                  0.785685                [0.71, 0.85]   
25                                  0.825393                [0.76, 0.88]   
26                                  0.686770                 [0.6, 0.77]   

    Transitivity Consistency Ratio (%)  
0                            34.375000  
1                            70.909091  
2                            28.000000  
3                            74.358974  
4                            72.727273  
5                            78.181818  
6                            78.181818  
7                            78.787879  
8                            47.169811  
9                            70.909091  
10                           20.833333  
11                           72.727273  
12                           73.333333  
13                           73.333333  
14                           75.151515  
15                           73.333333  
16                           75.151515  
17                           70.886076  
18                           72.121212  
19                           78.787879  
20                           71.974522  
21                           78.787879  
22                           73.333333  
23                           76.363636  
24                           75.757576  
25                           72.121212  
26                           72.121212  

Results have been saved to 'reliability_analysis.csv'
