Author
3      4.345613
4      6.706341
7     10.863407
0     11.043925
1     17.046260
8     36.775305
5     38.651629
9     54.256729
6     77.286879
10    79.126904
2     85.243319
Name: Score, dtype: float64

Results have been saved to 'pagerank_results_balanced.csv'
Combined Results:
                                          Subcategory  \
0                                     Topic Relevance   
1                    Comprehensiveness of Information   
2                             Accuracy of Information   
3                        Innovativeness of Viewpoints   
4       Integration of Interdisciplinary Perspectives   
5                        Clarity of Logical Structure   
6               Reasonableness of Chapter Arrangement   
7              Quality of Introduction and Conclusion   
8              Accuracy and Completeness of Citations   
9              Timeliness and Relevance of References   
10   Avoidance of Plagiarism and Appropriate Citation   
11             Critical Analysis of Existing Research   
12   Proposal of New Research Directions or Questions   
13                Potential Contribution to the Field   
14             Clarity of Research Method Description   
15                    Rationality of Method Selection   
16                           Rigor of Research Design   
17               Inclusion of Latest Research Results   
18            Reflection of Current Research Hotspots   
19                     Fluency of Language Expression   
20    Appropriateness of Professional Terminology Use   
21                          Conciseness of Expression   
22  Practical Application Potential of Research Re...   
23                Feasibility of Proposed Suggestions   
24                             Logic of Argumentation   
25                   Multi-angle Analysis of Problems   
26  Identification and Discussion of Research Limi...   

    ICC (Intraclass Correlation Coefficient) ICC 95% Confidence Interval  \
0                                   0.113287                 [0.06, 0.2]   
1                                   0.610989                [0.51, 0.71]   
2                                   0.359287                [0.26, 0.48]   
3                                   0.491805                [0.39, 0.61]   
4                                   0.578573                [0.48, 0.68]   
5                                   0.431130                [0.33, 0.55]   
6                                   0.483106                 [0.38, 0.6]   
7                                   0.453579                [0.35, 0.57]   
8                                   0.139235                [0.08, 0.23]   
9                                   0.167331                 [0.1, 0.27]   
10                                  0.031541               [-0.01, 0.09]   
11                                  0.425460                [0.32, 0.54]   
12                                  0.374992                [0.28, 0.49]   
13                                  0.408702                [0.31, 0.53]   
14                                  0.525860                [0.42, 0.64]   
15                                  0.495164                [0.39, 0.61]   
16                                  0.507637                [0.41, 0.62]   
17                                  0.181365                [0.11, 0.28]   
18                                  0.212160                [0.14, 0.32]   
19                                  0.445496                [0.34, 0.56]   
20                                  0.418941                [0.32, 0.54]   
21                                  0.431910                [0.33, 0.55]   
22                                  0.387019                [0.29, 0.51]   
23                                  0.331013                [0.24, 0.45]   
24                                  0.404926                [0.31, 0.52]   
25                                  0.445331                [0.34, 0.56]   
26                                  0.372413                [0.28, 0.49]   

    Transitivity Consistency Ratio (%)  
0                           100.000000  
1                            75.151515  
2                            89.696970  
3                            77.575758  
4                            75.757576  
5                            80.606061  
6                            79.393939  
7                            77.575758  
8                            93.939394  
9                            78.787879  
10                           99.393939  
11                           80.000000  
12                           75.757576  
13                           80.000000  
14                           73.939394  
15                           72.727273  
16                           73.939394  
17                           78.787879  
18                           78.787879  
19                           79.393939  
20                           73.939394  
21                           80.000000  
22                           80.000000  
23                           80.000000  
24                           82.424242  
25                           80.606061  
26                           80.000000  

Results have been saved to 'reliability_analysis.csv'
