Author
1      0.183034
6      6.501067
10     7.781021
2      8.839565
5     11.341143
3     15.290329
8     35.220843
0     41.514810
4     74.387302
7     98.640526
9     99.878757
Name: Score, dtype: float64

Results have been saved to 'pagerank_results_balanced.csv'
Combined Results:
                                          Subcategory  \
0                                     Topic Relevance   
1                    Comprehensiveness of Information   
2                             Accuracy of Information   
3                        Innovativeness of Viewpoints   
4       Integration of Interdisciplinary Perspectives   
5                        Clarity of Logical Structure   
6               Reasonableness of Chapter Arrangement   
7              Quality of Introduction and Conclusion   
8              Accuracy and Completeness of Citations   
9              Timeliness and Relevance of References   
10   Avoidance of Plagiarism and Appropriate Citation   
11             Critical Analysis of Existing Research   
12   Proposal of New Research Directions or Questions   
13                Potential Contribution to the Field   
14             Clarity of Research Method Description   
15                    Rationality of Method Selection   
16                           Rigor of Research Design   
17               Inclusion of Latest Research Results   
18            Reflection of Current Research Hotspots   
19                     Fluency of Language Expression   
20    Appropriateness of Professional Terminology Use   
21                          Conciseness of Expression   
22  Practical Application Potential of Research Re...   
23                Feasibility of Proposed Suggestions   
24                             Logic of Argumentation   
25                   Multi-angle Analysis of Problems   
26  Identification and Discussion of Research Limi...   

    ICC (Intraclass Correlation Coefficient) ICC 95% Confidence Interval  \
0                                   0.659889                [0.57, 0.75]   
1                                   0.879830                [0.83, 0.92]   
2                                   0.486409                 [0.38, 0.6]   
3                                   0.841138                [0.78, 0.89]   
4                                   0.848985                 [0.79, 0.9]   
5                                   0.789162                [0.72, 0.85]   
6                                   0.788160                [0.72, 0.85]   
7                                   0.681549                [0.59, 0.77]   
8                                   0.606335                [0.51, 0.71]   
9                                   0.816153                [0.75, 0.87]   
10                                  0.415932                [0.32, 0.54]   
11                                  0.831245                [0.77, 0.88]   
12                                  0.717982                 [0.63, 0.8]   
13                                  0.823408                [0.76, 0.88]   
14                                  0.757437                [0.68, 0.83]   
15                                  0.759967                [0.68, 0.83]   
16                                  0.755278                [0.68, 0.83]   
17                                  0.814107                [0.75, 0.87]   
18                                  0.802878                [0.74, 0.86]   
19                                  0.748771                [0.67, 0.82]   
20                                  0.715208                 [0.63, 0.8]   
21                                  0.697470                [0.61, 0.78]   
22                                  0.816096                [0.75, 0.87]   
23                                  0.680692                [0.59, 0.77]   
24                                  0.761322                [0.69, 0.83]   
25                                  0.787679                [0.72, 0.85]   
26                                  0.712799                 [0.63, 0.8]   

    Transitivity Consistency Ratio (%)  
0                            84.242424  
1                            78.787879  
2                            83.030303  
3                            79.393939  
4                            80.606061  
5                            72.727273  
6                            72.727273  
7                            72.727273  
8                            82.424242  
9                            78.787879  
10                           82.424242  
11                           79.393939  
12                           79.393939  
13                           79.393939  
14                           78.181818  
15                           78.181818  
16                           78.181818  
17                           78.787879  
18                           78.787879  
19                           72.727273  
20                           78.181818  
21                           80.606061  
22                           77.575758  
23                           77.575758  
24                           78.181818  
25                           78.787879  
26                           78.787879  

Results have been saved to 'reliability_analysis.csv'
Author
10    14.665171
1     17.904861
2     36.404446
6     41.753246
5     47.172470
3     51.562412
8     63.142076
0     77.504104
9     81.643460
7     84.017116
4     86.430788
Name: Score, dtype: float64

Results have been saved to 'pagerank_results_balanced.csv'
Combined Results:
                                          Subcategory  \
0                                     Topic Relevance   
1                    Comprehensiveness of Information   
2                             Accuracy of Information   
3                        Innovativeness of Viewpoints   
4       Integration of Interdisciplinary Perspectives   
5                        Clarity of Logical Structure   
6               Reasonableness of Chapter Arrangement   
7              Quality of Introduction and Conclusion   
8              Accuracy and Completeness of Citations   
9              Timeliness and Relevance of References   
10   Avoidance of Plagiarism and Appropriate Citation   
11             Critical Analysis of Existing Research   
12   Proposal of New Research Directions or Questions   
13                Potential Contribution to the Field   
14             Clarity of Research Method Description   
15                    Rationality of Method Selection   
16                           Rigor of Research Design   
17               Inclusion of Latest Research Results   
18            Reflection of Current Research Hotspots   
19                     Fluency of Language Expression   
20    Appropriateness of Professional Terminology Use   
21                          Conciseness of Expression   
22  Practical Application Potential of Research Re...   
23                Feasibility of Proposed Suggestions   
24                             Logic of Argumentation   
25                   Multi-angle Analysis of Problems   
26  Identification and Discussion of Research Limi...   

    ICC (Intraclass Correlation Coefficient) ICC 95% Confidence Interval  \
0                                   0.702360                [0.61, 0.79]   
1                                   0.899628                [0.86, 0.93]   
2                                   0.512236                [0.41, 0.63]   
3                                   0.862866                [0.81, 0.91]   
4                                   0.874938                [0.83, 0.92]   
5                                   0.835592                [0.78, 0.89]   
6                                   0.824722                [0.76, 0.88]   
7                                   0.753995                [0.68, 0.83]   
8                                   0.743270                [0.66, 0.82]   
9                                   0.855019                  [0.8, 0.9]   
10                                  0.477496                [0.38, 0.59]   
11                                  0.864033                [0.81, 0.91]   
12                                  0.835000                [0.78, 0.89]   
13                                  0.863038                [0.81, 0.91]   
14                                  0.796744                [0.73, 0.86]   
15                                  0.795964                [0.73, 0.86]   
16                                  0.778883                [0.71, 0.85]   
17                                  0.857783                 [0.81, 0.9]   
18                                  0.827443                [0.77, 0.88]   
19                                  0.776053                 [0.7, 0.84]   
20                                  0.774941                 [0.7, 0.84]   
21                                  0.763893                [0.69, 0.83]   
22                                  0.857331                  [0.8, 0.9]   
23                                  0.727273                [0.64, 0.81]   
24                                  0.798415                [0.73, 0.86]   
25                                  0.796931                [0.73, 0.86]   
26                                  0.720071                 [0.64, 0.8]   

    Transitivity Consistency Ratio (%)  
0                            83.030303  
1                            77.575758  
2                            82.424242  
3                            79.393939  
4                            79.393939  
5                            78.181818  
6                            78.181818  
7                            78.181818  
8                            81.212121  
9                            77.575758  
10                           82.424242  
11                           79.393939  
12                           79.393939  
13                           79.393939  
14                           77.575758  
15                           77.575758  
16                           77.575758  
17                           77.575758  
18                           77.575758  
19                           78.181818  
20                           77.575758  
21                           78.181818  
22                           77.575758  
23                           77.575758  
24                           77.575758  
25                           77.575758  
26                           77.575758  

Results have been saved to 'reliability_analysis.csv'
Author
10    14.665171
1     17.904861
2     36.404446
6     41.753246
5     47.172470
3     51.562412
8     63.142076
0     77.504104
9     81.643460
7     84.017116
4     86.430788
Name: Score, dtype: float64

Results have been saved to 'pagerank_results_balanced.csv'
Combined Results:
                                          Subcategory  \
0                                     Topic Relevance   
1                    Comprehensiveness of Information   
2                             Accuracy of Information   
3                        Innovativeness of Viewpoints   
4       Integration of Interdisciplinary Perspectives   
5                        Clarity of Logical Structure   
6               Reasonableness of Chapter Arrangement   
7              Quality of Introduction and Conclusion   
8              Accuracy and Completeness of Citations   
9              Timeliness and Relevance of References   
10   Avoidance of Plagiarism and Appropriate Citation   
11             Critical Analysis of Existing Research   
12   Proposal of New Research Directions or Questions   
13                Potential Contribution to the Field   
14             Clarity of Research Method Description   
15                    Rationality of Method Selection   
16                           Rigor of Research Design   
17               Inclusion of Latest Research Results   
18            Reflection of Current Research Hotspots   
19                     Fluency of Language Expression   
20    Appropriateness of Professional Terminology Use   
21                          Conciseness of Expression   
22  Practical Application Potential of Research Re...   
23                Feasibility of Proposed Suggestions   
24                             Logic of Argumentation   
25                   Multi-angle Analysis of Problems   
26  Identification and Discussion of Research Limi...   

    ICC (Intraclass Correlation Coefficient) ICC 95% Confidence Interval  \
0                                   0.702360                [0.61, 0.79]   
1                                   0.899628                [0.86, 0.93]   
2                                   0.512236                [0.41, 0.63]   
3                                   0.862866                [0.81, 0.91]   
4                                   0.874938                [0.83, 0.92]   
5                                   0.835592                [0.78, 0.89]   
6                                   0.824722                [0.76, 0.88]   
7                                   0.753995                [0.68, 0.83]   
8                                   0.743270                [0.66, 0.82]   
9                                   0.855019                  [0.8, 0.9]   
10                                  0.477496                [0.38, 0.59]   
11                                  0.864033                [0.81, 0.91]   
12                                  0.835000                [0.78, 0.89]   
13                                  0.863038                [0.81, 0.91]   
14                                  0.796744                [0.73, 0.86]   
15                                  0.795964                [0.73, 0.86]   
16                                  0.778883                [0.71, 0.85]   
17                                  0.857783                 [0.81, 0.9]   
18                                  0.827443                [0.77, 0.88]   
19                                  0.776053                 [0.7, 0.84]   
20                                  0.774941                 [0.7, 0.84]   
21                                  0.763893                [0.69, 0.83]   
22                                  0.857331                  [0.8, 0.9]   
23                                  0.727273                [0.64, 0.81]   
24                                  0.798415                [0.73, 0.86]   
25                                  0.796931                [0.73, 0.86]   
26                                  0.720071                 [0.64, 0.8]   

    Transitivity Consistency Ratio (%)  
0                            83.030303  
1                            77.575758  
2                            82.424242  
3                            79.393939  
4                            79.393939  
5                            78.181818  
6                            78.181818  
7                            78.181818  
8                            81.212121  
9                            77.575758  
10                           82.424242  
11                           79.393939  
12                           79.393939  
13                           79.393939  
14                           77.575758  
15                           77.575758  
16                           77.575758  
17                           77.575758  
18                           77.575758  
19                           78.181818  
20                           77.575758  
21                           78.181818  
22                           77.575758  
23                           77.575758  
24                           77.575758  
25                           77.575758  
26                           77.575758  

Results have been saved to 'reliability_analysis.csv'
Author
10     0.000000
1     10.475168
2     37.314715
6     38.296550
5     46.588610
3     51.377459
8     72.327568
0     80.470115
4     89.091738
7     98.826336
9     99.906489
Name: Score, dtype: float64

Results have been saved to 'pagerank_results_balanced.csv'
Combined Results:
                                          Subcategory  \
0                                     Topic Relevance   
1                    Comprehensiveness of Information   
2                             Accuracy of Information   
3                        Innovativeness of Viewpoints   
4       Integration of Interdisciplinary Perspectives   
5                        Clarity of Logical Structure   
6               Reasonableness of Chapter Arrangement   
7              Quality of Introduction and Conclusion   
8              Accuracy and Completeness of Citations   
9              Timeliness and Relevance of References   
10   Avoidance of Plagiarism and Appropriate Citation   
11             Critical Analysis of Existing Research   
12   Proposal of New Research Directions or Questions   
13                Potential Contribution to the Field   
14             Clarity of Research Method Description   
15                    Rationality of Method Selection   
16                           Rigor of Research Design   
17               Inclusion of Latest Research Results   
18            Reflection of Current Research Hotspots   
19                     Fluency of Language Expression   
20    Appropriateness of Professional Terminology Use   
21                          Conciseness of Expression   
22  Practical Application Potential of Research Re...   
23                Feasibility of Proposed Suggestions   
24                             Logic of Argumentation   
25                   Multi-angle Analysis of Problems   
26  Identification and Discussion of Research Limi...   

    ICC (Intraclass Correlation Coefficient) ICC 95% Confidence Interval  \
0                                   0.702360                [0.61, 0.79]   
1                                   0.899628                [0.86, 0.93]   
2                                   0.512236                [0.41, 0.63]   
3                                   0.862866                [0.81, 0.91]   
4                                   0.874938                [0.83, 0.92]   
5                                   0.835592                [0.78, 0.89]   
6                                   0.824722                [0.76, 0.88]   
7                                   0.753995                [0.68, 0.83]   
8                                   0.743270                [0.66, 0.82]   
9                                   0.855019                  [0.8, 0.9]   
10                                  0.477496                [0.38, 0.59]   
11                                  0.864033                [0.81, 0.91]   
12                                  0.835000                [0.78, 0.89]   
13                                  0.863038                [0.81, 0.91]   
14                                  0.796744                [0.73, 0.86]   
15                                  0.795964                [0.73, 0.86]   
16                                  0.778883                [0.71, 0.85]   
17                                  0.857783                 [0.81, 0.9]   
18                                  0.827443                [0.77, 0.88]   
19                                  0.776053                 [0.7, 0.84]   
20                                  0.774941                 [0.7, 0.84]   
21                                  0.763893                [0.69, 0.83]   
22                                  0.857331                  [0.8, 0.9]   
23                                  0.727273                [0.64, 0.81]   
24                                  0.798415                [0.73, 0.86]   
25                                  0.796931                [0.73, 0.86]   
26                                  0.720071                 [0.64, 0.8]   

    Transitivity Consistency Ratio (%)  
0                            57.575758  
1                            76.875000  
2                            56.716418  
3                            79.393939  
4                            79.393939  
5                            78.181818  
6                            78.181818  
7                            78.181818  
8                            73.043478  
9                            77.575758  
10                           53.968254  
11                           79.393939  
12                           79.393939  
13                           79.393939  
14                           77.575758  
15                           77.575758  
16                           77.575758  
17                           77.575758  
18                           77.575758  
19                           78.181818  
20                           77.575758  
21                           78.181818  
22                           77.575758  
23                           77.575758  
24                           77.575758  
25                           77.575758  
26                           77.575758  

Results have been saved to 'reliability_analysis.csv'
Author
10     0.000000
1     10.475168
2     37.314715
6     38.296550
5     46.588610
3     51.377459
8     72.327568
0     80.470115
4     89.091738
7     98.826336
9     99.906489
Name: Score, dtype: float64

Results have been saved to 'pagerank_results_balanced.csv'
Combined Results:
                                          Subcategory  \
0                                     Topic Relevance   
1                    Comprehensiveness of Information   
2                             Accuracy of Information   
3                        Innovativeness of Viewpoints   
4       Integration of Interdisciplinary Perspectives   
5                        Clarity of Logical Structure   
6               Reasonableness of Chapter Arrangement   
7              Quality of Introduction and Conclusion   
8              Accuracy and Completeness of Citations   
9              Timeliness and Relevance of References   
10   Avoidance of Plagiarism and Appropriate Citation   
11             Critical Analysis of Existing Research   
12   Proposal of New Research Directions or Questions   
13                Potential Contribution to the Field   
14             Clarity of Research Method Description   
15                    Rationality of Method Selection   
16                           Rigor of Research Design   
17               Inclusion of Latest Research Results   
18            Reflection of Current Research Hotspots   
19                     Fluency of Language Expression   
20    Appropriateness of Professional Terminology Use   
21                          Conciseness of Expression   
22  Practical Application Potential of Research Re...   
23                Feasibility of Proposed Suggestions   
24                             Logic of Argumentation   
25                   Multi-angle Analysis of Problems   
26  Identification and Discussion of Research Limi...   

    ICC (Intraclass Correlation Coefficient) ICC 95% Confidence Interval  \
0                                   0.702360                [0.61, 0.79]   
1                                   0.899628                [0.86, 0.93]   
2                                   0.512236                [0.41, 0.63]   
3                                   0.862866                [0.81, 0.91]   
4                                   0.874938                [0.83, 0.92]   
5                                   0.835592                [0.78, 0.89]   
6                                   0.824722                [0.76, 0.88]   
7                                   0.753995                [0.68, 0.83]   
8                                   0.743270                [0.66, 0.82]   
9                                   0.855019                  [0.8, 0.9]   
10                                  0.477496                [0.38, 0.59]   
11                                  0.864033                [0.81, 0.91]   
12                                  0.835000                [0.78, 0.89]   
13                                  0.863038                [0.81, 0.91]   
14                                  0.796744                [0.73, 0.86]   
15                                  0.795964                [0.73, 0.86]   
16                                  0.778883                [0.71, 0.85]   
17                                  0.857783                 [0.81, 0.9]   
18                                  0.827443                [0.77, 0.88]   
19                                  0.776053                 [0.7, 0.84]   
20                                  0.774941                 [0.7, 0.84]   
21                                  0.763893                [0.69, 0.83]   
22                                  0.857331                  [0.8, 0.9]   
23                                  0.727273                [0.64, 0.81]   
24                                  0.798415                [0.73, 0.86]   
25                                  0.796931                [0.73, 0.86]   
26                                  0.720071                 [0.64, 0.8]   

    Transitivity Consistency Ratio (%)  
0                            57.575758  
1                            76.875000  
2                            56.716418  
3                            79.393939  
4                            79.393939  
5                            78.181818  
6                            78.181818  
7                            78.181818  
8                            73.043478  
9                            77.575758  
10                           53.968254  
11                           79.393939  
12                           79.393939  
13                           79.393939  
14                           77.575758  
15                           77.575758  
16                           77.575758  
17                           77.575758  
18                           77.575758  
19                           78.181818  
20                           77.575758  
21                           78.181818  
22                           77.575758  
23                           77.575758  
24                           77.575758  
25                           77.575758  
26                           77.575758  

Results have been saved to 'reliability_analysis.csv'
