Author
5       0.267030
4       0.583597
1       0.937275
2       0.959007
3       3.123639
8       3.404735
0       5.124902
6      15.974118
7      16.623406
10     40.604318
9     100.000000
Name: Score, dtype: float64

Results have been saved to 'pagerank_results_balanced.csv'
Combined Results:
                                          Subcategory  \
0                                     Topic Relevance   
1                    Comprehensiveness of Information   
2                             Accuracy of Information   
3                        Innovativeness of Viewpoints   
4       Integration of Interdisciplinary Perspectives   
5                        Clarity of Logical Structure   
6               Reasonableness of Chapter Arrangement   
7              Quality of Introduction and Conclusion   
8              Accuracy and Completeness of Citations   
9              Timeliness and Relevance of References   
10   Avoidance of Plagiarism and Appropriate Citation   
11             Critical Analysis of Existing Research   
12   Proposal of New Research Directions or Questions   
13                Potential Contribution to the Field   
14             Clarity of Research Method Description   
15                    Rationality of Method Selection   
16                           Rigor of Research Design   
17               Inclusion of Latest Research Results   
18            Reflection of Current Research Hotspots   
19                     Fluency of Language Expression   
20    Appropriateness of Professional Terminology Use   
21                          Conciseness of Expression   
22  Practical Application Potential of Research Re...   
23                Feasibility of Proposed Suggestions   
24                             Logic of Argumentation   
25                   Multi-angle Analysis of Problems   
26  Identification and Discussion of Research Limi...   

    ICC (Intraclass Correlation Coefficient) ICC 95% Confidence Interval  \
0                                   0.488693                 [0.39, 0.6]   
1                                   0.709674                [0.62, 0.79]   
2                                   0.442934                [0.34, 0.56]   
3                                   0.678876                [0.59, 0.77]   
4                                   0.664126                [0.57, 0.76]   
5                                   0.722419                 [0.64, 0.8]   
6                                   0.687896                 [0.6, 0.78]   
7                                   0.647359                [0.55, 0.74]   
8                                   0.382648                 [0.28, 0.5]   
9                                   0.373829                [0.28, 0.49]   
10                                  0.270064                [0.18, 0.38]   
11                                  0.675921                [0.59, 0.77]   
12                                  0.506555                 [0.4, 0.62]   
13                                  0.634410                [0.54, 0.73]   
14                                  0.576284                [0.48, 0.68]   
15                                  0.576773                [0.48, 0.68]   
16                                  0.555446                [0.45, 0.66]   
17                                  0.389294                [0.29, 0.51]   
18                                  0.368583                [0.27, 0.49]   
19                                  0.591906                 [0.49, 0.7]   
20                                  0.547770                [0.45, 0.66]   
21                                  0.589773                [0.49, 0.69]   
22                                  0.593975                  [0.5, 0.7]   
23                                  0.533872                [0.43, 0.65]   
24                                  0.625642                [0.53, 0.72]   
25                                  0.604551                [0.51, 0.71]   
26                                  0.570061                [0.47, 0.68]   

    Transitivity Consistency Ratio (%)  
0                            77.575758  
1                            75.757576  
2                            77.575758  
3                            75.757576  
4                            75.757576  
5                            76.363636  
6                            75.757576  
7                            75.757576  
8                            82.424242  
9                            75.151515  
10                           81.818182  
11                           75.757576  
12                           77.575758  
13                           77.575758  
14                           76.969697  
15                           76.363636  
16                           76.363636  
17                           75.151515  
18                           77.575758  
19                           76.363636  
20                           75.151515  
21                           75.757576  
22                           77.575758  
23                           78.181818  
24                           76.363636  
25                           76.363636  
26                           79.393939  

Results have been saved to 'reliability_analysis.csv'
