Author
10     8.248744
9     32.439318
7     75.512509
8     93.793169
2     96.050630
6     97.405757
0     99.328288
4     99.345433
5     99.670022
3     99.736990
1     99.860816
Name: Score, dtype: float64

Results have been saved to 'pagerank_results_balanced.csv'
Combined Results:
                                          Subcategory  \
0                                     Topic Relevance   
1                    Comprehensiveness of Information   
2                             Accuracy of Information   
3                        Innovativeness of Viewpoints   
4       Integration of Interdisciplinary Perspectives   
5                        Clarity of Logical Structure   
6               Reasonableness of Chapter Arrangement   
7              Quality of Introduction and Conclusion   
8              Accuracy and Completeness of Citations   
9              Timeliness and Relevance of References   
10   Avoidance of Plagiarism and Appropriate Citation   
11             Critical Analysis of Existing Research   
12   Proposal of New Research Directions or Questions   
13                Potential Contribution to the Field   
14             Clarity of Research Method Description   
15                    Rationality of Method Selection   
16                           Rigor of Research Design   
17               Inclusion of Latest Research Results   
18            Reflection of Current Research Hotspots   
19                     Fluency of Language Expression   
20    Appropriateness of Professional Terminology Use   
21                          Conciseness of Expression   
22  Practical Application Potential of Research Re...   
23                Feasibility of Proposed Suggestions   
24                             Logic of Argumentation   
25                   Multi-angle Analysis of Problems   
26  Identification and Discussion of Research Limi...   

    ICC (Intraclass Correlation Coefficient) ICC 95% Confidence Interval  \
0                                   0.446965                [0.35, 0.57]   
1                                   0.442954                [0.29, 0.59]   
2                                   0.413668                [0.31, 0.53]   
3                                   0.451374                  [0.3, 0.6]   
4                                   0.451158                 [0.31, 0.6]   
5                                   0.238714                [0.15, 0.35]   
6                                   0.255429                [0.16, 0.37]   
7                                   0.241508                [0.15, 0.36]   
8                                   0.595528                  [0.5, 0.7]   
9                                   0.403081                [0.27, 0.54]   
10                                  0.272548                [0.19, 0.39]   
11                                  0.454380                [0.29, 0.61]   
12                                  0.487291                [0.36, 0.62]   
13                                  0.461486                [0.31, 0.61]   
14                                  0.358550                 [0.23, 0.5]   
15                                  0.363348                [0.23, 0.51]   
16                                  0.360820                [0.23, 0.51]   
17                                  0.416304                [0.28, 0.56]   
18                                  0.401359                [0.28, 0.54]   
19                                  0.205494                [0.13, 0.31]   
20                                  0.242594                [0.14, 0.37]   
21                                  0.215113                [0.13, 0.33]   
22                                  0.463643                [0.31, 0.61]   
23                                  0.409943                [0.28, 0.55]   
24                                  0.299139                [0.19, 0.43]   
25                                  0.356768                [0.24, 0.49]   
26                                  0.385333                [0.25, 0.53]   

    Transitivity Consistency Ratio (%)  
0                            93.939394  
1                            91.515152  
2                            94.545455  
3                            94.545455  
4                            91.515152  
5                            90.303030  
6                            87.878788  
7                            87.878788  
8                            92.121212  
9                            92.727273  
10                           93.333333  
11                           94.545455  
12                           95.151515  
13                           94.545455  
14                           94.545455  
15                           94.545455  
16                           94.545455  
17                           92.727273  
18                           92.727273  
19                           87.272727  
20                           94.545455  
21                           87.878788  
22                           95.151515  
23                           94.545455  
24                           94.545455  
25                           91.515152  
26                           94.545455  

Results have been saved to 'reliability_analysis.csv'
Author
10     0.000000
9     71.083079
7     94.436619
8     98.317470
2     98.830737
6     98.914233
0     99.639338
4     99.730623
3     99.810856
5     99.815278
1     99.984292
Name: Score, dtype: float64

Results have been saved to 'pagerank_results_balanced.csv'
Combined Results:
                                          Subcategory  \
0                                     Topic Relevance   
1                    Comprehensiveness of Information   
2                             Accuracy of Information   
3                        Innovativeness of Viewpoints   
4       Integration of Interdisciplinary Perspectives   
5                        Clarity of Logical Structure   
6               Reasonableness of Chapter Arrangement   
7              Quality of Introduction and Conclusion   
8              Accuracy and Completeness of Citations   
9              Timeliness and Relevance of References   
10   Avoidance of Plagiarism and Appropriate Citation   
11             Critical Analysis of Existing Research   
12   Proposal of New Research Directions or Questions   
13                Potential Contribution to the Field   
14             Clarity of Research Method Description   
15                    Rationality of Method Selection   
16                           Rigor of Research Design   
17               Inclusion of Latest Research Results   
18            Reflection of Current Research Hotspots   
19                     Fluency of Language Expression   
20    Appropriateness of Professional Terminology Use   
21                          Conciseness of Expression   
22  Practical Application Potential of Research Re...   
23                Feasibility of Proposed Suggestions   
24                             Logic of Argumentation   
25                   Multi-angle Analysis of Problems   
26  Identification and Discussion of Research Limi...   

    ICC (Intraclass Correlation Coefficient) ICC 95% Confidence Interval  \
0                                   0.576954                [0.48, 0.68]   
1                                   0.598237                [0.43, 0.73]   
2                                   0.481209                 [0.38, 0.6]   
3                                   0.588445                [0.42, 0.73]   
4                                   0.617927                [0.47, 0.74]   
5                                   0.505188                [0.36, 0.64]   
6                                   0.517711                [0.37, 0.66]   
7                                   0.486282                [0.35, 0.62]   
8                                   0.709821                [0.62, 0.79]   
9                                   0.533732                [0.39, 0.67]   
10                                  0.427489                [0.33, 0.55]   
11                                  0.597941                [0.43, 0.73]   
12                                  0.646518                [0.52, 0.76]   
13                                  0.592451                [0.43, 0.73]   
14                                  0.504882                [0.35, 0.65]   
15                                  0.498726                [0.34, 0.64]   
16                                  0.484229                [0.33, 0.63]   
17                                  0.549559                [0.41, 0.68]   
18                                  0.521862                [0.39, 0.65]   
19                                  0.346868                [0.23, 0.48]   
20                                  0.333349                [0.21, 0.47]   
21                                  0.333742                [0.22, 0.47]   
22                                  0.572245                [0.42, 0.71]   
23                                  0.517606                [0.38, 0.65]   
24                                  0.518587                [0.37, 0.66]   
25                                  0.510409                [0.37, 0.65]   
26                                  0.519298                [0.37, 0.66]   

    Transitivity Consistency Ratio (%)  
0                            93.939394  
1                            91.515152  
2                            94.545455  
3                            94.545455  
4                            91.515152  
5                            95.151515  
6                            95.151515  
7                            95.151515  
8                            92.121212  
9                            92.727273  
10                           93.939394  
11                           94.545455  
12                           95.151515  
13                           94.545455  
14                           94.545455  
15                           94.545455  
16                           94.545455  
17                           92.727273  
18                           92.727273  
19                           94.545455  
20                           94.545455  
21                           95.151515  
22                           95.151515  
23                           94.545455  
24                           94.545455  
25                           91.515152  
26                           94.545455  

Results have been saved to 'reliability_analysis.csv'
Author
10     0.000000
9     71.083079
7     94.436619
8     98.317470
2     98.830737
6     98.914233
0     99.639338
4     99.730623
3     99.810856
5     99.815278
1     99.984292
Name: Score, dtype: float64

Results have been saved to 'pagerank_results_balanced.csv'
Combined Results:
                                          Subcategory  \
0                                     Topic Relevance   
1                    Comprehensiveness of Information   
2                             Accuracy of Information   
3                        Innovativeness of Viewpoints   
4       Integration of Interdisciplinary Perspectives   
5                        Clarity of Logical Structure   
6               Reasonableness of Chapter Arrangement   
7              Quality of Introduction and Conclusion   
8              Accuracy and Completeness of Citations   
9              Timeliness and Relevance of References   
10   Avoidance of Plagiarism and Appropriate Citation   
11             Critical Analysis of Existing Research   
12   Proposal of New Research Directions or Questions   
13                Potential Contribution to the Field   
14             Clarity of Research Method Description   
15                    Rationality of Method Selection   
16                           Rigor of Research Design   
17               Inclusion of Latest Research Results   
18            Reflection of Current Research Hotspots   
19                     Fluency of Language Expression   
20    Appropriateness of Professional Terminology Use   
21                          Conciseness of Expression   
22  Practical Application Potential of Research Re...   
23                Feasibility of Proposed Suggestions   
24                             Logic of Argumentation   
25                   Multi-angle Analysis of Problems   
26  Identification and Discussion of Research Limi...   

    ICC (Intraclass Correlation Coefficient) ICC 95% Confidence Interval  \
0                                   0.576954                [0.48, 0.68]   
1                                   0.598237                [0.43, 0.73]   
2                                   0.481209                 [0.38, 0.6]   
3                                   0.588445                [0.42, 0.73]   
4                                   0.617927                [0.47, 0.74]   
5                                   0.505188                [0.36, 0.64]   
6                                   0.517711                [0.37, 0.66]   
7                                   0.486282                [0.35, 0.62]   
8                                   0.709821                [0.62, 0.79]   
9                                   0.533732                [0.39, 0.67]   
10                                  0.427489                [0.33, 0.55]   
11                                  0.597941                [0.43, 0.73]   
12                                  0.646518                [0.52, 0.76]   
13                                  0.592451                [0.43, 0.73]   
14                                  0.504882                [0.35, 0.65]   
15                                  0.498726                [0.34, 0.64]   
16                                  0.484229                [0.33, 0.63]   
17                                  0.549559                [0.41, 0.68]   
18                                  0.521862                [0.39, 0.65]   
19                                  0.346868                [0.23, 0.48]   
20                                  0.333349                [0.21, 0.47]   
21                                  0.333742                [0.22, 0.47]   
22                                  0.572245                [0.42, 0.71]   
23                                  0.517606                [0.38, 0.65]   
24                                  0.518587                [0.37, 0.66]   
25                                  0.510409                [0.37, 0.65]   
26                                  0.519298                [0.37, 0.66]   

    Transitivity Consistency Ratio (%)  
0                            93.939394  
1                            91.515152  
2                            94.545455  
3                            94.545455  
4                            91.515152  
5                            95.151515  
6                            95.151515  
7                            95.151515  
8                            92.121212  
9                            92.727273  
10                           93.939394  
11                           94.545455  
12                           95.151515  
13                           94.545455  
14                           94.545455  
15                           94.545455  
16                           94.545455  
17                           92.727273  
18                           92.727273  
19                           94.545455  
20                           94.545455  
21                           95.151515  
22                           95.151515  
23                           94.545455  
24                           94.545455  
25                           91.515152  
26                           94.545455  

Results have been saved to 'reliability_analysis.csv'
Author
10     0.000000
9     60.589403
7     97.821832
6     99.260453
8     99.435067
2     99.753200
0     99.758421
4     99.781070
1     99.845520
3     99.863978
5     99.932565
Name: Score, dtype: float64

Results have been saved to 'pagerank_results_balanced.csv'
Combined Results:
                                          Subcategory  \
0                                     Topic Relevance   
1                    Comprehensiveness of Information   
2                             Accuracy of Information   
3                        Innovativeness of Viewpoints   
4       Integration of Interdisciplinary Perspectives   
5                        Clarity of Logical Structure   
6               Reasonableness of Chapter Arrangement   
7              Quality of Introduction and Conclusion   
8              Accuracy and Completeness of Citations   
9              Timeliness and Relevance of References   
10   Avoidance of Plagiarism and Appropriate Citation   
11             Critical Analysis of Existing Research   
12   Proposal of New Research Directions or Questions   
13                Potential Contribution to the Field   
14             Clarity of Research Method Description   
15                    Rationality of Method Selection   
16                           Rigor of Research Design   
17               Inclusion of Latest Research Results   
18            Reflection of Current Research Hotspots   
19                     Fluency of Language Expression   
20    Appropriateness of Professional Terminology Use   
21                          Conciseness of Expression   
22  Practical Application Potential of Research Re...   
23                Feasibility of Proposed Suggestions   
24                             Logic of Argumentation   
25                   Multi-angle Analysis of Problems   
26  Identification and Discussion of Research Limi...   

    ICC (Intraclass Correlation Coefficient) ICC 95% Confidence Interval  \
0                                   0.576954                [0.48, 0.68]   
1                                   0.598237                [0.43, 0.73]   
2                                   0.481209                 [0.38, 0.6]   
3                                   0.588445                [0.42, 0.73]   
4                                   0.617927                [0.47, 0.74]   
5                                   0.505188                [0.36, 0.64]   
6                                   0.517711                [0.37, 0.66]   
7                                   0.486282                [0.35, 0.62]   
8                                   0.709821                [0.62, 0.79]   
9                                   0.533732                [0.39, 0.67]   
10                                  0.427489                [0.33, 0.55]   
11                                  0.597941                [0.43, 0.73]   
12                                  0.646518                [0.52, 0.76]   
13                                  0.592451                [0.43, 0.73]   
14                                  0.504882                [0.35, 0.65]   
15                                  0.498726                [0.34, 0.64]   
16                                  0.484229                [0.33, 0.63]   
17                                  0.549559                [0.41, 0.68]   
18                                  0.521862                [0.39, 0.65]   
19                                  0.346868                [0.23, 0.48]   
20                                  0.333349                [0.21, 0.47]   
21                                  0.333742                [0.22, 0.47]   
22                                  0.572245                [0.42, 0.71]   
23                                  0.517606                [0.38, 0.65]   
24                                  0.518587                [0.37, 0.66]   
25                                  0.510409                [0.37, 0.65]   
26                                  0.519298                [0.37, 0.66]   

    Transitivity Consistency Ratio (%)  
0                            54.545455  
1                            91.515152  
2                            59.090909  
3                            94.545455  
4                            91.515152  
5                            95.151515  
6                            95.151515  
7                            95.151515  
8                            59.375000  
9                            92.727273  
10                           56.521739  
11                           94.545455  
12                           95.151515  
13                           94.545455  
14                           94.545455  
15                           94.545455  
16                           94.545455  
17                           92.727273  
18                           92.727273  
19                           94.545455  
20                           94.545455  
21                           95.151515  
22                           95.151515  
23                           94.545455  
24                           94.545455  
25                           91.515152  
26                           94.545455  

Results have been saved to 'reliability_analysis.csv'
Author
10     0.000000
9     60.589403
7     97.821832
6     99.260453
8     99.435067
2     99.753200
0     99.758421
4     99.781070
1     99.845520
3     99.863978
5     99.932565
Name: Score, dtype: float64

Results have been saved to 'pagerank_results_balanced.csv'
Combined Results:
                                          Subcategory  \
0                                     Topic Relevance   
1                    Comprehensiveness of Information   
2                             Accuracy of Information   
3                        Innovativeness of Viewpoints   
4       Integration of Interdisciplinary Perspectives   
5                        Clarity of Logical Structure   
6               Reasonableness of Chapter Arrangement   
7              Quality of Introduction and Conclusion   
8              Accuracy and Completeness of Citations   
9              Timeliness and Relevance of References   
10   Avoidance of Plagiarism and Appropriate Citation   
11             Critical Analysis of Existing Research   
12   Proposal of New Research Directions or Questions   
13                Potential Contribution to the Field   
14             Clarity of Research Method Description   
15                    Rationality of Method Selection   
16                           Rigor of Research Design   
17               Inclusion of Latest Research Results   
18            Reflection of Current Research Hotspots   
19                     Fluency of Language Expression   
20    Appropriateness of Professional Terminology Use   
21                          Conciseness of Expression   
22  Practical Application Potential of Research Re...   
23                Feasibility of Proposed Suggestions   
24                             Logic of Argumentation   
25                   Multi-angle Analysis of Problems   
26  Identification and Discussion of Research Limi...   

    ICC (Intraclass Correlation Coefficient) ICC 95% Confidence Interval  \
0                                   0.576954                [0.48, 0.68]   
1                                   0.598237                [0.43, 0.73]   
2                                   0.481209                 [0.38, 0.6]   
3                                   0.588445                [0.42, 0.73]   
4                                   0.617927                [0.47, 0.74]   
5                                   0.505188                [0.36, 0.64]   
6                                   0.517711                [0.37, 0.66]   
7                                   0.486282                [0.35, 0.62]   
8                                   0.709821                [0.62, 0.79]   
9                                   0.533732                [0.39, 0.67]   
10                                  0.427489                [0.33, 0.55]   
11                                  0.597941                [0.43, 0.73]   
12                                  0.646518                [0.52, 0.76]   
13                                  0.592451                [0.43, 0.73]   
14                                  0.504882                [0.35, 0.65]   
15                                  0.498726                [0.34, 0.64]   
16                                  0.484229                [0.33, 0.63]   
17                                  0.549559                [0.41, 0.68]   
18                                  0.521862                [0.39, 0.65]   
19                                  0.346868                [0.23, 0.48]   
20                                  0.333349                [0.21, 0.47]   
21                                  0.333742                [0.22, 0.47]   
22                                  0.572245                [0.42, 0.71]   
23                                  0.517606                [0.38, 0.65]   
24                                  0.518587                [0.37, 0.66]   
25                                  0.510409                [0.37, 0.65]   
26                                  0.519298                [0.37, 0.66]   

    Transitivity Consistency Ratio (%)  
0                            54.545455  
1                            91.515152  
2                            59.090909  
3                            94.545455  
4                            91.515152  
5                            95.151515  
6                            95.151515  
7                            95.151515  
8                            59.375000  
9                            92.727273  
10                           56.521739  
11                           94.545455  
12                           95.151515  
13                           94.545455  
14                           94.545455  
15                           94.545455  
16                           94.545455  
17                           92.727273  
18                           92.727273  
19                           94.545455  
20                           94.545455  
21                           95.151515  
22                           95.151515  
23                           94.545455  
24                           94.545455  
25                           91.515152  
26                           94.545455  

Results have been saved to 'reliability_analysis.csv'
