Author
1       0.573865
8       0.833498
4       1.341491
7       1.560423
2       1.623158
3       1.782960
5       2.408790
6       3.051458
0       3.055437
10     30.290416
9     100.000000
Name: Score, dtype: float64

Results have been saved to 'pagerank_results_balanced.csv'
Combined Results:
                                          Subcategory  \
0                                     Topic Relevance   
1                    Comprehensiveness of Information   
2                             Accuracy of Information   
3                        Innovativeness of Viewpoints   
4       Integration of Interdisciplinary Perspectives   
5                        Clarity of Logical Structure   
6               Reasonableness of Chapter Arrangement   
7              Quality of Introduction and Conclusion   
8              Accuracy and Completeness of Citations   
9              Timeliness and Relevance of References   
10   Avoidance of Plagiarism and Appropriate Citation   
11             Critical Analysis of Existing Research   
12   Proposal of New Research Directions or Questions   
13                Potential Contribution to the Field   
14             Clarity of Research Method Description   
15                    Rationality of Method Selection   
16                           Rigor of Research Design   
17               Inclusion of Latest Research Results   
18            Reflection of Current Research Hotspots   
19                     Fluency of Language Expression   
20    Appropriateness of Professional Terminology Use   
21                          Conciseness of Expression   
22  Practical Application Potential of Research Re...   
23                Feasibility of Proposed Suggestions   
24                             Logic of Argumentation   
25                   Multi-angle Analysis of Problems   
26  Identification and Discussion of Research Limi...   

    ICC (Intraclass Correlation Coefficient) ICC 95% Confidence Interval  \
0                                   0.565591                [0.46, 0.67]   
1                                   0.886786                [0.84, 0.92]   
2                                   0.492392                [0.39, 0.61]   
3                                   0.767863                [0.69, 0.84]   
4                                   0.887471                [0.84, 0.92]   
5                                   0.868941                [0.82, 0.91]   
6                                   0.850371                  [0.8, 0.9]   
7                                   0.684078                [0.59, 0.77]   
8                                   0.442036                [0.34, 0.56]   
9                                   0.523277                [0.42, 0.64]   
10                                  0.281906                 [0.19, 0.4]   
11                                  0.771786                 [0.7, 0.84]   
12                                  0.571396                [0.47, 0.68]   
13                                  0.754175                [0.68, 0.83]   
14                                  0.566890                [0.47, 0.67]   
15                                  0.569220                [0.47, 0.68]   
16                                  0.532117                [0.43, 0.64]   
17                                  0.536965                [0.44, 0.65]   
18                                  0.556785                [0.46, 0.67]   
19                                  0.825830                [0.76, 0.88]   
20                                  0.834549                [0.78, 0.89]   
21                                  0.694684                [0.61, 0.78]   
22                                  0.670806                [0.58, 0.76]   
23                                  0.433370                [0.33, 0.55]   
24                                  0.804138                [0.74, 0.86]   
25                                  0.752684                [0.67, 0.83]   
26                                  0.561839                [0.46, 0.67]   

    Transitivity Consistency Ratio (%)  
0                            89.090909  
1                            84.242424  
2                            87.272727  
3                            83.030303  
4                            86.060606  
5                            81.818182  
6                            84.242424  
7                            86.666667  
8                            87.272727  
9                            83.030303  
10                           87.272727  
11                           82.424242  
12                           84.848485  
13                           83.030303  
14                           87.272727  
15                           87.272727  
16                           87.272727  
17                           83.030303  
18                           84.848485  
19                           87.272727  
20                           85.454545  
21                           86.666667  
22                           81.818182  
23                           89.090909  
24                           84.242424  
25                           84.242424  
26                           83.636364  

Results have been saved to 'reliability_analysis.csv'
