Author
10    20.743926
3     28.181540
6     34.531298
1     35.077780
8     61.716048
7     73.817165
0     74.358641
4     75.759926
2     81.540864
9     88.049418
5     88.583991
Name: Score, dtype: float64

Results have been saved to 'pagerank_results_balanced.csv'
Combined Results:
                                          Subcategory  \
0                                     Topic Relevance   
1                    Comprehensiveness of Information   
2                             Accuracy of Information   
3                        Innovativeness of Viewpoints   
4       Integration of Interdisciplinary Perspectives   
5                        Clarity of Logical Structure   
6               Reasonableness of Chapter Arrangement   
7              Quality of Introduction and Conclusion   
8              Accuracy and Completeness of Citations   
9              Timeliness and Relevance of References   
10   Avoidance of Plagiarism and Appropriate Citation   
11             Critical Analysis of Existing Research   
12   Proposal of New Research Directions or Questions   
13                Potential Contribution to the Field   
14             Clarity of Research Method Description   
15                    Rationality of Method Selection   
16                           Rigor of Research Design   
17               Inclusion of Latest Research Results   
18            Reflection of Current Research Hotspots   
19                     Fluency of Language Expression   
20    Appropriateness of Professional Terminology Use   
21                          Conciseness of Expression   
22  Practical Application Potential of Research Re...   
23                Feasibility of Proposed Suggestions   
24                             Logic of Argumentation   
25                   Multi-angle Analysis of Problems   
26  Identification and Discussion of Research Limi...   

    ICC (Intraclass Correlation Coefficient) ICC 95% Confidence Interval  \
0                                   0.423636                [0.32, 0.55]   
1                                   0.733736                [0.65, 0.81]   
2                                   0.394208                 [0.3, 0.51]   
3                                   0.651241                [0.56, 0.75]   
4                                   0.636518                [0.54, 0.73]   
5                                   0.739949                [0.66, 0.82]   
6                                   0.699343                [0.61, 0.78]   
7                                   0.635554                [0.54, 0.73]   
8                                   0.578317                [0.48, 0.68]   
9                                   0.720331                 [0.64, 0.8]   
10                                  0.288854                  [0.2, 0.4]   
11                                  0.695450                 [0.6, 0.78]   
12                                  0.681201                [0.59, 0.77]   
13                                  0.676425                [0.58, 0.77]   
14                                  0.653082                [0.56, 0.75]   
15                                  0.645235                [0.55, 0.74]   
16                                  0.626174                [0.53, 0.73]   
17                                  0.699052                [0.61, 0.78]   
18                                  0.661913                [0.57, 0.75]   
19                                  0.637067                [0.54, 0.73]   
20                                  0.602692                 [0.5, 0.71]   
21                                  0.615026                [0.52, 0.72]   
22                                  0.625315                [0.52, 0.73]   
23                                  0.570460                [0.47, 0.68]   
24                                  0.654627                [0.56, 0.75]   
25                                  0.639806                [0.54, 0.74]   
26                                  0.603340                 [0.5, 0.71]   

    Transitivity Consistency Ratio (%)  
0                            75.757576  
1                            76.363636  
2                            80.000000  
3                            79.393939  
4                            70.909091  
5                            78.181818  
6                            76.969697  
7                            72.727273  
8                            81.212121  
9                            77.575758  
10                           81.818182  
11                           75.151515  
12                           76.363636  
13                           75.151515  
14                           76.363636  
15                           76.363636  
16                           76.363636  
17                           76.969697  
18                           72.727273  
19                           75.151515  
20                           75.757576  
21                           73.333333  
22                           75.151515  
23                           73.939394  
24                           75.151515  
25                           73.939394  
26                           74.545455  

Results have been saved to 'reliability_analysis.csv'
Author
10     0.000000
3     20.839450
1     25.188226
6     29.064915
8     57.352493
7     80.327903
2     86.901259
0     92.062263
9     94.103425
5     96.608958
4     99.143370
Name: Score, dtype: float64

Results have been saved to 'pagerank_results_balanced.csv'
Combined Results:
                                          Subcategory  \
0                                     Topic Relevance   
1                    Comprehensiveness of Information   
2                             Accuracy of Information   
3                        Innovativeness of Viewpoints   
4       Integration of Interdisciplinary Perspectives   
5                        Clarity of Logical Structure   
6               Reasonableness of Chapter Arrangement   
7              Quality of Introduction and Conclusion   
8              Accuracy and Completeness of Citations   
9              Timeliness and Relevance of References   
10   Avoidance of Plagiarism and Appropriate Citation   
11             Critical Analysis of Existing Research   
12   Proposal of New Research Directions or Questions   
13                Potential Contribution to the Field   
14             Clarity of Research Method Description   
15                    Rationality of Method Selection   
16                           Rigor of Research Design   
17               Inclusion of Latest Research Results   
18            Reflection of Current Research Hotspots   
19                     Fluency of Language Expression   
20    Appropriateness of Professional Terminology Use   
21                          Conciseness of Expression   
22  Practical Application Potential of Research Re...   
23                Feasibility of Proposed Suggestions   
24                             Logic of Argumentation   
25                   Multi-angle Analysis of Problems   
26  Identification and Discussion of Research Limi...   

    ICC (Intraclass Correlation Coefficient) ICC 95% Confidence Interval  \
0                                   0.423636                [0.32, 0.55]   
1                                   0.733736                [0.65, 0.81]   
2                                   0.394208                 [0.3, 0.51]   
3                                   0.651241                [0.56, 0.75]   
4                                   0.636518                [0.54, 0.73]   
5                                   0.739949                [0.66, 0.82]   
6                                   0.699343                [0.61, 0.78]   
7                                   0.635554                [0.54, 0.73]   
8                                   0.578317                [0.48, 0.68]   
9                                   0.720331                 [0.64, 0.8]   
10                                  0.288854                  [0.2, 0.4]   
11                                  0.695450                 [0.6, 0.78]   
12                                  0.681201                [0.59, 0.77]   
13                                  0.676425                [0.58, 0.77]   
14                                  0.653082                [0.56, 0.75]   
15                                  0.645235                [0.55, 0.74]   
16                                  0.626174                [0.53, 0.73]   
17                                  0.699052                [0.61, 0.78]   
18                                  0.661913                [0.57, 0.75]   
19                                  0.637067                [0.54, 0.73]   
20                                  0.602692                 [0.5, 0.71]   
21                                  0.615026                [0.52, 0.72]   
22                                  0.625315                [0.52, 0.73]   
23                                  0.570460                [0.47, 0.68]   
24                                  0.654627                [0.56, 0.75]   
25                                  0.639806                [0.54, 0.74]   
26                                  0.603340                 [0.5, 0.71]   

    Transitivity Consistency Ratio (%)  
0                            72.972973  
1                            76.363636  
2                            67.647059  
3                            79.393939  
4                            70.909091  
5                            78.181818  
6                            76.969697  
7                            72.727273  
8                            73.949580  
9                            76.282051  
10                           67.391304  
11                           75.151515  
12                           76.363636  
13                           75.151515  
14                           76.363636  
15                           76.363636  
16                           76.363636  
17                           76.969697  
18                           72.727273  
19                           75.151515  
20                           75.757576  
21                           73.333333  
22                           75.151515  
23                           73.939394  
24                           75.151515  
25                           73.939394  
26                           73.417722  

Results have been saved to 'reliability_analysis.csv'
Author
10     0.000000
3     20.839450
1     25.188226
6     29.064915
8     57.352493
7     80.327903
2     86.901259
0     92.062263
9     94.103425
5     96.608958
4     99.143370
Name: Score, dtype: float64

Results have been saved to 'pagerank_results_balanced.csv'
Combined Results:
                                          Subcategory  \
0                                     Topic Relevance   
1                    Comprehensiveness of Information   
2                             Accuracy of Information   
3                        Innovativeness of Viewpoints   
4       Integration of Interdisciplinary Perspectives   
5                        Clarity of Logical Structure   
6               Reasonableness of Chapter Arrangement   
7              Quality of Introduction and Conclusion   
8              Accuracy and Completeness of Citations   
9              Timeliness and Relevance of References   
10   Avoidance of Plagiarism and Appropriate Citation   
11             Critical Analysis of Existing Research   
12   Proposal of New Research Directions or Questions   
13                Potential Contribution to the Field   
14             Clarity of Research Method Description   
15                    Rationality of Method Selection   
16                           Rigor of Research Design   
17               Inclusion of Latest Research Results   
18            Reflection of Current Research Hotspots   
19                     Fluency of Language Expression   
20    Appropriateness of Professional Terminology Use   
21                          Conciseness of Expression   
22  Practical Application Potential of Research Re...   
23                Feasibility of Proposed Suggestions   
24                             Logic of Argumentation   
25                   Multi-angle Analysis of Problems   
26  Identification and Discussion of Research Limi...   

    ICC (Intraclass Correlation Coefficient) ICC 95% Confidence Interval  \
0                                   0.423636                [0.32, 0.55]   
1                                   0.733736                [0.65, 0.81]   
2                                   0.394208                 [0.3, 0.51]   
3                                   0.651241                [0.56, 0.75]   
4                                   0.636518                [0.54, 0.73]   
5                                   0.739949                [0.66, 0.82]   
6                                   0.699343                [0.61, 0.78]   
7                                   0.635554                [0.54, 0.73]   
8                                   0.578317                [0.48, 0.68]   
9                                   0.720331                 [0.64, 0.8]   
10                                  0.288854                  [0.2, 0.4]   
11                                  0.695450                 [0.6, 0.78]   
12                                  0.681201                [0.59, 0.77]   
13                                  0.676425                [0.58, 0.77]   
14                                  0.653082                [0.56, 0.75]   
15                                  0.645235                [0.55, 0.74]   
16                                  0.626174                [0.53, 0.73]   
17                                  0.699052                [0.61, 0.78]   
18                                  0.661913                [0.57, 0.75]   
19                                  0.637067                [0.54, 0.73]   
20                                  0.602692                 [0.5, 0.71]   
21                                  0.615026                [0.52, 0.72]   
22                                  0.625315                [0.52, 0.73]   
23                                  0.570460                [0.47, 0.68]   
24                                  0.654627                [0.56, 0.75]   
25                                  0.639806                [0.54, 0.74]   
26                                  0.603340                 [0.5, 0.71]   

    Transitivity Consistency Ratio (%)  
0                            72.972973  
1                            76.363636  
2                            67.647059  
3                            79.393939  
4                            70.909091  
5                            78.181818  
6                            76.969697  
7                            72.727273  
8                            73.949580  
9                            76.282051  
10                           67.391304  
11                           75.151515  
12                           76.363636  
13                           75.151515  
14                           76.363636  
15                           76.363636  
16                           76.363636  
17                           76.969697  
18                           72.727273  
19                           75.151515  
20                           75.757576  
21                           73.333333  
22                           75.151515  
23                           73.939394  
24                           75.151515  
25                           73.939394  
26                           73.417722  

Results have been saved to 'reliability_analysis.csv'
