Author
2       2.110616
5       2.134499
8       2.142796
6       2.163703
10      2.523319
7       3.444418
4      19.059856
0      25.001827
1      28.912690
3      62.529231
9     100.000000
Name: Score, dtype: float64

Results have been saved to 'pagerank_results_balanced.csv'
Combined Results:
                                          Subcategory  \
0                                     Topic Relevance   
1                    Comprehensiveness of Information   
2                             Accuracy of Information   
3                        Innovativeness of Viewpoints   
4       Integration of Interdisciplinary Perspectives   
5                        Clarity of Logical Structure   
6               Reasonableness of Chapter Arrangement   
7              Quality of Introduction and Conclusion   
8              Accuracy and Completeness of Citations   
9              Timeliness and Relevance of References   
10   Avoidance of Plagiarism and Appropriate Citation   
11             Critical Analysis of Existing Research   
12   Proposal of New Research Directions or Questions   
13                Potential Contribution to the Field   
14             Clarity of Research Method Description   
15                    Rationality of Method Selection   
16                           Rigor of Research Design   
17               Inclusion of Latest Research Results   
18            Reflection of Current Research Hotspots   
19                     Fluency of Language Expression   
20    Appropriateness of Professional Terminology Use   
21                          Conciseness of Expression   
22  Practical Application Potential of Research Re...   
23                Feasibility of Proposed Suggestions   
24                             Logic of Argumentation   
25                   Multi-angle Analysis of Problems   
26  Identification and Discussion of Research Limi...   

    ICC (Intraclass Correlation Coefficient) ICC 95% Confidence Interval  \
0                                   0.739150                [0.66, 0.82]   
1                                   0.906220                [0.87, 0.94]   
2                                   0.605415                [0.51, 0.71]   
3                                   0.764016                [0.69, 0.83]   
4                                   0.835195                [0.78, 0.89]   
5                                   0.786570                [0.72, 0.85]   
6                                   0.793096                [0.72, 0.86]   
7                                   0.793747                [0.72, 0.86]   
8                                   0.528898                [0.43, 0.64]   
9                                   0.666664                [0.57, 0.76]   
10                                  0.319407                [0.23, 0.44]   
11                                  0.805565                [0.74, 0.87]   
12                                  0.749529                [0.67, 0.82]   
13                                  0.783879                [0.71, 0.85]   
14                                  0.735354                [0.65, 0.81]   
15                                  0.731355                [0.65, 0.81]   
16                                  0.750376                [0.67, 0.82]   
17                                  0.681204                [0.59, 0.77]   
18                                  0.727255                [0.64, 0.81]   
19                                  0.723721                 [0.64, 0.8]   
20                                  0.729987                [0.65, 0.81]   
21                                  0.749673                [0.67, 0.82]   
22                                  0.798200                [0.73, 0.86]   
23                                  0.703793                [0.62, 0.79]   
24                                  0.795322                [0.73, 0.86]   
25                                  0.814129                [0.75, 0.87]   
26                                  0.726708                [0.64, 0.81]   

    Transitivity Consistency Ratio (%)  
0                            84.242424  
1                            70.909091  
2                            88.484848  
3                            72.727273  
4                            68.484848  
5                            72.727273  
6                            69.696970  
7                            70.303030  
8                            84.848485  
9                            67.878788  
10                           89.696970  
11                           70.303030  
12                           72.727273  
13                           69.696970  
14                           67.272727  
15                           71.515152  
16                           67.272727  
17                           67.878788  
18                           70.303030  
19                           69.696970  
20                           72.121212  
21                           69.696970  
22                           69.696970  
23                           69.696970  
24                           69.696970  
25                           70.909091  
26                           67.272727  

Results have been saved to 'reliability_analysis.csv'
Author
2       2.110616
5       2.134499
8       2.142796
6       2.163703
10      2.523319
7       3.444418
4      19.059856
0      25.001827
1      28.912690
3      62.529231
9     100.000000
Name: Score, dtype: float64

Results have been saved to 'pagerank_results_balanced.csv'
Combined Results:
                                          Subcategory  \
0                                     Topic Relevance   
1                    Comprehensiveness of Information   
2                             Accuracy of Information   
3                        Innovativeness of Viewpoints   
4       Integration of Interdisciplinary Perspectives   
5                        Clarity of Logical Structure   
6               Reasonableness of Chapter Arrangement   
7              Quality of Introduction and Conclusion   
8              Accuracy and Completeness of Citations   
9              Timeliness and Relevance of References   
10   Avoidance of Plagiarism and Appropriate Citation   
11             Critical Analysis of Existing Research   
12   Proposal of New Research Directions or Questions   
13                Potential Contribution to the Field   
14             Clarity of Research Method Description   
15                    Rationality of Method Selection   
16                           Rigor of Research Design   
17               Inclusion of Latest Research Results   
18            Reflection of Current Research Hotspots   
19                     Fluency of Language Expression   
20    Appropriateness of Professional Terminology Use   
21                          Conciseness of Expression   
22  Practical Application Potential of Research Re...   
23                Feasibility of Proposed Suggestions   
24                             Logic of Argumentation   
25                   Multi-angle Analysis of Problems   
26  Identification and Discussion of Research Limi...   

    ICC (Intraclass Correlation Coefficient) ICC 95% Confidence Interval  \
0                                   0.739150                [0.66, 0.82]   
1                                   0.906220                [0.87, 0.94]   
2                                   0.605415                [0.51, 0.71]   
3                                   0.764016                [0.69, 0.83]   
4                                   0.835195                [0.78, 0.89]   
5                                   0.786570                [0.72, 0.85]   
6                                   0.793096                [0.72, 0.86]   
7                                   0.793747                [0.72, 0.86]   
8                                   0.528898                [0.43, 0.64]   
9                                   0.666664                [0.57, 0.76]   
10                                  0.319407                [0.23, 0.44]   
11                                  0.805565                [0.74, 0.87]   
12                                  0.749529                [0.67, 0.82]   
13                                  0.783879                [0.71, 0.85]   
14                                  0.735354                [0.65, 0.81]   
15                                  0.731355                [0.65, 0.81]   
16                                  0.750376                [0.67, 0.82]   
17                                  0.681204                [0.59, 0.77]   
18                                  0.727255                [0.64, 0.81]   
19                                  0.723721                 [0.64, 0.8]   
20                                  0.729987                [0.65, 0.81]   
21                                  0.749673                [0.67, 0.82]   
22                                  0.798200                [0.73, 0.86]   
23                                  0.703793                [0.62, 0.79]   
24                                  0.795322                [0.73, 0.86]   
25                                  0.814129                [0.75, 0.87]   
26                                  0.726708                [0.64, 0.81]   

    Transitivity Consistency Ratio (%)  
0                            84.242424  
1                            70.909091  
2                            88.484848  
3                            72.727273  
4                            68.484848  
5                            72.727273  
6                            69.696970  
7                            70.303030  
8                            84.848485  
9                            67.878788  
10                           89.696970  
11                           70.303030  
12                           72.727273  
13                           69.696970  
14                           67.272727  
15                           71.515152  
16                           67.272727  
17                           67.878788  
18                           70.303030  
19                           69.696970  
20                           72.121212  
21                           69.696970  
22                           69.696970  
23                           69.696970  
24                           69.696970  
25                           70.909091  
26                           67.272727  

Results have been saved to 'reliability_analysis.csv'
Author
8       1.956353
10      1.967188
6       1.974535
2       1.992611
5       2.464272
7       3.501781
4      16.594441
0      25.352865
1      28.015148
3      64.067101
9     100.000000
Name: Score, dtype: float64

Results have been saved to 'pagerank_results_balanced.csv'
Combined Results:
                                          Subcategory  \
0                                     Topic Relevance   
1                    Comprehensiveness of Information   
2                             Accuracy of Information   
3                        Innovativeness of Viewpoints   
4       Integration of Interdisciplinary Perspectives   
5                        Clarity of Logical Structure   
6               Reasonableness of Chapter Arrangement   
7              Quality of Introduction and Conclusion   
8              Accuracy and Completeness of Citations   
9              Timeliness and Relevance of References   
10   Avoidance of Plagiarism and Appropriate Citation   
11             Critical Analysis of Existing Research   
12   Proposal of New Research Directions or Questions   
13                Potential Contribution to the Field   
14             Clarity of Research Method Description   
15                    Rationality of Method Selection   
16                           Rigor of Research Design   
17               Inclusion of Latest Research Results   
18            Reflection of Current Research Hotspots   
19                     Fluency of Language Expression   
20    Appropriateness of Professional Terminology Use   
21                          Conciseness of Expression   
22  Practical Application Potential of Research Re...   
23                Feasibility of Proposed Suggestions   
24                             Logic of Argumentation   
25                   Multi-angle Analysis of Problems   
26  Identification and Discussion of Research Limi...   

    ICC (Intraclass Correlation Coefficient) ICC 95% Confidence Interval  \
0                                   0.739150                [0.66, 0.82]   
1                                   0.906220                [0.87, 0.94]   
2                                   0.605415                [0.51, 0.71]   
3                                   0.764016                [0.69, 0.83]   
4                                   0.835195                [0.78, 0.89]   
5                                   0.786570                [0.72, 0.85]   
6                                   0.793096                [0.72, 0.86]   
7                                   0.793747                [0.72, 0.86]   
8                                   0.528898                [0.43, 0.64]   
9                                   0.666664                [0.57, 0.76]   
10                                  0.319407                [0.23, 0.44]   
11                                  0.805565                [0.74, 0.87]   
12                                  0.749529                [0.67, 0.82]   
13                                  0.783879                [0.71, 0.85]   
14                                  0.735354                [0.65, 0.81]   
15                                  0.731355                [0.65, 0.81]   
16                                  0.750376                [0.67, 0.82]   
17                                  0.681204                [0.59, 0.77]   
18                                  0.727255                [0.64, 0.81]   
19                                  0.723721                 [0.64, 0.8]   
20                                  0.729987                [0.65, 0.81]   
21                                  0.749673                [0.67, 0.82]   
22                                  0.798200                [0.73, 0.86]   
23                                  0.703793                [0.62, 0.79]   
24                                  0.795322                [0.73, 0.86]   
25                                  0.814129                [0.75, 0.87]   
26                                  0.726708                [0.64, 0.81]   

    Transitivity Consistency Ratio (%)  
0                            23.529412  
1                            68.000000  
2                            26.923077  
3                            69.594595  
4                            64.864865  
5                            64.285714  
6                            66.666667  
7                            65.734266  
8                            40.476190  
9                            62.411348  
10                           29.166667  
11                           67.333333  
12                           69.594595  
13                           66.666667  
14                           63.758389  
15                           66.901408  
16                           63.758389  
17                           63.698630  
18                           66.891892  
19                           65.034965  
20                           58.181818  
21                           66.666667  
22                           66.666667  
23                           66.666667  
24                           66.666667  
25                           66.197183  
26                           63.758389  

Results have been saved to 'reliability_analysis.csv'
Author
8       1.956353
10      1.967188
6       1.974535
2       1.992611
5       2.464272
7       3.501781
4      16.594441
0      25.352865
1      28.015148
3      64.067101
9     100.000000
Name: Score, dtype: float64

Results have been saved to 'pagerank_results_balanced.csv'
Combined Results:
                                          Subcategory  \
0                                     Topic Relevance   
1                    Comprehensiveness of Information   
2                             Accuracy of Information   
3                        Innovativeness of Viewpoints   
4       Integration of Interdisciplinary Perspectives   
5                        Clarity of Logical Structure   
6               Reasonableness of Chapter Arrangement   
7              Quality of Introduction and Conclusion   
8              Accuracy and Completeness of Citations   
9              Timeliness and Relevance of References   
10   Avoidance of Plagiarism and Appropriate Citation   
11             Critical Analysis of Existing Research   
12   Proposal of New Research Directions or Questions   
13                Potential Contribution to the Field   
14             Clarity of Research Method Description   
15                    Rationality of Method Selection   
16                           Rigor of Research Design   
17               Inclusion of Latest Research Results   
18            Reflection of Current Research Hotspots   
19                     Fluency of Language Expression   
20    Appropriateness of Professional Terminology Use   
21                          Conciseness of Expression   
22  Practical Application Potential of Research Re...   
23                Feasibility of Proposed Suggestions   
24                             Logic of Argumentation   
25                   Multi-angle Analysis of Problems   
26  Identification and Discussion of Research Limi...   

    ICC (Intraclass Correlation Coefficient) ICC 95% Confidence Interval  \
0                                   0.739150                [0.66, 0.82]   
1                                   0.906220                [0.87, 0.94]   
2                                   0.605415                [0.51, 0.71]   
3                                   0.764016                [0.69, 0.83]   
4                                   0.835195                [0.78, 0.89]   
5                                   0.786570                [0.72, 0.85]   
6                                   0.793096                [0.72, 0.86]   
7                                   0.793747                [0.72, 0.86]   
8                                   0.528898                [0.43, 0.64]   
9                                   0.666664                [0.57, 0.76]   
10                                  0.319407                [0.23, 0.44]   
11                                  0.805565                [0.74, 0.87]   
12                                  0.749529                [0.67, 0.82]   
13                                  0.783879                [0.71, 0.85]   
14                                  0.735354                [0.65, 0.81]   
15                                  0.731355                [0.65, 0.81]   
16                                  0.750376                [0.67, 0.82]   
17                                  0.681204                [0.59, 0.77]   
18                                  0.727255                [0.64, 0.81]   
19                                  0.723721                 [0.64, 0.8]   
20                                  0.729987                [0.65, 0.81]   
21                                  0.749673                [0.67, 0.82]   
22                                  0.798200                [0.73, 0.86]   
23                                  0.703793                [0.62, 0.79]   
24                                  0.795322                [0.73, 0.86]   
25                                  0.814129                [0.75, 0.87]   
26                                  0.726708                [0.64, 0.81]   

    Transitivity Consistency Ratio (%)  
0                            23.529412  
1                            68.000000  
2                            26.923077  
3                            69.594595  
4                            64.864865  
5                            64.285714  
6                            66.666667  
7                            65.734266  
8                            40.476190  
9                            62.411348  
10                           29.166667  
11                           67.333333  
12                           69.594595  
13                           66.666667  
14                           63.758389  
15                           66.901408  
16                           63.758389  
17                           63.698630  
18                           66.891892  
19                           65.034965  
20                           58.181818  
21                           66.666667  
22                           66.666667  
23                           66.666667  
24                           66.666667  
25                           66.197183  
26                           63.758389  

Results have been saved to 'reliability_analysis.csv'
