Author
8     20.112438
6     21.359120
4     34.297781
0     41.615496
7     46.005406
3     51.048030
5     52.790050
9     61.148172
2     71.150271
10    73.356316
1     78.065392
Name: Score, dtype: float64

Results have been saved to 'pagerank_results_balanced.csv'
Combined Results:
                                          Subcategory  \
0                                     Topic Relevance   
1                    Comprehensiveness of Information   
2                             Accuracy of Information   
3                        Innovativeness of Viewpoints   
4       Integration of Interdisciplinary Perspectives   
5                        Clarity of Logical Structure   
6               Reasonableness of Chapter Arrangement   
7              Quality of Introduction and Conclusion   
8              Accuracy and Completeness of Citations   
9              Timeliness and Relevance of References   
10   Avoidance of Plagiarism and Appropriate Citation   
11             Critical Analysis of Existing Research   
12   Proposal of New Research Directions or Questions   
13                Potential Contribution to the Field   
14             Clarity of Research Method Description   
15                    Rationality of Method Selection   
16                           Rigor of Research Design   
17               Inclusion of Latest Research Results   
18            Reflection of Current Research Hotspots   
19                     Fluency of Language Expression   
20    Appropriateness of Professional Terminology Use   
21                          Conciseness of Expression   
22  Practical Application Potential of Research Re...   
23                Feasibility of Proposed Suggestions   
24                             Logic of Argumentation   
25                   Multi-angle Analysis of Problems   
26  Identification and Discussion of Research Limi...   

    ICC (Intraclass Correlation Coefficient) ICC 95% Confidence Interval  \
0                                   0.671579                [0.57, 0.77]   
1                                   0.807834                [0.73, 0.87]   
2                                   0.428085                [0.33, 0.55]   
3                                   0.120110                [0.06, 0.21]   
4                                   0.647381                [0.55, 0.74]   
5                                   0.693690                 [0.6, 0.78]   
6                                   0.703660                [0.61, 0.79]   
7                                   0.649662                [0.55, 0.75]   
8                                   0.395420                 [0.3, 0.52]   
9                                   0.395746                 [0.3, 0.52]   
10                                  0.290040                 [0.2, 0.41]   
11                                  0.325295                [0.23, 0.44]   
12                                  0.214175                [0.14, 0.32]   
13                                  0.241003                [0.16, 0.35]   
14                                  0.703348                [0.61, 0.79]   
15                                  0.690324                 [0.6, 0.78]   
16                                  0.688731                [0.59, 0.78]   
17                                  0.390123                [0.29, 0.51]   
18                                  0.415679                [0.32, 0.54]   
19                                  0.619690                [0.52, 0.72]   
20                                  0.615680                [0.51, 0.72]   
21                                  0.637150                [0.54, 0.74]   
22                                  0.365210                [0.27, 0.49]   
23                                  0.260669                [0.18, 0.37]   
24                                  0.616945                [0.52, 0.72]   
25                                  0.629761                [0.53, 0.73]   
26                                  0.605792                 [0.5, 0.71]   

    Transitivity Consistency Ratio (%)  
0                            83.030303  
1                            84.848485  
2                            86.060606  
3                            83.636364  
4                            84.242424  
5                            84.242424  
6                            81.818182  
7                            85.454545  
8                            83.636364  
9                            87.878788  
10                           83.030303  
11                           84.242424  
12                           85.454545  
13                           84.242424  
14                           81.212121  
15                           84.848485  
16                           83.030303  
17                           87.272727  
18                           90.909091  
19                           83.636364  
20                           83.030303  
21                           84.242424  
22                           85.454545  
23                           84.242424  
24                           87.272727  
25                           83.030303  
26                           84.242424  

Results have been saved to 'reliability_analysis.csv'
Author
5      2.429800
4      4.929653
1      5.860706
0      5.870195
7      6.082629
2      7.265773
3     11.171338
10    43.365496
8     60.458311
6     61.655888
9     98.994529
Name: Score, dtype: float64

Results have been saved to 'pagerank_results_balanced.csv'
Combined Results:
                                          Subcategory  \
0                                     Topic Relevance   
1                    Comprehensiveness of Information   
2                             Accuracy of Information   
3                        Innovativeness of Viewpoints   
4       Integration of Interdisciplinary Perspectives   
5                        Clarity of Logical Structure   
6               Reasonableness of Chapter Arrangement   
7              Quality of Introduction and Conclusion   
8              Accuracy and Completeness of Citations   
9              Timeliness and Relevance of References   
10   Avoidance of Plagiarism and Appropriate Citation   
11             Critical Analysis of Existing Research   
12   Proposal of New Research Directions or Questions   
13                Potential Contribution to the Field   
14             Clarity of Research Method Description   
15                    Rationality of Method Selection   
16                           Rigor of Research Design   
17               Inclusion of Latest Research Results   
18            Reflection of Current Research Hotspots   
19                     Fluency of Language Expression   
20    Appropriateness of Professional Terminology Use   
21                          Conciseness of Expression   
22  Practical Application Potential of Research Re...   
23                Feasibility of Proposed Suggestions   
24                             Logic of Argumentation   
25                   Multi-angle Analysis of Problems   
26  Identification and Discussion of Research Limi...   

    ICC (Intraclass Correlation Coefficient) ICC 95% Confidence Interval  \
0                                   0.671579                [0.57, 0.77]   
1                                   0.807834                [0.73, 0.87]   
2                                   0.428085                [0.33, 0.55]   
3                                   0.120110                [0.06, 0.21]   
4                                   0.647381                [0.55, 0.74]   
5                                   0.693690                 [0.6, 0.78]   
6                                   0.703660                [0.61, 0.79]   
7                                   0.649662                [0.55, 0.75]   
8                                   0.395420                 [0.3, 0.52]   
9                                   0.395746                 [0.3, 0.52]   
10                                  0.290040                 [0.2, 0.41]   
11                                  0.325295                [0.23, 0.44]   
12                                  0.214175                [0.14, 0.32]   
13                                  0.241003                [0.16, 0.35]   
14                                  0.703348                [0.61, 0.79]   
15                                  0.690324                 [0.6, 0.78]   
16                                  0.688731                [0.59, 0.78]   
17                                  0.390123                [0.29, 0.51]   
18                                  0.415679                [0.32, 0.54]   
19                                  0.619690                [0.52, 0.72]   
20                                  0.615680                [0.51, 0.72]   
21                                  0.637150                [0.54, 0.74]   
22                                  0.365210                [0.27, 0.49]   
23                                  0.260669                [0.18, 0.37]   
24                                  0.616945                [0.52, 0.72]   
25                                  0.629761                [0.53, 0.73]   
26                                  0.605792                 [0.5, 0.71]   

    Transitivity Consistency Ratio (%)  
0                            80.000000  
1                            84.076433  
2                            65.671642  
3                            82.911392  
4                            84.242424  
5                            84.242424  
6                            81.818182  
7                            85.454545  
8                            81.879195  
9                            87.878788  
10                           69.230769  
11                           83.544304  
12                           84.000000  
13                           82.432432  
14                           81.212121  
15                           84.848485  
16                           83.030303  
17                           86.708861  
18                           90.909091  
19                           83.636364  
20                           83.030303  
21                           84.242424  
22                           84.615385  
23                           84.242424  
24                           87.272727  
25                           83.030303  
26                           84.242424  

Results have been saved to 'reliability_analysis.csv'
Author
5      2.429800
4      4.929653
1      5.860706
0      5.870195
7      6.082629
2      7.265773
3     11.171338
10    43.365496
8     60.458311
6     61.655888
9     98.994529
Name: Score, dtype: float64

Results have been saved to 'pagerank_results_balanced.csv'
Combined Results:
                                          Subcategory  \
0                                     Topic Relevance   
1                    Comprehensiveness of Information   
2                             Accuracy of Information   
3                        Innovativeness of Viewpoints   
4       Integration of Interdisciplinary Perspectives   
5                        Clarity of Logical Structure   
6               Reasonableness of Chapter Arrangement   
7              Quality of Introduction and Conclusion   
8              Accuracy and Completeness of Citations   
9              Timeliness and Relevance of References   
10   Avoidance of Plagiarism and Appropriate Citation   
11             Critical Analysis of Existing Research   
12   Proposal of New Research Directions or Questions   
13                Potential Contribution to the Field   
14             Clarity of Research Method Description   
15                    Rationality of Method Selection   
16                           Rigor of Research Design   
17               Inclusion of Latest Research Results   
18            Reflection of Current Research Hotspots   
19                     Fluency of Language Expression   
20    Appropriateness of Professional Terminology Use   
21                          Conciseness of Expression   
22  Practical Application Potential of Research Re...   
23                Feasibility of Proposed Suggestions   
24                             Logic of Argumentation   
25                   Multi-angle Analysis of Problems   
26  Identification and Discussion of Research Limi...   

    ICC (Intraclass Correlation Coefficient) ICC 95% Confidence Interval  \
0                                   0.671579                [0.57, 0.77]   
1                                   0.807834                [0.73, 0.87]   
2                                   0.428085                [0.33, 0.55]   
3                                   0.120110                [0.06, 0.21]   
4                                   0.647381                [0.55, 0.74]   
5                                   0.693690                 [0.6, 0.78]   
6                                   0.703660                [0.61, 0.79]   
7                                   0.649662                [0.55, 0.75]   
8                                   0.395420                 [0.3, 0.52]   
9                                   0.395746                 [0.3, 0.52]   
10                                  0.290040                 [0.2, 0.41]   
11                                  0.325295                [0.23, 0.44]   
12                                  0.214175                [0.14, 0.32]   
13                                  0.241003                [0.16, 0.35]   
14                                  0.703348                [0.61, 0.79]   
15                                  0.690324                 [0.6, 0.78]   
16                                  0.688731                [0.59, 0.78]   
17                                  0.390123                [0.29, 0.51]   
18                                  0.415679                [0.32, 0.54]   
19                                  0.619690                [0.52, 0.72]   
20                                  0.615680                [0.51, 0.72]   
21                                  0.637150                [0.54, 0.74]   
22                                  0.365210                [0.27, 0.49]   
23                                  0.260669                [0.18, 0.37]   
24                                  0.616945                [0.52, 0.72]   
25                                  0.629761                [0.53, 0.73]   
26                                  0.605792                 [0.5, 0.71]   

    Transitivity Consistency Ratio (%)  
0                            80.000000  
1                            84.076433  
2                            65.671642  
3                            82.911392  
4                            84.242424  
5                            84.242424  
6                            81.818182  
7                            85.454545  
8                            81.879195  
9                            87.878788  
10                           69.230769  
11                           83.544304  
12                           84.000000  
13                           82.432432  
14                           81.212121  
15                           84.848485  
16                           83.030303  
17                           86.708861  
18                           90.909091  
19                           83.636364  
20                           83.030303  
21                           84.242424  
22                           84.615385  
23                           84.242424  
24                           87.272727  
25                           83.030303  
26                           84.242424  

Results have been saved to 'reliability_analysis.csv'
