Author
1      13.197466
3      14.013979
7      14.987555
4      15.095568
8      15.359386
10     20.808483
0      27.309707
5      58.948479
2      59.569203
6      65.557628
9     100.000000
Name: Score, dtype: float64

Results have been saved to 'pagerank_results_balanced.csv'
Combined Results:
                                          Subcategory  \
0                                     Topic Relevance   
1                    Comprehensiveness of Information   
2                             Accuracy of Information   
3                        Innovativeness of Viewpoints   
4       Integration of Interdisciplinary Perspectives   
5                        Clarity of Logical Structure   
6               Reasonableness of Chapter Arrangement   
7              Quality of Introduction and Conclusion   
8              Accuracy and Completeness of Citations   
9              Timeliness and Relevance of References   
10   Avoidance of Plagiarism and Appropriate Citation   
11             Critical Analysis of Existing Research   
12   Proposal of New Research Directions or Questions   
13                Potential Contribution to the Field   
14             Clarity of Research Method Description   
15                    Rationality of Method Selection   
16                           Rigor of Research Design   
17               Inclusion of Latest Research Results   
18            Reflection of Current Research Hotspots   
19                     Fluency of Language Expression   
20    Appropriateness of Professional Terminology Use   
21                          Conciseness of Expression   
22  Practical Application Potential of Research Re...   
23                Feasibility of Proposed Suggestions   
24                             Logic of Argumentation   
25                   Multi-angle Analysis of Problems   
26  Identification and Discussion of Research Limi...   

    ICC (Intraclass Correlation Coefficient) ICC 95% Confidence Interval  \
0                                   0.418837                [0.32, 0.54]   
1                                   0.669162                [0.58, 0.76]   
2                                   0.511359                [0.41, 0.63]   
3                                   0.529758                [0.43, 0.64]   
4                                   0.696766                [0.61, 0.78]   
5                                   0.555116                [0.45, 0.66]   
6                                   0.539002                [0.44, 0.65]   
7                                   0.504364                 [0.4, 0.62]   
8                                   0.549103                [0.45, 0.66]   
9                                   0.551671                [0.45, 0.66]   
10                                  0.225428                [0.15, 0.33]   
11                                  0.497142                 [0.4, 0.61]   
12                                  0.512573                [0.41, 0.63]   
13                                  0.515564                [0.41, 0.63]   
14                                  0.617974                [0.52, 0.72]   
15                                  0.623174                [0.53, 0.72]   
16                                  0.622345                [0.53, 0.72]   
17                                  0.561959                [0.46, 0.67]   
18                                  0.522079                [0.42, 0.63]   
19                                  0.559934                [0.46, 0.67]   
20                                  0.542265                [0.44, 0.65]   
21                                  0.537864                [0.44, 0.65]   
22                                  0.494151                [0.39, 0.61]   
23                                  0.461746                [0.36, 0.58]   
24                                  0.570137                [0.47, 0.68]   
25                                  0.596634                  [0.5, 0.7]   
26                                  0.544211                [0.44, 0.65]   

    Transitivity Consistency Ratio (%)  
0                            97.575758  
1                            80.000000  
2                            96.363636  
3                            76.363636  
4                            72.121212  
5                            73.333333  
6                            73.939394  
7                            73.939394  
8                            92.121212  
9                            75.757576  
10                           99.393939  
11                           76.363636  
12                           76.363636  
13                           76.363636  
14                           78.787879  
15                           76.969697  
16                           76.969697  
17                           75.757576  
18                           72.121212  
19                           72.121212  
20                           81.212121  
21                           71.515152  
22                           76.363636  
23                           75.151515  
24                           72.121212  
25                           72.121212  
26                           70.909091  

Results have been saved to 'reliability_analysis.csv'
Author
10      0.000000
1      44.657126
3      57.758838
7      59.183524
8      64.252349
4      64.700327
0      80.945272
5      91.439199
2      92.742833
6      94.380360
9     100.000000
Name: Score, dtype: float64

Results have been saved to 'pagerank_results_balanced.csv'
Combined Results:
                                          Subcategory  \
0                                     Topic Relevance   
1                    Comprehensiveness of Information   
2                             Accuracy of Information   
3                        Innovativeness of Viewpoints   
4       Integration of Interdisciplinary Perspectives   
5                        Clarity of Logical Structure   
6               Reasonableness of Chapter Arrangement   
7              Quality of Introduction and Conclusion   
8              Accuracy and Completeness of Citations   
9              Timeliness and Relevance of References   
10   Avoidance of Plagiarism and Appropriate Citation   
11             Critical Analysis of Existing Research   
12   Proposal of New Research Directions or Questions   
13                Potential Contribution to the Field   
14             Clarity of Research Method Description   
15                    Rationality of Method Selection   
16                           Rigor of Research Design   
17               Inclusion of Latest Research Results   
18            Reflection of Current Research Hotspots   
19                     Fluency of Language Expression   
20    Appropriateness of Professional Terminology Use   
21                          Conciseness of Expression   
22  Practical Application Potential of Research Re...   
23                Feasibility of Proposed Suggestions   
24                             Logic of Argumentation   
25                   Multi-angle Analysis of Problems   
26  Identification and Discussion of Research Limi...   

    ICC (Intraclass Correlation Coefficient) ICC 95% Confidence Interval  \
0                                   0.804412                [0.74, 0.87]   
1                                   0.856032                  [0.8, 0.9]   
2                                   0.704061                [0.62, 0.79]   
3                                   0.765062                [0.69, 0.84]   
4                                   0.814362                [0.75, 0.87]   
5                                   0.644464                [0.55, 0.74]   
6                                   0.657063                [0.56, 0.75]   
7                                   0.606516                [0.51, 0.71]   
8                                   0.642969                [0.55, 0.74]   
9                                   0.686647                 [0.6, 0.77]   
10                                  0.442002                [0.34, 0.56]   
11                                  0.759647                [0.68, 0.83]   
12                                  0.737607                [0.66, 0.81]   
13                                  0.749855                [0.67, 0.82]   
14                                  0.694288                [0.61, 0.78]   
15                                  0.688377                 [0.6, 0.78]   
16                                  0.700528                [0.61, 0.79]   
17                                  0.709462                [0.62, 0.79]   
18                                  0.711729                [0.63, 0.79]   
19                                  0.548255                [0.45, 0.66]   
20                                  0.613636                [0.52, 0.71]   
21                                  0.523585                [0.42, 0.64]   
22                                  0.726499                [0.64, 0.81]   
23                                  0.635575                [0.54, 0.73]   
24                                  0.714454                 [0.63, 0.8]   
25                                  0.700337                [0.61, 0.79]   
26                                  0.682940                [0.59, 0.77]   

    Transitivity Consistency Ratio (%)  
0                            95.757576  
1                            78.787879  
2                            96.363636  
3                            78.181818  
4                            78.787879  
5                            76.363636  
6                            76.363636  
7                            76.363636  
8                            92.121212  
9                            76.969697  
10                           95.757576  
11                           79.393939  
12                           78.181818  
13                           79.393939  
14                           78.787879  
15                           76.969697  
16                           76.969697  
17                           76.969697  
18                           76.363636  
19                           75.151515  
20                           80.000000  
21                           75.151515  
22                           79.393939  
23                           79.393939  
24                           76.363636  
25                           76.363636  
26                           76.363636  

Results have been saved to 'reliability_analysis.csv'
Author
10      0.000000
1      44.657126
3      57.758838
7      59.183524
8      64.252349
4      64.700327
0      80.945272
5      91.439199
2      92.742833
6      94.380360
9     100.000000
Name: Score, dtype: float64

Results have been saved to 'pagerank_results_balanced.csv'
Combined Results:
                                          Subcategory  \
0                                     Topic Relevance   
1                    Comprehensiveness of Information   
2                             Accuracy of Information   
3                        Innovativeness of Viewpoints   
4       Integration of Interdisciplinary Perspectives   
5                        Clarity of Logical Structure   
6               Reasonableness of Chapter Arrangement   
7              Quality of Introduction and Conclusion   
8              Accuracy and Completeness of Citations   
9              Timeliness and Relevance of References   
10   Avoidance of Plagiarism and Appropriate Citation   
11             Critical Analysis of Existing Research   
12   Proposal of New Research Directions or Questions   
13                Potential Contribution to the Field   
14             Clarity of Research Method Description   
15                    Rationality of Method Selection   
16                           Rigor of Research Design   
17               Inclusion of Latest Research Results   
18            Reflection of Current Research Hotspots   
19                     Fluency of Language Expression   
20    Appropriateness of Professional Terminology Use   
21                          Conciseness of Expression   
22  Practical Application Potential of Research Re...   
23                Feasibility of Proposed Suggestions   
24                             Logic of Argumentation   
25                   Multi-angle Analysis of Problems   
26  Identification and Discussion of Research Limi...   

    ICC (Intraclass Correlation Coefficient) ICC 95% Confidence Interval  \
0                                   0.804412                [0.74, 0.87]   
1                                   0.856032                  [0.8, 0.9]   
2                                   0.704061                [0.62, 0.79]   
3                                   0.765062                [0.69, 0.84]   
4                                   0.814362                [0.75, 0.87]   
5                                   0.644464                [0.55, 0.74]   
6                                   0.657063                [0.56, 0.75]   
7                                   0.606516                [0.51, 0.71]   
8                                   0.642969                [0.55, 0.74]   
9                                   0.686647                 [0.6, 0.77]   
10                                  0.442002                [0.34, 0.56]   
11                                  0.759647                [0.68, 0.83]   
12                                  0.737607                [0.66, 0.81]   
13                                  0.749855                [0.67, 0.82]   
14                                  0.694288                [0.61, 0.78]   
15                                  0.688377                 [0.6, 0.78]   
16                                  0.700528                [0.61, 0.79]   
17                                  0.709462                [0.62, 0.79]   
18                                  0.711729                [0.63, 0.79]   
19                                  0.548255                [0.45, 0.66]   
20                                  0.613636                [0.52, 0.71]   
21                                  0.523585                [0.42, 0.64]   
22                                  0.726499                [0.64, 0.81]   
23                                  0.635575                [0.54, 0.73]   
24                                  0.714454                 [0.63, 0.8]   
25                                  0.700337                [0.61, 0.79]   
26                                  0.682940                [0.59, 0.77]   

    Transitivity Consistency Ratio (%)  
0                            95.757576  
1                            78.787879  
2                            96.363636  
3                            78.181818  
4                            78.787879  
5                            76.363636  
6                            76.363636  
7                            76.363636  
8                            92.121212  
9                            76.969697  
10                           95.757576  
11                           79.393939  
12                           78.181818  
13                           79.393939  
14                           78.787879  
15                           76.969697  
16                           76.969697  
17                           76.969697  
18                           76.363636  
19                           75.151515  
20                           80.000000  
21                           75.151515  
22                           79.393939  
23                           79.393939  
24                           76.363636  
25                           76.363636  
26                           76.363636  

Results have been saved to 'reliability_analysis.csv'
Author
10     0.000000
1     40.909976
3     55.251110
7     56.115231
4     60.746153
8     62.002391
0     77.846774
5     91.148129
2     92.239904
6     93.985097
9     99.988997
Name: Score, dtype: float64

Results have been saved to 'pagerank_results_balanced.csv'
Combined Results:
                                          Subcategory  \
0                                     Topic Relevance   
1                    Comprehensiveness of Information   
2                             Accuracy of Information   
3                        Innovativeness of Viewpoints   
4       Integration of Interdisciplinary Perspectives   
5                        Clarity of Logical Structure   
6               Reasonableness of Chapter Arrangement   
7              Quality of Introduction and Conclusion   
8              Accuracy and Completeness of Citations   
9              Timeliness and Relevance of References   
10   Avoidance of Plagiarism and Appropriate Citation   
11             Critical Analysis of Existing Research   
12   Proposal of New Research Directions or Questions   
13                Potential Contribution to the Field   
14             Clarity of Research Method Description   
15                    Rationality of Method Selection   
16                           Rigor of Research Design   
17               Inclusion of Latest Research Results   
18            Reflection of Current Research Hotspots   
19                     Fluency of Language Expression   
20    Appropriateness of Professional Terminology Use   
21                          Conciseness of Expression   
22  Practical Application Potential of Research Re...   
23                Feasibility of Proposed Suggestions   
24                             Logic of Argumentation   
25                   Multi-angle Analysis of Problems   
26  Identification and Discussion of Research Limi...   

    ICC (Intraclass Correlation Coefficient) ICC 95% Confidence Interval  \
0                                   0.804412                [0.74, 0.87]   
1                                   0.856032                  [0.8, 0.9]   
2                                   0.704061                [0.62, 0.79]   
3                                   0.765062                [0.69, 0.84]   
4                                   0.814362                [0.75, 0.87]   
5                                   0.644464                [0.55, 0.74]   
6                                   0.657063                [0.56, 0.75]   
7                                   0.606516                [0.51, 0.71]   
8                                   0.642969                [0.55, 0.74]   
9                                   0.686647                 [0.6, 0.77]   
10                                  0.442002                [0.34, 0.56]   
11                                  0.759647                [0.68, 0.83]   
12                                  0.737607                [0.66, 0.81]   
13                                  0.749855                [0.67, 0.82]   
14                                  0.694288                [0.61, 0.78]   
15                                  0.688377                 [0.6, 0.78]   
16                                  0.700528                [0.61, 0.79]   
17                                  0.709462                [0.62, 0.79]   
18                                  0.711729                [0.63, 0.79]   
19                                  0.548255                [0.45, 0.66]   
20                                  0.613636                [0.52, 0.71]   
21                                  0.523585                [0.42, 0.64]   
22                                  0.726499                [0.64, 0.81]   
23                                  0.635575                [0.54, 0.73]   
24                                  0.714454                 [0.63, 0.8]   
25                                  0.700337                [0.61, 0.79]   
26                                  0.682940                [0.59, 0.77]   

    Transitivity Consistency Ratio (%)  
0                             0.000000  
1                            78.260870  
2                            25.000000  
3                            78.181818  
4                            77.124183  
5                            76.363636  
6                            76.363636  
7                            76.363636  
8                            27.777778  
9                            74.834437  
10                           22.222222  
11                           79.393939  
12                           78.181818  
13                           79.393939  
14                           77.124183  
15                           75.796178  
16                           75.796178  
17                           74.834437  
18                           76.363636  
19                           74.375000  
20                           78.145695  
21                           75.151515  
22                           79.393939  
23                           79.393939  
24                           76.363636  
25                           76.363636  
26                           76.363636  

Results have been saved to 'reliability_analysis.csv'
Author
10     0.000000
1     40.909976
3     55.251110
7     56.115231
4     60.746153
8     62.002391
0     77.846774
5     91.148129
2     92.239904
6     93.985097
9     99.988997
Name: Score, dtype: float64

Results have been saved to 'pagerank_results_balanced.csv'
Combined Results:
                                          Subcategory  \
0                                     Topic Relevance   
1                    Comprehensiveness of Information   
2                             Accuracy of Information   
3                        Innovativeness of Viewpoints   
4       Integration of Interdisciplinary Perspectives   
5                        Clarity of Logical Structure   
6               Reasonableness of Chapter Arrangement   
7              Quality of Introduction and Conclusion   
8              Accuracy and Completeness of Citations   
9              Timeliness and Relevance of References   
10   Avoidance of Plagiarism and Appropriate Citation   
11             Critical Analysis of Existing Research   
12   Proposal of New Research Directions or Questions   
13                Potential Contribution to the Field   
14             Clarity of Research Method Description   
15                    Rationality of Method Selection   
16                           Rigor of Research Design   
17               Inclusion of Latest Research Results   
18            Reflection of Current Research Hotspots   
19                     Fluency of Language Expression   
20    Appropriateness of Professional Terminology Use   
21                          Conciseness of Expression   
22  Practical Application Potential of Research Re...   
23                Feasibility of Proposed Suggestions   
24                             Logic of Argumentation   
25                   Multi-angle Analysis of Problems   
26  Identification and Discussion of Research Limi...   

    ICC (Intraclass Correlation Coefficient) ICC 95% Confidence Interval  \
0                                   0.804412                [0.74, 0.87]   
1                                   0.856032                  [0.8, 0.9]   
2                                   0.704061                [0.62, 0.79]   
3                                   0.765062                [0.69, 0.84]   
4                                   0.814362                [0.75, 0.87]   
5                                   0.644464                [0.55, 0.74]   
6                                   0.657063                [0.56, 0.75]   
7                                   0.606516                [0.51, 0.71]   
8                                   0.642969                [0.55, 0.74]   
9                                   0.686647                 [0.6, 0.77]   
10                                  0.442002                [0.34, 0.56]   
11                                  0.759647                [0.68, 0.83]   
12                                  0.737607                [0.66, 0.81]   
13                                  0.749855                [0.67, 0.82]   
14                                  0.694288                [0.61, 0.78]   
15                                  0.688377                 [0.6, 0.78]   
16                                  0.700528                [0.61, 0.79]   
17                                  0.709462                [0.62, 0.79]   
18                                  0.711729                [0.63, 0.79]   
19                                  0.548255                [0.45, 0.66]   
20                                  0.613636                [0.52, 0.71]   
21                                  0.523585                [0.42, 0.64]   
22                                  0.726499                [0.64, 0.81]   
23                                  0.635575                [0.54, 0.73]   
24                                  0.714454                 [0.63, 0.8]   
25                                  0.700337                [0.61, 0.79]   
26                                  0.682940                [0.59, 0.77]   

    Transitivity Consistency Ratio (%)  
0                             0.000000  
1                            78.260870  
2                            25.000000  
3                            78.181818  
4                            77.124183  
5                            76.363636  
6                            76.363636  
7                            76.363636  
8                            27.777778  
9                            74.834437  
10                           22.222222  
11                           79.393939  
12                           78.181818  
13                           79.393939  
14                           77.124183  
15                           75.796178  
16                           75.796178  
17                           74.834437  
18                           76.363636  
19                           74.375000  
20                           78.145695  
21                           75.151515  
22                           79.393939  
23                           79.393939  
24                           76.363636  
25                           76.363636  
26                           76.363636  

Results have been saved to 'reliability_analysis.csv'
