Author
1      0.322135
8      2.497735
10     3.309213
2      7.349641
6     19.312192
3     35.701648
4     42.848935
0     62.416626
7     64.944172
5     72.538905
9     99.977007
Name: Score, dtype: float64

Results have been saved to 'pagerank_results_balanced.csv'
Combined Results:
                                          Subcategory  \
0                                     Topic Relevance   
1                    Comprehensiveness of Information   
2                             Accuracy of Information   
3                        Innovativeness of Viewpoints   
4       Integration of Interdisciplinary Perspectives   
5                        Clarity of Logical Structure   
6               Reasonableness of Chapter Arrangement   
7              Quality of Introduction and Conclusion   
8              Accuracy and Completeness of Citations   
9              Timeliness and Relevance of References   
10   Avoidance of Plagiarism and Appropriate Citation   
11             Critical Analysis of Existing Research   
12   Proposal of New Research Directions or Questions   
13                Potential Contribution to the Field   
14             Clarity of Research Method Description   
15                    Rationality of Method Selection   
16                           Rigor of Research Design   
17               Inclusion of Latest Research Results   
18            Reflection of Current Research Hotspots   
19                     Fluency of Language Expression   
20    Appropriateness of Professional Terminology Use   
21                          Conciseness of Expression   
22  Practical Application Potential of Research Re...   
23                Feasibility of Proposed Suggestions   
24                             Logic of Argumentation   
25                   Multi-angle Analysis of Problems   
26  Identification and Discussion of Research Limi...   

    ICC (Intraclass Correlation Coefficient) ICC 95% Confidence Interval  \
0                                   0.706458                [0.62, 0.79]   
1                                   0.877756                [0.83, 0.92]   
2                                   0.693968                [0.61, 0.78]   
3                                   0.697770                [0.61, 0.78]   
4                                   0.791906                [0.72, 0.86]   
5                                   0.750319                [0.67, 0.83]   
6                                   0.749611                [0.66, 0.83]   
7                                   0.633303                [0.54, 0.73]   
8                                   0.606374                [0.51, 0.71]   
9                                   0.748288                [0.66, 0.83]   
10                                  0.555984                [0.46, 0.66]   
11                                  0.768465                [0.69, 0.84]   
12                                  0.643202                [0.55, 0.74]   
13                                  0.760878                [0.68, 0.83]   
14                                  0.780328                [0.71, 0.85]   
15                                  0.782827                [0.71, 0.85]   
16                                  0.771133                 [0.7, 0.84]   
17                                  0.751709                [0.67, 0.83]   
18                                  0.718667                 [0.63, 0.8]   
19                                  0.608690                [0.51, 0.71]   
20                                  0.718520                 [0.63, 0.8]   
21                                  0.598743                  [0.5, 0.7]   
22                                  0.735087                [0.65, 0.81]   
23                                  0.685383                 [0.6, 0.77]   
24                                  0.719567                 [0.63, 0.8]   
25                                  0.760389                [0.68, 0.83]   
26                                  0.735571                [0.65, 0.81]   

    Transitivity Consistency Ratio (%)  
0                            89.090909  
1                            81.212121  
2                            89.090909  
3                            76.969697  
4                            79.393939  
5                            80.000000  
6                            79.393939  
7                            76.363636  
8                            85.454545  
9                            81.212121  
10                           89.090909  
11                           80.000000  
12                           75.757576  
13                           78.787879  
14                           83.636364  
15                           83.636364  
16                           80.606061  
17                           81.212121  
18                           79.393939  
19                           80.000000  
20                           84.848485  
21                           80.000000  
22                           76.969697  
23                           75.757576  
24                           81.212121  
25                           79.393939  
26                           76.969697  

Results have been saved to 'reliability_analysis.csv'
Author
10     0.000000
1      8.404561
8     17.619961
2     27.883512
6     46.375236
3     57.695935
4     65.472410
0     79.131712
7     80.670836
5     85.109425
9     99.966251
Name: Score, dtype: float64

Results have been saved to 'pagerank_results_balanced.csv'
Combined Results:
                                          Subcategory  \
0                                     Topic Relevance   
1                    Comprehensiveness of Information   
2                             Accuracy of Information   
3                        Innovativeness of Viewpoints   
4       Integration of Interdisciplinary Perspectives   
5                        Clarity of Logical Structure   
6               Reasonableness of Chapter Arrangement   
7              Quality of Introduction and Conclusion   
8              Accuracy and Completeness of Citations   
9              Timeliness and Relevance of References   
10   Avoidance of Plagiarism and Appropriate Citation   
11             Critical Analysis of Existing Research   
12   Proposal of New Research Directions or Questions   
13                Potential Contribution to the Field   
14             Clarity of Research Method Description   
15                    Rationality of Method Selection   
16                           Rigor of Research Design   
17               Inclusion of Latest Research Results   
18            Reflection of Current Research Hotspots   
19                     Fluency of Language Expression   
20    Appropriateness of Professional Terminology Use   
21                          Conciseness of Expression   
22  Practical Application Potential of Research Re...   
23                Feasibility of Proposed Suggestions   
24                             Logic of Argumentation   
25                   Multi-angle Analysis of Problems   
26  Identification and Discussion of Research Limi...   

    ICC (Intraclass Correlation Coefficient) ICC 95% Confidence Interval  \
0                                   0.654440                [0.56, 0.75]   
1                                   0.890352                [0.85, 0.93]   
2                                   0.644518                [0.55, 0.74]   
3                                   0.776279                 [0.7, 0.84]   
4                                   0.844406                [0.79, 0.89]   
5                                   0.826975                [0.76, 0.88]   
6                                   0.825974                [0.76, 0.88]   
7                                   0.729295                [0.65, 0.81]   
8                                   0.656243                [0.56, 0.75]   
9                                   0.777156                 [0.7, 0.84]   
10                                  0.439423                [0.34, 0.56]   
11                                  0.770333                 [0.7, 0.84]   
12                                  0.717266                 [0.63, 0.8]   
13                                  0.770891                 [0.7, 0.84]   
14                                  0.777111                 [0.7, 0.84]   
15                                  0.781009                [0.71, 0.85]   
16                                  0.773261                 [0.7, 0.84]   
17                                  0.786277                [0.72, 0.85]   
18                                  0.773827                 [0.7, 0.84]   
19                                  0.674993                [0.58, 0.77]   
20                                  0.747272                [0.67, 0.82]   
21                                  0.667532                [0.58, 0.76]   
22                                  0.738227                [0.66, 0.81]   
23                                  0.732911                [0.65, 0.81]   
24                                  0.784537                [0.71, 0.85]   
25                                  0.757403                [0.68, 0.83]   
26                                  0.743099                [0.66, 0.82]   

    Transitivity Consistency Ratio (%)  
0                            87.878788  
1                            80.606061  
2                            87.878788  
3                            79.393939  
4                            81.818182  
5                            83.636364  
6                            81.818182  
7                            79.393939  
8                            86.060606  
9                            83.030303  
10                           88.484848  
11                           82.424242  
12                           75.757576  
13                           78.787879  
14                           83.030303  
15                           83.030303  
16                           83.030303  
17                           83.030303  
18                           81.818182  
19                           81.818182  
20                           84.242424  
21                           81.818182  
22                           76.969697  
23                           78.181818  
24                           83.636364  
25                           81.818182  
26                           79.393939  

Results have been saved to 'reliability_analysis.csv'
Author
10     0.000000
1      8.404561
8     17.619961
2     27.883512
6     46.375236
3     57.695935
4     65.472410
0     79.131712
7     80.670836
5     85.109425
9     99.966251
Name: Score, dtype: float64

Results have been saved to 'pagerank_results_balanced.csv'
Combined Results:
                                          Subcategory  \
0                                     Topic Relevance   
1                    Comprehensiveness of Information   
2                             Accuracy of Information   
3                        Innovativeness of Viewpoints   
4       Integration of Interdisciplinary Perspectives   
5                        Clarity of Logical Structure   
6               Reasonableness of Chapter Arrangement   
7              Quality of Introduction and Conclusion   
8              Accuracy and Completeness of Citations   
9              Timeliness and Relevance of References   
10   Avoidance of Plagiarism and Appropriate Citation   
11             Critical Analysis of Existing Research   
12   Proposal of New Research Directions or Questions   
13                Potential Contribution to the Field   
14             Clarity of Research Method Description   
15                    Rationality of Method Selection   
16                           Rigor of Research Design   
17               Inclusion of Latest Research Results   
18            Reflection of Current Research Hotspots   
19                     Fluency of Language Expression   
20    Appropriateness of Professional Terminology Use   
21                          Conciseness of Expression   
22  Practical Application Potential of Research Re...   
23                Feasibility of Proposed Suggestions   
24                             Logic of Argumentation   
25                   Multi-angle Analysis of Problems   
26  Identification and Discussion of Research Limi...   

    ICC (Intraclass Correlation Coefficient) ICC 95% Confidence Interval  \
0                                   0.654440                [0.56, 0.75]   
1                                   0.890352                [0.85, 0.93]   
2                                   0.644518                [0.55, 0.74]   
3                                   0.776279                 [0.7, 0.84]   
4                                   0.844406                [0.79, 0.89]   
5                                   0.826975                [0.76, 0.88]   
6                                   0.825974                [0.76, 0.88]   
7                                   0.729295                [0.65, 0.81]   
8                                   0.656243                [0.56, 0.75]   
9                                   0.777156                 [0.7, 0.84]   
10                                  0.439423                [0.34, 0.56]   
11                                  0.770333                 [0.7, 0.84]   
12                                  0.717266                 [0.63, 0.8]   
13                                  0.770891                 [0.7, 0.84]   
14                                  0.777111                 [0.7, 0.84]   
15                                  0.781009                [0.71, 0.85]   
16                                  0.773261                 [0.7, 0.84]   
17                                  0.786277                [0.72, 0.85]   
18                                  0.773827                 [0.7, 0.84]   
19                                  0.674993                [0.58, 0.77]   
20                                  0.747272                [0.67, 0.82]   
21                                  0.667532                [0.58, 0.76]   
22                                  0.738227                [0.66, 0.81]   
23                                  0.732911                [0.65, 0.81]   
24                                  0.784537                [0.71, 0.85]   
25                                  0.757403                [0.68, 0.83]   
26                                  0.743099                [0.66, 0.82]   

    Transitivity Consistency Ratio (%)  
0                            87.878788  
1                            80.606061  
2                            87.878788  
3                            79.393939  
4                            81.818182  
5                            83.636364  
6                            81.818182  
7                            79.393939  
8                            86.060606  
9                            83.030303  
10                           88.484848  
11                           82.424242  
12                           75.757576  
13                           78.787879  
14                           83.030303  
15                           83.030303  
16                           83.030303  
17                           83.030303  
18                           81.818182  
19                           81.818182  
20                           84.242424  
21                           81.818182  
22                           76.969697  
23                           78.181818  
24                           83.636364  
25                           81.818182  
26                           79.393939  

Results have been saved to 'reliability_analysis.csv'
Author
10     0.000000
1      9.642739
8     16.407555
2     23.967566
6     40.719658
3     55.473946
4     61.815825
0     76.406042
7     79.490881
5     84.615944
9     99.950441
Name: Score, dtype: float64

Results have been saved to 'pagerank_results_balanced.csv'
Combined Results:
                                          Subcategory  \
0                                     Topic Relevance   
1                    Comprehensiveness of Information   
2                             Accuracy of Information   
3                        Innovativeness of Viewpoints   
4       Integration of Interdisciplinary Perspectives   
5                        Clarity of Logical Structure   
6               Reasonableness of Chapter Arrangement   
7              Quality of Introduction and Conclusion   
8              Accuracy and Completeness of Citations   
9              Timeliness and Relevance of References   
10   Avoidance of Plagiarism and Appropriate Citation   
11             Critical Analysis of Existing Research   
12   Proposal of New Research Directions or Questions   
13                Potential Contribution to the Field   
14             Clarity of Research Method Description   
15                    Rationality of Method Selection   
16                           Rigor of Research Design   
17               Inclusion of Latest Research Results   
18            Reflection of Current Research Hotspots   
19                     Fluency of Language Expression   
20    Appropriateness of Professional Terminology Use   
21                          Conciseness of Expression   
22  Practical Application Potential of Research Re...   
23                Feasibility of Proposed Suggestions   
24                             Logic of Argumentation   
25                   Multi-angle Analysis of Problems   
26  Identification and Discussion of Research Limi...   

    ICC (Intraclass Correlation Coefficient) ICC 95% Confidence Interval  \
0                                   0.654440                [0.56, 0.75]   
1                                   0.890352                [0.85, 0.93]   
2                                   0.644518                [0.55, 0.74]   
3                                   0.776279                 [0.7, 0.84]   
4                                   0.844406                [0.79, 0.89]   
5                                   0.826975                [0.76, 0.88]   
6                                   0.825974                [0.76, 0.88]   
7                                   0.729295                [0.65, 0.81]   
8                                   0.656243                [0.56, 0.75]   
9                                   0.777156                 [0.7, 0.84]   
10                                  0.439423                [0.34, 0.56]   
11                                  0.770333                 [0.7, 0.84]   
12                                  0.717266                 [0.63, 0.8]   
13                                  0.770891                 [0.7, 0.84]   
14                                  0.777111                 [0.7, 0.84]   
15                                  0.781009                [0.71, 0.85]   
16                                  0.773261                 [0.7, 0.84]   
17                                  0.786277                [0.72, 0.85]   
18                                  0.773827                 [0.7, 0.84]   
19                                  0.674993                [0.58, 0.77]   
20                                  0.747272                [0.67, 0.82]   
21                                  0.667532                [0.58, 0.76]   
22                                  0.738227                [0.66, 0.81]   
23                                  0.732911                [0.65, 0.81]   
24                                  0.784537                [0.71, 0.85]   
25                                  0.757403                [0.68, 0.83]   
26                                  0.743099                [0.66, 0.82]   

    Transitivity Consistency Ratio (%)  
0                            16.666667  
1                            80.606061  
2                            16.666667  
3                            79.393939  
4                            81.818182  
5                            83.636364  
6                            80.891720  
7                            79.393939  
8                            48.888889  
9                            83.030303  
10                           26.923077  
11                           82.424242  
12                           75.757576  
13                           78.787879  
14                           83.030303  
15                           83.030303  
16                           83.030303  
17                           83.030303  
18                           81.818182  
19                           80.891720  
20                           84.242424  
21                           80.891720  
22                           76.969697  
23                           78.181818  
24                           83.636364  
25                           81.818182  
26                           79.393939  

Results have been saved to 'reliability_analysis.csv'
Author
10     0.000000
1      9.642739
8     16.407555
2     23.967566
6     40.719658
3     55.473946
4     61.815825
0     76.406042
7     79.490881
5     84.615944
9     99.950441
Name: Score, dtype: float64

Results have been saved to 'pagerank_results_balanced.csv'
Combined Results:
                                          Subcategory  \
0                                     Topic Relevance   
1                    Comprehensiveness of Information   
2                             Accuracy of Information   
3                        Innovativeness of Viewpoints   
4       Integration of Interdisciplinary Perspectives   
5                        Clarity of Logical Structure   
6               Reasonableness of Chapter Arrangement   
7              Quality of Introduction and Conclusion   
8              Accuracy and Completeness of Citations   
9              Timeliness and Relevance of References   
10   Avoidance of Plagiarism and Appropriate Citation   
11             Critical Analysis of Existing Research   
12   Proposal of New Research Directions or Questions   
13                Potential Contribution to the Field   
14             Clarity of Research Method Description   
15                    Rationality of Method Selection   
16                           Rigor of Research Design   
17               Inclusion of Latest Research Results   
18            Reflection of Current Research Hotspots   
19                     Fluency of Language Expression   
20    Appropriateness of Professional Terminology Use   
21                          Conciseness of Expression   
22  Practical Application Potential of Research Re...   
23                Feasibility of Proposed Suggestions   
24                             Logic of Argumentation   
25                   Multi-angle Analysis of Problems   
26  Identification and Discussion of Research Limi...   

    ICC (Intraclass Correlation Coefficient) ICC 95% Confidence Interval  \
0                                   0.654440                [0.56, 0.75]   
1                                   0.890352                [0.85, 0.93]   
2                                   0.644518                [0.55, 0.74]   
3                                   0.776279                 [0.7, 0.84]   
4                                   0.844406                [0.79, 0.89]   
5                                   0.826975                [0.76, 0.88]   
6                                   0.825974                [0.76, 0.88]   
7                                   0.729295                [0.65, 0.81]   
8                                   0.656243                [0.56, 0.75]   
9                                   0.777156                 [0.7, 0.84]   
10                                  0.439423                [0.34, 0.56]   
11                                  0.770333                 [0.7, 0.84]   
12                                  0.717266                 [0.63, 0.8]   
13                                  0.770891                 [0.7, 0.84]   
14                                  0.777111                 [0.7, 0.84]   
15                                  0.781009                [0.71, 0.85]   
16                                  0.773261                 [0.7, 0.84]   
17                                  0.786277                [0.72, 0.85]   
18                                  0.773827                 [0.7, 0.84]   
19                                  0.674993                [0.58, 0.77]   
20                                  0.747272                [0.67, 0.82]   
21                                  0.667532                [0.58, 0.76]   
22                                  0.738227                [0.66, 0.81]   
23                                  0.732911                [0.65, 0.81]   
24                                  0.784537                [0.71, 0.85]   
25                                  0.757403                [0.68, 0.83]   
26                                  0.743099                [0.66, 0.82]   

    Transitivity Consistency Ratio (%)  
0                            16.666667  
1                            80.606061  
2                            16.666667  
3                            79.393939  
4                            81.818182  
5                            83.636364  
6                            80.891720  
7                            79.393939  
8                            48.888889  
9                            83.030303  
10                           26.923077  
11                           82.424242  
12                           75.757576  
13                           78.787879  
14                           83.030303  
15                           83.030303  
16                           83.030303  
17                           83.030303  
18                           81.818182  
19                           80.891720  
20                           84.242424  
21                           80.891720  
22                           76.969697  
23                           78.181818  
24                           83.636364  
25                           81.818182  
26                           79.393939  

Results have been saved to 'reliability_analysis.csv'
