Author
10      0.000000
0      15.372710
5      18.782002
8      19.116679
7      47.902308
6      65.943607
3      75.272610
2      77.929907
1      89.805074
4      92.090014
9     100.000000
Name: Score, dtype: float64

Results have been saved to 'pagerank_results_balanced.csv'
Combined Results:
                                          Subcategory  \
0                                     Topic Relevance   
1                    Comprehensiveness of Information   
2                             Accuracy of Information   
3                        Innovativeness of Viewpoints   
4       Integration of Interdisciplinary Perspectives   
5                        Clarity of Logical Structure   
6               Reasonableness of Chapter Arrangement   
7              Quality of Introduction and Conclusion   
8              Accuracy and Completeness of Citations   
9              Timeliness and Relevance of References   
10   Avoidance of Plagiarism and Appropriate Citation   
11             Critical Analysis of Existing Research   
12   Proposal of New Research Directions or Questions   
13                Potential Contribution to the Field   
14             Clarity of Research Method Description   
15                    Rationality of Method Selection   
16                           Rigor of Research Design   
17               Inclusion of Latest Research Results   
18            Reflection of Current Research Hotspots   
19                     Fluency of Language Expression   
20    Appropriateness of Professional Terminology Use   
21                          Conciseness of Expression   
22  Practical Application Potential of Research Re...   
23                Feasibility of Proposed Suggestions   
24                             Logic of Argumentation   
25                   Multi-angle Analysis of Problems   
26  Identification and Discussion of Research Limi...   

    ICC (Intraclass Correlation Coefficient) ICC 95% Confidence Interval  \
0                                   0.402357                 [0.3, 0.52]   
1                                   0.697404                [0.61, 0.78]   
2                                   0.413518                [0.31, 0.53]   
3                                   0.565043                [0.46, 0.67]   
4                                   0.627930                [0.53, 0.73]   
5                                   0.569398                [0.47, 0.68]   
6                                   0.570182                [0.47, 0.68]   
7                                   0.581491                [0.48, 0.69]   
8                                   0.453837                [0.35, 0.57]   
9                                   0.600636                  [0.5, 0.7]   
10                                  0.319559                [0.23, 0.44]   
11                                  0.558546                [0.46, 0.67]   
12                                  0.589458                [0.49, 0.69]   
13                                  0.601695                  [0.5, 0.7]   
14                                  0.555906                [0.45, 0.67]   
15                                  0.598250                  [0.5, 0.7]   
16                                  0.576714                [0.48, 0.68]   
17                                  0.596492                  [0.5, 0.7]   
18                                  0.626902                [0.53, 0.73]   
19                                  0.544774                [0.44, 0.66]   
20                                  0.540278                [0.44, 0.65]   
21                                  0.560361                [0.46, 0.67]   
22                                  0.588297                [0.49, 0.69]   
23                                  0.592492                 [0.49, 0.7]   
24                                  0.578784                [0.48, 0.68]   
25                                  0.634359                [0.54, 0.73]   
26                                  0.621461                [0.53, 0.72]   

    Transitivity Consistency Ratio (%)  
0                            79.393939  
1                            71.515152  
2                            84.242424  
3                            70.303030  
4                            71.515152  
5                            75.151515  
6                            73.939394  
7                            73.333333  
8                            77.575758  
9                            70.909091  
10                           83.030303  
11                           71.515152  
12                           70.303030  
13                           70.909091  
14                           71.515152  
15                           70.909091  
16                           71.515152  
17                           70.909091  
18                           73.333333  
19                           73.333333  
20                           72.727273  
21                           73.333333  
22                           70.909091  
23                           70.303030  
24                           73.333333  
25                           73.333333  
26                           73.333333  

Results have been saved to 'reliability_analysis.csv'
Author
10      0.000000
0      13.135114
5      16.087719
8      17.088126
7      40.874514
6      65.451876
3      72.733912
2      75.109503
1      92.062653
4      95.816908
9     100.000000
Name: Score, dtype: float64

Results have been saved to 'pagerank_results_balanced.csv'
Combined Results:
                                          Subcategory  \
0                                     Topic Relevance   
1                    Comprehensiveness of Information   
2                             Accuracy of Information   
3                        Innovativeness of Viewpoints   
4       Integration of Interdisciplinary Perspectives   
5                        Clarity of Logical Structure   
6               Reasonableness of Chapter Arrangement   
7              Quality of Introduction and Conclusion   
8              Accuracy and Completeness of Citations   
9              Timeliness and Relevance of References   
10   Avoidance of Plagiarism and Appropriate Citation   
11             Critical Analysis of Existing Research   
12   Proposal of New Research Directions or Questions   
13                Potential Contribution to the Field   
14             Clarity of Research Method Description   
15                    Rationality of Method Selection   
16                           Rigor of Research Design   
17               Inclusion of Latest Research Results   
18            Reflection of Current Research Hotspots   
19                     Fluency of Language Expression   
20    Appropriateness of Professional Terminology Use   
21                          Conciseness of Expression   
22  Practical Application Potential of Research Re...   
23                Feasibility of Proposed Suggestions   
24                             Logic of Argumentation   
25                   Multi-angle Analysis of Problems   
26  Identification and Discussion of Research Limi...   

    ICC (Intraclass Correlation Coefficient) ICC 95% Confidence Interval  \
0                                   0.402357                 [0.3, 0.52]   
1                                   0.697404                [0.61, 0.78]   
2                                   0.413518                [0.31, 0.53]   
3                                   0.565043                [0.46, 0.67]   
4                                   0.627930                [0.53, 0.73]   
5                                   0.569398                [0.47, 0.68]   
6                                   0.570182                [0.47, 0.68]   
7                                   0.581491                [0.48, 0.69]   
8                                   0.453837                [0.35, 0.57]   
9                                   0.600636                  [0.5, 0.7]   
10                                  0.319559                [0.23, 0.44]   
11                                  0.558546                [0.46, 0.67]   
12                                  0.589458                [0.49, 0.69]   
13                                  0.601695                  [0.5, 0.7]   
14                                  0.555906                [0.45, 0.67]   
15                                  0.598250                  [0.5, 0.7]   
16                                  0.576714                [0.48, 0.68]   
17                                  0.596492                  [0.5, 0.7]   
18                                  0.626902                [0.53, 0.73]   
19                                  0.544774                [0.44, 0.66]   
20                                  0.540278                [0.44, 0.65]   
21                                  0.560361                [0.46, 0.67]   
22                                  0.588297                [0.49, 0.69]   
23                                  0.592492                 [0.49, 0.7]   
24                                  0.578784                [0.48, 0.68]   
25                                  0.634359                [0.54, 0.73]   
26                                  0.621461                [0.53, 0.72]   

    Transitivity Consistency Ratio (%)  
0                            63.043478  
1                            71.515152  
2                            33.333333  
3                            70.303030  
4                            71.515152  
5                            75.151515  
6                            72.611465  
7                            73.333333  
8                            61.855670  
9                            70.909091  
10                           47.169811  
11                           71.515152  
12                           70.303030  
13                           70.909091  
14                           71.515152  
15                           70.909091  
16                           71.515152  
17                           70.909091  
18                           73.333333  
19                           73.333333  
20                           71.337580  
21                           73.333333  
22                           70.909091  
23                           70.303030  
24                           73.333333  
25                           73.333333  
26                           73.333333  

Results have been saved to 'reliability_analysis.csv'
Author
10      0.000000
0      13.135114
5      16.087719
8      17.088126
7      40.874514
6      65.451876
3      72.733912
2      75.109503
1      92.062653
4      95.816908
9     100.000000
Name: Score, dtype: float64

Results have been saved to 'pagerank_results_balanced.csv'
Combined Results:
                                          Subcategory  \
0                                     Topic Relevance   
1                    Comprehensiveness of Information   
2                             Accuracy of Information   
3                        Innovativeness of Viewpoints   
4       Integration of Interdisciplinary Perspectives   
5                        Clarity of Logical Structure   
6               Reasonableness of Chapter Arrangement   
7              Quality of Introduction and Conclusion   
8              Accuracy and Completeness of Citations   
9              Timeliness and Relevance of References   
10   Avoidance of Plagiarism and Appropriate Citation   
11             Critical Analysis of Existing Research   
12   Proposal of New Research Directions or Questions   
13                Potential Contribution to the Field   
14             Clarity of Research Method Description   
15                    Rationality of Method Selection   
16                           Rigor of Research Design   
17               Inclusion of Latest Research Results   
18            Reflection of Current Research Hotspots   
19                     Fluency of Language Expression   
20    Appropriateness of Professional Terminology Use   
21                          Conciseness of Expression   
22  Practical Application Potential of Research Re...   
23                Feasibility of Proposed Suggestions   
24                             Logic of Argumentation   
25                   Multi-angle Analysis of Problems   
26  Identification and Discussion of Research Limi...   

    ICC (Intraclass Correlation Coefficient) ICC 95% Confidence Interval  \
0                                   0.402357                 [0.3, 0.52]   
1                                   0.697404                [0.61, 0.78]   
2                                   0.413518                [0.31, 0.53]   
3                                   0.565043                [0.46, 0.67]   
4                                   0.627930                [0.53, 0.73]   
5                                   0.569398                [0.47, 0.68]   
6                                   0.570182                [0.47, 0.68]   
7                                   0.581491                [0.48, 0.69]   
8                                   0.453837                [0.35, 0.57]   
9                                   0.600636                  [0.5, 0.7]   
10                                  0.319559                [0.23, 0.44]   
11                                  0.558546                [0.46, 0.67]   
12                                  0.589458                [0.49, 0.69]   
13                                  0.601695                  [0.5, 0.7]   
14                                  0.555906                [0.45, 0.67]   
15                                  0.598250                  [0.5, 0.7]   
16                                  0.576714                [0.48, 0.68]   
17                                  0.596492                  [0.5, 0.7]   
18                                  0.626902                [0.53, 0.73]   
19                                  0.544774                [0.44, 0.66]   
20                                  0.540278                [0.44, 0.65]   
21                                  0.560361                [0.46, 0.67]   
22                                  0.588297                [0.49, 0.69]   
23                                  0.592492                 [0.49, 0.7]   
24                                  0.578784                [0.48, 0.68]   
25                                  0.634359                [0.54, 0.73]   
26                                  0.621461                [0.53, 0.72]   

    Transitivity Consistency Ratio (%)  
0                            63.043478  
1                            71.515152  
2                            33.333333  
3                            70.303030  
4                            71.515152  
5                            75.151515  
6                            72.611465  
7                            73.333333  
8                            61.855670  
9                            70.909091  
10                           47.169811  
11                           71.515152  
12                           70.303030  
13                           70.909091  
14                           71.515152  
15                           70.909091  
16                           71.515152  
17                           70.909091  
18                           73.333333  
19                           73.333333  
20                           71.337580  
21                           73.333333  
22                           70.909091  
23                           70.303030  
24                           73.333333  
25                           73.333333  
26                           73.333333  

Results have been saved to 'reliability_analysis.csv'
