Author
10      0.009158
7      26.795035
5      29.854448
8      37.362871
6      46.688679
1      68.901933
3      76.241101
2      85.197446
0      89.447923
4      90.732509
9     100.000000
Name: Score, dtype: float64

Results have been saved to 'pagerank_results_balanced.csv'
Combined Results:
                                          Subcategory  \
0                                     Topic Relevance   
1                    Comprehensiveness of Information   
2                             Accuracy of Information   
3                        Innovativeness of Viewpoints   
4       Integration of Interdisciplinary Perspectives   
5                        Clarity of Logical Structure   
6               Reasonableness of Chapter Arrangement   
7              Quality of Introduction and Conclusion   
8              Accuracy and Completeness of Citations   
9              Timeliness and Relevance of References   
10   Avoidance of Plagiarism and Appropriate Citation   
11             Critical Analysis of Existing Research   
12   Proposal of New Research Directions or Questions   
13                Potential Contribution to the Field   
14             Clarity of Research Method Description   
15                    Rationality of Method Selection   
16                           Rigor of Research Design   
17               Inclusion of Latest Research Results   
18            Reflection of Current Research Hotspots   
19                     Fluency of Language Expression   
20    Appropriateness of Professional Terminology Use   
21                          Conciseness of Expression   
22  Practical Application Potential of Research Re...   
23                Feasibility of Proposed Suggestions   
24                             Logic of Argumentation   
25                   Multi-angle Analysis of Problems   
26  Identification and Discussion of Research Limi...   

    ICC (Intraclass Correlation Coefficient) ICC 95% Confidence Interval  \
0                                   0.657686                [0.56, 0.75]   
1                                   0.883291                [0.84, 0.92]   
2                                   0.517817                [0.42, 0.63]   
3                                   0.796821                [0.73, 0.86]   
4                                   0.855641                  [0.8, 0.9]   
5                                   0.804167                [0.74, 0.86]   
6                                   0.817428                [0.75, 0.87]   
7                                   0.729194                [0.65, 0.81]   
8                                   0.711100                [0.63, 0.79]   
9                                   0.779310                [0.71, 0.85]   
10                                  0.546161                [0.45, 0.66]   
11                                  0.794820                [0.73, 0.86]   
12                                  0.772345                 [0.7, 0.84]   
13                                  0.803163                [0.74, 0.86]   
14                                  0.789239                [0.72, 0.85]   
15                                  0.792074                [0.72, 0.86]   
16                                  0.780203                [0.71, 0.85]   
17                                  0.805269                [0.74, 0.87]   
18                                  0.780087                [0.71, 0.85]   
19                                  0.648176                [0.55, 0.74]   
20                                  0.675620                [0.59, 0.77]   
21                                  0.576123                [0.48, 0.68]   
22                                  0.797298                [0.73, 0.86]   
23                                  0.661824                [0.57, 0.75]   
24                                  0.775828                 [0.7, 0.84]   
25                                  0.800147                [0.73, 0.86]   
26                                  0.721686                 [0.64, 0.8]   

    Transitivity Consistency Ratio (%)  
0                            82.424242  
1                            79.393939  
2                            86.060606  
3                            80.000000  
4                            79.393939  
5                            80.000000  
6                            76.969697  
7                            81.818182  
8                            82.424242  
9                            80.000000  
10                           88.484848  
11                           78.787879  
12                           83.636364  
13                           78.787879  
14                           79.393939  
15                           79.393939  
16                           79.393939  
17                           79.393939  
18                           79.393939  
19                           81.818182  
20                           79.393939  
21                           80.000000  
22                           79.393939  
23                           81.818182  
24                           79.393939  
25                           79.393939  
26                           79.393939  

Results have been saved to 'reliability_analysis.csv'
Author
10      0.009158
7      26.795035
5      29.854448
8      37.362871
6      46.688679
1      68.901933
3      76.241101
2      85.197446
0      89.447923
4      90.732509
9     100.000000
Name: Score, dtype: float64

Results have been saved to 'pagerank_results_balanced.csv'
Combined Results:
                                          Subcategory  \
0                                     Topic Relevance   
1                    Comprehensiveness of Information   
2                             Accuracy of Information   
3                        Innovativeness of Viewpoints   
4       Integration of Interdisciplinary Perspectives   
5                        Clarity of Logical Structure   
6               Reasonableness of Chapter Arrangement   
7              Quality of Introduction and Conclusion   
8              Accuracy and Completeness of Citations   
9              Timeliness and Relevance of References   
10   Avoidance of Plagiarism and Appropriate Citation   
11             Critical Analysis of Existing Research   
12   Proposal of New Research Directions or Questions   
13                Potential Contribution to the Field   
14             Clarity of Research Method Description   
15                    Rationality of Method Selection   
16                           Rigor of Research Design   
17               Inclusion of Latest Research Results   
18            Reflection of Current Research Hotspots   
19                     Fluency of Language Expression   
20    Appropriateness of Professional Terminology Use   
21                          Conciseness of Expression   
22  Practical Application Potential of Research Re...   
23                Feasibility of Proposed Suggestions   
24                             Logic of Argumentation   
25                   Multi-angle Analysis of Problems   
26  Identification and Discussion of Research Limi...   

    ICC (Intraclass Correlation Coefficient) ICC 95% Confidence Interval  \
0                                   0.657686                [0.56, 0.75]   
1                                   0.883291                [0.84, 0.92]   
2                                   0.517817                [0.42, 0.63]   
3                                   0.796821                [0.73, 0.86]   
4                                   0.855641                  [0.8, 0.9]   
5                                   0.804167                [0.74, 0.86]   
6                                   0.817428                [0.75, 0.87]   
7                                   0.729194                [0.65, 0.81]   
8                                   0.711100                [0.63, 0.79]   
9                                   0.779310                [0.71, 0.85]   
10                                  0.546161                [0.45, 0.66]   
11                                  0.794820                [0.73, 0.86]   
12                                  0.772345                 [0.7, 0.84]   
13                                  0.803163                [0.74, 0.86]   
14                                  0.789239                [0.72, 0.85]   
15                                  0.792074                [0.72, 0.86]   
16                                  0.780203                [0.71, 0.85]   
17                                  0.805269                [0.74, 0.87]   
18                                  0.780087                [0.71, 0.85]   
19                                  0.648176                [0.55, 0.74]   
20                                  0.675620                [0.59, 0.77]   
21                                  0.576123                [0.48, 0.68]   
22                                  0.797298                [0.73, 0.86]   
23                                  0.661824                [0.57, 0.75]   
24                                  0.775828                 [0.7, 0.84]   
25                                  0.800147                [0.73, 0.86]   
26                                  0.721686                 [0.64, 0.8]   

    Transitivity Consistency Ratio (%)  
0                            82.424242  
1                            79.393939  
2                            86.060606  
3                            80.000000  
4                            79.393939  
5                            80.000000  
6                            76.969697  
7                            81.818182  
8                            82.424242  
9                            80.000000  
10                           88.484848  
11                           78.787879  
12                           83.636364  
13                           78.787879  
14                           79.393939  
15                           79.393939  
16                           79.393939  
17                           79.393939  
18                           79.393939  
19                           81.818182  
20                           79.393939  
21                           80.000000  
22                           79.393939  
23                           81.818182  
24                           79.393939  
25                           79.393939  
26                           79.393939  

Results have been saved to 'reliability_analysis.csv'
Author
10      0.012439
7      19.100500
5      21.510837
8      28.241414
6      36.213687
1      60.971173
3      70.288168
2      82.613265
4      87.102137
0      87.811306
9     100.000000
Name: Score, dtype: float64

Results have been saved to 'pagerank_results_balanced.csv'
Combined Results:
                                          Subcategory  \
0                                     Topic Relevance   
1                    Comprehensiveness of Information   
2                             Accuracy of Information   
3                        Innovativeness of Viewpoints   
4       Integration of Interdisciplinary Perspectives   
5                        Clarity of Logical Structure   
6               Reasonableness of Chapter Arrangement   
7              Quality of Introduction and Conclusion   
8              Accuracy and Completeness of Citations   
9              Timeliness and Relevance of References   
10   Avoidance of Plagiarism and Appropriate Citation   
11             Critical Analysis of Existing Research   
12   Proposal of New Research Directions or Questions   
13                Potential Contribution to the Field   
14             Clarity of Research Method Description   
15                    Rationality of Method Selection   
16                           Rigor of Research Design   
17               Inclusion of Latest Research Results   
18            Reflection of Current Research Hotspots   
19                     Fluency of Language Expression   
20    Appropriateness of Professional Terminology Use   
21                          Conciseness of Expression   
22  Practical Application Potential of Research Re...   
23                Feasibility of Proposed Suggestions   
24                             Logic of Argumentation   
25                   Multi-angle Analysis of Problems   
26  Identification and Discussion of Research Limi...   

    ICC (Intraclass Correlation Coefficient) ICC 95% Confidence Interval  \
0                                   0.657686                [0.56, 0.75]   
1                                   0.883291                [0.84, 0.92]   
2                                   0.517817                [0.42, 0.63]   
3                                   0.796821                [0.73, 0.86]   
4                                   0.855641                  [0.8, 0.9]   
5                                   0.804167                [0.74, 0.86]   
6                                   0.817428                [0.75, 0.87]   
7                                   0.729194                [0.65, 0.81]   
8                                   0.711100                [0.63, 0.79]   
9                                   0.779310                [0.71, 0.85]   
10                                  0.546161                [0.45, 0.66]   
11                                  0.794820                [0.73, 0.86]   
12                                  0.772345                 [0.7, 0.84]   
13                                  0.803163                [0.74, 0.86]   
14                                  0.789239                [0.72, 0.85]   
15                                  0.792074                [0.72, 0.86]   
16                                  0.780203                [0.71, 0.85]   
17                                  0.805269                [0.74, 0.87]   
18                                  0.780087                [0.71, 0.85]   
19                                  0.648176                [0.55, 0.74]   
20                                  0.675620                [0.59, 0.77]   
21                                  0.576123                [0.48, 0.68]   
22                                  0.797298                [0.73, 0.86]   
23                                  0.661824                [0.57, 0.75]   
24                                  0.775828                 [0.7, 0.84]   
25                                  0.800147                [0.73, 0.86]   
26                                  0.721686                 [0.64, 0.8]   

    Transitivity Consistency Ratio (%)  
0                            50.847458  
1                            79.393939  
2                            52.083333  
3                            80.000000  
4                            79.393939  
5                            78.846154  
6                            76.397516  
7                            81.818182  
8                            54.687500  
9                            78.846154  
10                           55.813953  
11                           78.787879  
12                           83.636364  
13                           78.787879  
14                           79.393939  
15                           79.393939  
16                           79.393939  
17                           79.393939  
18                           79.393939  
19                           81.818182  
20                           79.393939  
21                           80.000000  
22                           79.393939  
23                           81.818182  
24                           79.393939  
25                           79.393939  
26                           79.393939  

Results have been saved to 'reliability_analysis.csv'
Author
10      0.012439
7      19.100500
5      21.510837
8      28.241414
6      36.213687
1      60.971173
3      70.288168
2      82.613265
4      87.102137
0      87.811306
9     100.000000
Name: Score, dtype: float64

Results have been saved to 'pagerank_results_balanced.csv'
Combined Results:
                                          Subcategory  \
0                                     Topic Relevance   
1                    Comprehensiveness of Information   
2                             Accuracy of Information   
3                        Innovativeness of Viewpoints   
4       Integration of Interdisciplinary Perspectives   
5                        Clarity of Logical Structure   
6               Reasonableness of Chapter Arrangement   
7              Quality of Introduction and Conclusion   
8              Accuracy and Completeness of Citations   
9              Timeliness and Relevance of References   
10   Avoidance of Plagiarism and Appropriate Citation   
11             Critical Analysis of Existing Research   
12   Proposal of New Research Directions or Questions   
13                Potential Contribution to the Field   
14             Clarity of Research Method Description   
15                    Rationality of Method Selection   
16                           Rigor of Research Design   
17               Inclusion of Latest Research Results   
18            Reflection of Current Research Hotspots   
19                     Fluency of Language Expression   
20    Appropriateness of Professional Terminology Use   
21                          Conciseness of Expression   
22  Practical Application Potential of Research Re...   
23                Feasibility of Proposed Suggestions   
24                             Logic of Argumentation   
25                   Multi-angle Analysis of Problems   
26  Identification and Discussion of Research Limi...   

    ICC (Intraclass Correlation Coefficient) ICC 95% Confidence Interval  \
0                                   0.657686                [0.56, 0.75]   
1                                   0.883291                [0.84, 0.92]   
2                                   0.517817                [0.42, 0.63]   
3                                   0.796821                [0.73, 0.86]   
4                                   0.855641                  [0.8, 0.9]   
5                                   0.804167                [0.74, 0.86]   
6                                   0.817428                [0.75, 0.87]   
7                                   0.729194                [0.65, 0.81]   
8                                   0.711100                [0.63, 0.79]   
9                                   0.779310                [0.71, 0.85]   
10                                  0.546161                [0.45, 0.66]   
11                                  0.794820                [0.73, 0.86]   
12                                  0.772345                 [0.7, 0.84]   
13                                  0.803163                [0.74, 0.86]   
14                                  0.789239                [0.72, 0.85]   
15                                  0.792074                [0.72, 0.86]   
16                                  0.780203                [0.71, 0.85]   
17                                  0.805269                [0.74, 0.87]   
18                                  0.780087                [0.71, 0.85]   
19                                  0.648176                [0.55, 0.74]   
20                                  0.675620                [0.59, 0.77]   
21                                  0.576123                [0.48, 0.68]   
22                                  0.797298                [0.73, 0.86]   
23                                  0.661824                [0.57, 0.75]   
24                                  0.775828                 [0.7, 0.84]   
25                                  0.800147                [0.73, 0.86]   
26                                  0.721686                 [0.64, 0.8]   

    Transitivity Consistency Ratio (%)  
0                            50.847458  
1                            79.393939  
2                            52.083333  
3                            80.000000  
4                            79.393939  
5                            78.846154  
6                            76.397516  
7                            81.818182  
8                            54.687500  
9                            78.846154  
10                           55.813953  
11                           78.787879  
12                           83.636364  
13                           78.787879  
14                           79.393939  
15                           79.393939  
16                           79.393939  
17                           79.393939  
18                           79.393939  
19                           81.818182  
20                           79.393939  
21                           80.000000  
22                           79.393939  
23                           81.818182  
24                           79.393939  
25                           79.393939  
26                           79.393939  

Results have been saved to 'reliability_analysis.csv'
