Author
5      2.321332
0      4.097707
1      4.715908
6      5.814634
4      7.678355
3     19.148171
8     23.108040
10    34.167373
2     43.177517
7     88.079021
9     99.713530
Name: Score, dtype: float64

Results have been saved to 'pagerank_results_balanced.csv'
Combined Results:
                                          Subcategory  \
0                                     Topic Relevance   
1                    Comprehensiveness of Information   
2                             Accuracy of Information   
3                        Innovativeness of Viewpoints   
4       Integration of Interdisciplinary Perspectives   
5                        Clarity of Logical Structure   
6               Reasonableness of Chapter Arrangement   
7              Quality of Introduction and Conclusion   
8              Accuracy and Completeness of Citations   
9              Timeliness and Relevance of References   
10   Avoidance of Plagiarism and Appropriate Citation   
11             Critical Analysis of Existing Research   
12   Proposal of New Research Directions or Questions   
13                Potential Contribution to the Field   
14             Clarity of Research Method Description   
15                    Rationality of Method Selection   
16                           Rigor of Research Design   
17               Inclusion of Latest Research Results   
18            Reflection of Current Research Hotspots   
19                     Fluency of Language Expression   
20    Appropriateness of Professional Terminology Use   
21                          Conciseness of Expression   
22  Practical Application Potential of Research Re...   
23                Feasibility of Proposed Suggestions   
24                             Logic of Argumentation   
25                   Multi-angle Analysis of Problems   
26  Identification and Discussion of Research Limi...   

    ICC (Intraclass Correlation Coefficient) ICC 95% Confidence Interval  \
0                                   0.180476                [0.11, 0.28]   
1                                   0.544626                [0.43, 0.66]   
2                                   0.006404               [-0.03, 0.06]   
3                                   0.655727                [0.56, 0.75]   
4                                   0.533069                [0.43, 0.64]   
5                                   0.605071                [0.51, 0.71]   
6                                   0.625760                [0.53, 0.72]   
7                                   0.677746                [0.59, 0.77]   
8                                   0.251901                [0.17, 0.36]   
9                                   0.508761                [0.41, 0.62]   
10                                  0.025814               [-0.01, 0.09]   
11                                  0.559726                [0.46, 0.67]   
12                                  0.622885                [0.53, 0.72]   
13                                  0.596606                  [0.5, 0.7]   
14                                  0.517315                [0.42, 0.63]   
15                                  0.547493                [0.45, 0.66]   
16                                  0.535752                [0.43, 0.65]   
17                                  0.514754                [0.41, 0.63]   
18                                  0.592699                 [0.49, 0.7]   
19                                  0.612857                [0.52, 0.71]   
20                                  0.487931                 [0.39, 0.6]   
21                                  0.636711                [0.54, 0.73]   
22                                  0.554993                [0.45, 0.66]   
23                                  0.452006                [0.35, 0.57]   
24                                  0.612363                [0.52, 0.71]   
25                                  0.555898                [0.46, 0.66]   
26                                  0.530417                [0.43, 0.64]   

    Transitivity Consistency Ratio (%)  
0                           100.000000  
1                            84.242424  
2                           100.000000  
3                            77.575758  
4                            81.212121  
5                            78.787879  
6                            77.575758  
7                            73.333333  
8                            93.333333  
9                            76.969697  
10                          100.000000  
11                           79.393939  
12                           77.575758  
13                           79.393939  
14                           80.000000  
15                           75.757576  
16                           74.545455  
17                           76.969697  
18                           75.757576  
19                           80.000000  
20                           80.000000  
21                           74.545455  
22                           79.393939  
23                           79.393939  
24                           73.939394  
25                           80.606061  
26                           79.393939  

Results have been saved to 'reliability_analysis.csv'
Author
10     0.000000
5     71.272653
6     71.739615
1     74.689645
0     79.637186
4     84.623442
3     88.937596
8     93.272479
2     93.647867
7     98.941962
9     99.977178
Name: Score, dtype: float64

Results have been saved to 'pagerank_results_balanced.csv'
Combined Results:
                                          Subcategory  \
0                                     Topic Relevance   
1                    Comprehensiveness of Information   
2                             Accuracy of Information   
3                        Innovativeness of Viewpoints   
4       Integration of Interdisciplinary Perspectives   
5                        Clarity of Logical Structure   
6               Reasonableness of Chapter Arrangement   
7              Quality of Introduction and Conclusion   
8              Accuracy and Completeness of Citations   
9              Timeliness and Relevance of References   
10   Avoidance of Plagiarism and Appropriate Citation   
11             Critical Analysis of Existing Research   
12   Proposal of New Research Directions or Questions   
13                Potential Contribution to the Field   
14             Clarity of Research Method Description   
15                    Rationality of Method Selection   
16                           Rigor of Research Design   
17               Inclusion of Latest Research Results   
18            Reflection of Current Research Hotspots   
19                     Fluency of Language Expression   
20    Appropriateness of Professional Terminology Use   
21                          Conciseness of Expression   
22  Practical Application Potential of Research Re...   
23                Feasibility of Proposed Suggestions   
24                             Logic of Argumentation   
25                   Multi-angle Analysis of Problems   
26  Identification and Discussion of Research Limi...   

    ICC (Intraclass Correlation Coefficient) ICC 95% Confidence Interval  \
0                                   0.513734                [0.41, 0.63]   
1                                   0.805025                [0.73, 0.87]   
2                                   0.271733                [0.19, 0.39]   
3                                   0.786614                [0.72, 0.85]   
4                                   0.763920                [0.69, 0.83]   
5                                   0.747171                [0.67, 0.82]   
6                                   0.737926                [0.66, 0.82]   
7                                   0.746108                [0.67, 0.82]   
8                                   0.774303                 [0.7, 0.84]   
9                                   0.769370                [0.69, 0.84]   
10                                  0.248846                [0.17, 0.36]   
11                                  0.754289                [0.68, 0.83]   
12                                  0.752821                [0.67, 0.83]   
13                                  0.761485                [0.69, 0.83]   
14                                  0.681466                [0.59, 0.77]   
15                                  0.675571                [0.59, 0.77]   
16                                  0.681010                [0.59, 0.77]   
17                                  0.759323                [0.68, 0.83]   
18                                  0.744064                [0.66, 0.82]   
19                                  0.629393                [0.53, 0.73]   
20                                  0.599263                  [0.5, 0.7]   
21                                  0.637107                [0.54, 0.73]   
22                                  0.740785                [0.66, 0.82]   
23                                  0.697142                [0.61, 0.78]   
24                                  0.734177                [0.65, 0.81]   
25                                  0.718678                 [0.63, 0.8]   
26                                  0.686083                 [0.6, 0.77]   

    Transitivity Consistency Ratio (%)  
0                           100.000000  
1                            80.606061  
2                            97.575758  
3                            75.151515  
4                            76.969697  
5                            79.393939  
6                            80.000000  
7                            73.333333  
8                            92.121212  
9                            76.969697  
10                           96.363636  
11                           75.151515  
12                           75.151515  
13                           75.151515  
14                           80.606061  
15                           77.575758  
16                           75.151515  
17                           76.969697  
18                           76.363636  
19                           79.393939  
20                           83.030303  
21                           76.363636  
22                           75.151515  
23                           75.151515  
24                           75.151515  
25                           76.363636  
26                           75.151515  

Results have been saved to 'reliability_analysis.csv'
Author
10     0.000000
5     71.272653
6     71.739615
1     74.689645
0     79.637186
4     84.623442
3     88.937596
8     93.272479
2     93.647867
7     98.941962
9     99.977178
Name: Score, dtype: float64

Results have been saved to 'pagerank_results_balanced.csv'
Combined Results:
                                          Subcategory  \
0                                     Topic Relevance   
1                    Comprehensiveness of Information   
2                             Accuracy of Information   
3                        Innovativeness of Viewpoints   
4       Integration of Interdisciplinary Perspectives   
5                        Clarity of Logical Structure   
6               Reasonableness of Chapter Arrangement   
7              Quality of Introduction and Conclusion   
8              Accuracy and Completeness of Citations   
9              Timeliness and Relevance of References   
10   Avoidance of Plagiarism and Appropriate Citation   
11             Critical Analysis of Existing Research   
12   Proposal of New Research Directions or Questions   
13                Potential Contribution to the Field   
14             Clarity of Research Method Description   
15                    Rationality of Method Selection   
16                           Rigor of Research Design   
17               Inclusion of Latest Research Results   
18            Reflection of Current Research Hotspots   
19                     Fluency of Language Expression   
20    Appropriateness of Professional Terminology Use   
21                          Conciseness of Expression   
22  Practical Application Potential of Research Re...   
23                Feasibility of Proposed Suggestions   
24                             Logic of Argumentation   
25                   Multi-angle Analysis of Problems   
26  Identification and Discussion of Research Limi...   

    ICC (Intraclass Correlation Coefficient) ICC 95% Confidence Interval  \
0                                   0.513734                [0.41, 0.63]   
1                                   0.805025                [0.73, 0.87]   
2                                   0.271733                [0.19, 0.39]   
3                                   0.786614                [0.72, 0.85]   
4                                   0.763920                [0.69, 0.83]   
5                                   0.747171                [0.67, 0.82]   
6                                   0.737926                [0.66, 0.82]   
7                                   0.746108                [0.67, 0.82]   
8                                   0.774303                 [0.7, 0.84]   
9                                   0.769370                [0.69, 0.84]   
10                                  0.248846                [0.17, 0.36]   
11                                  0.754289                [0.68, 0.83]   
12                                  0.752821                [0.67, 0.83]   
13                                  0.761485                [0.69, 0.83]   
14                                  0.681466                [0.59, 0.77]   
15                                  0.675571                [0.59, 0.77]   
16                                  0.681010                [0.59, 0.77]   
17                                  0.759323                [0.68, 0.83]   
18                                  0.744064                [0.66, 0.82]   
19                                  0.629393                [0.53, 0.73]   
20                                  0.599263                  [0.5, 0.7]   
21                                  0.637107                [0.54, 0.73]   
22                                  0.740785                [0.66, 0.82]   
23                                  0.697142                [0.61, 0.78]   
24                                  0.734177                [0.65, 0.81]   
25                                  0.718678                 [0.63, 0.8]   
26                                  0.686083                 [0.6, 0.77]   

    Transitivity Consistency Ratio (%)  
0                           100.000000  
1                            80.606061  
2                            97.575758  
3                            75.151515  
4                            76.969697  
5                            79.393939  
6                            80.000000  
7                            73.333333  
8                            92.121212  
9                            76.969697  
10                           96.363636  
11                           75.151515  
12                           75.151515  
13                           75.151515  
14                           80.606061  
15                           77.575758  
16                           75.151515  
17                           76.969697  
18                           76.363636  
19                           79.393939  
20                           83.030303  
21                           76.363636  
22                           75.151515  
23                           75.151515  
24                           75.151515  
25                           76.363636  
26                           75.151515  

Results have been saved to 'reliability_analysis.csv'
Author
10     0.000000
5     71.218441
6     71.799645
1     73.683958
0     79.956011
4     84.734725
3     89.334581
8     93.514720
2     94.265863
9     98.890106
7     99.308145
Name: Score, dtype: float64

Results have been saved to 'pagerank_results_balanced.csv'
Combined Results:
                                          Subcategory  \
0                                     Topic Relevance   
1                    Comprehensiveness of Information   
2                             Accuracy of Information   
3                        Innovativeness of Viewpoints   
4       Integration of Interdisciplinary Perspectives   
5                        Clarity of Logical Structure   
6               Reasonableness of Chapter Arrangement   
7              Quality of Introduction and Conclusion   
8              Accuracy and Completeness of Citations   
9              Timeliness and Relevance of References   
10   Avoidance of Plagiarism and Appropriate Citation   
11             Critical Analysis of Existing Research   
12   Proposal of New Research Directions or Questions   
13                Potential Contribution to the Field   
14             Clarity of Research Method Description   
15                    Rationality of Method Selection   
16                           Rigor of Research Design   
17               Inclusion of Latest Research Results   
18            Reflection of Current Research Hotspots   
19                     Fluency of Language Expression   
20    Appropriateness of Professional Terminology Use   
21                          Conciseness of Expression   
22  Practical Application Potential of Research Re...   
23                Feasibility of Proposed Suggestions   
24                             Logic of Argumentation   
25                   Multi-angle Analysis of Problems   
26  Identification and Discussion of Research Limi...   

    ICC (Intraclass Correlation Coefficient) ICC 95% Confidence Interval  \
0                                   0.513734                [0.41, 0.63]   
1                                   0.805025                [0.73, 0.87]   
2                                   0.271733                [0.19, 0.39]   
3                                   0.786614                [0.72, 0.85]   
4                                   0.763920                [0.69, 0.83]   
5                                   0.747171                [0.67, 0.82]   
6                                   0.737926                [0.66, 0.82]   
7                                   0.746108                [0.67, 0.82]   
8                                   0.774303                 [0.7, 0.84]   
9                                   0.769370                [0.69, 0.84]   
10                                  0.248846                [0.17, 0.36]   
11                                  0.754289                [0.68, 0.83]   
12                                  0.752821                [0.67, 0.83]   
13                                  0.761485                [0.69, 0.83]   
14                                  0.681466                [0.59, 0.77]   
15                                  0.675571                [0.59, 0.77]   
16                                  0.681010                [0.59, 0.77]   
17                                  0.759323                [0.68, 0.83]   
18                                  0.744064                [0.66, 0.82]   
19                                  0.629393                [0.53, 0.73]   
20                                  0.599263                  [0.5, 0.7]   
21                                  0.637107                [0.54, 0.73]   
22                                  0.740785                [0.66, 0.82]   
23                                  0.697142                [0.61, 0.78]   
24                                  0.734177                [0.65, 0.81]   
25                                  0.718678                 [0.63, 0.8]   
26                                  0.686083                 [0.6, 0.77]   

    Transitivity Consistency Ratio (%)  
0                                  NaN  
1                            70.909091  
2                            20.000000  
3                            75.151515  
4                            66.371681  
5                            67.619048  
6                            73.600000  
7                            73.333333  
8                            48.000000  
9                            70.312500  
10                            0.000000  
11                           75.151515  
12                           75.151515  
13                           75.151515  
14                           63.636364  
15                           71.969697  
16                           67.716535  
17                           70.312500  
18                           75.000000  
19                           67.619048  
20                           70.526316  
21                           70.229008  
22                           75.151515  
23                           75.151515  
24                           69.402985  
25                           75.000000  
26                           75.151515  

Results have been saved to 'reliability_analysis.csv'
Author
10     0.000000
5     71.218441
6     71.799645
1     73.683958
0     79.956011
4     84.734725
3     89.334581
8     93.514720
2     94.265863
9     98.890106
7     99.308145
Name: Score, dtype: float64

Results have been saved to 'pagerank_results_balanced.csv'
Combined Results:
                                          Subcategory  \
0                                     Topic Relevance   
1                    Comprehensiveness of Information   
2                             Accuracy of Information   
3                        Innovativeness of Viewpoints   
4       Integration of Interdisciplinary Perspectives   
5                        Clarity of Logical Structure   
6               Reasonableness of Chapter Arrangement   
7              Quality of Introduction and Conclusion   
8              Accuracy and Completeness of Citations   
9              Timeliness and Relevance of References   
10   Avoidance of Plagiarism and Appropriate Citation   
11             Critical Analysis of Existing Research   
12   Proposal of New Research Directions or Questions   
13                Potential Contribution to the Field   
14             Clarity of Research Method Description   
15                    Rationality of Method Selection   
16                           Rigor of Research Design   
17               Inclusion of Latest Research Results   
18            Reflection of Current Research Hotspots   
19                     Fluency of Language Expression   
20    Appropriateness of Professional Terminology Use   
21                          Conciseness of Expression   
22  Practical Application Potential of Research Re...   
23                Feasibility of Proposed Suggestions   
24                             Logic of Argumentation   
25                   Multi-angle Analysis of Problems   
26  Identification and Discussion of Research Limi...   

    ICC (Intraclass Correlation Coefficient) ICC 95% Confidence Interval  \
0                                   0.513734                [0.41, 0.63]   
1                                   0.805025                [0.73, 0.87]   
2                                   0.271733                [0.19, 0.39]   
3                                   0.786614                [0.72, 0.85]   
4                                   0.763920                [0.69, 0.83]   
5                                   0.747171                [0.67, 0.82]   
6                                   0.737926                [0.66, 0.82]   
7                                   0.746108                [0.67, 0.82]   
8                                   0.774303                 [0.7, 0.84]   
9                                   0.769370                [0.69, 0.84]   
10                                  0.248846                [0.17, 0.36]   
11                                  0.754289                [0.68, 0.83]   
12                                  0.752821                [0.67, 0.83]   
13                                  0.761485                [0.69, 0.83]   
14                                  0.681466                [0.59, 0.77]   
15                                  0.675571                [0.59, 0.77]   
16                                  0.681010                [0.59, 0.77]   
17                                  0.759323                [0.68, 0.83]   
18                                  0.744064                [0.66, 0.82]   
19                                  0.629393                [0.53, 0.73]   
20                                  0.599263                  [0.5, 0.7]   
21                                  0.637107                [0.54, 0.73]   
22                                  0.740785                [0.66, 0.82]   
23                                  0.697142                [0.61, 0.78]   
24                                  0.734177                [0.65, 0.81]   
25                                  0.718678                 [0.63, 0.8]   
26                                  0.686083                 [0.6, 0.77]   

    Transitivity Consistency Ratio (%)  
0                                  NaN  
1                            70.909091  
2                            20.000000  
3                            75.151515  
4                            66.371681  
5                            67.619048  
6                            73.600000  
7                            73.333333  
8                            48.000000  
9                            70.312500  
10                            0.000000  
11                           75.151515  
12                           75.151515  
13                           75.151515  
14                           63.636364  
15                           71.969697  
16                           67.716535  
17                           70.312500  
18                           75.000000  
19                           67.619048  
20                           70.526316  
21                           70.229008  
22                           75.151515  
23                           75.151515  
24                           69.402985  
25                           75.000000  
26                           75.151515  

Results have been saved to 'reliability_analysis.csv'
