Author
10      0.028865
0       6.244372
7       7.486833
8      15.794150
2      19.690833
5      20.666907
1      22.629006
6      25.706756
4      41.397179
3      68.593196
9     100.000000
Name: Score, dtype: float64

Results have been saved to 'pagerank_results_balanced.csv'
Combined Results:
                                          Subcategory  \
0                                     Topic Relevance   
1                    Comprehensiveness of Information   
2                             Accuracy of Information   
3                        Innovativeness of Viewpoints   
4       Integration of Interdisciplinary Perspectives   
5                        Clarity of Logical Structure   
6               Reasonableness of Chapter Arrangement   
7              Quality of Introduction and Conclusion   
8              Accuracy and Completeness of Citations   
9              Timeliness and Relevance of References   
10   Avoidance of Plagiarism and Appropriate Citation   
11             Critical Analysis of Existing Research   
12   Proposal of New Research Directions or Questions   
13                Potential Contribution to the Field   
14             Clarity of Research Method Description   
15                    Rationality of Method Selection   
16                           Rigor of Research Design   
17               Inclusion of Latest Research Results   
18            Reflection of Current Research Hotspots   
19                     Fluency of Language Expression   
20    Appropriateness of Professional Terminology Use   
21                          Conciseness of Expression   
22  Practical Application Potential of Research Re...   
23                Feasibility of Proposed Suggestions   
24                             Logic of Argumentation   
25                   Multi-angle Analysis of Problems   
26  Identification and Discussion of Research Limi...   

    ICC (Intraclass Correlation Coefficient) ICC 95% Confidence Interval  \
0                                   0.449449                [0.35, 0.57]   
1                                   0.754734                [0.68, 0.83]   
2                                   0.235546                [0.15, 0.35]   
3                                   0.727476                [0.64, 0.81]   
4                                   0.642254                [0.55, 0.74]   
5                                   0.649458                [0.56, 0.74]   
6                                   0.633601                [0.54, 0.73]   
7                                   0.617580                [0.52, 0.72]   
8                                   0.501353                 [0.4, 0.62]   
9                                   0.647998                [0.55, 0.74]   
10                                  0.174741                 [0.1, 0.28]   
11                                  0.708157                [0.62, 0.79]   
12                                  0.586449                [0.49, 0.69]   
13                                  0.682705                [0.59, 0.77]   
14                                  0.605784                [0.51, 0.71]   
15                                  0.585342                [0.49, 0.69]   
16                                  0.592528                 [0.49, 0.7]   
17                                  0.633787                [0.54, 0.73]   
18                                  0.622233                [0.53, 0.72]   
19                                  0.590429                [0.49, 0.69]   
20                                  0.548101                [0.45, 0.66]   
21                                  0.564721                [0.46, 0.67]   
22                                  0.644465                [0.55, 0.74]   
23                                  0.604125                [0.51, 0.71]   
24                                  0.616941                [0.52, 0.72]   
25                                  0.642850                [0.55, 0.74]   
26                                  0.543349                [0.44, 0.65]   

    Transitivity Consistency Ratio (%)  
0                            80.606061  
1                            84.848485  
2                            87.878788  
3                            78.181818  
4                            82.424242  
5                            84.242424  
6                            83.636364  
7                            81.212121  
8                            83.636364  
9                            79.393939  
10                           85.454545  
11                           78.181818  
12                           78.181818  
13                           78.181818  
14                           77.575758  
15                           78.787879  
16                           78.787879  
17                           79.393939  
18                           84.848485  
19                           82.424242  
20                           83.030303  
21                           82.424242  
22                           78.181818  
23                           78.181818  
24                           81.818182  
25                           81.818182  
26                           83.636364  

Results have been saved to 'reliability_analysis.csv'
Author
10      0.019477
0       5.269368
7       6.118547
8      14.161539
1      19.197679
5      19.809610
2      21.373189
6      28.618636
4      38.509857
3      69.915625
9     100.000000
Name: Score, dtype: float64

Results have been saved to 'pagerank_results_balanced.csv'
Combined Results:
                                          Subcategory  \
0                                     Topic Relevance   
1                    Comprehensiveness of Information   
2                             Accuracy of Information   
3                        Innovativeness of Viewpoints   
4       Integration of Interdisciplinary Perspectives   
5                        Clarity of Logical Structure   
6               Reasonableness of Chapter Arrangement   
7              Quality of Introduction and Conclusion   
8              Accuracy and Completeness of Citations   
9              Timeliness and Relevance of References   
10   Avoidance of Plagiarism and Appropriate Citation   
11             Critical Analysis of Existing Research   
12   Proposal of New Research Directions or Questions   
13                Potential Contribution to the Field   
14             Clarity of Research Method Description   
15                    Rationality of Method Selection   
16                           Rigor of Research Design   
17               Inclusion of Latest Research Results   
18            Reflection of Current Research Hotspots   
19                     Fluency of Language Expression   
20    Appropriateness of Professional Terminology Use   
21                          Conciseness of Expression   
22  Practical Application Potential of Research Re...   
23                Feasibility of Proposed Suggestions   
24                             Logic of Argumentation   
25                   Multi-angle Analysis of Problems   
26  Identification and Discussion of Research Limi...   

    ICC (Intraclass Correlation Coefficient) ICC 95% Confidence Interval  \
0                                   0.449449                [0.35, 0.57]   
1                                   0.754734                [0.68, 0.83]   
2                                   0.235546                [0.15, 0.35]   
3                                   0.727476                [0.64, 0.81]   
4                                   0.642254                [0.55, 0.74]   
5                                   0.649458                [0.56, 0.74]   
6                                   0.633601                [0.54, 0.73]   
7                                   0.617580                [0.52, 0.72]   
8                                   0.501353                 [0.4, 0.62]   
9                                   0.647998                [0.55, 0.74]   
10                                  0.174741                 [0.1, 0.28]   
11                                  0.708157                [0.62, 0.79]   
12                                  0.586449                [0.49, 0.69]   
13                                  0.682705                [0.59, 0.77]   
14                                  0.605784                [0.51, 0.71]   
15                                  0.585342                [0.49, 0.69]   
16                                  0.592528                 [0.49, 0.7]   
17                                  0.633787                [0.54, 0.73]   
18                                  0.622233                [0.53, 0.72]   
19                                  0.590429                [0.49, 0.69]   
20                                  0.548101                [0.45, 0.66]   
21                                  0.564721                [0.46, 0.67]   
22                                  0.644465                [0.55, 0.74]   
23                                  0.604125                [0.51, 0.71]   
24                                  0.616941                [0.52, 0.72]   
25                                  0.642850                [0.55, 0.74]   
26                                  0.543349                [0.44, 0.65]   

    Transitivity Consistency Ratio (%)  
0                            73.983740  
1                            84.848485  
2                            54.545455  
3                            78.181818  
4                            82.424242  
5                            84.242424  
6                            83.636364  
7                            81.212121  
8                            65.822785  
9                            79.393939  
10                           52.941176  
11                           78.181818  
12                           78.181818  
13                           78.181818  
14                           77.575758  
15                           78.787879  
16                           78.787879  
17                           79.393939  
18                           84.848485  
19                           82.424242  
20                           83.030303  
21                           82.424242  
22                           78.181818  
23                           78.181818  
24                           81.818182  
25                           81.818182  
26                           83.636364  

Results have been saved to 'reliability_analysis.csv'
Author
10      0.019477
0       5.269368
7       6.118547
8      14.161539
1      19.197679
5      19.809610
2      21.373189
6      28.618636
4      38.509857
3      69.915625
9     100.000000
Name: Score, dtype: float64

Results have been saved to 'pagerank_results_balanced.csv'
Combined Results:
                                          Subcategory  \
0                                     Topic Relevance   
1                    Comprehensiveness of Information   
2                             Accuracy of Information   
3                        Innovativeness of Viewpoints   
4       Integration of Interdisciplinary Perspectives   
5                        Clarity of Logical Structure   
6               Reasonableness of Chapter Arrangement   
7              Quality of Introduction and Conclusion   
8              Accuracy and Completeness of Citations   
9              Timeliness and Relevance of References   
10   Avoidance of Plagiarism and Appropriate Citation   
11             Critical Analysis of Existing Research   
12   Proposal of New Research Directions or Questions   
13                Potential Contribution to the Field   
14             Clarity of Research Method Description   
15                    Rationality of Method Selection   
16                           Rigor of Research Design   
17               Inclusion of Latest Research Results   
18            Reflection of Current Research Hotspots   
19                     Fluency of Language Expression   
20    Appropriateness of Professional Terminology Use   
21                          Conciseness of Expression   
22  Practical Application Potential of Research Re...   
23                Feasibility of Proposed Suggestions   
24                             Logic of Argumentation   
25                   Multi-angle Analysis of Problems   
26  Identification and Discussion of Research Limi...   

    ICC (Intraclass Correlation Coefficient) ICC 95% Confidence Interval  \
0                                   0.449449                [0.35, 0.57]   
1                                   0.754734                [0.68, 0.83]   
2                                   0.235546                [0.15, 0.35]   
3                                   0.727476                [0.64, 0.81]   
4                                   0.642254                [0.55, 0.74]   
5                                   0.649458                [0.56, 0.74]   
6                                   0.633601                [0.54, 0.73]   
7                                   0.617580                [0.52, 0.72]   
8                                   0.501353                 [0.4, 0.62]   
9                                   0.647998                [0.55, 0.74]   
10                                  0.174741                 [0.1, 0.28]   
11                                  0.708157                [0.62, 0.79]   
12                                  0.586449                [0.49, 0.69]   
13                                  0.682705                [0.59, 0.77]   
14                                  0.605784                [0.51, 0.71]   
15                                  0.585342                [0.49, 0.69]   
16                                  0.592528                 [0.49, 0.7]   
17                                  0.633787                [0.54, 0.73]   
18                                  0.622233                [0.53, 0.72]   
19                                  0.590429                [0.49, 0.69]   
20                                  0.548101                [0.45, 0.66]   
21                                  0.564721                [0.46, 0.67]   
22                                  0.644465                [0.55, 0.74]   
23                                  0.604125                [0.51, 0.71]   
24                                  0.616941                [0.52, 0.72]   
25                                  0.642850                [0.55, 0.74]   
26                                  0.543349                [0.44, 0.65]   

    Transitivity Consistency Ratio (%)  
0                            73.983740  
1                            84.848485  
2                            54.545455  
3                            78.181818  
4                            82.424242  
5                            84.242424  
6                            83.636364  
7                            81.212121  
8                            65.822785  
9                            79.393939  
10                           52.941176  
11                           78.181818  
12                           78.181818  
13                           78.181818  
14                           77.575758  
15                           78.787879  
16                           78.787879  
17                           79.393939  
18                           84.848485  
19                           82.424242  
20                           83.030303  
21                           82.424242  
22                           78.181818  
23                           78.181818  
24                           81.818182  
25                           81.818182  
26                           83.636364  

Results have been saved to 'reliability_analysis.csv'
