Author
3      0.504601
1      6.732755
6      7.378573
2      9.066176
7     11.641047
10    44.099894
5     48.083919
0     58.350436
8     62.947798
4     76.813226
9     99.999688
Name: Score, dtype: float64

Results have been saved to 'pagerank_results_balanced.csv'
Combined Results:
                                          Subcategory  \
0                                     Topic Relevance   
1                    Comprehensiveness of Information   
2                             Accuracy of Information   
3                        Innovativeness of Viewpoints   
4       Integration of Interdisciplinary Perspectives   
5                        Clarity of Logical Structure   
6               Reasonableness of Chapter Arrangement   
7              Quality of Introduction and Conclusion   
8              Accuracy and Completeness of Citations   
9              Timeliness and Relevance of References   
10   Avoidance of Plagiarism and Appropriate Citation   
11             Critical Analysis of Existing Research   
12   Proposal of New Research Directions or Questions   
13                Potential Contribution to the Field   
14             Clarity of Research Method Description   
15                    Rationality of Method Selection   
16                           Rigor of Research Design   
17               Inclusion of Latest Research Results   
18            Reflection of Current Research Hotspots   
19                     Fluency of Language Expression   
20    Appropriateness of Professional Terminology Use   
21                          Conciseness of Expression   
22  Practical Application Potential of Research Re...   
23                Feasibility of Proposed Suggestions   
24                             Logic of Argumentation   
25                   Multi-angle Analysis of Problems   
26  Identification and Discussion of Research Limi...   

    ICC (Intraclass Correlation Coefficient) ICC 95% Confidence Interval  \
0                                   0.520660                [0.42, 0.63]   
1                                   0.802350                [0.74, 0.86]   
2                                   0.497439                 [0.4, 0.61]   
3                                   0.773056                 [0.7, 0.84]   
4                                   0.770028                [0.69, 0.84]   
5                                   0.762222                [0.69, 0.83]   
6                                   0.760057                [0.68, 0.83]   
7                                   0.734699                [0.65, 0.81]   
8                                   0.349429                [0.25, 0.47]   
9                                   0.594185                 [0.49, 0.7]   
10                                  0.315492                [0.22, 0.43]   
11                                  0.728010                [0.65, 0.81]   
12                                  0.613900                [0.51, 0.72]   
13                                  0.700316                [0.61, 0.79]   
14                                  0.637609                [0.54, 0.73]   
15                                  0.645542                [0.55, 0.74]   
16                                  0.657735                [0.56, 0.75]   
17                                  0.596430                 [0.49, 0.7]   
18                                  0.640228                [0.54, 0.74]   
19                                  0.680152                [0.59, 0.77]   
20                                  0.670339                [0.58, 0.76]   
21                                  0.638767                [0.54, 0.74]   
22                                  0.660900                [0.57, 0.75]   
23                                  0.490071                [0.39, 0.61]   
24                                  0.707675                [0.62, 0.79]   
25                                  0.770391                 [0.7, 0.84]   
26                                  0.672924                [0.58, 0.76]   

    Transitivity Consistency Ratio (%)  
0                            86.060606  
1                            74.545455  
2                            86.060606  
3                            80.606061  
4                            74.545455  
5                            76.363636  
6                            77.575758  
7                            76.969697  
8                            82.424242  
9                            75.151515  
10                           86.060606  
11                           77.575758  
12                           78.787879  
13                           80.606061  
14                           71.515152  
15                           72.727273  
16                           72.727273  
17                           75.151515  
18                           75.151515  
19                           76.363636  
20                           72.121212  
21                           76.969697  
22                           76.969697  
23                           77.575758  
24                           72.121212  
25                           74.545455  
26                           74.545455  

Results have been saved to 'reliability_analysis.csv'
Author
4     37.695929
9     40.870750
6     47.563623
2     50.281493
10    54.853340
3     59.815579
7     61.052955
1     68.453141
5     84.658567
8     92.777654
0     93.797051
Name: Score, dtype: float64

Results have been saved to 'pagerank_results_balanced.csv'
Combined Results:
                                          Subcategory  \
0                                     Topic Relevance   
1                    Comprehensiveness of Information   
2                             Accuracy of Information   
3                        Innovativeness of Viewpoints   
4       Integration of Interdisciplinary Perspectives   
5                        Clarity of Logical Structure   
6               Reasonableness of Chapter Arrangement   
7              Quality of Introduction and Conclusion   
8              Accuracy and Completeness of Citations   
9              Timeliness and Relevance of References   
10   Avoidance of Plagiarism and Appropriate Citation   
11             Critical Analysis of Existing Research   
12   Proposal of New Research Directions or Questions   
13                Potential Contribution to the Field   
14             Clarity of Research Method Description   
15                    Rationality of Method Selection   
16                           Rigor of Research Design   
17               Inclusion of Latest Research Results   
18            Reflection of Current Research Hotspots   
19                     Fluency of Language Expression   
20    Appropriateness of Professional Terminology Use   
21                          Conciseness of Expression   
22  Practical Application Potential of Research Re...   
23                Feasibility of Proposed Suggestions   
24                             Logic of Argumentation   
25                   Multi-angle Analysis of Problems   
26  Identification and Discussion of Research Limi...   

    ICC (Intraclass Correlation Coefficient) ICC 95% Confidence Interval  \
0                                   0.536720                [0.44, 0.65]   
1                                   0.827417                [0.77, 0.88]   
2                                   0.568838                [0.47, 0.68]   
3                                   0.816757                [0.75, 0.87]   
4                                   0.822422                [0.76, 0.88]   
5                                   0.795021                [0.73, 0.86]   
6                                   0.767107                [0.69, 0.84]   
7                                   0.742421                [0.66, 0.82]   
8                                   0.718158                 [0.63, 0.8]   
9                                   0.740563                [0.66, 0.82]   
10                                  0.357999                [0.26, 0.48]   
11                                  0.829672                [0.77, 0.88]   
12                                  0.766228                [0.69, 0.84]   
13                                  0.794306                [0.73, 0.86]   
14                                  0.688509                 [0.6, 0.78]   
15                                  0.703521                [0.62, 0.79]   
16                                  0.686617                 [0.6, 0.77]   
17                                  0.762682                [0.69, 0.83]   
18                                  0.744405                [0.66, 0.82]   
19                                  0.663383                [0.57, 0.76]   
20                                  0.692544                 [0.6, 0.78]   
21                                  0.621076                [0.52, 0.72]   
22                                  0.769810                 [0.7, 0.84]   
23                                  0.655790                [0.56, 0.75]   
24                                  0.787470                [0.72, 0.85]   
25                                  0.780298                [0.71, 0.85]   
26                                  0.712501                [0.63, 0.79]   

    Transitivity Consistency Ratio (%)  
0                            85.454545  
1                            76.969697  
2                            85.454545  
3                            80.606061  
4                            76.969697  
5                            76.363636  
6                            78.181818  
7                            77.575758  
8                            82.424242  
9                            76.969697  
10                           85.454545  
11                           81.212121  
12                           78.787879  
13                           80.606061  
14                           76.363636  
15                           76.969697  
16                           76.969697  
17                           76.969697  
18                           76.969697  
19                           76.363636  
20                           76.363636  
21                           77.575758  
22                           76.969697  
23                           77.575758  
24                           76.969697  
25                           76.969697  
26                           76.969697  

Results have been saved to 'reliability_analysis.csv'
Author
4     37.695929
9     40.870750
6     47.563623
2     50.281493
10    54.853340
3     59.815579
7     61.052955
1     68.453141
5     84.658567
8     92.777654
0     93.797051
Name: Score, dtype: float64

Results have been saved to 'pagerank_results_balanced.csv'
Combined Results:
                                          Subcategory  \
0                                     Topic Relevance   
1                    Comprehensiveness of Information   
2                             Accuracy of Information   
3                        Innovativeness of Viewpoints   
4       Integration of Interdisciplinary Perspectives   
5                        Clarity of Logical Structure   
6               Reasonableness of Chapter Arrangement   
7              Quality of Introduction and Conclusion   
8              Accuracy and Completeness of Citations   
9              Timeliness and Relevance of References   
10   Avoidance of Plagiarism and Appropriate Citation   
11             Critical Analysis of Existing Research   
12   Proposal of New Research Directions or Questions   
13                Potential Contribution to the Field   
14             Clarity of Research Method Description   
15                    Rationality of Method Selection   
16                           Rigor of Research Design   
17               Inclusion of Latest Research Results   
18            Reflection of Current Research Hotspots   
19                     Fluency of Language Expression   
20    Appropriateness of Professional Terminology Use   
21                          Conciseness of Expression   
22  Practical Application Potential of Research Re...   
23                Feasibility of Proposed Suggestions   
24                             Logic of Argumentation   
25                   Multi-angle Analysis of Problems   
26  Identification and Discussion of Research Limi...   

    ICC (Intraclass Correlation Coefficient) ICC 95% Confidence Interval  \
0                                   0.536720                [0.44, 0.65]   
1                                   0.827417                [0.77, 0.88]   
2                                   0.568838                [0.47, 0.68]   
3                                   0.816757                [0.75, 0.87]   
4                                   0.822422                [0.76, 0.88]   
5                                   0.795021                [0.73, 0.86]   
6                                   0.767107                [0.69, 0.84]   
7                                   0.742421                [0.66, 0.82]   
8                                   0.718158                 [0.63, 0.8]   
9                                   0.740563                [0.66, 0.82]   
10                                  0.357999                [0.26, 0.48]   
11                                  0.829672                [0.77, 0.88]   
12                                  0.766228                [0.69, 0.84]   
13                                  0.794306                [0.73, 0.86]   
14                                  0.688509                 [0.6, 0.78]   
15                                  0.703521                [0.62, 0.79]   
16                                  0.686617                 [0.6, 0.77]   
17                                  0.762682                [0.69, 0.83]   
18                                  0.744405                [0.66, 0.82]   
19                                  0.663383                [0.57, 0.76]   
20                                  0.692544                 [0.6, 0.78]   
21                                  0.621076                [0.52, 0.72]   
22                                  0.769810                 [0.7, 0.84]   
23                                  0.655790                [0.56, 0.75]   
24                                  0.787470                [0.72, 0.85]   
25                                  0.780298                [0.71, 0.85]   
26                                  0.712501                [0.63, 0.79]   

    Transitivity Consistency Ratio (%)  
0                            85.454545  
1                            76.969697  
2                            85.454545  
3                            80.606061  
4                            76.969697  
5                            76.363636  
6                            78.181818  
7                            77.575758  
8                            82.424242  
9                            76.969697  
10                           85.454545  
11                           81.212121  
12                           78.787879  
13                           80.606061  
14                           76.363636  
15                           76.969697  
16                           76.969697  
17                           76.969697  
18                           76.969697  
19                           76.363636  
20                           76.363636  
21                           77.575758  
22                           76.969697  
23                           77.575758  
24                           76.969697  
25                           76.969697  
26                           76.969697  

Results have been saved to 'reliability_analysis.csv'
Author
10     0.000000
3     41.751451
1     59.396298
6     59.528619
2     61.069519
7     70.244121
5     83.341919
0     87.815146
8     88.993834
4     93.110478
9     99.996247
Name: Score, dtype: float64

Results have been saved to 'pagerank_results_balanced.csv'
Combined Results:
                                          Subcategory  \
0                                     Topic Relevance   
1                    Comprehensiveness of Information   
2                             Accuracy of Information   
3                        Innovativeness of Viewpoints   
4       Integration of Interdisciplinary Perspectives   
5                        Clarity of Logical Structure   
6               Reasonableness of Chapter Arrangement   
7              Quality of Introduction and Conclusion   
8              Accuracy and Completeness of Citations   
9              Timeliness and Relevance of References   
10   Avoidance of Plagiarism and Appropriate Citation   
11             Critical Analysis of Existing Research   
12   Proposal of New Research Directions or Questions   
13                Potential Contribution to the Field   
14             Clarity of Research Method Description   
15                    Rationality of Method Selection   
16                           Rigor of Research Design   
17               Inclusion of Latest Research Results   
18            Reflection of Current Research Hotspots   
19                     Fluency of Language Expression   
20    Appropriateness of Professional Terminology Use   
21                          Conciseness of Expression   
22  Practical Application Potential of Research Re...   
23                Feasibility of Proposed Suggestions   
24                             Logic of Argumentation   
25                   Multi-angle Analysis of Problems   
26  Identification and Discussion of Research Limi...   

    ICC (Intraclass Correlation Coefficient) ICC 95% Confidence Interval  \
0                                   0.536720                [0.44, 0.65]   
1                                   0.827417                [0.77, 0.88]   
2                                   0.568838                [0.47, 0.68]   
3                                   0.816757                [0.75, 0.87]   
4                                   0.822422                [0.76, 0.88]   
5                                   0.795021                [0.73, 0.86]   
6                                   0.767107                [0.69, 0.84]   
7                                   0.742421                [0.66, 0.82]   
8                                   0.718158                 [0.63, 0.8]   
9                                   0.740563                [0.66, 0.82]   
10                                  0.357999                [0.26, 0.48]   
11                                  0.829672                [0.77, 0.88]   
12                                  0.766228                [0.69, 0.84]   
13                                  0.794306                [0.73, 0.86]   
14                                  0.688509                 [0.6, 0.78]   
15                                  0.703521                [0.62, 0.79]   
16                                  0.686617                 [0.6, 0.77]   
17                                  0.762682                [0.69, 0.83]   
18                                  0.744405                [0.66, 0.82]   
19                                  0.663383                [0.57, 0.76]   
20                                  0.692544                 [0.6, 0.78]   
21                                  0.621076                [0.52, 0.72]   
22                                  0.769810                 [0.7, 0.84]   
23                                  0.655790                [0.56, 0.75]   
24                                  0.787470                [0.72, 0.85]   
25                                  0.780298                [0.71, 0.85]   
26                                  0.712501                [0.63, 0.79]   

    Transitivity Consistency Ratio (%)  
0                            31.428571  
1                            76.969697  
2                            29.411765  
3                            79.746835  
4                            76.969697  
5                            75.471698  
6                            76.923077  
7                            77.575758  
8                            67.045455  
9                            76.969697  
10                           33.333333  
11                           81.212121  
12                           77.707006  
13                           80.606061  
14                           75.471698  
15                           76.969697  
16                           76.969697  
17                           76.969697  
18                           76.969697  
19                           75.471698  
20                           75.471698  
21                           77.575758  
22                           76.969697  
23                           77.575758  
24                           76.969697  
25                           76.969697  
26                           76.969697  

Results have been saved to 'reliability_analysis.csv'
Author
10     0.000000
3     41.751451
1     59.396298
6     59.528619
2     61.069519
7     70.244121
5     83.341919
0     87.815146
8     88.993834
4     93.110478
9     99.996247
Name: Score, dtype: float64

Results have been saved to 'pagerank_results_balanced.csv'
Combined Results:
                                          Subcategory  \
0                                     Topic Relevance   
1                    Comprehensiveness of Information   
2                             Accuracy of Information   
3                        Innovativeness of Viewpoints   
4       Integration of Interdisciplinary Perspectives   
5                        Clarity of Logical Structure   
6               Reasonableness of Chapter Arrangement   
7              Quality of Introduction and Conclusion   
8              Accuracy and Completeness of Citations   
9              Timeliness and Relevance of References   
10   Avoidance of Plagiarism and Appropriate Citation   
11             Critical Analysis of Existing Research   
12   Proposal of New Research Directions or Questions   
13                Potential Contribution to the Field   
14             Clarity of Research Method Description   
15                    Rationality of Method Selection   
16                           Rigor of Research Design   
17               Inclusion of Latest Research Results   
18            Reflection of Current Research Hotspots   
19                     Fluency of Language Expression   
20    Appropriateness of Professional Terminology Use   
21                          Conciseness of Expression   
22  Practical Application Potential of Research Re...   
23                Feasibility of Proposed Suggestions   
24                             Logic of Argumentation   
25                   Multi-angle Analysis of Problems   
26  Identification and Discussion of Research Limi...   

    ICC (Intraclass Correlation Coefficient) ICC 95% Confidence Interval  \
0                                   0.536720                [0.44, 0.65]   
1                                   0.827417                [0.77, 0.88]   
2                                   0.568838                [0.47, 0.68]   
3                                   0.816757                [0.75, 0.87]   
4                                   0.822422                [0.76, 0.88]   
5                                   0.795021                [0.73, 0.86]   
6                                   0.767107                [0.69, 0.84]   
7                                   0.742421                [0.66, 0.82]   
8                                   0.718158                 [0.63, 0.8]   
9                                   0.740563                [0.66, 0.82]   
10                                  0.357999                [0.26, 0.48]   
11                                  0.829672                [0.77, 0.88]   
12                                  0.766228                [0.69, 0.84]   
13                                  0.794306                [0.73, 0.86]   
14                                  0.688509                 [0.6, 0.78]   
15                                  0.703521                [0.62, 0.79]   
16                                  0.686617                 [0.6, 0.77]   
17                                  0.762682                [0.69, 0.83]   
18                                  0.744405                [0.66, 0.82]   
19                                  0.663383                [0.57, 0.76]   
20                                  0.692544                 [0.6, 0.78]   
21                                  0.621076                [0.52, 0.72]   
22                                  0.769810                 [0.7, 0.84]   
23                                  0.655790                [0.56, 0.75]   
24                                  0.787470                [0.72, 0.85]   
25                                  0.780298                [0.71, 0.85]   
26                                  0.712501                [0.63, 0.79]   

    Transitivity Consistency Ratio (%)  
0                            31.428571  
1                            76.969697  
2                            29.411765  
3                            79.746835  
4                            76.969697  
5                            75.471698  
6                            76.923077  
7                            77.575758  
8                            67.045455  
9                            76.969697  
10                           33.333333  
11                           81.212121  
12                           77.707006  
13                           80.606061  
14                           75.471698  
15                           76.969697  
16                           76.969697  
17                           76.969697  
18                           76.969697  
19                           75.471698  
20                           75.471698  
21                           77.575758  
22                           76.969697  
23                           77.575758  
24                           76.969697  
25                           76.969697  
26                           76.969697  

Results have been saved to 'reliability_analysis.csv'
