Author
10     0.000000
3     73.505749
0     77.188763
4     80.245763
7     81.121501
8     90.405286
1     91.286278
5     93.706018
9     95.789182
6     97.702285
2     98.225640
Name: Score, dtype: float64

Results have been saved to 'pagerank_results_balanced.csv'
Combined Results:
                                          Subcategory  \
0                                     Topic Relevance   
1                    Comprehensiveness of Information   
2                             Accuracy of Information   
3                        Innovativeness of Viewpoints   
4       Integration of Interdisciplinary Perspectives   
5                        Clarity of Logical Structure   
6               Reasonableness of Chapter Arrangement   
7              Quality of Introduction and Conclusion   
8              Accuracy and Completeness of Citations   
9              Timeliness and Relevance of References   
10   Avoidance of Plagiarism and Appropriate Citation   
11             Critical Analysis of Existing Research   
12   Proposal of New Research Directions or Questions   
13                Potential Contribution to the Field   
14             Clarity of Research Method Description   
15                    Rationality of Method Selection   
16                           Rigor of Research Design   
17               Inclusion of Latest Research Results   
18            Reflection of Current Research Hotspots   
19                     Fluency of Language Expression   
20    Appropriateness of Professional Terminology Use   
21                          Conciseness of Expression   
22  Practical Application Potential of Research Re...   
23                Feasibility of Proposed Suggestions   
24                             Logic of Argumentation   
25                   Multi-angle Analysis of Problems   
26  Identification and Discussion of Research Limi...   

    ICC (Intraclass Correlation Coefficient) ICC 95% Confidence Interval  \
0                                   0.628323                [0.53, 0.73]   
1                                   0.741138                [0.66, 0.82]   
2                                   0.334470                [0.24, 0.45]   
3                                   0.684604                [0.59, 0.77]   
4                                   0.655459                [0.56, 0.75]   
5                                   0.641115                [0.55, 0.74]   
6                                   0.638112                [0.54, 0.74]   
7                                   0.589346                [0.49, 0.69]   
8                                   0.621566                [0.52, 0.72]   
9                                   0.603990                [0.51, 0.71]   
10                                  0.390405                [0.29, 0.51]   
11                                  0.673240                [0.58, 0.76]   
12                                  0.705161                [0.62, 0.79]   
13                                  0.655048                [0.56, 0.75]   
14                                  0.697408                [0.61, 0.78]   
15                                  0.683288                [0.59, 0.77]   
16                                  0.645892                [0.55, 0.74]   
17                                  0.634189                [0.54, 0.73]   
18                                  0.633285                [0.54, 0.73]   
19                                  0.491242                [0.39, 0.61]   
20                                  0.456209                [0.35, 0.57]   
21                                  0.465893                [0.36, 0.58]   
22                                  0.649061                [0.56, 0.74]   
23                                  0.622909                [0.53, 0.72]   
24                                  0.596999                  [0.5, 0.7]   
25                                  0.607811                [0.51, 0.71]   
26                                  0.567013                [0.47, 0.67]   

    Transitivity Consistency Ratio (%)  
0                            94.545455  
1                            78.181818  
2                            86.666667  
3                            81.818182  
4                            76.363636  
5                            82.424242  
6                            81.212121  
7                            76.363636  
8                            94.545455  
9                            78.181818  
10                           93.333333  
11                           81.212121  
12                           77.575758  
13                           78.787879  
14                           83.030303  
15                           76.363636  
16                           76.363636  
17                           78.181818  
18                           79.393939  
19                           78.181818  
20                           81.212121  
21                           76.363636  
22                           78.787879  
23                           77.575758  
24                           80.000000  
25                           79.393939  
26                           78.181818  

Results have been saved to 'reliability_analysis.csv'
Author
10     0.000000
3     73.505749
0     77.188763
4     80.245763
7     81.121501
8     90.405286
1     91.286278
5     93.706018
9     95.789182
6     97.702285
2     98.225640
Name: Score, dtype: float64

Results have been saved to 'pagerank_results_balanced.csv'
Combined Results:
                                          Subcategory  \
0                                     Topic Relevance   
1                    Comprehensiveness of Information   
2                             Accuracy of Information   
3                        Innovativeness of Viewpoints   
4       Integration of Interdisciplinary Perspectives   
5                        Clarity of Logical Structure   
6               Reasonableness of Chapter Arrangement   
7              Quality of Introduction and Conclusion   
8              Accuracy and Completeness of Citations   
9              Timeliness and Relevance of References   
10   Avoidance of Plagiarism and Appropriate Citation   
11             Critical Analysis of Existing Research   
12   Proposal of New Research Directions or Questions   
13                Potential Contribution to the Field   
14             Clarity of Research Method Description   
15                    Rationality of Method Selection   
16                           Rigor of Research Design   
17               Inclusion of Latest Research Results   
18            Reflection of Current Research Hotspots   
19                     Fluency of Language Expression   
20    Appropriateness of Professional Terminology Use   
21                          Conciseness of Expression   
22  Practical Application Potential of Research Re...   
23                Feasibility of Proposed Suggestions   
24                             Logic of Argumentation   
25                   Multi-angle Analysis of Problems   
26  Identification and Discussion of Research Limi...   

    ICC (Intraclass Correlation Coefficient) ICC 95% Confidence Interval  \
0                                   0.628323                [0.53, 0.73]   
1                                   0.741138                [0.66, 0.82]   
2                                   0.334470                [0.24, 0.45]   
3                                   0.684604                [0.59, 0.77]   
4                                   0.655459                [0.56, 0.75]   
5                                   0.641115                [0.55, 0.74]   
6                                   0.638112                [0.54, 0.74]   
7                                   0.589346                [0.49, 0.69]   
8                                   0.621566                [0.52, 0.72]   
9                                   0.603990                [0.51, 0.71]   
10                                  0.390405                [0.29, 0.51]   
11                                  0.673240                [0.58, 0.76]   
12                                  0.705161                [0.62, 0.79]   
13                                  0.655048                [0.56, 0.75]   
14                                  0.697408                [0.61, 0.78]   
15                                  0.683288                [0.59, 0.77]   
16                                  0.645892                [0.55, 0.74]   
17                                  0.634189                [0.54, 0.73]   
18                                  0.633285                [0.54, 0.73]   
19                                  0.491242                [0.39, 0.61]   
20                                  0.456209                [0.35, 0.57]   
21                                  0.465893                [0.36, 0.58]   
22                                  0.649061                [0.56, 0.74]   
23                                  0.622909                [0.53, 0.72]   
24                                  0.596999                  [0.5, 0.7]   
25                                  0.607811                [0.51, 0.71]   
26                                  0.567013                [0.47, 0.67]   

    Transitivity Consistency Ratio (%)  
0                            94.545455  
1                            78.181818  
2                            86.666667  
3                            81.818182  
4                            76.363636  
5                            82.424242  
6                            81.212121  
7                            76.363636  
8                            94.545455  
9                            78.181818  
10                           93.333333  
11                           81.212121  
12                           77.575758  
13                           78.787879  
14                           83.030303  
15                           76.363636  
16                           76.363636  
17                           78.181818  
18                           79.393939  
19                           78.181818  
20                           81.212121  
21                           76.363636  
22                           78.787879  
23                           77.575758  
24                           80.000000  
25                           79.393939  
26                           78.181818  

Results have been saved to 'reliability_analysis.csv'
Author
10     0.000000
3     71.092028
0     76.816722
7     80.177217
4     80.234000
8     89.592570
1     90.598360
5     93.444284
9     95.568954
6     97.405383
2     98.215779
Name: Score, dtype: float64

Results have been saved to 'pagerank_results_balanced.csv'
Combined Results:
                                          Subcategory  \
0                                     Topic Relevance   
1                    Comprehensiveness of Information   
2                             Accuracy of Information   
3                        Innovativeness of Viewpoints   
4       Integration of Interdisciplinary Perspectives   
5                        Clarity of Logical Structure   
6               Reasonableness of Chapter Arrangement   
7              Quality of Introduction and Conclusion   
8              Accuracy and Completeness of Citations   
9              Timeliness and Relevance of References   
10   Avoidance of Plagiarism and Appropriate Citation   
11             Critical Analysis of Existing Research   
12   Proposal of New Research Directions or Questions   
13                Potential Contribution to the Field   
14             Clarity of Research Method Description   
15                    Rationality of Method Selection   
16                           Rigor of Research Design   
17               Inclusion of Latest Research Results   
18            Reflection of Current Research Hotspots   
19                     Fluency of Language Expression   
20    Appropriateness of Professional Terminology Use   
21                          Conciseness of Expression   
22  Practical Application Potential of Research Re...   
23                Feasibility of Proposed Suggestions   
24                             Logic of Argumentation   
25                   Multi-angle Analysis of Problems   
26  Identification and Discussion of Research Limi...   

    ICC (Intraclass Correlation Coefficient) ICC 95% Confidence Interval  \
0                                   0.628323                [0.53, 0.73]   
1                                   0.741138                [0.66, 0.82]   
2                                   0.334470                [0.24, 0.45]   
3                                   0.684604                [0.59, 0.77]   
4                                   0.655459                [0.56, 0.75]   
5                                   0.641115                [0.55, 0.74]   
6                                   0.638112                [0.54, 0.74]   
7                                   0.589346                [0.49, 0.69]   
8                                   0.621566                [0.52, 0.72]   
9                                   0.603990                [0.51, 0.71]   
10                                  0.390405                [0.29, 0.51]   
11                                  0.673240                [0.58, 0.76]   
12                                  0.705161                [0.62, 0.79]   
13                                  0.655048                [0.56, 0.75]   
14                                  0.697408                [0.61, 0.78]   
15                                  0.683288                [0.59, 0.77]   
16                                  0.645892                [0.55, 0.74]   
17                                  0.634189                [0.54, 0.73]   
18                                  0.633285                [0.54, 0.73]   
19                                  0.491242                [0.39, 0.61]   
20                                  0.456209                [0.35, 0.57]   
21                                  0.465893                [0.36, 0.58]   
22                                  0.649061                [0.56, 0.74]   
23                                  0.622909                [0.53, 0.72]   
24                                  0.596999                  [0.5, 0.7]   
25                                  0.607811                [0.51, 0.71]   
26                                  0.567013                [0.47, 0.67]   

    Transitivity Consistency Ratio (%)  
0                            35.714286  
1                            78.181818  
2                            24.137931  
3                            80.769231  
4                            73.648649  
5                            82.424242  
6                            81.212121  
7                            75.316456  
8                            65.384615  
9                            78.181818  
10                           38.888889  
11                           81.212121  
12                           77.575758  
13                           78.787879  
14                           83.030303  
15                           75.316456  
16                           76.363636  
17                           78.181818  
18                           79.393939  
19                           78.181818  
20                           81.212121  
21                           76.363636  
22                           78.787879  
23                           77.575758  
24                           78.846154  
25                           79.393939  
26                           78.181818  

Results have been saved to 'reliability_analysis.csv'
Author
10     0.000000
3     71.092028
0     76.816722
7     80.177217
4     80.234000
8     89.592570
1     90.598360
5     93.444284
9     95.568954
6     97.405383
2     98.215779
Name: Score, dtype: float64

Results have been saved to 'pagerank_results_balanced.csv'
Combined Results:
                                          Subcategory  \
0                                     Topic Relevance   
1                    Comprehensiveness of Information   
2                             Accuracy of Information   
3                        Innovativeness of Viewpoints   
4       Integration of Interdisciplinary Perspectives   
5                        Clarity of Logical Structure   
6               Reasonableness of Chapter Arrangement   
7              Quality of Introduction and Conclusion   
8              Accuracy and Completeness of Citations   
9              Timeliness and Relevance of References   
10   Avoidance of Plagiarism and Appropriate Citation   
11             Critical Analysis of Existing Research   
12   Proposal of New Research Directions or Questions   
13                Potential Contribution to the Field   
14             Clarity of Research Method Description   
15                    Rationality of Method Selection   
16                           Rigor of Research Design   
17               Inclusion of Latest Research Results   
18            Reflection of Current Research Hotspots   
19                     Fluency of Language Expression   
20    Appropriateness of Professional Terminology Use   
21                          Conciseness of Expression   
22  Practical Application Potential of Research Re...   
23                Feasibility of Proposed Suggestions   
24                             Logic of Argumentation   
25                   Multi-angle Analysis of Problems   
26  Identification and Discussion of Research Limi...   

    ICC (Intraclass Correlation Coefficient) ICC 95% Confidence Interval  \
0                                   0.628323                [0.53, 0.73]   
1                                   0.741138                [0.66, 0.82]   
2                                   0.334470                [0.24, 0.45]   
3                                   0.684604                [0.59, 0.77]   
4                                   0.655459                [0.56, 0.75]   
5                                   0.641115                [0.55, 0.74]   
6                                   0.638112                [0.54, 0.74]   
7                                   0.589346                [0.49, 0.69]   
8                                   0.621566                [0.52, 0.72]   
9                                   0.603990                [0.51, 0.71]   
10                                  0.390405                [0.29, 0.51]   
11                                  0.673240                [0.58, 0.76]   
12                                  0.705161                [0.62, 0.79]   
13                                  0.655048                [0.56, 0.75]   
14                                  0.697408                [0.61, 0.78]   
15                                  0.683288                [0.59, 0.77]   
16                                  0.645892                [0.55, 0.74]   
17                                  0.634189                [0.54, 0.73]   
18                                  0.633285                [0.54, 0.73]   
19                                  0.491242                [0.39, 0.61]   
20                                  0.456209                [0.35, 0.57]   
21                                  0.465893                [0.36, 0.58]   
22                                  0.649061                [0.56, 0.74]   
23                                  0.622909                [0.53, 0.72]   
24                                  0.596999                  [0.5, 0.7]   
25                                  0.607811                [0.51, 0.71]   
26                                  0.567013                [0.47, 0.67]   

    Transitivity Consistency Ratio (%)  
0                            35.714286  
1                            78.181818  
2                            24.137931  
3                            80.769231  
4                            73.648649  
5                            82.424242  
6                            81.212121  
7                            75.316456  
8                            65.384615  
9                            78.181818  
10                           38.888889  
11                           81.212121  
12                           77.575758  
13                           78.787879  
14                           83.030303  
15                           75.316456  
16                           76.363636  
17                           78.181818  
18                           79.393939  
19                           78.181818  
20                           81.212121  
21                           76.363636  
22                           78.787879  
23                           77.575758  
24                           78.846154  
25                           79.393939  
26                           78.181818  

Results have been saved to 'reliability_analysis.csv'
