Author
2      1.350759
10     1.957273
5     12.004561
8     12.746134
1     20.669868
6     24.957093
7     44.828091
0     56.992628
3     65.974314
4     85.680771
9     95.511167
Name: Score, dtype: float64

Results have been saved to 'pagerank_results_balanced.csv'
Combined Results:
                                          Subcategory  \
0                                     Topic Relevance   
1                    Comprehensiveness of Information   
2                             Accuracy of Information   
3                        Innovativeness of Viewpoints   
4       Integration of Interdisciplinary Perspectives   
5                        Clarity of Logical Structure   
6               Reasonableness of Chapter Arrangement   
7              Quality of Introduction and Conclusion   
8              Accuracy and Completeness of Citations   
9              Timeliness and Relevance of References   
10   Avoidance of Plagiarism and Appropriate Citation   
11             Critical Analysis of Existing Research   
12   Proposal of New Research Directions or Questions   
13                Potential Contribution to the Field   
14             Clarity of Research Method Description   
15                    Rationality of Method Selection   
16                           Rigor of Research Design   
17               Inclusion of Latest Research Results   
18            Reflection of Current Research Hotspots   
19                     Fluency of Language Expression   
20    Appropriateness of Professional Terminology Use   
21                          Conciseness of Expression   
22  Practical Application Potential of Research Re...   
23                Feasibility of Proposed Suggestions   
24                             Logic of Argumentation   
25                   Multi-angle Analysis of Problems   
26  Identification and Discussion of Research Limi...   

    ICC (Intraclass Correlation Coefficient) ICC 95% Confidence Interval  \
0                                   0.540030                [0.44, 0.65]   
1                                   0.766524                [0.69, 0.84]   
2                                   0.393410                [0.29, 0.51]   
3                                   0.558132                [0.46, 0.67]   
4                                   0.580592                [0.48, 0.69]   
5                                   0.616401                [0.52, 0.72]   
6                                   0.599952                  [0.5, 0.7]   
7                                   0.479925                 [0.38, 0.6]   
8                                   0.622432                [0.53, 0.72]   
9                                   0.633209                [0.54, 0.73]   
10                                  0.257436                [0.17, 0.37]   
11                                  0.602641                 [0.5, 0.71]   
12                                  0.573576                [0.47, 0.68]   
13                                  0.630001                [0.53, 0.73]   
14                                  0.557398                [0.46, 0.67]   
15                                  0.560295                [0.46, 0.67]   
16                                  0.574074                [0.47, 0.68]   
17                                  0.647041                [0.55, 0.74]   
18                                  0.611473                [0.51, 0.71]   
19                                  0.463218                [0.36, 0.58]   
20                                  0.546781                [0.45, 0.66]   
21                                  0.481763                 [0.38, 0.6]   
22                                  0.609566                [0.51, 0.71]   
23                                  0.591491                 [0.49, 0.7]   
24                                  0.604533                [0.51, 0.71]   
25                                  0.588436                [0.49, 0.69]   
26                                  0.551053                [0.45, 0.66]   

    Transitivity Consistency Ratio (%)  
0                            75.151515  
1                            71.515152  
2                            81.818182  
3                            73.939394  
4                            70.303030  
5                            71.515152  
6                            70.909091  
7                            69.090909  
8                            78.181818  
9                            73.939394  
10                           86.060606  
11                           70.909091  
12                           73.939394  
13                           72.727273  
14                           72.121212  
15                           70.303030  
16                           70.303030  
17                           73.939394  
18                           73.939394  
19                           69.090909  
20                           70.303030  
21                           69.090909  
22                           72.121212  
23                           72.121212  
24                           69.090909  
25                           69.696970  
26                           72.121212  

Results have been saved to 'reliability_analysis.csv'
Author
10     1.248239
2      1.602007
5      9.629129
8     11.307178
1     20.813705
6     23.523158
7     45.283461
0     54.872044
3     64.832339
4     88.581201
9     94.347278
Name: Score, dtype: float64

Results have been saved to 'pagerank_results_balanced.csv'
Combined Results:
                                          Subcategory  \
0                                     Topic Relevance   
1                    Comprehensiveness of Information   
2                             Accuracy of Information   
3                        Innovativeness of Viewpoints   
4       Integration of Interdisciplinary Perspectives   
5                        Clarity of Logical Structure   
6               Reasonableness of Chapter Arrangement   
7              Quality of Introduction and Conclusion   
8              Accuracy and Completeness of Citations   
9              Timeliness and Relevance of References   
10   Avoidance of Plagiarism and Appropriate Citation   
11             Critical Analysis of Existing Research   
12   Proposal of New Research Directions or Questions   
13                Potential Contribution to the Field   
14             Clarity of Research Method Description   
15                    Rationality of Method Selection   
16                           Rigor of Research Design   
17               Inclusion of Latest Research Results   
18            Reflection of Current Research Hotspots   
19                     Fluency of Language Expression   
20    Appropriateness of Professional Terminology Use   
21                          Conciseness of Expression   
22  Practical Application Potential of Research Re...   
23                Feasibility of Proposed Suggestions   
24                             Logic of Argumentation   
25                   Multi-angle Analysis of Problems   
26  Identification and Discussion of Research Limi...   

    ICC (Intraclass Correlation Coefficient) ICC 95% Confidence Interval  \
0                                   0.540030                [0.44, 0.65]   
1                                   0.766524                [0.69, 0.84]   
2                                   0.393410                [0.29, 0.51]   
3                                   0.558132                [0.46, 0.67]   
4                                   0.580592                [0.48, 0.69]   
5                                   0.616401                [0.52, 0.72]   
6                                   0.599952                  [0.5, 0.7]   
7                                   0.479925                 [0.38, 0.6]   
8                                   0.622432                [0.53, 0.72]   
9                                   0.633209                [0.54, 0.73]   
10                                  0.257436                [0.17, 0.37]   
11                                  0.602641                 [0.5, 0.71]   
12                                  0.573576                [0.47, 0.68]   
13                                  0.630001                [0.53, 0.73]   
14                                  0.557398                [0.46, 0.67]   
15                                  0.560295                [0.46, 0.67]   
16                                  0.574074                [0.47, 0.68]   
17                                  0.647041                [0.55, 0.74]   
18                                  0.611473                [0.51, 0.71]   
19                                  0.463218                [0.36, 0.58]   
20                                  0.546781                [0.45, 0.66]   
21                                  0.481763                 [0.38, 0.6]   
22                                  0.609566                [0.51, 0.71]   
23                                  0.591491                 [0.49, 0.7]   
24                                  0.604533                [0.51, 0.71]   
25                                  0.588436                [0.49, 0.69]   
26                                  0.551053                [0.45, 0.66]   

    Transitivity Consistency Ratio (%)  
0                            69.629630  
1                            71.515152  
2                            50.819672  
3                            72.435897  
4                            68.589744  
5                            69.871795  
6                            69.620253  
7                            69.090909  
8                            73.333333  
9                            73.939394  
10                           56.603774  
11                           70.909091  
12                           73.939394  
13                           72.727273  
14                           72.121212  
15                           70.303030  
16                           70.303030  
17                           73.939394  
18                           73.939394  
19                           69.090909  
20                           70.303030  
21                           66.666667  
22                           72.121212  
23                           72.121212  
24                           68.125000  
25                           69.696970  
26                           72.121212  

Results have been saved to 'reliability_analysis.csv'
Author
10     1.248239
2      1.602007
5      9.629129
8     11.307178
1     20.813705
6     23.523158
7     45.283461
0     54.872044
3     64.832339
4     88.581201
9     94.347278
Name: Score, dtype: float64

Results have been saved to 'pagerank_results_balanced.csv'
Combined Results:
                                          Subcategory  \
0                                     Topic Relevance   
1                    Comprehensiveness of Information   
2                             Accuracy of Information   
3                        Innovativeness of Viewpoints   
4       Integration of Interdisciplinary Perspectives   
5                        Clarity of Logical Structure   
6               Reasonableness of Chapter Arrangement   
7              Quality of Introduction and Conclusion   
8              Accuracy and Completeness of Citations   
9              Timeliness and Relevance of References   
10   Avoidance of Plagiarism and Appropriate Citation   
11             Critical Analysis of Existing Research   
12   Proposal of New Research Directions or Questions   
13                Potential Contribution to the Field   
14             Clarity of Research Method Description   
15                    Rationality of Method Selection   
16                           Rigor of Research Design   
17               Inclusion of Latest Research Results   
18            Reflection of Current Research Hotspots   
19                     Fluency of Language Expression   
20    Appropriateness of Professional Terminology Use   
21                          Conciseness of Expression   
22  Practical Application Potential of Research Re...   
23                Feasibility of Proposed Suggestions   
24                             Logic of Argumentation   
25                   Multi-angle Analysis of Problems   
26  Identification and Discussion of Research Limi...   

    ICC (Intraclass Correlation Coefficient) ICC 95% Confidence Interval  \
0                                   0.540030                [0.44, 0.65]   
1                                   0.766524                [0.69, 0.84]   
2                                   0.393410                [0.29, 0.51]   
3                                   0.558132                [0.46, 0.67]   
4                                   0.580592                [0.48, 0.69]   
5                                   0.616401                [0.52, 0.72]   
6                                   0.599952                  [0.5, 0.7]   
7                                   0.479925                 [0.38, 0.6]   
8                                   0.622432                [0.53, 0.72]   
9                                   0.633209                [0.54, 0.73]   
10                                  0.257436                [0.17, 0.37]   
11                                  0.602641                 [0.5, 0.71]   
12                                  0.573576                [0.47, 0.68]   
13                                  0.630001                [0.53, 0.73]   
14                                  0.557398                [0.46, 0.67]   
15                                  0.560295                [0.46, 0.67]   
16                                  0.574074                [0.47, 0.68]   
17                                  0.647041                [0.55, 0.74]   
18                                  0.611473                [0.51, 0.71]   
19                                  0.463218                [0.36, 0.58]   
20                                  0.546781                [0.45, 0.66]   
21                                  0.481763                 [0.38, 0.6]   
22                                  0.609566                [0.51, 0.71]   
23                                  0.591491                 [0.49, 0.7]   
24                                  0.604533                [0.51, 0.71]   
25                                  0.588436                [0.49, 0.69]   
26                                  0.551053                [0.45, 0.66]   

    Transitivity Consistency Ratio (%)  
0                            69.629630  
1                            71.515152  
2                            50.819672  
3                            72.435897  
4                            68.589744  
5                            69.871795  
6                            69.620253  
7                            69.090909  
8                            73.333333  
9                            73.939394  
10                           56.603774  
11                           70.909091  
12                           73.939394  
13                           72.727273  
14                           72.121212  
15                           70.303030  
16                           70.303030  
17                           73.939394  
18                           73.939394  
19                           69.090909  
20                           70.303030  
21                           66.666667  
22                           72.121212  
23                           72.121212  
24                           68.125000  
25                           69.696970  
26                           72.121212  

Results have been saved to 'reliability_analysis.csv'
