Author
3     10.162235
5     16.591973
7     25.618353
6     25.721189
1     28.522747
8     30.167426
2     34.243968
0     35.401818
4     35.802529
10    39.933153
9     77.037418
Name: Score, dtype: float64

Results have been saved to 'pagerank_results_balanced.csv'
Combined Results:
                                          Subcategory  \
0                                     Topic Relevance   
1                    Comprehensiveness of Information   
2                             Accuracy of Information   
3                        Innovativeness of Viewpoints   
4       Integration of Interdisciplinary Perspectives   
5                        Clarity of Logical Structure   
6               Reasonableness of Chapter Arrangement   
7              Quality of Introduction and Conclusion   
8              Accuracy and Completeness of Citations   
9              Timeliness and Relevance of References   
10   Avoidance of Plagiarism and Appropriate Citation   
11             Critical Analysis of Existing Research   
12   Proposal of New Research Directions or Questions   
13                Potential Contribution to the Field   
14             Clarity of Research Method Description   
15                    Rationality of Method Selection   
16                           Rigor of Research Design   
17               Inclusion of Latest Research Results   
18            Reflection of Current Research Hotspots   
19                     Fluency of Language Expression   
20    Appropriateness of Professional Terminology Use   
21                          Conciseness of Expression   
22  Practical Application Potential of Research Re...   
23                Feasibility of Proposed Suggestions   
24                             Logic of Argumentation   
25                   Multi-angle Analysis of Problems   
26  Identification and Discussion of Research Limi...   

    ICC (Intraclass Correlation Coefficient) ICC 95% Confidence Interval  \
0                                   0.550811                [0.45, 0.66]   
1                                   0.798636                [0.73, 0.86]   
2                                   0.491050                [0.39, 0.61]   
3                                   0.707502                [0.62, 0.79]   
4                                   0.740800                [0.66, 0.82]   
5                                   0.722449                 [0.64, 0.8]   
6                                   0.668928                [0.58, 0.76]   
7                                   0.583867                [0.48, 0.69]   
8                                   0.713980                 [0.63, 0.8]   
9                                   0.687736                 [0.6, 0.78]   
10                                  0.478059                [0.38, 0.59]   
11                                  0.751983                [0.67, 0.83]   
12                                  0.687541                 [0.6, 0.78]   
13                                  0.727990                [0.65, 0.81]   
14                                  0.711768                [0.63, 0.79]   
15                                  0.697528                [0.61, 0.78]   
16                                  0.668679                [0.58, 0.76]   
17                                  0.693117                 [0.6, 0.78]   
18                                  0.663462                [0.57, 0.76]   
19                                  0.496712                [0.39, 0.61]   
20                                  0.580680                [0.48, 0.69]   
21                                  0.494519                [0.39, 0.61]   
22                                  0.700468                [0.61, 0.79]   
23                                  0.685536                 [0.6, 0.77]   
24                                  0.652389                [0.56, 0.75]   
25                                  0.689258                 [0.6, 0.78]   
26                                  0.650597                [0.56, 0.75]   

    Transitivity Consistency Ratio (%)  
0                            77.575758  
1                            76.969697  
2                            83.636364  
3                            79.393939  
4                            73.939394  
5                            78.181818  
6                            78.181818  
7                            78.787879  
8                            77.575758  
9                            77.575758  
10                           83.030303  
11                           79.393939  
12                           76.969697  
13                           76.363636  
14                           78.787879  
15                           77.575758  
16                           78.181818  
17                           77.575758  
18                           74.545455  
19                           76.363636  
20                           80.606061  
21                           78.787879  
22                           76.363636  
23                           76.363636  
24                           76.363636  
25                           76.363636  
26                           74.545455  

Results have been saved to 'reliability_analysis.csv'
Author
10      0.117120
3      13.932554
6      18.552218
5      30.679944
4      37.134857
7      43.938144
8      45.888323
1      48.621977
2      51.787098
0      62.014979
9     100.000000
Name: Score, dtype: float64

Results have been saved to 'pagerank_results_balanced.csv'
Combined Results:
                                          Subcategory  \
0                                     Topic Relevance   
1                    Comprehensiveness of Information   
2                             Accuracy of Information   
3                        Innovativeness of Viewpoints   
4       Integration of Interdisciplinary Perspectives   
5                        Clarity of Logical Structure   
6               Reasonableness of Chapter Arrangement   
7              Quality of Introduction and Conclusion   
8              Accuracy and Completeness of Citations   
9              Timeliness and Relevance of References   
10   Avoidance of Plagiarism and Appropriate Citation   
11             Critical Analysis of Existing Research   
12   Proposal of New Research Directions or Questions   
13                Potential Contribution to the Field   
14             Clarity of Research Method Description   
15                    Rationality of Method Selection   
16                           Rigor of Research Design   
17               Inclusion of Latest Research Results   
18            Reflection of Current Research Hotspots   
19                     Fluency of Language Expression   
20    Appropriateness of Professional Terminology Use   
21                          Conciseness of Expression   
22  Practical Application Potential of Research Re...   
23                Feasibility of Proposed Suggestions   
24                             Logic of Argumentation   
25                   Multi-angle Analysis of Problems   
26  Identification and Discussion of Research Limi...   

    ICC (Intraclass Correlation Coefficient) ICC 95% Confidence Interval  \
0                                   0.550811                [0.45, 0.66]   
1                                   0.798636                [0.73, 0.86]   
2                                   0.491050                [0.39, 0.61]   
3                                   0.707502                [0.62, 0.79]   
4                                   0.740800                [0.66, 0.82]   
5                                   0.722449                 [0.64, 0.8]   
6                                   0.668928                [0.58, 0.76]   
7                                   0.583867                [0.48, 0.69]   
8                                   0.713980                 [0.63, 0.8]   
9                                   0.687736                 [0.6, 0.78]   
10                                  0.478059                [0.38, 0.59]   
11                                  0.751983                [0.67, 0.83]   
12                                  0.687541                 [0.6, 0.78]   
13                                  0.727990                [0.65, 0.81]   
14                                  0.711768                [0.63, 0.79]   
15                                  0.697528                [0.61, 0.78]   
16                                  0.668679                [0.58, 0.76]   
17                                  0.693117                 [0.6, 0.78]   
18                                  0.663462                [0.57, 0.76]   
19                                  0.496712                [0.39, 0.61]   
20                                  0.580680                [0.48, 0.69]   
21                                  0.494519                [0.39, 0.61]   
22                                  0.700468                [0.61, 0.79]   
23                                  0.685536                 [0.6, 0.77]   
24                                  0.652389                [0.56, 0.75]   
25                                  0.689258                 [0.6, 0.78]   
26                                  0.650597                [0.56, 0.75]   

    Transitivity Consistency Ratio (%)  
0                            65.420561  
1                            75.641026  
2                            58.461538  
3                            79.393939  
4                            73.939394  
5                            78.181818  
6                            78.181818  
7                            77.564103  
8                            75.333333  
9                            77.575758  
10                           60.000000  
11                           79.393939  
12                           76.969697  
13                           76.363636  
14                           78.787879  
15                           77.575758  
16                           78.181818  
17                           77.575758  
18                           74.545455  
19                           75.000000  
20                           80.606061  
21                           78.787879  
22                           76.363636  
23                           76.363636  
24                           76.363636  
25                           76.363636  
26                           74.545455  

Results have been saved to 'reliability_analysis.csv'
Author
10      0.117120
3      13.932554
6      18.552218
5      30.679944
4      37.134857
7      43.938144
8      45.888323
1      48.621977
2      51.787098
0      62.014979
9     100.000000
Name: Score, dtype: float64

Results have been saved to 'pagerank_results_balanced.csv'
Combined Results:
                                          Subcategory  \
0                                     Topic Relevance   
1                    Comprehensiveness of Information   
2                             Accuracy of Information   
3                        Innovativeness of Viewpoints   
4       Integration of Interdisciplinary Perspectives   
5                        Clarity of Logical Structure   
6               Reasonableness of Chapter Arrangement   
7              Quality of Introduction and Conclusion   
8              Accuracy and Completeness of Citations   
9              Timeliness and Relevance of References   
10   Avoidance of Plagiarism and Appropriate Citation   
11             Critical Analysis of Existing Research   
12   Proposal of New Research Directions or Questions   
13                Potential Contribution to the Field   
14             Clarity of Research Method Description   
15                    Rationality of Method Selection   
16                           Rigor of Research Design   
17               Inclusion of Latest Research Results   
18            Reflection of Current Research Hotspots   
19                     Fluency of Language Expression   
20    Appropriateness of Professional Terminology Use   
21                          Conciseness of Expression   
22  Practical Application Potential of Research Re...   
23                Feasibility of Proposed Suggestions   
24                             Logic of Argumentation   
25                   Multi-angle Analysis of Problems   
26  Identification and Discussion of Research Limi...   

    ICC (Intraclass Correlation Coefficient) ICC 95% Confidence Interval  \
0                                   0.550811                [0.45, 0.66]   
1                                   0.798636                [0.73, 0.86]   
2                                   0.491050                [0.39, 0.61]   
3                                   0.707502                [0.62, 0.79]   
4                                   0.740800                [0.66, 0.82]   
5                                   0.722449                 [0.64, 0.8]   
6                                   0.668928                [0.58, 0.76]   
7                                   0.583867                [0.48, 0.69]   
8                                   0.713980                 [0.63, 0.8]   
9                                   0.687736                 [0.6, 0.78]   
10                                  0.478059                [0.38, 0.59]   
11                                  0.751983                [0.67, 0.83]   
12                                  0.687541                 [0.6, 0.78]   
13                                  0.727990                [0.65, 0.81]   
14                                  0.711768                [0.63, 0.79]   
15                                  0.697528                [0.61, 0.78]   
16                                  0.668679                [0.58, 0.76]   
17                                  0.693117                 [0.6, 0.78]   
18                                  0.663462                [0.57, 0.76]   
19                                  0.496712                [0.39, 0.61]   
20                                  0.580680                [0.48, 0.69]   
21                                  0.494519                [0.39, 0.61]   
22                                  0.700468                [0.61, 0.79]   
23                                  0.685536                 [0.6, 0.77]   
24                                  0.652389                [0.56, 0.75]   
25                                  0.689258                 [0.6, 0.78]   
26                                  0.650597                [0.56, 0.75]   

    Transitivity Consistency Ratio (%)  
0                            65.420561  
1                            75.641026  
2                            58.461538  
3                            79.393939  
4                            73.939394  
5                            78.181818  
6                            78.181818  
7                            77.564103  
8                            75.333333  
9                            77.575758  
10                           60.000000  
11                           79.393939  
12                           76.969697  
13                           76.363636  
14                           78.787879  
15                           77.575758  
16                           78.181818  
17                           77.575758  
18                           74.545455  
19                           75.000000  
20                           80.606061  
21                           78.787879  
22                           76.363636  
23                           76.363636  
24                           76.363636  
25                           76.363636  
26                           74.545455  

Results have been saved to 'reliability_analysis.csv'
