Author
2       0.858867
10      4.153478
3       6.117940
8       6.395483
5       7.172733
4      39.206325
7      46.588850
0      54.868968
1      55.394067
6      84.907814
9     100.000000
Name: Score, dtype: float64

Results have been saved to 'pagerank_results_balanced.csv'
Combined Results:
                                          Subcategory  \
0                                     Topic Relevance   
1                    Comprehensiveness of Information   
2                             Accuracy of Information   
3                        Innovativeness of Viewpoints   
4       Integration of Interdisciplinary Perspectives   
5                        Clarity of Logical Structure   
6               Reasonableness of Chapter Arrangement   
7              Quality of Introduction and Conclusion   
8              Accuracy and Completeness of Citations   
9              Timeliness and Relevance of References   
10   Avoidance of Plagiarism and Appropriate Citation   
11             Critical Analysis of Existing Research   
12   Proposal of New Research Directions or Questions   
13                Potential Contribution to the Field   
14             Clarity of Research Method Description   
15                    Rationality of Method Selection   
16                           Rigor of Research Design   
17               Inclusion of Latest Research Results   
18            Reflection of Current Research Hotspots   
19                     Fluency of Language Expression   
20    Appropriateness of Professional Terminology Use   
21                          Conciseness of Expression   
22  Practical Application Potential of Research Re...   
23                Feasibility of Proposed Suggestions   
24                             Logic of Argumentation   
25                   Multi-angle Analysis of Problems   
26  Identification and Discussion of Research Limi...   

    ICC (Intraclass Correlation Coefficient) ICC 95% Confidence Interval  \
0                                   0.439500                [0.34, 0.56]   
1                                   0.817618                [0.75, 0.87]   
2                                   0.286372                  [0.2, 0.4]   
3                                   0.765809                [0.69, 0.84]   
4                                   0.757204                [0.68, 0.83]   
5                                   0.702611                [0.62, 0.79]   
6                                   0.700124                [0.61, 0.79]   
7                                   0.665482                [0.57, 0.76]   
8                                   0.530355                [0.43, 0.64]   
9                                   0.691376                 [0.6, 0.78]   
10                                  0.191192                [0.12, 0.29]   
11                                  0.738795                [0.66, 0.82]   
12                                  0.668525                [0.58, 0.76]   
13                                  0.722535                 [0.64, 0.8]   
14                                  0.696110                [0.61, 0.78]   
15                                  0.710108                [0.62, 0.79]   
16                                  0.710945                [0.63, 0.79]   
17                                  0.690970                 [0.6, 0.78]   
18                                  0.731026                [0.65, 0.81]   
19                                  0.682104                [0.59, 0.77]   
20                                  0.679893                [0.59, 0.77]   
21                                  0.686592                 [0.6, 0.77]   
22                                  0.690289                 [0.6, 0.78]   
23                                  0.689526                 [0.6, 0.78]   
24                                  0.696321                [0.61, 0.78]   
25                                  0.729450                [0.65, 0.81]   
26                                  0.713285                 [0.63, 0.8]   

    Transitivity Consistency Ratio (%)  
0                            80.606061  
1                            75.757576  
2                            88.484848  
3                            77.575758  
4                            78.181818  
5                            86.666667  
6                            85.454545  
7                            86.666667  
8                            79.393939  
9                            78.181818  
10                           82.424242  
11                           78.181818  
12                           79.393939  
13                           79.393939  
14                           81.212121  
15                           80.000000  
16                           78.181818  
17                           78.181818  
18                           78.181818  
19                           86.666667  
20                           82.424242  
21                           87.272727  
22                           79.393939  
23                           79.393939  
24                           83.636364  
25                           78.181818  
26                           78.181818  

Results have been saved to 'reliability_analysis.csv'
Author
2       1.161989
10      3.338615
8       5.149571
3       5.592242
5       6.199853
4      36.888751
7      42.686568
0      53.637443
1      55.914173
6      87.609857
9     100.000000
Name: Score, dtype: float64

Results have been saved to 'pagerank_results_balanced.csv'
Combined Results:
                                          Subcategory  \
0                                     Topic Relevance   
1                    Comprehensiveness of Information   
2                             Accuracy of Information   
3                        Innovativeness of Viewpoints   
4       Integration of Interdisciplinary Perspectives   
5                        Clarity of Logical Structure   
6               Reasonableness of Chapter Arrangement   
7              Quality of Introduction and Conclusion   
8              Accuracy and Completeness of Citations   
9              Timeliness and Relevance of References   
10   Avoidance of Plagiarism and Appropriate Citation   
11             Critical Analysis of Existing Research   
12   Proposal of New Research Directions or Questions   
13                Potential Contribution to the Field   
14             Clarity of Research Method Description   
15                    Rationality of Method Selection   
16                           Rigor of Research Design   
17               Inclusion of Latest Research Results   
18            Reflection of Current Research Hotspots   
19                     Fluency of Language Expression   
20    Appropriateness of Professional Terminology Use   
21                          Conciseness of Expression   
22  Practical Application Potential of Research Re...   
23                Feasibility of Proposed Suggestions   
24                             Logic of Argumentation   
25                   Multi-angle Analysis of Problems   
26  Identification and Discussion of Research Limi...   

    ICC (Intraclass Correlation Coefficient) ICC 95% Confidence Interval  \
0                                   0.439500                [0.34, 0.56]   
1                                   0.817618                [0.75, 0.87]   
2                                   0.286372                  [0.2, 0.4]   
3                                   0.765809                [0.69, 0.84]   
4                                   0.757204                [0.68, 0.83]   
5                                   0.702611                [0.62, 0.79]   
6                                   0.700124                [0.61, 0.79]   
7                                   0.665482                [0.57, 0.76]   
8                                   0.530355                [0.43, 0.64]   
9                                   0.691376                 [0.6, 0.78]   
10                                  0.191192                [0.12, 0.29]   
11                                  0.738795                [0.66, 0.82]   
12                                  0.668525                [0.58, 0.76]   
13                                  0.722535                 [0.64, 0.8]   
14                                  0.696110                [0.61, 0.78]   
15                                  0.710108                [0.62, 0.79]   
16                                  0.710945                [0.63, 0.79]   
17                                  0.690970                 [0.6, 0.78]   
18                                  0.731026                [0.65, 0.81]   
19                                  0.682104                [0.59, 0.77]   
20                                  0.679893                [0.59, 0.77]   
21                                  0.686592                 [0.6, 0.77]   
22                                  0.690289                 [0.6, 0.78]   
23                                  0.689526                 [0.6, 0.78]   
24                                  0.696321                [0.61, 0.78]   
25                                  0.729450                [0.65, 0.81]   
26                                  0.713285                 [0.63, 0.8]   

    Transitivity Consistency Ratio (%)  
0                            76.296296  
1                            75.757576  
2                            54.761905  
3                            76.582278  
4                            77.358491  
5                            85.987261  
6                            85.454545  
7                            86.666667  
8                            72.357724  
9                            78.181818  
10                           45.283019  
11                           78.181818  
12                           79.393939  
13                           79.393939  
14                           81.212121  
15                           80.000000  
16                           78.181818  
17                           78.181818  
18                           78.181818  
19                           86.666667  
20                           82.424242  
21                           86.624204  
22                           79.393939  
23                           79.393939  
24                           83.636364  
25                           78.181818  
26                           78.181818  

Results have been saved to 'reliability_analysis.csv'
Author
2       1.161989
10      3.338615
8       5.149571
3       5.592242
5       6.199853
4      36.888751
7      42.686568
0      53.637443
1      55.914173
6      87.609857
9     100.000000
Name: Score, dtype: float64

Results have been saved to 'pagerank_results_balanced.csv'
Combined Results:
                                          Subcategory  \
0                                     Topic Relevance   
1                    Comprehensiveness of Information   
2                             Accuracy of Information   
3                        Innovativeness of Viewpoints   
4       Integration of Interdisciplinary Perspectives   
5                        Clarity of Logical Structure   
6               Reasonableness of Chapter Arrangement   
7              Quality of Introduction and Conclusion   
8              Accuracy and Completeness of Citations   
9              Timeliness and Relevance of References   
10   Avoidance of Plagiarism and Appropriate Citation   
11             Critical Analysis of Existing Research   
12   Proposal of New Research Directions or Questions   
13                Potential Contribution to the Field   
14             Clarity of Research Method Description   
15                    Rationality of Method Selection   
16                           Rigor of Research Design   
17               Inclusion of Latest Research Results   
18            Reflection of Current Research Hotspots   
19                     Fluency of Language Expression   
20    Appropriateness of Professional Terminology Use   
21                          Conciseness of Expression   
22  Practical Application Potential of Research Re...   
23                Feasibility of Proposed Suggestions   
24                             Logic of Argumentation   
25                   Multi-angle Analysis of Problems   
26  Identification and Discussion of Research Limi...   

    ICC (Intraclass Correlation Coefficient) ICC 95% Confidence Interval  \
0                                   0.439500                [0.34, 0.56]   
1                                   0.817618                [0.75, 0.87]   
2                                   0.286372                  [0.2, 0.4]   
3                                   0.765809                [0.69, 0.84]   
4                                   0.757204                [0.68, 0.83]   
5                                   0.702611                [0.62, 0.79]   
6                                   0.700124                [0.61, 0.79]   
7                                   0.665482                [0.57, 0.76]   
8                                   0.530355                [0.43, 0.64]   
9                                   0.691376                 [0.6, 0.78]   
10                                  0.191192                [0.12, 0.29]   
11                                  0.738795                [0.66, 0.82]   
12                                  0.668525                [0.58, 0.76]   
13                                  0.722535                 [0.64, 0.8]   
14                                  0.696110                [0.61, 0.78]   
15                                  0.710108                [0.62, 0.79]   
16                                  0.710945                [0.63, 0.79]   
17                                  0.690970                 [0.6, 0.78]   
18                                  0.731026                [0.65, 0.81]   
19                                  0.682104                [0.59, 0.77]   
20                                  0.679893                [0.59, 0.77]   
21                                  0.686592                 [0.6, 0.77]   
22                                  0.690289                 [0.6, 0.78]   
23                                  0.689526                 [0.6, 0.78]   
24                                  0.696321                [0.61, 0.78]   
25                                  0.729450                [0.65, 0.81]   
26                                  0.713285                 [0.63, 0.8]   

    Transitivity Consistency Ratio (%)  
0                            76.296296  
1                            75.757576  
2                            54.761905  
3                            76.582278  
4                            77.358491  
5                            85.987261  
6                            85.454545  
7                            86.666667  
8                            72.357724  
9                            78.181818  
10                           45.283019  
11                           78.181818  
12                           79.393939  
13                           79.393939  
14                           81.212121  
15                           80.000000  
16                           78.181818  
17                           78.181818  
18                           78.181818  
19                           86.666667  
20                           82.424242  
21                           86.624204  
22                           79.393939  
23                           79.393939  
24                           83.636364  
25                           78.181818  
26                           78.181818  

Results have been saved to 'reliability_analysis.csv'
