Author
4      0.554753
5      1.313618
2      2.102827
7      7.846038
0      9.084412
1     12.970477
6     15.218789
3     19.797633
10    30.753529
8     32.656066
9     99.965915
Name: Score, dtype: float64

Results have been saved to 'pagerank_results_balanced.csv'
Combined Results:
                                          Subcategory  \
0                                     Topic Relevance   
1                    Comprehensiveness of Information   
2                             Accuracy of Information   
3                        Innovativeness of Viewpoints   
4       Integration of Interdisciplinary Perspectives   
5                        Clarity of Logical Structure   
6               Reasonableness of Chapter Arrangement   
7              Quality of Introduction and Conclusion   
8              Accuracy and Completeness of Citations   
9              Timeliness and Relevance of References   
10   Avoidance of Plagiarism and Appropriate Citation   
11             Critical Analysis of Existing Research   
12   Proposal of New Research Directions or Questions   
13                Potential Contribution to the Field   
14             Clarity of Research Method Description   
15                    Rationality of Method Selection   
16                           Rigor of Research Design   
17               Inclusion of Latest Research Results   
18            Reflection of Current Research Hotspots   
19                     Fluency of Language Expression   
20    Appropriateness of Professional Terminology Use   
21                          Conciseness of Expression   
22  Practical Application Potential of Research Re...   
23                Feasibility of Proposed Suggestions   
24                             Logic of Argumentation   
25                   Multi-angle Analysis of Problems   
26  Identification and Discussion of Research Limi...   

    ICC (Intraclass Correlation Coefficient) ICC 95% Confidence Interval  \
0                                   0.435608                [0.33, 0.55]   
1                                   0.790383                [0.71, 0.86]   
2                                   0.370856                [0.27, 0.49]   
3                                   0.368961                [0.27, 0.49]   
4                                   0.777437                 [0.7, 0.84]   
5                                   0.793885                [0.72, 0.86]   
6                                   0.731506                [0.64, 0.81]   
7                                   0.533332                [0.42, 0.65]   
8                                   0.678182                [0.59, 0.77]   
9                                   0.382039                 [0.28, 0.5]   
10                                  0.257907                [0.17, 0.37]   
11                                  0.535852                [0.43, 0.65]   
12                                  0.320734                [0.23, 0.44]   
13                                  0.511446                [0.41, 0.63]   
14                                  0.569045                [0.47, 0.68]   
15                                  0.611007                [0.51, 0.71]   
16                                  0.571129                [0.47, 0.68]   
17                                  0.394865                 [0.3, 0.51]   
18                                  0.551241                [0.45, 0.66]   
19                                  0.565669                [0.46, 0.67]   
20                                  0.557945                [0.45, 0.67]   
21                                  0.504832                 [0.4, 0.62]   
22                                  0.497390                [0.39, 0.61]   
23                                  0.317115                [0.23, 0.43]   
24                                  0.650939                [0.55, 0.75]   
25                                  0.723905                 [0.64, 0.8]   
26                                  0.525898                [0.42, 0.64]   

    Transitivity Consistency Ratio (%)  
0                            86.666667  
1                            79.393939  
2                            89.090909  
3                            84.848485  
4                            76.969697  
5                            80.000000  
6                            76.363636  
7                            74.545455  
8                            88.484848  
9                            82.424242  
10                           86.666667  
11                           84.242424  
12                           82.424242  
13                           76.363636  
14                           81.212121  
15                           76.969697  
16                           76.363636  
17                           83.030303  
18                           76.363636  
19                           76.969697  
20                           78.181818  
21                           80.000000  
22                           78.181818  
23                           76.969697  
24                           75.151515  
25                           73.939394  
26                           74.545455  

Results have been saved to 'reliability_analysis.csv'
