Author
7       0.796424
0       0.908407
8       1.588932
4       4.213206
3       4.802831
5       4.958524
2      10.003174
10     19.692246
1      49.267770
6      66.265895
9     100.000000
Name: Score, dtype: float64

Results have been saved to 'pagerank_results_balanced.csv'
Combined Results:
                                          Subcategory  \
0                                     Topic Relevance   
1                    Comprehensiveness of Information   
2                             Accuracy of Information   
3                        Innovativeness of Viewpoints   
4       Integration of Interdisciplinary Perspectives   
5                        Clarity of Logical Structure   
6               Reasonableness of Chapter Arrangement   
7              Quality of Introduction and Conclusion   
8              Accuracy and Completeness of Citations   
9              Timeliness and Relevance of References   
10   Avoidance of Plagiarism and Appropriate Citation   
11             Critical Analysis of Existing Research   
12   Proposal of New Research Directions or Questions   
13                Potential Contribution to the Field   
14             Clarity of Research Method Description   
15                    Rationality of Method Selection   
16                           Rigor of Research Design   
17               Inclusion of Latest Research Results   
18            Reflection of Current Research Hotspots   
19                     Fluency of Language Expression   
20    Appropriateness of Professional Terminology Use   
21                          Conciseness of Expression   
22  Practical Application Potential of Research Re...   
23                Feasibility of Proposed Suggestions   
24                             Logic of Argumentation   
25                   Multi-angle Analysis of Problems   
26  Identification and Discussion of Research Limi...   

    ICC (Intraclass Correlation Coefficient) ICC 95% Confidence Interval  \
0                                   0.716538                 [0.63, 0.8]   
1                                   0.895727                [0.85, 0.93]   
2                                   0.734090                [0.65, 0.81]   
3                                   0.857433                  [0.8, 0.9]   
4                                   0.819316                [0.75, 0.88]   
5                                   0.840932                [0.78, 0.89]   
6                                   0.829436                [0.77, 0.88]   
7                                   0.797432                [0.73, 0.86]   
8                                   0.587389                [0.49, 0.69]   
9                                   0.595287                 [0.49, 0.7]   
10                                  0.379988                 [0.28, 0.5]   
11                                  0.833552                [0.77, 0.89]   
12                                  0.775792                 [0.7, 0.84]   
13                                  0.816337                [0.75, 0.87]   
14                                  0.705712                [0.62, 0.79]   
15                                  0.703318                [0.62, 0.79]   
16                                  0.660104                [0.57, 0.75]   
17                                  0.624450                [0.53, 0.72]   
18                                  0.626532                [0.53, 0.73]   
19                                  0.772397                 [0.7, 0.84]   
20                                  0.760053                [0.68, 0.83]   
21                                  0.717672                 [0.63, 0.8]   
22                                  0.796788                [0.73, 0.86]   
23                                  0.591008                 [0.49, 0.7]   
24                                  0.732679                [0.65, 0.81]   
25                                  0.754310                [0.68, 0.83]   
26                                  0.674284                [0.58, 0.76]   

    Transitivity Consistency Ratio (%)  
0                            90.303030  
1                            86.060606  
2                            88.484848  
3                            83.636364  
4                            86.060606  
5                            85.454545  
6                            85.454545  
7                            85.454545  
8                            89.090909  
9                            84.242424  
10                           88.484848  
11                           84.242424  
12                           84.242424  
13                           84.242424  
14                           84.242424  
15                           84.242424  
16                           84.242424  
17                           84.242424  
18                           85.454545  
19                           85.454545  
20                           85.454545  
21                           85.454545  
22                           84.242424  
23                           84.242424  
24                           85.454545  
25                           85.454545  
26                           84.848485  

Results have been saved to 'reliability_analysis.csv'
Author
0     15.891862
7     20.930641
8     25.026622
2     26.897121
3     27.234014
4     27.572375
5     37.933179
6     47.258476
9     51.935415
10    66.529073
1     85.870833
Name: Score, dtype: float64

Results have been saved to 'pagerank_results_balanced.csv'
Combined Results:
                                          Subcategory  \
0                                     Topic Relevance   
1                    Comprehensiveness of Information   
2                             Accuracy of Information   
3                        Innovativeness of Viewpoints   
4       Integration of Interdisciplinary Perspectives   
5                        Clarity of Logical Structure   
6               Reasonableness of Chapter Arrangement   
7              Quality of Introduction and Conclusion   
8              Accuracy and Completeness of Citations   
9              Timeliness and Relevance of References   
10   Avoidance of Plagiarism and Appropriate Citation   
11             Critical Analysis of Existing Research   
12   Proposal of New Research Directions or Questions   
13                Potential Contribution to the Field   
14             Clarity of Research Method Description   
15                    Rationality of Method Selection   
16                           Rigor of Research Design   
17               Inclusion of Latest Research Results   
18            Reflection of Current Research Hotspots   
19                     Fluency of Language Expression   
20    Appropriateness of Professional Terminology Use   
21                          Conciseness of Expression   
22  Practical Application Potential of Research Re...   
23                Feasibility of Proposed Suggestions   
24                             Logic of Argumentation   
25                   Multi-angle Analysis of Problems   
26  Identification and Discussion of Research Limi...   

    ICC (Intraclass Correlation Coefficient) ICC 95% Confidence Interval  \
0                                   0.683999                [0.59, 0.77]   
1                                   0.931954                 [0.9, 0.95]   
2                                   0.725156                 [0.64, 0.8]   
3                                   0.904829                [0.87, 0.94]   
4                                   0.882988                [0.83, 0.92]   
5                                   0.859633                 [0.81, 0.9]   
6                                   0.864641                [0.81, 0.91]   
7                                   0.827485                [0.77, 0.88]   
8                                   0.778008                [0.71, 0.85]   
9                                   0.760666                [0.68, 0.83]   
10                                  0.609216                [0.51, 0.71]   
11                                  0.879511                [0.83, 0.92]   
12                                  0.819793                [0.76, 0.88]   
13                                  0.851784                  [0.8, 0.9]   
14                                  0.768879                [0.69, 0.84]   
15                                  0.771325                 [0.7, 0.84]   
16                                  0.741290                [0.66, 0.82]   
17                                  0.769255                [0.69, 0.84]   
18                                  0.762912                [0.69, 0.83]   
19                                  0.758059                [0.68, 0.83]   
20                                  0.777658                 [0.7, 0.84]   
21                                  0.639495                [0.54, 0.74]   
22                                  0.837031                [0.78, 0.89]   
23                                  0.628660                [0.53, 0.73]   
24                                  0.843075                [0.79, 0.89]   
25                                  0.824699                [0.76, 0.88]   
26                                  0.761582                [0.69, 0.83]   

    Transitivity Consistency Ratio (%)  
0                            87.878788  
1                            80.606061  
2                            88.484848  
3                            80.606061  
4                            80.606061  
5                            80.000000  
6                            80.000000  
7                            80.000000  
8                            87.878788  
9                            80.606061  
10                           87.272727  
11                           80.606061  
12                           80.606061  
13                           80.606061  
14                           80.000000  
15                           80.000000  
16                           80.000000  
17                           80.606061  
18                           80.606061  
19                           80.000000  
20                           80.000000  
21                           80.000000  
22                           80.606061  
23                           80.606061  
24                           80.000000  
25                           80.000000  
26                           80.606061  

Results have been saved to 'reliability_analysis.csv'
Author
0     15.891862
7     20.930641
8     25.026622
2     26.897121
3     27.234014
4     27.572375
5     37.933179
6     47.258476
9     51.935415
10    66.529073
1     85.870833
Name: Score, dtype: float64

Results have been saved to 'pagerank_results_balanced.csv'
Combined Results:
                                          Subcategory  \
0                                     Topic Relevance   
1                    Comprehensiveness of Information   
2                             Accuracy of Information   
3                        Innovativeness of Viewpoints   
4       Integration of Interdisciplinary Perspectives   
5                        Clarity of Logical Structure   
6               Reasonableness of Chapter Arrangement   
7              Quality of Introduction and Conclusion   
8              Accuracy and Completeness of Citations   
9              Timeliness and Relevance of References   
10   Avoidance of Plagiarism and Appropriate Citation   
11             Critical Analysis of Existing Research   
12   Proposal of New Research Directions or Questions   
13                Potential Contribution to the Field   
14             Clarity of Research Method Description   
15                    Rationality of Method Selection   
16                           Rigor of Research Design   
17               Inclusion of Latest Research Results   
18            Reflection of Current Research Hotspots   
19                     Fluency of Language Expression   
20    Appropriateness of Professional Terminology Use   
21                          Conciseness of Expression   
22  Practical Application Potential of Research Re...   
23                Feasibility of Proposed Suggestions   
24                             Logic of Argumentation   
25                   Multi-angle Analysis of Problems   
26  Identification and Discussion of Research Limi...   

    ICC (Intraclass Correlation Coefficient) ICC 95% Confidence Interval  \
0                                   0.683999                [0.59, 0.77]   
1                                   0.931954                 [0.9, 0.95]   
2                                   0.725156                 [0.64, 0.8]   
3                                   0.904829                [0.87, 0.94]   
4                                   0.882988                [0.83, 0.92]   
5                                   0.859633                 [0.81, 0.9]   
6                                   0.864641                [0.81, 0.91]   
7                                   0.827485                [0.77, 0.88]   
8                                   0.778008                [0.71, 0.85]   
9                                   0.760666                [0.68, 0.83]   
10                                  0.609216                [0.51, 0.71]   
11                                  0.879511                [0.83, 0.92]   
12                                  0.819793                [0.76, 0.88]   
13                                  0.851784                  [0.8, 0.9]   
14                                  0.768879                [0.69, 0.84]   
15                                  0.771325                 [0.7, 0.84]   
16                                  0.741290                [0.66, 0.82]   
17                                  0.769255                [0.69, 0.84]   
18                                  0.762912                [0.69, 0.83]   
19                                  0.758059                [0.68, 0.83]   
20                                  0.777658                 [0.7, 0.84]   
21                                  0.639495                [0.54, 0.74]   
22                                  0.837031                [0.78, 0.89]   
23                                  0.628660                [0.53, 0.73]   
24                                  0.843075                [0.79, 0.89]   
25                                  0.824699                [0.76, 0.88]   
26                                  0.761582                [0.69, 0.83]   

    Transitivity Consistency Ratio (%)  
0                            87.878788  
1                            80.606061  
2                            88.484848  
3                            80.606061  
4                            80.606061  
5                            80.000000  
6                            80.000000  
7                            80.000000  
8                            87.878788  
9                            80.606061  
10                           87.272727  
11                           80.606061  
12                           80.606061  
13                           80.606061  
14                           80.000000  
15                           80.000000  
16                           80.000000  
17                           80.606061  
18                           80.606061  
19                           80.000000  
20                           80.000000  
21                           80.000000  
22                           80.606061  
23                           80.606061  
24                           80.000000  
25                           80.000000  
26                           80.606061  

Results have been saved to 'reliability_analysis.csv'
Author
10      0.000000
0      38.813256
7      43.317745
8      48.319104
4      60.037479
5      60.049219
3      63.246150
2      72.512964
1      88.605377
6      91.034299
9     100.000000
Name: Score, dtype: float64

Results have been saved to 'pagerank_results_balanced.csv'
Combined Results:
                                          Subcategory  \
0                                     Topic Relevance   
1                    Comprehensiveness of Information   
2                             Accuracy of Information   
3                        Innovativeness of Viewpoints   
4       Integration of Interdisciplinary Perspectives   
5                        Clarity of Logical Structure   
6               Reasonableness of Chapter Arrangement   
7              Quality of Introduction and Conclusion   
8              Accuracy and Completeness of Citations   
9              Timeliness and Relevance of References   
10   Avoidance of Plagiarism and Appropriate Citation   
11             Critical Analysis of Existing Research   
12   Proposal of New Research Directions or Questions   
13                Potential Contribution to the Field   
14             Clarity of Research Method Description   
15                    Rationality of Method Selection   
16                           Rigor of Research Design   
17               Inclusion of Latest Research Results   
18            Reflection of Current Research Hotspots   
19                     Fluency of Language Expression   
20    Appropriateness of Professional Terminology Use   
21                          Conciseness of Expression   
22  Practical Application Potential of Research Re...   
23                Feasibility of Proposed Suggestions   
24                             Logic of Argumentation   
25                   Multi-angle Analysis of Problems   
26  Identification and Discussion of Research Limi...   

    ICC (Intraclass Correlation Coefficient) ICC 95% Confidence Interval  \
0                                   0.683999                [0.59, 0.77]   
1                                   0.931954                 [0.9, 0.95]   
2                                   0.725156                 [0.64, 0.8]   
3                                   0.904829                [0.87, 0.94]   
4                                   0.882988                [0.83, 0.92]   
5                                   0.859633                 [0.81, 0.9]   
6                                   0.864641                [0.81, 0.91]   
7                                   0.827485                [0.77, 0.88]   
8                                   0.778008                [0.71, 0.85]   
9                                   0.760666                [0.68, 0.83]   
10                                  0.609216                [0.51, 0.71]   
11                                  0.879511                [0.83, 0.92]   
12                                  0.819793                [0.76, 0.88]   
13                                  0.851784                  [0.8, 0.9]   
14                                  0.768879                [0.69, 0.84]   
15                                  0.771325                 [0.7, 0.84]   
16                                  0.741290                [0.66, 0.82]   
17                                  0.769255                [0.69, 0.84]   
18                                  0.762912                [0.69, 0.83]   
19                                  0.758059                [0.68, 0.83]   
20                                  0.777658                 [0.7, 0.84]   
21                                  0.639495                [0.54, 0.74]   
22                                  0.837031                [0.78, 0.89]   
23                                  0.628660                [0.53, 0.73]   
24                                  0.843075                [0.79, 0.89]   
25                                  0.824699                [0.76, 0.88]   
26                                  0.761582                [0.69, 0.83]   

    Transitivity Consistency Ratio (%)  
0                            39.393939  
1                            80.606061  
2                            44.117647  
3                            80.606061  
4                            80.606061  
5                            78.846154  
6                            80.000000  
7                            78.846154  
8                            60.000000  
9                            80.606061  
10                           38.235294  
11                           80.606061  
12                           80.606061  
13                           80.606061  
14                           78.846154  
15                           78.846154  
16                           78.846154  
17                           80.606061  
18                           80.606061  
19                           78.846154  
20                           80.000000  
21                           78.846154  
22                           80.606061  
23                           80.606061  
24                           78.846154  
25                           80.000000  
26                           80.606061  

Results have been saved to 'reliability_analysis.csv'
Author
10      0.000000
0      38.813256
7      43.317745
8      48.319104
4      60.037479
5      60.049219
3      63.246150
2      72.512964
1      88.605377
6      91.034299
9     100.000000
Name: Score, dtype: float64

Results have been saved to 'pagerank_results_balanced.csv'
Combined Results:
                                          Subcategory  \
0                                     Topic Relevance   
1                    Comprehensiveness of Information   
2                             Accuracy of Information   
3                        Innovativeness of Viewpoints   
4       Integration of Interdisciplinary Perspectives   
5                        Clarity of Logical Structure   
6               Reasonableness of Chapter Arrangement   
7              Quality of Introduction and Conclusion   
8              Accuracy and Completeness of Citations   
9              Timeliness and Relevance of References   
10   Avoidance of Plagiarism and Appropriate Citation   
11             Critical Analysis of Existing Research   
12   Proposal of New Research Directions or Questions   
13                Potential Contribution to the Field   
14             Clarity of Research Method Description   
15                    Rationality of Method Selection   
16                           Rigor of Research Design   
17               Inclusion of Latest Research Results   
18            Reflection of Current Research Hotspots   
19                     Fluency of Language Expression   
20    Appropriateness of Professional Terminology Use   
21                          Conciseness of Expression   
22  Practical Application Potential of Research Re...   
23                Feasibility of Proposed Suggestions   
24                             Logic of Argumentation   
25                   Multi-angle Analysis of Problems   
26  Identification and Discussion of Research Limi...   

    ICC (Intraclass Correlation Coefficient) ICC 95% Confidence Interval  \
0                                   0.683999                [0.59, 0.77]   
1                                   0.931954                 [0.9, 0.95]   
2                                   0.725156                 [0.64, 0.8]   
3                                   0.904829                [0.87, 0.94]   
4                                   0.882988                [0.83, 0.92]   
5                                   0.859633                 [0.81, 0.9]   
6                                   0.864641                [0.81, 0.91]   
7                                   0.827485                [0.77, 0.88]   
8                                   0.778008                [0.71, 0.85]   
9                                   0.760666                [0.68, 0.83]   
10                                  0.609216                [0.51, 0.71]   
11                                  0.879511                [0.83, 0.92]   
12                                  0.819793                [0.76, 0.88]   
13                                  0.851784                  [0.8, 0.9]   
14                                  0.768879                [0.69, 0.84]   
15                                  0.771325                 [0.7, 0.84]   
16                                  0.741290                [0.66, 0.82]   
17                                  0.769255                [0.69, 0.84]   
18                                  0.762912                [0.69, 0.83]   
19                                  0.758059                [0.68, 0.83]   
20                                  0.777658                 [0.7, 0.84]   
21                                  0.639495                [0.54, 0.74]   
22                                  0.837031                [0.78, 0.89]   
23                                  0.628660                [0.53, 0.73]   
24                                  0.843075                [0.79, 0.89]   
25                                  0.824699                [0.76, 0.88]   
26                                  0.761582                [0.69, 0.83]   

    Transitivity Consistency Ratio (%)  
0                            39.393939  
1                            80.606061  
2                            44.117647  
3                            80.606061  
4                            80.606061  
5                            78.846154  
6                            80.000000  
7                            78.846154  
8                            60.000000  
9                            80.606061  
10                           38.235294  
11                           80.606061  
12                           80.606061  
13                           80.606061  
14                           78.846154  
15                           78.846154  
16                           78.846154  
17                           80.606061  
18                           80.606061  
19                           78.846154  
20                           80.000000  
21                           78.846154  
22                           80.606061  
23                           80.606061  
24                           78.846154  
25                           80.000000  
26                           80.606061  

Results have been saved to 'reliability_analysis.csv'
