Author
10      0.005519
5       4.946605
4       5.577902
8       6.188390
2       9.074792
1       9.252132
7      10.289464
6      54.331645
3      61.142102
0      67.503184
9     100.000000
Name: Score, dtype: float64

Results have been saved to 'pagerank_results_balanced.csv'
Combined Results:
                                          Subcategory  \
0                                     Topic Relevance   
1                    Comprehensiveness of Information   
2                             Accuracy of Information   
3                        Innovativeness of Viewpoints   
4       Integration of Interdisciplinary Perspectives   
5                        Clarity of Logical Structure   
6               Reasonableness of Chapter Arrangement   
7              Quality of Introduction and Conclusion   
8              Accuracy and Completeness of Citations   
9              Timeliness and Relevance of References   
10   Avoidance of Plagiarism and Appropriate Citation   
11             Critical Analysis of Existing Research   
12   Proposal of New Research Directions or Questions   
13                Potential Contribution to the Field   
14             Clarity of Research Method Description   
15                    Rationality of Method Selection   
16                           Rigor of Research Design   
17               Inclusion of Latest Research Results   
18            Reflection of Current Research Hotspots   
19                     Fluency of Language Expression   
20    Appropriateness of Professional Terminology Use   
21                          Conciseness of Expression   
22  Practical Application Potential of Research Re...   
23                Feasibility of Proposed Suggestions   
24                             Logic of Argumentation   
25                   Multi-angle Analysis of Problems   
26  Identification and Discussion of Research Limi...   

    ICC (Intraclass Correlation Coefficient) ICC 95% Confidence Interval  \
0                                   0.476214                [0.37, 0.59]   
1                                   0.833250                [0.77, 0.89]   
2                                   0.402299                 [0.3, 0.52]   
3                                   0.818677                [0.75, 0.88]   
4                                   0.836470                [0.78, 0.89]   
5                                   0.723117                 [0.64, 0.8]   
6                                   0.750752                [0.67, 0.82]   
7                                   0.733225                [0.65, 0.81]   
8                                   0.545103                [0.44, 0.66]   
9                                   0.781168                [0.71, 0.85]   
10                                  0.289089                 [0.2, 0.41]   
11                                  0.785529                [0.71, 0.85]   
12                                  0.761947                [0.69, 0.83]   
13                                  0.798103                [0.73, 0.86]   
14                                  0.781607                [0.71, 0.85]   
15                                  0.779015                [0.71, 0.85]   
16                                  0.772029                 [0.7, 0.84]   
17                                  0.785865                [0.71, 0.85]   
18                                  0.792979                [0.72, 0.86]   
19                                  0.662618                [0.57, 0.76]   
20                                  0.686767                 [0.6, 0.77]   
21                                  0.637117                [0.54, 0.73]   
22                                  0.771916                 [0.7, 0.84]   
23                                  0.667696                [0.58, 0.76]   
24                                  0.739682                [0.66, 0.82]   
25                                  0.785358                [0.71, 0.85]   
26                                  0.710764                [0.63, 0.79]   

    Transitivity Consistency Ratio (%)  
0                            88.484848  
1                            82.424242  
2                            86.060606  
3                            79.393939  
4                            82.424242  
5                            79.393939  
6                            80.000000  
7                            80.000000  
8                            89.696970  
9                            83.636364  
10                           86.060606  
11                           79.393939  
12                           80.606061  
13                           79.393939  
14                           81.212121  
15                           81.818182  
16                           81.818182  
17                           83.636364  
18                           81.818182  
19                           79.393939  
20                           83.030303  
21                           80.000000  
22                           79.393939  
23                           80.606061  
24                           80.606061  
25                           80.606061  
26                           80.606061  

Results have been saved to 'reliability_analysis.csv'
Author
10      0.005519
5       4.946605
4       5.577902
8       6.188390
2       9.074792
1       9.252132
7      10.289464
6      54.331645
3      61.142102
0      67.503184
9     100.000000
Name: Score, dtype: float64

Results have been saved to 'pagerank_results_balanced.csv'
Combined Results:
                                          Subcategory  \
0                                     Topic Relevance   
1                    Comprehensiveness of Information   
2                             Accuracy of Information   
3                        Innovativeness of Viewpoints   
4       Integration of Interdisciplinary Perspectives   
5                        Clarity of Logical Structure   
6               Reasonableness of Chapter Arrangement   
7              Quality of Introduction and Conclusion   
8              Accuracy and Completeness of Citations   
9              Timeliness and Relevance of References   
10   Avoidance of Plagiarism and Appropriate Citation   
11             Critical Analysis of Existing Research   
12   Proposal of New Research Directions or Questions   
13                Potential Contribution to the Field   
14             Clarity of Research Method Description   
15                    Rationality of Method Selection   
16                           Rigor of Research Design   
17               Inclusion of Latest Research Results   
18            Reflection of Current Research Hotspots   
19                     Fluency of Language Expression   
20    Appropriateness of Professional Terminology Use   
21                          Conciseness of Expression   
22  Practical Application Potential of Research Re...   
23                Feasibility of Proposed Suggestions   
24                             Logic of Argumentation   
25                   Multi-angle Analysis of Problems   
26  Identification and Discussion of Research Limi...   

    ICC (Intraclass Correlation Coefficient) ICC 95% Confidence Interval  \
0                                   0.476214                [0.37, 0.59]   
1                                   0.833250                [0.77, 0.89]   
2                                   0.402299                 [0.3, 0.52]   
3                                   0.818677                [0.75, 0.88]   
4                                   0.836470                [0.78, 0.89]   
5                                   0.723117                 [0.64, 0.8]   
6                                   0.750752                [0.67, 0.82]   
7                                   0.733225                [0.65, 0.81]   
8                                   0.545103                [0.44, 0.66]   
9                                   0.781168                [0.71, 0.85]   
10                                  0.289089                 [0.2, 0.41]   
11                                  0.785529                [0.71, 0.85]   
12                                  0.761947                [0.69, 0.83]   
13                                  0.798103                [0.73, 0.86]   
14                                  0.781607                [0.71, 0.85]   
15                                  0.779015                [0.71, 0.85]   
16                                  0.772029                 [0.7, 0.84]   
17                                  0.785865                [0.71, 0.85]   
18                                  0.792979                [0.72, 0.86]   
19                                  0.662618                [0.57, 0.76]   
20                                  0.686767                 [0.6, 0.77]   
21                                  0.637117                [0.54, 0.73]   
22                                  0.771916                 [0.7, 0.84]   
23                                  0.667696                [0.58, 0.76]   
24                                  0.739682                [0.66, 0.82]   
25                                  0.785358                [0.71, 0.85]   
26                                  0.710764                [0.63, 0.79]   

    Transitivity Consistency Ratio (%)  
0                            88.484848  
1                            82.424242  
2                            86.060606  
3                            79.393939  
4                            82.424242  
5                            79.393939  
6                            80.000000  
7                            80.000000  
8                            89.696970  
9                            83.636364  
10                           86.060606  
11                           79.393939  
12                           80.606061  
13                           79.393939  
14                           81.212121  
15                           81.818182  
16                           81.818182  
17                           83.636364  
18                           81.818182  
19                           79.393939  
20                           83.030303  
21                           80.000000  
22                           79.393939  
23                           80.606061  
24                           80.606061  
25                           80.606061  
26                           80.606061  

Results have been saved to 'reliability_analysis.csv'
Author
10      0.000000
5       6.294198
4       6.916111
8       6.934637
2       8.104556
1      11.404237
7      12.929391
6      60.292443
3      63.074467
0      72.933531
9     100.000000
Name: Score, dtype: float64

Results have been saved to 'pagerank_results_balanced.csv'
Combined Results:
                                          Subcategory  \
0                                     Topic Relevance   
1                    Comprehensiveness of Information   
2                             Accuracy of Information   
3                        Innovativeness of Viewpoints   
4       Integration of Interdisciplinary Perspectives   
5                        Clarity of Logical Structure   
6               Reasonableness of Chapter Arrangement   
7              Quality of Introduction and Conclusion   
8              Accuracy and Completeness of Citations   
9              Timeliness and Relevance of References   
10   Avoidance of Plagiarism and Appropriate Citation   
11             Critical Analysis of Existing Research   
12   Proposal of New Research Directions or Questions   
13                Potential Contribution to the Field   
14             Clarity of Research Method Description   
15                    Rationality of Method Selection   
16                           Rigor of Research Design   
17               Inclusion of Latest Research Results   
18            Reflection of Current Research Hotspots   
19                     Fluency of Language Expression   
20    Appropriateness of Professional Terminology Use   
21                          Conciseness of Expression   
22  Practical Application Potential of Research Re...   
23                Feasibility of Proposed Suggestions   
24                             Logic of Argumentation   
25                   Multi-angle Analysis of Problems   
26  Identification and Discussion of Research Limi...   

    ICC (Intraclass Correlation Coefficient) ICC 95% Confidence Interval  \
0                                   0.476214                [0.37, 0.59]   
1                                   0.833250                [0.77, 0.89]   
2                                   0.402299                 [0.3, 0.52]   
3                                   0.818677                [0.75, 0.88]   
4                                   0.836470                [0.78, 0.89]   
5                                   0.723117                 [0.64, 0.8]   
6                                   0.750752                [0.67, 0.82]   
7                                   0.733225                [0.65, 0.81]   
8                                   0.545103                [0.44, 0.66]   
9                                   0.781168                [0.71, 0.85]   
10                                  0.289089                 [0.2, 0.41]   
11                                  0.785529                [0.71, 0.85]   
12                                  0.761947                [0.69, 0.83]   
13                                  0.798103                [0.73, 0.86]   
14                                  0.781607                [0.71, 0.85]   
15                                  0.779015                [0.71, 0.85]   
16                                  0.772029                 [0.7, 0.84]   
17                                  0.785865                [0.71, 0.85]   
18                                  0.792979                [0.72, 0.86]   
19                                  0.662618                [0.57, 0.76]   
20                                  0.686767                 [0.6, 0.77]   
21                                  0.637117                [0.54, 0.73]   
22                                  0.771916                 [0.7, 0.84]   
23                                  0.667696                [0.58, 0.76]   
24                                  0.739682                [0.66, 0.82]   
25                                  0.785358                [0.71, 0.85]   
26                                  0.710764                [0.63, 0.79]   

    Transitivity Consistency Ratio (%)  
0                            29.629630  
1                            80.666667  
2                            28.125000  
3                            79.393939  
4                            76.984127  
5                            77.333333  
6                            78.000000  
7                            77.551020  
8                            50.000000  
9                            81.118881  
10                           28.125000  
11                           79.393939  
12                           79.487179  
13                           79.393939  
14                           77.205882  
15                           78.260870  
16                           79.020979  
17                           81.118881  
18                           79.310345  
19                           75.362319  
20                           79.411765  
21                           75.735294  
22                           79.393939  
23                           79.487179  
24                           77.304965  
25                           79.487179  
26                           79.487179  

Results have been saved to 'reliability_analysis.csv'
Author
10      0.000000
5       6.294198
4       6.916111
8       6.934637
2       8.104556
1      11.404237
7      12.929391
6      60.292443
3      63.074467
0      72.933531
9     100.000000
Name: Score, dtype: float64

Results have been saved to 'pagerank_results_balanced.csv'
Combined Results:
                                          Subcategory  \
0                                     Topic Relevance   
1                    Comprehensiveness of Information   
2                             Accuracy of Information   
3                        Innovativeness of Viewpoints   
4       Integration of Interdisciplinary Perspectives   
5                        Clarity of Logical Structure   
6               Reasonableness of Chapter Arrangement   
7              Quality of Introduction and Conclusion   
8              Accuracy and Completeness of Citations   
9              Timeliness and Relevance of References   
10   Avoidance of Plagiarism and Appropriate Citation   
11             Critical Analysis of Existing Research   
12   Proposal of New Research Directions or Questions   
13                Potential Contribution to the Field   
14             Clarity of Research Method Description   
15                    Rationality of Method Selection   
16                           Rigor of Research Design   
17               Inclusion of Latest Research Results   
18            Reflection of Current Research Hotspots   
19                     Fluency of Language Expression   
20    Appropriateness of Professional Terminology Use   
21                          Conciseness of Expression   
22  Practical Application Potential of Research Re...   
23                Feasibility of Proposed Suggestions   
24                             Logic of Argumentation   
25                   Multi-angle Analysis of Problems   
26  Identification and Discussion of Research Limi...   

    ICC (Intraclass Correlation Coefficient) ICC 95% Confidence Interval  \
0                                   0.476214                [0.37, 0.59]   
1                                   0.833250                [0.77, 0.89]   
2                                   0.402299                 [0.3, 0.52]   
3                                   0.818677                [0.75, 0.88]   
4                                   0.836470                [0.78, 0.89]   
5                                   0.723117                 [0.64, 0.8]   
6                                   0.750752                [0.67, 0.82]   
7                                   0.733225                [0.65, 0.81]   
8                                   0.545103                [0.44, 0.66]   
9                                   0.781168                [0.71, 0.85]   
10                                  0.289089                 [0.2, 0.41]   
11                                  0.785529                [0.71, 0.85]   
12                                  0.761947                [0.69, 0.83]   
13                                  0.798103                [0.73, 0.86]   
14                                  0.781607                [0.71, 0.85]   
15                                  0.779015                [0.71, 0.85]   
16                                  0.772029                 [0.7, 0.84]   
17                                  0.785865                [0.71, 0.85]   
18                                  0.792979                [0.72, 0.86]   
19                                  0.662618                [0.57, 0.76]   
20                                  0.686767                 [0.6, 0.77]   
21                                  0.637117                [0.54, 0.73]   
22                                  0.771916                 [0.7, 0.84]   
23                                  0.667696                [0.58, 0.76]   
24                                  0.739682                [0.66, 0.82]   
25                                  0.785358                [0.71, 0.85]   
26                                  0.710764                [0.63, 0.79]   

    Transitivity Consistency Ratio (%)  
0                            29.629630  
1                            80.666667  
2                            28.125000  
3                            79.393939  
4                            76.984127  
5                            77.333333  
6                            78.000000  
7                            77.551020  
8                            50.000000  
9                            81.118881  
10                           28.125000  
11                           79.393939  
12                           79.487179  
13                           79.393939  
14                           77.205882  
15                           78.260870  
16                           79.020979  
17                           81.118881  
18                           79.310345  
19                           75.362319  
20                           79.411765  
21                           75.735294  
22                           79.393939  
23                           79.487179  
24                           77.304965  
25                           79.487179  
26                           79.487179  

Results have been saved to 'reliability_analysis.csv'
