Author
10    29.782824
7     30.861264
3     32.166684
8     39.370702
0     39.850297
5     41.222686
6     45.113716
1     49.040866
4     49.874155
2     50.555001
9     72.474886
Name: Score, dtype: float64

Results have been saved to 'pagerank_results_balanced.csv'
Combined Results:
                                          Subcategory  \
0                                     Topic Relevance   
1                    Comprehensiveness of Information   
2                             Accuracy of Information   
3                        Innovativeness of Viewpoints   
4       Integration of Interdisciplinary Perspectives   
5                        Clarity of Logical Structure   
6               Reasonableness of Chapter Arrangement   
7              Quality of Introduction and Conclusion   
8              Accuracy and Completeness of Citations   
9              Timeliness and Relevance of References   
10   Avoidance of Plagiarism and Appropriate Citation   
11             Critical Analysis of Existing Research   
12   Proposal of New Research Directions or Questions   
13                Potential Contribution to the Field   
14             Clarity of Research Method Description   
15                    Rationality of Method Selection   
16                           Rigor of Research Design   
17               Inclusion of Latest Research Results   
18            Reflection of Current Research Hotspots   
19                     Fluency of Language Expression   
20    Appropriateness of Professional Terminology Use   
21                          Conciseness of Expression   
22  Practical Application Potential of Research Re...   
23                Feasibility of Proposed Suggestions   
24                             Logic of Argumentation   
25                   Multi-angle Analysis of Problems   
26  Identification and Discussion of Research Limi...   

    ICC (Intraclass Correlation Coefficient) ICC 95% Confidence Interval  \
0                                   0.649436                [0.55, 0.75]   
1                                   0.788287                [0.72, 0.85]   
2                                   0.305299                [0.22, 0.42]   
3                                   0.461580                [0.36, 0.58]   
4                                   0.713493                 [0.63, 0.8]   
5                                   0.707846                [0.62, 0.79]   
6                                   0.702978                [0.62, 0.79]   
7                                   0.677017                [0.59, 0.77]   
8                                   0.519733                [0.42, 0.63]   
9                                   0.612459                [0.52, 0.71]   
10                                  0.331858                [0.24, 0.45]   
11                                  0.607616                [0.51, 0.71]   
12                                  0.326673                [0.23, 0.45]   
13                                  0.615569                [0.52, 0.72]   
14                                  0.620559                [0.52, 0.72]   
15                                  0.602594                 [0.5, 0.71]   
16                                  0.623984                [0.53, 0.72]   
17                                  0.624070                [0.53, 0.72]   
18                                  0.648596                [0.55, 0.74]   
19                                  0.640670                [0.55, 0.74]   
20                                  0.623664                [0.53, 0.72]   
21                                  0.617162                [0.52, 0.72]   
22                                  0.613456                [0.52, 0.71]   
23                                  0.546083                [0.44, 0.66]   
24                                  0.642409                [0.55, 0.74]   
25                                  0.659663                [0.57, 0.75]   
26                                  0.608818                [0.51, 0.71]   

    Transitivity Consistency Ratio (%)  
0                            77.575758  
1                            76.969697  
2                            85.454545  
3                            83.636364  
4                            77.575758  
5                            78.181818  
6                            78.181818  
7                            76.969697  
8                            78.787879  
9                            81.212121  
10                           86.666667  
11                           84.242424  
12                           83.030303  
13                           83.636364  
14                           75.757576  
15                           77.575758  
16                           76.363636  
17                           81.212121  
18                           80.000000  
19                           78.181818  
20                           76.969697  
21                           77.575758  
22                           81.818182  
23                           81.212121  
24                           78.787879  
25                           79.393939  
26                           81.212121  

Results have been saved to 'reliability_analysis.csv'
Author
3       0.992963
5       1.940258
4       2.420162
10      4.927654
6       5.025872
8      10.077559
2      13.780894
1      31.628911
7      34.806179
0      64.954425
9     100.000000
Name: Score, dtype: float64

Results have been saved to 'pagerank_results_balanced.csv'
Combined Results:
                                          Subcategory  \
0                                     Topic Relevance   
1                    Comprehensiveness of Information   
2                             Accuracy of Information   
3                        Innovativeness of Viewpoints   
4       Integration of Interdisciplinary Perspectives   
5                        Clarity of Logical Structure   
6               Reasonableness of Chapter Arrangement   
7              Quality of Introduction and Conclusion   
8              Accuracy and Completeness of Citations   
9              Timeliness and Relevance of References   
10   Avoidance of Plagiarism and Appropriate Citation   
11             Critical Analysis of Existing Research   
12   Proposal of New Research Directions or Questions   
13                Potential Contribution to the Field   
14             Clarity of Research Method Description   
15                    Rationality of Method Selection   
16                           Rigor of Research Design   
17               Inclusion of Latest Research Results   
18            Reflection of Current Research Hotspots   
19                     Fluency of Language Expression   
20    Appropriateness of Professional Terminology Use   
21                          Conciseness of Expression   
22  Practical Application Potential of Research Re...   
23                Feasibility of Proposed Suggestions   
24                             Logic of Argumentation   
25                   Multi-angle Analysis of Problems   
26  Identification and Discussion of Research Limi...   

    ICC (Intraclass Correlation Coefficient) ICC 95% Confidence Interval  \
0                                   0.649436                [0.55, 0.75]   
1                                   0.788287                [0.72, 0.85]   
2                                   0.305299                [0.22, 0.42]   
3                                   0.461580                [0.36, 0.58]   
4                                   0.713493                 [0.63, 0.8]   
5                                   0.707846                [0.62, 0.79]   
6                                   0.702978                [0.62, 0.79]   
7                                   0.677017                [0.59, 0.77]   
8                                   0.519733                [0.42, 0.63]   
9                                   0.612459                [0.52, 0.71]   
10                                  0.331858                [0.24, 0.45]   
11                                  0.607616                [0.51, 0.71]   
12                                  0.326673                [0.23, 0.45]   
13                                  0.615569                [0.52, 0.72]   
14                                  0.620559                [0.52, 0.72]   
15                                  0.602594                 [0.5, 0.71]   
16                                  0.623984                [0.53, 0.72]   
17                                  0.624070                [0.53, 0.72]   
18                                  0.648596                [0.55, 0.74]   
19                                  0.640670                [0.55, 0.74]   
20                                  0.623664                [0.53, 0.72]   
21                                  0.617162                [0.52, 0.72]   
22                                  0.613456                [0.52, 0.71]   
23                                  0.546083                [0.44, 0.66]   
24                                  0.642409                [0.55, 0.74]   
25                                  0.659663                [0.57, 0.75]   
26                                  0.608818                [0.51, 0.71]   

    Transitivity Consistency Ratio (%)  
0                            73.188406  
1                            76.969697  
2                            35.135135  
3                            83.636364  
4                            77.575758  
5                            78.181818  
6                            78.181818  
7                            76.969697  
8                            63.157895  
9                            80.128205  
10                           53.191489  
11                           84.242424  
12                           83.030303  
13                           83.636364  
14                           74.193548  
15                           77.575758  
16                           75.471698  
17                           80.128205  
18                           80.000000  
19                           78.181818  
20                           76.969697  
21                           77.575758  
22                           81.818182  
23                           81.212121  
24                           77.564103  
25                           78.205128  
26                           78.911565  

Results have been saved to 'reliability_analysis.csv'
Author
3       0.992963
5       1.940258
4       2.420162
10      4.927654
6       5.025872
8      10.077559
2      13.780894
1      31.628911
7      34.806179
0      64.954425
9     100.000000
Name: Score, dtype: float64

Results have been saved to 'pagerank_results_balanced.csv'
Combined Results:
                                          Subcategory  \
0                                     Topic Relevance   
1                    Comprehensiveness of Information   
2                             Accuracy of Information   
3                        Innovativeness of Viewpoints   
4       Integration of Interdisciplinary Perspectives   
5                        Clarity of Logical Structure   
6               Reasonableness of Chapter Arrangement   
7              Quality of Introduction and Conclusion   
8              Accuracy and Completeness of Citations   
9              Timeliness and Relevance of References   
10   Avoidance of Plagiarism and Appropriate Citation   
11             Critical Analysis of Existing Research   
12   Proposal of New Research Directions or Questions   
13                Potential Contribution to the Field   
14             Clarity of Research Method Description   
15                    Rationality of Method Selection   
16                           Rigor of Research Design   
17               Inclusion of Latest Research Results   
18            Reflection of Current Research Hotspots   
19                     Fluency of Language Expression   
20    Appropriateness of Professional Terminology Use   
21                          Conciseness of Expression   
22  Practical Application Potential of Research Re...   
23                Feasibility of Proposed Suggestions   
24                             Logic of Argumentation   
25                   Multi-angle Analysis of Problems   
26  Identification and Discussion of Research Limi...   

    ICC (Intraclass Correlation Coefficient) ICC 95% Confidence Interval  \
0                                   0.649436                [0.55, 0.75]   
1                                   0.788287                [0.72, 0.85]   
2                                   0.305299                [0.22, 0.42]   
3                                   0.461580                [0.36, 0.58]   
4                                   0.713493                 [0.63, 0.8]   
5                                   0.707846                [0.62, 0.79]   
6                                   0.702978                [0.62, 0.79]   
7                                   0.677017                [0.59, 0.77]   
8                                   0.519733                [0.42, 0.63]   
9                                   0.612459                [0.52, 0.71]   
10                                  0.331858                [0.24, 0.45]   
11                                  0.607616                [0.51, 0.71]   
12                                  0.326673                [0.23, 0.45]   
13                                  0.615569                [0.52, 0.72]   
14                                  0.620559                [0.52, 0.72]   
15                                  0.602594                 [0.5, 0.71]   
16                                  0.623984                [0.53, 0.72]   
17                                  0.624070                [0.53, 0.72]   
18                                  0.648596                [0.55, 0.74]   
19                                  0.640670                [0.55, 0.74]   
20                                  0.623664                [0.53, 0.72]   
21                                  0.617162                [0.52, 0.72]   
22                                  0.613456                [0.52, 0.71]   
23                                  0.546083                [0.44, 0.66]   
24                                  0.642409                [0.55, 0.74]   
25                                  0.659663                [0.57, 0.75]   
26                                  0.608818                [0.51, 0.71]   

    Transitivity Consistency Ratio (%)  
0                            73.188406  
1                            76.969697  
2                            35.135135  
3                            83.636364  
4                            77.575758  
5                            78.181818  
6                            78.181818  
7                            76.969697  
8                            63.157895  
9                            80.128205  
10                           53.191489  
11                           84.242424  
12                           83.030303  
13                           83.636364  
14                           74.193548  
15                           77.575758  
16                           75.471698  
17                           80.128205  
18                           80.000000  
19                           78.181818  
20                           76.969697  
21                           77.575758  
22                           81.818182  
23                           81.212121  
24                           77.564103  
25                           78.205128  
26                           78.911565  

Results have been saved to 'reliability_analysis.csv'
