Author
10      0.334498
8       1.277060
0       1.392978
2       5.331080
5       6.702570
6      13.900499
1      18.338335
3      58.335248
4      66.706322
7      70.440030
9     100.000000
Name: Score, dtype: float64

Results have been saved to 'pagerank_results_balanced.csv'
Combined Results:
                                          Subcategory  \
0                                     Topic Relevance   
1                    Comprehensiveness of Information   
2                             Accuracy of Information   
3                        Innovativeness of Viewpoints   
4       Integration of Interdisciplinary Perspectives   
5                        Clarity of Logical Structure   
6               Reasonableness of Chapter Arrangement   
7              Quality of Introduction and Conclusion   
8              Accuracy and Completeness of Citations   
9              Timeliness and Relevance of References   
10   Avoidance of Plagiarism and Appropriate Citation   
11             Critical Analysis of Existing Research   
12   Proposal of New Research Directions or Questions   
13                Potential Contribution to the Field   
14             Clarity of Research Method Description   
15                    Rationality of Method Selection   
16                           Rigor of Research Design   
17               Inclusion of Latest Research Results   
18            Reflection of Current Research Hotspots   
19                     Fluency of Language Expression   
20    Appropriateness of Professional Terminology Use   
21                          Conciseness of Expression   
22  Practical Application Potential of Research Re...   
23                Feasibility of Proposed Suggestions   
24                             Logic of Argumentation   
25                   Multi-angle Analysis of Problems   
26  Identification and Discussion of Research Limi...   

    ICC (Intraclass Correlation Coefficient) ICC 95% Confidence Interval  \
0                                   0.590396                 [0.49, 0.7]   
1                                   0.820516                [0.76, 0.88]   
2                                   0.521228                [0.42, 0.63]   
3                                   0.782506                [0.71, 0.85]   
4                                   0.787643                [0.72, 0.85]   
5                                   0.742858                [0.66, 0.82]   
6                                   0.730942                [0.65, 0.81]   
7                                   0.717409                 [0.63, 0.8]   
8                                   0.674254                [0.58, 0.76]   
9                                   0.787502                [0.72, 0.85]   
10                                  0.507079                [0.41, 0.62]   
11                                  0.780571                [0.71, 0.85]   
12                                  0.754440                [0.68, 0.83]   
13                                  0.777860                [0.71, 0.85]   
14                                  0.787968                [0.72, 0.85]   
15                                  0.789894                [0.72, 0.85]   
16                                  0.780924                [0.71, 0.85]   
17                                  0.780846                [0.71, 0.85]   
18                                  0.787059                [0.72, 0.85]   
19                                  0.693677                [0.61, 0.78]   
20                                  0.711137                [0.63, 0.79]   
21                                  0.669154                [0.58, 0.76]   
22                                  0.754841                [0.68, 0.83]   
23                                  0.723673                 [0.64, 0.8]   
24                                  0.763670                [0.69, 0.83]   
25                                  0.779949                [0.71, 0.85]   
26                                  0.767842                [0.69, 0.84]   

    Transitivity Consistency Ratio (%)  
0                            87.272727  
1                            83.030303  
2                            86.060606  
3                            78.787879  
4                            83.636364  
5                            79.393939  
6                            84.848485  
7                            80.606061  
8                            84.848485  
9                            83.636364  
10                           86.666667  
11                           78.787879  
12                           80.000000  
13                           78.787879  
14                           78.787879  
15                           78.787879  
16                           78.787879  
17                           83.636364  
18                           83.636364  
19                           79.393939  
20                           79.393939  
21                           75.757576  
22                           80.000000  
23                           80.000000  
24                           84.242424  
25                           83.636364  
26                           83.636364  

Results have been saved to 'reliability_analysis.csv'
Author
0     21.415254
8     33.618731
9     37.037037
3     39.294264
4     41.431367
5     54.170856
7     57.393013
10    58.731660
1     72.602065
6     76.025905
2     79.918648
Name: Score, dtype: float64

Results have been saved to 'pagerank_results_balanced.csv'
Combined Results:
                                          Subcategory  \
0                                     Topic Relevance   
1                    Comprehensiveness of Information   
2                             Accuracy of Information   
3                        Innovativeness of Viewpoints   
4       Integration of Interdisciplinary Perspectives   
5                        Clarity of Logical Structure   
6               Reasonableness of Chapter Arrangement   
7              Quality of Introduction and Conclusion   
8              Accuracy and Completeness of Citations   
9              Timeliness and Relevance of References   
10   Avoidance of Plagiarism and Appropriate Citation   
11             Critical Analysis of Existing Research   
12   Proposal of New Research Directions or Questions   
13                Potential Contribution to the Field   
14             Clarity of Research Method Description   
15                    Rationality of Method Selection   
16                           Rigor of Research Design   
17               Inclusion of Latest Research Results   
18            Reflection of Current Research Hotspots   
19                     Fluency of Language Expression   
20    Appropriateness of Professional Terminology Use   
21                          Conciseness of Expression   
22  Practical Application Potential of Research Re...   
23                Feasibility of Proposed Suggestions   
24                             Logic of Argumentation   
25                   Multi-angle Analysis of Problems   
26  Identification and Discussion of Research Limi...   

    ICC (Intraclass Correlation Coefficient) ICC 95% Confidence Interval  \
0                                   0.582262                [0.48, 0.69]   
1                                   0.816242                [0.75, 0.87]   
2                                   0.521491                [0.42, 0.63]   
3                                   0.773853                 [0.7, 0.84]   
4                                   0.808971                [0.74, 0.87]   
5                                   0.805544                [0.74, 0.87]   
6                                   0.790195                [0.72, 0.86]   
7                                   0.749618                [0.67, 0.82]   
8                                   0.583281                [0.48, 0.69]   
9                                   0.658947                [0.56, 0.75]   
10                                  0.355792                [0.26, 0.47]   
11                                  0.745704                [0.66, 0.82]   
12                                  0.729061                [0.64, 0.81]   
13                                  0.718736                 [0.63, 0.8]   
14                                  0.664829                [0.57, 0.76]   
15                                  0.666289                [0.57, 0.76]   
16                                  0.674998                [0.58, 0.77]   
17                                  0.672985                [0.58, 0.76]   
18                                  0.696880                [0.61, 0.78]   
19                                  0.757772                [0.68, 0.83]   
20                                  0.724172                 [0.64, 0.8]   
21                                  0.683818                [0.59, 0.77]   
22                                  0.692606                 [0.6, 0.78]   
23                                  0.644669                [0.55, 0.74]   
24                                  0.758211                [0.68, 0.83]   
25                                  0.765287                [0.69, 0.84]   
26                                  0.666762                [0.57, 0.76]   

    Transitivity Consistency Ratio (%)  
0                            84.848485  
1                            78.787879  
2                            84.848485  
3                            78.787879  
4                            79.393939  
5                            75.151515  
6                            79.393939  
7                            76.363636  
8                            84.848485  
9                            79.393939  
10                           84.242424  
11                           78.787879  
12                           80.000000  
13                           78.787879  
14                           78.787879  
15                           78.787879  
16                           78.787879  
17                           79.393939  
18                           79.393939  
19                           75.151515  
20                           79.393939  
21                           75.151515  
22                           80.000000  
23                           80.000000  
24                           80.000000  
25                           79.393939  
26                           79.393939  

Results have been saved to 'reliability_analysis.csv'
Author
0     21.415254
8     33.618731
9     37.037037
3     39.294264
4     41.431367
5     54.170856
7     57.393013
10    58.731660
1     72.602065
6     76.025905
2     79.918648
Name: Score, dtype: float64

Results have been saved to 'pagerank_results_balanced.csv'
Combined Results:
                                          Subcategory  \
0                                     Topic Relevance   
1                    Comprehensiveness of Information   
2                             Accuracy of Information   
3                        Innovativeness of Viewpoints   
4       Integration of Interdisciplinary Perspectives   
5                        Clarity of Logical Structure   
6               Reasonableness of Chapter Arrangement   
7              Quality of Introduction and Conclusion   
8              Accuracy and Completeness of Citations   
9              Timeliness and Relevance of References   
10   Avoidance of Plagiarism and Appropriate Citation   
11             Critical Analysis of Existing Research   
12   Proposal of New Research Directions or Questions   
13                Potential Contribution to the Field   
14             Clarity of Research Method Description   
15                    Rationality of Method Selection   
16                           Rigor of Research Design   
17               Inclusion of Latest Research Results   
18            Reflection of Current Research Hotspots   
19                     Fluency of Language Expression   
20    Appropriateness of Professional Terminology Use   
21                          Conciseness of Expression   
22  Practical Application Potential of Research Re...   
23                Feasibility of Proposed Suggestions   
24                             Logic of Argumentation   
25                   Multi-angle Analysis of Problems   
26  Identification and Discussion of Research Limi...   

    ICC (Intraclass Correlation Coefficient) ICC 95% Confidence Interval  \
0                                   0.582262                [0.48, 0.69]   
1                                   0.816242                [0.75, 0.87]   
2                                   0.521491                [0.42, 0.63]   
3                                   0.773853                 [0.7, 0.84]   
4                                   0.808971                [0.74, 0.87]   
5                                   0.805544                [0.74, 0.87]   
6                                   0.790195                [0.72, 0.86]   
7                                   0.749618                [0.67, 0.82]   
8                                   0.583281                [0.48, 0.69]   
9                                   0.658947                [0.56, 0.75]   
10                                  0.355792                [0.26, 0.47]   
11                                  0.745704                [0.66, 0.82]   
12                                  0.729061                [0.64, 0.81]   
13                                  0.718736                 [0.63, 0.8]   
14                                  0.664829                [0.57, 0.76]   
15                                  0.666289                [0.57, 0.76]   
16                                  0.674998                [0.58, 0.77]   
17                                  0.672985                [0.58, 0.76]   
18                                  0.696880                [0.61, 0.78]   
19                                  0.757772                [0.68, 0.83]   
20                                  0.724172                 [0.64, 0.8]   
21                                  0.683818                [0.59, 0.77]   
22                                  0.692606                 [0.6, 0.78]   
23                                  0.644669                [0.55, 0.74]   
24                                  0.758211                [0.68, 0.83]   
25                                  0.765287                [0.69, 0.84]   
26                                  0.666762                [0.57, 0.76]   

    Transitivity Consistency Ratio (%)  
0                            84.848485  
1                            78.787879  
2                            84.848485  
3                            78.787879  
4                            79.393939  
5                            75.151515  
6                            79.393939  
7                            76.363636  
8                            84.848485  
9                            79.393939  
10                           84.242424  
11                           78.787879  
12                           80.000000  
13                           78.787879  
14                           78.787879  
15                           78.787879  
16                           78.787879  
17                           79.393939  
18                           79.393939  
19                           75.151515  
20                           79.393939  
21                           75.151515  
22                           80.000000  
23                           80.000000  
24                           80.000000  
25                           79.393939  
26                           79.393939  

Results have been saved to 'reliability_analysis.csv'
Author
10      0.000000
0      39.509502
8      39.710659
5      57.207733
2      57.588311
6      74.131895
1      76.698894
3      90.199856
4      93.006090
7      93.092331
9     100.000000
Name: Score, dtype: float64

Results have been saved to 'pagerank_results_balanced.csv'
Combined Results:
                                          Subcategory  \
0                                     Topic Relevance   
1                    Comprehensiveness of Information   
2                             Accuracy of Information   
3                        Innovativeness of Viewpoints   
4       Integration of Interdisciplinary Perspectives   
5                        Clarity of Logical Structure   
6               Reasonableness of Chapter Arrangement   
7              Quality of Introduction and Conclusion   
8              Accuracy and Completeness of Citations   
9              Timeliness and Relevance of References   
10   Avoidance of Plagiarism and Appropriate Citation   
11             Critical Analysis of Existing Research   
12   Proposal of New Research Directions or Questions   
13                Potential Contribution to the Field   
14             Clarity of Research Method Description   
15                    Rationality of Method Selection   
16                           Rigor of Research Design   
17               Inclusion of Latest Research Results   
18            Reflection of Current Research Hotspots   
19                     Fluency of Language Expression   
20    Appropriateness of Professional Terminology Use   
21                          Conciseness of Expression   
22  Practical Application Potential of Research Re...   
23                Feasibility of Proposed Suggestions   
24                             Logic of Argumentation   
25                   Multi-angle Analysis of Problems   
26  Identification and Discussion of Research Limi...   

    ICC (Intraclass Correlation Coefficient) ICC 95% Confidence Interval  \
0                                   0.582262                [0.48, 0.69]   
1                                   0.816242                [0.75, 0.87]   
2                                   0.521491                [0.42, 0.63]   
3                                   0.773853                 [0.7, 0.84]   
4                                   0.808971                [0.74, 0.87]   
5                                   0.805544                [0.74, 0.87]   
6                                   0.790195                [0.72, 0.86]   
7                                   0.749618                [0.67, 0.82]   
8                                   0.583281                [0.48, 0.69]   
9                                   0.658947                [0.56, 0.75]   
10                                  0.355792                [0.26, 0.47]   
11                                  0.745704                [0.66, 0.82]   
12                                  0.729061                [0.64, 0.81]   
13                                  0.718736                 [0.63, 0.8]   
14                                  0.664829                [0.57, 0.76]   
15                                  0.666289                [0.57, 0.76]   
16                                  0.674998                [0.58, 0.77]   
17                                  0.672985                [0.58, 0.76]   
18                                  0.696880                [0.61, 0.78]   
19                                  0.757772                [0.68, 0.83]   
20                                  0.724172                 [0.64, 0.8]   
21                                  0.683818                [0.59, 0.77]   
22                                  0.692606                 [0.6, 0.78]   
23                                  0.644669                [0.55, 0.74]   
24                                  0.758211                [0.68, 0.83]   
25                                  0.765287                [0.69, 0.84]   
26                                  0.666762                [0.57, 0.76]   

    Transitivity Consistency Ratio (%)  
0                            58.333333  
1                            78.787879  
2                            61.538462  
3                            78.787879  
4                            79.393939  
5                            75.151515  
6                            79.393939  
7                            75.000000  
8                            59.677419  
9                            79.393939  
10                           55.172414  
11                           78.787879  
12                           78.846154  
13                           78.787879  
14                           78.787879  
15                           78.787879  
16                           78.787879  
17                           79.393939  
18                           79.393939  
19                           75.151515  
20                           78.205128  
21                           75.151515  
22                           78.846154  
23                           78.846154  
24                           78.846154  
25                           79.393939  
26                           79.393939  

Results have been saved to 'reliability_analysis.csv'
Author
10      0.000000
0      39.509502
8      39.710659
5      57.207733
2      57.588311
6      74.131895
1      76.698894
3      90.199856
4      93.006090
7      93.092331
9     100.000000
Name: Score, dtype: float64

Results have been saved to 'pagerank_results_balanced.csv'
Combined Results:
                                          Subcategory  \
0                                     Topic Relevance   
1                    Comprehensiveness of Information   
2                             Accuracy of Information   
3                        Innovativeness of Viewpoints   
4       Integration of Interdisciplinary Perspectives   
5                        Clarity of Logical Structure   
6               Reasonableness of Chapter Arrangement   
7              Quality of Introduction and Conclusion   
8              Accuracy and Completeness of Citations   
9              Timeliness and Relevance of References   
10   Avoidance of Plagiarism and Appropriate Citation   
11             Critical Analysis of Existing Research   
12   Proposal of New Research Directions or Questions   
13                Potential Contribution to the Field   
14             Clarity of Research Method Description   
15                    Rationality of Method Selection   
16                           Rigor of Research Design   
17               Inclusion of Latest Research Results   
18            Reflection of Current Research Hotspots   
19                     Fluency of Language Expression   
20    Appropriateness of Professional Terminology Use   
21                          Conciseness of Expression   
22  Practical Application Potential of Research Re...   
23                Feasibility of Proposed Suggestions   
24                             Logic of Argumentation   
25                   Multi-angle Analysis of Problems   
26  Identification and Discussion of Research Limi...   

    ICC (Intraclass Correlation Coefficient) ICC 95% Confidence Interval  \
0                                   0.582262                [0.48, 0.69]   
1                                   0.816242                [0.75, 0.87]   
2                                   0.521491                [0.42, 0.63]   
3                                   0.773853                 [0.7, 0.84]   
4                                   0.808971                [0.74, 0.87]   
5                                   0.805544                [0.74, 0.87]   
6                                   0.790195                [0.72, 0.86]   
7                                   0.749618                [0.67, 0.82]   
8                                   0.583281                [0.48, 0.69]   
9                                   0.658947                [0.56, 0.75]   
10                                  0.355792                [0.26, 0.47]   
11                                  0.745704                [0.66, 0.82]   
12                                  0.729061                [0.64, 0.81]   
13                                  0.718736                 [0.63, 0.8]   
14                                  0.664829                [0.57, 0.76]   
15                                  0.666289                [0.57, 0.76]   
16                                  0.674998                [0.58, 0.77]   
17                                  0.672985                [0.58, 0.76]   
18                                  0.696880                [0.61, 0.78]   
19                                  0.757772                [0.68, 0.83]   
20                                  0.724172                 [0.64, 0.8]   
21                                  0.683818                [0.59, 0.77]   
22                                  0.692606                 [0.6, 0.78]   
23                                  0.644669                [0.55, 0.74]   
24                                  0.758211                [0.68, 0.83]   
25                                  0.765287                [0.69, 0.84]   
26                                  0.666762                [0.57, 0.76]   

    Transitivity Consistency Ratio (%)  
0                            58.333333  
1                            78.787879  
2                            61.538462  
3                            78.787879  
4                            79.393939  
5                            75.151515  
6                            79.393939  
7                            75.000000  
8                            59.677419  
9                            79.393939  
10                           55.172414  
11                           78.787879  
12                           78.846154  
13                           78.787879  
14                           78.787879  
15                           78.787879  
16                           78.787879  
17                           79.393939  
18                           79.393939  
19                           75.151515  
20                           78.205128  
21                           75.151515  
22                           78.846154  
23                           78.846154  
24                           78.846154  
25                           79.393939  
26                           79.393939  

Results have been saved to 'reliability_analysis.csv'
