Author
10     0.349679
4      2.979108
2      9.895201
0     12.262376
6     14.974258
3     17.926641
1     20.619611
8     50.197956
5     54.203371
7     69.255477
9     99.884482
Name: Score, dtype: float64

Results have been saved to 'pagerank_results_balanced.csv'
Combined Results:
                                          Subcategory  \
0                                     Topic Relevance   
1                    Comprehensiveness of Information   
2                             Accuracy of Information   
3                        Innovativeness of Viewpoints   
4       Integration of Interdisciplinary Perspectives   
5                        Clarity of Logical Structure   
6               Reasonableness of Chapter Arrangement   
7              Quality of Introduction and Conclusion   
8              Accuracy and Completeness of Citations   
9              Timeliness and Relevance of References   
10   Avoidance of Plagiarism and Appropriate Citation   
11             Critical Analysis of Existing Research   
12   Proposal of New Research Directions or Questions   
13                Potential Contribution to the Field   
14             Clarity of Research Method Description   
15                    Rationality of Method Selection   
16                           Rigor of Research Design   
17               Inclusion of Latest Research Results   
18            Reflection of Current Research Hotspots   
19                     Fluency of Language Expression   
20    Appropriateness of Professional Terminology Use   
21                          Conciseness of Expression   
22  Practical Application Potential of Research Re...   
23                Feasibility of Proposed Suggestions   
24                             Logic of Argumentation   
25                   Multi-angle Analysis of Problems   
26  Identification and Discussion of Research Limi...   

    ICC (Intraclass Correlation Coefficient) ICC 95% Confidence Interval  \
0                                   0.448868                [0.35, 0.57]   
1                                   0.710768                [0.63, 0.79]   
2                                   0.353986                [0.26, 0.47]   
3                                   0.489441                [0.39, 0.61]   
4                                   0.620050                [0.52, 0.72]   
5                                   0.628578                [0.53, 0.73]   
6                                   0.646227                [0.55, 0.74]   
7                                   0.414129                [0.31, 0.53]   
8                                   0.589523                [0.49, 0.69]   
9                                   0.614391                [0.52, 0.72]   
10                                  0.202834                [0.13, 0.31]   
11                                  0.550405                [0.45, 0.66]   
12                                  0.412191                [0.31, 0.53]   
13                                  0.568837                [0.47, 0.68]   
14                                  0.593446                 [0.49, 0.7]   
15                                  0.590432                [0.49, 0.69]   
16                                  0.582771                [0.48, 0.69]   
17                                  0.623113                [0.53, 0.72]   
18                                  0.620574                [0.52, 0.72]   
19                                  0.500968                 [0.4, 0.62]   
20                                  0.550807                [0.45, 0.66]   
21                                  0.483682                 [0.38, 0.6]   
22                                  0.564402                [0.46, 0.67]   
23                                  0.451800                [0.35, 0.57]   
24                                  0.575408                [0.48, 0.68]   
25                                  0.604538                [0.51, 0.71]   
26                                  0.521092                [0.42, 0.63]   

    Transitivity Consistency Ratio (%)  
0                            81.212121  
1                            81.212121  
2                            86.666667  
3                            80.000000  
4                            80.000000  
5                            81.818182  
6                            82.424242  
7                            78.181818  
8                            81.818182  
9                            81.212121  
10                           83.636364  
11                           81.818182  
12                           79.393939  
13                           81.818182  
14                           81.212121  
15                           81.818182  
16                           81.818182  
17                           81.212121  
18                           81.818182  
19                           75.757576  
20                           81.212121  
21                           75.757576  
22                           79.393939  
23                           79.393939  
24                           78.787879  
25                           80.606061  
26                           80.606061  

Results have been saved to 'reliability_analysis.csv'
Author
10     0.154769
4      2.767368
0      8.964151
2     10.186894
6     10.638386
3     18.846617
1     21.929741
8     49.734856
5     53.408524
7     73.597312
9     99.902952
Name: Score, dtype: float64

Results have been saved to 'pagerank_results_balanced.csv'
Combined Results:
                                          Subcategory  \
0                                     Topic Relevance   
1                    Comprehensiveness of Information   
2                             Accuracy of Information   
3                        Innovativeness of Viewpoints   
4       Integration of Interdisciplinary Perspectives   
5                        Clarity of Logical Structure   
6               Reasonableness of Chapter Arrangement   
7              Quality of Introduction and Conclusion   
8              Accuracy and Completeness of Citations   
9              Timeliness and Relevance of References   
10   Avoidance of Plagiarism and Appropriate Citation   
11             Critical Analysis of Existing Research   
12   Proposal of New Research Directions or Questions   
13                Potential Contribution to the Field   
14             Clarity of Research Method Description   
15                    Rationality of Method Selection   
16                           Rigor of Research Design   
17               Inclusion of Latest Research Results   
18            Reflection of Current Research Hotspots   
19                     Fluency of Language Expression   
20    Appropriateness of Professional Terminology Use   
21                          Conciseness of Expression   
22  Practical Application Potential of Research Re...   
23                Feasibility of Proposed Suggestions   
24                             Logic of Argumentation   
25                   Multi-angle Analysis of Problems   
26  Identification and Discussion of Research Limi...   

    ICC (Intraclass Correlation Coefficient) ICC 95% Confidence Interval  \
0                                   0.448868                [0.35, 0.57]   
1                                   0.710768                [0.63, 0.79]   
2                                   0.353986                [0.26, 0.47]   
3                                   0.489441                [0.39, 0.61]   
4                                   0.620050                [0.52, 0.72]   
5                                   0.628578                [0.53, 0.73]   
6                                   0.646227                [0.55, 0.74]   
7                                   0.414129                [0.31, 0.53]   
8                                   0.589523                [0.49, 0.69]   
9                                   0.614391                [0.52, 0.72]   
10                                  0.202834                [0.13, 0.31]   
11                                  0.550405                [0.45, 0.66]   
12                                  0.412191                [0.31, 0.53]   
13                                  0.568837                [0.47, 0.68]   
14                                  0.593446                 [0.49, 0.7]   
15                                  0.590432                [0.49, 0.69]   
16                                  0.582771                [0.48, 0.69]   
17                                  0.623113                [0.53, 0.72]   
18                                  0.620574                [0.52, 0.72]   
19                                  0.500968                 [0.4, 0.62]   
20                                  0.550807                [0.45, 0.66]   
21                                  0.483682                 [0.38, 0.6]   
22                                  0.564402                [0.46, 0.67]   
23                                  0.451800                [0.35, 0.57]   
24                                  0.575408                [0.48, 0.68]   
25                                  0.604538                [0.51, 0.71]   
26                                  0.521092                [0.42, 0.63]   

    Transitivity Consistency Ratio (%)  
0                            73.275862  
1                            81.212121  
2                            43.589744  
3                            79.113924  
4                            80.000000  
5                            81.818182  
6                            82.424242  
7                            78.181818  
8                            71.153846  
9                            81.212121  
10                           50.000000  
11                           81.818182  
12                           79.393939  
13                           81.818182  
14                           81.212121  
15                           81.818182  
16                           81.818182  
17                           81.212121  
18                           81.818182  
19                           75.757576  
20                           81.212121  
21                           75.757576  
22                           79.393939  
23                           79.393939  
24                           78.787879  
25                           80.606061  
26                           80.606061  

Results have been saved to 'reliability_analysis.csv'
Author
10     0.154769
4      2.767368
0      8.964151
2     10.186894
6     10.638386
3     18.846617
1     21.929741
8     49.734856
5     53.408524
7     73.597312
9     99.902952
Name: Score, dtype: float64

Results have been saved to 'pagerank_results_balanced.csv'
Combined Results:
                                          Subcategory  \
0                                     Topic Relevance   
1                    Comprehensiveness of Information   
2                             Accuracy of Information   
3                        Innovativeness of Viewpoints   
4       Integration of Interdisciplinary Perspectives   
5                        Clarity of Logical Structure   
6               Reasonableness of Chapter Arrangement   
7              Quality of Introduction and Conclusion   
8              Accuracy and Completeness of Citations   
9              Timeliness and Relevance of References   
10   Avoidance of Plagiarism and Appropriate Citation   
11             Critical Analysis of Existing Research   
12   Proposal of New Research Directions or Questions   
13                Potential Contribution to the Field   
14             Clarity of Research Method Description   
15                    Rationality of Method Selection   
16                           Rigor of Research Design   
17               Inclusion of Latest Research Results   
18            Reflection of Current Research Hotspots   
19                     Fluency of Language Expression   
20    Appropriateness of Professional Terminology Use   
21                          Conciseness of Expression   
22  Practical Application Potential of Research Re...   
23                Feasibility of Proposed Suggestions   
24                             Logic of Argumentation   
25                   Multi-angle Analysis of Problems   
26  Identification and Discussion of Research Limi...   

    ICC (Intraclass Correlation Coefficient) ICC 95% Confidence Interval  \
0                                   0.448868                [0.35, 0.57]   
1                                   0.710768                [0.63, 0.79]   
2                                   0.353986                [0.26, 0.47]   
3                                   0.489441                [0.39, 0.61]   
4                                   0.620050                [0.52, 0.72]   
5                                   0.628578                [0.53, 0.73]   
6                                   0.646227                [0.55, 0.74]   
7                                   0.414129                [0.31, 0.53]   
8                                   0.589523                [0.49, 0.69]   
9                                   0.614391                [0.52, 0.72]   
10                                  0.202834                [0.13, 0.31]   
11                                  0.550405                [0.45, 0.66]   
12                                  0.412191                [0.31, 0.53]   
13                                  0.568837                [0.47, 0.68]   
14                                  0.593446                 [0.49, 0.7]   
15                                  0.590432                [0.49, 0.69]   
16                                  0.582771                [0.48, 0.69]   
17                                  0.623113                [0.53, 0.72]   
18                                  0.620574                [0.52, 0.72]   
19                                  0.500968                 [0.4, 0.62]   
20                                  0.550807                [0.45, 0.66]   
21                                  0.483682                 [0.38, 0.6]   
22                                  0.564402                [0.46, 0.67]   
23                                  0.451800                [0.35, 0.57]   
24                                  0.575408                [0.48, 0.68]   
25                                  0.604538                [0.51, 0.71]   
26                                  0.521092                [0.42, 0.63]   

    Transitivity Consistency Ratio (%)  
0                            73.275862  
1                            81.212121  
2                            43.589744  
3                            79.113924  
4                            80.000000  
5                            81.818182  
6                            82.424242  
7                            78.181818  
8                            71.153846  
9                            81.212121  
10                           50.000000  
11                           81.818182  
12                           79.393939  
13                           81.818182  
14                           81.212121  
15                           81.818182  
16                           81.818182  
17                           81.212121  
18                           81.818182  
19                           75.757576  
20                           81.212121  
21                           75.757576  
22                           79.393939  
23                           79.393939  
24                           78.787879  
25                           80.606061  
26                           80.606061  

Results have been saved to 'reliability_analysis.csv'
