Author
6      0.023513
8      9.668215
4     26.529748
10    38.290860
9     50.960973
7     82.144530
3     92.379328
2     92.504517
5     96.950038
0     99.367300
1     99.925469
Name: Score, dtype: float64

Results have been saved to 'pagerank_results_balanced.csv'
Combined Results:
                                          Subcategory  \
0                                     Topic Relevance   
1                    Comprehensiveness of Information   
2                             Accuracy of Information   
3                        Innovativeness of Viewpoints   
4       Integration of Interdisciplinary Perspectives   
5                        Clarity of Logical Structure   
6               Reasonableness of Chapter Arrangement   
7              Quality of Introduction and Conclusion   
8              Accuracy and Completeness of Citations   
9              Timeliness and Relevance of References   
10   Avoidance of Plagiarism and Appropriate Citation   
11             Critical Analysis of Existing Research   
12   Proposal of New Research Directions or Questions   
13                Potential Contribution to the Field   
14             Clarity of Research Method Description   
15                    Rationality of Method Selection   
16                           Rigor of Research Design   
17               Inclusion of Latest Research Results   
18            Reflection of Current Research Hotspots   
19                     Fluency of Language Expression   
20    Appropriateness of Professional Terminology Use   
21                          Conciseness of Expression   
22  Practical Application Potential of Research Re...   
23                Feasibility of Proposed Suggestions   
24                             Logic of Argumentation   
25                   Multi-angle Analysis of Problems   
26  Identification and Discussion of Research Limi...   

    ICC (Intraclass Correlation Coefficient) ICC 95% Confidence Interval  \
0                                   0.516677                [0.41, 0.63]   
1                                   0.742803                [0.66, 0.82]   
2                                   0.205760                [0.13, 0.31]   
3                                   0.561885                [0.46, 0.67]   
4                                   0.716451                 [0.63, 0.8]   
5                                   0.669389                [0.58, 0.76]   
6                                   0.651560                [0.56, 0.75]   
7                                   0.650766                [0.56, 0.75]   
8                                   0.258160                [0.17, 0.37]   
9                                   0.459332                [0.36, 0.58]   
10                                  0.083279                [0.03, 0.16]   
11                                  0.623491                [0.53, 0.72]   
12                                  0.476941                [0.37, 0.59]   
13                                  0.585769                [0.49, 0.69]   
14                                  0.655420                [0.56, 0.75]   
15                                  0.656595                [0.56, 0.75]   
16                                  0.639856                [0.54, 0.74]   
17                                  0.452798                [0.35, 0.57]   
18                                  0.621433                [0.52, 0.72]   
19                                  0.597947                  [0.5, 0.7]   
20                                  0.621456                [0.52, 0.72]   
21                                  0.568959                [0.47, 0.68]   
22                                  0.604558                [0.51, 0.71]   
23                                  0.605039                [0.51, 0.71]   
24                                  0.637562                [0.54, 0.73]   
25                                  0.677999                [0.59, 0.77]   
26                                  0.662348                [0.57, 0.75]   

    Transitivity Consistency Ratio (%)  
0                            83.030303  
1                            83.030303  
2                            87.878788  
3                            87.878788  
4                            81.818182  
5                            84.848485  
6                            80.606061  
7                            81.212121  
8                            82.424242  
9                            79.393939  
10                           84.242424  
11                           83.636364  
12                           84.242424  
13                           84.848485  
14                           84.242424  
15                           85.454545  
16                           85.454545  
17                           79.393939  
18                           83.030303  
19                           81.212121  
20                           81.818182  
21                           81.212121  
22                           83.636364  
23                           83.636364  
24                           83.030303  
25                           83.030303  
26                           83.030303  

Results have been saved to 'reliability_analysis.csv'
Author
6      0.759382
8     11.068668
4     25.389182
10    35.970089
9     43.180536
7     80.086454
2     92.039545
3     92.261887
5     96.824359
0     99.486592
1     99.931018
Name: Score, dtype: float64

Results have been saved to 'pagerank_results_balanced.csv'
Combined Results:
                                          Subcategory  \
0                                     Topic Relevance   
1                    Comprehensiveness of Information   
2                             Accuracy of Information   
3                        Innovativeness of Viewpoints   
4       Integration of Interdisciplinary Perspectives   
5                        Clarity of Logical Structure   
6               Reasonableness of Chapter Arrangement   
7              Quality of Introduction and Conclusion   
8              Accuracy and Completeness of Citations   
9              Timeliness and Relevance of References   
10   Avoidance of Plagiarism and Appropriate Citation   
11             Critical Analysis of Existing Research   
12   Proposal of New Research Directions or Questions   
13                Potential Contribution to the Field   
14             Clarity of Research Method Description   
15                    Rationality of Method Selection   
16                           Rigor of Research Design   
17               Inclusion of Latest Research Results   
18            Reflection of Current Research Hotspots   
19                     Fluency of Language Expression   
20    Appropriateness of Professional Terminology Use   
21                          Conciseness of Expression   
22  Practical Application Potential of Research Re...   
23                Feasibility of Proposed Suggestions   
24                             Logic of Argumentation   
25                   Multi-angle Analysis of Problems   
26  Identification and Discussion of Research Limi...   

    ICC (Intraclass Correlation Coefficient) ICC 95% Confidence Interval  \
0                                   0.516677                [0.41, 0.63]   
1                                   0.742803                [0.66, 0.82]   
2                                   0.205760                [0.13, 0.31]   
3                                   0.561885                [0.46, 0.67]   
4                                   0.716451                 [0.63, 0.8]   
5                                   0.669389                [0.58, 0.76]   
6                                   0.651560                [0.56, 0.75]   
7                                   0.650766                [0.56, 0.75]   
8                                   0.258160                [0.17, 0.37]   
9                                   0.459332                [0.36, 0.58]   
10                                  0.083279                [0.03, 0.16]   
11                                  0.623491                [0.53, 0.72]   
12                                  0.476941                [0.37, 0.59]   
13                                  0.585769                [0.49, 0.69]   
14                                  0.655420                [0.56, 0.75]   
15                                  0.656595                [0.56, 0.75]   
16                                  0.639856                [0.54, 0.74]   
17                                  0.452798                [0.35, 0.57]   
18                                  0.621433                [0.52, 0.72]   
19                                  0.597947                  [0.5, 0.7]   
20                                  0.621456                [0.52, 0.72]   
21                                  0.568959                [0.47, 0.68]   
22                                  0.604558                [0.51, 0.71]   
23                                  0.605039                [0.51, 0.71]   
24                                  0.637562                [0.54, 0.73]   
25                                  0.677999                [0.59, 0.77]   
26                                  0.662348                [0.57, 0.75]   

    Transitivity Consistency Ratio (%)  
0                            77.952756  
1                            83.030303  
2                            56.521739  
3                            87.878788  
4                            81.818182  
5                            84.848485  
6                            80.368098  
7                            80.503145  
8                            75.000000  
9                            79.393939  
10                           66.666667  
11                           83.636364  
12                           84.242424  
13                           84.848485  
14                           84.242424  
15                           85.454545  
16                           85.454545  
17                           79.393939  
18                           83.030303  
19                           80.503145  
20                           81.818182  
21                           80.503145  
22                           83.636364  
23                           83.636364  
24                           82.165605  
25                           83.030303  
26                           83.030303  

Results have been saved to 'reliability_analysis.csv'
Author
6      0.759382
8     11.068668
4     25.389182
10    35.970089
9     43.180536
7     80.086454
2     92.039545
3     92.261887
5     96.824359
0     99.486592
1     99.931018
Name: Score, dtype: float64

Results have been saved to 'pagerank_results_balanced.csv'
Combined Results:
                                          Subcategory  \
0                                     Topic Relevance   
1                    Comprehensiveness of Information   
2                             Accuracy of Information   
3                        Innovativeness of Viewpoints   
4       Integration of Interdisciplinary Perspectives   
5                        Clarity of Logical Structure   
6               Reasonableness of Chapter Arrangement   
7              Quality of Introduction and Conclusion   
8              Accuracy and Completeness of Citations   
9              Timeliness and Relevance of References   
10   Avoidance of Plagiarism and Appropriate Citation   
11             Critical Analysis of Existing Research   
12   Proposal of New Research Directions or Questions   
13                Potential Contribution to the Field   
14             Clarity of Research Method Description   
15                    Rationality of Method Selection   
16                           Rigor of Research Design   
17               Inclusion of Latest Research Results   
18            Reflection of Current Research Hotspots   
19                     Fluency of Language Expression   
20    Appropriateness of Professional Terminology Use   
21                          Conciseness of Expression   
22  Practical Application Potential of Research Re...   
23                Feasibility of Proposed Suggestions   
24                             Logic of Argumentation   
25                   Multi-angle Analysis of Problems   
26  Identification and Discussion of Research Limi...   

    ICC (Intraclass Correlation Coefficient) ICC 95% Confidence Interval  \
0                                   0.516677                [0.41, 0.63]   
1                                   0.742803                [0.66, 0.82]   
2                                   0.205760                [0.13, 0.31]   
3                                   0.561885                [0.46, 0.67]   
4                                   0.716451                 [0.63, 0.8]   
5                                   0.669389                [0.58, 0.76]   
6                                   0.651560                [0.56, 0.75]   
7                                   0.650766                [0.56, 0.75]   
8                                   0.258160                [0.17, 0.37]   
9                                   0.459332                [0.36, 0.58]   
10                                  0.083279                [0.03, 0.16]   
11                                  0.623491                [0.53, 0.72]   
12                                  0.476941                [0.37, 0.59]   
13                                  0.585769                [0.49, 0.69]   
14                                  0.655420                [0.56, 0.75]   
15                                  0.656595                [0.56, 0.75]   
16                                  0.639856                [0.54, 0.74]   
17                                  0.452798                [0.35, 0.57]   
18                                  0.621433                [0.52, 0.72]   
19                                  0.597947                  [0.5, 0.7]   
20                                  0.621456                [0.52, 0.72]   
21                                  0.568959                [0.47, 0.68]   
22                                  0.604558                [0.51, 0.71]   
23                                  0.605039                [0.51, 0.71]   
24                                  0.637562                [0.54, 0.73]   
25                                  0.677999                [0.59, 0.77]   
26                                  0.662348                [0.57, 0.75]   

    Transitivity Consistency Ratio (%)  
0                            77.952756  
1                            83.030303  
2                            56.521739  
3                            87.878788  
4                            81.818182  
5                            84.848485  
6                            80.368098  
7                            80.503145  
8                            75.000000  
9                            79.393939  
10                           66.666667  
11                           83.636364  
12                           84.242424  
13                           84.848485  
14                           84.242424  
15                           85.454545  
16                           85.454545  
17                           79.393939  
18                           83.030303  
19                           80.503145  
20                           81.818182  
21                           80.503145  
22                           83.636364  
23                           83.636364  
24                           82.165605  
25                           83.030303  
26                           83.030303  

Results have been saved to 'reliability_analysis.csv'
