Author
6      0.216544
4      0.641618
1      1.102889
3      3.484137
2     16.638266
0     17.097950
7     20.827140
5     24.976144
10    29.153197
8     34.856131
9     99.844287
Name: Score, dtype: float64

Results have been saved to 'pagerank_results_balanced.csv'
Combined Results:
                                          Subcategory  \
0                                     Topic Relevance   
1                    Comprehensiveness of Information   
2                             Accuracy of Information   
3                        Innovativeness of Viewpoints   
4       Integration of Interdisciplinary Perspectives   
5                        Clarity of Logical Structure   
6               Reasonableness of Chapter Arrangement   
7              Quality of Introduction and Conclusion   
8              Accuracy and Completeness of Citations   
9              Timeliness and Relevance of References   
10   Avoidance of Plagiarism and Appropriate Citation   
11             Critical Analysis of Existing Research   
12   Proposal of New Research Directions or Questions   
13                Potential Contribution to the Field   
14             Clarity of Research Method Description   
15                    Rationality of Method Selection   
16                           Rigor of Research Design   
17               Inclusion of Latest Research Results   
18            Reflection of Current Research Hotspots   
19                     Fluency of Language Expression   
20    Appropriateness of Professional Terminology Use   
21                          Conciseness of Expression   
22  Practical Application Potential of Research Re...   
23                Feasibility of Proposed Suggestions   
24                             Logic of Argumentation   
25                   Multi-angle Analysis of Problems   
26  Identification and Discussion of Research Limi...   

    ICC (Intraclass Correlation Coefficient) ICC 95% Confidence Interval  \
0                                   0.702369                [0.61, 0.79]   
1                                   0.871475                [0.82, 0.91]   
2                                   0.641411                [0.55, 0.74]   
3                                   0.694066                [0.61, 0.78]   
4                                   0.856316                  [0.8, 0.9]   
5                                   0.816974                [0.75, 0.87]   
6                                   0.804112                [0.74, 0.86]   
7                                   0.628802                [0.53, 0.73]   
8                                   0.627038                [0.53, 0.73]   
9                                   0.504527                 [0.4, 0.62]   
10                                  0.381859                 [0.28, 0.5]   
11                                  0.767896                [0.69, 0.84]   
12                                  0.357989                [0.26, 0.48]   
13                                  0.723381                 [0.64, 0.8]   
14                                  0.783605                [0.71, 0.85]   
15                                  0.785672                [0.71, 0.85]   
16                                  0.761661                [0.69, 0.83]   
17                                  0.546498                [0.44, 0.66]   
18                                  0.605881                [0.51, 0.71]   
19                                  0.607774                [0.51, 0.71]   
20                                  0.611439                [0.51, 0.71]   
21                                  0.513059                [0.41, 0.63]   
22                                  0.669659                [0.58, 0.76]   
23                                  0.331908                [0.24, 0.45]   
24                                  0.731447                [0.65, 0.81]   
25                                  0.751504                [0.67, 0.83]   
26                                  0.583962                [0.48, 0.69]   

    Transitivity Consistency Ratio (%)  
0                            84.242424  
1                            81.212121  
2                            84.848485  
3                            86.666667  
4                            81.212121  
5                            75.757576  
6                            75.151515  
7                            71.515152  
8                            86.666667  
9                            75.757576  
10                           86.666667  
11                           86.666667  
12                           86.666667  
13                           86.666667  
14                           78.787879  
15                           76.969697  
16                           72.727273  
17                           75.757576  
18                           76.969697  
19                           73.333333  
20                           80.606061  
21                           74.545455  
22                           86.666667  
23                           86.666667  
24                           75.151515  
25                           76.363636  
26                           75.757576  

Results have been saved to 'reliability_analysis.csv'
