Author
3     13.279734
6     13.445330
7     19.357711
1     22.588638
5     24.649748
0     26.709352
10    36.121553
8     55.198169
4     56.405173
2     83.438391
9     98.135840
Name: Score, dtype: float64

Results have been saved to 'pagerank_results_balanced.csv'
Combined Results:
                                          Subcategory  \
0                                     Topic Relevance   
1                    Comprehensiveness of Information   
2                             Accuracy of Information   
3                        Innovativeness of Viewpoints   
4       Integration of Interdisciplinary Perspectives   
5                        Clarity of Logical Structure   
6               Reasonableness of Chapter Arrangement   
7              Quality of Introduction and Conclusion   
8              Accuracy and Completeness of Citations   
9              Timeliness and Relevance of References   
10   Avoidance of Plagiarism and Appropriate Citation   
11             Critical Analysis of Existing Research   
12   Proposal of New Research Directions or Questions   
13                Potential Contribution to the Field   
14             Clarity of Research Method Description   
15                    Rationality of Method Selection   
16                           Rigor of Research Design   
17               Inclusion of Latest Research Results   
18            Reflection of Current Research Hotspots   
19                     Fluency of Language Expression   
20    Appropriateness of Professional Terminology Use   
21                          Conciseness of Expression   
22  Practical Application Potential of Research Re...   
23                Feasibility of Proposed Suggestions   
24                             Logic of Argumentation   
25                   Multi-angle Analysis of Problems   
26  Identification and Discussion of Research Limi...   

    ICC (Intraclass Correlation Coefficient) ICC 95% Confidence Interval  \
0                                   0.503245                 [0.4, 0.62]   
1                                   0.869300                [0.82, 0.91]   
2                                   0.422616                [0.32, 0.54]   
3                                   0.760846                [0.68, 0.83]   
4                                   0.761986                [0.68, 0.84]   
5                                   0.737335                [0.66, 0.81]   
6                                   0.747108                [0.67, 0.82]   
7                                   0.724670                [0.64, 0.81]   
8                                   0.511625                [0.41, 0.63]   
9                                   0.587578                [0.49, 0.69]   
10                                  0.262893                [0.18, 0.38]   
11                                  0.740266                [0.66, 0.82]   
12                                  0.690999                 [0.6, 0.78]   
13                                  0.704905                [0.62, 0.79]   
14                                  0.584189                [0.48, 0.69]   
15                                  0.576507                [0.48, 0.68]   
16                                  0.585535                [0.49, 0.69]   
17                                  0.608766                [0.51, 0.71]   
18                                  0.679278                [0.58, 0.77]   
19                                  0.679637                [0.59, 0.77]   
20                                  0.712455                 [0.63, 0.8]   
21                                  0.650091                [0.56, 0.75]   
22                                  0.678894                [0.59, 0.77]   
23                                  0.303091                [0.21, 0.42]   
24                                  0.710356                [0.62, 0.79]   
25                                  0.739317                [0.66, 0.82]   
26                                  0.556088                [0.46, 0.67]   

    Transitivity Consistency Ratio (%)  
0                            82.424242  
1                            73.939394  
2                            82.424242  
3                            78.787879  
4                            73.939394  
5                            73.333333  
6                            72.727273  
7                            75.757576  
8                            84.242424  
9                            72.727273  
10                           81.212121  
11                           77.575758  
12                           75.757576  
13                           74.545455  
14                           72.121212  
15                           72.121212  
16                           72.121212  
17                           72.727273  
18                           71.515152  
19                           75.757576  
20                           74.545455  
21                           73.939394  
22                           76.363636  
23                           81.212121  
24                           71.515152  
25                           73.333333  
26                           79.393939  

Results have been saved to 'reliability_analysis.csv'
Author
10    18.518519
6     27.523715
3     32.806276
7     38.054811
1     48.414224
0     58.108881
5     58.601861
8     70.115482
4     71.498723
2     80.426422
9     90.485923
Name: Score, dtype: float64

Results have been saved to 'pagerank_results_balanced.csv'
Combined Results:
                                          Subcategory  \
0                                     Topic Relevance   
1                    Comprehensiveness of Information   
2                             Accuracy of Information   
3                        Innovativeness of Viewpoints   
4       Integration of Interdisciplinary Perspectives   
5                        Clarity of Logical Structure   
6               Reasonableness of Chapter Arrangement   
7              Quality of Introduction and Conclusion   
8              Accuracy and Completeness of Citations   
9              Timeliness and Relevance of References   
10   Avoidance of Plagiarism and Appropriate Citation   
11             Critical Analysis of Existing Research   
12   Proposal of New Research Directions or Questions   
13                Potential Contribution to the Field   
14             Clarity of Research Method Description   
15                    Rationality of Method Selection   
16                           Rigor of Research Design   
17               Inclusion of Latest Research Results   
18            Reflection of Current Research Hotspots   
19                     Fluency of Language Expression   
20    Appropriateness of Professional Terminology Use   
21                          Conciseness of Expression   
22  Practical Application Potential of Research Re...   
23                Feasibility of Proposed Suggestions   
24                             Logic of Argumentation   
25                   Multi-angle Analysis of Problems   
26  Identification and Discussion of Research Limi...   

    ICC (Intraclass Correlation Coefficient) ICC 95% Confidence Interval  \
0                                   0.578361                [0.48, 0.68]   
1                                   0.906934                [0.87, 0.94]   
2                                   0.454977                [0.35, 0.57]   
3                                   0.855188                  [0.8, 0.9]   
4                                   0.847783                 [0.79, 0.9]   
5                                   0.827911                [0.77, 0.88]   
6                                   0.820650                [0.76, 0.88]   
7                                   0.804147                [0.74, 0.86]   
8                                   0.677147                [0.59, 0.77]   
9                                   0.714670                 [0.63, 0.8]   
10                                  0.379342                 [0.28, 0.5]   
11                                  0.824163                [0.76, 0.88]   
12                                  0.811905                [0.75, 0.87]   
13                                  0.836467                [0.78, 0.89]   
14                                  0.655661                [0.56, 0.75]   
15                                  0.648226                [0.55, 0.74]   
16                                  0.642129                [0.55, 0.74]   
17                                  0.747074                [0.67, 0.82]   
18                                  0.789476                [0.72, 0.85]   
19                                  0.728986                [0.65, 0.81]   
20                                  0.763577                [0.69, 0.83]   
21                                  0.682605                [0.59, 0.77]   
22                                  0.804093                [0.74, 0.86]   
23                                  0.530320                [0.43, 0.64]   
24                                  0.796085                [0.73, 0.86]   
25                                  0.822927                [0.76, 0.88]   
26                                  0.652538                [0.56, 0.75]   

    Transitivity Consistency Ratio (%)  
0                            83.030303  
1                            73.333333  
2                            81.818182  
3                            73.939394  
4                            74.545455  
5                            72.727273  
6                            72.121212  
7                            72.727273  
8                            83.030303  
9                            71.515152  
10                           82.424242  
11                           72.727273  
12                           73.939394  
13                           73.333333  
14                           70.303030  
15                           70.303030  
16                           70.303030  
17                           71.515152  
18                           70.303030  
19                           72.727273  
20                           72.121212  
21                           73.939394  
22                           72.727273  
23                           76.969697  
24                           72.727273  
25                           73.939394  
26                           73.939394  

Results have been saved to 'reliability_analysis.csv'
Author
10    18.518519
6     27.523715
3     32.806276
7     38.054811
1     48.414224
0     58.108881
5     58.601861
8     70.115482
4     71.498723
2     80.426422
9     90.485923
Name: Score, dtype: float64

Results have been saved to 'pagerank_results_balanced.csv'
Combined Results:
                                          Subcategory  \
0                                     Topic Relevance   
1                    Comprehensiveness of Information   
2                             Accuracy of Information   
3                        Innovativeness of Viewpoints   
4       Integration of Interdisciplinary Perspectives   
5                        Clarity of Logical Structure   
6               Reasonableness of Chapter Arrangement   
7              Quality of Introduction and Conclusion   
8              Accuracy and Completeness of Citations   
9              Timeliness and Relevance of References   
10   Avoidance of Plagiarism and Appropriate Citation   
11             Critical Analysis of Existing Research   
12   Proposal of New Research Directions or Questions   
13                Potential Contribution to the Field   
14             Clarity of Research Method Description   
15                    Rationality of Method Selection   
16                           Rigor of Research Design   
17               Inclusion of Latest Research Results   
18            Reflection of Current Research Hotspots   
19                     Fluency of Language Expression   
20    Appropriateness of Professional Terminology Use   
21                          Conciseness of Expression   
22  Practical Application Potential of Research Re...   
23                Feasibility of Proposed Suggestions   
24                             Logic of Argumentation   
25                   Multi-angle Analysis of Problems   
26  Identification and Discussion of Research Limi...   

    ICC (Intraclass Correlation Coefficient) ICC 95% Confidence Interval  \
0                                   0.578361                [0.48, 0.68]   
1                                   0.906934                [0.87, 0.94]   
2                                   0.454977                [0.35, 0.57]   
3                                   0.855188                  [0.8, 0.9]   
4                                   0.847783                 [0.79, 0.9]   
5                                   0.827911                [0.77, 0.88]   
6                                   0.820650                [0.76, 0.88]   
7                                   0.804147                [0.74, 0.86]   
8                                   0.677147                [0.59, 0.77]   
9                                   0.714670                 [0.63, 0.8]   
10                                  0.379342                 [0.28, 0.5]   
11                                  0.824163                [0.76, 0.88]   
12                                  0.811905                [0.75, 0.87]   
13                                  0.836467                [0.78, 0.89]   
14                                  0.655661                [0.56, 0.75]   
15                                  0.648226                [0.55, 0.74]   
16                                  0.642129                [0.55, 0.74]   
17                                  0.747074                [0.67, 0.82]   
18                                  0.789476                [0.72, 0.85]   
19                                  0.728986                [0.65, 0.81]   
20                                  0.763577                [0.69, 0.83]   
21                                  0.682605                [0.59, 0.77]   
22                                  0.804093                [0.74, 0.86]   
23                                  0.530320                [0.43, 0.64]   
24                                  0.796085                [0.73, 0.86]   
25                                  0.822927                [0.76, 0.88]   
26                                  0.652538                [0.56, 0.75]   

    Transitivity Consistency Ratio (%)  
0                            83.030303  
1                            73.333333  
2                            81.818182  
3                            73.939394  
4                            74.545455  
5                            72.727273  
6                            72.121212  
7                            72.727273  
8                            83.030303  
9                            71.515152  
10                           82.424242  
11                           72.727273  
12                           73.939394  
13                           73.333333  
14                           70.303030  
15                           70.303030  
16                           70.303030  
17                           71.515152  
18                           70.303030  
19                           72.727273  
20                           72.121212  
21                           73.939394  
22                           72.727273  
23                           76.969697  
24                           72.727273  
25                           73.939394  
26                           73.939394  

Results have been saved to 'reliability_analysis.csv'
Author
10     0.000000
6     26.694756
7     32.293822
3     34.405831
1     47.938813
5     50.405006
0     68.375032
8     82.228893
4     86.580354
2     96.569695
9     99.951148
Name: Score, dtype: float64

Results have been saved to 'pagerank_results_balanced.csv'
Combined Results:
                                          Subcategory  \
0                                     Topic Relevance   
1                    Comprehensiveness of Information   
2                             Accuracy of Information   
3                        Innovativeness of Viewpoints   
4       Integration of Interdisciplinary Perspectives   
5                        Clarity of Logical Structure   
6               Reasonableness of Chapter Arrangement   
7              Quality of Introduction and Conclusion   
8              Accuracy and Completeness of Citations   
9              Timeliness and Relevance of References   
10   Avoidance of Plagiarism and Appropriate Citation   
11             Critical Analysis of Existing Research   
12   Proposal of New Research Directions or Questions   
13                Potential Contribution to the Field   
14             Clarity of Research Method Description   
15                    Rationality of Method Selection   
16                           Rigor of Research Design   
17               Inclusion of Latest Research Results   
18            Reflection of Current Research Hotspots   
19                     Fluency of Language Expression   
20    Appropriateness of Professional Terminology Use   
21                          Conciseness of Expression   
22  Practical Application Potential of Research Re...   
23                Feasibility of Proposed Suggestions   
24                             Logic of Argumentation   
25                   Multi-angle Analysis of Problems   
26  Identification and Discussion of Research Limi...   

    ICC (Intraclass Correlation Coefficient) ICC 95% Confidence Interval  \
0                                   0.578361                [0.48, 0.68]   
1                                   0.906934                [0.87, 0.94]   
2                                   0.454977                [0.35, 0.57]   
3                                   0.855188                  [0.8, 0.9]   
4                                   0.847783                 [0.79, 0.9]   
5                                   0.827911                [0.77, 0.88]   
6                                   0.820650                [0.76, 0.88]   
7                                   0.804147                [0.74, 0.86]   
8                                   0.677147                [0.59, 0.77]   
9                                   0.714670                 [0.63, 0.8]   
10                                  0.379342                 [0.28, 0.5]   
11                                  0.824163                [0.76, 0.88]   
12                                  0.811905                [0.75, 0.87]   
13                                  0.836467                [0.78, 0.89]   
14                                  0.655661                [0.56, 0.75]   
15                                  0.648226                [0.55, 0.74]   
16                                  0.642129                [0.55, 0.74]   
17                                  0.747074                [0.67, 0.82]   
18                                  0.789476                [0.72, 0.85]   
19                                  0.728986                [0.65, 0.81]   
20                                  0.763577                [0.69, 0.83]   
21                                  0.682605                [0.59, 0.77]   
22                                  0.804093                [0.74, 0.86]   
23                                  0.530320                [0.43, 0.64]   
24                                  0.796085                [0.73, 0.86]   
25                                  0.822927                [0.76, 0.88]   
26                                  0.652538                [0.56, 0.75]   

    Transitivity Consistency Ratio (%)  
0                            57.575758  
1                            73.333333  
2                            51.612903  
3                            73.939394  
4                            73.248408  
5                            72.727273  
6                            72.121212  
7                            72.727273  
8                            53.333333  
9                            71.515152  
10                           50.847458  
11                           72.049689  
12                           73.939394  
13                           73.333333  
14                           69.565217  
15                           69.565217  
16                           69.565217  
17                           71.515152  
18                           69.565217  
19                           72.727273  
20                           72.121212  
21                           73.939394  
22                           72.049689  
23                           76.397516  
24                           72.727273  
25                           73.939394  
26                           73.939394  

Results have been saved to 'reliability_analysis.csv'
Author
10     0.000000
6     26.694756
7     32.293822
3     34.405831
1     47.938813
5     50.405006
0     68.375032
8     82.228893
4     86.580354
2     96.569695
9     99.951148
Name: Score, dtype: float64

Results have been saved to 'pagerank_results_balanced.csv'
Combined Results:
                                          Subcategory  \
0                                     Topic Relevance   
1                    Comprehensiveness of Information   
2                             Accuracy of Information   
3                        Innovativeness of Viewpoints   
4       Integration of Interdisciplinary Perspectives   
5                        Clarity of Logical Structure   
6               Reasonableness of Chapter Arrangement   
7              Quality of Introduction and Conclusion   
8              Accuracy and Completeness of Citations   
9              Timeliness and Relevance of References   
10   Avoidance of Plagiarism and Appropriate Citation   
11             Critical Analysis of Existing Research   
12   Proposal of New Research Directions or Questions   
13                Potential Contribution to the Field   
14             Clarity of Research Method Description   
15                    Rationality of Method Selection   
16                           Rigor of Research Design   
17               Inclusion of Latest Research Results   
18            Reflection of Current Research Hotspots   
19                     Fluency of Language Expression   
20    Appropriateness of Professional Terminology Use   
21                          Conciseness of Expression   
22  Practical Application Potential of Research Re...   
23                Feasibility of Proposed Suggestions   
24                             Logic of Argumentation   
25                   Multi-angle Analysis of Problems   
26  Identification and Discussion of Research Limi...   

    ICC (Intraclass Correlation Coefficient) ICC 95% Confidence Interval  \
0                                   0.578361                [0.48, 0.68]   
1                                   0.906934                [0.87, 0.94]   
2                                   0.454977                [0.35, 0.57]   
3                                   0.855188                  [0.8, 0.9]   
4                                   0.847783                 [0.79, 0.9]   
5                                   0.827911                [0.77, 0.88]   
6                                   0.820650                [0.76, 0.88]   
7                                   0.804147                [0.74, 0.86]   
8                                   0.677147                [0.59, 0.77]   
9                                   0.714670                 [0.63, 0.8]   
10                                  0.379342                 [0.28, 0.5]   
11                                  0.824163                [0.76, 0.88]   
12                                  0.811905                [0.75, 0.87]   
13                                  0.836467                [0.78, 0.89]   
14                                  0.655661                [0.56, 0.75]   
15                                  0.648226                [0.55, 0.74]   
16                                  0.642129                [0.55, 0.74]   
17                                  0.747074                [0.67, 0.82]   
18                                  0.789476                [0.72, 0.85]   
19                                  0.728986                [0.65, 0.81]   
20                                  0.763577                [0.69, 0.83]   
21                                  0.682605                [0.59, 0.77]   
22                                  0.804093                [0.74, 0.86]   
23                                  0.530320                [0.43, 0.64]   
24                                  0.796085                [0.73, 0.86]   
25                                  0.822927                [0.76, 0.88]   
26                                  0.652538                [0.56, 0.75]   

    Transitivity Consistency Ratio (%)  
0                            57.575758  
1                            73.333333  
2                            51.612903  
3                            73.939394  
4                            73.248408  
5                            72.727273  
6                            72.121212  
7                            72.727273  
8                            53.333333  
9                            71.515152  
10                           50.847458  
11                           72.049689  
12                           73.939394  
13                           73.333333  
14                           69.565217  
15                           69.565217  
16                           69.565217  
17                           71.515152  
18                           69.565217  
19                           72.727273  
20                           72.121212  
21                           73.939394  
22                           72.049689  
23                           76.397516  
24                           72.727273  
25                           73.939394  
26                           73.939394  

Results have been saved to 'reliability_analysis.csv'
