Author
10     3.519100
3     21.842458
2     29.153965
5     36.588807
0     43.433009
1     46.027000
4     66.621880
7     77.396582
8     77.699551
6     88.320614
9     96.267621
Name: Score, dtype: float64

Results have been saved to 'pagerank_results_balanced.csv'
Combined Results:
                                          Subcategory  \
0                                     Topic Relevance   
1                    Comprehensiveness of Information   
2                             Accuracy of Information   
3                        Innovativeness of Viewpoints   
4       Integration of Interdisciplinary Perspectives   
5                        Clarity of Logical Structure   
6               Reasonableness of Chapter Arrangement   
7              Quality of Introduction and Conclusion   
8              Accuracy and Completeness of Citations   
9              Timeliness and Relevance of References   
10   Avoidance of Plagiarism and Appropriate Citation   
11             Critical Analysis of Existing Research   
12   Proposal of New Research Directions or Questions   
13                Potential Contribution to the Field   
14             Clarity of Research Method Description   
15                    Rationality of Method Selection   
16                           Rigor of Research Design   
17               Inclusion of Latest Research Results   
18            Reflection of Current Research Hotspots   
19                     Fluency of Language Expression   
20    Appropriateness of Professional Terminology Use   
21                          Conciseness of Expression   
22  Practical Application Potential of Research Re...   
23                Feasibility of Proposed Suggestions   
24                             Logic of Argumentation   
25                   Multi-angle Analysis of Problems   
26  Identification and Discussion of Research Limi...   

    ICC (Intraclass Correlation Coefficient) ICC 95% Confidence Interval  \
0                                   0.749048                [0.67, 0.82]   
1                                   0.883633                [0.84, 0.92]   
2                                   0.505381                 [0.4, 0.62]   
3                                   0.768370                [0.69, 0.84]   
4                                   0.816057                [0.73, 0.88]   
5                                   0.818570                [0.75, 0.88]   
6                                   0.805605                [0.74, 0.87]   
7                                   0.764475                [0.69, 0.84]   
8                                   0.659751                [0.57, 0.75]   
9                                   0.670151                [0.58, 0.76]   
10                                  0.282215                 [0.19, 0.4]   
11                                  0.787811                [0.72, 0.85]   
12                                  0.711730                [0.63, 0.79]   
13                                  0.785599                [0.71, 0.85]   
14                                  0.727036                [0.64, 0.81]   
15                                  0.723188                 [0.64, 0.8]   
16                                  0.722178                 [0.64, 0.8]   
17                                  0.711687                [0.63, 0.79]   
18                                  0.733147                [0.65, 0.81]   
19                                  0.666930                [0.57, 0.76]   
20                                  0.638707                [0.54, 0.74]   
21                                  0.540574                [0.44, 0.65]   
22                                  0.779604                [0.71, 0.85]   
23                                  0.544591                [0.44, 0.65]   
24                                  0.786601                [0.72, 0.85]   
25                                  0.783011                [0.71, 0.85]   
26                                  0.737114                [0.66, 0.81]   

    Transitivity Consistency Ratio (%)  
0                            86.060606  
1                            84.242424  
2                            87.272727  
3                            84.242424  
4                            79.393939  
5                            75.757576  
6                            76.969697  
7                            82.424242  
8                            87.272727  
9                            79.393939  
10                           86.666667  
11                           86.060606  
12                           86.060606  
13                           86.060606  
14                           79.393939  
15                           79.393939  
16                           79.393939  
17                           79.393939  
18                           79.393939  
19                           75.757576  
20                           79.393939  
21                           80.606061  
22                           86.060606  
23                           86.666667  
24                           78.181818  
25                           79.393939  
26                           79.393939  

Results have been saved to 'reliability_analysis.csv'
Author
10     3.519100
3     21.842458
2     29.153965
5     36.588807
0     43.433009
1     46.027000
4     66.621880
7     77.396582
8     77.699551
6     88.320614
9     96.267621
Name: Score, dtype: float64

Results have been saved to 'pagerank_results_balanced.csv'
Combined Results:
                                          Subcategory  \
0                                     Topic Relevance   
1                    Comprehensiveness of Information   
2                             Accuracy of Information   
3                        Innovativeness of Viewpoints   
4       Integration of Interdisciplinary Perspectives   
5                        Clarity of Logical Structure   
6               Reasonableness of Chapter Arrangement   
7              Quality of Introduction and Conclusion   
8              Accuracy and Completeness of Citations   
9              Timeliness and Relevance of References   
10   Avoidance of Plagiarism and Appropriate Citation   
11             Critical Analysis of Existing Research   
12   Proposal of New Research Directions or Questions   
13                Potential Contribution to the Field   
14             Clarity of Research Method Description   
15                    Rationality of Method Selection   
16                           Rigor of Research Design   
17               Inclusion of Latest Research Results   
18            Reflection of Current Research Hotspots   
19                     Fluency of Language Expression   
20    Appropriateness of Professional Terminology Use   
21                          Conciseness of Expression   
22  Practical Application Potential of Research Re...   
23                Feasibility of Proposed Suggestions   
24                             Logic of Argumentation   
25                   Multi-angle Analysis of Problems   
26  Identification and Discussion of Research Limi...   

    ICC (Intraclass Correlation Coefficient) ICC 95% Confidence Interval  \
0                                   0.749048                [0.67, 0.82]   
1                                   0.883633                [0.84, 0.92]   
2                                   0.505381                 [0.4, 0.62]   
3                                   0.768370                [0.69, 0.84]   
4                                   0.816057                [0.73, 0.88]   
5                                   0.818570                [0.75, 0.88]   
6                                   0.805605                [0.74, 0.87]   
7                                   0.764475                [0.69, 0.84]   
8                                   0.659751                [0.57, 0.75]   
9                                   0.670151                [0.58, 0.76]   
10                                  0.282215                 [0.19, 0.4]   
11                                  0.787811                [0.72, 0.85]   
12                                  0.711730                [0.63, 0.79]   
13                                  0.785599                [0.71, 0.85]   
14                                  0.727036                [0.64, 0.81]   
15                                  0.723188                 [0.64, 0.8]   
16                                  0.722178                 [0.64, 0.8]   
17                                  0.711687                [0.63, 0.79]   
18                                  0.733147                [0.65, 0.81]   
19                                  0.666930                [0.57, 0.76]   
20                                  0.638707                [0.54, 0.74]   
21                                  0.540574                [0.44, 0.65]   
22                                  0.779604                [0.71, 0.85]   
23                                  0.544591                [0.44, 0.65]   
24                                  0.786601                [0.72, 0.85]   
25                                  0.783011                [0.71, 0.85]   
26                                  0.737114                [0.66, 0.81]   

    Transitivity Consistency Ratio (%)  
0                            86.060606  
1                            84.242424  
2                            87.272727  
3                            84.242424  
4                            79.393939  
5                            75.757576  
6                            76.969697  
7                            82.424242  
8                            87.272727  
9                            79.393939  
10                           86.666667  
11                           86.060606  
12                           86.060606  
13                           86.060606  
14                           79.393939  
15                           79.393939  
16                           79.393939  
17                           79.393939  
18                           79.393939  
19                           75.757576  
20                           79.393939  
21                           80.606061  
22                           86.060606  
23                           86.666667  
24                           78.181818  
25                           79.393939  
26                           79.393939  

Results have been saved to 'reliability_analysis.csv'
Author
10     0.000000
3     20.000214
2     28.778375
5     37.714657
0     43.845211
1     47.731784
4     67.758681
7     78.753564
8     79.193889
6     88.453888
9     99.974747
Name: Score, dtype: float64

Results have been saved to 'pagerank_results_balanced.csv'
Combined Results:
                                          Subcategory  \
0                                     Topic Relevance   
1                    Comprehensiveness of Information   
2                             Accuracy of Information   
3                        Innovativeness of Viewpoints   
4       Integration of Interdisciplinary Perspectives   
5                        Clarity of Logical Structure   
6               Reasonableness of Chapter Arrangement   
7              Quality of Introduction and Conclusion   
8              Accuracy and Completeness of Citations   
9              Timeliness and Relevance of References   
10   Avoidance of Plagiarism and Appropriate Citation   
11             Critical Analysis of Existing Research   
12   Proposal of New Research Directions or Questions   
13                Potential Contribution to the Field   
14             Clarity of Research Method Description   
15                    Rationality of Method Selection   
16                           Rigor of Research Design   
17               Inclusion of Latest Research Results   
18            Reflection of Current Research Hotspots   
19                     Fluency of Language Expression   
20    Appropriateness of Professional Terminology Use   
21                          Conciseness of Expression   
22  Practical Application Potential of Research Re...   
23                Feasibility of Proposed Suggestions   
24                             Logic of Argumentation   
25                   Multi-angle Analysis of Problems   
26  Identification and Discussion of Research Limi...   

    ICC (Intraclass Correlation Coefficient) ICC 95% Confidence Interval  \
0                                   0.749048                [0.67, 0.82]   
1                                   0.883633                [0.84, 0.92]   
2                                   0.505381                 [0.4, 0.62]   
3                                   0.768370                [0.69, 0.84]   
4                                   0.816057                [0.73, 0.88]   
5                                   0.818570                [0.75, 0.88]   
6                                   0.805605                [0.74, 0.87]   
7                                   0.764475                [0.69, 0.84]   
8                                   0.659751                [0.57, 0.75]   
9                                   0.670151                [0.58, 0.76]   
10                                  0.282215                 [0.19, 0.4]   
11                                  0.787811                [0.72, 0.85]   
12                                  0.711730                [0.63, 0.79]   
13                                  0.785599                [0.71, 0.85]   
14                                  0.727036                [0.64, 0.81]   
15                                  0.723188                 [0.64, 0.8]   
16                                  0.722178                 [0.64, 0.8]   
17                                  0.711687                [0.63, 0.79]   
18                                  0.733147                [0.65, 0.81]   
19                                  0.666930                [0.57, 0.76]   
20                                  0.638707                [0.54, 0.74]   
21                                  0.540574                [0.44, 0.65]   
22                                  0.779604                [0.71, 0.85]   
23                                  0.544591                [0.44, 0.65]   
24                                  0.786601                [0.72, 0.85]   
25                                  0.783011                [0.71, 0.85]   
26                                  0.737114                [0.66, 0.81]   

    Transitivity Consistency Ratio (%)  
0                            20.689655  
1                            84.242424  
2                            30.000000  
3                            84.242424  
4                            79.393939  
5                            75.757576  
6                            76.969697  
7                            82.424242  
8                            36.363636  
9                            79.393939  
10                           21.428571  
11                           86.060606  
12                           86.060606  
13                           86.060606  
14                           79.393939  
15                           79.393939  
16                           79.393939  
17                           79.393939  
18                           79.393939  
19                           75.757576  
20                           79.393939  
21                           80.606061  
22                           86.060606  
23                           86.666667  
24                           78.181818  
25                           79.393939  
26                           79.393939  

Results have been saved to 'reliability_analysis.csv'
Author
10     0.000000
3     20.000214
2     28.778375
5     37.714657
0     43.845211
1     47.731784
4     67.758681
7     78.753564
8     79.193889
6     88.453888
9     99.974747
Name: Score, dtype: float64

Results have been saved to 'pagerank_results_balanced.csv'
Combined Results:
                                          Subcategory  \
0                                     Topic Relevance   
1                    Comprehensiveness of Information   
2                             Accuracy of Information   
3                        Innovativeness of Viewpoints   
4       Integration of Interdisciplinary Perspectives   
5                        Clarity of Logical Structure   
6               Reasonableness of Chapter Arrangement   
7              Quality of Introduction and Conclusion   
8              Accuracy and Completeness of Citations   
9              Timeliness and Relevance of References   
10   Avoidance of Plagiarism and Appropriate Citation   
11             Critical Analysis of Existing Research   
12   Proposal of New Research Directions or Questions   
13                Potential Contribution to the Field   
14             Clarity of Research Method Description   
15                    Rationality of Method Selection   
16                           Rigor of Research Design   
17               Inclusion of Latest Research Results   
18            Reflection of Current Research Hotspots   
19                     Fluency of Language Expression   
20    Appropriateness of Professional Terminology Use   
21                          Conciseness of Expression   
22  Practical Application Potential of Research Re...   
23                Feasibility of Proposed Suggestions   
24                             Logic of Argumentation   
25                   Multi-angle Analysis of Problems   
26  Identification and Discussion of Research Limi...   

    ICC (Intraclass Correlation Coefficient) ICC 95% Confidence Interval  \
0                                   0.749048                [0.67, 0.82]   
1                                   0.883633                [0.84, 0.92]   
2                                   0.505381                 [0.4, 0.62]   
3                                   0.768370                [0.69, 0.84]   
4                                   0.816057                [0.73, 0.88]   
5                                   0.818570                [0.75, 0.88]   
6                                   0.805605                [0.74, 0.87]   
7                                   0.764475                [0.69, 0.84]   
8                                   0.659751                [0.57, 0.75]   
9                                   0.670151                [0.58, 0.76]   
10                                  0.282215                 [0.19, 0.4]   
11                                  0.787811                [0.72, 0.85]   
12                                  0.711730                [0.63, 0.79]   
13                                  0.785599                [0.71, 0.85]   
14                                  0.727036                [0.64, 0.81]   
15                                  0.723188                 [0.64, 0.8]   
16                                  0.722178                 [0.64, 0.8]   
17                                  0.711687                [0.63, 0.79]   
18                                  0.733147                [0.65, 0.81]   
19                                  0.666930                [0.57, 0.76]   
20                                  0.638707                [0.54, 0.74]   
21                                  0.540574                [0.44, 0.65]   
22                                  0.779604                [0.71, 0.85]   
23                                  0.544591                [0.44, 0.65]   
24                                  0.786601                [0.72, 0.85]   
25                                  0.783011                [0.71, 0.85]   
26                                  0.737114                [0.66, 0.81]   

    Transitivity Consistency Ratio (%)  
0                            20.689655  
1                            84.242424  
2                            30.000000  
3                            84.242424  
4                            79.393939  
5                            75.757576  
6                            76.969697  
7                            82.424242  
8                            36.363636  
9                            79.393939  
10                           21.428571  
11                           86.060606  
12                           86.060606  
13                           86.060606  
14                           79.393939  
15                           79.393939  
16                           79.393939  
17                           79.393939  
18                           79.393939  
19                           75.757576  
20                           79.393939  
21                           80.606061  
22                           86.060606  
23                           86.666667  
24                           78.181818  
25                           79.393939  
26                           79.393939  

Results have been saved to 'reliability_analysis.csv'
