Author
6       1.142356
8       1.636087
10      3.066190
1       7.242998
4       7.773876
2      12.201805
0      38.904748
5      76.830146
3      77.343956
7      85.719821
9     100.000000
Name: Score, dtype: float64

Results have been saved to 'pagerank_results_balanced.csv'
Combined Results:
                                          Subcategory  \
0                                     Topic Relevance   
1                    Comprehensiveness of Information   
2                             Accuracy of Information   
3                        Innovativeness of Viewpoints   
4       Integration of Interdisciplinary Perspectives   
5                        Clarity of Logical Structure   
6               Reasonableness of Chapter Arrangement   
7              Quality of Introduction and Conclusion   
8              Accuracy and Completeness of Citations   
9              Timeliness and Relevance of References   
10   Avoidance of Plagiarism and Appropriate Citation   
11             Critical Analysis of Existing Research   
12   Proposal of New Research Directions or Questions   
13                Potential Contribution to the Field   
14             Clarity of Research Method Description   
15                    Rationality of Method Selection   
16                           Rigor of Research Design   
17               Inclusion of Latest Research Results   
18            Reflection of Current Research Hotspots   
19                     Fluency of Language Expression   
20    Appropriateness of Professional Terminology Use   
21                          Conciseness of Expression   
22  Practical Application Potential of Research Re...   
23                Feasibility of Proposed Suggestions   
24                             Logic of Argumentation   
25                   Multi-angle Analysis of Problems   
26  Identification and Discussion of Research Limi...   

    ICC (Intraclass Correlation Coefficient) ICC 95% Confidence Interval  \
0                                   0.353998                [0.26, 0.47]   
1                                   0.804390                [0.74, 0.87]   
2                                   0.302092                [0.21, 0.42]   
3                                   0.811943                [0.75, 0.87]   
4                                   0.813176                [0.75, 0.87]   
5                                   0.737181                [0.65, 0.81]   
6                                   0.731062                [0.65, 0.81]   
7                                   0.709078                [0.62, 0.79]   
8                                   0.593171                 [0.49, 0.7]   
9                                   0.765628                [0.69, 0.84]   
10                                  0.237965                [0.16, 0.35]   
11                                  0.791131                [0.72, 0.86]   
12                                  0.752735                [0.67, 0.83]   
13                                  0.790189                [0.72, 0.85]   
14                                  0.778929                [0.71, 0.85]   
15                                  0.788912                [0.72, 0.85]   
16                                  0.777960                [0.71, 0.85]   
17                                  0.768209                [0.69, 0.84]   
18                                  0.760238                [0.68, 0.83]   
19                                  0.698127                [0.61, 0.78]   
20                                  0.706271                [0.62, 0.79]   
21                                  0.655389                [0.56, 0.75]   
22                                  0.779100                [0.71, 0.85]   
23                                  0.763034                [0.69, 0.83]   
24                                  0.754840                [0.68, 0.83]   
25                                  0.757584                [0.68, 0.83]   
26                                  0.759043                [0.68, 0.83]   

    Transitivity Consistency Ratio (%)  
0                            88.484848  
1                            74.545455  
2                            80.000000  
3                            73.939394  
4                            73.939394  
5                            74.545455  
6                            71.515152  
7                            75.757576  
8                            72.121212  
9                            73.939394  
10                           81.818182  
11                           73.939394  
12                           73.939394  
13                           73.939394  
14                           75.151515  
15                           75.151515  
16                           75.151515  
17                           73.939394  
18                           73.939394  
19                           75.757576  
20                           78.181818  
21                           74.545455  
22                           73.939394  
23                           73.939394  
24                           75.757576  
25                           75.757576  
26                           75.757576  

Results have been saved to 'reliability_analysis.csv'
Author
1     29.967568
2     38.731320
9     39.315814
0     56.244828
7     61.088752
8     62.753285
4     64.386452
10    64.913130
5     67.012194
3     77.693213
6     80.179532
Name: Score, dtype: float64

Results have been saved to 'pagerank_results_balanced.csv'
Combined Results:
                                          Subcategory  \
0                                     Topic Relevance   
1                    Comprehensiveness of Information   
2                             Accuracy of Information   
3                        Innovativeness of Viewpoints   
4       Integration of Interdisciplinary Perspectives   
5                        Clarity of Logical Structure   
6               Reasonableness of Chapter Arrangement   
7              Quality of Introduction and Conclusion   
8              Accuracy and Completeness of Citations   
9              Timeliness and Relevance of References   
10   Avoidance of Plagiarism and Appropriate Citation   
11             Critical Analysis of Existing Research   
12   Proposal of New Research Directions or Questions   
13                Potential Contribution to the Field   
14             Clarity of Research Method Description   
15                    Rationality of Method Selection   
16                           Rigor of Research Design   
17               Inclusion of Latest Research Results   
18            Reflection of Current Research Hotspots   
19                     Fluency of Language Expression   
20    Appropriateness of Professional Terminology Use   
21                          Conciseness of Expression   
22  Practical Application Potential of Research Re...   
23                Feasibility of Proposed Suggestions   
24                             Logic of Argumentation   
25                   Multi-angle Analysis of Problems   
26  Identification and Discussion of Research Limi...   

    ICC (Intraclass Correlation Coefficient) ICC 95% Confidence Interval  \
0                                   0.714932                 [0.63, 0.8]   
1                                   0.866174                [0.82, 0.91]   
2                                   0.555813                [0.46, 0.66]   
3                                   0.852392                  [0.8, 0.9]   
4                                   0.858537                 [0.81, 0.9]   
5                                   0.855340                  [0.8, 0.9]   
6                                   0.841121                [0.78, 0.89]   
7                                   0.818225                [0.76, 0.87]   
8                                   0.694093                [0.61, 0.78]   
9                                   0.710729                [0.63, 0.79]   
10                                  0.520709                [0.42, 0.63]   
11                                  0.852778                  [0.8, 0.9]   
12                                  0.808448                [0.74, 0.87]   
13                                  0.799090                [0.73, 0.86]   
14                                  0.725149                 [0.64, 0.8]   
15                                  0.731499                [0.65, 0.81]   
16                                  0.690154                 [0.6, 0.78]   
17                                  0.724168                 [0.64, 0.8]   
18                                  0.712176                [0.63, 0.79]   
19                                  0.765912                [0.69, 0.84]   
20                                  0.760941                [0.68, 0.83]   
21                                  0.749022                [0.67, 0.82]   
22                                  0.769861                 [0.7, 0.84]   
23                                  0.695786                [0.61, 0.78]   
24                                  0.826613                [0.77, 0.88]   
25                                  0.810341                [0.75, 0.87]   
26                                  0.681505                [0.59, 0.77]   

    Transitivity Consistency Ratio (%)  
0                            86.060606  
1                            72.121212  
2                            80.000000  
3                            73.939394  
4                            73.939394  
5                            75.151515  
6                            73.333333  
7                            75.151515  
8                            73.939394  
9                            73.939394  
10                           82.424242  
11                           73.939394  
12                           73.939394  
13                           73.939394  
14                           75.151515  
15                           75.151515  
16                           75.151515  
17                           73.939394  
18                           73.939394  
19                           75.151515  
20                           74.545455  
21                           75.151515  
22                           73.939394  
23                           73.939394  
24                           75.151515  
25                           73.939394  
26                           73.939394  

Results have been saved to 'reliability_analysis.csv'
Author
1     29.967568
2     38.731320
9     39.315814
0     56.244828
7     61.088752
8     62.753285
4     64.386452
10    64.913130
5     67.012194
3     77.693213
6     80.179532
Name: Score, dtype: float64

Results have been saved to 'pagerank_results_balanced.csv'
Combined Results:
                                          Subcategory  \
0                                     Topic Relevance   
1                    Comprehensiveness of Information   
2                             Accuracy of Information   
3                        Innovativeness of Viewpoints   
4       Integration of Interdisciplinary Perspectives   
5                        Clarity of Logical Structure   
6               Reasonableness of Chapter Arrangement   
7              Quality of Introduction and Conclusion   
8              Accuracy and Completeness of Citations   
9              Timeliness and Relevance of References   
10   Avoidance of Plagiarism and Appropriate Citation   
11             Critical Analysis of Existing Research   
12   Proposal of New Research Directions or Questions   
13                Potential Contribution to the Field   
14             Clarity of Research Method Description   
15                    Rationality of Method Selection   
16                           Rigor of Research Design   
17               Inclusion of Latest Research Results   
18            Reflection of Current Research Hotspots   
19                     Fluency of Language Expression   
20    Appropriateness of Professional Terminology Use   
21                          Conciseness of Expression   
22  Practical Application Potential of Research Re...   
23                Feasibility of Proposed Suggestions   
24                             Logic of Argumentation   
25                   Multi-angle Analysis of Problems   
26  Identification and Discussion of Research Limi...   

    ICC (Intraclass Correlation Coefficient) ICC 95% Confidence Interval  \
0                                   0.714932                 [0.63, 0.8]   
1                                   0.866174                [0.82, 0.91]   
2                                   0.555813                [0.46, 0.66]   
3                                   0.852392                  [0.8, 0.9]   
4                                   0.858537                 [0.81, 0.9]   
5                                   0.855340                  [0.8, 0.9]   
6                                   0.841121                [0.78, 0.89]   
7                                   0.818225                [0.76, 0.87]   
8                                   0.694093                [0.61, 0.78]   
9                                   0.710729                [0.63, 0.79]   
10                                  0.520709                [0.42, 0.63]   
11                                  0.852778                  [0.8, 0.9]   
12                                  0.808448                [0.74, 0.87]   
13                                  0.799090                [0.73, 0.86]   
14                                  0.725149                 [0.64, 0.8]   
15                                  0.731499                [0.65, 0.81]   
16                                  0.690154                 [0.6, 0.78]   
17                                  0.724168                 [0.64, 0.8]   
18                                  0.712176                [0.63, 0.79]   
19                                  0.765912                [0.69, 0.84]   
20                                  0.760941                [0.68, 0.83]   
21                                  0.749022                [0.67, 0.82]   
22                                  0.769861                 [0.7, 0.84]   
23                                  0.695786                [0.61, 0.78]   
24                                  0.826613                [0.77, 0.88]   
25                                  0.810341                [0.75, 0.87]   
26                                  0.681505                [0.59, 0.77]   

    Transitivity Consistency Ratio (%)  
0                            86.060606  
1                            72.121212  
2                            80.000000  
3                            73.939394  
4                            73.939394  
5                            75.151515  
6                            73.333333  
7                            75.151515  
8                            73.939394  
9                            73.939394  
10                           82.424242  
11                           73.939394  
12                           73.939394  
13                           73.939394  
14                           75.151515  
15                           75.151515  
16                           75.151515  
17                           73.939394  
18                           73.939394  
19                           75.151515  
20                           74.545455  
21                           75.151515  
22                           73.939394  
23                           73.939394  
24                           75.151515  
25                           73.939394  
26                           73.939394  

Results have been saved to 'reliability_analysis.csv'
Author
10     0.000000
8     50.613071
6     51.982567
1     66.977205
4     73.089795
2     74.452570
0     90.072433
3     96.650389
5     96.660296
7     97.754092
9     99.997447
Name: Score, dtype: float64

Results have been saved to 'pagerank_results_balanced.csv'
Combined Results:
                                          Subcategory  \
0                                     Topic Relevance   
1                    Comprehensiveness of Information   
2                             Accuracy of Information   
3                        Innovativeness of Viewpoints   
4       Integration of Interdisciplinary Perspectives   
5                        Clarity of Logical Structure   
6               Reasonableness of Chapter Arrangement   
7              Quality of Introduction and Conclusion   
8              Accuracy and Completeness of Citations   
9              Timeliness and Relevance of References   
10   Avoidance of Plagiarism and Appropriate Citation   
11             Critical Analysis of Existing Research   
12   Proposal of New Research Directions or Questions   
13                Potential Contribution to the Field   
14             Clarity of Research Method Description   
15                    Rationality of Method Selection   
16                           Rigor of Research Design   
17               Inclusion of Latest Research Results   
18            Reflection of Current Research Hotspots   
19                     Fluency of Language Expression   
20    Appropriateness of Professional Terminology Use   
21                          Conciseness of Expression   
22  Practical Application Potential of Research Re...   
23                Feasibility of Proposed Suggestions   
24                             Logic of Argumentation   
25                   Multi-angle Analysis of Problems   
26  Identification and Discussion of Research Limi...   

    ICC (Intraclass Correlation Coefficient) ICC 95% Confidence Interval  \
0                                   0.714932                 [0.63, 0.8]   
1                                   0.866174                [0.82, 0.91]   
2                                   0.555813                [0.46, 0.66]   
3                                   0.852392                  [0.8, 0.9]   
4                                   0.858537                 [0.81, 0.9]   
5                                   0.855340                  [0.8, 0.9]   
6                                   0.841121                [0.78, 0.89]   
7                                   0.818225                [0.76, 0.87]   
8                                   0.694093                [0.61, 0.78]   
9                                   0.710729                [0.63, 0.79]   
10                                  0.520709                [0.42, 0.63]   
11                                  0.852778                  [0.8, 0.9]   
12                                  0.808448                [0.74, 0.87]   
13                                  0.799090                [0.73, 0.86]   
14                                  0.725149                 [0.64, 0.8]   
15                                  0.731499                [0.65, 0.81]   
16                                  0.690154                 [0.6, 0.78]   
17                                  0.724168                 [0.64, 0.8]   
18                                  0.712176                [0.63, 0.79]   
19                                  0.765912                [0.69, 0.84]   
20                                  0.760941                [0.68, 0.83]   
21                                  0.749022                [0.67, 0.82]   
22                                  0.769861                 [0.7, 0.84]   
23                                  0.695786                [0.61, 0.78]   
24                                  0.826613                [0.77, 0.88]   
25                                  0.810341                [0.75, 0.87]   
26                                  0.681505                [0.59, 0.77]   

    Transitivity Consistency Ratio (%)  
0                            69.736842  
1                            72.121212  
2                            56.000000  
3                            73.939394  
4                            73.939394  
5                            75.151515  
6                            73.333333  
7                            75.151515  
8                            62.931034  
9                            73.939394  
10                           59.154930  
11                           73.939394  
12                           73.939394  
13                           73.939394  
14                           75.151515  
15                           75.151515  
16                           75.151515  
17                           73.939394  
18                           73.939394  
19                           75.151515  
20                           73.248408  
21                           75.151515  
22                           73.939394  
23                           73.939394  
24                           75.151515  
25                           73.939394  
26                           73.939394  

Results have been saved to 'reliability_analysis.csv'
Author
10     0.000000
8     50.613071
6     51.982567
1     66.977205
4     73.089795
2     74.452570
0     90.072433
3     96.650389
5     96.660296
7     97.754092
9     99.997447
Name: Score, dtype: float64

Results have been saved to 'pagerank_results_balanced.csv'
Combined Results:
                                          Subcategory  \
0                                     Topic Relevance   
1                    Comprehensiveness of Information   
2                             Accuracy of Information   
3                        Innovativeness of Viewpoints   
4       Integration of Interdisciplinary Perspectives   
5                        Clarity of Logical Structure   
6               Reasonableness of Chapter Arrangement   
7              Quality of Introduction and Conclusion   
8              Accuracy and Completeness of Citations   
9              Timeliness and Relevance of References   
10   Avoidance of Plagiarism and Appropriate Citation   
11             Critical Analysis of Existing Research   
12   Proposal of New Research Directions or Questions   
13                Potential Contribution to the Field   
14             Clarity of Research Method Description   
15                    Rationality of Method Selection   
16                           Rigor of Research Design   
17               Inclusion of Latest Research Results   
18            Reflection of Current Research Hotspots   
19                     Fluency of Language Expression   
20    Appropriateness of Professional Terminology Use   
21                          Conciseness of Expression   
22  Practical Application Potential of Research Re...   
23                Feasibility of Proposed Suggestions   
24                             Logic of Argumentation   
25                   Multi-angle Analysis of Problems   
26  Identification and Discussion of Research Limi...   

    ICC (Intraclass Correlation Coefficient) ICC 95% Confidence Interval  \
0                                   0.714932                 [0.63, 0.8]   
1                                   0.866174                [0.82, 0.91]   
2                                   0.555813                [0.46, 0.66]   
3                                   0.852392                  [0.8, 0.9]   
4                                   0.858537                 [0.81, 0.9]   
5                                   0.855340                  [0.8, 0.9]   
6                                   0.841121                [0.78, 0.89]   
7                                   0.818225                [0.76, 0.87]   
8                                   0.694093                [0.61, 0.78]   
9                                   0.710729                [0.63, 0.79]   
10                                  0.520709                [0.42, 0.63]   
11                                  0.852778                  [0.8, 0.9]   
12                                  0.808448                [0.74, 0.87]   
13                                  0.799090                [0.73, 0.86]   
14                                  0.725149                 [0.64, 0.8]   
15                                  0.731499                [0.65, 0.81]   
16                                  0.690154                 [0.6, 0.78]   
17                                  0.724168                 [0.64, 0.8]   
18                                  0.712176                [0.63, 0.79]   
19                                  0.765912                [0.69, 0.84]   
20                                  0.760941                [0.68, 0.83]   
21                                  0.749022                [0.67, 0.82]   
22                                  0.769861                 [0.7, 0.84]   
23                                  0.695786                [0.61, 0.78]   
24                                  0.826613                [0.77, 0.88]   
25                                  0.810341                [0.75, 0.87]   
26                                  0.681505                [0.59, 0.77]   

    Transitivity Consistency Ratio (%)  
0                            69.736842  
1                            72.121212  
2                            56.000000  
3                            73.939394  
4                            73.939394  
5                            75.151515  
6                            73.333333  
7                            75.151515  
8                            62.931034  
9                            73.939394  
10                           59.154930  
11                           73.939394  
12                           73.939394  
13                           73.939394  
14                           75.151515  
15                           75.151515  
16                           75.151515  
17                           73.939394  
18                           73.939394  
19                           75.151515  
20                           73.248408  
21                           75.151515  
22                           73.939394  
23                           73.939394  
24                           75.151515  
25                           73.939394  
26                           73.939394  

Results have been saved to 'reliability_analysis.csv'
