Author
5      4.048541
3      4.363266
9     10.001331
10    28.995089
8     38.729182
6     60.131398
0     82.780132
1     88.888213
4     88.964957
7     91.599341
2     92.593160
Name: Score, dtype: float64

Results have been saved to 'pagerank_results_balanced.csv'
Combined Results:
                                          Subcategory  \
0                                     Topic Relevance   
1                    Comprehensiveness of Information   
2                             Accuracy of Information   
3                        Innovativeness of Viewpoints   
4       Integration of Interdisciplinary Perspectives   
5                        Clarity of Logical Structure   
6               Reasonableness of Chapter Arrangement   
7              Quality of Introduction and Conclusion   
8              Accuracy and Completeness of Citations   
9              Timeliness and Relevance of References   
10   Avoidance of Plagiarism and Appropriate Citation   
11             Critical Analysis of Existing Research   
12   Proposal of New Research Directions or Questions   
13                Potential Contribution to the Field   
14             Clarity of Research Method Description   
15                    Rationality of Method Selection   
16                           Rigor of Research Design   
17               Inclusion of Latest Research Results   
18            Reflection of Current Research Hotspots   
19                     Fluency of Language Expression   
20    Appropriateness of Professional Terminology Use   
21                          Conciseness of Expression   
22  Practical Application Potential of Research Re...   
23                Feasibility of Proposed Suggestions   
24                             Logic of Argumentation   
25                   Multi-angle Analysis of Problems   
26  Identification and Discussion of Research Limi...   

    ICC (Intraclass Correlation Coefficient) ICC 95% Confidence Interval  \
0                                   0.723286                 [0.64, 0.8]   
1                                   0.823773                [0.76, 0.88]   
2                                   0.534263                [0.43, 0.65]   
3                                   0.811389                [0.75, 0.87]   
4                                   0.772446                 [0.7, 0.84]   
5                                   0.732302                [0.65, 0.81]   
6                                   0.718428                 [0.63, 0.8]   
7                                   0.660091                [0.57, 0.75]   
8                                   0.512826                [0.41, 0.63]   
9                                   0.717905                 [0.63, 0.8]   
10                                  0.267595                [0.18, 0.38]   
11                                  0.739466                [0.66, 0.82]   
12                                  0.762097                [0.69, 0.83]   
13                                  0.760193                [0.68, 0.83]   
14                                  0.719305                 [0.64, 0.8]   
15                                  0.717450                 [0.63, 0.8]   
16                                  0.708772                [0.62, 0.79]   
17                                  0.726049                [0.64, 0.81]   
18                                  0.756497                [0.68, 0.83]   
19                                  0.628926                [0.53, 0.73]   
20                                  0.652202                [0.56, 0.75]   
21                                  0.611077                [0.51, 0.71]   
22                                  0.722300                 [0.64, 0.8]   
23                                  0.624117                [0.53, 0.72]   
24                                  0.727795                [0.65, 0.81]   
25                                  0.768588                [0.69, 0.84]   
26                                  0.665570                [0.57, 0.76]   

    Transitivity Consistency Ratio (%)  
0                            73.333333  
1                            71.515152  
2                            77.575758  
3                            80.606061  
4                            70.909091  
5                            75.757576  
6                            70.909091  
7                            74.545455  
8                            78.181818  
9                            71.515152  
10                           81.818182  
11                           80.606061  
12                           80.606061  
13                           80.606061  
14                           76.969697  
15                           76.969697  
16                           76.969697  
17                           71.515152  
18                           71.515152  
19                           73.939394  
20                           76.969697  
21                           72.727273  
22                           80.606061  
23                           81.212121  
24                           75.151515  
25                           71.515152  
26                           73.939394  

Results have been saved to 'reliability_analysis.csv'
Author
10     2.514555
3     20.077743
5     25.270054
8     34.209555
6     42.112674
9     51.899283
0     52.715903
2     55.564691
7     55.614866
1     56.953577
4     69.968411
Name: Score, dtype: float64

Results have been saved to 'pagerank_results_balanced.csv'
Combined Results:
                                          Subcategory  \
0                                     Topic Relevance   
1                    Comprehensiveness of Information   
2                             Accuracy of Information   
3                        Innovativeness of Viewpoints   
4       Integration of Interdisciplinary Perspectives   
5                        Clarity of Logical Structure   
6               Reasonableness of Chapter Arrangement   
7              Quality of Introduction and Conclusion   
8              Accuracy and Completeness of Citations   
9              Timeliness and Relevance of References   
10   Avoidance of Plagiarism and Appropriate Citation   
11             Critical Analysis of Existing Research   
12   Proposal of New Research Directions or Questions   
13                Potential Contribution to the Field   
14             Clarity of Research Method Description   
15                    Rationality of Method Selection   
16                           Rigor of Research Design   
17               Inclusion of Latest Research Results   
18            Reflection of Current Research Hotspots   
19                     Fluency of Language Expression   
20    Appropriateness of Professional Terminology Use   
21                          Conciseness of Expression   
22  Practical Application Potential of Research Re...   
23                Feasibility of Proposed Suggestions   
24                             Logic of Argumentation   
25                   Multi-angle Analysis of Problems   
26  Identification and Discussion of Research Limi...   

    ICC (Intraclass Correlation Coefficient) ICC 95% Confidence Interval  \
0                                   0.727319                [0.64, 0.81]   
1                                   0.843368                [0.79, 0.89]   
2                                   0.503874                 [0.4, 0.62]   
3                                   0.858326                 [0.81, 0.9]   
4                                   0.794892                [0.73, 0.86]   
5                                   0.797140                [0.73, 0.86]   
6                                   0.780868                [0.71, 0.85]   
7                                   0.696244                [0.61, 0.78]   
8                                   0.589593                [0.49, 0.69]   
9                                   0.716820                 [0.63, 0.8]   
10                                  0.383242                 [0.29, 0.5]   
11                                  0.807359                [0.74, 0.87]   
12                                  0.806571                [0.74, 0.87]   
13                                  0.809270                [0.74, 0.87]   
14                                  0.649040                [0.56, 0.74]   
15                                  0.650850                [0.56, 0.75]   
16                                  0.653880                [0.56, 0.75]   
17                                  0.732712                [0.65, 0.81]   
18                                  0.790165                [0.72, 0.85]   
19                                  0.700856                [0.61, 0.79]   
20                                  0.689346                 [0.6, 0.78]   
21                                  0.678404                [0.59, 0.77]   
22                                  0.783288                [0.71, 0.85]   
23                                  0.662916                [0.57, 0.76]   
24                                  0.774568                 [0.7, 0.84]   
25                                  0.789733                [0.72, 0.85]   
26                                  0.681204                [0.59, 0.77]   

    Transitivity Consistency Ratio (%)  
0                            75.757576  
1                            73.939394  
2                            78.181818  
3                            80.606061  
4                            73.333333  
5                            78.181818  
6                            74.545455  
7                            78.181818  
8                            80.000000  
9                            73.939394  
10                           79.393939  
11                           80.606061  
12                           80.606061  
13                           80.606061  
14                           79.393939  
15                           79.393939  
16                           79.393939  
17                           73.939394  
18                           73.939394  
19                           78.181818  
20                           78.787879  
21                           76.969697  
22                           80.606061  
23                           81.212121  
24                           78.787879  
25                           73.939394  
26                           76.363636  

Results have been saved to 'reliability_analysis.csv'
Author
10     2.514555
3     20.077743
5     25.270054
8     34.209555
6     42.112674
9     51.899283
0     52.715903
2     55.564691
7     55.614866
1     56.953577
4     69.968411
Name: Score, dtype: float64

Results have been saved to 'pagerank_results_balanced.csv'
Combined Results:
                                          Subcategory  \
0                                     Topic Relevance   
1                    Comprehensiveness of Information   
2                             Accuracy of Information   
3                        Innovativeness of Viewpoints   
4       Integration of Interdisciplinary Perspectives   
5                        Clarity of Logical Structure   
6               Reasonableness of Chapter Arrangement   
7              Quality of Introduction and Conclusion   
8              Accuracy and Completeness of Citations   
9              Timeliness and Relevance of References   
10   Avoidance of Plagiarism and Appropriate Citation   
11             Critical Analysis of Existing Research   
12   Proposal of New Research Directions or Questions   
13                Potential Contribution to the Field   
14             Clarity of Research Method Description   
15                    Rationality of Method Selection   
16                           Rigor of Research Design   
17               Inclusion of Latest Research Results   
18            Reflection of Current Research Hotspots   
19                     Fluency of Language Expression   
20    Appropriateness of Professional Terminology Use   
21                          Conciseness of Expression   
22  Practical Application Potential of Research Re...   
23                Feasibility of Proposed Suggestions   
24                             Logic of Argumentation   
25                   Multi-angle Analysis of Problems   
26  Identification and Discussion of Research Limi...   

    ICC (Intraclass Correlation Coefficient) ICC 95% Confidence Interval  \
0                                   0.727319                [0.64, 0.81]   
1                                   0.843368                [0.79, 0.89]   
2                                   0.503874                 [0.4, 0.62]   
3                                   0.858326                 [0.81, 0.9]   
4                                   0.794892                [0.73, 0.86]   
5                                   0.797140                [0.73, 0.86]   
6                                   0.780868                [0.71, 0.85]   
7                                   0.696244                [0.61, 0.78]   
8                                   0.589593                [0.49, 0.69]   
9                                   0.716820                 [0.63, 0.8]   
10                                  0.383242                 [0.29, 0.5]   
11                                  0.807359                [0.74, 0.87]   
12                                  0.806571                [0.74, 0.87]   
13                                  0.809270                [0.74, 0.87]   
14                                  0.649040                [0.56, 0.74]   
15                                  0.650850                [0.56, 0.75]   
16                                  0.653880                [0.56, 0.75]   
17                                  0.732712                [0.65, 0.81]   
18                                  0.790165                [0.72, 0.85]   
19                                  0.700856                [0.61, 0.79]   
20                                  0.689346                 [0.6, 0.78]   
21                                  0.678404                [0.59, 0.77]   
22                                  0.783288                [0.71, 0.85]   
23                                  0.662916                [0.57, 0.76]   
24                                  0.774568                 [0.7, 0.84]   
25                                  0.789733                [0.72, 0.85]   
26                                  0.681204                [0.59, 0.77]   

    Transitivity Consistency Ratio (%)  
0                            75.757576  
1                            73.939394  
2                            78.181818  
3                            80.606061  
4                            73.333333  
5                            78.181818  
6                            74.545455  
7                            78.181818  
8                            80.000000  
9                            73.939394  
10                           79.393939  
11                           80.606061  
12                           80.606061  
13                           80.606061  
14                           79.393939  
15                           79.393939  
16                           79.393939  
17                           73.939394  
18                           73.939394  
19                           78.181818  
20                           78.787879  
21                           76.969697  
22                           80.606061  
23                           81.212121  
24                           78.787879  
25                           73.939394  
26                           76.363636  

Results have been saved to 'reliability_analysis.csv'
Author
10      0.941589
5       3.756354
3       5.060304
9       5.093026
8      49.107241
6      71.656043
0      90.897363
4      95.246972
1      95.982773
7      98.378229
2     100.000000
Name: Score, dtype: float64

Results have been saved to 'pagerank_results_balanced.csv'
Combined Results:
                                          Subcategory  \
0                                     Topic Relevance   
1                    Comprehensiveness of Information   
2                             Accuracy of Information   
3                        Innovativeness of Viewpoints   
4       Integration of Interdisciplinary Perspectives   
5                        Clarity of Logical Structure   
6               Reasonableness of Chapter Arrangement   
7              Quality of Introduction and Conclusion   
8              Accuracy and Completeness of Citations   
9              Timeliness and Relevance of References   
10   Avoidance of Plagiarism and Appropriate Citation   
11             Critical Analysis of Existing Research   
12   Proposal of New Research Directions or Questions   
13                Potential Contribution to the Field   
14             Clarity of Research Method Description   
15                    Rationality of Method Selection   
16                           Rigor of Research Design   
17               Inclusion of Latest Research Results   
18            Reflection of Current Research Hotspots   
19                     Fluency of Language Expression   
20    Appropriateness of Professional Terminology Use   
21                          Conciseness of Expression   
22  Practical Application Potential of Research Re...   
23                Feasibility of Proposed Suggestions   
24                             Logic of Argumentation   
25                   Multi-angle Analysis of Problems   
26  Identification and Discussion of Research Limi...   

    ICC (Intraclass Correlation Coefficient) ICC 95% Confidence Interval  \
0                                   0.727319                [0.64, 0.81]   
1                                   0.843368                [0.79, 0.89]   
2                                   0.503874                 [0.4, 0.62]   
3                                   0.858326                 [0.81, 0.9]   
4                                   0.794892                [0.73, 0.86]   
5                                   0.797140                [0.73, 0.86]   
6                                   0.780868                [0.71, 0.85]   
7                                   0.696244                [0.61, 0.78]   
8                                   0.589593                [0.49, 0.69]   
9                                   0.716820                 [0.63, 0.8]   
10                                  0.383242                 [0.29, 0.5]   
11                                  0.807359                [0.74, 0.87]   
12                                  0.806571                [0.74, 0.87]   
13                                  0.809270                [0.74, 0.87]   
14                                  0.649040                [0.56, 0.74]   
15                                  0.650850                [0.56, 0.75]   
16                                  0.653880                [0.56, 0.75]   
17                                  0.732712                [0.65, 0.81]   
18                                  0.790165                [0.72, 0.85]   
19                                  0.700856                [0.61, 0.79]   
20                                  0.689346                 [0.6, 0.78]   
21                                  0.678404                [0.59, 0.77]   
22                                  0.783288                [0.71, 0.85]   
23                                  0.662916                [0.57, 0.76]   
24                                  0.774568                 [0.7, 0.84]   
25                                  0.789733                [0.72, 0.85]   
26                                  0.681204                [0.59, 0.77]   

    Transitivity Consistency Ratio (%)  
0                            56.521739  
1                            73.939394  
2                            52.631579  
3                            80.606061  
4                            73.333333  
5                            77.070064  
6                            73.750000  
7                            78.181818  
8                            56.578947  
9                            73.939394  
10                           52.112676  
11                           80.606061  
12                           80.606061  
13                           80.606061  
14                           79.393939  
15                           79.393939  
16                           79.393939  
17                           73.939394  
18                           73.939394  
19                           78.181818  
20                           78.787879  
21                           76.969697  
22                           80.606061  
23                           80.254777  
24                           78.787879  
25                           73.291925  
26                           76.363636  

Results have been saved to 'reliability_analysis.csv'
Author
10      0.941589
5       3.756354
3       5.060304
9       5.093026
8      49.107241
6      71.656043
0      90.897363
4      95.246972
1      95.982773
7      98.378229
2     100.000000
Name: Score, dtype: float64

Results have been saved to 'pagerank_results_balanced.csv'
Combined Results:
                                          Subcategory  \
0                                     Topic Relevance   
1                    Comprehensiveness of Information   
2                             Accuracy of Information   
3                        Innovativeness of Viewpoints   
4       Integration of Interdisciplinary Perspectives   
5                        Clarity of Logical Structure   
6               Reasonableness of Chapter Arrangement   
7              Quality of Introduction and Conclusion   
8              Accuracy and Completeness of Citations   
9              Timeliness and Relevance of References   
10   Avoidance of Plagiarism and Appropriate Citation   
11             Critical Analysis of Existing Research   
12   Proposal of New Research Directions or Questions   
13                Potential Contribution to the Field   
14             Clarity of Research Method Description   
15                    Rationality of Method Selection   
16                           Rigor of Research Design   
17               Inclusion of Latest Research Results   
18            Reflection of Current Research Hotspots   
19                     Fluency of Language Expression   
20    Appropriateness of Professional Terminology Use   
21                          Conciseness of Expression   
22  Practical Application Potential of Research Re...   
23                Feasibility of Proposed Suggestions   
24                             Logic of Argumentation   
25                   Multi-angle Analysis of Problems   
26  Identification and Discussion of Research Limi...   

    ICC (Intraclass Correlation Coefficient) ICC 95% Confidence Interval  \
0                                   0.727319                [0.64, 0.81]   
1                                   0.843368                [0.79, 0.89]   
2                                   0.503874                 [0.4, 0.62]   
3                                   0.858326                 [0.81, 0.9]   
4                                   0.794892                [0.73, 0.86]   
5                                   0.797140                [0.73, 0.86]   
6                                   0.780868                [0.71, 0.85]   
7                                   0.696244                [0.61, 0.78]   
8                                   0.589593                [0.49, 0.69]   
9                                   0.716820                 [0.63, 0.8]   
10                                  0.383242                 [0.29, 0.5]   
11                                  0.807359                [0.74, 0.87]   
12                                  0.806571                [0.74, 0.87]   
13                                  0.809270                [0.74, 0.87]   
14                                  0.649040                [0.56, 0.74]   
15                                  0.650850                [0.56, 0.75]   
16                                  0.653880                [0.56, 0.75]   
17                                  0.732712                [0.65, 0.81]   
18                                  0.790165                [0.72, 0.85]   
19                                  0.700856                [0.61, 0.79]   
20                                  0.689346                 [0.6, 0.78]   
21                                  0.678404                [0.59, 0.77]   
22                                  0.783288                [0.71, 0.85]   
23                                  0.662916                [0.57, 0.76]   
24                                  0.774568                 [0.7, 0.84]   
25                                  0.789733                [0.72, 0.85]   
26                                  0.681204                [0.59, 0.77]   

    Transitivity Consistency Ratio (%)  
0                            56.521739  
1                            73.939394  
2                            52.631579  
3                            80.606061  
4                            73.333333  
5                            77.070064  
6                            73.750000  
7                            78.181818  
8                            56.578947  
9                            73.939394  
10                           52.112676  
11                           80.606061  
12                           80.606061  
13                           80.606061  
14                           79.393939  
15                           79.393939  
16                           79.393939  
17                           73.939394  
18                           73.939394  
19                           78.181818  
20                           78.787879  
21                           76.969697  
22                           80.606061  
23                           80.254777  
24                           78.787879  
25                           73.291925  
26                           76.363636  

Results have been saved to 'reliability_analysis.csv'
