Author
10     0.000000
6     17.032592
1     18.992669
4     20.654079
3     26.607345
0     42.540169
2     47.484306
5     53.995119
7     54.303908
8     56.426871
9     99.924304
Name: Score, dtype: float64

Results have been saved to 'pagerank_results_balanced.csv'
Combined Results:
                                          Subcategory  \
0                                     Topic Relevance   
1                    Comprehensiveness of Information   
2                             Accuracy of Information   
3                        Innovativeness of Viewpoints   
4       Integration of Interdisciplinary Perspectives   
5                        Clarity of Logical Structure   
6               Reasonableness of Chapter Arrangement   
7              Quality of Introduction and Conclusion   
8              Accuracy and Completeness of Citations   
9              Timeliness and Relevance of References   
10   Avoidance of Plagiarism and Appropriate Citation   
11             Critical Analysis of Existing Research   
12   Proposal of New Research Directions or Questions   
13                Potential Contribution to the Field   
14             Clarity of Research Method Description   
15                    Rationality of Method Selection   
16                           Rigor of Research Design   
17               Inclusion of Latest Research Results   
18            Reflection of Current Research Hotspots   
19                     Fluency of Language Expression   
20    Appropriateness of Professional Terminology Use   
21                          Conciseness of Expression   
22  Practical Application Potential of Research Re...   
23                Feasibility of Proposed Suggestions   
24                             Logic of Argumentation   
25                   Multi-angle Analysis of Problems   
26  Identification and Discussion of Research Limi...   

    ICC (Intraclass Correlation Coefficient) ICC 95% Confidence Interval  \
0                                   0.702884                [0.61, 0.79]   
1                                   0.877719                [0.83, 0.92]   
2                                   0.729972                [0.65, 0.81]   
3                                   0.777906                [0.71, 0.85]   
4                                   0.814979                [0.75, 0.87]   
5                                   0.808707                [0.74, 0.87]   
6                                   0.784815                [0.71, 0.85]   
7                                   0.607862                [0.51, 0.71]   
8                                   0.721716                 [0.64, 0.8]   
9                                   0.751054                [0.67, 0.82]   
10                                  0.488413                 [0.39, 0.6]   
11                                  0.797028                [0.73, 0.86]   
12                                  0.559548                [0.46, 0.67]   
13                                  0.747000                [0.67, 0.82]   
14                                  0.745173                [0.67, 0.82]   
15                                  0.740002                [0.66, 0.82]   
16                                  0.719465                 [0.64, 0.8]   
17                                  0.778547                [0.71, 0.85]   
18                                  0.792552                [0.72, 0.86]   
19                                  0.570834                [0.47, 0.68]   
20                                  0.621822                [0.53, 0.72]   
21                                  0.478409                [0.38, 0.59]   
22                                  0.709228                [0.62, 0.79]   
23                                  0.429145                [0.33, 0.55]   
24                                  0.763249                [0.69, 0.83]   
25                                  0.767867                [0.69, 0.84]   
26                                  0.660425                [0.57, 0.75]   

    Transitivity Consistency Ratio (%)  
0                            86.666667  
1                            89.090909  
2                            86.666667  
3                            87.272727  
4                            83.636364  
5                            78.181818  
6                            81.818182  
7                            81.212121  
8                            87.878788  
9                            80.606061  
10                           86.666667  
11                           87.272727  
12                           92.121212  
13                           87.272727  
14                           81.818182  
15                           78.787879  
16                           80.606061  
17                           84.848485  
18                           80.606061  
19                           81.818182  
20                           84.242424  
21                           82.424242  
22                           80.000000  
23                           84.242424  
24                           80.000000  
25                           84.242424  
26                           80.606061  

Results have been saved to 'reliability_analysis.csv'
Author
10     0.000000
6     17.032592
1     18.992669
4     20.654079
3     26.607345
0     42.540169
2     47.484306
5     53.995119
7     54.303908
8     56.426871
9     99.924304
Name: Score, dtype: float64

Results have been saved to 'pagerank_results_balanced.csv'
Combined Results:
                                          Subcategory  \
0                                     Topic Relevance   
1                    Comprehensiveness of Information   
2                             Accuracy of Information   
3                        Innovativeness of Viewpoints   
4       Integration of Interdisciplinary Perspectives   
5                        Clarity of Logical Structure   
6               Reasonableness of Chapter Arrangement   
7              Quality of Introduction and Conclusion   
8              Accuracy and Completeness of Citations   
9              Timeliness and Relevance of References   
10   Avoidance of Plagiarism and Appropriate Citation   
11             Critical Analysis of Existing Research   
12   Proposal of New Research Directions or Questions   
13                Potential Contribution to the Field   
14             Clarity of Research Method Description   
15                    Rationality of Method Selection   
16                           Rigor of Research Design   
17               Inclusion of Latest Research Results   
18            Reflection of Current Research Hotspots   
19                     Fluency of Language Expression   
20    Appropriateness of Professional Terminology Use   
21                          Conciseness of Expression   
22  Practical Application Potential of Research Re...   
23                Feasibility of Proposed Suggestions   
24                             Logic of Argumentation   
25                   Multi-angle Analysis of Problems   
26  Identification and Discussion of Research Limi...   

    ICC (Intraclass Correlation Coefficient) ICC 95% Confidence Interval  \
0                                   0.702884                [0.61, 0.79]   
1                                   0.877719                [0.83, 0.92]   
2                                   0.729972                [0.65, 0.81]   
3                                   0.777906                [0.71, 0.85]   
4                                   0.814979                [0.75, 0.87]   
5                                   0.808707                [0.74, 0.87]   
6                                   0.784815                [0.71, 0.85]   
7                                   0.607862                [0.51, 0.71]   
8                                   0.721716                 [0.64, 0.8]   
9                                   0.751054                [0.67, 0.82]   
10                                  0.488413                 [0.39, 0.6]   
11                                  0.797028                [0.73, 0.86]   
12                                  0.559548                [0.46, 0.67]   
13                                  0.747000                [0.67, 0.82]   
14                                  0.745173                [0.67, 0.82]   
15                                  0.740002                [0.66, 0.82]   
16                                  0.719465                 [0.64, 0.8]   
17                                  0.778547                [0.71, 0.85]   
18                                  0.792552                [0.72, 0.86]   
19                                  0.570834                [0.47, 0.68]   
20                                  0.621822                [0.53, 0.72]   
21                                  0.478409                [0.38, 0.59]   
22                                  0.709228                [0.62, 0.79]   
23                                  0.429145                [0.33, 0.55]   
24                                  0.763249                [0.69, 0.83]   
25                                  0.767867                [0.69, 0.84]   
26                                  0.660425                [0.57, 0.75]   

    Transitivity Consistency Ratio (%)  
0                            86.666667  
1                            89.090909  
2                            86.666667  
3                            87.272727  
4                            83.636364  
5                            78.181818  
6                            81.818182  
7                            81.212121  
8                            87.878788  
9                            80.606061  
10                           86.666667  
11                           87.272727  
12                           92.121212  
13                           87.272727  
14                           81.818182  
15                           78.787879  
16                           80.606061  
17                           84.848485  
18                           80.606061  
19                           81.818182  
20                           84.242424  
21                           82.424242  
22                           80.000000  
23                           84.242424  
24                           80.000000  
25                           84.242424  
26                           80.606061  

Results have been saved to 'reliability_analysis.csv'
Author
10     0.000000
6     15.493876
1     18.084417
4     19.296854
3     26.141657
0     43.232129
2     46.050060
5     52.838374
7     53.580079
8     58.241791
9     99.922357
Name: Score, dtype: float64

Results have been saved to 'pagerank_results_balanced.csv'
Combined Results:
                                          Subcategory  \
0                                     Topic Relevance   
1                    Comprehensiveness of Information   
2                             Accuracy of Information   
3                        Innovativeness of Viewpoints   
4       Integration of Interdisciplinary Perspectives   
5                        Clarity of Logical Structure   
6               Reasonableness of Chapter Arrangement   
7              Quality of Introduction and Conclusion   
8              Accuracy and Completeness of Citations   
9              Timeliness and Relevance of References   
10   Avoidance of Plagiarism and Appropriate Citation   
11             Critical Analysis of Existing Research   
12   Proposal of New Research Directions or Questions   
13                Potential Contribution to the Field   
14             Clarity of Research Method Description   
15                    Rationality of Method Selection   
16                           Rigor of Research Design   
17               Inclusion of Latest Research Results   
18            Reflection of Current Research Hotspots   
19                     Fluency of Language Expression   
20    Appropriateness of Professional Terminology Use   
21                          Conciseness of Expression   
22  Practical Application Potential of Research Re...   
23                Feasibility of Proposed Suggestions   
24                             Logic of Argumentation   
25                   Multi-angle Analysis of Problems   
26  Identification and Discussion of Research Limi...   

    ICC (Intraclass Correlation Coefficient) ICC 95% Confidence Interval  \
0                                   0.702884                [0.61, 0.79]   
1                                   0.877719                [0.83, 0.92]   
2                                   0.729972                [0.65, 0.81]   
3                                   0.777906                [0.71, 0.85]   
4                                   0.814979                [0.75, 0.87]   
5                                   0.808707                [0.74, 0.87]   
6                                   0.784815                [0.71, 0.85]   
7                                   0.607862                [0.51, 0.71]   
8                                   0.721716                 [0.64, 0.8]   
9                                   0.751054                [0.67, 0.82]   
10                                  0.488413                 [0.39, 0.6]   
11                                  0.797028                [0.73, 0.86]   
12                                  0.559548                [0.46, 0.67]   
13                                  0.747000                [0.67, 0.82]   
14                                  0.745173                [0.67, 0.82]   
15                                  0.740002                [0.66, 0.82]   
16                                  0.719465                 [0.64, 0.8]   
17                                  0.778547                [0.71, 0.85]   
18                                  0.792552                [0.72, 0.86]   
19                                  0.570834                [0.47, 0.68]   
20                                  0.621822                [0.53, 0.72]   
21                                  0.478409                [0.38, 0.59]   
22                                  0.709228                [0.62, 0.79]   
23                                  0.429145                [0.33, 0.55]   
24                                  0.763249                [0.69, 0.83]   
25                                  0.767867                [0.69, 0.84]   
26                                  0.660425                [0.57, 0.75]   

    Transitivity Consistency Ratio (%)  
0                            43.589744  
1                            86.567164  
2                            31.250000  
3                            87.272727  
4                            76.106195  
5                            69.230769  
6                            77.611940  
7                            81.212121  
8                            44.444444  
9                            76.119403  
10                           26.666667  
11                           87.272727  
12                           92.121212  
13                           87.272727  
14                           71.962617  
15                           72.868217  
16                           74.803150  
17                           81.343284  
18                           77.304965  
19                           68.750000  
20                           75.471698  
21                           78.195489  
22                           80.000000  
23                           84.242424  
24                           75.373134  
25                           84.242424  
26                           78.378378  

Results have been saved to 'reliability_analysis.csv'
Author
10     0.000000
6     15.493876
1     18.084417
4     19.296854
3     26.141657
0     43.232129
2     46.050060
5     52.838374
7     53.580079
8     58.241791
9     99.922357
Name: Score, dtype: float64

Results have been saved to 'pagerank_results_balanced.csv'
Combined Results:
                                          Subcategory  \
0                                     Topic Relevance   
1                    Comprehensiveness of Information   
2                             Accuracy of Information   
3                        Innovativeness of Viewpoints   
4       Integration of Interdisciplinary Perspectives   
5                        Clarity of Logical Structure   
6               Reasonableness of Chapter Arrangement   
7              Quality of Introduction and Conclusion   
8              Accuracy and Completeness of Citations   
9              Timeliness and Relevance of References   
10   Avoidance of Plagiarism and Appropriate Citation   
11             Critical Analysis of Existing Research   
12   Proposal of New Research Directions or Questions   
13                Potential Contribution to the Field   
14             Clarity of Research Method Description   
15                    Rationality of Method Selection   
16                           Rigor of Research Design   
17               Inclusion of Latest Research Results   
18            Reflection of Current Research Hotspots   
19                     Fluency of Language Expression   
20    Appropriateness of Professional Terminology Use   
21                          Conciseness of Expression   
22  Practical Application Potential of Research Re...   
23                Feasibility of Proposed Suggestions   
24                             Logic of Argumentation   
25                   Multi-angle Analysis of Problems   
26  Identification and Discussion of Research Limi...   

    ICC (Intraclass Correlation Coefficient) ICC 95% Confidence Interval  \
0                                   0.702884                [0.61, 0.79]   
1                                   0.877719                [0.83, 0.92]   
2                                   0.729972                [0.65, 0.81]   
3                                   0.777906                [0.71, 0.85]   
4                                   0.814979                [0.75, 0.87]   
5                                   0.808707                [0.74, 0.87]   
6                                   0.784815                [0.71, 0.85]   
7                                   0.607862                [0.51, 0.71]   
8                                   0.721716                 [0.64, 0.8]   
9                                   0.751054                [0.67, 0.82]   
10                                  0.488413                 [0.39, 0.6]   
11                                  0.797028                [0.73, 0.86]   
12                                  0.559548                [0.46, 0.67]   
13                                  0.747000                [0.67, 0.82]   
14                                  0.745173                [0.67, 0.82]   
15                                  0.740002                [0.66, 0.82]   
16                                  0.719465                 [0.64, 0.8]   
17                                  0.778547                [0.71, 0.85]   
18                                  0.792552                [0.72, 0.86]   
19                                  0.570834                [0.47, 0.68]   
20                                  0.621822                [0.53, 0.72]   
21                                  0.478409                [0.38, 0.59]   
22                                  0.709228                [0.62, 0.79]   
23                                  0.429145                [0.33, 0.55]   
24                                  0.763249                [0.69, 0.83]   
25                                  0.767867                [0.69, 0.84]   
26                                  0.660425                [0.57, 0.75]   

    Transitivity Consistency Ratio (%)  
0                            43.589744  
1                            86.567164  
2                            31.250000  
3                            87.272727  
4                            76.106195  
5                            69.230769  
6                            77.611940  
7                            81.212121  
8                            44.444444  
9                            76.119403  
10                           26.666667  
11                           87.272727  
12                           92.121212  
13                           87.272727  
14                           71.962617  
15                           72.868217  
16                           74.803150  
17                           81.343284  
18                           77.304965  
19                           68.750000  
20                           75.471698  
21                           78.195489  
22                           80.000000  
23                           84.242424  
24                           75.373134  
25                           84.242424  
26                           78.378378  

Results have been saved to 'reliability_analysis.csv'
