Author
7      0.984725
1      1.129849
3      3.441430
4      3.719780
6      4.489481
5     12.787650
10    34.590708
0     59.584973
2     65.526839
8     82.817448
9     99.216449
Name: Score, dtype: float64

Results have been saved to 'pagerank_results_balanced.csv'
Combined Results:
                                          Subcategory  \
0                                     Topic Relevance   
1                    Comprehensiveness of Information   
2                             Accuracy of Information   
3                        Innovativeness of Viewpoints   
4       Integration of Interdisciplinary Perspectives   
5                        Clarity of Logical Structure   
6               Reasonableness of Chapter Arrangement   
7              Quality of Introduction and Conclusion   
8              Accuracy and Completeness of Citations   
9              Timeliness and Relevance of References   
10   Avoidance of Plagiarism and Appropriate Citation   
11             Critical Analysis of Existing Research   
12   Proposal of New Research Directions or Questions   
13                Potential Contribution to the Field   
14             Clarity of Research Method Description   
15                    Rationality of Method Selection   
16                           Rigor of Research Design   
17               Inclusion of Latest Research Results   
18            Reflection of Current Research Hotspots   
19                     Fluency of Language Expression   
20    Appropriateness of Professional Terminology Use   
21                          Conciseness of Expression   
22  Practical Application Potential of Research Re...   
23                Feasibility of Proposed Suggestions   
24                             Logic of Argumentation   
25                   Multi-angle Analysis of Problems   
26  Identification and Discussion of Research Limi...   

    ICC (Intraclass Correlation Coefficient) ICC 95% Confidence Interval  \
0                                   0.690880                 [0.6, 0.78]   
1                                   0.892834                [0.85, 0.93]   
2                                   0.658649                [0.57, 0.75]   
3                                   0.743856                [0.66, 0.82]   
4                                   0.840729                [0.78, 0.89]   
5                                   0.790273                [0.72, 0.85]   
6                                   0.828654                [0.77, 0.88]   
7                                   0.722326                 [0.64, 0.8]   
8                                   0.477638                [0.38, 0.59]   
9                                   0.626300                [0.53, 0.73]   
10                                  0.325301                [0.23, 0.44]   
11                                  0.723462                 [0.64, 0.8]   
12                                  0.593218                 [0.49, 0.7]   
13                                  0.749144                [0.67, 0.82]   
14                                  0.784610                [0.71, 0.85]   
15                                  0.790086                [0.72, 0.85]   
16                                  0.764266                [0.69, 0.83]   
17                                  0.656222                [0.56, 0.75]   
18                                  0.654033                [0.56, 0.75]   
19                                  0.682923                [0.59, 0.77]   
20                                  0.788605                [0.72, 0.85]   
21                                  0.676736                [0.59, 0.77]   
22                                  0.748678                [0.67, 0.82]   
23                                  0.527936                [0.43, 0.64]   
24                                  0.746689                [0.67, 0.82]   
25                                  0.769091                [0.69, 0.84]   
26                                  0.657979                [0.57, 0.75]   

    Transitivity Consistency Ratio (%)  
0                            84.848485  
1                            76.969697  
2                            87.272727  
3                            76.969697  
4                            75.151515  
5                            74.545455  
6                            73.939394  
7                            74.545455  
8                            86.666667  
9                            76.363636  
10                           89.090909  
11                           73.333333  
12                           76.969697  
13                           73.939394  
14                           78.181818  
15                           75.757576  
16                           77.575758  
17                           76.363636  
18                           76.363636  
19                           77.575758  
20                           76.969697  
21                           75.757576  
22                           73.333333  
23                           75.757576  
24                           72.727273  
25                           73.333333  
26                           73.333333  

Results have been saved to 'reliability_analysis.csv'
Author
10     0.304443
7      6.475712
1      7.012434
3     11.900341
4     14.870578
6     15.780104
5     32.335174
0     74.013785
2     78.321354
8     89.015391
9     98.687059
Name: Score, dtype: float64

Results have been saved to 'pagerank_results_balanced.csv'
Combined Results:
                                          Subcategory  \
0                                     Topic Relevance   
1                    Comprehensiveness of Information   
2                             Accuracy of Information   
3                        Innovativeness of Viewpoints   
4       Integration of Interdisciplinary Perspectives   
5                        Clarity of Logical Structure   
6               Reasonableness of Chapter Arrangement   
7              Quality of Introduction and Conclusion   
8              Accuracy and Completeness of Citations   
9              Timeliness and Relevance of References   
10   Avoidance of Plagiarism and Appropriate Citation   
11             Critical Analysis of Existing Research   
12   Proposal of New Research Directions or Questions   
13                Potential Contribution to the Field   
14             Clarity of Research Method Description   
15                    Rationality of Method Selection   
16                           Rigor of Research Design   
17               Inclusion of Latest Research Results   
18            Reflection of Current Research Hotspots   
19                     Fluency of Language Expression   
20    Appropriateness of Professional Terminology Use   
21                          Conciseness of Expression   
22  Practical Application Potential of Research Re...   
23                Feasibility of Proposed Suggestions   
24                             Logic of Argumentation   
25                   Multi-angle Analysis of Problems   
26  Identification and Discussion of Research Limi...   

    ICC (Intraclass Correlation Coefficient) ICC 95% Confidence Interval  \
0                                   0.706260                [0.62, 0.79]   
1                                   0.916205                [0.88, 0.94]   
2                                   0.616569                [0.52, 0.72]   
3                                   0.774656                 [0.7, 0.84]   
4                                   0.853665                  [0.8, 0.9]   
5                                   0.733338                [0.65, 0.81]   
6                                   0.773020                 [0.7, 0.84]   
7                                   0.660105                [0.57, 0.75]   
8                                   0.596139                  [0.5, 0.7]   
9                                   0.734399                [0.65, 0.81]   
10                                  0.392548                [0.29, 0.51]   
11                                  0.745184                [0.67, 0.82]   
12                                  0.659863                [0.57, 0.75]   
13                                  0.759339                [0.68, 0.83]   
14                                  0.766612                [0.69, 0.84]   
15                                  0.759191                [0.68, 0.83]   
16                                  0.754339                [0.68, 0.83]   
17                                  0.769793                 [0.7, 0.84]   
18                                  0.762499                [0.69, 0.83]   
19                                  0.613557                [0.52, 0.71]   
20                                  0.759048                [0.68, 0.83]   
21                                  0.618085                [0.52, 0.72]   
22                                  0.770066                 [0.7, 0.84]   
23                                  0.546875                [0.45, 0.66]   
24                                  0.752093                [0.67, 0.83]   
25                                  0.776481                 [0.7, 0.84]   
26                                  0.676869                [0.59, 0.77]   

    Transitivity Consistency Ratio (%)  
0                            86.666667  
1                            77.575758  
2                            87.878788  
3                            76.969697  
4                            76.363636  
5                            77.575758  
6                            76.363636  
7                            75.151515  
8                            86.060606  
9                            77.575758  
10                           87.878788  
11                           73.333333  
12                           76.969697  
13                           74.545455  
14                           80.606061  
15                           77.575758  
16                           80.000000  
17                           77.575758  
18                           77.575758  
19                           78.787879  
20                           78.787879  
21                           76.363636  
22                           75.151515  
23                           76.969697  
24                           75.757576  
25                           73.939394  
26                           73.333333  

Results have been saved to 'reliability_analysis.csv'
Author
10     0.304443
7      6.475712
1      7.012434
3     11.900341
4     14.870578
6     15.780104
5     32.335174
0     74.013785
2     78.321354
8     89.015391
9     98.687059
Name: Score, dtype: float64

Results have been saved to 'pagerank_results_balanced.csv'
Combined Results:
                                          Subcategory  \
0                                     Topic Relevance   
1                    Comprehensiveness of Information   
2                             Accuracy of Information   
3                        Innovativeness of Viewpoints   
4       Integration of Interdisciplinary Perspectives   
5                        Clarity of Logical Structure   
6               Reasonableness of Chapter Arrangement   
7              Quality of Introduction and Conclusion   
8              Accuracy and Completeness of Citations   
9              Timeliness and Relevance of References   
10   Avoidance of Plagiarism and Appropriate Citation   
11             Critical Analysis of Existing Research   
12   Proposal of New Research Directions or Questions   
13                Potential Contribution to the Field   
14             Clarity of Research Method Description   
15                    Rationality of Method Selection   
16                           Rigor of Research Design   
17               Inclusion of Latest Research Results   
18            Reflection of Current Research Hotspots   
19                     Fluency of Language Expression   
20    Appropriateness of Professional Terminology Use   
21                          Conciseness of Expression   
22  Practical Application Potential of Research Re...   
23                Feasibility of Proposed Suggestions   
24                             Logic of Argumentation   
25                   Multi-angle Analysis of Problems   
26  Identification and Discussion of Research Limi...   

    ICC (Intraclass Correlation Coefficient) ICC 95% Confidence Interval  \
0                                   0.706260                [0.62, 0.79]   
1                                   0.916205                [0.88, 0.94]   
2                                   0.616569                [0.52, 0.72]   
3                                   0.774656                 [0.7, 0.84]   
4                                   0.853665                  [0.8, 0.9]   
5                                   0.733338                [0.65, 0.81]   
6                                   0.773020                 [0.7, 0.84]   
7                                   0.660105                [0.57, 0.75]   
8                                   0.596139                  [0.5, 0.7]   
9                                   0.734399                [0.65, 0.81]   
10                                  0.392548                [0.29, 0.51]   
11                                  0.745184                [0.67, 0.82]   
12                                  0.659863                [0.57, 0.75]   
13                                  0.759339                [0.68, 0.83]   
14                                  0.766612                [0.69, 0.84]   
15                                  0.759191                [0.68, 0.83]   
16                                  0.754339                [0.68, 0.83]   
17                                  0.769793                 [0.7, 0.84]   
18                                  0.762499                [0.69, 0.83]   
19                                  0.613557                [0.52, 0.71]   
20                                  0.759048                [0.68, 0.83]   
21                                  0.618085                [0.52, 0.72]   
22                                  0.770066                 [0.7, 0.84]   
23                                  0.546875                [0.45, 0.66]   
24                                  0.752093                [0.67, 0.83]   
25                                  0.776481                 [0.7, 0.84]   
26                                  0.676869                [0.59, 0.77]   

    Transitivity Consistency Ratio (%)  
0                            86.666667  
1                            77.575758  
2                            87.878788  
3                            76.969697  
4                            76.363636  
5                            77.575758  
6                            76.363636  
7                            75.151515  
8                            86.060606  
9                            77.575758  
10                           87.878788  
11                           73.333333  
12                           76.969697  
13                           74.545455  
14                           80.606061  
15                           77.575758  
16                           80.000000  
17                           77.575758  
18                           77.575758  
19                           78.787879  
20                           78.787879  
21                           76.363636  
22                           75.151515  
23                           76.969697  
24                           75.757576  
25                           73.939394  
26                           73.333333  

Results have been saved to 'reliability_analysis.csv'
Author
10     0.281258
7      6.316054
1      6.733670
3     11.965970
4     15.026058
6     15.544169
5     36.103551
0     75.469445
2     78.492112
8     89.187414
9     98.673291
Name: Score, dtype: float64

Results have been saved to 'pagerank_results_balanced.csv'
Combined Results:
                                          Subcategory  \
0                                     Topic Relevance   
1                    Comprehensiveness of Information   
2                             Accuracy of Information   
3                        Innovativeness of Viewpoints   
4       Integration of Interdisciplinary Perspectives   
5                        Clarity of Logical Structure   
6               Reasonableness of Chapter Arrangement   
7              Quality of Introduction and Conclusion   
8              Accuracy and Completeness of Citations   
9              Timeliness and Relevance of References   
10   Avoidance of Plagiarism and Appropriate Citation   
11             Critical Analysis of Existing Research   
12   Proposal of New Research Directions or Questions   
13                Potential Contribution to the Field   
14             Clarity of Research Method Description   
15                    Rationality of Method Selection   
16                           Rigor of Research Design   
17               Inclusion of Latest Research Results   
18            Reflection of Current Research Hotspots   
19                     Fluency of Language Expression   
20    Appropriateness of Professional Terminology Use   
21                          Conciseness of Expression   
22  Practical Application Potential of Research Re...   
23                Feasibility of Proposed Suggestions   
24                             Logic of Argumentation   
25                   Multi-angle Analysis of Problems   
26  Identification and Discussion of Research Limi...   

    ICC (Intraclass Correlation Coefficient) ICC 95% Confidence Interval  \
0                                   0.706260                [0.62, 0.79]   
1                                   0.916205                [0.88, 0.94]   
2                                   0.616569                [0.52, 0.72]   
3                                   0.774656                 [0.7, 0.84]   
4                                   0.853665                  [0.8, 0.9]   
5                                   0.733338                [0.65, 0.81]   
6                                   0.773020                 [0.7, 0.84]   
7                                   0.660105                [0.57, 0.75]   
8                                   0.596139                  [0.5, 0.7]   
9                                   0.734399                [0.65, 0.81]   
10                                  0.392548                [0.29, 0.51]   
11                                  0.745184                [0.67, 0.82]   
12                                  0.659863                [0.57, 0.75]   
13                                  0.759339                [0.68, 0.83]   
14                                  0.766612                [0.69, 0.84]   
15                                  0.759191                [0.68, 0.83]   
16                                  0.754339                [0.68, 0.83]   
17                                  0.769793                 [0.7, 0.84]   
18                                  0.762499                [0.69, 0.83]   
19                                  0.613557                [0.52, 0.71]   
20                                  0.759048                [0.68, 0.83]   
21                                  0.618085                [0.52, 0.72]   
22                                  0.770066                 [0.7, 0.84]   
23                                  0.546875                [0.45, 0.66]   
24                                  0.752093                [0.67, 0.83]   
25                                  0.776481                 [0.7, 0.84]   
26                                  0.676869                [0.59, 0.77]   

    Transitivity Consistency Ratio (%)  
0                            29.032258  
1                            76.433121  
2                            35.483871  
3                            75.796178  
4                            73.648649  
5                            73.758865  
6                            75.000000  
7                            73.717949  
8                            34.285714  
9                            76.433121  
10                           28.571429  
11                           71.974522  
12                           75.796178  
13                           73.248408  
14                           76.296296  
15                           76.433121  
16                           77.702703  
17                           76.433121  
18                           76.433121  
19                           73.684211  
20                           75.694444  
21                           73.825503  
22                           73.885350  
23                           75.796178  
24                           74.522293  
25                           72.611465  
26                           71.974522  

Results have been saved to 'reliability_analysis.csv'
Author
10     0.281258
7      6.316054
1      6.733670
3     11.965970
4     15.026058
6     15.544169
5     36.103551
0     75.469445
2     78.492112
8     89.187414
9     98.673291
Name: Score, dtype: float64

Results have been saved to 'pagerank_results_balanced.csv'
Combined Results:
                                          Subcategory  \
0                                     Topic Relevance   
1                    Comprehensiveness of Information   
2                             Accuracy of Information   
3                        Innovativeness of Viewpoints   
4       Integration of Interdisciplinary Perspectives   
5                        Clarity of Logical Structure   
6               Reasonableness of Chapter Arrangement   
7              Quality of Introduction and Conclusion   
8              Accuracy and Completeness of Citations   
9              Timeliness and Relevance of References   
10   Avoidance of Plagiarism and Appropriate Citation   
11             Critical Analysis of Existing Research   
12   Proposal of New Research Directions or Questions   
13                Potential Contribution to the Field   
14             Clarity of Research Method Description   
15                    Rationality of Method Selection   
16                           Rigor of Research Design   
17               Inclusion of Latest Research Results   
18            Reflection of Current Research Hotspots   
19                     Fluency of Language Expression   
20    Appropriateness of Professional Terminology Use   
21                          Conciseness of Expression   
22  Practical Application Potential of Research Re...   
23                Feasibility of Proposed Suggestions   
24                             Logic of Argumentation   
25                   Multi-angle Analysis of Problems   
26  Identification and Discussion of Research Limi...   

    ICC (Intraclass Correlation Coefficient) ICC 95% Confidence Interval  \
0                                   0.706260                [0.62, 0.79]   
1                                   0.916205                [0.88, 0.94]   
2                                   0.616569                [0.52, 0.72]   
3                                   0.774656                 [0.7, 0.84]   
4                                   0.853665                  [0.8, 0.9]   
5                                   0.733338                [0.65, 0.81]   
6                                   0.773020                 [0.7, 0.84]   
7                                   0.660105                [0.57, 0.75]   
8                                   0.596139                  [0.5, 0.7]   
9                                   0.734399                [0.65, 0.81]   
10                                  0.392548                [0.29, 0.51]   
11                                  0.745184                [0.67, 0.82]   
12                                  0.659863                [0.57, 0.75]   
13                                  0.759339                [0.68, 0.83]   
14                                  0.766612                [0.69, 0.84]   
15                                  0.759191                [0.68, 0.83]   
16                                  0.754339                [0.68, 0.83]   
17                                  0.769793                 [0.7, 0.84]   
18                                  0.762499                [0.69, 0.83]   
19                                  0.613557                [0.52, 0.71]   
20                                  0.759048                [0.68, 0.83]   
21                                  0.618085                [0.52, 0.72]   
22                                  0.770066                 [0.7, 0.84]   
23                                  0.546875                [0.45, 0.66]   
24                                  0.752093                [0.67, 0.83]   
25                                  0.776481                 [0.7, 0.84]   
26                                  0.676869                [0.59, 0.77]   

    Transitivity Consistency Ratio (%)  
0                            29.032258  
1                            76.433121  
2                            35.483871  
3                            75.796178  
4                            73.648649  
5                            73.758865  
6                            75.000000  
7                            73.717949  
8                            34.285714  
9                            76.433121  
10                           28.571429  
11                           71.974522  
12                           75.796178  
13                           73.248408  
14                           76.296296  
15                           76.433121  
16                           77.702703  
17                           76.433121  
18                           76.433121  
19                           73.684211  
20                           75.694444  
21                           73.825503  
22                           73.885350  
23                           75.796178  
24                           74.522293  
25                           72.611465  
26                           71.974522  

Results have been saved to 'reliability_analysis.csv'
