Author
2       0.027706
1       3.567956
10      7.326154
8      14.138527
0      15.072017
5      16.354694
4      17.096067
7      17.202880
3      23.960185
6      53.187840
9     100.000000
Name: Score, dtype: float64

Results have been saved to 'pagerank_results_balanced.csv'
Combined Results:
                                          Subcategory  \
0                                     Topic Relevance   
1                    Comprehensiveness of Information   
2                             Accuracy of Information   
3                        Innovativeness of Viewpoints   
4       Integration of Interdisciplinary Perspectives   
5                        Clarity of Logical Structure   
6               Reasonableness of Chapter Arrangement   
7              Quality of Introduction and Conclusion   
8              Accuracy and Completeness of Citations   
9              Timeliness and Relevance of References   
10   Avoidance of Plagiarism and Appropriate Citation   
11             Critical Analysis of Existing Research   
12   Proposal of New Research Directions or Questions   
13                Potential Contribution to the Field   
14             Clarity of Research Method Description   
15                    Rationality of Method Selection   
16                           Rigor of Research Design   
17               Inclusion of Latest Research Results   
18            Reflection of Current Research Hotspots   
19                     Fluency of Language Expression   
20    Appropriateness of Professional Terminology Use   
21                          Conciseness of Expression   
22  Practical Application Potential of Research Re...   
23                Feasibility of Proposed Suggestions   
24                             Logic of Argumentation   
25                   Multi-angle Analysis of Problems   
26  Identification and Discussion of Research Limi...   

    ICC (Intraclass Correlation Coefficient) ICC 95% Confidence Interval  \
0                                   0.458913                [0.36, 0.58]   
1                                   0.566511                [0.47, 0.67]   
2                                   0.183174                [0.11, 0.29]   
3                                   0.531847                [0.43, 0.64]   
4                                   0.593516                 [0.49, 0.7]   
5                                   0.547674                [0.45, 0.66]   
6                                   0.527878                [0.43, 0.64]   
7                                   0.509939                [0.41, 0.62]   
8                                   0.510930                [0.41, 0.62]   
9                                   0.473756                [0.37, 0.59]   
10                                  0.253524                [0.17, 0.37]   
11                                  0.516689                [0.41, 0.63]   
12                                  0.481588                 [0.38, 0.6]   
13                                  0.517057                [0.42, 0.63]   
14                                  0.511280                [0.41, 0.63]   
15                                  0.508066                [0.41, 0.62]   
16                                  0.505887                 [0.4, 0.62]   
17                                  0.481143                 [0.38, 0.6]   
18                                  0.500139                 [0.4, 0.61]   
19                                  0.487635                 [0.39, 0.6]   
20                                  0.489254                 [0.39, 0.6]   
21                                  0.468426                [0.37, 0.59]   
22                                  0.508229                [0.41, 0.62]   
23                                  0.495281                [0.39, 0.61]   
24                                  0.503146                 [0.4, 0.62]   
25                                  0.510182                [0.41, 0.62]   
26                                  0.508091                [0.41, 0.62]   

    Transitivity Consistency Ratio (%)  
0                            79.393939  
1                            82.424242  
2                            86.060606  
3                            82.424242  
4                            77.575758  
5                            84.242424  
6                            84.242424  
7                            84.242424  
8                            76.969697  
9                            86.060606  
10                           84.848485  
11                           82.424242  
12                           86.666667  
13                           85.454545  
14                           76.969697  
15                           81.212121  
16                           81.212121  
17                           80.606061  
18                           86.060606  
19                           83.030303  
20                           78.787879  
21                           84.242424  
22                           85.454545  
23                           85.454545  
24                           82.424242  
25                           82.424242  
26                           84.242424  

Results have been saved to 'reliability_analysis.csv'
Author
2       0.067024
1       2.992285
10      4.382615
8       6.721820
0       9.688076
4      10.728561
7      12.652236
5      13.455591
3      15.965865
6      47.508747
9     100.000000
Name: Score, dtype: float64

Results have been saved to 'pagerank_results_balanced.csv'
Combined Results:
                                          Subcategory  \
0                                     Topic Relevance   
1                    Comprehensiveness of Information   
2                             Accuracy of Information   
3                        Innovativeness of Viewpoints   
4       Integration of Interdisciplinary Perspectives   
5                        Clarity of Logical Structure   
6               Reasonableness of Chapter Arrangement   
7              Quality of Introduction and Conclusion   
8              Accuracy and Completeness of Citations   
9              Timeliness and Relevance of References   
10   Avoidance of Plagiarism and Appropriate Citation   
11             Critical Analysis of Existing Research   
12   Proposal of New Research Directions or Questions   
13                Potential Contribution to the Field   
14             Clarity of Research Method Description   
15                    Rationality of Method Selection   
16                           Rigor of Research Design   
17               Inclusion of Latest Research Results   
18            Reflection of Current Research Hotspots   
19                     Fluency of Language Expression   
20    Appropriateness of Professional Terminology Use   
21                          Conciseness of Expression   
22  Practical Application Potential of Research Re...   
23                Feasibility of Proposed Suggestions   
24                             Logic of Argumentation   
25                   Multi-angle Analysis of Problems   
26  Identification and Discussion of Research Limi...   

    ICC (Intraclass Correlation Coefficient) ICC 95% Confidence Interval  \
0                                   0.458913                [0.36, 0.58]   
1                                   0.566511                [0.47, 0.67]   
2                                   0.183174                [0.11, 0.29]   
3                                   0.531847                [0.43, 0.64]   
4                                   0.593516                 [0.49, 0.7]   
5                                   0.547674                [0.45, 0.66]   
6                                   0.527878                [0.43, 0.64]   
7                                   0.509939                [0.41, 0.62]   
8                                   0.510930                [0.41, 0.62]   
9                                   0.473756                [0.37, 0.59]   
10                                  0.253524                [0.17, 0.37]   
11                                  0.516689                [0.41, 0.63]   
12                                  0.481588                 [0.38, 0.6]   
13                                  0.517057                [0.42, 0.63]   
14                                  0.511280                [0.41, 0.63]   
15                                  0.508066                [0.41, 0.62]   
16                                  0.505887                 [0.4, 0.62]   
17                                  0.481143                 [0.38, 0.6]   
18                                  0.500139                 [0.4, 0.61]   
19                                  0.487635                 [0.39, 0.6]   
20                                  0.489254                 [0.39, 0.6]   
21                                  0.468426                [0.37, 0.59]   
22                                  0.508229                [0.41, 0.62]   
23                                  0.495281                [0.39, 0.61]   
24                                  0.503146                 [0.4, 0.62]   
25                                  0.510182                [0.41, 0.62]   
26                                  0.508091                [0.41, 0.62]   

    Transitivity Consistency Ratio (%)  
0                            74.626866  
1                            82.424242  
2                            50.000000  
3                            82.424242  
4                            77.575758  
5                            84.242424  
6                            84.242424  
7                            84.242424  
8                            67.521368  
9                            86.060606  
10                           47.916667  
11                           82.424242  
12                           86.666667  
13                           85.454545  
14                           76.969697  
15                           80.981595  
16                           80.981595  
17                           80.368098  
18                           86.060606  
19                           83.030303  
20                           77.707006  
21                           84.242424  
22                           85.454545  
23                           85.454545  
24                           82.424242  
25                           82.424242  
26                           83.544304  

Results have been saved to 'reliability_analysis.csv'
Author
2       0.067024
1       2.992285
10      4.382615
8       6.721820
0       9.688076
4      10.728561
7      12.652236
5      13.455591
3      15.965865
6      47.508747
9     100.000000
Name: Score, dtype: float64

Results have been saved to 'pagerank_results_balanced.csv'
Combined Results:
                                          Subcategory  \
0                                     Topic Relevance   
1                    Comprehensiveness of Information   
2                             Accuracy of Information   
3                        Innovativeness of Viewpoints   
4       Integration of Interdisciplinary Perspectives   
5                        Clarity of Logical Structure   
6               Reasonableness of Chapter Arrangement   
7              Quality of Introduction and Conclusion   
8              Accuracy and Completeness of Citations   
9              Timeliness and Relevance of References   
10   Avoidance of Plagiarism and Appropriate Citation   
11             Critical Analysis of Existing Research   
12   Proposal of New Research Directions or Questions   
13                Potential Contribution to the Field   
14             Clarity of Research Method Description   
15                    Rationality of Method Selection   
16                           Rigor of Research Design   
17               Inclusion of Latest Research Results   
18            Reflection of Current Research Hotspots   
19                     Fluency of Language Expression   
20    Appropriateness of Professional Terminology Use   
21                          Conciseness of Expression   
22  Practical Application Potential of Research Re...   
23                Feasibility of Proposed Suggestions   
24                             Logic of Argumentation   
25                   Multi-angle Analysis of Problems   
26  Identification and Discussion of Research Limi...   

    ICC (Intraclass Correlation Coefficient) ICC 95% Confidence Interval  \
0                                   0.458913                [0.36, 0.58]   
1                                   0.566511                [0.47, 0.67]   
2                                   0.183174                [0.11, 0.29]   
3                                   0.531847                [0.43, 0.64]   
4                                   0.593516                 [0.49, 0.7]   
5                                   0.547674                [0.45, 0.66]   
6                                   0.527878                [0.43, 0.64]   
7                                   0.509939                [0.41, 0.62]   
8                                   0.510930                [0.41, 0.62]   
9                                   0.473756                [0.37, 0.59]   
10                                  0.253524                [0.17, 0.37]   
11                                  0.516689                [0.41, 0.63]   
12                                  0.481588                 [0.38, 0.6]   
13                                  0.517057                [0.42, 0.63]   
14                                  0.511280                [0.41, 0.63]   
15                                  0.508066                [0.41, 0.62]   
16                                  0.505887                 [0.4, 0.62]   
17                                  0.481143                 [0.38, 0.6]   
18                                  0.500139                 [0.4, 0.61]   
19                                  0.487635                 [0.39, 0.6]   
20                                  0.489254                 [0.39, 0.6]   
21                                  0.468426                [0.37, 0.59]   
22                                  0.508229                [0.41, 0.62]   
23                                  0.495281                [0.39, 0.61]   
24                                  0.503146                 [0.4, 0.62]   
25                                  0.510182                [0.41, 0.62]   
26                                  0.508091                [0.41, 0.62]   

    Transitivity Consistency Ratio (%)  
0                            74.626866  
1                            82.424242  
2                            50.000000  
3                            82.424242  
4                            77.575758  
5                            84.242424  
6                            84.242424  
7                            84.242424  
8                            67.521368  
9                            86.060606  
10                           47.916667  
11                           82.424242  
12                           86.666667  
13                           85.454545  
14                           76.969697  
15                           80.981595  
16                           80.981595  
17                           80.368098  
18                           86.060606  
19                           83.030303  
20                           77.707006  
21                           84.242424  
22                           85.454545  
23                           85.454545  
24                           82.424242  
25                           82.424242  
26                           83.544304  

Results have been saved to 'reliability_analysis.csv'
