Author
5       2.995230
7       3.093875
10      4.516915
8       7.802247
1       8.251223
6       8.265218
3      17.748154
4      27.380609
0      28.430877
2      79.703136
9     100.000000
Name: Score, dtype: float64

Results have been saved to 'pagerank_results_balanced.csv'
Combined Results:
                                          Subcategory  \
0                                     Topic Relevance   
1                    Comprehensiveness of Information   
2                             Accuracy of Information   
3                        Innovativeness of Viewpoints   
4       Integration of Interdisciplinary Perspectives   
5                        Clarity of Logical Structure   
6               Reasonableness of Chapter Arrangement   
7              Quality of Introduction and Conclusion   
8              Accuracy and Completeness of Citations   
9              Timeliness and Relevance of References   
10   Avoidance of Plagiarism and Appropriate Citation   
11             Critical Analysis of Existing Research   
12   Proposal of New Research Directions or Questions   
13                Potential Contribution to the Field   
14             Clarity of Research Method Description   
15                    Rationality of Method Selection   
16                           Rigor of Research Design   
17               Inclusion of Latest Research Results   
18            Reflection of Current Research Hotspots   
19                     Fluency of Language Expression   
20    Appropriateness of Professional Terminology Use   
21                          Conciseness of Expression   
22  Practical Application Potential of Research Re...   
23                Feasibility of Proposed Suggestions   
24                             Logic of Argumentation   
25                   Multi-angle Analysis of Problems   
26  Identification and Discussion of Research Limi...   

    ICC (Intraclass Correlation Coefficient) ICC 95% Confidence Interval  \
0                                   0.375493                 [0.28, 0.5]   
1                                   0.888148                [0.85, 0.92]   
2                                   0.364845                [0.27, 0.48]   
3                                   0.840239                [0.78, 0.89]   
4                                   0.851837                  [0.8, 0.9]   
5                                   0.843783                [0.79, 0.89]   
6                                   0.844643                [0.79, 0.89]   
7                                   0.816223                [0.75, 0.87]   
8                                   0.534313                [0.43, 0.65]   
9                                   0.719443                 [0.64, 0.8]   
10                                  0.276640                [0.19, 0.39]   
11                                  0.834106                [0.78, 0.89]   
12                                  0.798929                [0.73, 0.86]   
13                                  0.841995                [0.79, 0.89]   
14                                  0.741425                [0.66, 0.82]   
15                                  0.767165                [0.69, 0.84]   
16                                  0.759528                [0.68, 0.83]   
17                                  0.750062                [0.67, 0.82]   
18                                  0.733196                [0.65, 0.81]   
19                                  0.753945                [0.68, 0.83]   
20                                  0.688809                 [0.6, 0.78]   
21                                  0.766384                [0.69, 0.84]   
22                                  0.823130                [0.76, 0.88]   
23                                  0.685341                 [0.6, 0.77]   
24                                  0.783996                [0.71, 0.85]   
25                                  0.816200                [0.75, 0.87]   
26                                  0.710744                [0.63, 0.79]   

    Transitivity Consistency Ratio (%)  
0                           100.000000  
1                            75.151515  
2                           100.000000  
3                            76.969697  
4                            73.333333  
5                            74.545455  
6                            74.545455  
7                            74.545455  
8                            86.060606  
9                            75.757576  
10                           99.393939  
11                           75.151515  
12                           75.151515  
13                           75.151515  
14                           73.333333  
15                           75.151515  
16                           73.333333  
17                           75.757576  
18                           75.151515  
19                           74.545455  
20                           73.333333  
21                           74.545455  
22                           75.151515  
23                           75.757576  
24                           74.545455  
25                           75.151515  
26                           74.545455  

Results have been saved to 'reliability_analysis.csv'
Author
4     28.923925
9     44.774790
10    47.354370
2     48.623879
5     49.227995
7     50.734730
0     54.101140
1     55.993261
8     60.999788
3     62.801866
6     66.416713
Name: Score, dtype: float64

Results have been saved to 'pagerank_results_balanced.csv'
Combined Results:
                                          Subcategory  \
0                                     Topic Relevance   
1                    Comprehensiveness of Information   
2                             Accuracy of Information   
3                        Innovativeness of Viewpoints   
4       Integration of Interdisciplinary Perspectives   
5                        Clarity of Logical Structure   
6               Reasonableness of Chapter Arrangement   
7              Quality of Introduction and Conclusion   
8              Accuracy and Completeness of Citations   
9              Timeliness and Relevance of References   
10   Avoidance of Plagiarism and Appropriate Citation   
11             Critical Analysis of Existing Research   
12   Proposal of New Research Directions or Questions   
13                Potential Contribution to the Field   
14             Clarity of Research Method Description   
15                    Rationality of Method Selection   
16                           Rigor of Research Design   
17               Inclusion of Latest Research Results   
18            Reflection of Current Research Hotspots   
19                     Fluency of Language Expression   
20    Appropriateness of Professional Terminology Use   
21                          Conciseness of Expression   
22  Practical Application Potential of Research Re...   
23                Feasibility of Proposed Suggestions   
24                             Logic of Argumentation   
25                   Multi-angle Analysis of Problems   
26  Identification and Discussion of Research Limi...   

    ICC (Intraclass Correlation Coefficient) ICC 95% Confidence Interval  \
0                                   0.360132                [0.26, 0.48]   
1                                   0.910026                [0.87, 0.94]   
2                                   0.336261                [0.24, 0.45]   
3                                   0.878078                [0.83, 0.92]   
4                                   0.896293                [0.86, 0.93]   
5                                   0.900628                [0.86, 0.93]   
6                                   0.880667                [0.84, 0.92]   
7                                   0.860052                [0.81, 0.91]   
8                                   0.695880                [0.61, 0.78]   
9                                   0.752320                [0.67, 0.83]   
10                                  0.337255                [0.24, 0.46]   
11                                  0.875043                [0.83, 0.92]   
12                                  0.834745                [0.78, 0.89]   
13                                  0.848845                 [0.79, 0.9]   
14                                  0.782516                [0.71, 0.85]   
15                                  0.793677                [0.72, 0.86]   
16                                  0.787206                [0.72, 0.85]   
17                                  0.767132                [0.69, 0.84]   
18                                  0.832031                [0.77, 0.89]   
19                                  0.764084                [0.69, 0.83]   
20                                  0.710014                [0.62, 0.79]   
21                                  0.746208                [0.67, 0.82]   
22                                  0.825396                [0.76, 0.88]   
23                                  0.746310                [0.67, 0.82]   
24                                  0.852993                  [0.8, 0.9]   
25                                  0.861865                [0.81, 0.91]   
26                                  0.758309                [0.68, 0.83]   

    Transitivity Consistency Ratio (%)  
0                           100.000000  
1                            76.363636  
2                           100.000000  
3                            78.181818  
4                            74.545455  
5                            76.363636  
6                            76.363636  
7                            76.363636  
8                            87.272727  
9                            76.363636  
10                           96.969697  
11                           76.363636  
12                           76.363636  
13                           76.363636  
14                           73.939394  
15                           76.363636  
16                           73.939394  
17                           76.363636  
18                           76.363636  
19                           76.363636  
20                           73.333333  
21                           74.545455  
22                           76.363636  
23                           76.363636  
24                           76.363636  
25                           76.363636  
26                           76.363636  

Results have been saved to 'reliability_analysis.csv'
Author
4     28.923925
9     44.774790
10    47.354370
2     48.623879
5     49.227995
7     50.734730
0     54.101140
1     55.993261
8     60.999788
3     62.801866
6     66.416713
Name: Score, dtype: float64

Results have been saved to 'pagerank_results_balanced.csv'
Combined Results:
                                          Subcategory  \
0                                     Topic Relevance   
1                    Comprehensiveness of Information   
2                             Accuracy of Information   
3                        Innovativeness of Viewpoints   
4       Integration of Interdisciplinary Perspectives   
5                        Clarity of Logical Structure   
6               Reasonableness of Chapter Arrangement   
7              Quality of Introduction and Conclusion   
8              Accuracy and Completeness of Citations   
9              Timeliness and Relevance of References   
10   Avoidance of Plagiarism and Appropriate Citation   
11             Critical Analysis of Existing Research   
12   Proposal of New Research Directions or Questions   
13                Potential Contribution to the Field   
14             Clarity of Research Method Description   
15                    Rationality of Method Selection   
16                           Rigor of Research Design   
17               Inclusion of Latest Research Results   
18            Reflection of Current Research Hotspots   
19                     Fluency of Language Expression   
20    Appropriateness of Professional Terminology Use   
21                          Conciseness of Expression   
22  Practical Application Potential of Research Re...   
23                Feasibility of Proposed Suggestions   
24                             Logic of Argumentation   
25                   Multi-angle Analysis of Problems   
26  Identification and Discussion of Research Limi...   

    ICC (Intraclass Correlation Coefficient) ICC 95% Confidence Interval  \
0                                   0.360132                [0.26, 0.48]   
1                                   0.910026                [0.87, 0.94]   
2                                   0.336261                [0.24, 0.45]   
3                                   0.878078                [0.83, 0.92]   
4                                   0.896293                [0.86, 0.93]   
5                                   0.900628                [0.86, 0.93]   
6                                   0.880667                [0.84, 0.92]   
7                                   0.860052                [0.81, 0.91]   
8                                   0.695880                [0.61, 0.78]   
9                                   0.752320                [0.67, 0.83]   
10                                  0.337255                [0.24, 0.46]   
11                                  0.875043                [0.83, 0.92]   
12                                  0.834745                [0.78, 0.89]   
13                                  0.848845                 [0.79, 0.9]   
14                                  0.782516                [0.71, 0.85]   
15                                  0.793677                [0.72, 0.86]   
16                                  0.787206                [0.72, 0.85]   
17                                  0.767132                [0.69, 0.84]   
18                                  0.832031                [0.77, 0.89]   
19                                  0.764084                [0.69, 0.83]   
20                                  0.710014                [0.62, 0.79]   
21                                  0.746208                [0.67, 0.82]   
22                                  0.825396                [0.76, 0.88]   
23                                  0.746310                [0.67, 0.82]   
24                                  0.852993                  [0.8, 0.9]   
25                                  0.861865                [0.81, 0.91]   
26                                  0.758309                [0.68, 0.83]   

    Transitivity Consistency Ratio (%)  
0                           100.000000  
1                            76.363636  
2                           100.000000  
3                            78.181818  
4                            74.545455  
5                            76.363636  
6                            76.363636  
7                            76.363636  
8                            87.272727  
9                            76.363636  
10                           96.969697  
11                           76.363636  
12                           76.363636  
13                           76.363636  
14                           73.939394  
15                           76.363636  
16                           73.939394  
17                           76.363636  
18                           76.363636  
19                           76.363636  
20                           73.333333  
21                           74.545455  
22                           76.363636  
23                           76.363636  
24                           76.363636  
25                           76.363636  
26                           76.363636  

Results have been saved to 'reliability_analysis.csv'
Author
10      0.000000
7      22.615973
5      27.608744
8      43.998202
1      45.564998
6      46.995552
3      61.123585
4      74.619818
0      77.597602
2      91.170733
9     100.000000
Name: Score, dtype: float64

Results have been saved to 'pagerank_results_balanced.csv'
Combined Results:
                                          Subcategory  \
0                                     Topic Relevance   
1                    Comprehensiveness of Information   
2                             Accuracy of Information   
3                        Innovativeness of Viewpoints   
4       Integration of Interdisciplinary Perspectives   
5                        Clarity of Logical Structure   
6               Reasonableness of Chapter Arrangement   
7              Quality of Introduction and Conclusion   
8              Accuracy and Completeness of Citations   
9              Timeliness and Relevance of References   
10   Avoidance of Plagiarism and Appropriate Citation   
11             Critical Analysis of Existing Research   
12   Proposal of New Research Directions or Questions   
13                Potential Contribution to the Field   
14             Clarity of Research Method Description   
15                    Rationality of Method Selection   
16                           Rigor of Research Design   
17               Inclusion of Latest Research Results   
18            Reflection of Current Research Hotspots   
19                     Fluency of Language Expression   
20    Appropriateness of Professional Terminology Use   
21                          Conciseness of Expression   
22  Practical Application Potential of Research Re...   
23                Feasibility of Proposed Suggestions   
24                             Logic of Argumentation   
25                   Multi-angle Analysis of Problems   
26  Identification and Discussion of Research Limi...   

    ICC (Intraclass Correlation Coefficient) ICC 95% Confidence Interval  \
0                                   0.360132                [0.26, 0.48]   
1                                   0.910026                [0.87, 0.94]   
2                                   0.336261                [0.24, 0.45]   
3                                   0.878078                [0.83, 0.92]   
4                                   0.896293                [0.86, 0.93]   
5                                   0.900628                [0.86, 0.93]   
6                                   0.880667                [0.84, 0.92]   
7                                   0.860052                [0.81, 0.91]   
8                                   0.695880                [0.61, 0.78]   
9                                   0.752320                [0.67, 0.83]   
10                                  0.337255                [0.24, 0.46]   
11                                  0.875043                [0.83, 0.92]   
12                                  0.834745                [0.78, 0.89]   
13                                  0.848845                 [0.79, 0.9]   
14                                  0.782516                [0.71, 0.85]   
15                                  0.793677                [0.72, 0.86]   
16                                  0.787206                [0.72, 0.85]   
17                                  0.767132                [0.69, 0.84]   
18                                  0.832031                [0.77, 0.89]   
19                                  0.764084                [0.69, 0.83]   
20                                  0.710014                [0.62, 0.79]   
21                                  0.746208                [0.67, 0.82]   
22                                  0.825396                [0.76, 0.88]   
23                                  0.746310                [0.67, 0.82]   
24                                  0.852993                  [0.8, 0.9]   
25                                  0.861865                [0.81, 0.91]   
26                                  0.758309                [0.68, 0.83]   

    Transitivity Consistency Ratio (%)  
0                                  NaN  
1                            76.363636  
2                           100.000000  
3                            78.181818  
4                            73.076923  
5                            76.363636  
6                            76.363636  
7                            76.363636  
8                            46.153846  
9                            75.316456  
10                           28.571429  
11                           76.363636  
12                           76.363636  
13                           76.363636  
14                           71.710526  
15                           75.316456  
16                           71.710526  
17                           75.316456  
18                           76.363636  
19                           76.363636  
20                           70.666667  
21                           73.584906  
22                           76.363636  
23                           76.363636  
24                           76.363636  
25                           76.363636  
26                           76.363636  

Results have been saved to 'reliability_analysis.csv'
Author
10      0.000000
7      22.615973
5      27.608744
8      43.998202
1      45.564998
6      46.995552
3      61.123585
4      74.619818
0      77.597602
2      91.170733
9     100.000000
Name: Score, dtype: float64

Results have been saved to 'pagerank_results_balanced.csv'
Combined Results:
                                          Subcategory  \
0                                     Topic Relevance   
1                    Comprehensiveness of Information   
2                             Accuracy of Information   
3                        Innovativeness of Viewpoints   
4       Integration of Interdisciplinary Perspectives   
5                        Clarity of Logical Structure   
6               Reasonableness of Chapter Arrangement   
7              Quality of Introduction and Conclusion   
8              Accuracy and Completeness of Citations   
9              Timeliness and Relevance of References   
10   Avoidance of Plagiarism and Appropriate Citation   
11             Critical Analysis of Existing Research   
12   Proposal of New Research Directions or Questions   
13                Potential Contribution to the Field   
14             Clarity of Research Method Description   
15                    Rationality of Method Selection   
16                           Rigor of Research Design   
17               Inclusion of Latest Research Results   
18            Reflection of Current Research Hotspots   
19                     Fluency of Language Expression   
20    Appropriateness of Professional Terminology Use   
21                          Conciseness of Expression   
22  Practical Application Potential of Research Re...   
23                Feasibility of Proposed Suggestions   
24                             Logic of Argumentation   
25                   Multi-angle Analysis of Problems   
26  Identification and Discussion of Research Limi...   

    ICC (Intraclass Correlation Coefficient) ICC 95% Confidence Interval  \
0                                   0.360132                [0.26, 0.48]   
1                                   0.910026                [0.87, 0.94]   
2                                   0.336261                [0.24, 0.45]   
3                                   0.878078                [0.83, 0.92]   
4                                   0.896293                [0.86, 0.93]   
5                                   0.900628                [0.86, 0.93]   
6                                   0.880667                [0.84, 0.92]   
7                                   0.860052                [0.81, 0.91]   
8                                   0.695880                [0.61, 0.78]   
9                                   0.752320                [0.67, 0.83]   
10                                  0.337255                [0.24, 0.46]   
11                                  0.875043                [0.83, 0.92]   
12                                  0.834745                [0.78, 0.89]   
13                                  0.848845                 [0.79, 0.9]   
14                                  0.782516                [0.71, 0.85]   
15                                  0.793677                [0.72, 0.86]   
16                                  0.787206                [0.72, 0.85]   
17                                  0.767132                [0.69, 0.84]   
18                                  0.832031                [0.77, 0.89]   
19                                  0.764084                [0.69, 0.83]   
20                                  0.710014                [0.62, 0.79]   
21                                  0.746208                [0.67, 0.82]   
22                                  0.825396                [0.76, 0.88]   
23                                  0.746310                [0.67, 0.82]   
24                                  0.852993                  [0.8, 0.9]   
25                                  0.861865                [0.81, 0.91]   
26                                  0.758309                [0.68, 0.83]   

    Transitivity Consistency Ratio (%)  
0                                  NaN  
1                            76.363636  
2                           100.000000  
3                            78.181818  
4                            73.076923  
5                            76.363636  
6                            76.363636  
7                            76.363636  
8                            46.153846  
9                            75.316456  
10                           28.571429  
11                           76.363636  
12                           76.363636  
13                           76.363636  
14                           71.710526  
15                           75.316456  
16                           71.710526  
17                           75.316456  
18                           76.363636  
19                           76.363636  
20                           70.666667  
21                           73.584906  
22                           76.363636  
23                           76.363636  
24                           76.363636  
25                           76.363636  
26                           76.363636  

Results have been saved to 'reliability_analysis.csv'
