Author
10      0.000000
5      15.702666
7      18.599207
4      27.239940
6      37.665025
8      39.687875
0      42.028694
1      42.981000
3      56.043596
2      70.981779
9     100.000000
Name: Score, dtype: float64

Results have been saved to 'pagerank_results_balanced.csv'
Combined Results:
                                          Subcategory  \
0                                     Topic Relevance   
1                    Comprehensiveness of Information   
2                             Accuracy of Information   
3                        Innovativeness of Viewpoints   
4       Integration of Interdisciplinary Perspectives   
5                        Clarity of Logical Structure   
6               Reasonableness of Chapter Arrangement   
7              Quality of Introduction and Conclusion   
8              Accuracy and Completeness of Citations   
9              Timeliness and Relevance of References   
10   Avoidance of Plagiarism and Appropriate Citation   
11             Critical Analysis of Existing Research   
12   Proposal of New Research Directions or Questions   
13                Potential Contribution to the Field   
14             Clarity of Research Method Description   
15                    Rationality of Method Selection   
16                           Rigor of Research Design   
17               Inclusion of Latest Research Results   
18            Reflection of Current Research Hotspots   
19                     Fluency of Language Expression   
20    Appropriateness of Professional Terminology Use   
21                          Conciseness of Expression   
22  Practical Application Potential of Research Re...   
23                Feasibility of Proposed Suggestions   
24                             Logic of Argumentation   
25                   Multi-angle Analysis of Problems   
26  Identification and Discussion of Research Limi...   

    ICC (Intraclass Correlation Coefficient) ICC 95% Confidence Interval  \
0                                   0.657257                [0.56, 0.75]   
1                                   0.852431                  [0.8, 0.9]   
2                                   0.609969                [0.51, 0.71]   
3                                   0.769340                [0.69, 0.84]   
4                                   0.810893                [0.75, 0.87]   
5                                   0.778652                [0.71, 0.85]   
6                                   0.791042                [0.72, 0.85]   
7                                   0.722555                 [0.64, 0.8]   
8                                   0.835453                [0.78, 0.89]   
9                                   0.808174                [0.74, 0.87]   
10                                  0.561620                [0.46, 0.67]   
11                                  0.781163                [0.71, 0.85]   
12                                  0.753028                [0.68, 0.83]   
13                                  0.779575                [0.71, 0.85]   
14                                  0.742307                [0.66, 0.82]   
15                                  0.742429                [0.66, 0.82]   
16                                  0.726365                [0.64, 0.81]   
17                                  0.798113                [0.73, 0.86]   
18                                  0.761664                [0.69, 0.83]   
19                                  0.673345                [0.58, 0.76]   
20                                  0.625475                [0.53, 0.72]   
21                                  0.658897                [0.57, 0.75]   
22                                  0.770557                 [0.7, 0.84]   
23                                  0.561395                [0.46, 0.67]   
24                                  0.718611                 [0.63, 0.8]   
25                                  0.730952                [0.65, 0.81]   
26                                  0.678421                [0.59, 0.77]   

    Transitivity Consistency Ratio (%)  
0                            90.303030  
1                            81.818182  
2                            86.666667  
3                            83.030303  
4                            79.393939  
5                            79.393939  
6                            76.969697  
7                            76.363636  
8                            86.666667  
9                            80.606061  
10                           90.303030  
11                           83.636364  
12                           81.818182  
13                           83.636364  
14                           80.000000  
15                           80.000000  
16                           80.606061  
17                           80.606061  
18                           80.000000  
19                           81.818182  
20                           79.393939  
21                           83.636364  
22                           82.424242  
23                           82.424242  
24                           78.787879  
25                           78.787879  
26                           79.393939  

Results have been saved to 'reliability_analysis.csv'
Author
10      0.000000
5      38.104750
7      40.558978
4      50.350123
6      59.949142
8      62.611351
0      64.185115
1      64.872475
3      73.334316
2      83.459003
9     100.000000
Name: Score, dtype: float64

Results have been saved to 'pagerank_results_balanced.csv'
Combined Results:
                                          Subcategory  \
0                                     Topic Relevance   
1                    Comprehensiveness of Information   
2                             Accuracy of Information   
3                        Innovativeness of Viewpoints   
4       Integration of Interdisciplinary Perspectives   
5                        Clarity of Logical Structure   
6               Reasonableness of Chapter Arrangement   
7              Quality of Introduction and Conclusion   
8              Accuracy and Completeness of Citations   
9              Timeliness and Relevance of References   
10   Avoidance of Plagiarism and Appropriate Citation   
11             Critical Analysis of Existing Research   
12   Proposal of New Research Directions or Questions   
13                Potential Contribution to the Field   
14             Clarity of Research Method Description   
15                    Rationality of Method Selection   
16                           Rigor of Research Design   
17               Inclusion of Latest Research Results   
18            Reflection of Current Research Hotspots   
19                     Fluency of Language Expression   
20    Appropriateness of Professional Terminology Use   
21                          Conciseness of Expression   
22  Practical Application Potential of Research Re...   
23                Feasibility of Proposed Suggestions   
24                             Logic of Argumentation   
25                   Multi-angle Analysis of Problems   
26  Identification and Discussion of Research Limi...   

    ICC (Intraclass Correlation Coefficient) ICC 95% Confidence Interval  \
0                                   0.649073                [0.56, 0.74]   
1                                   0.868530                [0.82, 0.91]   
2                                   0.642704                [0.55, 0.74]   
3                                   0.818284                [0.75, 0.88]   
4                                   0.832937                [0.77, 0.89]   
5                                   0.808935                [0.74, 0.87]   
6                                   0.822462                [0.76, 0.88]   
7                                   0.758374                [0.68, 0.83]   
8                                   0.807962                [0.74, 0.87]   
9                                   0.855639                  [0.8, 0.9]   
10                                  0.555197                [0.45, 0.66]   
11                                  0.829504                [0.77, 0.88]   
12                                  0.805721                [0.74, 0.87]   
13                                  0.823427                [0.76, 0.88]   
14                                  0.781741                [0.71, 0.85]   
15                                  0.789721                [0.72, 0.85]   
16                                  0.718121                 [0.63, 0.8]   
17                                  0.834920                [0.78, 0.89]   
18                                  0.779951                [0.71, 0.85]   
19                                  0.665367                [0.57, 0.76]   
20                                  0.624030                [0.53, 0.72]   
21                                  0.609063                [0.51, 0.71]   
22                                  0.818769                [0.76, 0.88]   
23                                  0.671488                [0.58, 0.76]   
24                                  0.746420                [0.67, 0.82]   
25                                  0.747088                [0.67, 0.82]   
26                                  0.714499                 [0.63, 0.8]   

    Transitivity Consistency Ratio (%)  
0                            90.303030  
1                            81.818182  
2                            86.666667  
3                            83.030303  
4                            79.393939  
5                            80.000000  
6                            76.969697  
7                            76.969697  
8                            86.666667  
9                            80.606061  
10                           90.303030  
11                           83.636364  
12                           81.818182  
13                           83.636364  
14                           80.000000  
15                           80.000000  
16                           80.606061  
17                           80.606061  
18                           80.000000  
19                           81.212121  
20                           79.393939  
21                           83.030303  
22                           82.424242  
23                           82.424242  
24                           78.787879  
25                           78.787879  
26                           79.393939  

Results have been saved to 'reliability_analysis.csv'
Author
10      0.000000
5      38.104750
7      40.558978
4      50.350123
6      59.949142
8      62.611351
0      64.185115
1      64.872475
3      73.334316
2      83.459003
9     100.000000
Name: Score, dtype: float64

Results have been saved to 'pagerank_results_balanced.csv'
Combined Results:
                                          Subcategory  \
0                                     Topic Relevance   
1                    Comprehensiveness of Information   
2                             Accuracy of Information   
3                        Innovativeness of Viewpoints   
4       Integration of Interdisciplinary Perspectives   
5                        Clarity of Logical Structure   
6               Reasonableness of Chapter Arrangement   
7              Quality of Introduction and Conclusion   
8              Accuracy and Completeness of Citations   
9              Timeliness and Relevance of References   
10   Avoidance of Plagiarism and Appropriate Citation   
11             Critical Analysis of Existing Research   
12   Proposal of New Research Directions or Questions   
13                Potential Contribution to the Field   
14             Clarity of Research Method Description   
15                    Rationality of Method Selection   
16                           Rigor of Research Design   
17               Inclusion of Latest Research Results   
18            Reflection of Current Research Hotspots   
19                     Fluency of Language Expression   
20    Appropriateness of Professional Terminology Use   
21                          Conciseness of Expression   
22  Practical Application Potential of Research Re...   
23                Feasibility of Proposed Suggestions   
24                             Logic of Argumentation   
25                   Multi-angle Analysis of Problems   
26  Identification and Discussion of Research Limi...   

    ICC (Intraclass Correlation Coefficient) ICC 95% Confidence Interval  \
0                                   0.649073                [0.56, 0.74]   
1                                   0.868530                [0.82, 0.91]   
2                                   0.642704                [0.55, 0.74]   
3                                   0.818284                [0.75, 0.88]   
4                                   0.832937                [0.77, 0.89]   
5                                   0.808935                [0.74, 0.87]   
6                                   0.822462                [0.76, 0.88]   
7                                   0.758374                [0.68, 0.83]   
8                                   0.807962                [0.74, 0.87]   
9                                   0.855639                  [0.8, 0.9]   
10                                  0.555197                [0.45, 0.66]   
11                                  0.829504                [0.77, 0.88]   
12                                  0.805721                [0.74, 0.87]   
13                                  0.823427                [0.76, 0.88]   
14                                  0.781741                [0.71, 0.85]   
15                                  0.789721                [0.72, 0.85]   
16                                  0.718121                 [0.63, 0.8]   
17                                  0.834920                [0.78, 0.89]   
18                                  0.779951                [0.71, 0.85]   
19                                  0.665367                [0.57, 0.76]   
20                                  0.624030                [0.53, 0.72]   
21                                  0.609063                [0.51, 0.71]   
22                                  0.818769                [0.76, 0.88]   
23                                  0.671488                [0.58, 0.76]   
24                                  0.746420                [0.67, 0.82]   
25                                  0.747088                [0.67, 0.82]   
26                                  0.714499                 [0.63, 0.8]   

    Transitivity Consistency Ratio (%)  
0                            90.303030  
1                            81.818182  
2                            86.666667  
3                            83.030303  
4                            79.393939  
5                            80.000000  
6                            76.969697  
7                            76.969697  
8                            86.666667  
9                            80.606061  
10                           90.303030  
11                           83.636364  
12                           81.818182  
13                           83.636364  
14                           80.000000  
15                           80.000000  
16                           80.606061  
17                           80.606061  
18                           80.000000  
19                           81.212121  
20                           79.393939  
21                           83.030303  
22                           82.424242  
23                           82.424242  
24                           78.787879  
25                           78.787879  
26                           79.393939  

Results have been saved to 'reliability_analysis.csv'
Author
10      0.000000
5      40.557345
7      40.620690
4      47.159306
6      57.979050
8      63.709990
1      64.817266
0      64.962826
3      73.294835
2      84.692440
9     100.000000
Name: Score, dtype: float64

Results have been saved to 'pagerank_results_balanced.csv'
Combined Results:
                                          Subcategory  \
0                                     Topic Relevance   
1                    Comprehensiveness of Information   
2                             Accuracy of Information   
3                        Innovativeness of Viewpoints   
4       Integration of Interdisciplinary Perspectives   
5                        Clarity of Logical Structure   
6               Reasonableness of Chapter Arrangement   
7              Quality of Introduction and Conclusion   
8              Accuracy and Completeness of Citations   
9              Timeliness and Relevance of References   
10   Avoidance of Plagiarism and Appropriate Citation   
11             Critical Analysis of Existing Research   
12   Proposal of New Research Directions or Questions   
13                Potential Contribution to the Field   
14             Clarity of Research Method Description   
15                    Rationality of Method Selection   
16                           Rigor of Research Design   
17               Inclusion of Latest Research Results   
18            Reflection of Current Research Hotspots   
19                     Fluency of Language Expression   
20    Appropriateness of Professional Terminology Use   
21                          Conciseness of Expression   
22  Practical Application Potential of Research Re...   
23                Feasibility of Proposed Suggestions   
24                             Logic of Argumentation   
25                   Multi-angle Analysis of Problems   
26  Identification and Discussion of Research Limi...   

    ICC (Intraclass Correlation Coefficient) ICC 95% Confidence Interval  \
0                                   0.649073                [0.56, 0.74]   
1                                   0.868530                [0.82, 0.91]   
2                                   0.642704                [0.55, 0.74]   
3                                   0.818284                [0.75, 0.88]   
4                                   0.832937                [0.77, 0.89]   
5                                   0.808935                [0.74, 0.87]   
6                                   0.822462                [0.76, 0.88]   
7                                   0.758374                [0.68, 0.83]   
8                                   0.807962                [0.74, 0.87]   
9                                   0.855639                  [0.8, 0.9]   
10                                  0.555197                [0.45, 0.66]   
11                                  0.829504                [0.77, 0.88]   
12                                  0.805721                [0.74, 0.87]   
13                                  0.823427                [0.76, 0.88]   
14                                  0.781741                [0.71, 0.85]   
15                                  0.789721                [0.72, 0.85]   
16                                  0.718121                 [0.63, 0.8]   
17                                  0.834920                [0.78, 0.89]   
18                                  0.779951                [0.71, 0.85]   
19                                  0.665367                [0.57, 0.76]   
20                                  0.624030                [0.53, 0.72]   
21                                  0.609063                [0.51, 0.71]   
22                                  0.818769                [0.76, 0.88]   
23                                  0.671488                [0.58, 0.76]   
24                                  0.746420                [0.67, 0.82]   
25                                  0.747088                [0.67, 0.82]   
26                                  0.714499                 [0.63, 0.8]   

    Transitivity Consistency Ratio (%)  
0                            27.272727  
1                            81.818182  
2                            24.137931  
3                            82.165605  
4                            79.393939  
5                            80.000000  
6                            76.969697  
7                            75.796178  
8                            35.294118  
9                            80.606061  
10                           27.272727  
11                           83.636364  
12                           81.818182  
13                           83.636364  
14                           80.000000  
15                           80.000000  
16                           80.606061  
17                           80.606061  
18                           80.000000  
19                           80.128205  
20                           79.393939  
21                           81.081081  
22                           81.761006  
23                           82.424242  
24                           78.787879  
25                           78.787879  
26                           79.393939  

Results have been saved to 'reliability_analysis.csv'
Author
10      0.000000
5      40.557345
7      40.620690
4      47.159306
6      57.979050
8      63.709990
1      64.817266
0      64.962826
3      73.294835
2      84.692440
9     100.000000
Name: Score, dtype: float64

Results have been saved to 'pagerank_results_balanced.csv'
Combined Results:
                                          Subcategory  \
0                                     Topic Relevance   
1                    Comprehensiveness of Information   
2                             Accuracy of Information   
3                        Innovativeness of Viewpoints   
4       Integration of Interdisciplinary Perspectives   
5                        Clarity of Logical Structure   
6               Reasonableness of Chapter Arrangement   
7              Quality of Introduction and Conclusion   
8              Accuracy and Completeness of Citations   
9              Timeliness and Relevance of References   
10   Avoidance of Plagiarism and Appropriate Citation   
11             Critical Analysis of Existing Research   
12   Proposal of New Research Directions or Questions   
13                Potential Contribution to the Field   
14             Clarity of Research Method Description   
15                    Rationality of Method Selection   
16                           Rigor of Research Design   
17               Inclusion of Latest Research Results   
18            Reflection of Current Research Hotspots   
19                     Fluency of Language Expression   
20    Appropriateness of Professional Terminology Use   
21                          Conciseness of Expression   
22  Practical Application Potential of Research Re...   
23                Feasibility of Proposed Suggestions   
24                             Logic of Argumentation   
25                   Multi-angle Analysis of Problems   
26  Identification and Discussion of Research Limi...   

    ICC (Intraclass Correlation Coefficient) ICC 95% Confidence Interval  \
0                                   0.649073                [0.56, 0.74]   
1                                   0.868530                [0.82, 0.91]   
2                                   0.642704                [0.55, 0.74]   
3                                   0.818284                [0.75, 0.88]   
4                                   0.832937                [0.77, 0.89]   
5                                   0.808935                [0.74, 0.87]   
6                                   0.822462                [0.76, 0.88]   
7                                   0.758374                [0.68, 0.83]   
8                                   0.807962                [0.74, 0.87]   
9                                   0.855639                  [0.8, 0.9]   
10                                  0.555197                [0.45, 0.66]   
11                                  0.829504                [0.77, 0.88]   
12                                  0.805721                [0.74, 0.87]   
13                                  0.823427                [0.76, 0.88]   
14                                  0.781741                [0.71, 0.85]   
15                                  0.789721                [0.72, 0.85]   
16                                  0.718121                 [0.63, 0.8]   
17                                  0.834920                [0.78, 0.89]   
18                                  0.779951                [0.71, 0.85]   
19                                  0.665367                [0.57, 0.76]   
20                                  0.624030                [0.53, 0.72]   
21                                  0.609063                [0.51, 0.71]   
22                                  0.818769                [0.76, 0.88]   
23                                  0.671488                [0.58, 0.76]   
24                                  0.746420                [0.67, 0.82]   
25                                  0.747088                [0.67, 0.82]   
26                                  0.714499                 [0.63, 0.8]   

    Transitivity Consistency Ratio (%)  
0                            27.272727  
1                            81.818182  
2                            24.137931  
3                            82.165605  
4                            79.393939  
5                            80.000000  
6                            76.969697  
7                            75.796178  
8                            35.294118  
9                            80.606061  
10                           27.272727  
11                           83.636364  
12                           81.818182  
13                           83.636364  
14                           80.000000  
15                           80.000000  
16                           80.606061  
17                           80.606061  
18                           80.000000  
19                           80.128205  
20                           79.393939  
21                           81.081081  
22                           81.761006  
23                           82.424242  
24                           78.787879  
25                           78.787879  
26                           79.393939  

Results have been saved to 'reliability_analysis.csv'
