Author
10     0.000000
7     33.294435
3     35.938977
0     37.331009
4     39.688064
5     40.804354
1     73.042391
6     77.757710
2     91.654567
8     96.486951
9     99.994507
Name: Score, dtype: float64

Results have been saved to 'pagerank_results_balanced.csv'
Combined Results:
                                          Subcategory  \
0                                     Topic Relevance   
1                    Comprehensiveness of Information   
2                             Accuracy of Information   
3                        Innovativeness of Viewpoints   
4       Integration of Interdisciplinary Perspectives   
5                        Clarity of Logical Structure   
6               Reasonableness of Chapter Arrangement   
7              Quality of Introduction and Conclusion   
8              Accuracy and Completeness of Citations   
9              Timeliness and Relevance of References   
10   Avoidance of Plagiarism and Appropriate Citation   
11             Critical Analysis of Existing Research   
12   Proposal of New Research Directions or Questions   
13                Potential Contribution to the Field   
14             Clarity of Research Method Description   
15                    Rationality of Method Selection   
16                           Rigor of Research Design   
17               Inclusion of Latest Research Results   
18            Reflection of Current Research Hotspots   
19                     Fluency of Language Expression   
20    Appropriateness of Professional Terminology Use   
21                          Conciseness of Expression   
22  Practical Application Potential of Research Re...   
23                Feasibility of Proposed Suggestions   
24                             Logic of Argumentation   
25                   Multi-angle Analysis of Problems   
26  Identification and Discussion of Research Limi...   

    ICC (Intraclass Correlation Coefficient) ICC 95% Confidence Interval  \
0                                   0.557405                [0.46, 0.67]   
1                                   0.906315                [0.87, 0.94]   
2                                   0.447413                [0.35, 0.57]   
3                                   0.854552                  [0.8, 0.9]   
4                                   0.816708                [0.75, 0.87]   
5                                   0.751047                [0.67, 0.82]   
6                                   0.799804                [0.73, 0.86]   
7                                   0.790882                [0.72, 0.85]   
8                                   0.716897                 [0.63, 0.8]   
9                                   0.700806                [0.61, 0.79]   
10                                  0.468928                [0.37, 0.59]   
11                                  0.786647                [0.72, 0.85]   
12                                  0.792628                [0.72, 0.86]   
13                                  0.774963                 [0.7, 0.84]   
14                                  0.688679                 [0.6, 0.78]   
15                                  0.717814                 [0.63, 0.8]   
16                                  0.696004                [0.61, 0.78]   
17                                  0.699743                [0.61, 0.78]   
18                                  0.757058                [0.68, 0.83]   
19                                  0.628971                [0.53, 0.73]   
20                                  0.652275                [0.56, 0.75]   
21                                  0.611994                [0.51, 0.71]   
22                                  0.763313                [0.69, 0.83]   
23                                  0.757412                [0.68, 0.83]   
24                                  0.796459                [0.73, 0.86]   
25                                  0.819764                [0.76, 0.88]   
26                                  0.731706                [0.65, 0.81]   

    Transitivity Consistency Ratio (%)  
0                            74.545455  
1                            78.787879  
2                            83.636364  
3                            77.575758  
4                            78.787879  
5                            78.787879  
6                            78.787879  
7                            78.787879  
8                            78.181818  
9                            78.787879  
10                           88.484848  
11                           78.787879  
12                           77.575758  
13                           78.787879  
14                           79.393939  
15                           78.787879  
16                           78.181818  
17                           78.787879  
18                           78.787879  
19                           78.787879  
20                           78.787879  
21                           77.575758  
22                           77.575758  
23                           77.575758  
24                           78.787879  
25                           78.787879  
26                           78.787879  

Results have been saved to 'reliability_analysis.csv'
Author
10     0.000000
7     33.294435
3     35.938977
0     37.331009
4     39.688064
5     40.804354
1     73.042391
6     77.757710
2     91.654567
8     96.486951
9     99.994507
Name: Score, dtype: float64

Results have been saved to 'pagerank_results_balanced.csv'
Combined Results:
                                          Subcategory  \
0                                     Topic Relevance   
1                    Comprehensiveness of Information   
2                             Accuracy of Information   
3                        Innovativeness of Viewpoints   
4       Integration of Interdisciplinary Perspectives   
5                        Clarity of Logical Structure   
6               Reasonableness of Chapter Arrangement   
7              Quality of Introduction and Conclusion   
8              Accuracy and Completeness of Citations   
9              Timeliness and Relevance of References   
10   Avoidance of Plagiarism and Appropriate Citation   
11             Critical Analysis of Existing Research   
12   Proposal of New Research Directions or Questions   
13                Potential Contribution to the Field   
14             Clarity of Research Method Description   
15                    Rationality of Method Selection   
16                           Rigor of Research Design   
17               Inclusion of Latest Research Results   
18            Reflection of Current Research Hotspots   
19                     Fluency of Language Expression   
20    Appropriateness of Professional Terminology Use   
21                          Conciseness of Expression   
22  Practical Application Potential of Research Re...   
23                Feasibility of Proposed Suggestions   
24                             Logic of Argumentation   
25                   Multi-angle Analysis of Problems   
26  Identification and Discussion of Research Limi...   

    ICC (Intraclass Correlation Coefficient) ICC 95% Confidence Interval  \
0                                   0.557405                [0.46, 0.67]   
1                                   0.906315                [0.87, 0.94]   
2                                   0.447413                [0.35, 0.57]   
3                                   0.854552                  [0.8, 0.9]   
4                                   0.816708                [0.75, 0.87]   
5                                   0.751047                [0.67, 0.82]   
6                                   0.799804                [0.73, 0.86]   
7                                   0.790882                [0.72, 0.85]   
8                                   0.716897                 [0.63, 0.8]   
9                                   0.700806                [0.61, 0.79]   
10                                  0.468928                [0.37, 0.59]   
11                                  0.786647                [0.72, 0.85]   
12                                  0.792628                [0.72, 0.86]   
13                                  0.774963                 [0.7, 0.84]   
14                                  0.688679                 [0.6, 0.78]   
15                                  0.717814                 [0.63, 0.8]   
16                                  0.696004                [0.61, 0.78]   
17                                  0.699743                [0.61, 0.78]   
18                                  0.757058                [0.68, 0.83]   
19                                  0.628971                [0.53, 0.73]   
20                                  0.652275                [0.56, 0.75]   
21                                  0.611994                [0.51, 0.71]   
22                                  0.763313                [0.69, 0.83]   
23                                  0.757412                [0.68, 0.83]   
24                                  0.796459                [0.73, 0.86]   
25                                  0.819764                [0.76, 0.88]   
26                                  0.731706                [0.65, 0.81]   

    Transitivity Consistency Ratio (%)  
0                            74.545455  
1                            78.787879  
2                            83.636364  
3                            77.575758  
4                            78.787879  
5                            78.787879  
6                            78.787879  
7                            78.787879  
8                            78.181818  
9                            78.787879  
10                           88.484848  
11                           78.787879  
12                           77.575758  
13                           78.787879  
14                           79.393939  
15                           78.787879  
16                           78.181818  
17                           78.787879  
18                           78.787879  
19                           78.787879  
20                           78.787879  
21                           77.575758  
22                           77.575758  
23                           77.575758  
24                           78.787879  
25                           78.787879  
26                           78.787879  

Results have been saved to 'reliability_analysis.csv'
Author
10     0.000000
7     27.808533
3     30.404804
0     32.994521
5     34.003104
4     34.956532
1     71.479730
6     76.559369
2     91.965837
8     96.465645
9     99.990576
Name: Score, dtype: float64

Results have been saved to 'pagerank_results_balanced.csv'
Combined Results:
                                          Subcategory  \
0                                     Topic Relevance   
1                    Comprehensiveness of Information   
2                             Accuracy of Information   
3                        Innovativeness of Viewpoints   
4       Integration of Interdisciplinary Perspectives   
5                        Clarity of Logical Structure   
6               Reasonableness of Chapter Arrangement   
7              Quality of Introduction and Conclusion   
8              Accuracy and Completeness of Citations   
9              Timeliness and Relevance of References   
10   Avoidance of Plagiarism and Appropriate Citation   
11             Critical Analysis of Existing Research   
12   Proposal of New Research Directions or Questions   
13                Potential Contribution to the Field   
14             Clarity of Research Method Description   
15                    Rationality of Method Selection   
16                           Rigor of Research Design   
17               Inclusion of Latest Research Results   
18            Reflection of Current Research Hotspots   
19                     Fluency of Language Expression   
20    Appropriateness of Professional Terminology Use   
21                          Conciseness of Expression   
22  Practical Application Potential of Research Re...   
23                Feasibility of Proposed Suggestions   
24                             Logic of Argumentation   
25                   Multi-angle Analysis of Problems   
26  Identification and Discussion of Research Limi...   

    ICC (Intraclass Correlation Coefficient) ICC 95% Confidence Interval  \
0                                   0.557405                [0.46, 0.67]   
1                                   0.906315                [0.87, 0.94]   
2                                   0.447413                [0.35, 0.57]   
3                                   0.854552                  [0.8, 0.9]   
4                                   0.816708                [0.75, 0.87]   
5                                   0.751047                [0.67, 0.82]   
6                                   0.799804                [0.73, 0.86]   
7                                   0.790882                [0.72, 0.85]   
8                                   0.716897                 [0.63, 0.8]   
9                                   0.700806                [0.61, 0.79]   
10                                  0.468928                [0.37, 0.59]   
11                                  0.786647                [0.72, 0.85]   
12                                  0.792628                [0.72, 0.86]   
13                                  0.774963                 [0.7, 0.84]   
14                                  0.688679                 [0.6, 0.78]   
15                                  0.717814                 [0.63, 0.8]   
16                                  0.696004                [0.61, 0.78]   
17                                  0.699743                [0.61, 0.78]   
18                                  0.757058                [0.68, 0.83]   
19                                  0.628971                [0.53, 0.73]   
20                                  0.652275                [0.56, 0.75]   
21                                  0.611994                [0.51, 0.71]   
22                                  0.763313                [0.69, 0.83]   
23                                  0.757412                [0.68, 0.83]   
24                                  0.796459                [0.73, 0.86]   
25                                  0.819764                [0.76, 0.88]   
26                                  0.731706                [0.65, 0.81]   

    Transitivity Consistency Ratio (%)  
0                            70.212766  
1                            78.787879  
2                            46.000000  
3                            77.575758  
4                            78.787879  
5                            78.787879  
6                            78.787879  
7                            78.787879  
8                            74.468085  
9                            77.707006  
10                           58.695652  
11                           77.707006  
12                           77.575758  
13                           77.707006  
14                           77.333333  
15                           77.707006  
16                           78.181818  
17                           77.707006  
18                           78.787879  
19                           78.787879  
20                           76.821192  
21                           77.575758  
22                           77.575758  
23                           77.575758  
24                           78.787879  
25                           78.787879  
26                           78.787879  

Results have been saved to 'reliability_analysis.csv'
Author
10     0.000000
7     27.808533
3     30.404804
0     32.994521
5     34.003104
4     34.956532
1     71.479730
6     76.559369
2     91.965837
8     96.465645
9     99.990576
Name: Score, dtype: float64

Results have been saved to 'pagerank_results_balanced.csv'
Combined Results:
                                          Subcategory  \
0                                     Topic Relevance   
1                    Comprehensiveness of Information   
2                             Accuracy of Information   
3                        Innovativeness of Viewpoints   
4       Integration of Interdisciplinary Perspectives   
5                        Clarity of Logical Structure   
6               Reasonableness of Chapter Arrangement   
7              Quality of Introduction and Conclusion   
8              Accuracy and Completeness of Citations   
9              Timeliness and Relevance of References   
10   Avoidance of Plagiarism and Appropriate Citation   
11             Critical Analysis of Existing Research   
12   Proposal of New Research Directions or Questions   
13                Potential Contribution to the Field   
14             Clarity of Research Method Description   
15                    Rationality of Method Selection   
16                           Rigor of Research Design   
17               Inclusion of Latest Research Results   
18            Reflection of Current Research Hotspots   
19                     Fluency of Language Expression   
20    Appropriateness of Professional Terminology Use   
21                          Conciseness of Expression   
22  Practical Application Potential of Research Re...   
23                Feasibility of Proposed Suggestions   
24                             Logic of Argumentation   
25                   Multi-angle Analysis of Problems   
26  Identification and Discussion of Research Limi...   

    ICC (Intraclass Correlation Coefficient) ICC 95% Confidence Interval  \
0                                   0.557405                [0.46, 0.67]   
1                                   0.906315                [0.87, 0.94]   
2                                   0.447413                [0.35, 0.57]   
3                                   0.854552                  [0.8, 0.9]   
4                                   0.816708                [0.75, 0.87]   
5                                   0.751047                [0.67, 0.82]   
6                                   0.799804                [0.73, 0.86]   
7                                   0.790882                [0.72, 0.85]   
8                                   0.716897                 [0.63, 0.8]   
9                                   0.700806                [0.61, 0.79]   
10                                  0.468928                [0.37, 0.59]   
11                                  0.786647                [0.72, 0.85]   
12                                  0.792628                [0.72, 0.86]   
13                                  0.774963                 [0.7, 0.84]   
14                                  0.688679                 [0.6, 0.78]   
15                                  0.717814                 [0.63, 0.8]   
16                                  0.696004                [0.61, 0.78]   
17                                  0.699743                [0.61, 0.78]   
18                                  0.757058                [0.68, 0.83]   
19                                  0.628971                [0.53, 0.73]   
20                                  0.652275                [0.56, 0.75]   
21                                  0.611994                [0.51, 0.71]   
22                                  0.763313                [0.69, 0.83]   
23                                  0.757412                [0.68, 0.83]   
24                                  0.796459                [0.73, 0.86]   
25                                  0.819764                [0.76, 0.88]   
26                                  0.731706                [0.65, 0.81]   

    Transitivity Consistency Ratio (%)  
0                            70.212766  
1                            78.787879  
2                            46.000000  
3                            77.575758  
4                            78.787879  
5                            78.787879  
6                            78.787879  
7                            78.787879  
8                            74.468085  
9                            77.707006  
10                           58.695652  
11                           77.707006  
12                           77.575758  
13                           77.707006  
14                           77.333333  
15                           77.707006  
16                           78.181818  
17                           77.707006  
18                           78.787879  
19                           78.787879  
20                           76.821192  
21                           77.575758  
22                           77.575758  
23                           77.575758  
24                           78.787879  
25                           78.787879  
26                           78.787879  

Results have been saved to 'reliability_analysis.csv'
