Author
10     0.212268
4      4.257490
6     26.956230
1     29.335104
2     39.920459
5     51.750829
7     71.514732
8     90.577309
9     91.823687
3     96.698942
0     99.924871
Name: Score, dtype: float64

Results have been saved to 'pagerank_results_balanced.csv'
Combined Results:
                                          Subcategory  \
0                                     Topic Relevance   
1                    Comprehensiveness of Information   
2                             Accuracy of Information   
3                        Innovativeness of Viewpoints   
4       Integration of Interdisciplinary Perspectives   
5                        Clarity of Logical Structure   
6               Reasonableness of Chapter Arrangement   
7              Quality of Introduction and Conclusion   
8              Accuracy and Completeness of Citations   
9              Timeliness and Relevance of References   
10   Avoidance of Plagiarism and Appropriate Citation   
11             Critical Analysis of Existing Research   
12   Proposal of New Research Directions or Questions   
13                Potential Contribution to the Field   
14             Clarity of Research Method Description   
15                    Rationality of Method Selection   
16                           Rigor of Research Design   
17               Inclusion of Latest Research Results   
18            Reflection of Current Research Hotspots   
19                     Fluency of Language Expression   
20    Appropriateness of Professional Terminology Use   
21                          Conciseness of Expression   
22  Practical Application Potential of Research Re...   
23                Feasibility of Proposed Suggestions   
24                             Logic of Argumentation   
25                   Multi-angle Analysis of Problems   
26  Identification and Discussion of Research Limi...   

    ICC (Intraclass Correlation Coefficient) ICC 95% Confidence Interval  \
0                                   0.556276                [0.45, 0.67]   
1                                   0.752626                [0.67, 0.83]   
2                                   0.217709                [0.14, 0.33]   
3                                   0.773467                 [0.7, 0.84]   
4                                   0.724155                 [0.64, 0.8]   
5                                   0.651625                [0.56, 0.75]   
6                                   0.665049                [0.57, 0.76]   
7                                   0.658538                [0.57, 0.75]   
8                                   0.526969                [0.43, 0.64]   
9                                   0.645245                [0.55, 0.74]   
10                                  0.213090                [0.14, 0.32]   
11                                  0.743377                [0.66, 0.82]   
12                                  0.693568                [0.61, 0.78]   
13                                  0.712907                 [0.63, 0.8]   
14                                  0.646358                [0.55, 0.74]   
15                                  0.650059                [0.56, 0.74]   
16                                  0.636967                [0.54, 0.73]   
17                                  0.667067                [0.58, 0.76]   
18                                  0.694654                [0.61, 0.78]   
19                                  0.655893                [0.56, 0.75]   
20                                  0.646911                [0.55, 0.74]   
21                                  0.651283                [0.56, 0.75]   
22                                  0.726949                [0.64, 0.81]   
23                                  0.693029                 [0.6, 0.78]   
24                                  0.682854                [0.59, 0.77]   
25                                  0.676258                [0.59, 0.77]   
26                                  0.649669                [0.56, 0.74]   

    Transitivity Consistency Ratio (%)  
0                            83.030303  
1                            83.030303  
2                            93.333333  
3                            85.454545  
4                            83.636364  
5                            83.636364  
6                            84.242424  
7                            83.636364  
8                            88.484848  
9                            81.818182  
10                           93.939394  
11                           85.454545  
12                           83.030303  
13                           83.030303  
14                           82.424242  
15                           81.212121  
16                           82.424242  
17                           81.818182  
18                           81.818182  
19                           81.818182  
20                           84.242424  
21                           84.242424  
22                           83.030303  
23                           83.636364  
24                           81.818182  
25                           82.424242  
26                           81.818182  

Results have been saved to 'reliability_analysis.csv'
Author
10     0.170508
4      4.313923
6     25.339786
1     26.963564
2     36.325694
5     54.302817
7     71.888089
8     90.811617
9     91.774322
3     96.425609
0     99.987757
Name: Score, dtype: float64

Results have been saved to 'pagerank_results_balanced.csv'
Combined Results:
                                          Subcategory  \
0                                     Topic Relevance   
1                    Comprehensiveness of Information   
2                             Accuracy of Information   
3                        Innovativeness of Viewpoints   
4       Integration of Interdisciplinary Perspectives   
5                        Clarity of Logical Structure   
6               Reasonableness of Chapter Arrangement   
7              Quality of Introduction and Conclusion   
8              Accuracy and Completeness of Citations   
9              Timeliness and Relevance of References   
10   Avoidance of Plagiarism and Appropriate Citation   
11             Critical Analysis of Existing Research   
12   Proposal of New Research Directions or Questions   
13                Potential Contribution to the Field   
14             Clarity of Research Method Description   
15                    Rationality of Method Selection   
16                           Rigor of Research Design   
17               Inclusion of Latest Research Results   
18            Reflection of Current Research Hotspots   
19                     Fluency of Language Expression   
20    Appropriateness of Professional Terminology Use   
21                          Conciseness of Expression   
22  Practical Application Potential of Research Re...   
23                Feasibility of Proposed Suggestions   
24                             Logic of Argumentation   
25                   Multi-angle Analysis of Problems   
26  Identification and Discussion of Research Limi...   

    ICC (Intraclass Correlation Coefficient) ICC 95% Confidence Interval  \
0                                   0.556276                [0.45, 0.67]   
1                                   0.752626                [0.67, 0.83]   
2                                   0.217709                [0.14, 0.33]   
3                                   0.773467                 [0.7, 0.84]   
4                                   0.724155                 [0.64, 0.8]   
5                                   0.651625                [0.56, 0.75]   
6                                   0.665049                [0.57, 0.76]   
7                                   0.658538                [0.57, 0.75]   
8                                   0.526969                [0.43, 0.64]   
9                                   0.645245                [0.55, 0.74]   
10                                  0.213090                [0.14, 0.32]   
11                                  0.743377                [0.66, 0.82]   
12                                  0.693568                [0.61, 0.78]   
13                                  0.712907                 [0.63, 0.8]   
14                                  0.646358                [0.55, 0.74]   
15                                  0.650059                [0.56, 0.74]   
16                                  0.636967                [0.54, 0.73]   
17                                  0.667067                [0.58, 0.76]   
18                                  0.694654                [0.61, 0.78]   
19                                  0.655893                [0.56, 0.75]   
20                                  0.646911                [0.55, 0.74]   
21                                  0.651283                [0.56, 0.75]   
22                                  0.726949                [0.64, 0.81]   
23                                  0.693029                 [0.6, 0.78]   
24                                  0.682854                [0.59, 0.77]   
25                                  0.676258                [0.59, 0.77]   
26                                  0.649669                [0.56, 0.74]   

    Transitivity Consistency Ratio (%)  
0                            78.625954  
1                            82.051282  
2                            80.701754  
3                            85.454545  
4                            83.636364  
5                            83.636364  
6                            84.242424  
7                            83.636364  
8                            84.297521  
9                            81.818182  
10                           86.486486  
11                           85.454545  
12                           83.030303  
13                           83.030303  
14                           82.424242  
15                           80.503145  
16                           82.424242  
17                           81.818182  
18                           81.818182  
19                           81.818182  
20                           84.242424  
21                           84.242424  
22                           83.030303  
23                           82.802548  
24                           81.012658  
25                           82.424242  
26                           80.392157  

Results have been saved to 'reliability_analysis.csv'
Author
10     0.170508
4      4.313923
6     25.339786
1     26.963564
2     36.325694
5     54.302817
7     71.888089
8     90.811617
9     91.774322
3     96.425609
0     99.987757
Name: Score, dtype: float64

Results have been saved to 'pagerank_results_balanced.csv'
Combined Results:
                                          Subcategory  \
0                                     Topic Relevance   
1                    Comprehensiveness of Information   
2                             Accuracy of Information   
3                        Innovativeness of Viewpoints   
4       Integration of Interdisciplinary Perspectives   
5                        Clarity of Logical Structure   
6               Reasonableness of Chapter Arrangement   
7              Quality of Introduction and Conclusion   
8              Accuracy and Completeness of Citations   
9              Timeliness and Relevance of References   
10   Avoidance of Plagiarism and Appropriate Citation   
11             Critical Analysis of Existing Research   
12   Proposal of New Research Directions or Questions   
13                Potential Contribution to the Field   
14             Clarity of Research Method Description   
15                    Rationality of Method Selection   
16                           Rigor of Research Design   
17               Inclusion of Latest Research Results   
18            Reflection of Current Research Hotspots   
19                     Fluency of Language Expression   
20    Appropriateness of Professional Terminology Use   
21                          Conciseness of Expression   
22  Practical Application Potential of Research Re...   
23                Feasibility of Proposed Suggestions   
24                             Logic of Argumentation   
25                   Multi-angle Analysis of Problems   
26  Identification and Discussion of Research Limi...   

    ICC (Intraclass Correlation Coefficient) ICC 95% Confidence Interval  \
0                                   0.556276                [0.45, 0.67]   
1                                   0.752626                [0.67, 0.83]   
2                                   0.217709                [0.14, 0.33]   
3                                   0.773467                 [0.7, 0.84]   
4                                   0.724155                 [0.64, 0.8]   
5                                   0.651625                [0.56, 0.75]   
6                                   0.665049                [0.57, 0.76]   
7                                   0.658538                [0.57, 0.75]   
8                                   0.526969                [0.43, 0.64]   
9                                   0.645245                [0.55, 0.74]   
10                                  0.213090                [0.14, 0.32]   
11                                  0.743377                [0.66, 0.82]   
12                                  0.693568                [0.61, 0.78]   
13                                  0.712907                 [0.63, 0.8]   
14                                  0.646358                [0.55, 0.74]   
15                                  0.650059                [0.56, 0.74]   
16                                  0.636967                [0.54, 0.73]   
17                                  0.667067                [0.58, 0.76]   
18                                  0.694654                [0.61, 0.78]   
19                                  0.655893                [0.56, 0.75]   
20                                  0.646911                [0.55, 0.74]   
21                                  0.651283                [0.56, 0.75]   
22                                  0.726949                [0.64, 0.81]   
23                                  0.693029                 [0.6, 0.78]   
24                                  0.682854                [0.59, 0.77]   
25                                  0.676258                [0.59, 0.77]   
26                                  0.649669                [0.56, 0.74]   

    Transitivity Consistency Ratio (%)  
0                            78.625954  
1                            82.051282  
2                            80.701754  
3                            85.454545  
4                            83.636364  
5                            83.636364  
6                            84.242424  
7                            83.636364  
8                            84.297521  
9                            81.818182  
10                           86.486486  
11                           85.454545  
12                           83.030303  
13                           83.030303  
14                           82.424242  
15                           80.503145  
16                           82.424242  
17                           81.818182  
18                           81.818182  
19                           81.818182  
20                           84.242424  
21                           84.242424  
22                           83.030303  
23                           82.802548  
24                           81.012658  
25                           82.424242  
26                           80.392157  

Results have been saved to 'reliability_analysis.csv'
