Author
0       0.082725
7       5.544909
10      9.625390
5      27.590964
6      36.381912
8      43.235715
3      53.552248
2      77.951947
1      81.818031
4      92.705587
9     100.000000
Name: Score, dtype: float64

Results have been saved to 'pagerank_results_balanced.csv'
Combined Results:
                                          Subcategory  \
0                                     Topic Relevance   
1                    Comprehensiveness of Information   
2                             Accuracy of Information   
3                        Innovativeness of Viewpoints   
4       Integration of Interdisciplinary Perspectives   
5                        Clarity of Logical Structure   
6               Reasonableness of Chapter Arrangement   
7              Quality of Introduction and Conclusion   
8              Accuracy and Completeness of Citations   
9              Timeliness and Relevance of References   
10   Avoidance of Plagiarism and Appropriate Citation   
11             Critical Analysis of Existing Research   
12   Proposal of New Research Directions or Questions   
13                Potential Contribution to the Field   
14             Clarity of Research Method Description   
15                    Rationality of Method Selection   
16                           Rigor of Research Design   
17               Inclusion of Latest Research Results   
18            Reflection of Current Research Hotspots   
19                     Fluency of Language Expression   
20    Appropriateness of Professional Terminology Use   
21                          Conciseness of Expression   
22  Practical Application Potential of Research Re...   
23                Feasibility of Proposed Suggestions   
24                             Logic of Argumentation   
25                   Multi-angle Analysis of Problems   
26  Identification and Discussion of Research Limi...   

    ICC (Intraclass Correlation Coefficient) ICC 95% Confidence Interval  \
0                                   0.587098                [0.49, 0.69]   
1                                   0.781122                [0.71, 0.85]   
2                                   0.327206                [0.23, 0.45]   
3                                   0.681498                [0.59, 0.77]   
4                                   0.703446                [0.62, 0.79]   
5                                   0.710266                [0.62, 0.79]   
6                                   0.691070                 [0.6, 0.78]   
7                                   0.646320                [0.55, 0.74]   
8                                   0.617486                [0.52, 0.72]   
9                                   0.681895                [0.59, 0.77]   
10                                  0.329112                [0.24, 0.45]   
11                                  0.691072                 [0.6, 0.78]   
12                                  0.572250                [0.47, 0.68]   
13                                  0.651832                [0.56, 0.75]   
14                                  0.685968                 [0.6, 0.77]   
15                                  0.666531                [0.57, 0.76]   
16                                  0.640014                [0.55, 0.74]   
17                                  0.666537                [0.57, 0.76]   
18                                  0.636837                [0.54, 0.73]   
19                                  0.653888                [0.56, 0.75]   
20                                  0.594627                  [0.5, 0.7]   
21                                  0.626335                [0.53, 0.73]   
22                                  0.627100                [0.53, 0.73]   
23                                  0.614917                [0.52, 0.72]   
24                                  0.645899                [0.55, 0.74]   
25                                  0.644772                [0.55, 0.74]   
26                                  0.617909                [0.52, 0.72]   

    Transitivity Consistency Ratio (%)  
0                            81.818182  
1                            80.606061  
2                            82.424242  
3                            75.151515  
4                            80.000000  
5                            78.181818  
6                            79.393939  
7                            79.393939  
8                            76.363636  
9                            76.363636  
10                           75.757576  
11                           75.151515  
12                           74.545455  
13                           75.151515  
14                           76.363636  
15                           76.363636  
16                           76.363636  
17                           76.363636  
18                           77.575758  
19                           79.393939  
20                           80.606061  
21                           78.787879  
22                           75.151515  
23                           75.151515  
24                           78.181818  
25                           79.393939  
26                           75.757576  

Results have been saved to 'reliability_analysis.csv'
Author
0       0.265634
7       4.031554
10      6.766575
5      21.687896
6      29.388895
8      39.184054
3      53.891612
2      77.221239
1      78.623439
4      90.962587
9     100.000000
Name: Score, dtype: float64

Results have been saved to 'pagerank_results_balanced.csv'
Combined Results:
                                          Subcategory  \
0                                     Topic Relevance   
1                    Comprehensiveness of Information   
2                             Accuracy of Information   
3                        Innovativeness of Viewpoints   
4       Integration of Interdisciplinary Perspectives   
5                        Clarity of Logical Structure   
6               Reasonableness of Chapter Arrangement   
7              Quality of Introduction and Conclusion   
8              Accuracy and Completeness of Citations   
9              Timeliness and Relevance of References   
10   Avoidance of Plagiarism and Appropriate Citation   
11             Critical Analysis of Existing Research   
12   Proposal of New Research Directions or Questions   
13                Potential Contribution to the Field   
14             Clarity of Research Method Description   
15                    Rationality of Method Selection   
16                           Rigor of Research Design   
17               Inclusion of Latest Research Results   
18            Reflection of Current Research Hotspots   
19                     Fluency of Language Expression   
20    Appropriateness of Professional Terminology Use   
21                          Conciseness of Expression   
22  Practical Application Potential of Research Re...   
23                Feasibility of Proposed Suggestions   
24                             Logic of Argumentation   
25                   Multi-angle Analysis of Problems   
26  Identification and Discussion of Research Limi...   

    ICC (Intraclass Correlation Coefficient) ICC 95% Confidence Interval  \
0                                   0.587098                [0.49, 0.69]   
1                                   0.781122                [0.71, 0.85]   
2                                   0.327206                [0.23, 0.45]   
3                                   0.681498                [0.59, 0.77]   
4                                   0.703446                [0.62, 0.79]   
5                                   0.710266                [0.62, 0.79]   
6                                   0.691070                 [0.6, 0.78]   
7                                   0.646320                [0.55, 0.74]   
8                                   0.617486                [0.52, 0.72]   
9                                   0.681895                [0.59, 0.77]   
10                                  0.329112                [0.24, 0.45]   
11                                  0.691072                 [0.6, 0.78]   
12                                  0.572250                [0.47, 0.68]   
13                                  0.651832                [0.56, 0.75]   
14                                  0.685968                 [0.6, 0.77]   
15                                  0.666531                [0.57, 0.76]   
16                                  0.640014                [0.55, 0.74]   
17                                  0.666537                [0.57, 0.76]   
18                                  0.636837                [0.54, 0.73]   
19                                  0.653888                [0.56, 0.75]   
20                                  0.594627                  [0.5, 0.7]   
21                                  0.626335                [0.53, 0.73]   
22                                  0.627100                [0.53, 0.73]   
23                                  0.614917                [0.52, 0.72]   
24                                  0.645899                [0.55, 0.74]   
25                                  0.644772                [0.55, 0.74]   
26                                  0.617909                [0.52, 0.72]   

    Transitivity Consistency Ratio (%)  
0                            80.132450  
1                            80.606061  
2                            60.810811  
3                            75.151515  
4                            80.000000  
5                            78.181818  
6                            79.393939  
7                            79.393939  
8                            70.895522  
9                            76.363636  
10                           59.595960  
11                           75.151515  
12                           74.545455  
13                           75.151515  
14                           76.073620  
15                           76.073620  
16                           76.073620  
17                           76.363636  
18                           77.018634  
19                           79.393939  
20                           80.606061  
21                           78.787879  
22                           75.151515  
23                           75.151515  
24                           78.181818  
25                           79.393939  
26                           75.757576  

Results have been saved to 'reliability_analysis.csv'
Author
0       0.265634
7       4.031554
10      6.766575
5      21.687896
6      29.388895
8      39.184054
3      53.891612
2      77.221239
1      78.623439
4      90.962587
9     100.000000
Name: Score, dtype: float64

Results have been saved to 'pagerank_results_balanced.csv'
Combined Results:
                                          Subcategory  \
0                                     Topic Relevance   
1                    Comprehensiveness of Information   
2                             Accuracy of Information   
3                        Innovativeness of Viewpoints   
4       Integration of Interdisciplinary Perspectives   
5                        Clarity of Logical Structure   
6               Reasonableness of Chapter Arrangement   
7              Quality of Introduction and Conclusion   
8              Accuracy and Completeness of Citations   
9              Timeliness and Relevance of References   
10   Avoidance of Plagiarism and Appropriate Citation   
11             Critical Analysis of Existing Research   
12   Proposal of New Research Directions or Questions   
13                Potential Contribution to the Field   
14             Clarity of Research Method Description   
15                    Rationality of Method Selection   
16                           Rigor of Research Design   
17               Inclusion of Latest Research Results   
18            Reflection of Current Research Hotspots   
19                     Fluency of Language Expression   
20    Appropriateness of Professional Terminology Use   
21                          Conciseness of Expression   
22  Practical Application Potential of Research Re...   
23                Feasibility of Proposed Suggestions   
24                             Logic of Argumentation   
25                   Multi-angle Analysis of Problems   
26  Identification and Discussion of Research Limi...   

    ICC (Intraclass Correlation Coefficient) ICC 95% Confidence Interval  \
0                                   0.587098                [0.49, 0.69]   
1                                   0.781122                [0.71, 0.85]   
2                                   0.327206                [0.23, 0.45]   
3                                   0.681498                [0.59, 0.77]   
4                                   0.703446                [0.62, 0.79]   
5                                   0.710266                [0.62, 0.79]   
6                                   0.691070                 [0.6, 0.78]   
7                                   0.646320                [0.55, 0.74]   
8                                   0.617486                [0.52, 0.72]   
9                                   0.681895                [0.59, 0.77]   
10                                  0.329112                [0.24, 0.45]   
11                                  0.691072                 [0.6, 0.78]   
12                                  0.572250                [0.47, 0.68]   
13                                  0.651832                [0.56, 0.75]   
14                                  0.685968                 [0.6, 0.77]   
15                                  0.666531                [0.57, 0.76]   
16                                  0.640014                [0.55, 0.74]   
17                                  0.666537                [0.57, 0.76]   
18                                  0.636837                [0.54, 0.73]   
19                                  0.653888                [0.56, 0.75]   
20                                  0.594627                  [0.5, 0.7]   
21                                  0.626335                [0.53, 0.73]   
22                                  0.627100                [0.53, 0.73]   
23                                  0.614917                [0.52, 0.72]   
24                                  0.645899                [0.55, 0.74]   
25                                  0.644772                [0.55, 0.74]   
26                                  0.617909                [0.52, 0.72]   

    Transitivity Consistency Ratio (%)  
0                            80.132450  
1                            80.606061  
2                            60.810811  
3                            75.151515  
4                            80.000000  
5                            78.181818  
6                            79.393939  
7                            79.393939  
8                            70.895522  
9                            76.363636  
10                           59.595960  
11                           75.151515  
12                           74.545455  
13                           75.151515  
14                           76.073620  
15                           76.073620  
16                           76.073620  
17                           76.363636  
18                           77.018634  
19                           79.393939  
20                           80.606061  
21                           78.787879  
22                           75.151515  
23                           75.151515  
24                           78.181818  
25                           79.393939  
26                           75.757576  

Results have been saved to 'reliability_analysis.csv'
