Author
3      2.391970
10     4.888004
6      6.457365
0      6.776797
8     12.696602
7     19.302609
9     23.891885
2     26.472836
5     75.660741
4     87.449577
1     99.980097
Name: Score, dtype: float64

Results have been saved to 'pagerank_results_balanced.csv'
Combined Results:
                                          Subcategory  \
0                                     Topic Relevance   
1                    Comprehensiveness of Information   
2                             Accuracy of Information   
3                        Innovativeness of Viewpoints   
4       Integration of Interdisciplinary Perspectives   
5                        Clarity of Logical Structure   
6               Reasonableness of Chapter Arrangement   
7              Quality of Introduction and Conclusion   
8              Accuracy and Completeness of Citations   
9              Timeliness and Relevance of References   
10   Avoidance of Plagiarism and Appropriate Citation   
11             Critical Analysis of Existing Research   
12   Proposal of New Research Directions or Questions   
13                Potential Contribution to the Field   
14             Clarity of Research Method Description   
15                    Rationality of Method Selection   
16                           Rigor of Research Design   
17               Inclusion of Latest Research Results   
18            Reflection of Current Research Hotspots   
19                     Fluency of Language Expression   
20    Appropriateness of Professional Terminology Use   
21                          Conciseness of Expression   
22  Practical Application Potential of Research Re...   
23                Feasibility of Proposed Suggestions   
24                             Logic of Argumentation   
25                   Multi-angle Analysis of Problems   
26  Identification and Discussion of Research Limi...   

    ICC (Intraclass Correlation Coefficient) ICC 95% Confidence Interval  \
0                                   0.245441                [0.16, 0.36]   
1                                   0.509523                [0.41, 0.62]   
2                                   0.108967                 [0.05, 0.2]   
3                                   0.500327                 [0.4, 0.62]   
4                                   0.472579                [0.37, 0.59]   
5                                   0.439842                [0.34, 0.56]   
6                                   0.447333                [0.35, 0.57]   
7                                   0.529521                [0.43, 0.64]   
8                                   0.229076                [0.15, 0.34]   
9                                   0.429338                [0.33, 0.55]   
10                                  0.117861                [0.06, 0.21]   
11                                  0.479971                 [0.38, 0.6]   
12                                  0.481933                 [0.38, 0.6]   
13                                  0.528664                [0.43, 0.64]   
14                                  0.473649                [0.37, 0.59]   
15                                  0.491144                [0.39, 0.61]   
16                                  0.502250                 [0.4, 0.62]   
17                                  0.432234                [0.33, 0.55]   
18                                  0.444552                [0.34, 0.56]   
19                                  0.523545                [0.42, 0.64]   
20                                  0.503815                 [0.4, 0.62]   
21                                  0.510039                [0.41, 0.62]   
22                                  0.478382                [0.38, 0.59]   
23                                  0.481056                 [0.38, 0.6]   
24                                  0.494840                [0.39, 0.61]   
25                                  0.474532                [0.37, 0.59]   
26                                  0.474660                [0.37, 0.59]   

    Transitivity Consistency Ratio (%)  
0                            95.151515  
1                            81.818182  
2                            95.151515  
3                            88.484848  
4                            86.060606  
5                            87.878788  
6                            86.060606  
7                            87.878788  
8                            87.272727  
9                            82.424242  
10                           93.333333  
11                           87.272727  
12                           85.454545  
13                           86.060606  
14                           83.636364  
15                           81.212121  
16                           81.212121  
17                           84.242424  
18                           84.242424  
19                           86.666667  
20                           84.848485  
21                           84.848485  
22                           84.848485  
23                           86.060606  
24                           86.666667  
25                           83.636364  
26                           85.454545  

Results have been saved to 'reliability_analysis.csv'
Author
3      2.326535
10     3.524616
0      5.274548
6      9.349418
8     10.042642
7     19.006670
9     22.821487
2     26.705105
5     76.193851
4     88.357348
1     99.938468
Name: Score, dtype: float64

Results have been saved to 'pagerank_results_balanced.csv'
Combined Results:
                                          Subcategory  \
0                                     Topic Relevance   
1                    Comprehensiveness of Information   
2                             Accuracy of Information   
3                        Innovativeness of Viewpoints   
4       Integration of Interdisciplinary Perspectives   
5                        Clarity of Logical Structure   
6               Reasonableness of Chapter Arrangement   
7              Quality of Introduction and Conclusion   
8              Accuracy and Completeness of Citations   
9              Timeliness and Relevance of References   
10   Avoidance of Plagiarism and Appropriate Citation   
11             Critical Analysis of Existing Research   
12   Proposal of New Research Directions or Questions   
13                Potential Contribution to the Field   
14             Clarity of Research Method Description   
15                    Rationality of Method Selection   
16                           Rigor of Research Design   
17               Inclusion of Latest Research Results   
18            Reflection of Current Research Hotspots   
19                     Fluency of Language Expression   
20    Appropriateness of Professional Terminology Use   
21                          Conciseness of Expression   
22  Practical Application Potential of Research Re...   
23                Feasibility of Proposed Suggestions   
24                             Logic of Argumentation   
25                   Multi-angle Analysis of Problems   
26  Identification and Discussion of Research Limi...   

    ICC (Intraclass Correlation Coefficient) ICC 95% Confidence Interval  \
0                                   0.245441                [0.16, 0.36]   
1                                   0.509523                [0.41, 0.62]   
2                                   0.108967                 [0.05, 0.2]   
3                                   0.500327                 [0.4, 0.62]   
4                                   0.472579                [0.37, 0.59]   
5                                   0.439842                [0.34, 0.56]   
6                                   0.447333                [0.35, 0.57]   
7                                   0.529521                [0.43, 0.64]   
8                                   0.229076                [0.15, 0.34]   
9                                   0.429338                [0.33, 0.55]   
10                                  0.117861                [0.06, 0.21]   
11                                  0.479971                 [0.38, 0.6]   
12                                  0.481933                 [0.38, 0.6]   
13                                  0.528664                [0.43, 0.64]   
14                                  0.473649                [0.37, 0.59]   
15                                  0.491144                [0.39, 0.61]   
16                                  0.502250                 [0.4, 0.62]   
17                                  0.432234                [0.33, 0.55]   
18                                  0.444552                [0.34, 0.56]   
19                                  0.523545                [0.42, 0.64]   
20                                  0.503815                 [0.4, 0.62]   
21                                  0.510039                [0.41, 0.62]   
22                                  0.478382                [0.38, 0.59]   
23                                  0.481056                 [0.38, 0.6]   
24                                  0.494840                [0.39, 0.61]   
25                                  0.474532                [0.37, 0.59]   
26                                  0.474660                [0.37, 0.59]   

    Transitivity Consistency Ratio (%)  
0                            74.193548  
1                            81.818182  
2                            52.941176  
3                            88.484848  
4                            86.060606  
5                            87.261146  
6                            86.060606  
7                            87.261146  
8                            83.593750  
9                            82.424242  
10                           62.068966  
11                           87.272727  
12                           85.454545  
13                           85.625000  
14                           80.851064  
15                           78.321678  
16                           79.054054  
17                           83.333333  
18                           84.242424  
19                           86.666667  
20                           84.848485  
21                           84.848485  
22                           84.848485  
23                           86.060606  
24                           85.987261  
25                           83.636364  
26                           85.454545  

Results have been saved to 'reliability_analysis.csv'
Author
3      2.326535
10     3.524616
0      5.274548
6      9.349418
8     10.042642
7     19.006670
9     22.821487
2     26.705105
5     76.193851
4     88.357348
1     99.938468
Name: Score, dtype: float64

Results have been saved to 'pagerank_results_balanced.csv'
Combined Results:
                                          Subcategory  \
0                                     Topic Relevance   
1                    Comprehensiveness of Information   
2                             Accuracy of Information   
3                        Innovativeness of Viewpoints   
4       Integration of Interdisciplinary Perspectives   
5                        Clarity of Logical Structure   
6               Reasonableness of Chapter Arrangement   
7              Quality of Introduction and Conclusion   
8              Accuracy and Completeness of Citations   
9              Timeliness and Relevance of References   
10   Avoidance of Plagiarism and Appropriate Citation   
11             Critical Analysis of Existing Research   
12   Proposal of New Research Directions or Questions   
13                Potential Contribution to the Field   
14             Clarity of Research Method Description   
15                    Rationality of Method Selection   
16                           Rigor of Research Design   
17               Inclusion of Latest Research Results   
18            Reflection of Current Research Hotspots   
19                     Fluency of Language Expression   
20    Appropriateness of Professional Terminology Use   
21                          Conciseness of Expression   
22  Practical Application Potential of Research Re...   
23                Feasibility of Proposed Suggestions   
24                             Logic of Argumentation   
25                   Multi-angle Analysis of Problems   
26  Identification and Discussion of Research Limi...   

    ICC (Intraclass Correlation Coefficient) ICC 95% Confidence Interval  \
0                                   0.245441                [0.16, 0.36]   
1                                   0.509523                [0.41, 0.62]   
2                                   0.108967                 [0.05, 0.2]   
3                                   0.500327                 [0.4, 0.62]   
4                                   0.472579                [0.37, 0.59]   
5                                   0.439842                [0.34, 0.56]   
6                                   0.447333                [0.35, 0.57]   
7                                   0.529521                [0.43, 0.64]   
8                                   0.229076                [0.15, 0.34]   
9                                   0.429338                [0.33, 0.55]   
10                                  0.117861                [0.06, 0.21]   
11                                  0.479971                 [0.38, 0.6]   
12                                  0.481933                 [0.38, 0.6]   
13                                  0.528664                [0.43, 0.64]   
14                                  0.473649                [0.37, 0.59]   
15                                  0.491144                [0.39, 0.61]   
16                                  0.502250                 [0.4, 0.62]   
17                                  0.432234                [0.33, 0.55]   
18                                  0.444552                [0.34, 0.56]   
19                                  0.523545                [0.42, 0.64]   
20                                  0.503815                 [0.4, 0.62]   
21                                  0.510039                [0.41, 0.62]   
22                                  0.478382                [0.38, 0.59]   
23                                  0.481056                 [0.38, 0.6]   
24                                  0.494840                [0.39, 0.61]   
25                                  0.474532                [0.37, 0.59]   
26                                  0.474660                [0.37, 0.59]   

    Transitivity Consistency Ratio (%)  
0                            74.193548  
1                            81.818182  
2                            52.941176  
3                            88.484848  
4                            86.060606  
5                            87.261146  
6                            86.060606  
7                            87.261146  
8                            83.593750  
9                            82.424242  
10                           62.068966  
11                           87.272727  
12                           85.454545  
13                           85.625000  
14                           80.851064  
15                           78.321678  
16                           79.054054  
17                           83.333333  
18                           84.242424  
19                           86.666667  
20                           84.848485  
21                           84.848485  
22                           84.848485  
23                           86.060606  
24                           85.987261  
25                           83.636364  
26                           85.454545  

Results have been saved to 'reliability_analysis.csv'
