Author
7       0.624876
5       1.685895
1       1.812976
6       4.430239
0      16.536984
10     18.856915
3      34.350626
4      51.415845
8      52.357648
2      80.845289
9     100.000000
Name: Score, dtype: float64

Results have been saved to 'pagerank_results_balanced.csv'
Combined Results:
                                          Subcategory  \
0                                     Topic Relevance   
1                    Comprehensiveness of Information   
2                             Accuracy of Information   
3                        Innovativeness of Viewpoints   
4       Integration of Interdisciplinary Perspectives   
5                        Clarity of Logical Structure   
6               Reasonableness of Chapter Arrangement   
7              Quality of Introduction and Conclusion   
8              Accuracy and Completeness of Citations   
9              Timeliness and Relevance of References   
10   Avoidance of Plagiarism and Appropriate Citation   
11             Critical Analysis of Existing Research   
12   Proposal of New Research Directions or Questions   
13                Potential Contribution to the Field   
14             Clarity of Research Method Description   
15                    Rationality of Method Selection   
16                           Rigor of Research Design   
17               Inclusion of Latest Research Results   
18            Reflection of Current Research Hotspots   
19                     Fluency of Language Expression   
20    Appropriateness of Professional Terminology Use   
21                          Conciseness of Expression   
22  Practical Application Potential of Research Re...   
23                Feasibility of Proposed Suggestions   
24                             Logic of Argumentation   
25                   Multi-angle Analysis of Problems   
26  Identification and Discussion of Research Limi...   

    ICC (Intraclass Correlation Coefficient) ICC 95% Confidence Interval  \
0                                   0.551158                [0.45, 0.66]   
1                                   0.906700                [0.87, 0.94]   
2                                   0.506376                 [0.4, 0.62]   
3                                   0.845556                [0.79, 0.89]   
4                                   0.865516                [0.82, 0.91]   
5                                   0.793223                [0.72, 0.86]   
6                                   0.808074                [0.74, 0.87]   
7                                   0.748403                [0.67, 0.82]   
8                                   0.431714                [0.33, 0.55]   
9                                   0.740588                [0.66, 0.82]   
10                                  0.357195                [0.26, 0.48]   
11                                  0.844584                [0.79, 0.89]   
12                                  0.743583                [0.66, 0.82]   
13                                  0.831453                [0.77, 0.88]   
14                                  0.787961                [0.72, 0.85]   
15                                  0.798728                [0.73, 0.86]   
16                                  0.799264                [0.73, 0.86]   
17                                  0.765146                [0.69, 0.84]   
18                                  0.770502                 [0.7, 0.84]   
19                                  0.769971                 [0.7, 0.84]   
20                                  0.824513                [0.76, 0.88]   
21                                  0.746485                [0.67, 0.82]   
22                                  0.812096                [0.75, 0.87]   
23                                  0.771711                 [0.7, 0.84]   
24                                  0.777799                [0.71, 0.85]   
25                                  0.806307                [0.74, 0.87]   
26                                  0.802117                [0.73, 0.86]   

    Transitivity Consistency Ratio (%)  
0                            86.060606  
1                            73.939394  
2                            88.484848  
3                            72.121212  
4                            70.303030  
5                            73.939394  
6                            73.333333  
7                            71.515152  
8                            85.454545  
9                            72.727273  
10                           86.666667  
11                           72.727273  
12                           71.515152  
13                           72.121212  
14                           71.515152  
15                           72.727273  
16                           71.515152  
17                           72.727273  
18                           71.515152  
19                           71.515152  
20                           72.121212  
21                           73.333333  
22                           72.121212  
23                           69.696970  
24                           72.727273  
25                           70.303030  
26                           70.303030  

Results have been saved to 'reliability_analysis.csv'
Author
1     28.573499
6     37.638290
5     41.723076
10    44.063831
7     47.295229
9     48.571457
4     51.415452
2     52.004288
8     55.834935
3     66.651417
0     72.917063
Name: Score, dtype: float64

Results have been saved to 'pagerank_results_balanced.csv'
Combined Results:
                                          Subcategory  \
0                                     Topic Relevance   
1                    Comprehensiveness of Information   
2                             Accuracy of Information   
3                        Innovativeness of Viewpoints   
4       Integration of Interdisciplinary Perspectives   
5                        Clarity of Logical Structure   
6               Reasonableness of Chapter Arrangement   
7              Quality of Introduction and Conclusion   
8              Accuracy and Completeness of Citations   
9              Timeliness and Relevance of References   
10   Avoidance of Plagiarism and Appropriate Citation   
11             Critical Analysis of Existing Research   
12   Proposal of New Research Directions or Questions   
13                Potential Contribution to the Field   
14             Clarity of Research Method Description   
15                    Rationality of Method Selection   
16                           Rigor of Research Design   
17               Inclusion of Latest Research Results   
18            Reflection of Current Research Hotspots   
19                     Fluency of Language Expression   
20    Appropriateness of Professional Terminology Use   
21                          Conciseness of Expression   
22  Practical Application Potential of Research Re...   
23                Feasibility of Proposed Suggestions   
24                             Logic of Argumentation   
25                   Multi-angle Analysis of Problems   
26  Identification and Discussion of Research Limi...   

    ICC (Intraclass Correlation Coefficient) ICC 95% Confidence Interval  \
0                                   0.677047                [0.57, 0.77]   
1                                   0.915566                [0.88, 0.94]   
2                                   0.580771                [0.48, 0.69]   
3                                   0.874525                [0.83, 0.92]   
4                                   0.897044                [0.86, 0.93]   
5                                   0.881318                [0.84, 0.92]   
6                                   0.878601                [0.83, 0.92]   
7                                   0.824873                [0.76, 0.88]   
8                                   0.626234                [0.53, 0.73]   
9                                   0.711538                [0.63, 0.79]   
10                                  0.351590                [0.26, 0.47]   
11                                  0.851057                  [0.8, 0.9]   
12                                  0.803826                [0.74, 0.86]   
13                                  0.843570                [0.79, 0.89]   
14                                  0.745983                [0.67, 0.82]   
15                                  0.766187                [0.69, 0.84]   
16                                  0.754677                [0.68, 0.83]   
17                                  0.724628                 [0.64, 0.8]   
18                                  0.802689                [0.74, 0.86]   
19                                  0.834809                [0.78, 0.89]   
20                                  0.821555                [0.76, 0.88]   
21                                  0.758950                [0.68, 0.83]   
22                                  0.825462                [0.76, 0.88]   
23                                  0.753830                [0.68, 0.83]   
24                                  0.842866                [0.79, 0.89]   
25                                  0.837905                [0.78, 0.89]   
26                                  0.765663                [0.69, 0.84]   

    Transitivity Consistency Ratio (%)  
0                            87.878788  
1                            73.939394  
2                            86.666667  
3                            72.727273  
4                            72.121212  
5                            74.545455  
6                            74.545455  
7                            73.333333  
8                            86.666667  
9                            73.939394  
10                           86.666667  
11                           73.333333  
12                           72.727273  
13                           72.727273  
14                           72.727273  
15                           73.939394  
16                           72.121212  
17                           73.939394  
18                           73.939394  
19                           72.727273  
20                           73.333333  
21                           73.939394  
22                           72.727273  
23                           72.727273  
24                           73.939394  
25                           72.727273  
26                           72.727273  

Results have been saved to 'reliability_analysis.csv'
Author
1     28.573499
6     37.638290
5     41.723076
10    44.063831
7     47.295229
9     48.571457
4     51.415452
2     52.004288
8     55.834935
3     66.651417
0     72.917063
Name: Score, dtype: float64

Results have been saved to 'pagerank_results_balanced.csv'
Combined Results:
                                          Subcategory  \
0                                     Topic Relevance   
1                    Comprehensiveness of Information   
2                             Accuracy of Information   
3                        Innovativeness of Viewpoints   
4       Integration of Interdisciplinary Perspectives   
5                        Clarity of Logical Structure   
6               Reasonableness of Chapter Arrangement   
7              Quality of Introduction and Conclusion   
8              Accuracy and Completeness of Citations   
9              Timeliness and Relevance of References   
10   Avoidance of Plagiarism and Appropriate Citation   
11             Critical Analysis of Existing Research   
12   Proposal of New Research Directions or Questions   
13                Potential Contribution to the Field   
14             Clarity of Research Method Description   
15                    Rationality of Method Selection   
16                           Rigor of Research Design   
17               Inclusion of Latest Research Results   
18            Reflection of Current Research Hotspots   
19                     Fluency of Language Expression   
20    Appropriateness of Professional Terminology Use   
21                          Conciseness of Expression   
22  Practical Application Potential of Research Re...   
23                Feasibility of Proposed Suggestions   
24                             Logic of Argumentation   
25                   Multi-angle Analysis of Problems   
26  Identification and Discussion of Research Limi...   

    ICC (Intraclass Correlation Coefficient) ICC 95% Confidence Interval  \
0                                   0.677047                [0.57, 0.77]   
1                                   0.915566                [0.88, 0.94]   
2                                   0.580771                [0.48, 0.69]   
3                                   0.874525                [0.83, 0.92]   
4                                   0.897044                [0.86, 0.93]   
5                                   0.881318                [0.84, 0.92]   
6                                   0.878601                [0.83, 0.92]   
7                                   0.824873                [0.76, 0.88]   
8                                   0.626234                [0.53, 0.73]   
9                                   0.711538                [0.63, 0.79]   
10                                  0.351590                [0.26, 0.47]   
11                                  0.851057                  [0.8, 0.9]   
12                                  0.803826                [0.74, 0.86]   
13                                  0.843570                [0.79, 0.89]   
14                                  0.745983                [0.67, 0.82]   
15                                  0.766187                [0.69, 0.84]   
16                                  0.754677                [0.68, 0.83]   
17                                  0.724628                 [0.64, 0.8]   
18                                  0.802689                [0.74, 0.86]   
19                                  0.834809                [0.78, 0.89]   
20                                  0.821555                [0.76, 0.88]   
21                                  0.758950                [0.68, 0.83]   
22                                  0.825462                [0.76, 0.88]   
23                                  0.753830                [0.68, 0.83]   
24                                  0.842866                [0.79, 0.89]   
25                                  0.837905                [0.78, 0.89]   
26                                  0.765663                [0.69, 0.84]   

    Transitivity Consistency Ratio (%)  
0                            87.878788  
1                            73.939394  
2                            86.666667  
3                            72.727273  
4                            72.121212  
5                            74.545455  
6                            74.545455  
7                            73.333333  
8                            86.666667  
9                            73.939394  
10                           86.666667  
11                           73.333333  
12                           72.727273  
13                           72.727273  
14                           72.727273  
15                           73.939394  
16                           72.121212  
17                           73.939394  
18                           73.939394  
19                           72.727273  
20                           73.333333  
21                           73.939394  
22                           72.727273  
23                           72.727273  
24                           73.939394  
25                           72.727273  
26                           72.727273  

Results have been saved to 'reliability_analysis.csv'
Author
10      0.000000
7      20.823044
1      21.964938
5      24.315446
6      36.355713
0      60.119697
3      76.862747
4      84.625054
8      86.461770
2      94.720282
9     100.000000
Name: Score, dtype: float64

Results have been saved to 'pagerank_results_balanced.csv'
Combined Results:
                                          Subcategory  \
0                                     Topic Relevance   
1                    Comprehensiveness of Information   
2                             Accuracy of Information   
3                        Innovativeness of Viewpoints   
4       Integration of Interdisciplinary Perspectives   
5                        Clarity of Logical Structure   
6               Reasonableness of Chapter Arrangement   
7              Quality of Introduction and Conclusion   
8              Accuracy and Completeness of Citations   
9              Timeliness and Relevance of References   
10   Avoidance of Plagiarism and Appropriate Citation   
11             Critical Analysis of Existing Research   
12   Proposal of New Research Directions or Questions   
13                Potential Contribution to the Field   
14             Clarity of Research Method Description   
15                    Rationality of Method Selection   
16                           Rigor of Research Design   
17               Inclusion of Latest Research Results   
18            Reflection of Current Research Hotspots   
19                     Fluency of Language Expression   
20    Appropriateness of Professional Terminology Use   
21                          Conciseness of Expression   
22  Practical Application Potential of Research Re...   
23                Feasibility of Proposed Suggestions   
24                             Logic of Argumentation   
25                   Multi-angle Analysis of Problems   
26  Identification and Discussion of Research Limi...   

    ICC (Intraclass Correlation Coefficient) ICC 95% Confidence Interval  \
0                                   0.677047                [0.57, 0.77]   
1                                   0.915566                [0.88, 0.94]   
2                                   0.580771                [0.48, 0.69]   
3                                   0.874525                [0.83, 0.92]   
4                                   0.897044                [0.86, 0.93]   
5                                   0.881318                [0.84, 0.92]   
6                                   0.878601                [0.83, 0.92]   
7                                   0.824873                [0.76, 0.88]   
8                                   0.626234                [0.53, 0.73]   
9                                   0.711538                [0.63, 0.79]   
10                                  0.351590                [0.26, 0.47]   
11                                  0.851057                  [0.8, 0.9]   
12                                  0.803826                [0.74, 0.86]   
13                                  0.843570                [0.79, 0.89]   
14                                  0.745983                [0.67, 0.82]   
15                                  0.766187                [0.69, 0.84]   
16                                  0.754677                [0.68, 0.83]   
17                                  0.724628                 [0.64, 0.8]   
18                                  0.802689                [0.74, 0.86]   
19                                  0.834809                [0.78, 0.89]   
20                                  0.821555                [0.76, 0.88]   
21                                  0.758950                [0.68, 0.83]   
22                                  0.825462                [0.76, 0.88]   
23                                  0.753830                [0.68, 0.83]   
24                                  0.842866                [0.79, 0.89]   
25                                  0.837905                [0.78, 0.89]   
26                                  0.765663                [0.69, 0.84]   

    Transitivity Consistency Ratio (%)  
0                            59.183673  
1                            71.333333  
2                            38.888889  
3                            72.727273  
4                            69.934641  
5                            69.784173  
6                            72.000000  
7                            73.333333  
8                            50.000000  
9                            71.333333  
10                           35.294118  
11                           73.333333  
12                           72.727273  
13                           72.727273  
14                           67.153285  
15                           71.333333  
16                           68.918919  
17                           72.435897  
18                           72.435897  
19                           67.153285  
20                           68.794326  
21                           71.333333  
22                           72.727273  
23                           72.727273  
24                           71.333333  
25                           72.727273  
26                           72.727273  

Results have been saved to 'reliability_analysis.csv'
Author
10      0.000000
7      20.823044
1      21.964938
5      24.315446
6      36.355713
0      60.119697
3      76.862747
4      84.625054
8      86.461770
2      94.720282
9     100.000000
Name: Score, dtype: float64

Results have been saved to 'pagerank_results_balanced.csv'
Combined Results:
                                          Subcategory  \
0                                     Topic Relevance   
1                    Comprehensiveness of Information   
2                             Accuracy of Information   
3                        Innovativeness of Viewpoints   
4       Integration of Interdisciplinary Perspectives   
5                        Clarity of Logical Structure   
6               Reasonableness of Chapter Arrangement   
7              Quality of Introduction and Conclusion   
8              Accuracy and Completeness of Citations   
9              Timeliness and Relevance of References   
10   Avoidance of Plagiarism and Appropriate Citation   
11             Critical Analysis of Existing Research   
12   Proposal of New Research Directions or Questions   
13                Potential Contribution to the Field   
14             Clarity of Research Method Description   
15                    Rationality of Method Selection   
16                           Rigor of Research Design   
17               Inclusion of Latest Research Results   
18            Reflection of Current Research Hotspots   
19                     Fluency of Language Expression   
20    Appropriateness of Professional Terminology Use   
21                          Conciseness of Expression   
22  Practical Application Potential of Research Re...   
23                Feasibility of Proposed Suggestions   
24                             Logic of Argumentation   
25                   Multi-angle Analysis of Problems   
26  Identification and Discussion of Research Limi...   

    ICC (Intraclass Correlation Coefficient) ICC 95% Confidence Interval  \
0                                   0.677047                [0.57, 0.77]   
1                                   0.915566                [0.88, 0.94]   
2                                   0.580771                [0.48, 0.69]   
3                                   0.874525                [0.83, 0.92]   
4                                   0.897044                [0.86, 0.93]   
5                                   0.881318                [0.84, 0.92]   
6                                   0.878601                [0.83, 0.92]   
7                                   0.824873                [0.76, 0.88]   
8                                   0.626234                [0.53, 0.73]   
9                                   0.711538                [0.63, 0.79]   
10                                  0.351590                [0.26, 0.47]   
11                                  0.851057                  [0.8, 0.9]   
12                                  0.803826                [0.74, 0.86]   
13                                  0.843570                [0.79, 0.89]   
14                                  0.745983                [0.67, 0.82]   
15                                  0.766187                [0.69, 0.84]   
16                                  0.754677                [0.68, 0.83]   
17                                  0.724628                 [0.64, 0.8]   
18                                  0.802689                [0.74, 0.86]   
19                                  0.834809                [0.78, 0.89]   
20                                  0.821555                [0.76, 0.88]   
21                                  0.758950                [0.68, 0.83]   
22                                  0.825462                [0.76, 0.88]   
23                                  0.753830                [0.68, 0.83]   
24                                  0.842866                [0.79, 0.89]   
25                                  0.837905                [0.78, 0.89]   
26                                  0.765663                [0.69, 0.84]   

    Transitivity Consistency Ratio (%)  
0                            59.183673  
1                            71.333333  
2                            38.888889  
3                            72.727273  
4                            69.934641  
5                            69.784173  
6                            72.000000  
7                            73.333333  
8                            50.000000  
9                            71.333333  
10                           35.294118  
11                           73.333333  
12                           72.727273  
13                           72.727273  
14                           67.153285  
15                           71.333333  
16                           68.918919  
17                           72.435897  
18                           72.435897  
19                           67.153285  
20                           68.794326  
21                           71.333333  
22                           72.727273  
23                           72.727273  
24                           71.333333  
25                           72.727273  
26                           72.727273  

Results have been saved to 'reliability_analysis.csv'
