Author
10    18.608117
4     23.711492
1     29.488050
0     73.082263
2     74.963050
3     76.259218
9     80.792227
8     83.647547
5     86.361886
6     95.464585
7     95.585412
Name: Score, dtype: float64

Results have been saved to 'pagerank_results_balanced.csv'
Combined Results:
                                          Subcategory  \
0                                     Topic Relevance   
1                    Comprehensiveness of Information   
2                             Accuracy of Information   
3                        Innovativeness of Viewpoints   
4       Integration of Interdisciplinary Perspectives   
5                        Clarity of Logical Structure   
6               Reasonableness of Chapter Arrangement   
7              Quality of Introduction and Conclusion   
8              Accuracy and Completeness of Citations   
9              Timeliness and Relevance of References   
10   Avoidance of Plagiarism and Appropriate Citation   
11             Critical Analysis of Existing Research   
12   Proposal of New Research Directions or Questions   
13                Potential Contribution to the Field   
14             Clarity of Research Method Description   
15                    Rationality of Method Selection   
16                           Rigor of Research Design   
17               Inclusion of Latest Research Results   
18            Reflection of Current Research Hotspots   
19                     Fluency of Language Expression   
20    Appropriateness of Professional Terminology Use   
21                          Conciseness of Expression   
22  Practical Application Potential of Research Re...   
23                Feasibility of Proposed Suggestions   
24                             Logic of Argumentation   
25                   Multi-angle Analysis of Problems   
26  Identification and Discussion of Research Limi...   

    ICC (Intraclass Correlation Coefficient) ICC 95% Confidence Interval  \
0                                   0.636751                [0.54, 0.73]   
1                                   0.504703                [0.36, 0.64]   
2                                   0.579584                [0.48, 0.69]   
3                                   0.564163                [0.45, 0.68]   
4                                   0.492821                [0.36, 0.62]   
5                                   0.328614                [0.22, 0.46]   
6                                   0.314804                [0.21, 0.44]   
7                                   0.236870                [0.16, 0.35]   
8                                   0.501815                 [0.4, 0.62]   
9                                   0.483001                [0.36, 0.61]   
10                                  0.305204                [0.21, 0.42]   
11                                  0.560886                [0.45, 0.68]   
12                                  0.484528                 [0.38, 0.6]   
13                                  0.572116                [0.46, 0.69]   
14                                  0.365149                [0.22, 0.52]   
15                                  0.412302                [0.28, 0.55]   
16                                  0.415293                [0.29, 0.55]   
17                                  0.536121                [0.42, 0.65]   
18                                  0.546329                [0.44, 0.66]   
19                                  0.214565                [0.13, 0.33]   
20                                  0.135027                [0.06, 0.24]   
21                                  0.203777                [0.12, 0.31]   
22                                  0.495907                [0.38, 0.62]   
23                                  0.370686                [0.27, 0.49]   
24                                  0.385032                [0.27, 0.52]   
25                                  0.467907                [0.35, 0.59]   
26                                  0.421331                [0.31, 0.55]   

    Transitivity Consistency Ratio (%)  
0                            91.515152  
1                            87.272727  
2                            91.515152  
3                            90.303030  
4                            90.909091  
5                            76.363636  
6                            76.363636  
7                            82.424242  
8                            91.515152  
9                            89.696970  
10                           93.939394  
11                           91.515152  
12                           88.484848  
13                           86.666667  
14                           85.454545  
15                           86.666667  
16                           86.666667  
17                           89.696970  
18                           86.666667  
19                           83.636364  
20                           91.515152  
21                           84.242424  
22                           94.545455  
23                           91.515152  
24                           95.757576  
25                           91.515152  
26                           91.515152  

Results have been saved to 'reliability_analysis.csv'
Author
10     1.918297
4     77.054335
1     84.288008
2     93.358640
3     93.486028
0     93.679582
5     94.550169
8     94.637582
9     95.045674
7     95.058353
6     95.889301
Name: Score, dtype: float64

Results have been saved to 'pagerank_results_balanced.csv'
Combined Results:
                                          Subcategory  \
0                                     Topic Relevance   
1                    Comprehensiveness of Information   
2                             Accuracy of Information   
3                        Innovativeness of Viewpoints   
4       Integration of Interdisciplinary Perspectives   
5                        Clarity of Logical Structure   
6               Reasonableness of Chapter Arrangement   
7              Quality of Introduction and Conclusion   
8              Accuracy and Completeness of Citations   
9              Timeliness and Relevance of References   
10   Avoidance of Plagiarism and Appropriate Citation   
11             Critical Analysis of Existing Research   
12   Proposal of New Research Directions or Questions   
13                Potential Contribution to the Field   
14             Clarity of Research Method Description   
15                    Rationality of Method Selection   
16                           Rigor of Research Design   
17               Inclusion of Latest Research Results   
18            Reflection of Current Research Hotspots   
19                     Fluency of Language Expression   
20    Appropriateness of Professional Terminology Use   
21                          Conciseness of Expression   
22  Practical Application Potential of Research Re...   
23                Feasibility of Proposed Suggestions   
24                             Logic of Argumentation   
25                   Multi-angle Analysis of Problems   
26  Identification and Discussion of Research Limi...   

    ICC (Intraclass Correlation Coefficient) ICC 95% Confidence Interval  \
0                                   0.674277                [0.58, 0.77]   
1                                   0.673273                 [0.49, 0.8]   
2                                   0.523714                [0.42, 0.64]   
3                                   0.755889                [0.66, 0.84]   
4                                   0.717489                [0.61, 0.81]   
5                                   0.684459                [0.57, 0.79]   
6                                   0.678966                [0.55, 0.79]   
7                                   0.552361                [0.44, 0.67]   
8                                   0.683985                [0.59, 0.77]   
9                                   0.633530                [0.54, 0.73]   
10                                  0.495316                [0.39, 0.61]   
11                                  0.728693                [0.63, 0.81]   
12                                  0.745879                [0.67, 0.82]   
13                                  0.709507                 [0.61, 0.8]   
14                                  0.608344                [0.49, 0.72]   
15                                  0.608666                 [0.5, 0.72]   
16                                  0.557174                [0.44, 0.67]   
17                                  0.651823                [0.56, 0.75]   
18                                  0.639734                [0.54, 0.74]   
19                                  0.378558                [0.24, 0.52]   
20                                  0.398837                [0.25, 0.55]   
21                                  0.408556                [0.29, 0.54]   
22                                  0.686254                [0.58, 0.78]   
23                                  0.539193                [0.44, 0.65]   
24                                  0.634841                [0.51, 0.75]   
25                                  0.660819                [0.56, 0.76]   
26                                  0.539319                [0.43, 0.66]   

    Transitivity Consistency Ratio (%)  
0                            91.515152  
1                            87.272727  
2                            91.515152  
3                            90.303030  
4                            90.909091  
5                            84.242424  
6                            86.666667  
7                            92.727273  
8                            91.515152  
9                            89.696970  
10                           92.727273  
11                           91.515152  
12                           88.484848  
13                           86.666667  
14                           85.454545  
15                           86.666667  
16                           86.666667  
17                           89.696970  
18                           86.666667  
19                           92.727273  
20                           89.696970  
21                           92.727273  
22                           94.545455  
23                           91.515152  
24                           95.757576  
25                           91.515152  
26                           91.515152  

Results have been saved to 'reliability_analysis.csv'
Author
10     1.918297
4     77.054335
1     84.288008
2     93.358640
3     93.486028
0     93.679582
5     94.550169
8     94.637582
9     95.045674
7     95.058353
6     95.889301
Name: Score, dtype: float64

Results have been saved to 'pagerank_results_balanced.csv'
Combined Results:
                                          Subcategory  \
0                                     Topic Relevance   
1                    Comprehensiveness of Information   
2                             Accuracy of Information   
3                        Innovativeness of Viewpoints   
4       Integration of Interdisciplinary Perspectives   
5                        Clarity of Logical Structure   
6               Reasonableness of Chapter Arrangement   
7              Quality of Introduction and Conclusion   
8              Accuracy and Completeness of Citations   
9              Timeliness and Relevance of References   
10   Avoidance of Plagiarism and Appropriate Citation   
11             Critical Analysis of Existing Research   
12   Proposal of New Research Directions or Questions   
13                Potential Contribution to the Field   
14             Clarity of Research Method Description   
15                    Rationality of Method Selection   
16                           Rigor of Research Design   
17               Inclusion of Latest Research Results   
18            Reflection of Current Research Hotspots   
19                     Fluency of Language Expression   
20    Appropriateness of Professional Terminology Use   
21                          Conciseness of Expression   
22  Practical Application Potential of Research Re...   
23                Feasibility of Proposed Suggestions   
24                             Logic of Argumentation   
25                   Multi-angle Analysis of Problems   
26  Identification and Discussion of Research Limi...   

    ICC (Intraclass Correlation Coefficient) ICC 95% Confidence Interval  \
0                                   0.674277                [0.58, 0.77]   
1                                   0.673273                 [0.49, 0.8]   
2                                   0.523714                [0.42, 0.64]   
3                                   0.755889                [0.66, 0.84]   
4                                   0.717489                [0.61, 0.81]   
5                                   0.684459                [0.57, 0.79]   
6                                   0.678966                [0.55, 0.79]   
7                                   0.552361                [0.44, 0.67]   
8                                   0.683985                [0.59, 0.77]   
9                                   0.633530                [0.54, 0.73]   
10                                  0.495316                [0.39, 0.61]   
11                                  0.728693                [0.63, 0.81]   
12                                  0.745879                [0.67, 0.82]   
13                                  0.709507                 [0.61, 0.8]   
14                                  0.608344                [0.49, 0.72]   
15                                  0.608666                 [0.5, 0.72]   
16                                  0.557174                [0.44, 0.67]   
17                                  0.651823                [0.56, 0.75]   
18                                  0.639734                [0.54, 0.74]   
19                                  0.378558                [0.24, 0.52]   
20                                  0.398837                [0.25, 0.55]   
21                                  0.408556                [0.29, 0.54]   
22                                  0.686254                [0.58, 0.78]   
23                                  0.539193                [0.44, 0.65]   
24                                  0.634841                [0.51, 0.75]   
25                                  0.660819                [0.56, 0.76]   
26                                  0.539319                [0.43, 0.66]   

    Transitivity Consistency Ratio (%)  
0                            91.515152  
1                            87.272727  
2                            91.515152  
3                            90.303030  
4                            90.909091  
5                            84.242424  
6                            86.666667  
7                            92.727273  
8                            91.515152  
9                            89.696970  
10                           92.727273  
11                           91.515152  
12                           88.484848  
13                           86.666667  
14                           85.454545  
15                           86.666667  
16                           86.666667  
17                           89.696970  
18                           86.666667  
19                           92.727273  
20                           89.696970  
21                           92.727273  
22                           94.545455  
23                           91.515152  
24                           95.757576  
25                           91.515152  
26                           91.515152  

Results have been saved to 'reliability_analysis.csv'
Author
10     0.000000
4     77.425675
1     87.686968
9     95.085753
2     96.753362
0     97.023432
3     97.258692
5     97.553674
8     98.407271
7     98.408978
6     99.640449
Name: Score, dtype: float64

Results have been saved to 'pagerank_results_balanced.csv'
Combined Results:
                                          Subcategory  \
0                                     Topic Relevance   
1                    Comprehensiveness of Information   
2                             Accuracy of Information   
3                        Innovativeness of Viewpoints   
4       Integration of Interdisciplinary Perspectives   
5                        Clarity of Logical Structure   
6               Reasonableness of Chapter Arrangement   
7              Quality of Introduction and Conclusion   
8              Accuracy and Completeness of Citations   
9              Timeliness and Relevance of References   
10   Avoidance of Plagiarism and Appropriate Citation   
11             Critical Analysis of Existing Research   
12   Proposal of New Research Directions or Questions   
13                Potential Contribution to the Field   
14             Clarity of Research Method Description   
15                    Rationality of Method Selection   
16                           Rigor of Research Design   
17               Inclusion of Latest Research Results   
18            Reflection of Current Research Hotspots   
19                     Fluency of Language Expression   
20    Appropriateness of Professional Terminology Use   
21                          Conciseness of Expression   
22  Practical Application Potential of Research Re...   
23                Feasibility of Proposed Suggestions   
24                             Logic of Argumentation   
25                   Multi-angle Analysis of Problems   
26  Identification and Discussion of Research Limi...   

    ICC (Intraclass Correlation Coefficient) ICC 95% Confidence Interval  \
0                                   0.674277                [0.58, 0.77]   
1                                   0.673273                 [0.49, 0.8]   
2                                   0.523714                [0.42, 0.64]   
3                                   0.755889                [0.66, 0.84]   
4                                   0.717489                [0.61, 0.81]   
5                                   0.684459                [0.57, 0.79]   
6                                   0.678966                [0.55, 0.79]   
7                                   0.552361                [0.44, 0.67]   
8                                   0.683985                [0.59, 0.77]   
9                                   0.633530                [0.54, 0.73]   
10                                  0.495316                [0.39, 0.61]   
11                                  0.728693                [0.63, 0.81]   
12                                  0.745879                [0.67, 0.82]   
13                                  0.709507                 [0.61, 0.8]   
14                                  0.608344                [0.49, 0.72]   
15                                  0.608666                 [0.5, 0.72]   
16                                  0.557174                [0.44, 0.67]   
17                                  0.651823                [0.56, 0.75]   
18                                  0.639734                [0.54, 0.74]   
19                                  0.378558                [0.24, 0.52]   
20                                  0.398837                [0.25, 0.55]   
21                                  0.408556                [0.29, 0.54]   
22                                  0.686254                [0.58, 0.78]   
23                                  0.539193                [0.44, 0.65]   
24                                  0.634841                [0.51, 0.75]   
25                                  0.660819                [0.56, 0.76]   
26                                  0.539319                [0.43, 0.66]   

    Transitivity Consistency Ratio (%)  
0                            30.000000  
1                            87.272727  
2                            30.000000  
3                            90.303030  
4                            90.683230  
5                            82.894737  
6                            86.666667  
7                            92.727273  
8                            30.000000  
9                            89.696970  
10                           29.411765  
11                           91.025641  
12                           88.125000  
13                           86.666667  
14                           82.857143  
15                           86.335404  
16                           86.335404  
17                           89.696970  
18                           86.666667  
19                           91.666667  
20                           87.857143  
21                           92.727273  
22                           94.303797  
23                           91.025641  
24                           95.757576  
25                           91.515152  
26                           91.025641  

Results have been saved to 'reliability_analysis.csv'
Author
10     0.000000
4     77.425675
1     87.686968
9     95.085753
2     96.753362
0     97.023432
3     97.258692
5     97.553674
8     98.407271
7     98.408978
6     99.640449
Name: Score, dtype: float64

Results have been saved to 'pagerank_results_balanced.csv'
Combined Results:
                                          Subcategory  \
0                                     Topic Relevance   
1                    Comprehensiveness of Information   
2                             Accuracy of Information   
3                        Innovativeness of Viewpoints   
4       Integration of Interdisciplinary Perspectives   
5                        Clarity of Logical Structure   
6               Reasonableness of Chapter Arrangement   
7              Quality of Introduction and Conclusion   
8              Accuracy and Completeness of Citations   
9              Timeliness and Relevance of References   
10   Avoidance of Plagiarism and Appropriate Citation   
11             Critical Analysis of Existing Research   
12   Proposal of New Research Directions or Questions   
13                Potential Contribution to the Field   
14             Clarity of Research Method Description   
15                    Rationality of Method Selection   
16                           Rigor of Research Design   
17               Inclusion of Latest Research Results   
18            Reflection of Current Research Hotspots   
19                     Fluency of Language Expression   
20    Appropriateness of Professional Terminology Use   
21                          Conciseness of Expression   
22  Practical Application Potential of Research Re...   
23                Feasibility of Proposed Suggestions   
24                             Logic of Argumentation   
25                   Multi-angle Analysis of Problems   
26  Identification and Discussion of Research Limi...   

    ICC (Intraclass Correlation Coefficient) ICC 95% Confidence Interval  \
0                                   0.674277                [0.58, 0.77]   
1                                   0.673273                 [0.49, 0.8]   
2                                   0.523714                [0.42, 0.64]   
3                                   0.755889                [0.66, 0.84]   
4                                   0.717489                [0.61, 0.81]   
5                                   0.684459                [0.57, 0.79]   
6                                   0.678966                [0.55, 0.79]   
7                                   0.552361                [0.44, 0.67]   
8                                   0.683985                [0.59, 0.77]   
9                                   0.633530                [0.54, 0.73]   
10                                  0.495316                [0.39, 0.61]   
11                                  0.728693                [0.63, 0.81]   
12                                  0.745879                [0.67, 0.82]   
13                                  0.709507                 [0.61, 0.8]   
14                                  0.608344                [0.49, 0.72]   
15                                  0.608666                 [0.5, 0.72]   
16                                  0.557174                [0.44, 0.67]   
17                                  0.651823                [0.56, 0.75]   
18                                  0.639734                [0.54, 0.74]   
19                                  0.378558                [0.24, 0.52]   
20                                  0.398837                [0.25, 0.55]   
21                                  0.408556                [0.29, 0.54]   
22                                  0.686254                [0.58, 0.78]   
23                                  0.539193                [0.44, 0.65]   
24                                  0.634841                [0.51, 0.75]   
25                                  0.660819                [0.56, 0.76]   
26                                  0.539319                [0.43, 0.66]   

    Transitivity Consistency Ratio (%)  
0                            30.000000  
1                            87.272727  
2                            30.000000  
3                            90.303030  
4                            90.683230  
5                            82.894737  
6                            86.666667  
7                            92.727273  
8                            30.000000  
9                            89.696970  
10                           29.411765  
11                           91.025641  
12                           88.125000  
13                           86.666667  
14                           82.857143  
15                           86.335404  
16                           86.335404  
17                           89.696970  
18                           86.666667  
19                           91.666667  
20                           87.857143  
21                           92.727273  
22                           94.303797  
23                           91.025641  
24                           95.757576  
25                           91.515152  
26                           91.025641  

Results have been saved to 'reliability_analysis.csv'
