Author
3      0.210965
4      3.011312
10     8.350100
2     13.055019
7     14.941530
5     22.147477
8     46.283586
1     70.825153
0     72.417553
6     93.016690
9     99.759758
Name: Score, dtype: float64

Results have been saved to 'pagerank_results_balanced.csv'
Combined Results:
                                          Subcategory  \
0                                     Topic Relevance   
1                    Comprehensiveness of Information   
2                             Accuracy of Information   
3                        Innovativeness of Viewpoints   
4       Integration of Interdisciplinary Perspectives   
5                        Clarity of Logical Structure   
6               Reasonableness of Chapter Arrangement   
7              Quality of Introduction and Conclusion   
8              Accuracy and Completeness of Citations   
9              Timeliness and Relevance of References   
10   Avoidance of Plagiarism and Appropriate Citation   
11             Critical Analysis of Existing Research   
12   Proposal of New Research Directions or Questions   
13                Potential Contribution to the Field   
14             Clarity of Research Method Description   
15                    Rationality of Method Selection   
16                           Rigor of Research Design   
17               Inclusion of Latest Research Results   
18            Reflection of Current Research Hotspots   
19                     Fluency of Language Expression   
20    Appropriateness of Professional Terminology Use   
21                          Conciseness of Expression   
22  Practical Application Potential of Research Re...   
23                Feasibility of Proposed Suggestions   
24                             Logic of Argumentation   
25                   Multi-angle Analysis of Problems   
26  Identification and Discussion of Research Limi...   

    ICC (Intraclass Correlation Coefficient) ICC 95% Confidence Interval  \
0                                   0.580642                [0.48, 0.69]   
1                                   0.774866                 [0.7, 0.84]   
2                                   0.338819                [0.24, 0.46]   
3                                   0.709036                [0.62, 0.79]   
4                                   0.728472                [0.65, 0.81]   
5                                   0.723778                 [0.64, 0.8]   
6                                   0.703592                [0.62, 0.79]   
7                                   0.582605                [0.48, 0.69]   
8                                   0.669582                [0.58, 0.76]   
9                                   0.726102                [0.64, 0.81]   
10                                  0.290461                 [0.2, 0.41]   
11                                  0.674800                [0.58, 0.76]   
12                                  0.604857                [0.51, 0.71]   
13                                  0.680668                [0.59, 0.77]   
14                                  0.648109                [0.55, 0.74]   
15                                  0.633303                [0.54, 0.73]   
16                                  0.630496                [0.53, 0.73]   
17                                  0.704749                [0.62, 0.79]   
18                                  0.693787                [0.61, 0.78]   
19                                  0.609777                [0.51, 0.71]   
20                                  0.635625                [0.54, 0.73]   
21                                  0.576550                [0.48, 0.68]   
22                                  0.681345                [0.59, 0.77]   
23                                  0.661200                [0.57, 0.75]   
24                                  0.698880                [0.61, 0.78]   
25                                  0.701203                [0.61, 0.79]   
26                                  0.641469                [0.55, 0.74]   

    Transitivity Consistency Ratio (%)  
0                            78.181818  
1                            79.393939  
2                            81.818182  
3                            79.393939  
4                            81.212121  
5                            82.424242  
6                            82.424242  
7                            81.818182  
8                            79.393939  
9                            81.212121  
10                           83.030303  
11                           80.606061  
12                           76.363636  
13                           80.606061  
14                           75.757576  
15                           79.393939  
16                           79.393939  
17                           81.212121  
18                           80.000000  
19                           80.606061  
20                           78.787879  
21                           80.606061  
22                           80.606061  
23                           79.393939  
24                           76.363636  
25                           80.000000  
26                           77.575758  

Results have been saved to 'reliability_analysis.csv'
Author
3      0.222625
4      2.897696
10     7.007407
2      9.286862
7     15.344071
5     23.240656
8     42.826602
1     65.603248
0     70.798882
6     92.951708
9     99.722829
Name: Score, dtype: float64

Results have been saved to 'pagerank_results_balanced.csv'
Combined Results:
                                          Subcategory  \
0                                     Topic Relevance   
1                    Comprehensiveness of Information   
2                             Accuracy of Information   
3                        Innovativeness of Viewpoints   
4       Integration of Interdisciplinary Perspectives   
5                        Clarity of Logical Structure   
6               Reasonableness of Chapter Arrangement   
7              Quality of Introduction and Conclusion   
8              Accuracy and Completeness of Citations   
9              Timeliness and Relevance of References   
10   Avoidance of Plagiarism and Appropriate Citation   
11             Critical Analysis of Existing Research   
12   Proposal of New Research Directions or Questions   
13                Potential Contribution to the Field   
14             Clarity of Research Method Description   
15                    Rationality of Method Selection   
16                           Rigor of Research Design   
17               Inclusion of Latest Research Results   
18            Reflection of Current Research Hotspots   
19                     Fluency of Language Expression   
20    Appropriateness of Professional Terminology Use   
21                          Conciseness of Expression   
22  Practical Application Potential of Research Re...   
23                Feasibility of Proposed Suggestions   
24                             Logic of Argumentation   
25                   Multi-angle Analysis of Problems   
26  Identification and Discussion of Research Limi...   

    ICC (Intraclass Correlation Coefficient) ICC 95% Confidence Interval  \
0                                   0.580642                [0.48, 0.69]   
1                                   0.774866                 [0.7, 0.84]   
2                                   0.338819                [0.24, 0.46]   
3                                   0.709036                [0.62, 0.79]   
4                                   0.728472                [0.65, 0.81]   
5                                   0.723778                 [0.64, 0.8]   
6                                   0.703592                [0.62, 0.79]   
7                                   0.582605                [0.48, 0.69]   
8                                   0.669582                [0.58, 0.76]   
9                                   0.726102                [0.64, 0.81]   
10                                  0.290461                 [0.2, 0.41]   
11                                  0.674800                [0.58, 0.76]   
12                                  0.604857                [0.51, 0.71]   
13                                  0.680668                [0.59, 0.77]   
14                                  0.648109                [0.55, 0.74]   
15                                  0.633303                [0.54, 0.73]   
16                                  0.630496                [0.53, 0.73]   
17                                  0.704749                [0.62, 0.79]   
18                                  0.693787                [0.61, 0.78]   
19                                  0.609777                [0.51, 0.71]   
20                                  0.635625                [0.54, 0.73]   
21                                  0.576550                [0.48, 0.68]   
22                                  0.681345                [0.59, 0.77]   
23                                  0.661200                [0.57, 0.75]   
24                                  0.698880                [0.61, 0.78]   
25                                  0.701203                [0.61, 0.79]   
26                                  0.641469                [0.55, 0.74]   

    Transitivity Consistency Ratio (%)  
0                            76.158940  
1                            79.393939  
2                            64.705882  
3                            79.393939  
4                            81.212121  
5                            82.424242  
6                            82.424242  
7                            80.000000  
8                            76.551724  
9                            81.212121  
10                           63.636364  
11                           80.606061  
12                           75.776398  
13                           80.606061  
14                           75.757576  
15                           78.205128  
16                           78.205128  
17                           81.212121  
18                           79.113924  
19                           80.606061  
20                           77.848101  
21                           80.606061  
22                           80.606061  
23                           79.393939  
24                           75.316456  
25                           80.000000  
26                           77.575758  

Results have been saved to 'reliability_analysis.csv'
Author
3      0.222625
4      2.897696
10     7.007407
2      9.286862
7     15.344071
5     23.240656
8     42.826602
1     65.603248
0     70.798882
6     92.951708
9     99.722829
Name: Score, dtype: float64

Results have been saved to 'pagerank_results_balanced.csv'
Combined Results:
                                          Subcategory  \
0                                     Topic Relevance   
1                    Comprehensiveness of Information   
2                             Accuracy of Information   
3                        Innovativeness of Viewpoints   
4       Integration of Interdisciplinary Perspectives   
5                        Clarity of Logical Structure   
6               Reasonableness of Chapter Arrangement   
7              Quality of Introduction and Conclusion   
8              Accuracy and Completeness of Citations   
9              Timeliness and Relevance of References   
10   Avoidance of Plagiarism and Appropriate Citation   
11             Critical Analysis of Existing Research   
12   Proposal of New Research Directions or Questions   
13                Potential Contribution to the Field   
14             Clarity of Research Method Description   
15                    Rationality of Method Selection   
16                           Rigor of Research Design   
17               Inclusion of Latest Research Results   
18            Reflection of Current Research Hotspots   
19                     Fluency of Language Expression   
20    Appropriateness of Professional Terminology Use   
21                          Conciseness of Expression   
22  Practical Application Potential of Research Re...   
23                Feasibility of Proposed Suggestions   
24                             Logic of Argumentation   
25                   Multi-angle Analysis of Problems   
26  Identification and Discussion of Research Limi...   

    ICC (Intraclass Correlation Coefficient) ICC 95% Confidence Interval  \
0                                   0.580642                [0.48, 0.69]   
1                                   0.774866                 [0.7, 0.84]   
2                                   0.338819                [0.24, 0.46]   
3                                   0.709036                [0.62, 0.79]   
4                                   0.728472                [0.65, 0.81]   
5                                   0.723778                 [0.64, 0.8]   
6                                   0.703592                [0.62, 0.79]   
7                                   0.582605                [0.48, 0.69]   
8                                   0.669582                [0.58, 0.76]   
9                                   0.726102                [0.64, 0.81]   
10                                  0.290461                 [0.2, 0.41]   
11                                  0.674800                [0.58, 0.76]   
12                                  0.604857                [0.51, 0.71]   
13                                  0.680668                [0.59, 0.77]   
14                                  0.648109                [0.55, 0.74]   
15                                  0.633303                [0.54, 0.73]   
16                                  0.630496                [0.53, 0.73]   
17                                  0.704749                [0.62, 0.79]   
18                                  0.693787                [0.61, 0.78]   
19                                  0.609777                [0.51, 0.71]   
20                                  0.635625                [0.54, 0.73]   
21                                  0.576550                [0.48, 0.68]   
22                                  0.681345                [0.59, 0.77]   
23                                  0.661200                [0.57, 0.75]   
24                                  0.698880                [0.61, 0.78]   
25                                  0.701203                [0.61, 0.79]   
26                                  0.641469                [0.55, 0.74]   

    Transitivity Consistency Ratio (%)  
0                            76.158940  
1                            79.393939  
2                            64.705882  
3                            79.393939  
4                            81.212121  
5                            82.424242  
6                            82.424242  
7                            80.000000  
8                            76.551724  
9                            81.212121  
10                           63.636364  
11                           80.606061  
12                           75.776398  
13                           80.606061  
14                           75.757576  
15                           78.205128  
16                           78.205128  
17                           81.212121  
18                           79.113924  
19                           80.606061  
20                           77.848101  
21                           80.606061  
22                           80.606061  
23                           79.393939  
24                           75.316456  
25                           80.000000  
26                           77.575758  

Results have been saved to 'reliability_analysis.csv'
