Author
10     1.205117
2     21.218406
4     22.765956
1     23.024126
6     23.487975
7     34.317589
5     43.536819
0     49.476353
9     70.765375
3     75.768601
8     92.823330
Name: Score, dtype: float64

Results have been saved to 'pagerank_results_balanced.csv'
Combined Results:
                                          Subcategory  \
0                                     Topic Relevance   
1                    Comprehensiveness of Information   
2                             Accuracy of Information   
3                        Innovativeness of Viewpoints   
4       Integration of Interdisciplinary Perspectives   
5                        Clarity of Logical Structure   
6               Reasonableness of Chapter Arrangement   
7              Quality of Introduction and Conclusion   
8              Accuracy and Completeness of Citations   
9              Timeliness and Relevance of References   
10   Avoidance of Plagiarism and Appropriate Citation   
11             Critical Analysis of Existing Research   
12   Proposal of New Research Directions or Questions   
13                Potential Contribution to the Field   
14             Clarity of Research Method Description   
15                    Rationality of Method Selection   
16                           Rigor of Research Design   
17               Inclusion of Latest Research Results   
18            Reflection of Current Research Hotspots   
19                     Fluency of Language Expression   
20    Appropriateness of Professional Terminology Use   
21                          Conciseness of Expression   
22  Practical Application Potential of Research Re...   
23                Feasibility of Proposed Suggestions   
24                             Logic of Argumentation   
25                   Multi-angle Analysis of Problems   
26  Identification and Discussion of Research Limi...   

    ICC (Intraclass Correlation Coefficient) ICC 95% Confidence Interval  \
0                                   0.243074                [0.16, 0.35]   
1                                   0.616888                [0.52, 0.72]   
2                                   0.042292                 [0.0, 0.11]   
3                                   0.628563                [0.53, 0.73]   
4                                   0.505570                 [0.4, 0.62]   
5                                   0.290170                 [0.2, 0.41]   
6                                   0.370184                [0.27, 0.49]   
7                                   0.340341                [0.25, 0.46]   
8                                   0.517234                [0.42, 0.63]   
9                                   0.573937                [0.47, 0.68]   
10                                  0.393762                 [0.3, 0.51]   
11                                  0.382040                 [0.28, 0.5]   
12                                  0.623649                [0.53, 0.72]   
13                                  0.448680                [0.35, 0.57]   
14                                  0.439400                [0.34, 0.56]   
15                                  0.415312                [0.32, 0.53]   
16                                  0.441060                [0.34, 0.56]   
17                                  0.563174                [0.46, 0.67]   
18                                  0.473149                [0.37, 0.59]   
19                                  0.350847                [0.26, 0.47]   
20                                  0.332871                [0.24, 0.45]   
21                                  0.340016                [0.25, 0.46]   
22                                  0.343883                [0.25, 0.46]   
23                                  0.384519                 [0.29, 0.5]   
24                                  0.307638                [0.22, 0.42]   
25                                  0.482652                 [0.38, 0.6]   
26                                  0.350887                [0.26, 0.47]   

    Transitivity Consistency Ratio (%)  
0                            86.060606  
1                            80.606061  
2                            88.484848  
3                            81.818182  
4                            78.181818  
5                            76.363636  
6                            74.545455  
7                            78.181818  
8                            86.666667  
9                            77.575758  
10                           89.696970  
11                           86.666667  
12                           81.818182  
13                           86.666667  
14                           80.606061  
15                           82.424242  
16                           80.606061  
17                           77.575758  
18                           76.363636  
19                           78.181818  
20                           76.363636  
21                           78.181818  
22                           86.666667  
23                           86.666667  
24                           81.212121  
25                           75.757576  
26                           80.606061  

Results have been saved to 'reliability_analysis.csv'
Author
10     0.903985
2     17.902677
1     20.299414
4     20.614269
6     21.338507
7     31.048888
5     41.900230
0     46.893037
9     69.797553
3     77.545332
8     92.823125
Name: Score, dtype: float64

Results have been saved to 'pagerank_results_balanced.csv'
Combined Results:
                                          Subcategory  \
0                                     Topic Relevance   
1                    Comprehensiveness of Information   
2                             Accuracy of Information   
3                        Innovativeness of Viewpoints   
4       Integration of Interdisciplinary Perspectives   
5                        Clarity of Logical Structure   
6               Reasonableness of Chapter Arrangement   
7              Quality of Introduction and Conclusion   
8              Accuracy and Completeness of Citations   
9              Timeliness and Relevance of References   
10   Avoidance of Plagiarism and Appropriate Citation   
11             Critical Analysis of Existing Research   
12   Proposal of New Research Directions or Questions   
13                Potential Contribution to the Field   
14             Clarity of Research Method Description   
15                    Rationality of Method Selection   
16                           Rigor of Research Design   
17               Inclusion of Latest Research Results   
18            Reflection of Current Research Hotspots   
19                     Fluency of Language Expression   
20    Appropriateness of Professional Terminology Use   
21                          Conciseness of Expression   
22  Practical Application Potential of Research Re...   
23                Feasibility of Proposed Suggestions   
24                             Logic of Argumentation   
25                   Multi-angle Analysis of Problems   
26  Identification and Discussion of Research Limi...   

    ICC (Intraclass Correlation Coefficient) ICC 95% Confidence Interval  \
0                                   0.243074                [0.16, 0.35]   
1                                   0.616888                [0.52, 0.72]   
2                                   0.042292                 [0.0, 0.11]   
3                                   0.628563                [0.53, 0.73]   
4                                   0.505570                 [0.4, 0.62]   
5                                   0.290170                 [0.2, 0.41]   
6                                   0.370184                [0.27, 0.49]   
7                                   0.340341                [0.25, 0.46]   
8                                   0.517234                [0.42, 0.63]   
9                                   0.573937                [0.47, 0.68]   
10                                  0.393762                 [0.3, 0.51]   
11                                  0.382040                 [0.28, 0.5]   
12                                  0.623649                [0.53, 0.72]   
13                                  0.448680                [0.35, 0.57]   
14                                  0.439400                [0.34, 0.56]   
15                                  0.415312                [0.32, 0.53]   
16                                  0.441060                [0.34, 0.56]   
17                                  0.563174                [0.46, 0.67]   
18                                  0.473149                [0.37, 0.59]   
19                                  0.350847                [0.26, 0.47]   
20                                  0.332871                [0.24, 0.45]   
21                                  0.340016                [0.25, 0.46]   
22                                  0.343883                [0.25, 0.46]   
23                                  0.384519                 [0.29, 0.5]   
24                                  0.307638                [0.22, 0.42]   
25                                  0.482652                 [0.38, 0.6]   
26                                  0.350887                [0.26, 0.47]   

    Transitivity Consistency Ratio (%)  
0                            74.444444  
1                            80.606061  
2                            50.000000  
3                            81.818182  
4                            78.181818  
5                            74.172185  
6                            74.545455  
7                            76.158940  
8                            70.270270  
9                            76.582278  
10                           41.379310  
11                           86.666667  
12                           81.818182  
13                           86.666667  
14                           80.606061  
15                           81.528662  
16                           80.606061  
17                           76.582278  
18                           76.363636  
19                           77.358491  
20                           75.159236  
21                           78.181818  
22                           86.666667  
23                           86.666667  
24                           81.212121  
25                           75.000000  
26                           80.606061  

Results have been saved to 'reliability_analysis.csv'
Author
10     0.903985
2     17.902677
1     20.299414
4     20.614269
6     21.338507
7     31.048888
5     41.900230
0     46.893037
9     69.797553
3     77.545332
8     92.823125
Name: Score, dtype: float64

Results have been saved to 'pagerank_results_balanced.csv'
Combined Results:
                                          Subcategory  \
0                                     Topic Relevance   
1                    Comprehensiveness of Information   
2                             Accuracy of Information   
3                        Innovativeness of Viewpoints   
4       Integration of Interdisciplinary Perspectives   
5                        Clarity of Logical Structure   
6               Reasonableness of Chapter Arrangement   
7              Quality of Introduction and Conclusion   
8              Accuracy and Completeness of Citations   
9              Timeliness and Relevance of References   
10   Avoidance of Plagiarism and Appropriate Citation   
11             Critical Analysis of Existing Research   
12   Proposal of New Research Directions or Questions   
13                Potential Contribution to the Field   
14             Clarity of Research Method Description   
15                    Rationality of Method Selection   
16                           Rigor of Research Design   
17               Inclusion of Latest Research Results   
18            Reflection of Current Research Hotspots   
19                     Fluency of Language Expression   
20    Appropriateness of Professional Terminology Use   
21                          Conciseness of Expression   
22  Practical Application Potential of Research Re...   
23                Feasibility of Proposed Suggestions   
24                             Logic of Argumentation   
25                   Multi-angle Analysis of Problems   
26  Identification and Discussion of Research Limi...   

    ICC (Intraclass Correlation Coefficient) ICC 95% Confidence Interval  \
0                                   0.243074                [0.16, 0.35]   
1                                   0.616888                [0.52, 0.72]   
2                                   0.042292                 [0.0, 0.11]   
3                                   0.628563                [0.53, 0.73]   
4                                   0.505570                 [0.4, 0.62]   
5                                   0.290170                 [0.2, 0.41]   
6                                   0.370184                [0.27, 0.49]   
7                                   0.340341                [0.25, 0.46]   
8                                   0.517234                [0.42, 0.63]   
9                                   0.573937                [0.47, 0.68]   
10                                  0.393762                 [0.3, 0.51]   
11                                  0.382040                 [0.28, 0.5]   
12                                  0.623649                [0.53, 0.72]   
13                                  0.448680                [0.35, 0.57]   
14                                  0.439400                [0.34, 0.56]   
15                                  0.415312                [0.32, 0.53]   
16                                  0.441060                [0.34, 0.56]   
17                                  0.563174                [0.46, 0.67]   
18                                  0.473149                [0.37, 0.59]   
19                                  0.350847                [0.26, 0.47]   
20                                  0.332871                [0.24, 0.45]   
21                                  0.340016                [0.25, 0.46]   
22                                  0.343883                [0.25, 0.46]   
23                                  0.384519                 [0.29, 0.5]   
24                                  0.307638                [0.22, 0.42]   
25                                  0.482652                 [0.38, 0.6]   
26                                  0.350887                [0.26, 0.47]   

    Transitivity Consistency Ratio (%)  
0                            74.444444  
1                            80.606061  
2                            50.000000  
3                            81.818182  
4                            78.181818  
5                            74.172185  
6                            74.545455  
7                            76.158940  
8                            70.270270  
9                            76.582278  
10                           41.379310  
11                           86.666667  
12                           81.818182  
13                           86.666667  
14                           80.606061  
15                           81.528662  
16                           80.606061  
17                           76.582278  
18                           76.363636  
19                           77.358491  
20                           75.159236  
21                           78.181818  
22                           86.666667  
23                           86.666667  
24                           81.212121  
25                           75.000000  
26                           80.606061  

Results have been saved to 'reliability_analysis.csv'
