Author
10      0.000000
8      13.785399
4      14.273984
3      23.819423
6      37.453168
1      38.152856
0      40.397266
7      45.302580
5      65.527793
2      73.865378
9     100.000000
Name: Score, dtype: float64

Results have been saved to 'pagerank_results_balanced.csv'
Combined Results:
                                          Subcategory  \
0                                     Topic Relevance   
1                    Comprehensiveness of Information   
2                             Accuracy of Information   
3                        Innovativeness of Viewpoints   
4       Integration of Interdisciplinary Perspectives   
5                        Clarity of Logical Structure   
6               Reasonableness of Chapter Arrangement   
7              Quality of Introduction and Conclusion   
8              Accuracy and Completeness of Citations   
9              Timeliness and Relevance of References   
10   Avoidance of Plagiarism and Appropriate Citation   
11             Critical Analysis of Existing Research   
12   Proposal of New Research Directions or Questions   
13                Potential Contribution to the Field   
14             Clarity of Research Method Description   
15                    Rationality of Method Selection   
16                           Rigor of Research Design   
17               Inclusion of Latest Research Results   
18            Reflection of Current Research Hotspots   
19                     Fluency of Language Expression   
20    Appropriateness of Professional Terminology Use   
21                          Conciseness of Expression   
22  Practical Application Potential of Research Re...   
23                Feasibility of Proposed Suggestions   
24                             Logic of Argumentation   
25                   Multi-angle Analysis of Problems   
26  Identification and Discussion of Research Limi...   

    ICC (Intraclass Correlation Coefficient) ICC 95% Confidence Interval  \
0                                   0.471509                [0.37, 0.59]   
1                                   0.858360                 [0.81, 0.9]   
2                                   0.370427                [0.27, 0.49]   
3                                   0.783788                [0.71, 0.85]   
4                                   0.764082                [0.69, 0.83]   
5                                   0.787611                [0.72, 0.85]   
6                                   0.779935                [0.71, 0.85]   
7                                   0.744284                [0.66, 0.82]   
8                                   0.668369                [0.58, 0.76]   
9                                   0.759216                [0.68, 0.83]   
10                                  0.329494                [0.24, 0.45]   
11                                  0.780527                [0.71, 0.85]   
12                                  0.710917                [0.63, 0.79]   
13                                  0.767315                [0.69, 0.84]   
14                                  0.703793                [0.62, 0.79]   
15                                  0.718790                 [0.63, 0.8]   
16                                  0.708107                [0.62, 0.79]   
17                                  0.761116                [0.68, 0.83]   
18                                  0.753913                [0.68, 0.83]   
19                                  0.673491                [0.58, 0.76]   
20                                  0.645856                [0.55, 0.74]   
21                                  0.680451                [0.59, 0.77]   
22                                  0.714912                 [0.63, 0.8]   
23                                  0.699615                [0.61, 0.78]   
24                                  0.730437                [0.65, 0.81]   
25                                  0.729846                [0.65, 0.81]   
26                                  0.699483                [0.61, 0.78]   

    Transitivity Consistency Ratio (%)  
0                            77.575758  
1                            72.121212  
2                            91.515152  
3                            75.757576  
4                            72.727273  
5                            81.212121  
6                            77.575758  
7                            81.818182  
8                            77.575758  
9                            73.333333  
10                           87.878788  
11                           75.757576  
12                           74.545455  
13                           73.939394  
14                           78.181818  
15                           73.333333  
16                           73.333333  
17                           73.333333  
18                           72.121212  
19                           81.818182  
20                           78.181818  
21                           80.000000  
22                           73.939394  
23                           73.939394  
24                           77.575758  
25                           73.939394  
26                           73.939394  

Results have been saved to 'reliability_analysis.csv'
Author
10      0.000000
8      11.749653
4      12.749822
3      22.227723
6      33.207870
1      41.482635
0      41.776903
7      47.120390
5      62.553274
2      75.208821
9     100.000000
Name: Score, dtype: float64

Results have been saved to 'pagerank_results_balanced.csv'
Combined Results:
                                          Subcategory  \
0                                     Topic Relevance   
1                    Comprehensiveness of Information   
2                             Accuracy of Information   
3                        Innovativeness of Viewpoints   
4       Integration of Interdisciplinary Perspectives   
5                        Clarity of Logical Structure   
6               Reasonableness of Chapter Arrangement   
7              Quality of Introduction and Conclusion   
8              Accuracy and Completeness of Citations   
9              Timeliness and Relevance of References   
10   Avoidance of Plagiarism and Appropriate Citation   
11             Critical Analysis of Existing Research   
12   Proposal of New Research Directions or Questions   
13                Potential Contribution to the Field   
14             Clarity of Research Method Description   
15                    Rationality of Method Selection   
16                           Rigor of Research Design   
17               Inclusion of Latest Research Results   
18            Reflection of Current Research Hotspots   
19                     Fluency of Language Expression   
20    Appropriateness of Professional Terminology Use   
21                          Conciseness of Expression   
22  Practical Application Potential of Research Re...   
23                Feasibility of Proposed Suggestions   
24                             Logic of Argumentation   
25                   Multi-angle Analysis of Problems   
26  Identification and Discussion of Research Limi...   

    ICC (Intraclass Correlation Coefficient) ICC 95% Confidence Interval  \
0                                   0.471509                [0.37, 0.59]   
1                                   0.858360                 [0.81, 0.9]   
2                                   0.370427                [0.27, 0.49]   
3                                   0.783788                [0.71, 0.85]   
4                                   0.764082                [0.69, 0.83]   
5                                   0.787611                [0.72, 0.85]   
6                                   0.779935                [0.71, 0.85]   
7                                   0.744284                [0.66, 0.82]   
8                                   0.668369                [0.58, 0.76]   
9                                   0.759216                [0.68, 0.83]   
10                                  0.329494                [0.24, 0.45]   
11                                  0.780527                [0.71, 0.85]   
12                                  0.710917                [0.63, 0.79]   
13                                  0.767315                [0.69, 0.84]   
14                                  0.703793                [0.62, 0.79]   
15                                  0.718790                 [0.63, 0.8]   
16                                  0.708107                [0.62, 0.79]   
17                                  0.761116                [0.68, 0.83]   
18                                  0.753913                [0.68, 0.83]   
19                                  0.673491                [0.58, 0.76]   
20                                  0.645856                [0.55, 0.74]   
21                                  0.680451                [0.59, 0.77]   
22                                  0.714912                 [0.63, 0.8]   
23                                  0.699615                [0.61, 0.78]   
24                                  0.730437                [0.65, 0.81]   
25                                  0.729846                [0.65, 0.81]   
26                                  0.699483                [0.61, 0.78]   

    Transitivity Consistency Ratio (%)  
0                            58.888889  
1                            72.121212  
2                            62.162162  
3                            75.757576  
4                            72.727273  
5                            80.254777  
6                            77.575758  
7                            81.818182  
8                            64.761905  
9                            73.333333  
10                           62.264151  
11                           75.757576  
12                           73.248408  
13                           73.939394  
14                           77.070064  
15                           73.333333  
16                           73.333333  
17                           73.333333  
18                           72.121212  
19                           81.818182  
20                           77.070064  
21                           80.000000  
22                           73.939394  
23                           73.939394  
24                           77.575758  
25                           73.939394  
26                           73.939394  

Results have been saved to 'reliability_analysis.csv'
Author
10      0.000000
8      11.749653
4      12.749822
3      22.227723
6      33.207870
1      41.482635
0      41.776903
7      47.120390
5      62.553274
2      75.208821
9     100.000000
Name: Score, dtype: float64

Results have been saved to 'pagerank_results_balanced.csv'
Combined Results:
                                          Subcategory  \
0                                     Topic Relevance   
1                    Comprehensiveness of Information   
2                             Accuracy of Information   
3                        Innovativeness of Viewpoints   
4       Integration of Interdisciplinary Perspectives   
5                        Clarity of Logical Structure   
6               Reasonableness of Chapter Arrangement   
7              Quality of Introduction and Conclusion   
8              Accuracy and Completeness of Citations   
9              Timeliness and Relevance of References   
10   Avoidance of Plagiarism and Appropriate Citation   
11             Critical Analysis of Existing Research   
12   Proposal of New Research Directions or Questions   
13                Potential Contribution to the Field   
14             Clarity of Research Method Description   
15                    Rationality of Method Selection   
16                           Rigor of Research Design   
17               Inclusion of Latest Research Results   
18            Reflection of Current Research Hotspots   
19                     Fluency of Language Expression   
20    Appropriateness of Professional Terminology Use   
21                          Conciseness of Expression   
22  Practical Application Potential of Research Re...   
23                Feasibility of Proposed Suggestions   
24                             Logic of Argumentation   
25                   Multi-angle Analysis of Problems   
26  Identification and Discussion of Research Limi...   

    ICC (Intraclass Correlation Coefficient) ICC 95% Confidence Interval  \
0                                   0.471509                [0.37, 0.59]   
1                                   0.858360                 [0.81, 0.9]   
2                                   0.370427                [0.27, 0.49]   
3                                   0.783788                [0.71, 0.85]   
4                                   0.764082                [0.69, 0.83]   
5                                   0.787611                [0.72, 0.85]   
6                                   0.779935                [0.71, 0.85]   
7                                   0.744284                [0.66, 0.82]   
8                                   0.668369                [0.58, 0.76]   
9                                   0.759216                [0.68, 0.83]   
10                                  0.329494                [0.24, 0.45]   
11                                  0.780527                [0.71, 0.85]   
12                                  0.710917                [0.63, 0.79]   
13                                  0.767315                [0.69, 0.84]   
14                                  0.703793                [0.62, 0.79]   
15                                  0.718790                 [0.63, 0.8]   
16                                  0.708107                [0.62, 0.79]   
17                                  0.761116                [0.68, 0.83]   
18                                  0.753913                [0.68, 0.83]   
19                                  0.673491                [0.58, 0.76]   
20                                  0.645856                [0.55, 0.74]   
21                                  0.680451                [0.59, 0.77]   
22                                  0.714912                 [0.63, 0.8]   
23                                  0.699615                [0.61, 0.78]   
24                                  0.730437                [0.65, 0.81]   
25                                  0.729846                [0.65, 0.81]   
26                                  0.699483                [0.61, 0.78]   

    Transitivity Consistency Ratio (%)  
0                            58.888889  
1                            72.121212  
2                            62.162162  
3                            75.757576  
4                            72.727273  
5                            80.254777  
6                            77.575758  
7                            81.818182  
8                            64.761905  
9                            73.333333  
10                           62.264151  
11                           75.757576  
12                           73.248408  
13                           73.939394  
14                           77.070064  
15                           73.333333  
16                           73.333333  
17                           73.333333  
18                           72.121212  
19                           81.818182  
20                           77.070064  
21                           80.000000  
22                           73.939394  
23                           73.939394  
24                           77.575758  
25                           73.939394  
26                           73.939394  

Results have been saved to 'reliability_analysis.csv'
