Author
7       0.402320
8       1.690099
2       2.496347
1       3.296454
6       3.379080
0      22.092226
5      22.155994
4      47.904032
10     69.542737
3      71.416503
9     100.000000
Name: Score, dtype: float64

Results have been saved to 'pagerank_results_balanced.csv'
Combined Results:
                                          Subcategory  \
0                                     Topic Relevance   
1                    Comprehensiveness of Information   
2                             Accuracy of Information   
3                        Innovativeness of Viewpoints   
4       Integration of Interdisciplinary Perspectives   
5                        Clarity of Logical Structure   
6               Reasonableness of Chapter Arrangement   
7              Quality of Introduction and Conclusion   
8              Accuracy and Completeness of Citations   
9              Timeliness and Relevance of References   
10   Avoidance of Plagiarism and Appropriate Citation   
11             Critical Analysis of Existing Research   
12   Proposal of New Research Directions or Questions   
13                Potential Contribution to the Field   
14             Clarity of Research Method Description   
15                    Rationality of Method Selection   
16                           Rigor of Research Design   
17               Inclusion of Latest Research Results   
18            Reflection of Current Research Hotspots   
19                     Fluency of Language Expression   
20    Appropriateness of Professional Terminology Use   
21                          Conciseness of Expression   
22  Practical Application Potential of Research Re...   
23                Feasibility of Proposed Suggestions   
24                             Logic of Argumentation   
25                   Multi-angle Analysis of Problems   
26  Identification and Discussion of Research Limi...   

    ICC (Intraclass Correlation Coefficient) ICC 95% Confidence Interval  \
0                                   0.628960                [0.53, 0.73]   
1                                   0.852492                  [0.8, 0.9]   
2                                   0.477520                [0.38, 0.59]   
3                                   0.760966                [0.68, 0.83]   
4                                   0.817053                [0.75, 0.88]   
5                                   0.788823                [0.72, 0.85]   
6                                   0.781580                [0.71, 0.85]   
7                                   0.745247                [0.66, 0.82]   
8                                   0.698509                [0.61, 0.78]   
9                                   0.766713                [0.69, 0.84]   
10                                  0.361954                [0.27, 0.48]   
11                                  0.767473                [0.69, 0.84]   
12                                  0.719254                 [0.64, 0.8]   
13                                  0.756305                [0.68, 0.83]   
14                                  0.671710                [0.58, 0.76]   
15                                  0.673784                [0.58, 0.76]   
16                                  0.679593                [0.59, 0.77]   
17                                  0.765275                [0.69, 0.84]   
18                                  0.720818                 [0.63, 0.8]   
19                                  0.724999                [0.64, 0.81]   
20                                  0.723813                 [0.64, 0.8]   
21                                  0.720257                 [0.63, 0.8]   
22                                  0.742988                [0.66, 0.82]   
23                                  0.513504                [0.41, 0.63]   
24                                  0.744217                [0.66, 0.82]   
25                                  0.780885                [0.71, 0.85]   
26                                  0.705183                [0.62, 0.79]   

    Transitivity Consistency Ratio (%)  
0                            80.000000  
1                            75.757576  
2                            89.090909  
3                            80.000000  
4                            76.363636  
5                            76.969697  
6                            76.969697  
7                            76.969697  
8                            81.212121  
9                            76.969697  
10                           86.666667  
11                           79.393939  
12                           80.606061  
13                           79.393939  
14                           75.757576  
15                           75.757576  
16                           75.757576  
17                           76.969697  
18                           76.969697  
19                           76.969697  
20                           77.575758  
21                           76.363636  
22                           79.393939  
23                           80.000000  
24                           76.969697  
25                           76.363636  
26                           75.757576  

Results have been saved to 'reliability_analysis.csv'
Author
10      0.023989
7       7.882760
8       9.747222
2      13.550542
1      16.491198
6      20.915158
5      47.940196
0      54.775506
4      71.974816
3      83.325842
9     100.000000
Name: Score, dtype: float64

Results have been saved to 'pagerank_results_balanced.csv'
Combined Results:
                                          Subcategory  \
0                                     Topic Relevance   
1                    Comprehensiveness of Information   
2                             Accuracy of Information   
3                        Innovativeness of Viewpoints   
4       Integration of Interdisciplinary Perspectives   
5                        Clarity of Logical Structure   
6               Reasonableness of Chapter Arrangement   
7              Quality of Introduction and Conclusion   
8              Accuracy and Completeness of Citations   
9              Timeliness and Relevance of References   
10   Avoidance of Plagiarism and Appropriate Citation   
11             Critical Analysis of Existing Research   
12   Proposal of New Research Directions or Questions   
13                Potential Contribution to the Field   
14             Clarity of Research Method Description   
15                    Rationality of Method Selection   
16                           Rigor of Research Design   
17               Inclusion of Latest Research Results   
18            Reflection of Current Research Hotspots   
19                     Fluency of Language Expression   
20    Appropriateness of Professional Terminology Use   
21                          Conciseness of Expression   
22  Practical Application Potential of Research Re...   
23                Feasibility of Proposed Suggestions   
24                             Logic of Argumentation   
25                   Multi-angle Analysis of Problems   
26  Identification and Discussion of Research Limi...   

    ICC (Intraclass Correlation Coefficient) ICC 95% Confidence Interval  \
0                                   0.650894                [0.56, 0.75]   
1                                   0.865334                [0.81, 0.91]   
2                                   0.460062                [0.36, 0.58]   
3                                   0.853907                  [0.8, 0.9]   
4                                   0.823962                [0.75, 0.88]   
5                                   0.761000                [0.67, 0.84]   
6                                   0.762578                [0.68, 0.84]   
7                                   0.718897                 [0.62, 0.8]   
8                                   0.620386                [0.52, 0.72]   
9                                   0.754976                [0.67, 0.83]   
10                                  0.321624                [0.23, 0.44]   
11                                  0.829957                [0.77, 0.88]   
12                                  0.778059                 [0.7, 0.85]   
13                                  0.831693                [0.77, 0.89]   
14                                  0.699077                [0.61, 0.78]   
15                                  0.702570                [0.62, 0.79]   
16                                  0.703783                [0.62, 0.79]   
17                                  0.774197                 [0.7, 0.84]   
18                                  0.761407                [0.68, 0.84]   
19                                  0.716821                 [0.63, 0.8]   
20                                  0.748295                [0.67, 0.82]   
21                                  0.702535                [0.61, 0.79]   
22                                  0.822473                [0.76, 0.88]   
23                                  0.598437                  [0.5, 0.7]   
24                                  0.769750                [0.69, 0.84]   
25                                  0.803164                [0.73, 0.87]   
26                                  0.713749                 [0.63, 0.8]   

    Transitivity Consistency Ratio (%)  
0                            83.030303  
1                            75.757576  
2                            87.272727  
3                            76.969697  
4                            76.363636  
5                            79.393939  
6                            79.393939  
7                            79.393939  
8                            83.636364  
9                            76.363636  
10                           86.060606  
11                           75.757576  
12                           77.575758  
13                           75.757576  
14                           75.757576  
15                           75.757576  
16                           75.757576  
17                           76.363636  
18                           76.363636  
19                           79.393939  
20                           76.969697  
21                           76.363636  
22                           75.757576  
23                           75.757576  
24                           79.393939  
25                           76.363636  
26                           75.757576  

Results have been saved to 'reliability_analysis.csv'
Author
10      0.023989
7       7.882760
8       9.747222
2      13.550542
1      16.491198
6      20.915158
5      47.940196
0      54.775506
4      71.974816
3      83.325842
9     100.000000
Name: Score, dtype: float64

Results have been saved to 'pagerank_results_balanced.csv'
Combined Results:
                                          Subcategory  \
0                                     Topic Relevance   
1                    Comprehensiveness of Information   
2                             Accuracy of Information   
3                        Innovativeness of Viewpoints   
4       Integration of Interdisciplinary Perspectives   
5                        Clarity of Logical Structure   
6               Reasonableness of Chapter Arrangement   
7              Quality of Introduction and Conclusion   
8              Accuracy and Completeness of Citations   
9              Timeliness and Relevance of References   
10   Avoidance of Plagiarism and Appropriate Citation   
11             Critical Analysis of Existing Research   
12   Proposal of New Research Directions or Questions   
13                Potential Contribution to the Field   
14             Clarity of Research Method Description   
15                    Rationality of Method Selection   
16                           Rigor of Research Design   
17               Inclusion of Latest Research Results   
18            Reflection of Current Research Hotspots   
19                     Fluency of Language Expression   
20    Appropriateness of Professional Terminology Use   
21                          Conciseness of Expression   
22  Practical Application Potential of Research Re...   
23                Feasibility of Proposed Suggestions   
24                             Logic of Argumentation   
25                   Multi-angle Analysis of Problems   
26  Identification and Discussion of Research Limi...   

    ICC (Intraclass Correlation Coefficient) ICC 95% Confidence Interval  \
0                                   0.650894                [0.56, 0.75]   
1                                   0.865334                [0.81, 0.91]   
2                                   0.460062                [0.36, 0.58]   
3                                   0.853907                  [0.8, 0.9]   
4                                   0.823962                [0.75, 0.88]   
5                                   0.761000                [0.67, 0.84]   
6                                   0.762578                [0.68, 0.84]   
7                                   0.718897                 [0.62, 0.8]   
8                                   0.620386                [0.52, 0.72]   
9                                   0.754976                [0.67, 0.83]   
10                                  0.321624                [0.23, 0.44]   
11                                  0.829957                [0.77, 0.88]   
12                                  0.778059                 [0.7, 0.85]   
13                                  0.831693                [0.77, 0.89]   
14                                  0.699077                [0.61, 0.78]   
15                                  0.702570                [0.62, 0.79]   
16                                  0.703783                [0.62, 0.79]   
17                                  0.774197                 [0.7, 0.84]   
18                                  0.761407                [0.68, 0.84]   
19                                  0.716821                 [0.63, 0.8]   
20                                  0.748295                [0.67, 0.82]   
21                                  0.702535                [0.61, 0.79]   
22                                  0.822473                [0.76, 0.88]   
23                                  0.598437                  [0.5, 0.7]   
24                                  0.769750                [0.69, 0.84]   
25                                  0.803164                [0.73, 0.87]   
26                                  0.713749                 [0.63, 0.8]   

    Transitivity Consistency Ratio (%)  
0                            83.030303  
1                            75.757576  
2                            87.272727  
3                            76.969697  
4                            76.363636  
5                            79.393939  
6                            79.393939  
7                            79.393939  
8                            83.636364  
9                            76.363636  
10                           86.060606  
11                           75.757576  
12                           77.575758  
13                           75.757576  
14                           75.757576  
15                           75.757576  
16                           75.757576  
17                           76.363636  
18                           76.363636  
19                           79.393939  
20                           76.969697  
21                           76.363636  
22                           75.757576  
23                           75.757576  
24                           79.393939  
25                           76.363636  
26                           75.757576  

Results have been saved to 'reliability_analysis.csv'
Author
10      0.011163
7       8.533022
8       9.165621
2      11.532517
1      14.986149
6      19.669940
5      48.606868
0      54.713824
4      72.106662
3      84.282137
9     100.000000
Name: Score, dtype: float64

Results have been saved to 'pagerank_results_balanced.csv'
Combined Results:
                                          Subcategory  \
0                                     Topic Relevance   
1                    Comprehensiveness of Information   
2                             Accuracy of Information   
3                        Innovativeness of Viewpoints   
4       Integration of Interdisciplinary Perspectives   
5                        Clarity of Logical Structure   
6               Reasonableness of Chapter Arrangement   
7              Quality of Introduction and Conclusion   
8              Accuracy and Completeness of Citations   
9              Timeliness and Relevance of References   
10   Avoidance of Plagiarism and Appropriate Citation   
11             Critical Analysis of Existing Research   
12   Proposal of New Research Directions or Questions   
13                Potential Contribution to the Field   
14             Clarity of Research Method Description   
15                    Rationality of Method Selection   
16                           Rigor of Research Design   
17               Inclusion of Latest Research Results   
18            Reflection of Current Research Hotspots   
19                     Fluency of Language Expression   
20    Appropriateness of Professional Terminology Use   
21                          Conciseness of Expression   
22  Practical Application Potential of Research Re...   
23                Feasibility of Proposed Suggestions   
24                             Logic of Argumentation   
25                   Multi-angle Analysis of Problems   
26  Identification and Discussion of Research Limi...   

    ICC (Intraclass Correlation Coefficient) ICC 95% Confidence Interval  \
0                                   0.650894                [0.56, 0.75]   
1                                   0.865334                [0.81, 0.91]   
2                                   0.460062                [0.36, 0.58]   
3                                   0.853907                  [0.8, 0.9]   
4                                   0.823962                [0.75, 0.88]   
5                                   0.761000                [0.67, 0.84]   
6                                   0.762578                [0.68, 0.84]   
7                                   0.718897                 [0.62, 0.8]   
8                                   0.620386                [0.52, 0.72]   
9                                   0.754976                [0.67, 0.83]   
10                                  0.321624                [0.23, 0.44]   
11                                  0.829957                [0.77, 0.88]   
12                                  0.778059                 [0.7, 0.85]   
13                                  0.831693                [0.77, 0.89]   
14                                  0.699077                [0.61, 0.78]   
15                                  0.702570                [0.62, 0.79]   
16                                  0.703783                [0.62, 0.79]   
17                                  0.774197                 [0.7, 0.84]   
18                                  0.761407                [0.68, 0.84]   
19                                  0.716821                 [0.63, 0.8]   
20                                  0.748295                [0.67, 0.82]   
21                                  0.702535                [0.61, 0.79]   
22                                  0.822473                [0.76, 0.88]   
23                                  0.598437                  [0.5, 0.7]   
24                                  0.769750                [0.69, 0.84]   
25                                  0.803164                [0.73, 0.87]   
26                                  0.713749                 [0.63, 0.8]   

    Transitivity Consistency Ratio (%)  
0                            41.666667  
1                            75.757576  
2                            36.363636  
3                            76.969697  
4                            76.363636  
5                            79.393939  
6                            79.393939  
7                            79.393939  
8                            56.451613  
9                            76.363636  
10                           37.837838  
11                           75.757576  
12                           77.575758  
13                           75.757576  
14                           75.757576  
15                           75.757576  
16                           75.757576  
17                           76.363636  
18                           76.363636  
19                           79.393939  
20                           75.641026  
21                           76.363636  
22                           75.757576  
23                           75.757576  
24                           79.393939  
25                           76.363636  
26                           75.757576  

Results have been saved to 'reliability_analysis.csv'
Author
10      0.011163
7       8.533022
8       9.165621
2      11.532517
1      14.986149
6      19.669940
5      48.606868
0      54.713824
4      72.106662
3      84.282137
9     100.000000
Name: Score, dtype: float64

Results have been saved to 'pagerank_results_balanced.csv'
Combined Results:
                                          Subcategory  \
0                                     Topic Relevance   
1                    Comprehensiveness of Information   
2                             Accuracy of Information   
3                        Innovativeness of Viewpoints   
4       Integration of Interdisciplinary Perspectives   
5                        Clarity of Logical Structure   
6               Reasonableness of Chapter Arrangement   
7              Quality of Introduction and Conclusion   
8              Accuracy and Completeness of Citations   
9              Timeliness and Relevance of References   
10   Avoidance of Plagiarism and Appropriate Citation   
11             Critical Analysis of Existing Research   
12   Proposal of New Research Directions or Questions   
13                Potential Contribution to the Field   
14             Clarity of Research Method Description   
15                    Rationality of Method Selection   
16                           Rigor of Research Design   
17               Inclusion of Latest Research Results   
18            Reflection of Current Research Hotspots   
19                     Fluency of Language Expression   
20    Appropriateness of Professional Terminology Use   
21                          Conciseness of Expression   
22  Practical Application Potential of Research Re...   
23                Feasibility of Proposed Suggestions   
24                             Logic of Argumentation   
25                   Multi-angle Analysis of Problems   
26  Identification and Discussion of Research Limi...   

    ICC (Intraclass Correlation Coefficient) ICC 95% Confidence Interval  \
0                                   0.650894                [0.56, 0.75]   
1                                   0.865334                [0.81, 0.91]   
2                                   0.460062                [0.36, 0.58]   
3                                   0.853907                  [0.8, 0.9]   
4                                   0.823962                [0.75, 0.88]   
5                                   0.761000                [0.67, 0.84]   
6                                   0.762578                [0.68, 0.84]   
7                                   0.718897                 [0.62, 0.8]   
8                                   0.620386                [0.52, 0.72]   
9                                   0.754976                [0.67, 0.83]   
10                                  0.321624                [0.23, 0.44]   
11                                  0.829957                [0.77, 0.88]   
12                                  0.778059                 [0.7, 0.85]   
13                                  0.831693                [0.77, 0.89]   
14                                  0.699077                [0.61, 0.78]   
15                                  0.702570                [0.62, 0.79]   
16                                  0.703783                [0.62, 0.79]   
17                                  0.774197                 [0.7, 0.84]   
18                                  0.761407                [0.68, 0.84]   
19                                  0.716821                 [0.63, 0.8]   
20                                  0.748295                [0.67, 0.82]   
21                                  0.702535                [0.61, 0.79]   
22                                  0.822473                [0.76, 0.88]   
23                                  0.598437                  [0.5, 0.7]   
24                                  0.769750                [0.69, 0.84]   
25                                  0.803164                [0.73, 0.87]   
26                                  0.713749                 [0.63, 0.8]   

    Transitivity Consistency Ratio (%)  
0                            41.666667  
1                            75.757576  
2                            36.363636  
3                            76.969697  
4                            76.363636  
5                            79.393939  
6                            79.393939  
7                            79.393939  
8                            56.451613  
9                            76.363636  
10                           37.837838  
11                           75.757576  
12                           77.575758  
13                           75.757576  
14                           75.757576  
15                           75.757576  
16                           75.757576  
17                           76.363636  
18                           76.363636  
19                           79.393939  
20                           75.641026  
21                           76.363636  
22                           75.757576  
23                           75.757576  
24                           79.393939  
25                           76.363636  
26                           75.757576  

Results have been saved to 'reliability_analysis.csv'
