Author
6      0.617841
8      2.173260
4      2.654857
7      6.412329
2      6.416934
0     29.694498
10    59.440100
5     71.800950
3     83.115965
1     85.715252
9     98.259837
Name: Score, dtype: float64

Results have been saved to 'pagerank_results_balanced.csv'
Combined Results:
                                          Subcategory  \
0                                     Topic Relevance   
1                    Comprehensiveness of Information   
2                             Accuracy of Information   
3                        Innovativeness of Viewpoints   
4       Integration of Interdisciplinary Perspectives   
5                        Clarity of Logical Structure   
6               Reasonableness of Chapter Arrangement   
7              Quality of Introduction and Conclusion   
8              Accuracy and Completeness of Citations   
9              Timeliness and Relevance of References   
10   Avoidance of Plagiarism and Appropriate Citation   
11             Critical Analysis of Existing Research   
12   Proposal of New Research Directions or Questions   
13                Potential Contribution to the Field   
14             Clarity of Research Method Description   
15                    Rationality of Method Selection   
16                           Rigor of Research Design   
17               Inclusion of Latest Research Results   
18            Reflection of Current Research Hotspots   
19                     Fluency of Language Expression   
20    Appropriateness of Professional Terminology Use   
21                          Conciseness of Expression   
22  Practical Application Potential of Research Re...   
23                Feasibility of Proposed Suggestions   
24                             Logic of Argumentation   
25                   Multi-angle Analysis of Problems   
26  Identification and Discussion of Research Limi...   

    ICC (Intraclass Correlation Coefficient) ICC 95% Confidence Interval  \
0                                   0.151049                [0.08, 0.25]   
1                                   0.767024                [0.69, 0.84]   
2                                   0.498874                 [0.4, 0.61]   
3                                   0.606163                [0.51, 0.71]   
4                                   0.653882                [0.56, 0.75]   
5                                   0.678219                [0.59, 0.77]   
6                                   0.697163                [0.61, 0.78]   
7                                   0.614412                [0.52, 0.72]   
8                                   0.473705                [0.37, 0.59]   
9                                   0.549813                [0.45, 0.66]   
10                                  0.153941                [0.09, 0.25]   
11                                  0.617870                [0.52, 0.72]   
12                                  0.482533                 [0.38, 0.6]   
13                                  0.566781                [0.47, 0.67]   
14                                  0.707154                [0.62, 0.79]   
15                                  0.678208                [0.59, 0.77]   
16                                  0.702556                [0.62, 0.79]   
17                                  0.533428                [0.43, 0.65]   
18                                  0.512613                [0.41, 0.63]   
19                                  0.599302                  [0.5, 0.7]   
20                                  0.628350                [0.53, 0.73]   
21                                  0.589905                [0.49, 0.69]   
22                                  0.561136                [0.46, 0.67]   
23                                  0.451659                [0.35, 0.57]   
24                                  0.626720                [0.53, 0.73]   
25                                  0.600766                  [0.5, 0.7]   
26                                  0.626651                [0.53, 0.73]   

    Transitivity Consistency Ratio (%)  
0                            90.303030  
1                            71.515152  
2                            84.242424  
3                            73.939394  
4                            75.757576  
5                            75.757576  
6                            75.757576  
7                            75.151515  
8                            88.484848  
9                            73.939394  
10                           87.878788  
11                           73.939394  
12                           73.333333  
13                           73.939394  
14                           70.909091  
15                           72.121212  
16                           72.121212  
17                           73.939394  
18                           77.575758  
19                           75.151515  
20                           74.545455  
21                           75.151515  
22                           73.939394  
23                           73.939394  
24                           75.151515  
25                           78.181818  
26                           73.333333  

Results have been saved to 'reliability_analysis.csv'
Author
10     0.000000
6     30.608936
8     40.458147
4     43.851406
7     52.060847
2     55.694205
0     76.760674
5     91.055397
3     93.277287
1     94.500462
9     99.655456
Name: Score, dtype: float64

Results have been saved to 'pagerank_results_balanced.csv'
Combined Results:
                                          Subcategory  \
0                                     Topic Relevance   
1                    Comprehensiveness of Information   
2                             Accuracy of Information   
3                        Innovativeness of Viewpoints   
4       Integration of Interdisciplinary Perspectives   
5                        Clarity of Logical Structure   
6               Reasonableness of Chapter Arrangement   
7              Quality of Introduction and Conclusion   
8              Accuracy and Completeness of Citations   
9              Timeliness and Relevance of References   
10   Avoidance of Plagiarism and Appropriate Citation   
11             Critical Analysis of Existing Research   
12   Proposal of New Research Directions or Questions   
13                Potential Contribution to the Field   
14             Clarity of Research Method Description   
15                    Rationality of Method Selection   
16                           Rigor of Research Design   
17               Inclusion of Latest Research Results   
18            Reflection of Current Research Hotspots   
19                     Fluency of Language Expression   
20    Appropriateness of Professional Terminology Use   
21                          Conciseness of Expression   
22  Practical Application Potential of Research Re...   
23                Feasibility of Proposed Suggestions   
24                             Logic of Argumentation   
25                   Multi-angle Analysis of Problems   
26  Identification and Discussion of Research Limi...   

    ICC (Intraclass Correlation Coefficient) ICC 95% Confidence Interval  \
0                                   0.381418                 [0.28, 0.5]   
1                                   0.853914                  [0.8, 0.9]   
2                                   0.549411                [0.45, 0.66]   
3                                   0.761173                [0.68, 0.83]   
4                                   0.794097                [0.73, 0.86]   
5                                   0.786513                [0.72, 0.85]   
6                                   0.799533                [0.73, 0.86]   
7                                   0.746037                [0.67, 0.82]   
8                                   0.738647                [0.66, 0.82]   
9                                   0.761048                [0.68, 0.83]   
10                                  0.349931                [0.25, 0.47]   
11                                  0.763209                [0.69, 0.83]   
12                                  0.683831                [0.59, 0.77]   
13                                  0.727215                [0.64, 0.81]   
14                                  0.772783                 [0.7, 0.84]   
15                                  0.766330                [0.69, 0.84]   
16                                  0.767557                [0.69, 0.84]   
17                                  0.745174                [0.67, 0.82]   
18                                  0.704025                [0.62, 0.79]   
19                                  0.708067                [0.62, 0.79]   
20                                  0.711754                [0.63, 0.79]   
21                                  0.689779                 [0.6, 0.78]   
22                                  0.717600                 [0.63, 0.8]   
23                                  0.661349                [0.57, 0.75]   
24                                  0.745856                [0.67, 0.82]   
25                                  0.736038                [0.66, 0.81]   
26                                  0.725041                 [0.64, 0.8]   

    Transitivity Consistency Ratio (%)  
0                            89.696970  
1                            73.333333  
2                            86.666667  
3                            76.969697  
4                            73.939394  
5                            75.757576  
6                            75.757576  
7                            74.545455  
8                            88.484848  
9                            73.333333  
10                           88.484848  
11                           77.575758  
12                           75.757576  
13                           76.969697  
14                           73.939394  
15                           75.151515  
16                           75.151515  
17                           73.333333  
18                           73.333333  
19                           74.545455  
20                           77.575758  
21                           74.545455  
22                           76.969697  
23                           75.757576  
24                           75.151515  
25                           75.151515  
26                           75.151515  

Results have been saved to 'reliability_analysis.csv'
Author
10     0.000000
6     30.608936
8     40.458147
4     43.851406
7     52.060847
2     55.694205
0     76.760674
5     91.055397
3     93.277287
1     94.500462
9     99.655456
Name: Score, dtype: float64

Results have been saved to 'pagerank_results_balanced.csv'
Combined Results:
                                          Subcategory  \
0                                     Topic Relevance   
1                    Comprehensiveness of Information   
2                             Accuracy of Information   
3                        Innovativeness of Viewpoints   
4       Integration of Interdisciplinary Perspectives   
5                        Clarity of Logical Structure   
6               Reasonableness of Chapter Arrangement   
7              Quality of Introduction and Conclusion   
8              Accuracy and Completeness of Citations   
9              Timeliness and Relevance of References   
10   Avoidance of Plagiarism and Appropriate Citation   
11             Critical Analysis of Existing Research   
12   Proposal of New Research Directions or Questions   
13                Potential Contribution to the Field   
14             Clarity of Research Method Description   
15                    Rationality of Method Selection   
16                           Rigor of Research Design   
17               Inclusion of Latest Research Results   
18            Reflection of Current Research Hotspots   
19                     Fluency of Language Expression   
20    Appropriateness of Professional Terminology Use   
21                          Conciseness of Expression   
22  Practical Application Potential of Research Re...   
23                Feasibility of Proposed Suggestions   
24                             Logic of Argumentation   
25                   Multi-angle Analysis of Problems   
26  Identification and Discussion of Research Limi...   

    ICC (Intraclass Correlation Coefficient) ICC 95% Confidence Interval  \
0                                   0.381418                 [0.28, 0.5]   
1                                   0.853914                  [0.8, 0.9]   
2                                   0.549411                [0.45, 0.66]   
3                                   0.761173                [0.68, 0.83]   
4                                   0.794097                [0.73, 0.86]   
5                                   0.786513                [0.72, 0.85]   
6                                   0.799533                [0.73, 0.86]   
7                                   0.746037                [0.67, 0.82]   
8                                   0.738647                [0.66, 0.82]   
9                                   0.761048                [0.68, 0.83]   
10                                  0.349931                [0.25, 0.47]   
11                                  0.763209                [0.69, 0.83]   
12                                  0.683831                [0.59, 0.77]   
13                                  0.727215                [0.64, 0.81]   
14                                  0.772783                 [0.7, 0.84]   
15                                  0.766330                [0.69, 0.84]   
16                                  0.767557                [0.69, 0.84]   
17                                  0.745174                [0.67, 0.82]   
18                                  0.704025                [0.62, 0.79]   
19                                  0.708067                [0.62, 0.79]   
20                                  0.711754                [0.63, 0.79]   
21                                  0.689779                 [0.6, 0.78]   
22                                  0.717600                 [0.63, 0.8]   
23                                  0.661349                [0.57, 0.75]   
24                                  0.745856                [0.67, 0.82]   
25                                  0.736038                [0.66, 0.81]   
26                                  0.725041                 [0.64, 0.8]   

    Transitivity Consistency Ratio (%)  
0                            89.696970  
1                            73.333333  
2                            86.666667  
3                            76.969697  
4                            73.939394  
5                            75.757576  
6                            75.757576  
7                            74.545455  
8                            88.484848  
9                            73.333333  
10                           88.484848  
11                           77.575758  
12                           75.757576  
13                           76.969697  
14                           73.939394  
15                           75.151515  
16                           75.151515  
17                           73.333333  
18                           73.333333  
19                           74.545455  
20                           77.575758  
21                           74.545455  
22                           76.969697  
23                           75.757576  
24                           75.151515  
25                           75.151515  
26                           75.151515  

Results have been saved to 'reliability_analysis.csv'
Author
10     0.000000
6     31.991125
8     42.086191
4     43.710960
7     53.579616
2     54.355606
0     76.978330
5     91.642584
1     93.578649
3     94.124378
9     99.587565
Name: Score, dtype: float64

Results have been saved to 'pagerank_results_balanced.csv'
Combined Results:
                                          Subcategory  \
0                                     Topic Relevance   
1                    Comprehensiveness of Information   
2                             Accuracy of Information   
3                        Innovativeness of Viewpoints   
4       Integration of Interdisciplinary Perspectives   
5                        Clarity of Logical Structure   
6               Reasonableness of Chapter Arrangement   
7              Quality of Introduction and Conclusion   
8              Accuracy and Completeness of Citations   
9              Timeliness and Relevance of References   
10   Avoidance of Plagiarism and Appropriate Citation   
11             Critical Analysis of Existing Research   
12   Proposal of New Research Directions or Questions   
13                Potential Contribution to the Field   
14             Clarity of Research Method Description   
15                    Rationality of Method Selection   
16                           Rigor of Research Design   
17               Inclusion of Latest Research Results   
18            Reflection of Current Research Hotspots   
19                     Fluency of Language Expression   
20    Appropriateness of Professional Terminology Use   
21                          Conciseness of Expression   
22  Practical Application Potential of Research Re...   
23                Feasibility of Proposed Suggestions   
24                             Logic of Argumentation   
25                   Multi-angle Analysis of Problems   
26  Identification and Discussion of Research Limi...   

    ICC (Intraclass Correlation Coefficient) ICC 95% Confidence Interval  \
0                                   0.381418                 [0.28, 0.5]   
1                                   0.853914                  [0.8, 0.9]   
2                                   0.549411                [0.45, 0.66]   
3                                   0.761173                [0.68, 0.83]   
4                                   0.794097                [0.73, 0.86]   
5                                   0.786513                [0.72, 0.85]   
6                                   0.799533                [0.73, 0.86]   
7                                   0.746037                [0.67, 0.82]   
8                                   0.738647                [0.66, 0.82]   
9                                   0.761048                [0.68, 0.83]   
10                                  0.349931                [0.25, 0.47]   
11                                  0.763209                [0.69, 0.83]   
12                                  0.683831                [0.59, 0.77]   
13                                  0.727215                [0.64, 0.81]   
14                                  0.772783                 [0.7, 0.84]   
15                                  0.766330                [0.69, 0.84]   
16                                  0.767557                [0.69, 0.84]   
17                                  0.745174                [0.67, 0.82]   
18                                  0.704025                [0.62, 0.79]   
19                                  0.708067                [0.62, 0.79]   
20                                  0.711754                [0.63, 0.79]   
21                                  0.689779                 [0.6, 0.78]   
22                                  0.717600                 [0.63, 0.8]   
23                                  0.661349                [0.57, 0.75]   
24                                  0.745856                [0.67, 0.82]   
25                                  0.736038                [0.66, 0.81]   
26                                  0.725041                 [0.64, 0.8]   

    Transitivity Consistency Ratio (%)  
0                            37.037037  
1                            73.333333  
2                            29.032258  
3                            75.796178  
4                            68.840580  
5                            75.757576  
6                            75.757576  
7                            74.545455  
8                            29.629630  
9                            73.333333  
10                           29.629630  
11                           77.575758  
12                           75.757576  
13                           75.949367  
14                           73.291925  
15                           75.151515  
16                           75.151515  
17                           73.333333  
18                           73.333333  
19                           74.545455  
20                           77.575758  
21                           74.545455  
22                           75.949367  
23                           75.757576  
24                           75.151515  
25                           75.151515  
26                           75.151515  

Results have been saved to 'reliability_analysis.csv'
Author
10     0.000000
6     31.991125
8     42.086191
4     43.710960
7     53.579616
2     54.355606
0     76.978330
5     91.642584
1     93.578649
3     94.124378
9     99.587565
Name: Score, dtype: float64

Results have been saved to 'pagerank_results_balanced.csv'
Combined Results:
                                          Subcategory  \
0                                     Topic Relevance   
1                    Comprehensiveness of Information   
2                             Accuracy of Information   
3                        Innovativeness of Viewpoints   
4       Integration of Interdisciplinary Perspectives   
5                        Clarity of Logical Structure   
6               Reasonableness of Chapter Arrangement   
7              Quality of Introduction and Conclusion   
8              Accuracy and Completeness of Citations   
9              Timeliness and Relevance of References   
10   Avoidance of Plagiarism and Appropriate Citation   
11             Critical Analysis of Existing Research   
12   Proposal of New Research Directions or Questions   
13                Potential Contribution to the Field   
14             Clarity of Research Method Description   
15                    Rationality of Method Selection   
16                           Rigor of Research Design   
17               Inclusion of Latest Research Results   
18            Reflection of Current Research Hotspots   
19                     Fluency of Language Expression   
20    Appropriateness of Professional Terminology Use   
21                          Conciseness of Expression   
22  Practical Application Potential of Research Re...   
23                Feasibility of Proposed Suggestions   
24                             Logic of Argumentation   
25                   Multi-angle Analysis of Problems   
26  Identification and Discussion of Research Limi...   

    ICC (Intraclass Correlation Coefficient) ICC 95% Confidence Interval  \
0                                   0.381418                 [0.28, 0.5]   
1                                   0.853914                  [0.8, 0.9]   
2                                   0.549411                [0.45, 0.66]   
3                                   0.761173                [0.68, 0.83]   
4                                   0.794097                [0.73, 0.86]   
5                                   0.786513                [0.72, 0.85]   
6                                   0.799533                [0.73, 0.86]   
7                                   0.746037                [0.67, 0.82]   
8                                   0.738647                [0.66, 0.82]   
9                                   0.761048                [0.68, 0.83]   
10                                  0.349931                [0.25, 0.47]   
11                                  0.763209                [0.69, 0.83]   
12                                  0.683831                [0.59, 0.77]   
13                                  0.727215                [0.64, 0.81]   
14                                  0.772783                 [0.7, 0.84]   
15                                  0.766330                [0.69, 0.84]   
16                                  0.767557                [0.69, 0.84]   
17                                  0.745174                [0.67, 0.82]   
18                                  0.704025                [0.62, 0.79]   
19                                  0.708067                [0.62, 0.79]   
20                                  0.711754                [0.63, 0.79]   
21                                  0.689779                 [0.6, 0.78]   
22                                  0.717600                 [0.63, 0.8]   
23                                  0.661349                [0.57, 0.75]   
24                                  0.745856                [0.67, 0.82]   
25                                  0.736038                [0.66, 0.81]   
26                                  0.725041                 [0.64, 0.8]   

    Transitivity Consistency Ratio (%)  
0                            37.037037  
1                            73.333333  
2                            29.032258  
3                            75.796178  
4                            68.840580  
5                            75.757576  
6                            75.757576  
7                            74.545455  
8                            29.629630  
9                            73.333333  
10                           29.629630  
11                           77.575758  
12                           75.757576  
13                           75.949367  
14                           73.291925  
15                           75.151515  
16                           75.151515  
17                           73.333333  
18                           73.333333  
19                           74.545455  
20                           77.575758  
21                           74.545455  
22                           75.949367  
23                           75.757576  
24                           75.151515  
25                           75.151515  
26                           75.151515  

Results have been saved to 'reliability_analysis.csv'
