Author
3       1.516714
6       1.679225
4       2.056338
5       4.563002
1       5.257805
10     10.167625
7      12.629076
8      14.141039
0      15.087739
2      54.354584
9     100.000000
Name: Score, dtype: float64

Results have been saved to 'pagerank_results_balanced.csv'
Combined Results:
                                          Subcategory  \
0                                     Topic Relevance   
1                    Comprehensiveness of Information   
2                             Accuracy of Information   
3                        Innovativeness of Viewpoints   
4       Integration of Interdisciplinary Perspectives   
5                        Clarity of Logical Structure   
6               Reasonableness of Chapter Arrangement   
7              Quality of Introduction and Conclusion   
8              Accuracy and Completeness of Citations   
9              Timeliness and Relevance of References   
10   Avoidance of Plagiarism and Appropriate Citation   
11             Critical Analysis of Existing Research   
12   Proposal of New Research Directions or Questions   
13                Potential Contribution to the Field   
14             Clarity of Research Method Description   
15                    Rationality of Method Selection   
16                           Rigor of Research Design   
17               Inclusion of Latest Research Results   
18            Reflection of Current Research Hotspots   
19                     Fluency of Language Expression   
20    Appropriateness of Professional Terminology Use   
21                          Conciseness of Expression   
22  Practical Application Potential of Research Re...   
23                Feasibility of Proposed Suggestions   
24                             Logic of Argumentation   
25                   Multi-angle Analysis of Problems   
26  Identification and Discussion of Research Limi...   

    ICC (Intraclass Correlation Coefficient) ICC 95% Confidence Interval  \
0                                   0.705643                [0.62, 0.79]   
1                                   0.876803                [0.83, 0.92]   
2                                   0.542579                [0.44, 0.65]   
3                                   0.755428                [0.68, 0.83]   
4                                   0.855552                  [0.8, 0.9]   
5                                   0.825378                [0.76, 0.88]   
6                                   0.833982                [0.78, 0.89]   
7                                   0.799850                [0.73, 0.86]   
8                                   0.659705                [0.57, 0.75]   
9                                   0.632050                [0.54, 0.73]   
10                                  0.319219                [0.23, 0.44]   
11                                  0.786017                [0.71, 0.85]   
12                                  0.653127                [0.56, 0.75]   
13                                  0.767730                [0.69, 0.84]   
14                                  0.781295                [0.71, 0.85]   
15                                  0.769781                 [0.7, 0.84]   
16                                  0.752097                [0.67, 0.83]   
17                                  0.661345                [0.57, 0.75]   
18                                  0.687433                 [0.6, 0.78]   
19                                  0.719941                 [0.64, 0.8]   
20                                  0.653336                [0.56, 0.75]   
21                                  0.669735                [0.58, 0.76]   
22                                  0.727384                [0.64, 0.81]   
23                                  0.649654                [0.56, 0.74]   
24                                  0.752003                [0.67, 0.83]   
25                                  0.785455                [0.71, 0.85]   
26                                  0.723525                 [0.64, 0.8]   

    Transitivity Consistency Ratio (%)  
0                            84.242424  
1                            75.151515  
2                            86.666667  
3                            80.000000  
4                            75.151515  
5                            75.151515  
6                            73.939394  
7                            73.939394  
8                            86.666667  
9                            74.545455  
10                           85.454545  
11                           80.000000  
12                           81.818182  
13                           80.000000  
14                           76.969697  
15                           75.757576  
16                           75.151515  
17                           74.545455  
18                           73.939394  
19                           73.333333  
20                           79.393939  
21                           74.545455  
22                           80.000000  
23                           80.000000  
24                           73.939394  
25                           73.939394  
26                           73.939394  

Results have been saved to 'reliability_analysis.csv'
Author
10      0.000000
3      28.330450
6      29.512624
4      30.295135
5      48.401057
1      50.327686
0      63.602239
7      63.975048
8      64.232666
2      84.041224
9     100.000000
Name: Score, dtype: float64

Results have been saved to 'pagerank_results_balanced.csv'
Combined Results:
                                          Subcategory  \
0                                     Topic Relevance   
1                    Comprehensiveness of Information   
2                             Accuracy of Information   
3                        Innovativeness of Viewpoints   
4       Integration of Interdisciplinary Perspectives   
5                        Clarity of Logical Structure   
6               Reasonableness of Chapter Arrangement   
7              Quality of Introduction and Conclusion   
8              Accuracy and Completeness of Citations   
9              Timeliness and Relevance of References   
10   Avoidance of Plagiarism and Appropriate Citation   
11             Critical Analysis of Existing Research   
12   Proposal of New Research Directions or Questions   
13                Potential Contribution to the Field   
14             Clarity of Research Method Description   
15                    Rationality of Method Selection   
16                           Rigor of Research Design   
17               Inclusion of Latest Research Results   
18            Reflection of Current Research Hotspots   
19                     Fluency of Language Expression   
20    Appropriateness of Professional Terminology Use   
21                          Conciseness of Expression   
22  Practical Application Potential of Research Re...   
23                Feasibility of Proposed Suggestions   
24                             Logic of Argumentation   
25                   Multi-angle Analysis of Problems   
26  Identification and Discussion of Research Limi...   

    ICC (Intraclass Correlation Coefficient) ICC 95% Confidence Interval  \
0                                   0.695936                 [0.6, 0.78]   
1                                   0.886506                [0.84, 0.92]   
2                                   0.578076                [0.48, 0.68]   
3                                   0.824790                [0.76, 0.88]   
4                                   0.873480                [0.83, 0.91]   
5                                   0.853696                  [0.8, 0.9]   
6                                   0.847246                 [0.79, 0.9]   
7                                   0.819461                [0.76, 0.88]   
8                                   0.611480                [0.51, 0.71]   
9                                   0.686885                 [0.6, 0.77]   
10                                  0.404805                [0.31, 0.52]   
11                                  0.812590                [0.75, 0.87]   
12                                  0.721240                 [0.64, 0.8]   
13                                  0.797702                [0.73, 0.86]   
14                                  0.755753                [0.68, 0.83]   
15                                  0.758830                [0.68, 0.83]   
16                                  0.750704                [0.67, 0.82]   
17                                  0.706404                [0.62, 0.79]   
18                                  0.760003                [0.68, 0.83]   
19                                  0.745815                [0.67, 0.82]   
20                                  0.697538                [0.61, 0.78]   
21                                  0.714851                 [0.63, 0.8]   
22                                  0.775977                 [0.7, 0.84]   
23                                  0.695117                [0.61, 0.78]   
24                                  0.785504                [0.71, 0.85]   
25                                  0.801903                [0.73, 0.86]   
26                                  0.746907                [0.67, 0.82]   

    Transitivity Consistency Ratio (%)  
0                            87.272727  
1                            81.212121  
2                            86.060606  
3                            78.787879  
4                            80.606061  
5                            78.787879  
6                            78.787879  
7                            78.787879  
8                            86.666667  
9                            79.393939  
10                           86.060606  
11                           78.787879  
12                           80.606061  
13                           78.787879  
14                           81.212121  
15                           80.606061  
16                           79.393939  
17                           79.393939  
18                           79.393939  
19                           77.575758  
20                           80.606061  
21                           79.393939  
22                           78.787879  
23                           78.787879  
24                           78.787879  
25                           78.787879  
26                           78.787879  

Results have been saved to 'reliability_analysis.csv'
Author
10      0.000000
3      28.330450
6      29.512624
4      30.295135
5      48.401057
1      50.327686
0      63.602239
7      63.975048
8      64.232666
2      84.041224
9     100.000000
Name: Score, dtype: float64

Results have been saved to 'pagerank_results_balanced.csv'
Combined Results:
                                          Subcategory  \
0                                     Topic Relevance   
1                    Comprehensiveness of Information   
2                             Accuracy of Information   
3                        Innovativeness of Viewpoints   
4       Integration of Interdisciplinary Perspectives   
5                        Clarity of Logical Structure   
6               Reasonableness of Chapter Arrangement   
7              Quality of Introduction and Conclusion   
8              Accuracy and Completeness of Citations   
9              Timeliness and Relevance of References   
10   Avoidance of Plagiarism and Appropriate Citation   
11             Critical Analysis of Existing Research   
12   Proposal of New Research Directions or Questions   
13                Potential Contribution to the Field   
14             Clarity of Research Method Description   
15                    Rationality of Method Selection   
16                           Rigor of Research Design   
17               Inclusion of Latest Research Results   
18            Reflection of Current Research Hotspots   
19                     Fluency of Language Expression   
20    Appropriateness of Professional Terminology Use   
21                          Conciseness of Expression   
22  Practical Application Potential of Research Re...   
23                Feasibility of Proposed Suggestions   
24                             Logic of Argumentation   
25                   Multi-angle Analysis of Problems   
26  Identification and Discussion of Research Limi...   

    ICC (Intraclass Correlation Coefficient) ICC 95% Confidence Interval  \
0                                   0.695936                 [0.6, 0.78]   
1                                   0.886506                [0.84, 0.92]   
2                                   0.578076                [0.48, 0.68]   
3                                   0.824790                [0.76, 0.88]   
4                                   0.873480                [0.83, 0.91]   
5                                   0.853696                  [0.8, 0.9]   
6                                   0.847246                 [0.79, 0.9]   
7                                   0.819461                [0.76, 0.88]   
8                                   0.611480                [0.51, 0.71]   
9                                   0.686885                 [0.6, 0.77]   
10                                  0.404805                [0.31, 0.52]   
11                                  0.812590                [0.75, 0.87]   
12                                  0.721240                 [0.64, 0.8]   
13                                  0.797702                [0.73, 0.86]   
14                                  0.755753                [0.68, 0.83]   
15                                  0.758830                [0.68, 0.83]   
16                                  0.750704                [0.67, 0.82]   
17                                  0.706404                [0.62, 0.79]   
18                                  0.760003                [0.68, 0.83]   
19                                  0.745815                [0.67, 0.82]   
20                                  0.697538                [0.61, 0.78]   
21                                  0.714851                 [0.63, 0.8]   
22                                  0.775977                 [0.7, 0.84]   
23                                  0.695117                [0.61, 0.78]   
24                                  0.785504                [0.71, 0.85]   
25                                  0.801903                [0.73, 0.86]   
26                                  0.746907                [0.67, 0.82]   

    Transitivity Consistency Ratio (%)  
0                            87.272727  
1                            81.212121  
2                            86.060606  
3                            78.787879  
4                            80.606061  
5                            78.787879  
6                            78.787879  
7                            78.787879  
8                            86.666667  
9                            79.393939  
10                           86.060606  
11                           78.787879  
12                           80.606061  
13                           78.787879  
14                           81.212121  
15                           80.606061  
16                           79.393939  
17                           79.393939  
18                           79.393939  
19                           77.575758  
20                           80.606061  
21                           79.393939  
22                           78.787879  
23                           78.787879  
24                           78.787879  
25                           78.787879  
26                           78.787879  

Results have been saved to 'reliability_analysis.csv'
Author
10      0.000000
3      25.396026
6      25.858608
4      28.090862
5      41.510656
1      49.488153
7      60.318675
0      62.868808
8      63.111344
2      83.036130
9     100.000000
Name: Score, dtype: float64

Results have been saved to 'pagerank_results_balanced.csv'
Combined Results:
                                          Subcategory  \
0                                     Topic Relevance   
1                    Comprehensiveness of Information   
2                             Accuracy of Information   
3                        Innovativeness of Viewpoints   
4       Integration of Interdisciplinary Perspectives   
5                        Clarity of Logical Structure   
6               Reasonableness of Chapter Arrangement   
7              Quality of Introduction and Conclusion   
8              Accuracy and Completeness of Citations   
9              Timeliness and Relevance of References   
10   Avoidance of Plagiarism and Appropriate Citation   
11             Critical Analysis of Existing Research   
12   Proposal of New Research Directions or Questions   
13                Potential Contribution to the Field   
14             Clarity of Research Method Description   
15                    Rationality of Method Selection   
16                           Rigor of Research Design   
17               Inclusion of Latest Research Results   
18            Reflection of Current Research Hotspots   
19                     Fluency of Language Expression   
20    Appropriateness of Professional Terminology Use   
21                          Conciseness of Expression   
22  Practical Application Potential of Research Re...   
23                Feasibility of Proposed Suggestions   
24                             Logic of Argumentation   
25                   Multi-angle Analysis of Problems   
26  Identification and Discussion of Research Limi...   

    ICC (Intraclass Correlation Coefficient) ICC 95% Confidence Interval  \
0                                   0.695936                 [0.6, 0.78]   
1                                   0.886506                [0.84, 0.92]   
2                                   0.578076                [0.48, 0.68]   
3                                   0.824790                [0.76, 0.88]   
4                                   0.873480                [0.83, 0.91]   
5                                   0.853696                  [0.8, 0.9]   
6                                   0.847246                 [0.79, 0.9]   
7                                   0.819461                [0.76, 0.88]   
8                                   0.611480                [0.51, 0.71]   
9                                   0.686885                 [0.6, 0.77]   
10                                  0.404805                [0.31, 0.52]   
11                                  0.812590                [0.75, 0.87]   
12                                  0.721240                 [0.64, 0.8]   
13                                  0.797702                [0.73, 0.86]   
14                                  0.755753                [0.68, 0.83]   
15                                  0.758830                [0.68, 0.83]   
16                                  0.750704                [0.67, 0.82]   
17                                  0.706404                [0.62, 0.79]   
18                                  0.760003                [0.68, 0.83]   
19                                  0.745815                [0.67, 0.82]   
20                                  0.697538                [0.61, 0.78]   
21                                  0.714851                 [0.63, 0.8]   
22                                  0.775977                 [0.7, 0.84]   
23                                  0.695117                [0.61, 0.78]   
24                                  0.785504                [0.71, 0.85]   
25                                  0.801903                [0.73, 0.86]   
26                                  0.746907                [0.67, 0.82]   

    Transitivity Consistency Ratio (%)  
0                            54.347826  
1                            81.212121  
2                            32.352941  
3                            78.787879  
4                            78.666667  
5                            71.311475  
6                            78.787879  
7                            78.787879  
8                            29.032258  
9                            78.205128  
10                           32.352941  
11                           78.787879  
12                           80.606061  
13                           78.787879  
14                           73.728814  
15                           78.378378  
16                           77.333333  
17                           78.205128  
18                           79.393939  
19                           70.866142  
20                           76.119403  
21                           79.393939  
22                           78.787879  
23                           78.787879  
24                           78.787879  
25                           78.787879  
26                           78.787879  

Results have been saved to 'reliability_analysis.csv'
Author
10      0.000000
3      25.396026
6      25.858608
4      28.090862
5      41.510656
1      49.488153
7      60.318675
0      62.868808
8      63.111344
2      83.036130
9     100.000000
Name: Score, dtype: float64

Results have been saved to 'pagerank_results_balanced.csv'
Combined Results:
                                          Subcategory  \
0                                     Topic Relevance   
1                    Comprehensiveness of Information   
2                             Accuracy of Information   
3                        Innovativeness of Viewpoints   
4       Integration of Interdisciplinary Perspectives   
5                        Clarity of Logical Structure   
6               Reasonableness of Chapter Arrangement   
7              Quality of Introduction and Conclusion   
8              Accuracy and Completeness of Citations   
9              Timeliness and Relevance of References   
10   Avoidance of Plagiarism and Appropriate Citation   
11             Critical Analysis of Existing Research   
12   Proposal of New Research Directions or Questions   
13                Potential Contribution to the Field   
14             Clarity of Research Method Description   
15                    Rationality of Method Selection   
16                           Rigor of Research Design   
17               Inclusion of Latest Research Results   
18            Reflection of Current Research Hotspots   
19                     Fluency of Language Expression   
20    Appropriateness of Professional Terminology Use   
21                          Conciseness of Expression   
22  Practical Application Potential of Research Re...   
23                Feasibility of Proposed Suggestions   
24                             Logic of Argumentation   
25                   Multi-angle Analysis of Problems   
26  Identification and Discussion of Research Limi...   

    ICC (Intraclass Correlation Coefficient) ICC 95% Confidence Interval  \
0                                   0.695936                 [0.6, 0.78]   
1                                   0.886506                [0.84, 0.92]   
2                                   0.578076                [0.48, 0.68]   
3                                   0.824790                [0.76, 0.88]   
4                                   0.873480                [0.83, 0.91]   
5                                   0.853696                  [0.8, 0.9]   
6                                   0.847246                 [0.79, 0.9]   
7                                   0.819461                [0.76, 0.88]   
8                                   0.611480                [0.51, 0.71]   
9                                   0.686885                 [0.6, 0.77]   
10                                  0.404805                [0.31, 0.52]   
11                                  0.812590                [0.75, 0.87]   
12                                  0.721240                 [0.64, 0.8]   
13                                  0.797702                [0.73, 0.86]   
14                                  0.755753                [0.68, 0.83]   
15                                  0.758830                [0.68, 0.83]   
16                                  0.750704                [0.67, 0.82]   
17                                  0.706404                [0.62, 0.79]   
18                                  0.760003                [0.68, 0.83]   
19                                  0.745815                [0.67, 0.82]   
20                                  0.697538                [0.61, 0.78]   
21                                  0.714851                 [0.63, 0.8]   
22                                  0.775977                 [0.7, 0.84]   
23                                  0.695117                [0.61, 0.78]   
24                                  0.785504                [0.71, 0.85]   
25                                  0.801903                [0.73, 0.86]   
26                                  0.746907                [0.67, 0.82]   

    Transitivity Consistency Ratio (%)  
0                            54.347826  
1                            81.212121  
2                            32.352941  
3                            78.787879  
4                            78.666667  
5                            71.311475  
6                            78.787879  
7                            78.787879  
8                            29.032258  
9                            78.205128  
10                           32.352941  
11                           78.787879  
12                           80.606061  
13                           78.787879  
14                           73.728814  
15                           78.378378  
16                           77.333333  
17                           78.205128  
18                           79.393939  
19                           70.866142  
20                           76.119403  
21                           79.393939  
22                           78.787879  
23                           78.787879  
24                           78.787879  
25                           78.787879  
26                           78.787879  

Results have been saved to 'reliability_analysis.csv'
