Author
10      0.199065
5       2.316570
3       2.503898
1       4.020378
7       4.370198
0       8.140249
6      10.670970
8      24.639193
2      37.617370
4      52.654346
9     100.000000
Name: Score, dtype: float64

Results have been saved to 'pagerank_results_balanced.csv'
Combined Results:
                                          Subcategory  \
0                                     Topic Relevance   
1                    Comprehensiveness of Information   
2                             Accuracy of Information   
3                        Innovativeness of Viewpoints   
4       Integration of Interdisciplinary Perspectives   
5                        Clarity of Logical Structure   
6               Reasonableness of Chapter Arrangement   
7              Quality of Introduction and Conclusion   
8              Accuracy and Completeness of Citations   
9              Timeliness and Relevance of References   
10   Avoidance of Plagiarism and Appropriate Citation   
11             Critical Analysis of Existing Research   
12   Proposal of New Research Directions or Questions   
13                Potential Contribution to the Field   
14             Clarity of Research Method Description   
15                    Rationality of Method Selection   
16                           Rigor of Research Design   
17               Inclusion of Latest Research Results   
18            Reflection of Current Research Hotspots   
19                     Fluency of Language Expression   
20    Appropriateness of Professional Terminology Use   
21                          Conciseness of Expression   
22  Practical Application Potential of Research Re...   
23                Feasibility of Proposed Suggestions   
24                             Logic of Argumentation   
25                   Multi-angle Analysis of Problems   
26  Identification and Discussion of Research Limi...   

    ICC (Intraclass Correlation Coefficient) ICC 95% Confidence Interval  \
0                                   0.630022                [0.53, 0.73]   
1                                   0.834126                [0.76, 0.89]   
2                                   0.590306                 [0.49, 0.7]   
3                                   0.789065                [0.71, 0.86]   
4                                   0.818027                [0.75, 0.88]   
5                                   0.772985                 [0.7, 0.84]   
6                                   0.776328                 [0.7, 0.84]   
7                                   0.699389                [0.61, 0.78]   
8                                   0.613953                [0.52, 0.71]   
9                                   0.701273                [0.61, 0.79]   
10                                  0.437598                [0.34, 0.56]   
11                                  0.788630                [0.71, 0.86]   
12                                  0.746032                [0.67, 0.82]   
13                                  0.738876                [0.65, 0.82]   
14                                  0.670430                [0.58, 0.76]   
15                                  0.685734                [0.59, 0.78]   
16                                  0.657046                [0.56, 0.75]   
17                                  0.704736                [0.62, 0.79]   
18                                  0.684459                [0.59, 0.77]   
19                                  0.669375                [0.58, 0.76]   
20                                  0.701925                [0.61, 0.79]   
21                                  0.658045                [0.57, 0.75]   
22                                  0.732142                [0.64, 0.81]   
23                                  0.613506                [0.51, 0.72]   
24                                  0.728031                [0.64, 0.81]   
25                                  0.752170                [0.67, 0.83]   
26                                  0.624003                [0.52, 0.72]   

    Transitivity Consistency Ratio (%)  
0                            81.212121  
1                            81.212121  
2                            81.818182  
3                            76.969697  
4                            80.606061  
5                            78.181818  
6                            77.575758  
7                            81.818182  
8                            84.848485  
9                            76.969697  
10                           83.030303  
11                           76.969697  
12                           76.969697  
13                           76.363636  
14                           81.212121  
15                           81.212121  
16                           81.212121  
17                           76.969697  
18                           78.787879  
19                           78.181818  
20                           75.757576  
21                           80.000000  
22                           80.000000  
23                           80.606061  
24                           80.606061  
25                           77.575758  
26                           77.575758  

Results have been saved to 'reliability_analysis.csv'
Author
5     10.523184
10    16.322320
3     23.124985
0     31.190380
7     33.606601
1     33.827212
6     47.014192
8     47.129128
2     56.290082
4     63.665580
9     81.742975
Name: Score, dtype: float64

Results have been saved to 'pagerank_results_balanced.csv'
Combined Results:
                                          Subcategory  \
0                                     Topic Relevance   
1                    Comprehensiveness of Information   
2                             Accuracy of Information   
3                        Innovativeness of Viewpoints   
4       Integration of Interdisciplinary Perspectives   
5                        Clarity of Logical Structure   
6               Reasonableness of Chapter Arrangement   
7              Quality of Introduction and Conclusion   
8              Accuracy and Completeness of Citations   
9              Timeliness and Relevance of References   
10   Avoidance of Plagiarism and Appropriate Citation   
11             Critical Analysis of Existing Research   
12   Proposal of New Research Directions or Questions   
13                Potential Contribution to the Field   
14             Clarity of Research Method Description   
15                    Rationality of Method Selection   
16                           Rigor of Research Design   
17               Inclusion of Latest Research Results   
18            Reflection of Current Research Hotspots   
19                     Fluency of Language Expression   
20    Appropriateness of Professional Terminology Use   
21                          Conciseness of Expression   
22  Practical Application Potential of Research Re...   
23                Feasibility of Proposed Suggestions   
24                             Logic of Argumentation   
25                   Multi-angle Analysis of Problems   
26  Identification and Discussion of Research Limi...   

    ICC (Intraclass Correlation Coefficient) ICC 95% Confidence Interval  \
0                                   0.690053                 [0.6, 0.78]   
1                                   0.873755                [0.82, 0.92]   
2                                   0.617408                [0.52, 0.72]   
3                                   0.816461                [0.75, 0.88]   
4                                   0.838249                [0.78, 0.89]   
5                                   0.812177                [0.74, 0.87]   
6                                   0.812423                [0.74, 0.87]   
7                                   0.750467                [0.67, 0.83]   
8                                   0.618416                [0.52, 0.72]   
9                                   0.702701                [0.62, 0.79]   
10                                  0.411282                [0.31, 0.53]   
11                                  0.808555                [0.73, 0.87]   
12                                  0.787676                [0.72, 0.85]   
13                                  0.804630                [0.73, 0.87]   
14                                  0.722764                 [0.64, 0.8]   
15                                  0.728595                [0.64, 0.81]   
16                                  0.701038                [0.61, 0.79]   
17                                  0.709037                [0.62, 0.79]   
18                                  0.749074                [0.67, 0.82]   
19                                  0.707510                [0.62, 0.79]   
20                                  0.709558                [0.62, 0.79]   
21                                  0.674364                [0.58, 0.76]   
22                                  0.788599                [0.71, 0.86]   
23                                  0.661813                [0.57, 0.76]   
24                                  0.763104                [0.68, 0.84]   
25                                  0.782279                [0.71, 0.85]   
26                                  0.671458                [0.57, 0.77]   

    Transitivity Consistency Ratio (%)  
0                            79.393939  
1                            81.818182  
2                            82.424242  
3                            77.575758  
4                            78.181818  
5                            78.181818  
6                            77.575758  
7                            81.818182  
8                            85.454545  
9                            77.575758  
10                           83.030303  
11                           77.575758  
12                           77.575758  
13                           76.969697  
14                           81.818182  
15                           81.818182  
16                           81.818182  
17                           77.575758  
18                           76.969697  
19                           78.181818  
20                           78.181818  
21                           81.818182  
22                           80.606061  
23                           81.212121  
24                           81.818182  
25                           78.181818  
26                           78.181818  

Results have been saved to 'reliability_analysis.csv'
Author
5     10.523184
10    16.322320
3     23.124985
0     31.190380
7     33.606601
1     33.827212
6     47.014192
8     47.129128
2     56.290082
4     63.665580
9     81.742975
Name: Score, dtype: float64

Results have been saved to 'pagerank_results_balanced.csv'
Combined Results:
                                          Subcategory  \
0                                     Topic Relevance   
1                    Comprehensiveness of Information   
2                             Accuracy of Information   
3                        Innovativeness of Viewpoints   
4       Integration of Interdisciplinary Perspectives   
5                        Clarity of Logical Structure   
6               Reasonableness of Chapter Arrangement   
7              Quality of Introduction and Conclusion   
8              Accuracy and Completeness of Citations   
9              Timeliness and Relevance of References   
10   Avoidance of Plagiarism and Appropriate Citation   
11             Critical Analysis of Existing Research   
12   Proposal of New Research Directions or Questions   
13                Potential Contribution to the Field   
14             Clarity of Research Method Description   
15                    Rationality of Method Selection   
16                           Rigor of Research Design   
17               Inclusion of Latest Research Results   
18            Reflection of Current Research Hotspots   
19                     Fluency of Language Expression   
20    Appropriateness of Professional Terminology Use   
21                          Conciseness of Expression   
22  Practical Application Potential of Research Re...   
23                Feasibility of Proposed Suggestions   
24                             Logic of Argumentation   
25                   Multi-angle Analysis of Problems   
26  Identification and Discussion of Research Limi...   

    ICC (Intraclass Correlation Coefficient) ICC 95% Confidence Interval  \
0                                   0.690053                 [0.6, 0.78]   
1                                   0.873755                [0.82, 0.92]   
2                                   0.617408                [0.52, 0.72]   
3                                   0.816461                [0.75, 0.88]   
4                                   0.838249                [0.78, 0.89]   
5                                   0.812177                [0.74, 0.87]   
6                                   0.812423                [0.74, 0.87]   
7                                   0.750467                [0.67, 0.83]   
8                                   0.618416                [0.52, 0.72]   
9                                   0.702701                [0.62, 0.79]   
10                                  0.411282                [0.31, 0.53]   
11                                  0.808555                [0.73, 0.87]   
12                                  0.787676                [0.72, 0.85]   
13                                  0.804630                [0.73, 0.87]   
14                                  0.722764                 [0.64, 0.8]   
15                                  0.728595                [0.64, 0.81]   
16                                  0.701038                [0.61, 0.79]   
17                                  0.709037                [0.62, 0.79]   
18                                  0.749074                [0.67, 0.82]   
19                                  0.707510                [0.62, 0.79]   
20                                  0.709558                [0.62, 0.79]   
21                                  0.674364                [0.58, 0.76]   
22                                  0.788599                [0.71, 0.86]   
23                                  0.661813                [0.57, 0.76]   
24                                  0.763104                [0.68, 0.84]   
25                                  0.782279                [0.71, 0.85]   
26                                  0.671458                [0.57, 0.77]   

    Transitivity Consistency Ratio (%)  
0                            79.393939  
1                            81.818182  
2                            82.424242  
3                            77.575758  
4                            78.181818  
5                            78.181818  
6                            77.575758  
7                            81.818182  
8                            85.454545  
9                            77.575758  
10                           83.030303  
11                           77.575758  
12                           77.575758  
13                           76.969697  
14                           81.818182  
15                           81.818182  
16                           81.818182  
17                           77.575758  
18                           76.969697  
19                           78.181818  
20                           78.181818  
21                           81.818182  
22                           80.606061  
23                           81.212121  
24                           81.818182  
25                           78.181818  
26                           78.181818  

Results have been saved to 'reliability_analysis.csv'
Author
10      0.000000
5       9.475560
3      10.718992
7      16.994369
1      20.057382
0      26.473644
6      37.588677
8      56.870398
2      66.951307
4      78.349519
9     100.000000
Name: Score, dtype: float64

Results have been saved to 'pagerank_results_balanced.csv'
Combined Results:
                                          Subcategory  \
0                                     Topic Relevance   
1                    Comprehensiveness of Information   
2                             Accuracy of Information   
3                        Innovativeness of Viewpoints   
4       Integration of Interdisciplinary Perspectives   
5                        Clarity of Logical Structure   
6               Reasonableness of Chapter Arrangement   
7              Quality of Introduction and Conclusion   
8              Accuracy and Completeness of Citations   
9              Timeliness and Relevance of References   
10   Avoidance of Plagiarism and Appropriate Citation   
11             Critical Analysis of Existing Research   
12   Proposal of New Research Directions or Questions   
13                Potential Contribution to the Field   
14             Clarity of Research Method Description   
15                    Rationality of Method Selection   
16                           Rigor of Research Design   
17               Inclusion of Latest Research Results   
18            Reflection of Current Research Hotspots   
19                     Fluency of Language Expression   
20    Appropriateness of Professional Terminology Use   
21                          Conciseness of Expression   
22  Practical Application Potential of Research Re...   
23                Feasibility of Proposed Suggestions   
24                             Logic of Argumentation   
25                   Multi-angle Analysis of Problems   
26  Identification and Discussion of Research Limi...   

    ICC (Intraclass Correlation Coefficient) ICC 95% Confidence Interval  \
0                                   0.690053                 [0.6, 0.78]   
1                                   0.873755                [0.82, 0.92]   
2                                   0.617408                [0.52, 0.72]   
3                                   0.816461                [0.75, 0.88]   
4                                   0.838249                [0.78, 0.89]   
5                                   0.812177                [0.74, 0.87]   
6                                   0.812423                [0.74, 0.87]   
7                                   0.750467                [0.67, 0.83]   
8                                   0.618416                [0.52, 0.72]   
9                                   0.702701                [0.62, 0.79]   
10                                  0.411282                [0.31, 0.53]   
11                                  0.808555                [0.73, 0.87]   
12                                  0.787676                [0.72, 0.85]   
13                                  0.804630                [0.73, 0.87]   
14                                  0.722764                 [0.64, 0.8]   
15                                  0.728595                [0.64, 0.81]   
16                                  0.701038                [0.61, 0.79]   
17                                  0.709037                [0.62, 0.79]   
18                                  0.749074                [0.67, 0.82]   
19                                  0.707510                [0.62, 0.79]   
20                                  0.709558                [0.62, 0.79]   
21                                  0.674364                [0.58, 0.76]   
22                                  0.788599                [0.71, 0.86]   
23                                  0.661813                [0.57, 0.76]   
24                                  0.763104                [0.68, 0.84]   
25                                  0.782279                [0.71, 0.85]   
26                                  0.671458                [0.57, 0.77]   

    Transitivity Consistency Ratio (%)  
0                            73.643411  
1                            81.818182  
2                            76.229508  
3                            77.575758  
4                            78.181818  
5                            78.181818  
6                            76.729560  
7                            81.818182  
8                            74.468085  
9                            77.575758  
10                           74.545455  
11                           77.575758  
12                           77.575758  
13                           75.949367  
14                           81.818182  
15                           81.818182  
16                           81.818182  
17                           77.575758  
18                           76.969697  
19                           78.181818  
20                           77.358491  
21                           81.818182  
22                           79.746835  
23                           81.212121  
24                           81.818182  
25                           78.181818  
26                           78.181818  

Results have been saved to 'reliability_analysis.csv'
Author
10      0.000000
5       9.475560
3      10.718992
7      16.994369
1      20.057382
0      26.473644
6      37.588677
8      56.870398
2      66.951307
4      78.349519
9     100.000000
Name: Score, dtype: float64

Results have been saved to 'pagerank_results_balanced.csv'
Combined Results:
                                          Subcategory  \
0                                     Topic Relevance   
1                    Comprehensiveness of Information   
2                             Accuracy of Information   
3                        Innovativeness of Viewpoints   
4       Integration of Interdisciplinary Perspectives   
5                        Clarity of Logical Structure   
6               Reasonableness of Chapter Arrangement   
7              Quality of Introduction and Conclusion   
8              Accuracy and Completeness of Citations   
9              Timeliness and Relevance of References   
10   Avoidance of Plagiarism and Appropriate Citation   
11             Critical Analysis of Existing Research   
12   Proposal of New Research Directions or Questions   
13                Potential Contribution to the Field   
14             Clarity of Research Method Description   
15                    Rationality of Method Selection   
16                           Rigor of Research Design   
17               Inclusion of Latest Research Results   
18            Reflection of Current Research Hotspots   
19                     Fluency of Language Expression   
20    Appropriateness of Professional Terminology Use   
21                          Conciseness of Expression   
22  Practical Application Potential of Research Re...   
23                Feasibility of Proposed Suggestions   
24                             Logic of Argumentation   
25                   Multi-angle Analysis of Problems   
26  Identification and Discussion of Research Limi...   

    ICC (Intraclass Correlation Coefficient) ICC 95% Confidence Interval  \
0                                   0.690053                 [0.6, 0.78]   
1                                   0.873755                [0.82, 0.92]   
2                                   0.617408                [0.52, 0.72]   
3                                   0.816461                [0.75, 0.88]   
4                                   0.838249                [0.78, 0.89]   
5                                   0.812177                [0.74, 0.87]   
6                                   0.812423                [0.74, 0.87]   
7                                   0.750467                [0.67, 0.83]   
8                                   0.618416                [0.52, 0.72]   
9                                   0.702701                [0.62, 0.79]   
10                                  0.411282                [0.31, 0.53]   
11                                  0.808555                [0.73, 0.87]   
12                                  0.787676                [0.72, 0.85]   
13                                  0.804630                [0.73, 0.87]   
14                                  0.722764                 [0.64, 0.8]   
15                                  0.728595                [0.64, 0.81]   
16                                  0.701038                [0.61, 0.79]   
17                                  0.709037                [0.62, 0.79]   
18                                  0.749074                [0.67, 0.82]   
19                                  0.707510                [0.62, 0.79]   
20                                  0.709558                [0.62, 0.79]   
21                                  0.674364                [0.58, 0.76]   
22                                  0.788599                [0.71, 0.86]   
23                                  0.661813                [0.57, 0.76]   
24                                  0.763104                [0.68, 0.84]   
25                                  0.782279                [0.71, 0.85]   
26                                  0.671458                [0.57, 0.77]   

    Transitivity Consistency Ratio (%)  
0                            73.643411  
1                            81.818182  
2                            76.229508  
3                            77.575758  
4                            78.181818  
5                            78.181818  
6                            76.729560  
7                            81.818182  
8                            74.468085  
9                            77.575758  
10                           74.545455  
11                           77.575758  
12                           77.575758  
13                           75.949367  
14                           81.818182  
15                           81.818182  
16                           81.818182  
17                           77.575758  
18                           76.969697  
19                           78.181818  
20                           77.358491  
21                           81.818182  
22                           79.746835  
23                           81.212121  
24                           81.818182  
25                           78.181818  
26                           78.181818  

Results have been saved to 'reliability_analysis.csv'
