Author
4       0.185190
5       0.243578
2       0.596722
0       0.983615
10      5.438418
6       8.570694
7      25.241372
1      31.419733
8      37.047517
3      53.724021
9     100.000000
Name: Score, dtype: float64

Results have been saved to 'pagerank_results_balanced.csv'
Combined Results:
                                          Subcategory  \
0                                     Topic Relevance   
1                    Comprehensiveness of Information   
2                             Accuracy of Information   
3                        Innovativeness of Viewpoints   
4       Integration of Interdisciplinary Perspectives   
5                        Clarity of Logical Structure   
6               Reasonableness of Chapter Arrangement   
7              Quality of Introduction and Conclusion   
8              Accuracy and Completeness of Citations   
9              Timeliness and Relevance of References   
10   Avoidance of Plagiarism and Appropriate Citation   
11             Critical Analysis of Existing Research   
12   Proposal of New Research Directions or Questions   
13                Potential Contribution to the Field   
14             Clarity of Research Method Description   
15                    Rationality of Method Selection   
16                           Rigor of Research Design   
17               Inclusion of Latest Research Results   
18            Reflection of Current Research Hotspots   
19                     Fluency of Language Expression   
20    Appropriateness of Professional Terminology Use   
21                          Conciseness of Expression   
22  Practical Application Potential of Research Re...   
23                Feasibility of Proposed Suggestions   
24                             Logic of Argumentation   
25                   Multi-angle Analysis of Problems   
26  Identification and Discussion of Research Limi...   

    ICC (Intraclass Correlation Coefficient) ICC 95% Confidence Interval  \
0                                   0.637666                [0.54, 0.73]   
1                                   0.785092                [0.71, 0.85]   
2                                   0.534862                [0.43, 0.65]   
3                                   0.765660                [0.69, 0.84]   
4                                   0.715496                 [0.63, 0.8]   
5                                   0.702626                [0.61, 0.79]   
6                                   0.702779                [0.61, 0.79]   
7                                   0.659108                [0.56, 0.75]   
8                                   0.537979                [0.44, 0.65]   
9                                   0.580733                [0.48, 0.69]   
10                                  0.366714                [0.27, 0.49]   
11                                  0.770855                 [0.7, 0.84]   
12                                  0.646208                [0.55, 0.74]   
13                                  0.719659                 [0.64, 0.8]   
14                                  0.736236                [0.65, 0.81]   
15                                  0.732292                [0.65, 0.81]   
16                                  0.695984                [0.61, 0.78]   
17                                  0.587676                [0.48, 0.69]   
18                                  0.608745                [0.51, 0.71]   
19                                  0.610541                [0.51, 0.71]   
20                                  0.658985                [0.57, 0.75]   
21                                  0.611134                [0.51, 0.71]   
22                                  0.717007                 [0.63, 0.8]   
23                                  0.634257                [0.54, 0.73]   
24                                  0.703957                [0.62, 0.79]   
25                                  0.713130                 [0.63, 0.8]   
26                                  0.633541                [0.54, 0.73]   

    Transitivity Consistency Ratio (%)  
0                            86.060606  
1                            78.787879  
2                            86.060606  
3                            76.969697  
4                            76.363636  
5                            78.181818  
6                            78.181818  
7                            76.363636  
8                            81.818182  
9                            75.757576  
10                           86.060606  
11                           76.969697  
12                           78.181818  
13                           76.969697  
14                           75.151515  
15                           75.151515  
16                           75.151515  
17                           75.757576  
18                           75.757576  
19                           78.181818  
20                           73.939394  
21                           77.575758  
22                           76.969697  
23                           78.181818  
24                           75.757576  
25                           76.969697  
26                           76.969697  

Results have been saved to 'reliability_analysis.csv'
Author
5     17.878644
4     20.804482
2     21.263366
0     25.215253
10    26.013796
6     39.607109
7     52.813752
1     55.050447
8     56.409466
3     65.759974
9     94.315229
Name: Score, dtype: float64

Results have been saved to 'pagerank_results_balanced.csv'
Combined Results:
                                          Subcategory  \
0                                     Topic Relevance   
1                    Comprehensiveness of Information   
2                             Accuracy of Information   
3                        Innovativeness of Viewpoints   
4       Integration of Interdisciplinary Perspectives   
5                        Clarity of Logical Structure   
6               Reasonableness of Chapter Arrangement   
7              Quality of Introduction and Conclusion   
8              Accuracy and Completeness of Citations   
9              Timeliness and Relevance of References   
10   Avoidance of Plagiarism and Appropriate Citation   
11             Critical Analysis of Existing Research   
12   Proposal of New Research Directions or Questions   
13                Potential Contribution to the Field   
14             Clarity of Research Method Description   
15                    Rationality of Method Selection   
16                           Rigor of Research Design   
17               Inclusion of Latest Research Results   
18            Reflection of Current Research Hotspots   
19                     Fluency of Language Expression   
20    Appropriateness of Professional Terminology Use   
21                          Conciseness of Expression   
22  Practical Application Potential of Research Re...   
23                Feasibility of Proposed Suggestions   
24                             Logic of Argumentation   
25                   Multi-angle Analysis of Problems   
26  Identification and Discussion of Research Limi...   

    ICC (Intraclass Correlation Coefficient) ICC 95% Confidence Interval  \
0                                   0.667215                [0.57, 0.76]   
1                                   0.799648                [0.73, 0.86]   
2                                   0.512001                [0.41, 0.63]   
3                                   0.806437                [0.74, 0.87]   
4                                   0.767688                [0.69, 0.84]   
5                                   0.758575                [0.68, 0.83]   
6                                   0.740344                [0.66, 0.82]   
7                                   0.702638                [0.62, 0.79]   
8                                   0.789912                [0.72, 0.85]   
9                                   0.765665                [0.69, 0.84]   
10                                  0.689342                 [0.6, 0.78]   
11                                  0.816420                [0.75, 0.87]   
12                                  0.784896                [0.71, 0.85]   
13                                  0.796417                [0.73, 0.86]   
14                                  0.701511                [0.61, 0.79]   
15                                  0.700741                [0.61, 0.79]   
16                                  0.736369                [0.66, 0.81]   
17                                  0.768391                [0.69, 0.84]   
18                                  0.718219                 [0.63, 0.8]   
19                                  0.616752                [0.52, 0.72]   
20                                  0.659676                [0.57, 0.75]   
21                                  0.565108                [0.46, 0.67]   
22                                  0.768512                [0.69, 0.84]   
23                                  0.615258                [0.52, 0.72]   
24                                  0.719797                 [0.64, 0.8]   
25                                  0.760608                [0.68, 0.83]   
26                                  0.724524                 [0.64, 0.8]   

    Transitivity Consistency Ratio (%)  
0                            85.454545  
1                            79.393939  
2                            85.454545  
3                            77.575758  
4                            76.969697  
5                            76.969697  
6                            76.969697  
7                            76.363636  
8                            83.030303  
9                            76.363636  
10                           85.454545  
11                           77.575758  
12                           78.787879  
13                           77.575758  
14                           75.757576  
15                           75.757576  
16                           75.757576  
17                           76.363636  
18                           76.363636  
19                           76.969697  
20                           74.545455  
21                           79.393939  
22                           77.575758  
23                           78.787879  
24                           75.757576  
25                           77.575758  
26                           77.575758  

Results have been saved to 'reliability_analysis.csv'
Author
5     17.878644
4     20.804482
2     21.263366
0     25.215253
10    26.013796
6     39.607109
7     52.813752
1     55.050447
8     56.409466
3     65.759974
9     94.315229
Name: Score, dtype: float64

Results have been saved to 'pagerank_results_balanced.csv'
Combined Results:
                                          Subcategory  \
0                                     Topic Relevance   
1                    Comprehensiveness of Information   
2                             Accuracy of Information   
3                        Innovativeness of Viewpoints   
4       Integration of Interdisciplinary Perspectives   
5                        Clarity of Logical Structure   
6               Reasonableness of Chapter Arrangement   
7              Quality of Introduction and Conclusion   
8              Accuracy and Completeness of Citations   
9              Timeliness and Relevance of References   
10   Avoidance of Plagiarism and Appropriate Citation   
11             Critical Analysis of Existing Research   
12   Proposal of New Research Directions or Questions   
13                Potential Contribution to the Field   
14             Clarity of Research Method Description   
15                    Rationality of Method Selection   
16                           Rigor of Research Design   
17               Inclusion of Latest Research Results   
18            Reflection of Current Research Hotspots   
19                     Fluency of Language Expression   
20    Appropriateness of Professional Terminology Use   
21                          Conciseness of Expression   
22  Practical Application Potential of Research Re...   
23                Feasibility of Proposed Suggestions   
24                             Logic of Argumentation   
25                   Multi-angle Analysis of Problems   
26  Identification and Discussion of Research Limi...   

    ICC (Intraclass Correlation Coefficient) ICC 95% Confidence Interval  \
0                                   0.667215                [0.57, 0.76]   
1                                   0.799648                [0.73, 0.86]   
2                                   0.512001                [0.41, 0.63]   
3                                   0.806437                [0.74, 0.87]   
4                                   0.767688                [0.69, 0.84]   
5                                   0.758575                [0.68, 0.83]   
6                                   0.740344                [0.66, 0.82]   
7                                   0.702638                [0.62, 0.79]   
8                                   0.789912                [0.72, 0.85]   
9                                   0.765665                [0.69, 0.84]   
10                                  0.689342                 [0.6, 0.78]   
11                                  0.816420                [0.75, 0.87]   
12                                  0.784896                [0.71, 0.85]   
13                                  0.796417                [0.73, 0.86]   
14                                  0.701511                [0.61, 0.79]   
15                                  0.700741                [0.61, 0.79]   
16                                  0.736369                [0.66, 0.81]   
17                                  0.768391                [0.69, 0.84]   
18                                  0.718219                 [0.63, 0.8]   
19                                  0.616752                [0.52, 0.72]   
20                                  0.659676                [0.57, 0.75]   
21                                  0.565108                [0.46, 0.67]   
22                                  0.768512                [0.69, 0.84]   
23                                  0.615258                [0.52, 0.72]   
24                                  0.719797                 [0.64, 0.8]   
25                                  0.760608                [0.68, 0.83]   
26                                  0.724524                 [0.64, 0.8]   

    Transitivity Consistency Ratio (%)  
0                            85.454545  
1                            79.393939  
2                            85.454545  
3                            77.575758  
4                            76.969697  
5                            76.969697  
6                            76.969697  
7                            76.363636  
8                            83.030303  
9                            76.363636  
10                           85.454545  
11                           77.575758  
12                           78.787879  
13                           77.575758  
14                           75.757576  
15                           75.757576  
16                           75.757576  
17                           76.363636  
18                           76.363636  
19                           76.969697  
20                           74.545455  
21                           79.393939  
22                           77.575758  
23                           78.787879  
24                           75.757576  
25                           77.575758  
26                           77.575758  

Results have been saved to 'reliability_analysis.csv'
Author
10      0.034323
5      28.516260
4      29.479157
2      31.336188
0      36.421904
6      55.582636
7      74.139767
1      78.040534
8      79.103925
3      86.139019
9     100.000000
Name: Score, dtype: float64

Results have been saved to 'pagerank_results_balanced.csv'
Combined Results:
                                          Subcategory  \
0                                     Topic Relevance   
1                    Comprehensiveness of Information   
2                             Accuracy of Information   
3                        Innovativeness of Viewpoints   
4       Integration of Interdisciplinary Perspectives   
5                        Clarity of Logical Structure   
6               Reasonableness of Chapter Arrangement   
7              Quality of Introduction and Conclusion   
8              Accuracy and Completeness of Citations   
9              Timeliness and Relevance of References   
10   Avoidance of Plagiarism and Appropriate Citation   
11             Critical Analysis of Existing Research   
12   Proposal of New Research Directions or Questions   
13                Potential Contribution to the Field   
14             Clarity of Research Method Description   
15                    Rationality of Method Selection   
16                           Rigor of Research Design   
17               Inclusion of Latest Research Results   
18            Reflection of Current Research Hotspots   
19                     Fluency of Language Expression   
20    Appropriateness of Professional Terminology Use   
21                          Conciseness of Expression   
22  Practical Application Potential of Research Re...   
23                Feasibility of Proposed Suggestions   
24                             Logic of Argumentation   
25                   Multi-angle Analysis of Problems   
26  Identification and Discussion of Research Limi...   

    ICC (Intraclass Correlation Coefficient) ICC 95% Confidence Interval  \
0                                   0.667215                [0.57, 0.76]   
1                                   0.799648                [0.73, 0.86]   
2                                   0.512001                [0.41, 0.63]   
3                                   0.806437                [0.74, 0.87]   
4                                   0.767688                [0.69, 0.84]   
5                                   0.758575                [0.68, 0.83]   
6                                   0.740344                [0.66, 0.82]   
7                                   0.702638                [0.62, 0.79]   
8                                   0.789912                [0.72, 0.85]   
9                                   0.765665                [0.69, 0.84]   
10                                  0.689342                 [0.6, 0.78]   
11                                  0.816420                [0.75, 0.87]   
12                                  0.784896                [0.71, 0.85]   
13                                  0.796417                [0.73, 0.86]   
14                                  0.701511                [0.61, 0.79]   
15                                  0.700741                [0.61, 0.79]   
16                                  0.736369                [0.66, 0.81]   
17                                  0.768391                [0.69, 0.84]   
18                                  0.718219                 [0.63, 0.8]   
19                                  0.616752                [0.52, 0.72]   
20                                  0.659676                [0.57, 0.75]   
21                                  0.565108                [0.46, 0.67]   
22                                  0.768512                [0.69, 0.84]   
23                                  0.615258                [0.52, 0.72]   
24                                  0.719797                 [0.64, 0.8]   
25                                  0.760608                [0.68, 0.83]   
26                                  0.724524                 [0.64, 0.8]   

    Transitivity Consistency Ratio (%)  
0                            52.941176  
1                            79.393939  
2                            52.941176  
3                            77.575758  
4                            76.969697  
5                            76.969697  
6                            76.969697  
7                            76.363636  
8                            53.333333  
9                            76.363636  
10                           52.941176  
11                           77.575758  
12                           77.564103  
13                           77.575758  
14                           75.757576  
15                           75.757576  
16                           75.757576  
17                           76.363636  
18                           76.363636  
19                           76.969697  
20                           74.545455  
21                           79.393939  
22                           77.575758  
23                           78.787879  
24                           75.757576  
25                           77.575758  
26                           77.575758  

Results have been saved to 'reliability_analysis.csv'
Author
10      0.034323
5      28.516260
4      29.479157
2      31.336188
0      36.421904
6      55.582636
7      74.139767
1      78.040534
8      79.103925
3      86.139019
9     100.000000
Name: Score, dtype: float64

Results have been saved to 'pagerank_results_balanced.csv'
Combined Results:
                                          Subcategory  \
0                                     Topic Relevance   
1                    Comprehensiveness of Information   
2                             Accuracy of Information   
3                        Innovativeness of Viewpoints   
4       Integration of Interdisciplinary Perspectives   
5                        Clarity of Logical Structure   
6               Reasonableness of Chapter Arrangement   
7              Quality of Introduction and Conclusion   
8              Accuracy and Completeness of Citations   
9              Timeliness and Relevance of References   
10   Avoidance of Plagiarism and Appropriate Citation   
11             Critical Analysis of Existing Research   
12   Proposal of New Research Directions or Questions   
13                Potential Contribution to the Field   
14             Clarity of Research Method Description   
15                    Rationality of Method Selection   
16                           Rigor of Research Design   
17               Inclusion of Latest Research Results   
18            Reflection of Current Research Hotspots   
19                     Fluency of Language Expression   
20    Appropriateness of Professional Terminology Use   
21                          Conciseness of Expression   
22  Practical Application Potential of Research Re...   
23                Feasibility of Proposed Suggestions   
24                             Logic of Argumentation   
25                   Multi-angle Analysis of Problems   
26  Identification and Discussion of Research Limi...   

    ICC (Intraclass Correlation Coefficient) ICC 95% Confidence Interval  \
0                                   0.667215                [0.57, 0.76]   
1                                   0.799648                [0.73, 0.86]   
2                                   0.512001                [0.41, 0.63]   
3                                   0.806437                [0.74, 0.87]   
4                                   0.767688                [0.69, 0.84]   
5                                   0.758575                [0.68, 0.83]   
6                                   0.740344                [0.66, 0.82]   
7                                   0.702638                [0.62, 0.79]   
8                                   0.789912                [0.72, 0.85]   
9                                   0.765665                [0.69, 0.84]   
10                                  0.689342                 [0.6, 0.78]   
11                                  0.816420                [0.75, 0.87]   
12                                  0.784896                [0.71, 0.85]   
13                                  0.796417                [0.73, 0.86]   
14                                  0.701511                [0.61, 0.79]   
15                                  0.700741                [0.61, 0.79]   
16                                  0.736369                [0.66, 0.81]   
17                                  0.768391                [0.69, 0.84]   
18                                  0.718219                 [0.63, 0.8]   
19                                  0.616752                [0.52, 0.72]   
20                                  0.659676                [0.57, 0.75]   
21                                  0.565108                [0.46, 0.67]   
22                                  0.768512                [0.69, 0.84]   
23                                  0.615258                [0.52, 0.72]   
24                                  0.719797                 [0.64, 0.8]   
25                                  0.760608                [0.68, 0.83]   
26                                  0.724524                 [0.64, 0.8]   

    Transitivity Consistency Ratio (%)  
0                            52.941176  
1                            79.393939  
2                            52.941176  
3                            77.575758  
4                            76.969697  
5                            76.969697  
6                            76.969697  
7                            76.363636  
8                            53.333333  
9                            76.363636  
10                           52.941176  
11                           77.575758  
12                           77.564103  
13                           77.575758  
14                           75.757576  
15                           75.757576  
16                           75.757576  
17                           76.363636  
18                           76.363636  
19                           76.969697  
20                           74.545455  
21                           79.393939  
22                           77.575758  
23                           78.787879  
24                           75.757576  
25                           77.575758  
26                           77.575758  

Results have been saved to 'reliability_analysis.csv'
