Author
10     0.057069
3      4.091584
6      6.958264
8      7.520757
2      9.849632
0     17.725920
4     28.466017
5     32.130186
7     57.021590
1     90.244009
9     99.762575
Name: Score, dtype: float64

Results have been saved to 'pagerank_results_balanced.csv'
Combined Results:
                                          Subcategory  \
0                                     Topic Relevance   
1                    Comprehensiveness of Information   
2                             Accuracy of Information   
3                        Innovativeness of Viewpoints   
4       Integration of Interdisciplinary Perspectives   
5                        Clarity of Logical Structure   
6               Reasonableness of Chapter Arrangement   
7              Quality of Introduction and Conclusion   
8              Accuracy and Completeness of Citations   
9              Timeliness and Relevance of References   
10   Avoidance of Plagiarism and Appropriate Citation   
11             Critical Analysis of Existing Research   
12   Proposal of New Research Directions or Questions   
13                Potential Contribution to the Field   
14             Clarity of Research Method Description   
15                    Rationality of Method Selection   
16                           Rigor of Research Design   
17               Inclusion of Latest Research Results   
18            Reflection of Current Research Hotspots   
19                     Fluency of Language Expression   
20    Appropriateness of Professional Terminology Use   
21                          Conciseness of Expression   
22  Practical Application Potential of Research Re...   
23                Feasibility of Proposed Suggestions   
24                             Logic of Argumentation   
25                   Multi-angle Analysis of Problems   
26  Identification and Discussion of Research Limi...   

    ICC (Intraclass Correlation Coefficient) ICC 95% Confidence Interval  \
0                                   0.565809                [0.47, 0.67]   
1                                   0.774571                 [0.7, 0.84]   
2                                   0.411454                [0.31, 0.53]   
3                                   0.591476                 [0.49, 0.7]   
4                                   0.690028                 [0.6, 0.78]   
5                                   0.716800                 [0.63, 0.8]   
6                                   0.685879                 [0.6, 0.77]   
7                                   0.610833                [0.51, 0.71]   
8                                   0.562297                [0.46, 0.67]   
9                                   0.630022                [0.53, 0.73]   
10                                  0.269444                [0.18, 0.38]   
11                                  0.687211                 [0.6, 0.77]   
12                                  0.570673                [0.47, 0.68]   
13                                  0.672978                [0.58, 0.76]   
14                                  0.671102                [0.58, 0.76]   
15                                  0.660449                [0.57, 0.75]   
16                                  0.661426                [0.57, 0.75]   
17                                  0.638060                [0.54, 0.73]   
18                                  0.653106                [0.56, 0.75]   
19                                  0.599904                  [0.5, 0.7]   
20                                  0.625309                [0.53, 0.72]   
21                                  0.613831                [0.52, 0.71]   
22                                  0.689229                 [0.6, 0.78]   
23                                  0.628563                [0.53, 0.73]   
24                                  0.665683                [0.57, 0.76]   
25                                  0.676638                [0.59, 0.77]   
26                                  0.657544                [0.56, 0.75]   

    Transitivity Consistency Ratio (%)  
0                            70.909091  
1                            70.303030  
2                            79.393939  
3                            74.545455  
4                            69.696970  
5                            72.727273  
6                            71.515152  
7                            72.727273  
8                            72.121212  
9                            69.696970  
10                           79.393939  
11                           71.515152  
12                           71.515152  
13                           69.696970  
14                           71.515152  
15                           71.515152  
16                           70.909091  
17                           69.696970  
18                           69.696970  
19                           73.333333  
20                           69.696970  
21                           72.727273  
22                           69.696970  
23                           68.484848  
24                           72.727273  
25                           69.696970  
26                           71.515152  

Results have been saved to 'reliability_analysis.csv'
Author
10     0.178226
3      1.938699
6      3.193122
8      4.522231
2      6.485087
0     14.978065
4     25.312897
5     28.290495
7     51.467768
1     87.371689
9     99.701563
Name: Score, dtype: float64

Results have been saved to 'pagerank_results_balanced.csv'
Combined Results:
                                          Subcategory  \
0                                     Topic Relevance   
1                    Comprehensiveness of Information   
2                             Accuracy of Information   
3                        Innovativeness of Viewpoints   
4       Integration of Interdisciplinary Perspectives   
5                        Clarity of Logical Structure   
6               Reasonableness of Chapter Arrangement   
7              Quality of Introduction and Conclusion   
8              Accuracy and Completeness of Citations   
9              Timeliness and Relevance of References   
10   Avoidance of Plagiarism and Appropriate Citation   
11             Critical Analysis of Existing Research   
12   Proposal of New Research Directions or Questions   
13                Potential Contribution to the Field   
14             Clarity of Research Method Description   
15                    Rationality of Method Selection   
16                           Rigor of Research Design   
17               Inclusion of Latest Research Results   
18            Reflection of Current Research Hotspots   
19                     Fluency of Language Expression   
20    Appropriateness of Professional Terminology Use   
21                          Conciseness of Expression   
22  Practical Application Potential of Research Re...   
23                Feasibility of Proposed Suggestions   
24                             Logic of Argumentation   
25                   Multi-angle Analysis of Problems   
26  Identification and Discussion of Research Limi...   

    ICC (Intraclass Correlation Coefficient) ICC 95% Confidence Interval  \
0                                   0.565809                [0.47, 0.67]   
1                                   0.774571                 [0.7, 0.84]   
2                                   0.411454                [0.31, 0.53]   
3                                   0.591476                 [0.49, 0.7]   
4                                   0.690028                 [0.6, 0.78]   
5                                   0.716800                 [0.63, 0.8]   
6                                   0.685879                 [0.6, 0.77]   
7                                   0.610833                [0.51, 0.71]   
8                                   0.562297                [0.46, 0.67]   
9                                   0.630022                [0.53, 0.73]   
10                                  0.269444                [0.18, 0.38]   
11                                  0.687211                 [0.6, 0.77]   
12                                  0.570673                [0.47, 0.68]   
13                                  0.672978                [0.58, 0.76]   
14                                  0.671102                [0.58, 0.76]   
15                                  0.660449                [0.57, 0.75]   
16                                  0.661426                [0.57, 0.75]   
17                                  0.638060                [0.54, 0.73]   
18                                  0.653106                [0.56, 0.75]   
19                                  0.599904                  [0.5, 0.7]   
20                                  0.625309                [0.53, 0.72]   
21                                  0.613831                [0.52, 0.71]   
22                                  0.689229                 [0.6, 0.78]   
23                                  0.628563                [0.53, 0.73]   
24                                  0.665683                [0.57, 0.76]   
25                                  0.676638                [0.59, 0.77]   
26                                  0.657544                [0.56, 0.75]   

    Transitivity Consistency Ratio (%)  
0                            69.230769  
1                            70.303030  
2                            54.054054  
3                            73.076923  
4                            69.696970  
5                            71.153846  
6                            71.515152  
7                            69.594595  
8                            64.885496  
9                            69.696970  
10                           44.262295  
11                           69.871795  
12                           71.515152  
13                           69.696970  
14                           68.666667  
15                           70.253165  
16                           70.909091  
17                           69.696970  
18                           68.553459  
19                           70.068027  
20                           69.696970  
21                           71.153846  
22                           69.696970  
23                           68.484848  
24                           71.153846  
25                           69.696970  
26                           69.871795  

Results have been saved to 'reliability_analysis.csv'
Author
10     0.178226
3      1.938699
6      3.193122
8      4.522231
2      6.485087
0     14.978065
4     25.312897
5     28.290495
7     51.467768
1     87.371689
9     99.701563
Name: Score, dtype: float64

Results have been saved to 'pagerank_results_balanced.csv'
Combined Results:
                                          Subcategory  \
0                                     Topic Relevance   
1                    Comprehensiveness of Information   
2                             Accuracy of Information   
3                        Innovativeness of Viewpoints   
4       Integration of Interdisciplinary Perspectives   
5                        Clarity of Logical Structure   
6               Reasonableness of Chapter Arrangement   
7              Quality of Introduction and Conclusion   
8              Accuracy and Completeness of Citations   
9              Timeliness and Relevance of References   
10   Avoidance of Plagiarism and Appropriate Citation   
11             Critical Analysis of Existing Research   
12   Proposal of New Research Directions or Questions   
13                Potential Contribution to the Field   
14             Clarity of Research Method Description   
15                    Rationality of Method Selection   
16                           Rigor of Research Design   
17               Inclusion of Latest Research Results   
18            Reflection of Current Research Hotspots   
19                     Fluency of Language Expression   
20    Appropriateness of Professional Terminology Use   
21                          Conciseness of Expression   
22  Practical Application Potential of Research Re...   
23                Feasibility of Proposed Suggestions   
24                             Logic of Argumentation   
25                   Multi-angle Analysis of Problems   
26  Identification and Discussion of Research Limi...   

    ICC (Intraclass Correlation Coefficient) ICC 95% Confidence Interval  \
0                                   0.565809                [0.47, 0.67]   
1                                   0.774571                 [0.7, 0.84]   
2                                   0.411454                [0.31, 0.53]   
3                                   0.591476                 [0.49, 0.7]   
4                                   0.690028                 [0.6, 0.78]   
5                                   0.716800                 [0.63, 0.8]   
6                                   0.685879                 [0.6, 0.77]   
7                                   0.610833                [0.51, 0.71]   
8                                   0.562297                [0.46, 0.67]   
9                                   0.630022                [0.53, 0.73]   
10                                  0.269444                [0.18, 0.38]   
11                                  0.687211                 [0.6, 0.77]   
12                                  0.570673                [0.47, 0.68]   
13                                  0.672978                [0.58, 0.76]   
14                                  0.671102                [0.58, 0.76]   
15                                  0.660449                [0.57, 0.75]   
16                                  0.661426                [0.57, 0.75]   
17                                  0.638060                [0.54, 0.73]   
18                                  0.653106                [0.56, 0.75]   
19                                  0.599904                  [0.5, 0.7]   
20                                  0.625309                [0.53, 0.72]   
21                                  0.613831                [0.52, 0.71]   
22                                  0.689229                 [0.6, 0.78]   
23                                  0.628563                [0.53, 0.73]   
24                                  0.665683                [0.57, 0.76]   
25                                  0.676638                [0.59, 0.77]   
26                                  0.657544                [0.56, 0.75]   

    Transitivity Consistency Ratio (%)  
0                            69.230769  
1                            70.303030  
2                            54.054054  
3                            73.076923  
4                            69.696970  
5                            71.153846  
6                            71.515152  
7                            69.594595  
8                            64.885496  
9                            69.696970  
10                           44.262295  
11                           69.871795  
12                           71.515152  
13                           69.696970  
14                           68.666667  
15                           70.253165  
16                           70.909091  
17                           69.696970  
18                           68.553459  
19                           70.068027  
20                           69.696970  
21                           71.153846  
22                           69.696970  
23                           68.484848  
24                           71.153846  
25                           69.696970  
26                           69.871795  

Results have been saved to 'reliability_analysis.csv'
