Author
0     26.213276
7     27.622913
3     36.960747
4     47.833431
9     53.654887
1     61.215562
6     66.588664
10    66.825327
8     71.389068
5     75.276509
2     90.480889
Name: Score, dtype: float64

Results have been saved to 'pagerank_results_balanced.csv'
Combined Results:
                                          Subcategory  \
0                                     Topic Relevance   
1                    Comprehensiveness of Information   
2                             Accuracy of Information   
3                        Innovativeness of Viewpoints   
4       Integration of Interdisciplinary Perspectives   
5                        Clarity of Logical Structure   
6               Reasonableness of Chapter Arrangement   
7              Quality of Introduction and Conclusion   
8              Accuracy and Completeness of Citations   
9              Timeliness and Relevance of References   
10   Avoidance of Plagiarism and Appropriate Citation   
11             Critical Analysis of Existing Research   
12   Proposal of New Research Directions or Questions   
13                Potential Contribution to the Field   
14             Clarity of Research Method Description   
15                    Rationality of Method Selection   
16                           Rigor of Research Design   
17               Inclusion of Latest Research Results   
18            Reflection of Current Research Hotspots   
19                     Fluency of Language Expression   
20    Appropriateness of Professional Terminology Use   
21                          Conciseness of Expression   
22  Practical Application Potential of Research Re...   
23                Feasibility of Proposed Suggestions   
24                             Logic of Argumentation   
25                   Multi-angle Analysis of Problems   
26  Identification and Discussion of Research Limi...   

    ICC (Intraclass Correlation Coefficient) ICC 95% Confidence Interval  \
0                                   0.672184                [0.58, 0.76]   
1                                   0.786282                [0.71, 0.85]   
2                                   0.594035                  [0.5, 0.7]   
3                                   0.517956                [0.41, 0.63]   
4                                   0.578280                [0.48, 0.69]   
5                                   0.714031                 [0.62, 0.8]   
6                                   0.721707                 [0.64, 0.8]   
7                                   0.661600                [0.56, 0.76]   
8                                   0.446725                [0.35, 0.56]   
9                                   0.538860                [0.44, 0.65]   
10                                  0.384944                 [0.29, 0.5]   
11                                  0.665020                [0.56, 0.76]   
12                                  0.428241                [0.33, 0.55]   
13                                  0.604928                 [0.5, 0.71]   
14                                  0.682609                [0.58, 0.78]   
15                                  0.689642                [0.59, 0.78]   
16                                  0.686636                [0.58, 0.78]   
17                                  0.567519                [0.47, 0.68]   
18                                  0.522449                [0.42, 0.64]   
19                                  0.617653                [0.51, 0.72]   
20                                  0.636255                [0.53, 0.74]   
21                                  0.614387                [0.51, 0.72]   
22                                  0.587300                 [0.48, 0.7]   
23                                  0.545363                [0.43, 0.66]   
24                                  0.678522                [0.58, 0.77]   
25                                  0.646901                [0.55, 0.75]   
26                                  0.637214                [0.53, 0.74]   

    Transitivity Consistency Ratio (%)  
0                            80.000000  
1                            78.787879  
2                            85.454545  
3                            83.030303  
4                            78.181818  
5                            81.818182  
6                            78.181818  
7                            81.212121  
8                            77.575758  
9                            78.787879  
10                           81.818182  
11                           86.666667  
12                           86.060606  
13                           86.666667  
14                           80.000000  
15                           80.000000  
16                           76.969697  
17                           78.787879  
18                           75.757576  
19                           79.393939  
20                           80.606061  
21                           80.000000  
22                           86.666667  
23                           87.878788  
24                           81.212121  
25                           81.212121  
26                           81.212121  

Results have been saved to 'reliability_analysis.csv'
Author
6      0.000000
1      1.731427
7     63.196472
0     66.643645
2     68.750210
10    68.910060
5     82.814720
8     86.245658
3     89.865723
4     92.021552
9     99.954545
Name: Score, dtype: float64

Results have been saved to 'pagerank_results_balanced.csv'
Combined Results:
                                          Subcategory  \
0                                     Topic Relevance   
1                    Comprehensiveness of Information   
2                             Accuracy of Information   
3                        Innovativeness of Viewpoints   
4       Integration of Interdisciplinary Perspectives   
5                        Clarity of Logical Structure   
6               Reasonableness of Chapter Arrangement   
7              Quality of Introduction and Conclusion   
8              Accuracy and Completeness of Citations   
9              Timeliness and Relevance of References   
10   Avoidance of Plagiarism and Appropriate Citation   
11             Critical Analysis of Existing Research   
12   Proposal of New Research Directions or Questions   
13                Potential Contribution to the Field   
14             Clarity of Research Method Description   
15                    Rationality of Method Selection   
16                           Rigor of Research Design   
17               Inclusion of Latest Research Results   
18            Reflection of Current Research Hotspots   
19                     Fluency of Language Expression   
20    Appropriateness of Professional Terminology Use   
21                          Conciseness of Expression   
22  Practical Application Potential of Research Re...   
23                Feasibility of Proposed Suggestions   
24                             Logic of Argumentation   
25                   Multi-angle Analysis of Problems   
26  Identification and Discussion of Research Limi...   

    ICC (Intraclass Correlation Coefficient) ICC 95% Confidence Interval  \
0                                   0.672184                [0.58, 0.76]   
1                                   0.786282                [0.71, 0.85]   
2                                   0.594035                  [0.5, 0.7]   
3                                   0.517956                [0.41, 0.63]   
4                                   0.578280                [0.48, 0.69]   
5                                   0.714031                 [0.62, 0.8]   
6                                   0.721707                 [0.64, 0.8]   
7                                   0.661600                [0.56, 0.76]   
8                                   0.446725                [0.35, 0.56]   
9                                   0.538860                [0.44, 0.65]   
10                                  0.384944                 [0.29, 0.5]   
11                                  0.665020                [0.56, 0.76]   
12                                  0.428241                [0.33, 0.55]   
13                                  0.604928                 [0.5, 0.71]   
14                                  0.682609                [0.58, 0.78]   
15                                  0.689642                [0.59, 0.78]   
16                                  0.686636                [0.58, 0.78]   
17                                  0.567519                [0.47, 0.68]   
18                                  0.522449                [0.42, 0.64]   
19                                  0.617653                [0.51, 0.72]   
20                                  0.636255                [0.53, 0.74]   
21                                  0.614387                [0.51, 0.72]   
22                                  0.587300                 [0.48, 0.7]   
23                                  0.545363                [0.43, 0.66]   
24                                  0.678522                [0.58, 0.77]   
25                                  0.646901                [0.55, 0.75]   
26                                  0.637214                [0.53, 0.74]   

    Transitivity Consistency Ratio (%)  
0                            65.979381  
1                            78.787879  
2                            38.461538  
3                            83.030303  
4                            78.181818  
5                            81.818182  
6                            78.181818  
7                            80.254777  
8                            69.421488  
9                            78.787879  
10                           61.038961  
11                           86.666667  
12                           86.060606  
13                           86.666667  
14                           80.000000  
15                           80.000000  
16                           76.969697  
17                           78.787879  
18                           75.757576  
19                           79.393939  
20                           80.606061  
21                           80.000000  
22                           86.666667  
23                           87.179487  
24                           81.212121  
25                           81.212121  
26                           81.212121  

Results have been saved to 'reliability_analysis.csv'
Author
6      0.000000
1      1.731427
7     63.196472
0     66.643645
2     68.750210
10    68.910060
5     82.814720
8     86.245658
3     89.865723
4     92.021552
9     99.954545
Name: Score, dtype: float64

Results have been saved to 'pagerank_results_balanced.csv'
Combined Results:
                                          Subcategory  \
0                                     Topic Relevance   
1                    Comprehensiveness of Information   
2                             Accuracy of Information   
3                        Innovativeness of Viewpoints   
4       Integration of Interdisciplinary Perspectives   
5                        Clarity of Logical Structure   
6               Reasonableness of Chapter Arrangement   
7              Quality of Introduction and Conclusion   
8              Accuracy and Completeness of Citations   
9              Timeliness and Relevance of References   
10   Avoidance of Plagiarism and Appropriate Citation   
11             Critical Analysis of Existing Research   
12   Proposal of New Research Directions or Questions   
13                Potential Contribution to the Field   
14             Clarity of Research Method Description   
15                    Rationality of Method Selection   
16                           Rigor of Research Design   
17               Inclusion of Latest Research Results   
18            Reflection of Current Research Hotspots   
19                     Fluency of Language Expression   
20    Appropriateness of Professional Terminology Use   
21                          Conciseness of Expression   
22  Practical Application Potential of Research Re...   
23                Feasibility of Proposed Suggestions   
24                             Logic of Argumentation   
25                   Multi-angle Analysis of Problems   
26  Identification and Discussion of Research Limi...   

    ICC (Intraclass Correlation Coefficient) ICC 95% Confidence Interval  \
0                                   0.672184                [0.58, 0.76]   
1                                   0.786282                [0.71, 0.85]   
2                                   0.594035                  [0.5, 0.7]   
3                                   0.517956                [0.41, 0.63]   
4                                   0.578280                [0.48, 0.69]   
5                                   0.714031                 [0.62, 0.8]   
6                                   0.721707                 [0.64, 0.8]   
7                                   0.661600                [0.56, 0.76]   
8                                   0.446725                [0.35, 0.56]   
9                                   0.538860                [0.44, 0.65]   
10                                  0.384944                 [0.29, 0.5]   
11                                  0.665020                [0.56, 0.76]   
12                                  0.428241                [0.33, 0.55]   
13                                  0.604928                 [0.5, 0.71]   
14                                  0.682609                [0.58, 0.78]   
15                                  0.689642                [0.59, 0.78]   
16                                  0.686636                [0.58, 0.78]   
17                                  0.567519                [0.47, 0.68]   
18                                  0.522449                [0.42, 0.64]   
19                                  0.617653                [0.51, 0.72]   
20                                  0.636255                [0.53, 0.74]   
21                                  0.614387                [0.51, 0.72]   
22                                  0.587300                 [0.48, 0.7]   
23                                  0.545363                [0.43, 0.66]   
24                                  0.678522                [0.58, 0.77]   
25                                  0.646901                [0.55, 0.75]   
26                                  0.637214                [0.53, 0.74]   

    Transitivity Consistency Ratio (%)  
0                            65.979381  
1                            78.787879  
2                            38.461538  
3                            83.030303  
4                            78.181818  
5                            81.818182  
6                            78.181818  
7                            80.254777  
8                            69.421488  
9                            78.787879  
10                           61.038961  
11                           86.666667  
12                           86.060606  
13                           86.666667  
14                           80.000000  
15                           80.000000  
16                           76.969697  
17                           78.787879  
18                           75.757576  
19                           79.393939  
20                           80.606061  
21                           80.000000  
22                           86.666667  
23                           87.179487  
24                           81.212121  
25                           81.212121  
26                           81.212121  

Results have been saved to 'reliability_analysis.csv'
