Author
3      1.843719
4      1.898098
6      2.826952
7      5.389620
8     19.998264
2     22.118985
10    50.452945
0     64.152767
1     87.068732
5     87.748427
9     92.327309
Name: Score, dtype: float64

Results have been saved to 'pagerank_results_balanced.csv'
Combined Results:
                                          Subcategory  \
0                                     Topic Relevance   
1                    Comprehensiveness of Information   
2                             Accuracy of Information   
3                        Innovativeness of Viewpoints   
4       Integration of Interdisciplinary Perspectives   
5                        Clarity of Logical Structure   
6               Reasonableness of Chapter Arrangement   
7              Quality of Introduction and Conclusion   
8              Accuracy and Completeness of Citations   
9              Timeliness and Relevance of References   
10   Avoidance of Plagiarism and Appropriate Citation   
11             Critical Analysis of Existing Research   
12   Proposal of New Research Directions or Questions   
13                Potential Contribution to the Field   
14             Clarity of Research Method Description   
15                    Rationality of Method Selection   
16                           Rigor of Research Design   
17               Inclusion of Latest Research Results   
18            Reflection of Current Research Hotspots   
19                     Fluency of Language Expression   
20    Appropriateness of Professional Terminology Use   
21                          Conciseness of Expression   
22  Practical Application Potential of Research Re...   
23                Feasibility of Proposed Suggestions   
24                             Logic of Argumentation   
25                   Multi-angle Analysis of Problems   
26  Identification and Discussion of Research Limi...   

    ICC (Intraclass Correlation Coefficient) ICC 95% Confidence Interval  \
0                                   0.442473                [0.34, 0.56]   
1                                   0.931699                 [0.9, 0.95]   
2                                   0.544438                [0.44, 0.65]   
3                                   0.651210                [0.56, 0.75]   
4                                   0.772560                 [0.7, 0.84]   
5                                   0.793088                [0.72, 0.86]   
6                                   0.818280                [0.76, 0.87]   
7                                   0.624899                [0.53, 0.72]   
8                                   0.440156                [0.34, 0.56]   
9                                   0.682217                [0.59, 0.77]   
10                                  0.191448                 [0.12, 0.3]   
11                                  0.700000                [0.61, 0.79]   
12                                  0.555270                [0.45, 0.66]   
13                                  0.674643                [0.58, 0.76]   
14                                  0.816096                [0.75, 0.87]   
15                                  0.814244                [0.75, 0.87]   
16                                  0.811458                [0.75, 0.87]   
17                                  0.688186                 [0.6, 0.78]   
18                                  0.651802                [0.55, 0.75]   
19                                  0.742555                [0.66, 0.82]   
20                                  0.797867                [0.73, 0.86]   
21                                  0.746476                [0.67, 0.82]   
22                                  0.717356                 [0.63, 0.8]   
23                                  0.533126                [0.43, 0.64]   
24                                  0.763472                [0.69, 0.83]   
25                                  0.762143                [0.69, 0.83]   
26                                  0.598275                  [0.5, 0.7]   

    Transitivity Consistency Ratio (%)  
0                            93.333333  
1                            78.181818  
2                            86.060606  
3                            84.848485  
4                            73.939394  
5                            75.151515  
6                            73.333333  
7                            80.000000  
8                            85.454545  
9                            73.939394  
10                           91.515152  
11                           84.848485  
12                           86.060606  
13                           84.848485  
14                           75.757576  
15                           75.757576  
16                           76.363636  
17                           73.939394  
18                           70.909091  
19                           75.151515  
20                           78.787879  
21                           76.969697  
22                           84.242424  
23                           84.242424  
24                           78.181818  
25                           76.363636  
26                           72.727273  

Results have been saved to 'reliability_analysis.csv'
Author
10     0.000000
4     18.394309
3     20.376777
6     25.148885
7     29.052696
8     57.784005
2     63.645157
0     83.284776
5     95.301077
1     95.501815
9     97.555067
Name: Score, dtype: float64

Results have been saved to 'pagerank_results_balanced.csv'
Combined Results:
                                          Subcategory  \
0                                     Topic Relevance   
1                    Comprehensiveness of Information   
2                             Accuracy of Information   
3                        Innovativeness of Viewpoints   
4       Integration of Interdisciplinary Perspectives   
5                        Clarity of Logical Structure   
6               Reasonableness of Chapter Arrangement   
7              Quality of Introduction and Conclusion   
8              Accuracy and Completeness of Citations   
9              Timeliness and Relevance of References   
10   Avoidance of Plagiarism and Appropriate Citation   
11             Critical Analysis of Existing Research   
12   Proposal of New Research Directions or Questions   
13                Potential Contribution to the Field   
14             Clarity of Research Method Description   
15                    Rationality of Method Selection   
16                           Rigor of Research Design   
17               Inclusion of Latest Research Results   
18            Reflection of Current Research Hotspots   
19                     Fluency of Language Expression   
20    Appropriateness of Professional Terminology Use   
21                          Conciseness of Expression   
22  Practical Application Potential of Research Re...   
23                Feasibility of Proposed Suggestions   
24                             Logic of Argumentation   
25                   Multi-angle Analysis of Problems   
26  Identification and Discussion of Research Limi...   

    ICC (Intraclass Correlation Coefficient) ICC 95% Confidence Interval  \
0                                   0.588210                [0.49, 0.69]   
1                                   0.938156                [0.91, 0.96]   
2                                   0.545315                [0.44, 0.66]   
3                                   0.778278                [0.71, 0.85]   
4                                   0.821420                [0.76, 0.88]   
5                                   0.849028                 [0.79, 0.9]   
6                                   0.875364                [0.83, 0.92]   
7                                   0.784117                [0.71, 0.85]   
8                                   0.670741                [0.58, 0.76]   
9                                   0.770203                 [0.7, 0.84]   
10                                  0.238915                [0.16, 0.35]   
11                                  0.792734                [0.72, 0.86]   
12                                  0.730416                [0.65, 0.81]   
13                                  0.778497                [0.71, 0.85]   
14                                  0.871767                [0.82, 0.91]   
15                                  0.866152                [0.82, 0.91]   
16                                  0.847899                 [0.79, 0.9]   
17                                  0.782719                [0.71, 0.85]   
18                                  0.828520                [0.77, 0.88]   
19                                  0.790456                [0.72, 0.85]   
20                                  0.822688                [0.76, 0.88]   
21                                  0.797176                [0.73, 0.86]   
22                                  0.806670                [0.74, 0.87]   
23                                  0.679830                [0.59, 0.77]   
24                                  0.834092                [0.78, 0.89]   
25                                  0.816664                [0.75, 0.87]   
26                                  0.762153                [0.69, 0.83]   

    Transitivity Consistency Ratio (%)  
0                            92.121212  
1                            78.787879  
2                            87.272727  
3                            84.242424  
4                            73.939394  
5                            78.181818  
6                            76.363636  
7                            80.606061  
8                            85.454545  
9                            74.545455  
10                           90.909091  
11                           83.636364  
12                           84.848485  
13                           83.636364  
14                           75.757576  
15                           76.363636  
16                           76.363636  
17                           74.545455  
18                           73.333333  
19                           76.969697  
20                           78.787879  
21                           78.787879  
22                           84.242424  
23                           81.818182  
24                           80.606061  
25                           76.969697  
26                           74.545455  

Results have been saved to 'reliability_analysis.csv'
Author
10     0.000000
4     18.394309
3     20.376777
6     25.148885
7     29.052696
8     57.784005
2     63.645157
0     83.284776
5     95.301077
1     95.501815
9     97.555067
Name: Score, dtype: float64

Results have been saved to 'pagerank_results_balanced.csv'
Combined Results:
                                          Subcategory  \
0                                     Topic Relevance   
1                    Comprehensiveness of Information   
2                             Accuracy of Information   
3                        Innovativeness of Viewpoints   
4       Integration of Interdisciplinary Perspectives   
5                        Clarity of Logical Structure   
6               Reasonableness of Chapter Arrangement   
7              Quality of Introduction and Conclusion   
8              Accuracy and Completeness of Citations   
9              Timeliness and Relevance of References   
10   Avoidance of Plagiarism and Appropriate Citation   
11             Critical Analysis of Existing Research   
12   Proposal of New Research Directions or Questions   
13                Potential Contribution to the Field   
14             Clarity of Research Method Description   
15                    Rationality of Method Selection   
16                           Rigor of Research Design   
17               Inclusion of Latest Research Results   
18            Reflection of Current Research Hotspots   
19                     Fluency of Language Expression   
20    Appropriateness of Professional Terminology Use   
21                          Conciseness of Expression   
22  Practical Application Potential of Research Re...   
23                Feasibility of Proposed Suggestions   
24                             Logic of Argumentation   
25                   Multi-angle Analysis of Problems   
26  Identification and Discussion of Research Limi...   

    ICC (Intraclass Correlation Coefficient) ICC 95% Confidence Interval  \
0                                   0.588210                [0.49, 0.69]   
1                                   0.938156                [0.91, 0.96]   
2                                   0.545315                [0.44, 0.66]   
3                                   0.778278                [0.71, 0.85]   
4                                   0.821420                [0.76, 0.88]   
5                                   0.849028                 [0.79, 0.9]   
6                                   0.875364                [0.83, 0.92]   
7                                   0.784117                [0.71, 0.85]   
8                                   0.670741                [0.58, 0.76]   
9                                   0.770203                 [0.7, 0.84]   
10                                  0.238915                [0.16, 0.35]   
11                                  0.792734                [0.72, 0.86]   
12                                  0.730416                [0.65, 0.81]   
13                                  0.778497                [0.71, 0.85]   
14                                  0.871767                [0.82, 0.91]   
15                                  0.866152                [0.82, 0.91]   
16                                  0.847899                 [0.79, 0.9]   
17                                  0.782719                [0.71, 0.85]   
18                                  0.828520                [0.77, 0.88]   
19                                  0.790456                [0.72, 0.85]   
20                                  0.822688                [0.76, 0.88]   
21                                  0.797176                [0.73, 0.86]   
22                                  0.806670                [0.74, 0.87]   
23                                  0.679830                [0.59, 0.77]   
24                                  0.834092                [0.78, 0.89]   
25                                  0.816664                [0.75, 0.87]   
26                                  0.762153                [0.69, 0.83]   

    Transitivity Consistency Ratio (%)  
0                            92.121212  
1                            78.787879  
2                            87.272727  
3                            84.242424  
4                            73.939394  
5                            78.181818  
6                            76.363636  
7                            80.606061  
8                            85.454545  
9                            74.545455  
10                           90.909091  
11                           83.636364  
12                           84.848485  
13                           83.636364  
14                           75.757576  
15                           76.363636  
16                           76.363636  
17                           74.545455  
18                           73.333333  
19                           76.969697  
20                           78.787879  
21                           78.787879  
22                           84.242424  
23                           81.818182  
24                           80.606061  
25                           76.969697  
26                           74.545455  

Results have been saved to 'reliability_analysis.csv'
Author
10     0.000000
4     18.774903
3     22.606670
6     26.447816
7     33.025542
8     63.508976
2     68.865831
0     85.771509
5     93.207818
1     93.213386
9     97.249156
Name: Score, dtype: float64

Results have been saved to 'pagerank_results_balanced.csv'
Combined Results:
                                          Subcategory  \
0                                     Topic Relevance   
1                    Comprehensiveness of Information   
2                             Accuracy of Information   
3                        Innovativeness of Viewpoints   
4       Integration of Interdisciplinary Perspectives   
5                        Clarity of Logical Structure   
6               Reasonableness of Chapter Arrangement   
7              Quality of Introduction and Conclusion   
8              Accuracy and Completeness of Citations   
9              Timeliness and Relevance of References   
10   Avoidance of Plagiarism and Appropriate Citation   
11             Critical Analysis of Existing Research   
12   Proposal of New Research Directions or Questions   
13                Potential Contribution to the Field   
14             Clarity of Research Method Description   
15                    Rationality of Method Selection   
16                           Rigor of Research Design   
17               Inclusion of Latest Research Results   
18            Reflection of Current Research Hotspots   
19                     Fluency of Language Expression   
20    Appropriateness of Professional Terminology Use   
21                          Conciseness of Expression   
22  Practical Application Potential of Research Re...   
23                Feasibility of Proposed Suggestions   
24                             Logic of Argumentation   
25                   Multi-angle Analysis of Problems   
26  Identification and Discussion of Research Limi...   

    ICC (Intraclass Correlation Coefficient) ICC 95% Confidence Interval  \
0                                   0.588210                [0.49, 0.69]   
1                                   0.938156                [0.91, 0.96]   
2                                   0.545315                [0.44, 0.66]   
3                                   0.778278                [0.71, 0.85]   
4                                   0.821420                [0.76, 0.88]   
5                                   0.849028                 [0.79, 0.9]   
6                                   0.875364                [0.83, 0.92]   
7                                   0.784117                [0.71, 0.85]   
8                                   0.670741                [0.58, 0.76]   
9                                   0.770203                 [0.7, 0.84]   
10                                  0.238915                [0.16, 0.35]   
11                                  0.792734                [0.72, 0.86]   
12                                  0.730416                [0.65, 0.81]   
13                                  0.778497                [0.71, 0.85]   
14                                  0.871767                [0.82, 0.91]   
15                                  0.866152                [0.82, 0.91]   
16                                  0.847899                 [0.79, 0.9]   
17                                  0.782719                [0.71, 0.85]   
18                                  0.828520                [0.77, 0.88]   
19                                  0.790456                [0.72, 0.85]   
20                                  0.822688                [0.76, 0.88]   
21                                  0.797176                [0.73, 0.86]   
22                                  0.806670                [0.74, 0.87]   
23                                  0.679830                [0.59, 0.77]   
24                                  0.834092                [0.78, 0.89]   
25                                  0.816664                [0.75, 0.87]   
26                                  0.762153                [0.69, 0.83]   

    Transitivity Consistency Ratio (%)  
0                            13.333333  
1                            77.564103  
2                            19.230769  
3                            84.242424  
4                            72.435897  
5                            74.468085  
6                            75.000000  
7                            78.378378  
8                            45.454545  
9                            73.076923  
10                           21.052632  
11                           83.636364  
12                           83.974359  
13                           83.636364  
14                           72.027972  
15                           75.000000  
16                           73.648649  
17                           73.076923  
18                           73.333333  
19                           75.641026  
20                           76.351351  
21                           76.351351  
22                           84.242424  
23                           81.012658  
24                           78.378378  
25                           75.641026  
26                           73.076923  

Results have been saved to 'reliability_analysis.csv'
Author
10     0.000000
4     18.774903
3     22.606670
6     26.447816
7     33.025542
8     63.508976
2     68.865831
0     85.771509
5     93.207818
1     93.213386
9     97.249156
Name: Score, dtype: float64

Results have been saved to 'pagerank_results_balanced.csv'
Combined Results:
                                          Subcategory  \
0                                     Topic Relevance   
1                    Comprehensiveness of Information   
2                             Accuracy of Information   
3                        Innovativeness of Viewpoints   
4       Integration of Interdisciplinary Perspectives   
5                        Clarity of Logical Structure   
6               Reasonableness of Chapter Arrangement   
7              Quality of Introduction and Conclusion   
8              Accuracy and Completeness of Citations   
9              Timeliness and Relevance of References   
10   Avoidance of Plagiarism and Appropriate Citation   
11             Critical Analysis of Existing Research   
12   Proposal of New Research Directions or Questions   
13                Potential Contribution to the Field   
14             Clarity of Research Method Description   
15                    Rationality of Method Selection   
16                           Rigor of Research Design   
17               Inclusion of Latest Research Results   
18            Reflection of Current Research Hotspots   
19                     Fluency of Language Expression   
20    Appropriateness of Professional Terminology Use   
21                          Conciseness of Expression   
22  Practical Application Potential of Research Re...   
23                Feasibility of Proposed Suggestions   
24                             Logic of Argumentation   
25                   Multi-angle Analysis of Problems   
26  Identification and Discussion of Research Limi...   

    ICC (Intraclass Correlation Coefficient) ICC 95% Confidence Interval  \
0                                   0.588210                [0.49, 0.69]   
1                                   0.938156                [0.91, 0.96]   
2                                   0.545315                [0.44, 0.66]   
3                                   0.778278                [0.71, 0.85]   
4                                   0.821420                [0.76, 0.88]   
5                                   0.849028                 [0.79, 0.9]   
6                                   0.875364                [0.83, 0.92]   
7                                   0.784117                [0.71, 0.85]   
8                                   0.670741                [0.58, 0.76]   
9                                   0.770203                 [0.7, 0.84]   
10                                  0.238915                [0.16, 0.35]   
11                                  0.792734                [0.72, 0.86]   
12                                  0.730416                [0.65, 0.81]   
13                                  0.778497                [0.71, 0.85]   
14                                  0.871767                [0.82, 0.91]   
15                                  0.866152                [0.82, 0.91]   
16                                  0.847899                 [0.79, 0.9]   
17                                  0.782719                [0.71, 0.85]   
18                                  0.828520                [0.77, 0.88]   
19                                  0.790456                [0.72, 0.85]   
20                                  0.822688                [0.76, 0.88]   
21                                  0.797176                [0.73, 0.86]   
22                                  0.806670                [0.74, 0.87]   
23                                  0.679830                [0.59, 0.77]   
24                                  0.834092                [0.78, 0.89]   
25                                  0.816664                [0.75, 0.87]   
26                                  0.762153                [0.69, 0.83]   

    Transitivity Consistency Ratio (%)  
0                            13.333333  
1                            77.564103  
2                            19.230769  
3                            84.242424  
4                            72.435897  
5                            74.468085  
6                            75.000000  
7                            78.378378  
8                            45.454545  
9                            73.076923  
10                           21.052632  
11                           83.636364  
12                           83.974359  
13                           83.636364  
14                           72.027972  
15                           75.000000  
16                           73.648649  
17                           73.076923  
18                           73.333333  
19                           75.641026  
20                           76.351351  
21                           76.351351  
22                           84.242424  
23                           81.012658  
24                           78.378378  
25                           75.641026  
26                           73.076923  

Results have been saved to 'reliability_analysis.csv'
