Author
8       1.018356
3       1.312102
7       1.485134
4       3.418880
5      11.185645
10     14.274733
6      18.163169
0      19.203742
1      65.084657
2      68.651649
9     100.000000
Name: Score, dtype: float64

Results have been saved to 'pagerank_results_balanced.csv'
Combined Results:
                                          Subcategory  \
0                                     Topic Relevance   
1                    Comprehensiveness of Information   
2                             Accuracy of Information   
3                        Innovativeness of Viewpoints   
4       Integration of Interdisciplinary Perspectives   
5                        Clarity of Logical Structure   
6               Reasonableness of Chapter Arrangement   
7              Quality of Introduction and Conclusion   
8              Accuracy and Completeness of Citations   
9              Timeliness and Relevance of References   
10   Avoidance of Plagiarism and Appropriate Citation   
11             Critical Analysis of Existing Research   
12   Proposal of New Research Directions or Questions   
13                Potential Contribution to the Field   
14             Clarity of Research Method Description   
15                    Rationality of Method Selection   
16                           Rigor of Research Design   
17               Inclusion of Latest Research Results   
18            Reflection of Current Research Hotspots   
19                     Fluency of Language Expression   
20    Appropriateness of Professional Terminology Use   
21                          Conciseness of Expression   
22  Practical Application Potential of Research Re...   
23                Feasibility of Proposed Suggestions   
24                             Logic of Argumentation   
25                   Multi-angle Analysis of Problems   
26  Identification and Discussion of Research Limi...   

    ICC (Intraclass Correlation Coefficient) ICC 95% Confidence Interval  \
0                                   0.536870                [0.43, 0.65]   
1                                   0.868608                [0.82, 0.91]   
2                                   0.568151                [0.47, 0.68]   
3                                   0.839572                [0.78, 0.89]   
4                                   0.847747                 [0.79, 0.9]   
5                                   0.821879                [0.76, 0.88]   
6                                   0.811539                [0.75, 0.87]   
7                                   0.798653                [0.73, 0.86]   
8                                   0.691385                 [0.6, 0.78]   
9                                   0.848810                 [0.79, 0.9]   
10                                  0.490358                [0.39, 0.61]   
11                                  0.847671                 [0.79, 0.9]   
12                                  0.810891                [0.75, 0.87]   
13                                  0.850038                  [0.8, 0.9]   
14                                  0.808319                [0.74, 0.87]   
15                                  0.823824                [0.76, 0.88]   
16                                  0.809956                [0.74, 0.87]   
17                                  0.845225                [0.79, 0.89]   
18                                  0.835272                [0.78, 0.89]   
19                                  0.776724                 [0.7, 0.84]   
20                                  0.733516                [0.65, 0.81]   
21                                  0.745936                [0.67, 0.82]   
22                                  0.846309                 [0.79, 0.9]   
23                                  0.837967                [0.78, 0.89]   
24                                  0.798437                [0.73, 0.86]   
25                                  0.839624                [0.78, 0.89]   
26                                  0.830128                [0.77, 0.88]   

    Transitivity Consistency Ratio (%)  
0                            89.696970  
1                            72.727273  
2                            86.060606  
3                            72.727273  
4                            73.333333  
5                            70.909091  
6                            70.909091  
7                            70.909091  
8                            84.848485  
9                            73.333333  
10                           88.484848  
11                           72.727273  
12                           72.727273  
13                           72.727273  
14                           73.333333  
15                           73.333333  
16                           73.333333  
17                           73.333333  
18                           73.333333  
19                           70.909091  
20                           72.727273  
21                           71.515152  
22                           72.727273  
23                           72.727273  
24                           72.727273  
25                           73.333333  
26                           73.333333  

Results have been saved to 'reliability_analysis.csv'
Author
10     4.016083
8     11.905506
3     13.198221
7     14.490137
4     23.548113
5     38.164792
6     48.168638
0     50.131776
1     77.575719
2     79.865885
9     98.119918
Name: Score, dtype: float64

Results have been saved to 'pagerank_results_balanced.csv'
Combined Results:
                                          Subcategory  \
0                                     Topic Relevance   
1                    Comprehensiveness of Information   
2                             Accuracy of Information   
3                        Innovativeness of Viewpoints   
4       Integration of Interdisciplinary Perspectives   
5                        Clarity of Logical Structure   
6               Reasonableness of Chapter Arrangement   
7              Quality of Introduction and Conclusion   
8              Accuracy and Completeness of Citations   
9              Timeliness and Relevance of References   
10   Avoidance of Plagiarism and Appropriate Citation   
11             Critical Analysis of Existing Research   
12   Proposal of New Research Directions or Questions   
13                Potential Contribution to the Field   
14             Clarity of Research Method Description   
15                    Rationality of Method Selection   
16                           Rigor of Research Design   
17               Inclusion of Latest Research Results   
18            Reflection of Current Research Hotspots   
19                     Fluency of Language Expression   
20    Appropriateness of Professional Terminology Use   
21                          Conciseness of Expression   
22  Practical Application Potential of Research Re...   
23                Feasibility of Proposed Suggestions   
24                             Logic of Argumentation   
25                   Multi-angle Analysis of Problems   
26  Identification and Discussion of Research Limi...   

    ICC (Intraclass Correlation Coefficient) ICC 95% Confidence Interval  \
0                                   0.660057                [0.55, 0.76]   
1                                   0.907688                [0.87, 0.94]   
2                                   0.476432                [0.37, 0.59]   
3                                   0.870888                [0.82, 0.91]   
4                                   0.886751                [0.84, 0.92]   
5                                   0.876698                [0.83, 0.92]   
6                                   0.861048                [0.81, 0.91]   
7                                   0.884256                [0.84, 0.92]   
8                                   0.574409                [0.47, 0.68]   
9                                   0.792901                [0.72, 0.86]   
10                                  0.410870                [0.31, 0.53]   
11                                  0.874154                [0.83, 0.92]   
12                                  0.816280                [0.75, 0.87]   
13                                  0.876101                [0.83, 0.92]   
14                                  0.823036                [0.76, 0.88]   
15                                  0.836062                [0.78, 0.89]   
16                                  0.846253                 [0.79, 0.9]   
17                                  0.802510                [0.74, 0.86]   
18                                  0.876857                [0.83, 0.92]   
19                                  0.811635                [0.75, 0.87]   
20                                  0.789185                [0.72, 0.85]   
21                                  0.741402                [0.66, 0.82]   
22                                  0.861690                [0.81, 0.91]   
23                                  0.747718                [0.67, 0.82]   
24                                  0.866613                [0.82, 0.91]   
25                                  0.874125                [0.83, 0.92]   
26                                  0.808978                [0.74, 0.87]   

    Transitivity Consistency Ratio (%)  
0                            88.484848  
1                            73.939394  
2                            86.666667  
3                            74.545455  
4                            74.545455  
5                            74.545455  
6                            74.545455  
7                            74.545455  
8                            84.848485  
9                            74.545455  
10                           88.484848  
11                           74.545455  
12                           74.545455  
13                           74.545455  
14                           74.545455  
15                           74.545455  
16                           74.545455  
17                           74.545455  
18                           74.545455  
19                           74.545455  
20                           74.545455  
21                           74.545455  
22                           74.545455  
23                           74.545455  
24                           74.545455  
25                           74.545455  
26                           74.545455  

Results have been saved to 'reliability_analysis.csv'
Author
10     4.016083
8     11.905506
3     13.198221
7     14.490137
4     23.548113
5     38.164792
6     48.168638
0     50.131776
1     77.575719
2     79.865885
9     98.119918
Name: Score, dtype: float64

Results have been saved to 'pagerank_results_balanced.csv'
Combined Results:
                                          Subcategory  \
0                                     Topic Relevance   
1                    Comprehensiveness of Information   
2                             Accuracy of Information   
3                        Innovativeness of Viewpoints   
4       Integration of Interdisciplinary Perspectives   
5                        Clarity of Logical Structure   
6               Reasonableness of Chapter Arrangement   
7              Quality of Introduction and Conclusion   
8              Accuracy and Completeness of Citations   
9              Timeliness and Relevance of References   
10   Avoidance of Plagiarism and Appropriate Citation   
11             Critical Analysis of Existing Research   
12   Proposal of New Research Directions or Questions   
13                Potential Contribution to the Field   
14             Clarity of Research Method Description   
15                    Rationality of Method Selection   
16                           Rigor of Research Design   
17               Inclusion of Latest Research Results   
18            Reflection of Current Research Hotspots   
19                     Fluency of Language Expression   
20    Appropriateness of Professional Terminology Use   
21                          Conciseness of Expression   
22  Practical Application Potential of Research Re...   
23                Feasibility of Proposed Suggestions   
24                             Logic of Argumentation   
25                   Multi-angle Analysis of Problems   
26  Identification and Discussion of Research Limi...   

    ICC (Intraclass Correlation Coefficient) ICC 95% Confidence Interval  \
0                                   0.660057                [0.55, 0.76]   
1                                   0.907688                [0.87, 0.94]   
2                                   0.476432                [0.37, 0.59]   
3                                   0.870888                [0.82, 0.91]   
4                                   0.886751                [0.84, 0.92]   
5                                   0.876698                [0.83, 0.92]   
6                                   0.861048                [0.81, 0.91]   
7                                   0.884256                [0.84, 0.92]   
8                                   0.574409                [0.47, 0.68]   
9                                   0.792901                [0.72, 0.86]   
10                                  0.410870                [0.31, 0.53]   
11                                  0.874154                [0.83, 0.92]   
12                                  0.816280                [0.75, 0.87]   
13                                  0.876101                [0.83, 0.92]   
14                                  0.823036                [0.76, 0.88]   
15                                  0.836062                [0.78, 0.89]   
16                                  0.846253                 [0.79, 0.9]   
17                                  0.802510                [0.74, 0.86]   
18                                  0.876857                [0.83, 0.92]   
19                                  0.811635                [0.75, 0.87]   
20                                  0.789185                [0.72, 0.85]   
21                                  0.741402                [0.66, 0.82]   
22                                  0.861690                [0.81, 0.91]   
23                                  0.747718                [0.67, 0.82]   
24                                  0.866613                [0.82, 0.91]   
25                                  0.874125                [0.83, 0.92]   
26                                  0.808978                [0.74, 0.87]   

    Transitivity Consistency Ratio (%)  
0                            88.484848  
1                            73.939394  
2                            86.666667  
3                            74.545455  
4                            74.545455  
5                            74.545455  
6                            74.545455  
7                            74.545455  
8                            84.848485  
9                            74.545455  
10                           88.484848  
11                           74.545455  
12                           74.545455  
13                           74.545455  
14                           74.545455  
15                           74.545455  
16                           74.545455  
17                           74.545455  
18                           74.545455  
19                           74.545455  
20                           74.545455  
21                           74.545455  
22                           74.545455  
23                           74.545455  
24                           74.545455  
25                           74.545455  
26                           74.545455  

Results have been saved to 'reliability_analysis.csv'
Author
10      0.192216
8       9.983027
3      11.151691
7      12.257080
4      20.875188
5      39.315378
0      51.159967
6      51.971424
1      83.121121
2      83.208134
9     100.000000
Name: Score, dtype: float64

Results have been saved to 'pagerank_results_balanced.csv'
Combined Results:
                                          Subcategory  \
0                                     Topic Relevance   
1                    Comprehensiveness of Information   
2                             Accuracy of Information   
3                        Innovativeness of Viewpoints   
4       Integration of Interdisciplinary Perspectives   
5                        Clarity of Logical Structure   
6               Reasonableness of Chapter Arrangement   
7              Quality of Introduction and Conclusion   
8              Accuracy and Completeness of Citations   
9              Timeliness and Relevance of References   
10   Avoidance of Plagiarism and Appropriate Citation   
11             Critical Analysis of Existing Research   
12   Proposal of New Research Directions or Questions   
13                Potential Contribution to the Field   
14             Clarity of Research Method Description   
15                    Rationality of Method Selection   
16                           Rigor of Research Design   
17               Inclusion of Latest Research Results   
18            Reflection of Current Research Hotspots   
19                     Fluency of Language Expression   
20    Appropriateness of Professional Terminology Use   
21                          Conciseness of Expression   
22  Practical Application Potential of Research Re...   
23                Feasibility of Proposed Suggestions   
24                             Logic of Argumentation   
25                   Multi-angle Analysis of Problems   
26  Identification and Discussion of Research Limi...   

    ICC (Intraclass Correlation Coefficient) ICC 95% Confidence Interval  \
0                                   0.660057                [0.55, 0.76]   
1                                   0.907688                [0.87, 0.94]   
2                                   0.476432                [0.37, 0.59]   
3                                   0.870888                [0.82, 0.91]   
4                                   0.886751                [0.84, 0.92]   
5                                   0.876698                [0.83, 0.92]   
6                                   0.861048                [0.81, 0.91]   
7                                   0.884256                [0.84, 0.92]   
8                                   0.574409                [0.47, 0.68]   
9                                   0.792901                [0.72, 0.86]   
10                                  0.410870                [0.31, 0.53]   
11                                  0.874154                [0.83, 0.92]   
12                                  0.816280                [0.75, 0.87]   
13                                  0.876101                [0.83, 0.92]   
14                                  0.823036                [0.76, 0.88]   
15                                  0.836062                [0.78, 0.89]   
16                                  0.846253                 [0.79, 0.9]   
17                                  0.802510                [0.74, 0.86]   
18                                  0.876857                [0.83, 0.92]   
19                                  0.811635                [0.75, 0.87]   
20                                  0.789185                [0.72, 0.85]   
21                                  0.741402                [0.66, 0.82]   
22                                  0.861690                [0.81, 0.91]   
23                                  0.747718                [0.67, 0.82]   
24                                  0.866613                [0.82, 0.91]   
25                                  0.874125                [0.83, 0.92]   
26                                  0.808978                [0.74, 0.87]   

    Transitivity Consistency Ratio (%)  
0                            36.666667  
1                            73.939394  
2                            26.666667  
3                            74.545455  
4                            74.545455  
5                            74.545455  
6                            74.545455  
7                            74.545455  
8                            35.897436  
9                            74.545455  
10                           20.833333  
11                           74.545455  
12                           74.545455  
13                           74.545455  
14                           73.076923  
15                           74.545455  
16                           74.545455  
17                           74.545455  
18                           74.545455  
19                           74.545455  
20                           74.545455  
21                           74.545455  
22                           74.545455  
23                           74.545455  
24                           74.545455  
25                           74.545455  
26                           74.545455  

Results have been saved to 'reliability_analysis.csv'
Author
10      0.192216
8       9.983027
3      11.151691
7      12.257080
4      20.875188
5      39.315378
0      51.159967
6      51.971424
1      83.121121
2      83.208134
9     100.000000
Name: Score, dtype: float64

Results have been saved to 'pagerank_results_balanced.csv'
Combined Results:
                                          Subcategory  \
0                                     Topic Relevance   
1                    Comprehensiveness of Information   
2                             Accuracy of Information   
3                        Innovativeness of Viewpoints   
4       Integration of Interdisciplinary Perspectives   
5                        Clarity of Logical Structure   
6               Reasonableness of Chapter Arrangement   
7              Quality of Introduction and Conclusion   
8              Accuracy and Completeness of Citations   
9              Timeliness and Relevance of References   
10   Avoidance of Plagiarism and Appropriate Citation   
11             Critical Analysis of Existing Research   
12   Proposal of New Research Directions or Questions   
13                Potential Contribution to the Field   
14             Clarity of Research Method Description   
15                    Rationality of Method Selection   
16                           Rigor of Research Design   
17               Inclusion of Latest Research Results   
18            Reflection of Current Research Hotspots   
19                     Fluency of Language Expression   
20    Appropriateness of Professional Terminology Use   
21                          Conciseness of Expression   
22  Practical Application Potential of Research Re...   
23                Feasibility of Proposed Suggestions   
24                             Logic of Argumentation   
25                   Multi-angle Analysis of Problems   
26  Identification and Discussion of Research Limi...   

    ICC (Intraclass Correlation Coefficient) ICC 95% Confidence Interval  \
0                                   0.660057                [0.55, 0.76]   
1                                   0.907688                [0.87, 0.94]   
2                                   0.476432                [0.37, 0.59]   
3                                   0.870888                [0.82, 0.91]   
4                                   0.886751                [0.84, 0.92]   
5                                   0.876698                [0.83, 0.92]   
6                                   0.861048                [0.81, 0.91]   
7                                   0.884256                [0.84, 0.92]   
8                                   0.574409                [0.47, 0.68]   
9                                   0.792901                [0.72, 0.86]   
10                                  0.410870                [0.31, 0.53]   
11                                  0.874154                [0.83, 0.92]   
12                                  0.816280                [0.75, 0.87]   
13                                  0.876101                [0.83, 0.92]   
14                                  0.823036                [0.76, 0.88]   
15                                  0.836062                [0.78, 0.89]   
16                                  0.846253                 [0.79, 0.9]   
17                                  0.802510                [0.74, 0.86]   
18                                  0.876857                [0.83, 0.92]   
19                                  0.811635                [0.75, 0.87]   
20                                  0.789185                [0.72, 0.85]   
21                                  0.741402                [0.66, 0.82]   
22                                  0.861690                [0.81, 0.91]   
23                                  0.747718                [0.67, 0.82]   
24                                  0.866613                [0.82, 0.91]   
25                                  0.874125                [0.83, 0.92]   
26                                  0.808978                [0.74, 0.87]   

    Transitivity Consistency Ratio (%)  
0                            36.666667  
1                            73.939394  
2                            26.666667  
3                            74.545455  
4                            74.545455  
5                            74.545455  
6                            74.545455  
7                            74.545455  
8                            35.897436  
9                            74.545455  
10                           20.833333  
11                           74.545455  
12                           74.545455  
13                           74.545455  
14                           73.076923  
15                           74.545455  
16                           74.545455  
17                           74.545455  
18                           74.545455  
19                           74.545455  
20                           74.545455  
21                           74.545455  
22                           74.545455  
23                           74.545455  
24                           74.545455  
25                           74.545455  
26                           74.545455  

Results have been saved to 'reliability_analysis.csv'
