Author
10      0.488128
6       0.832284
3       2.246030
7       4.216908
2      13.156375
1      15.167611
4      20.140318
5      42.695254
0      60.883380
8      85.203798
9     100.000000
Name: Score, dtype: float64

Results have been saved to 'pagerank_results_balanced.csv'
Combined Results:
                                          Subcategory  \
0                                     Topic Relevance   
1                    Comprehensiveness of Information   
2                             Accuracy of Information   
3                        Innovativeness of Viewpoints   
4       Integration of Interdisciplinary Perspectives   
5                        Clarity of Logical Structure   
6               Reasonableness of Chapter Arrangement   
7              Quality of Introduction and Conclusion   
8              Accuracy and Completeness of Citations   
9              Timeliness and Relevance of References   
10   Avoidance of Plagiarism and Appropriate Citation   
11             Critical Analysis of Existing Research   
12   Proposal of New Research Directions or Questions   
13                Potential Contribution to the Field   
14             Clarity of Research Method Description   
15                    Rationality of Method Selection   
16                           Rigor of Research Design   
17               Inclusion of Latest Research Results   
18            Reflection of Current Research Hotspots   
19                     Fluency of Language Expression   
20    Appropriateness of Professional Terminology Use   
21                          Conciseness of Expression   
22  Practical Application Potential of Research Re...   
23                Feasibility of Proposed Suggestions   
24                             Logic of Argumentation   
25                   Multi-angle Analysis of Problems   
26  Identification and Discussion of Research Limi...   

    ICC (Intraclass Correlation Coefficient) ICC 95% Confidence Interval  \
0                                   0.446961                [0.35, 0.57]   
1                                   0.814058                [0.75, 0.87]   
2                                   0.232337                [0.15, 0.34]   
3                                   0.764341                [0.69, 0.83]   
4                                   0.739058                [0.66, 0.82]   
5                                   0.765892                [0.69, 0.84]   
6                                   0.768172                [0.69, 0.84]   
7                                   0.785571                [0.71, 0.85]   
8                                   0.680228                [0.59, 0.77]   
9                                   0.759871                [0.68, 0.83]   
10                                  0.248015                [0.16, 0.36]   
11                                  0.773506                 [0.7, 0.84]   
12                                  0.716136                 [0.63, 0.8]   
13                                  0.751445                [0.67, 0.83]   
14                                  0.763134                [0.69, 0.83]   
15                                  0.750103                [0.67, 0.82]   
16                                  0.755587                [0.68, 0.83]   
17                                  0.738651                [0.66, 0.82]   
18                                  0.736439                [0.66, 0.81]   
19                                  0.741914                [0.66, 0.82]   
20                                  0.711985                [0.63, 0.79]   
21                                  0.730553                [0.65, 0.81]   
22                                  0.751301                [0.67, 0.82]   
23                                  0.753197                [0.68, 0.83]   
24                                  0.770320                 [0.7, 0.84]   
25                                  0.749765                [0.67, 0.82]   
26                                  0.742626                [0.66, 0.82]   

    Transitivity Consistency Ratio (%)  
0                            86.060606  
1                            85.454545  
2                            85.454545  
3                            86.060606  
4                            85.454545  
5                            81.212121  
6                            79.393939  
7                            81.212121  
8                            84.848485  
9                            86.060606  
10                           83.030303  
11                           86.060606  
12                           86.060606  
13                           86.060606  
14                           80.606061  
15                           81.212121  
16                           85.454545  
17                           86.060606  
18                           81.212121  
19                           81.212121  
20                           80.606061  
21                           80.606061  
22                           86.060606  
23                           86.060606  
24                           80.606061  
25                           86.060606  
26                           86.060606  

Results have been saved to 'reliability_analysis.csv'
Author
10      0.288910
6       0.782122
3       2.638683
7       3.802546
2      11.373587
1      15.866909
4      19.484115
5      42.791069
0      68.797390
8      86.978308
9     100.000000
Name: Score, dtype: float64

Results have been saved to 'pagerank_results_balanced.csv'
Combined Results:
                                          Subcategory  \
0                                     Topic Relevance   
1                    Comprehensiveness of Information   
2                             Accuracy of Information   
3                        Innovativeness of Viewpoints   
4       Integration of Interdisciplinary Perspectives   
5                        Clarity of Logical Structure   
6               Reasonableness of Chapter Arrangement   
7              Quality of Introduction and Conclusion   
8              Accuracy and Completeness of Citations   
9              Timeliness and Relevance of References   
10   Avoidance of Plagiarism and Appropriate Citation   
11             Critical Analysis of Existing Research   
12   Proposal of New Research Directions or Questions   
13                Potential Contribution to the Field   
14             Clarity of Research Method Description   
15                    Rationality of Method Selection   
16                           Rigor of Research Design   
17               Inclusion of Latest Research Results   
18            Reflection of Current Research Hotspots   
19                     Fluency of Language Expression   
20    Appropriateness of Professional Terminology Use   
21                          Conciseness of Expression   
22  Practical Application Potential of Research Re...   
23                Feasibility of Proposed Suggestions   
24                             Logic of Argumentation   
25                   Multi-angle Analysis of Problems   
26  Identification and Discussion of Research Limi...   

    ICC (Intraclass Correlation Coefficient) ICC 95% Confidence Interval  \
0                                   0.446961                [0.35, 0.57]   
1                                   0.814058                [0.75, 0.87]   
2                                   0.232337                [0.15, 0.34]   
3                                   0.764341                [0.69, 0.83]   
4                                   0.739058                [0.66, 0.82]   
5                                   0.765892                [0.69, 0.84]   
6                                   0.768172                [0.69, 0.84]   
7                                   0.785571                [0.71, 0.85]   
8                                   0.680228                [0.59, 0.77]   
9                                   0.759871                [0.68, 0.83]   
10                                  0.248015                [0.16, 0.36]   
11                                  0.773506                 [0.7, 0.84]   
12                                  0.716136                 [0.63, 0.8]   
13                                  0.751445                [0.67, 0.83]   
14                                  0.763134                [0.69, 0.83]   
15                                  0.750103                [0.67, 0.82]   
16                                  0.755587                [0.68, 0.83]   
17                                  0.738651                [0.66, 0.82]   
18                                  0.736439                [0.66, 0.81]   
19                                  0.741914                [0.66, 0.82]   
20                                  0.711985                [0.63, 0.79]   
21                                  0.730553                [0.65, 0.81]   
22                                  0.751301                [0.67, 0.82]   
23                                  0.753197                [0.68, 0.83]   
24                                  0.770320                 [0.7, 0.84]   
25                                  0.749765                [0.67, 0.82]   
26                                  0.742626                [0.66, 0.82]   

    Transitivity Consistency Ratio (%)  
0                            78.703704  
1                            84.905660  
2                            40.000000  
3                            86.060606  
4                            85.454545  
5                            81.212121  
6                            79.393939  
7                            81.212121  
8                            78.448276  
9                            86.060606  
10                           50.877193  
11                           86.060606  
12                           86.060606  
13                           86.060606  
14                           80.606061  
15                           81.212121  
16                           85.454545  
17                           86.060606  
18                           81.212121  
19                           80.128205  
20                           79.874214  
21                           79.874214  
22                           86.060606  
23                           86.060606  
24                           80.606061  
25                           86.060606  
26                           86.060606  

Results have been saved to 'reliability_analysis.csv'
Author
10      0.288910
6       0.782122
3       2.638683
7       3.802546
2      11.373587
1      15.866909
4      19.484115
5      42.791069
0      68.797390
8      86.978308
9     100.000000
Name: Score, dtype: float64

Results have been saved to 'pagerank_results_balanced.csv'
Combined Results:
                                          Subcategory  \
0                                     Topic Relevance   
1                    Comprehensiveness of Information   
2                             Accuracy of Information   
3                        Innovativeness of Viewpoints   
4       Integration of Interdisciplinary Perspectives   
5                        Clarity of Logical Structure   
6               Reasonableness of Chapter Arrangement   
7              Quality of Introduction and Conclusion   
8              Accuracy and Completeness of Citations   
9              Timeliness and Relevance of References   
10   Avoidance of Plagiarism and Appropriate Citation   
11             Critical Analysis of Existing Research   
12   Proposal of New Research Directions or Questions   
13                Potential Contribution to the Field   
14             Clarity of Research Method Description   
15                    Rationality of Method Selection   
16                           Rigor of Research Design   
17               Inclusion of Latest Research Results   
18            Reflection of Current Research Hotspots   
19                     Fluency of Language Expression   
20    Appropriateness of Professional Terminology Use   
21                          Conciseness of Expression   
22  Practical Application Potential of Research Re...   
23                Feasibility of Proposed Suggestions   
24                             Logic of Argumentation   
25                   Multi-angle Analysis of Problems   
26  Identification and Discussion of Research Limi...   

    ICC (Intraclass Correlation Coefficient) ICC 95% Confidence Interval  \
0                                   0.446961                [0.35, 0.57]   
1                                   0.814058                [0.75, 0.87]   
2                                   0.232337                [0.15, 0.34]   
3                                   0.764341                [0.69, 0.83]   
4                                   0.739058                [0.66, 0.82]   
5                                   0.765892                [0.69, 0.84]   
6                                   0.768172                [0.69, 0.84]   
7                                   0.785571                [0.71, 0.85]   
8                                   0.680228                [0.59, 0.77]   
9                                   0.759871                [0.68, 0.83]   
10                                  0.248015                [0.16, 0.36]   
11                                  0.773506                 [0.7, 0.84]   
12                                  0.716136                 [0.63, 0.8]   
13                                  0.751445                [0.67, 0.83]   
14                                  0.763134                [0.69, 0.83]   
15                                  0.750103                [0.67, 0.82]   
16                                  0.755587                [0.68, 0.83]   
17                                  0.738651                [0.66, 0.82]   
18                                  0.736439                [0.66, 0.81]   
19                                  0.741914                [0.66, 0.82]   
20                                  0.711985                [0.63, 0.79]   
21                                  0.730553                [0.65, 0.81]   
22                                  0.751301                [0.67, 0.82]   
23                                  0.753197                [0.68, 0.83]   
24                                  0.770320                 [0.7, 0.84]   
25                                  0.749765                [0.67, 0.82]   
26                                  0.742626                [0.66, 0.82]   

    Transitivity Consistency Ratio (%)  
0                            78.703704  
1                            84.905660  
2                            40.000000  
3                            86.060606  
4                            85.454545  
5                            81.212121  
6                            79.393939  
7                            81.212121  
8                            78.448276  
9                            86.060606  
10                           50.877193  
11                           86.060606  
12                           86.060606  
13                           86.060606  
14                           80.606061  
15                           81.212121  
16                           85.454545  
17                           86.060606  
18                           81.212121  
19                           80.128205  
20                           79.874214  
21                           79.874214  
22                           86.060606  
23                           86.060606  
24                           80.606061  
25                           86.060606  
26                           86.060606  

Results have been saved to 'reliability_analysis.csv'
