Author
10     3.790314
1      8.969967
8     12.541950
0     15.378007
4     21.700360
5     22.350376
6     25.825360
3     71.882876
7     79.418667
2     84.164514
9     99.915953
Name: Score, dtype: float64

Results have been saved to 'pagerank_results_balanced.csv'
Combined Results:
                                          Subcategory  \
0                                     Topic Relevance   
1                    Comprehensiveness of Information   
2                             Accuracy of Information   
3                        Innovativeness of Viewpoints   
4       Integration of Interdisciplinary Perspectives   
5                        Clarity of Logical Structure   
6               Reasonableness of Chapter Arrangement   
7              Quality of Introduction and Conclusion   
8              Accuracy and Completeness of Citations   
9              Timeliness and Relevance of References   
10   Avoidance of Plagiarism and Appropriate Citation   
11             Critical Analysis of Existing Research   
12   Proposal of New Research Directions or Questions   
13                Potential Contribution to the Field   
14             Clarity of Research Method Description   
15                    Rationality of Method Selection   
16                           Rigor of Research Design   
17               Inclusion of Latest Research Results   
18            Reflection of Current Research Hotspots   
19                     Fluency of Language Expression   
20    Appropriateness of Professional Terminology Use   
21                          Conciseness of Expression   
22  Practical Application Potential of Research Re...   
23                Feasibility of Proposed Suggestions   
24                             Logic of Argumentation   
25                   Multi-angle Analysis of Problems   
26  Identification and Discussion of Research Limi...   

    ICC (Intraclass Correlation Coefficient) ICC 95% Confidence Interval  \
0                                   0.495910                [0.39, 0.61]   
1                                   0.824655                [0.76, 0.88]   
2                                   0.573260                [0.47, 0.68]   
3                                   0.641130                [0.55, 0.74]   
4                                   0.736092                [0.65, 0.82]   
5                                   0.687965                 [0.6, 0.78]   
6                                   0.678997                [0.59, 0.77]   
7                                   0.619577                [0.52, 0.72]   
8                                   0.451850                [0.35, 0.57]   
9                                   0.641779                [0.54, 0.74]   
10                                  0.191562                 [0.12, 0.3]   
11                                  0.682249                [0.59, 0.77]   
12                                  0.575155                [0.48, 0.68]   
13                                  0.683693                [0.59, 0.77]   
14                                  0.680276                [0.59, 0.77]   
15                                  0.699113                [0.61, 0.78]   
16                                  0.701585                [0.61, 0.79]   
17                                  0.649832                [0.55, 0.75]   
18                                  0.759227                [0.68, 0.83]   
19                                  0.604346                [0.51, 0.71]   
20                                  0.605720                [0.51, 0.71]   
21                                  0.537724                [0.44, 0.65]   
22                                  0.688715                 [0.6, 0.78]   
23                                  0.578176                [0.48, 0.68]   
24                                  0.640053                [0.55, 0.74]   
25                                  0.705819                [0.62, 0.79]   
26                                  0.684486                 [0.6, 0.77]   

    Transitivity Consistency Ratio (%)  
0                            94.545455  
1                            73.939394  
2                            86.666667  
3                            70.909091  
4                            73.939394  
5                            71.515152  
6                            72.727273  
7                            70.909091  
8                            85.454545  
9                            73.939394  
10                           88.484848  
11                           70.909091  
12                           72.727273  
13                           73.333333  
14                           72.727273  
15                           72.727273  
16                           72.727273  
17                           73.939394  
18                           73.333333  
19                           70.303030  
20                           73.939394  
21                           71.515152  
22                           73.333333  
23                           73.333333  
24                           72.727273  
25                           72.121212  
26                           72.727273  

Results have been saved to 'reliability_analysis.csv'
Author
10    23.232890
4     51.985374
6     55.110659
1     59.341021
8     67.649067
2     68.279735
3     68.707249
0     72.844716
9     72.858049
5     74.690241
7     79.992666
Name: Score, dtype: float64

Results have been saved to 'pagerank_results_balanced.csv'
Combined Results:
                                          Subcategory  \
0                                     Topic Relevance   
1                    Comprehensiveness of Information   
2                             Accuracy of Information   
3                        Innovativeness of Viewpoints   
4       Integration of Interdisciplinary Perspectives   
5                        Clarity of Logical Structure   
6               Reasonableness of Chapter Arrangement   
7              Quality of Introduction and Conclusion   
8              Accuracy and Completeness of Citations   
9              Timeliness and Relevance of References   
10   Avoidance of Plagiarism and Appropriate Citation   
11             Critical Analysis of Existing Research   
12   Proposal of New Research Directions or Questions   
13                Potential Contribution to the Field   
14             Clarity of Research Method Description   
15                    Rationality of Method Selection   
16                           Rigor of Research Design   
17               Inclusion of Latest Research Results   
18            Reflection of Current Research Hotspots   
19                     Fluency of Language Expression   
20    Appropriateness of Professional Terminology Use   
21                          Conciseness of Expression   
22  Practical Application Potential of Research Re...   
23                Feasibility of Proposed Suggestions   
24                             Logic of Argumentation   
25                   Multi-angle Analysis of Problems   
26  Identification and Discussion of Research Limi...   

    ICC (Intraclass Correlation Coefficient) ICC 95% Confidence Interval  \
0                                   0.643947                [0.55, 0.74]   
1                                   0.816372                [0.75, 0.87]   
2                                   0.539239                [0.44, 0.65]   
3                                   0.742487                [0.66, 0.82]   
4                                   0.792194                [0.72, 0.86]   
5                                   0.785204                [0.71, 0.85]   
6                                   0.760738                [0.68, 0.83]   
7                                   0.746345                [0.67, 0.82]   
8                                   0.506294                 [0.4, 0.62]   
9                                   0.609631                [0.51, 0.71]   
10                                  0.238401                [0.16, 0.35]   
11                                  0.723278                 [0.64, 0.8]   
12                                  0.696018                [0.61, 0.78]   
13                                  0.712226                [0.63, 0.79]   
14                                  0.651826                [0.56, 0.75]   
15                                  0.658518                [0.57, 0.75]   
16                                  0.661653                [0.57, 0.75]   
17                                  0.640481                [0.55, 0.74]   
18                                  0.703948                [0.62, 0.79]   
19                                  0.684037                [0.59, 0.77]   
20                                  0.662660                [0.57, 0.76]   
21                                  0.589764                [0.49, 0.69]   
22                                  0.674158                [0.58, 0.76]   
23                                  0.643026                [0.55, 0.74]   
24                                  0.747091                [0.67, 0.82]   
25                                  0.754865                [0.68, 0.83]   
26                                  0.660298                [0.57, 0.75]   

    Transitivity Consistency Ratio (%)  
0                            92.727273  
1                            73.939394  
2                            86.666667  
3                            70.909091  
4                            73.939394  
5                            72.727273  
6                            74.545455  
7                            72.121212  
8                            85.454545  
9                            73.939394  
10                           88.484848  
11                           70.909091  
12                           72.727273  
13                           73.333333  
14                           72.727273  
15                           72.727273  
16                           72.727273  
17                           73.939394  
18                           73.333333  
19                           72.121212  
20                           73.939394  
21                           72.121212  
22                           73.333333  
23                           73.333333  
24                           72.727273  
25                           72.727273  
26                           72.727273  

Results have been saved to 'reliability_analysis.csv'
Author
10    23.232890
4     51.985374
6     55.110659
1     59.341021
8     67.649067
2     68.279735
3     68.707249
0     72.844716
9     72.858049
5     74.690241
7     79.992666
Name: Score, dtype: float64

Results have been saved to 'pagerank_results_balanced.csv'
Combined Results:
                                          Subcategory  \
0                                     Topic Relevance   
1                    Comprehensiveness of Information   
2                             Accuracy of Information   
3                        Innovativeness of Viewpoints   
4       Integration of Interdisciplinary Perspectives   
5                        Clarity of Logical Structure   
6               Reasonableness of Chapter Arrangement   
7              Quality of Introduction and Conclusion   
8              Accuracy and Completeness of Citations   
9              Timeliness and Relevance of References   
10   Avoidance of Plagiarism and Appropriate Citation   
11             Critical Analysis of Existing Research   
12   Proposal of New Research Directions or Questions   
13                Potential Contribution to the Field   
14             Clarity of Research Method Description   
15                    Rationality of Method Selection   
16                           Rigor of Research Design   
17               Inclusion of Latest Research Results   
18            Reflection of Current Research Hotspots   
19                     Fluency of Language Expression   
20    Appropriateness of Professional Terminology Use   
21                          Conciseness of Expression   
22  Practical Application Potential of Research Re...   
23                Feasibility of Proposed Suggestions   
24                             Logic of Argumentation   
25                   Multi-angle Analysis of Problems   
26  Identification and Discussion of Research Limi...   

    ICC (Intraclass Correlation Coefficient) ICC 95% Confidence Interval  \
0                                   0.643947                [0.55, 0.74]   
1                                   0.816372                [0.75, 0.87]   
2                                   0.539239                [0.44, 0.65]   
3                                   0.742487                [0.66, 0.82]   
4                                   0.792194                [0.72, 0.86]   
5                                   0.785204                [0.71, 0.85]   
6                                   0.760738                [0.68, 0.83]   
7                                   0.746345                [0.67, 0.82]   
8                                   0.506294                 [0.4, 0.62]   
9                                   0.609631                [0.51, 0.71]   
10                                  0.238401                [0.16, 0.35]   
11                                  0.723278                 [0.64, 0.8]   
12                                  0.696018                [0.61, 0.78]   
13                                  0.712226                [0.63, 0.79]   
14                                  0.651826                [0.56, 0.75]   
15                                  0.658518                [0.57, 0.75]   
16                                  0.661653                [0.57, 0.75]   
17                                  0.640481                [0.55, 0.74]   
18                                  0.703948                [0.62, 0.79]   
19                                  0.684037                [0.59, 0.77]   
20                                  0.662660                [0.57, 0.76]   
21                                  0.589764                [0.49, 0.69]   
22                                  0.674158                [0.58, 0.76]   
23                                  0.643026                [0.55, 0.74]   
24                                  0.747091                [0.67, 0.82]   
25                                  0.754865                [0.68, 0.83]   
26                                  0.660298                [0.57, 0.75]   

    Transitivity Consistency Ratio (%)  
0                            92.727273  
1                            73.939394  
2                            86.666667  
3                            70.909091  
4                            73.939394  
5                            72.727273  
6                            74.545455  
7                            72.121212  
8                            85.454545  
9                            73.939394  
10                           88.484848  
11                           70.909091  
12                           72.727273  
13                           73.333333  
14                           72.727273  
15                           72.727273  
16                           72.727273  
17                           73.939394  
18                           73.333333  
19                           72.121212  
20                           73.939394  
21                           72.121212  
22                           73.333333  
23                           73.333333  
24                           72.727273  
25                           72.727273  
26                           72.727273  

Results have been saved to 'reliability_analysis.csv'
Author
10     0.000000
1     52.431852
8     61.613216
0     66.446704
5     72.976588
4     76.155727
6     79.901696
3     95.286543
7     95.642662
2     97.047154
9     99.960062
Name: Score, dtype: float64

Results have been saved to 'pagerank_results_balanced.csv'
Combined Results:
                                          Subcategory  \
0                                     Topic Relevance   
1                    Comprehensiveness of Information   
2                             Accuracy of Information   
3                        Innovativeness of Viewpoints   
4       Integration of Interdisciplinary Perspectives   
5                        Clarity of Logical Structure   
6               Reasonableness of Chapter Arrangement   
7              Quality of Introduction and Conclusion   
8              Accuracy and Completeness of Citations   
9              Timeliness and Relevance of References   
10   Avoidance of Plagiarism and Appropriate Citation   
11             Critical Analysis of Existing Research   
12   Proposal of New Research Directions or Questions   
13                Potential Contribution to the Field   
14             Clarity of Research Method Description   
15                    Rationality of Method Selection   
16                           Rigor of Research Design   
17               Inclusion of Latest Research Results   
18            Reflection of Current Research Hotspots   
19                     Fluency of Language Expression   
20    Appropriateness of Professional Terminology Use   
21                          Conciseness of Expression   
22  Practical Application Potential of Research Re...   
23                Feasibility of Proposed Suggestions   
24                             Logic of Argumentation   
25                   Multi-angle Analysis of Problems   
26  Identification and Discussion of Research Limi...   

    ICC (Intraclass Correlation Coefficient) ICC 95% Confidence Interval  \
0                                   0.643947                [0.55, 0.74]   
1                                   0.816372                [0.75, 0.87]   
2                                   0.539239                [0.44, 0.65]   
3                                   0.742487                [0.66, 0.82]   
4                                   0.792194                [0.72, 0.86]   
5                                   0.785204                [0.71, 0.85]   
6                                   0.760738                [0.68, 0.83]   
7                                   0.746345                [0.67, 0.82]   
8                                   0.506294                 [0.4, 0.62]   
9                                   0.609631                [0.51, 0.71]   
10                                  0.238401                [0.16, 0.35]   
11                                  0.723278                 [0.64, 0.8]   
12                                  0.696018                [0.61, 0.78]   
13                                  0.712226                [0.63, 0.79]   
14                                  0.651826                [0.56, 0.75]   
15                                  0.658518                [0.57, 0.75]   
16                                  0.661653                [0.57, 0.75]   
17                                  0.640481                [0.55, 0.74]   
18                                  0.703948                [0.62, 0.79]   
19                                  0.684037                [0.59, 0.77]   
20                                  0.662660                [0.57, 0.76]   
21                                  0.589764                [0.49, 0.69]   
22                                  0.674158                [0.58, 0.76]   
23                                  0.643026                [0.55, 0.74]   
24                                  0.747091                [0.67, 0.82]   
25                                  0.754865                [0.68, 0.83]   
26                                  0.660298                [0.57, 0.75]   

    Transitivity Consistency Ratio (%)  
0                            29.411765  
1                            73.939394  
2                            24.137931  
3                            70.909091  
4                            73.939394  
5                            72.727273  
6                            74.545455  
7                            72.121212  
8                            52.941176  
9                            73.939394  
10                           34.482759  
11                           70.909091  
12                           71.337580  
13                           72.151899  
14                           72.727273  
15                           72.727273  
16                           72.727273  
17                           73.939394  
18                           73.333333  
19                           72.121212  
20                           72.784810  
21                           72.121212  
22                           73.333333  
23                           73.333333  
24                           72.727273  
25                           72.727273  
26                           72.727273  

Results have been saved to 'reliability_analysis.csv'
Author
10     0.000000
1     52.431852
8     61.613216
0     66.446704
5     72.976588
4     76.155727
6     79.901696
3     95.286543
7     95.642662
2     97.047154
9     99.960062
Name: Score, dtype: float64

Results have been saved to 'pagerank_results_balanced.csv'
Combined Results:
                                          Subcategory  \
0                                     Topic Relevance   
1                    Comprehensiveness of Information   
2                             Accuracy of Information   
3                        Innovativeness of Viewpoints   
4       Integration of Interdisciplinary Perspectives   
5                        Clarity of Logical Structure   
6               Reasonableness of Chapter Arrangement   
7              Quality of Introduction and Conclusion   
8              Accuracy and Completeness of Citations   
9              Timeliness and Relevance of References   
10   Avoidance of Plagiarism and Appropriate Citation   
11             Critical Analysis of Existing Research   
12   Proposal of New Research Directions or Questions   
13                Potential Contribution to the Field   
14             Clarity of Research Method Description   
15                    Rationality of Method Selection   
16                           Rigor of Research Design   
17               Inclusion of Latest Research Results   
18            Reflection of Current Research Hotspots   
19                     Fluency of Language Expression   
20    Appropriateness of Professional Terminology Use   
21                          Conciseness of Expression   
22  Practical Application Potential of Research Re...   
23                Feasibility of Proposed Suggestions   
24                             Logic of Argumentation   
25                   Multi-angle Analysis of Problems   
26  Identification and Discussion of Research Limi...   

    ICC (Intraclass Correlation Coefficient) ICC 95% Confidence Interval  \
0                                   0.643947                [0.55, 0.74]   
1                                   0.816372                [0.75, 0.87]   
2                                   0.539239                [0.44, 0.65]   
3                                   0.742487                [0.66, 0.82]   
4                                   0.792194                [0.72, 0.86]   
5                                   0.785204                [0.71, 0.85]   
6                                   0.760738                [0.68, 0.83]   
7                                   0.746345                [0.67, 0.82]   
8                                   0.506294                 [0.4, 0.62]   
9                                   0.609631                [0.51, 0.71]   
10                                  0.238401                [0.16, 0.35]   
11                                  0.723278                 [0.64, 0.8]   
12                                  0.696018                [0.61, 0.78]   
13                                  0.712226                [0.63, 0.79]   
14                                  0.651826                [0.56, 0.75]   
15                                  0.658518                [0.57, 0.75]   
16                                  0.661653                [0.57, 0.75]   
17                                  0.640481                [0.55, 0.74]   
18                                  0.703948                [0.62, 0.79]   
19                                  0.684037                [0.59, 0.77]   
20                                  0.662660                [0.57, 0.76]   
21                                  0.589764                [0.49, 0.69]   
22                                  0.674158                [0.58, 0.76]   
23                                  0.643026                [0.55, 0.74]   
24                                  0.747091                [0.67, 0.82]   
25                                  0.754865                [0.68, 0.83]   
26                                  0.660298                [0.57, 0.75]   

    Transitivity Consistency Ratio (%)  
0                            29.411765  
1                            73.939394  
2                            24.137931  
3                            70.909091  
4                            73.939394  
5                            72.727273  
6                            74.545455  
7                            72.121212  
8                            52.941176  
9                            73.939394  
10                           34.482759  
11                           70.909091  
12                           71.337580  
13                           72.151899  
14                           72.727273  
15                           72.727273  
16                           72.727273  
17                           73.939394  
18                           73.333333  
19                           72.121212  
20                           72.784810  
21                           72.121212  
22                           73.333333  
23                           73.333333  
24                           72.727273  
25                           72.727273  
26                           72.727273  

Results have been saved to 'reliability_analysis.csv'
