Author
10     0.022086
0      2.596173
8     17.760242
7     18.345351
1     26.926215
6     29.889161
2     38.264876
4     56.205466
5     92.386334
3     92.767069
9     98.276308
Name: Score, dtype: float64

Results have been saved to 'pagerank_results_balanced.csv'
Combined Results:
                                          Subcategory  \
0                                     Topic Relevance   
1                    Comprehensiveness of Information   
2                             Accuracy of Information   
3                        Innovativeness of Viewpoints   
4       Integration of Interdisciplinary Perspectives   
5                        Clarity of Logical Structure   
6               Reasonableness of Chapter Arrangement   
7              Quality of Introduction and Conclusion   
8              Accuracy and Completeness of Citations   
9              Timeliness and Relevance of References   
10   Avoidance of Plagiarism and Appropriate Citation   
11             Critical Analysis of Existing Research   
12   Proposal of New Research Directions or Questions   
13                Potential Contribution to the Field   
14             Clarity of Research Method Description   
15                    Rationality of Method Selection   
16                           Rigor of Research Design   
17               Inclusion of Latest Research Results   
18            Reflection of Current Research Hotspots   
19                     Fluency of Language Expression   
20    Appropriateness of Professional Terminology Use   
21                          Conciseness of Expression   
22  Practical Application Potential of Research Re...   
23                Feasibility of Proposed Suggestions   
24                             Logic of Argumentation   
25                   Multi-angle Analysis of Problems   
26  Identification and Discussion of Research Limi...   

    ICC (Intraclass Correlation Coefficient) ICC 95% Confidence Interval  \
0                                   0.519193                [0.42, 0.63]   
1                                   0.817225                [0.75, 0.87]   
2                                   0.335344                [0.24, 0.45]   
3                                   0.593310                 [0.49, 0.7]   
4                                   0.701392                [0.61, 0.79]   
5                                   0.667119                [0.58, 0.76]   
6                                   0.630468                [0.53, 0.73]   
7                                   0.555814                [0.46, 0.66]   
8                                   0.680610                [0.59, 0.77]   
9                                   0.713811                 [0.63, 0.8]   
10                                  0.229278                [0.15, 0.34]   
11                                  0.658022                [0.57, 0.75]   
12                                  0.581560                [0.48, 0.69]   
13                                  0.638826                [0.54, 0.74]   
14                                  0.659872                [0.57, 0.75]   
15                                  0.644524                [0.55, 0.74]   
16                                  0.618069                [0.52, 0.72]   
17                                  0.705190                [0.62, 0.79]   
18                                  0.666037                [0.57, 0.76]   
19                                  0.540162                [0.44, 0.65]   
20                                  0.589386                [0.49, 0.69]   
21                                  0.536077                [0.43, 0.65]   
22                                  0.658423                [0.57, 0.75]   
23                                  0.631628                [0.54, 0.73]   
24                                  0.632083                [0.54, 0.73]   
25                                  0.648167                [0.55, 0.74]   
26                                  0.638231                [0.54, 0.74]   

    Transitivity Consistency Ratio (%)  
0                            82.424242  
1                            83.030303  
2                            81.212121  
3                            82.424242  
4                            84.848485  
5                            80.606061  
6                            81.818182  
7                            80.606061  
8                            83.636364  
9                            79.393939  
10                           83.030303  
11                           80.000000  
12                           84.242424  
13                           80.000000  
14                           80.606061  
15                           78.787879  
16                           80.606061  
17                           79.393939  
18                           81.212121  
19                           80.606061  
20                           82.424242  
21                           80.606061  
22                           78.181818  
23                           81.818182  
24                           78.787879  
25                           84.848485  
26                           80.000000  

Results have been saved to 'reliability_analysis.csv'
Author
10     0.033367
0      1.907919
8     15.971558
7     17.603364
6     25.776581
1     26.284895
2     37.758585
4     55.322990
3     92.792320
5     92.830148
9     98.003545
Name: Score, dtype: float64

Results have been saved to 'pagerank_results_balanced.csv'
Combined Results:
                                          Subcategory  \
0                                     Topic Relevance   
1                    Comprehensiveness of Information   
2                             Accuracy of Information   
3                        Innovativeness of Viewpoints   
4       Integration of Interdisciplinary Perspectives   
5                        Clarity of Logical Structure   
6               Reasonableness of Chapter Arrangement   
7              Quality of Introduction and Conclusion   
8              Accuracy and Completeness of Citations   
9              Timeliness and Relevance of References   
10   Avoidance of Plagiarism and Appropriate Citation   
11             Critical Analysis of Existing Research   
12   Proposal of New Research Directions or Questions   
13                Potential Contribution to the Field   
14             Clarity of Research Method Description   
15                    Rationality of Method Selection   
16                           Rigor of Research Design   
17               Inclusion of Latest Research Results   
18            Reflection of Current Research Hotspots   
19                     Fluency of Language Expression   
20    Appropriateness of Professional Terminology Use   
21                          Conciseness of Expression   
22  Practical Application Potential of Research Re...   
23                Feasibility of Proposed Suggestions   
24                             Logic of Argumentation   
25                   Multi-angle Analysis of Problems   
26  Identification and Discussion of Research Limi...   

    ICC (Intraclass Correlation Coefficient) ICC 95% Confidence Interval  \
0                                   0.519193                [0.42, 0.63]   
1                                   0.817225                [0.75, 0.87]   
2                                   0.335344                [0.24, 0.45]   
3                                   0.593310                 [0.49, 0.7]   
4                                   0.701392                [0.61, 0.79]   
5                                   0.667119                [0.58, 0.76]   
6                                   0.630468                [0.53, 0.73]   
7                                   0.555814                [0.46, 0.66]   
8                                   0.680610                [0.59, 0.77]   
9                                   0.713811                 [0.63, 0.8]   
10                                  0.229278                [0.15, 0.34]   
11                                  0.658022                [0.57, 0.75]   
12                                  0.581560                [0.48, 0.69]   
13                                  0.638826                [0.54, 0.74]   
14                                  0.659872                [0.57, 0.75]   
15                                  0.644524                [0.55, 0.74]   
16                                  0.618069                [0.52, 0.72]   
17                                  0.705190                [0.62, 0.79]   
18                                  0.666037                [0.57, 0.76]   
19                                  0.540162                [0.44, 0.65]   
20                                  0.589386                [0.49, 0.69]   
21                                  0.536077                [0.43, 0.65]   
22                                  0.658423                [0.57, 0.75]   
23                                  0.631628                [0.54, 0.73]   
24                                  0.632083                [0.54, 0.73]   
25                                  0.648167                [0.55, 0.74]   
26                                  0.638231                [0.54, 0.74]   

    Transitivity Consistency Ratio (%)  
0                            82.424242  
1                            83.030303  
2                            61.250000  
3                            82.424242  
4                            84.848485  
5                            80.606061  
6                            81.818182  
7                            80.606061  
8                            77.500000  
9                            79.393939  
10                           65.000000  
11                           80.000000  
12                           84.242424  
13                           80.000000  
14                           79.487179  
15                           78.787879  
16                           80.606061  
17                           79.393939  
18                           81.212121  
19                           80.606061  
20                           82.424242  
21                           80.606061  
22                           78.181818  
23                           80.263158  
24                           78.787879  
25                           84.848485  
26                           80.000000  

Results have been saved to 'reliability_analysis.csv'
Author
10     0.033367
0      1.907919
8     15.971558
7     17.603364
6     25.776581
1     26.284895
2     37.758585
4     55.322990
3     92.792320
5     92.830148
9     98.003545
Name: Score, dtype: float64

Results have been saved to 'pagerank_results_balanced.csv'
Combined Results:
                                          Subcategory  \
0                                     Topic Relevance   
1                    Comprehensiveness of Information   
2                             Accuracy of Information   
3                        Innovativeness of Viewpoints   
4       Integration of Interdisciplinary Perspectives   
5                        Clarity of Logical Structure   
6               Reasonableness of Chapter Arrangement   
7              Quality of Introduction and Conclusion   
8              Accuracy and Completeness of Citations   
9              Timeliness and Relevance of References   
10   Avoidance of Plagiarism and Appropriate Citation   
11             Critical Analysis of Existing Research   
12   Proposal of New Research Directions or Questions   
13                Potential Contribution to the Field   
14             Clarity of Research Method Description   
15                    Rationality of Method Selection   
16                           Rigor of Research Design   
17               Inclusion of Latest Research Results   
18            Reflection of Current Research Hotspots   
19                     Fluency of Language Expression   
20    Appropriateness of Professional Terminology Use   
21                          Conciseness of Expression   
22  Practical Application Potential of Research Re...   
23                Feasibility of Proposed Suggestions   
24                             Logic of Argumentation   
25                   Multi-angle Analysis of Problems   
26  Identification and Discussion of Research Limi...   

    ICC (Intraclass Correlation Coefficient) ICC 95% Confidence Interval  \
0                                   0.519193                [0.42, 0.63]   
1                                   0.817225                [0.75, 0.87]   
2                                   0.335344                [0.24, 0.45]   
3                                   0.593310                 [0.49, 0.7]   
4                                   0.701392                [0.61, 0.79]   
5                                   0.667119                [0.58, 0.76]   
6                                   0.630468                [0.53, 0.73]   
7                                   0.555814                [0.46, 0.66]   
8                                   0.680610                [0.59, 0.77]   
9                                   0.713811                 [0.63, 0.8]   
10                                  0.229278                [0.15, 0.34]   
11                                  0.658022                [0.57, 0.75]   
12                                  0.581560                [0.48, 0.69]   
13                                  0.638826                [0.54, 0.74]   
14                                  0.659872                [0.57, 0.75]   
15                                  0.644524                [0.55, 0.74]   
16                                  0.618069                [0.52, 0.72]   
17                                  0.705190                [0.62, 0.79]   
18                                  0.666037                [0.57, 0.76]   
19                                  0.540162                [0.44, 0.65]   
20                                  0.589386                [0.49, 0.69]   
21                                  0.536077                [0.43, 0.65]   
22                                  0.658423                [0.57, 0.75]   
23                                  0.631628                [0.54, 0.73]   
24                                  0.632083                [0.54, 0.73]   
25                                  0.648167                [0.55, 0.74]   
26                                  0.638231                [0.54, 0.74]   

    Transitivity Consistency Ratio (%)  
0                            82.424242  
1                            83.030303  
2                            61.250000  
3                            82.424242  
4                            84.848485  
5                            80.606061  
6                            81.818182  
7                            80.606061  
8                            77.500000  
9                            79.393939  
10                           65.000000  
11                           80.000000  
12                           84.242424  
13                           80.000000  
14                           79.487179  
15                           78.787879  
16                           80.606061  
17                           79.393939  
18                           81.212121  
19                           80.606061  
20                           82.424242  
21                           80.606061  
22                           78.181818  
23                           80.263158  
24                           78.787879  
25                           84.848485  
26                           80.000000  

Results have been saved to 'reliability_analysis.csv'
